[I 2026-02-24 02:04:59,539] A new study created in RDB with name: adaptive_with_temporal
Loading annotations and video...
Starting optimization for study 'adaptive_with_temporal'
Using temporal detector: True
Database: optuna_adaptive_with_temporal.db
Number of trials: 25

To run in parallel, execute this same command in multiple terminals.
--------------------------------------------------------------------------------
  0%|          | 0/25 [00:00<?, ?it/s]                                        0%|          | 0/25 [07:15<?, ?it/s]Best trial: 0. Best value: 0.403799:   0%|          | 0/25 [07:15<?, ?it/s]Best trial: 0. Best value: 0.403799:   4%|▍         | 1/25 [07:15<2:54:02, 435.12s/it]                                                                                      Best trial: 0. Best value: 0.403799:   4%|▍         | 1/25 [16:57<2:54:02, 435.12s/it]Best trial: 12. Best value: 0.59836:   4%|▍         | 1/25 [16:57<2:54:02, 435.12s/it]Best trial: 12. Best value: 0.59836:   8%|▊         | 2/25 [16:57<3:19:57, 521.63s/it]                                                                                      Best trial: 12. Best value: 0.59836:   8%|▊         | 2/25 [25:34<3:19:57, 521.63s/it]Best trial: 12. Best value: 0.59836:   8%|▊         | 2/25 [25:34<3:19:57, 521.63s/it]Best trial: 12. Best value: 0.59836:  12%|█▏        | 3/25 [25:34<3:10:27, 519.43s/it]                                                                                      Best trial: 12. Best value: 0.59836:  12%|█▏        | 3/25 [32:43<3:10:27, 519.43s/it]Best trial: 27. Best value: 0.621864:  12%|█▏        | 3/25 [32:43<3:10:27, 519.43s/it]Best trial: 27. Best value: 0.621864:  16%|█▌        | 4/25 [32:43<2:49:23, 483.99s/it]                                                                                       creating index...
index created!
Loading and preparing results...
DONE (t=0.01s)
creating index...
index created!
Running per image evaluation...
Evaluate annotation type *bbox*
DONE (t=2.08s).
Accumulating evaluation results...
DONE (t=0.26s).
 Average Precision  (AP) @[ IoU=0.50:0.95 | area=   all | maxDets=100 ] = 0.167
 Average Precision  (AP) @[ IoU=0.50      | area=   all | maxDets=100 ] = 0.404
 Average Precision  (AP) @[ IoU=0.75      | area=   all | maxDets=100 ] = 0.109
 Average Precision  (AP) @[ IoU=0.50:0.95 | area= small | maxDets=100 ] = -1.000
 Average Precision  (AP) @[ IoU=0.50:0.95 | area=medium | maxDets=100 ] = 0.066
 Average Precision  (AP) @[ IoU=0.50:0.95 | area= large | maxDets=100 ] = 0.309
 Average Recall     (AR) @[ IoU=0.50:0.95 | area=   all | maxDets=  1 ] = 0.157
 Average Recall     (AR) @[ IoU=0.50:0.95 | area=   all | maxDets= 10 ] = 0.278
 Average Recall     (AR) @[ IoU=0.50:0.95 | area=   all | maxDets=100 ] = 0.278
 Average Recall     (AR) @[ IoU=0.50:0.95 | area= small | maxDets=100 ] = -1.000
 Average Recall     (AR) @[ IoU=0.50:0.95 | area=medium | maxDets=100 ] = 0.142
 Average Recall     (AR) @[ IoU=0.50:0.95 | area= large | maxDets=100 ] = 0.435
[I 2026-02-24 02:12:14,653] Trial 0 finished with value: 0.4037988571646059 and parameters: {'alpha': 3.817280655058275, 'mean_rho': 0.21530229893436828, 'variance_rho': 0.1376798268349573, 'std_bias': 1.5113555402769396, 'hue_threshold': 20.95298719401045, 'value_ratio_min': 0.4868429647212621, 'value_ratio_max': 0.8578522369372095, 'saturation_diff_threshold': 32.72363387238841}. Best is trial 0 with value: 0.4037988571646059.
creating index...
index created!
Loading and preparing results...
DONE (t=0.03s)
creating index...
index created!
Running per image evaluation...
Evaluate annotation type *bbox*
DONE (t=2.90s).
Accumulating evaluation results...
DONE (t=0.64s).
 Average Precision  (AP) @[ IoU=0.50:0.95 | area=   all | maxDets=100 ] = 0.025
 Average Precision  (AP) @[ IoU=0.50      | area=   all | maxDets=100 ] = 0.079
 Average Precision  (AP) @[ IoU=0.75      | area=   all | maxDets=100 ] = 0.009
 Average Precision  (AP) @[ IoU=0.50:0.95 | area= small | maxDets=100 ] = -1.000
 Average Precision  (AP) @[ IoU=0.50:0.95 | area=medium | maxDets=100 ] = 0.010
 Average Precision  (AP) @[ IoU=0.50:0.95 | area= large | maxDets=100 ] = 0.048
 Average Recall     (AR) @[ IoU=0.50:0.95 | area=   all | maxDets=  1 ] = 0.069
 Average Recall     (AR) @[ IoU=0.50:0.95 | area=   all | maxDets= 10 ] = 0.126
 Average Recall     (AR) @[ IoU=0.50:0.95 | area=   all | maxDets=100 ] = 0.126
 Average Recall     (AR) @[ IoU=0.50:0.95 | area= small | maxDets=100 ] = -1.000
 Average Recall     (AR) @[ IoU=0.50:0.95 | area=medium | maxDets=100 ] = 0.102
 Average Recall     (AR) @[ IoU=0.50:0.95 | area= large | maxDets=100 ] = 0.153
[I 2026-02-24 02:21:56,831] Trial 8 finished with value: 0.0791692472385785 and parameters: {'alpha': 4.605730798327981, 'mean_rho': 0.1260667972144254, 'variance_rho': 0.37251925374767036, 'std_bias': 0.6031520069912932, 'hue_threshold': 18.008413279968334, 'value_ratio_min': 0.6899795908255894, 'value_ratio_max': 0.9047432887411766, 'saturation_diff_threshold': 43.345729967868486}. Best is trial 12 with value: 0.5983602105526338.
creating index...
index created!
Loading and preparing results...
DONE (t=0.03s)
creating index...
index created!
Running per image evaluation...
Evaluate annotation type *bbox*
DONE (t=2.86s).
Accumulating evaluation results...
DONE (t=0.43s).
 Average Precision  (AP) @[ IoU=0.50:0.95 | area=   all | maxDets=100 ] = 0.095
 Average Precision  (AP) @[ IoU=0.50      | area=   all | maxDets=100 ] = 0.276
 Average Precision  (AP) @[ IoU=0.75      | area=   all | maxDets=100 ] = 0.046
 Average Precision  (AP) @[ IoU=0.50:0.95 | area= small | maxDets=100 ] = -1.000
 Average Precision  (AP) @[ IoU=0.50:0.95 | area=medium | maxDets=100 ] = 0.046
 Average Precision  (AP) @[ IoU=0.50:0.95 | area= large | maxDets=100 ] = 0.191
 Average Recall     (AR) @[ IoU=0.50:0.95 | area=   all | maxDets=  1 ] = 0.124
 Average Recall     (AR) @[ IoU=0.50:0.95 | area=   all | maxDets= 10 ] = 0.266
 Average Recall     (AR) @[ IoU=0.50:0.95 | area=   all | maxDets=100 ] = 0.266
 Average Recall     (AR) @[ IoU=0.50:0.95 | area= small | maxDets=100 ] = -1.000
 Average Recall     (AR) @[ IoU=0.50:0.95 | area=medium | maxDets=100 ] = 0.238
 Average Recall     (AR) @[ IoU=0.50:0.95 | area= large | maxDets=100 ] = 0.300
[I 2026-02-24 02:30:33,652] Trial 20 finished with value: 0.2764346398014817 and parameters: {'alpha': 2.099139381457329, 'mean_rho': 0.3949269040968978, 'variance_rho': 0.29216682928816906, 'std_bias': 3.4757731354300017, 'hue_threshold': 5.257308892170107, 'value_ratio_min': 0.3480225093597788, 'value_ratio_max': 0.8025577140567256, 'saturation_diff_threshold': 17.429288051814186}. Best is trial 12 with value: 0.5983602105526338.
creating index...
index created!
Loading and preparing results...
DONE (t=0.01s)
creating index...
index created!
Running per image evaluation...
Evaluate annotation type *bbox*
DONE (t=1.78s).
Accumulating evaluation results...
DONE (t=0.30s).
 Average Precision  (AP) @[ IoU=0.50:0.95 | area=   all | maxDets=100 ] = 0.319
 Average Precision  (AP) @[ IoU=0.50      | area=   all | maxDets=100 ] = 0.622
 Average Precision  (AP) @[ IoU=0.75      | area=   all | maxDets=100 ] = 0.304
 Average Precision  (AP) @[ IoU=0.50:0.95 | area= small | maxDets=100 ] = -1.000
 Average Precision  (AP) @[ IoU=0.50:0.95 | area=medium | maxDets=100 ] = 0.182
 Average Precision  (AP) @[ IoU=0.50:0.95 | area= large | maxDets=100 ] = 0.481
 Average Recall     (AR) @[ IoU=0.50:0.95 | area=   all | maxDets=  1 ] = 0.225
 Average Recall     (AR) @[ IoU=0.50:0.95 | area=   all | maxDets= 10 ] = 0.429
 Average Recall     (AR) @[ IoU=0.50:0.95 | area=   all | maxDets=100 ] = 0.429
 Average Recall     (AR) @[ IoU=0.50:0.95 | area= small | maxDets=100 ] = -1.000
 Average Recall     (AR) @[ IoU=0.50:0.95 | area=medium | maxDets=100 ] = 0.288
 Average Recall     (AR) @[ IoU=0.50:0.95 | area= large | maxDets=100 ] = 0.593
[I 2026-02-24 02:37:43,308] Trial 27 finished with value: 0.6218635226564296 and parameters: {'alpha': 2.706947526434177, 'mean_rho': 0.09386783438747677, 'variance_rho': 0.054880645064212995, 'std_bias': 2.3801846146275, 'hue_threshold': 29.681369155146395, 'value_ratio_min': 0.39475034114322705, 'value_ratio_max': 0.9457010652714626, 'saturation_diff_threshold': 20.724715698721297}. Best is trial 27 with value: 0.6218635226564296.
creating index...
index created!
Loading and preparing results...
DONE (t=0.01s)
creating index...
index created!
Running per image evaluation...
Evaluate annotation type *bbox*
DONE (t=1.67s).
Accumulating evaluation results...
DONE (t=0.27s).
 Average Precision  (AP) @[ IoU=0.50:0.95 | area=   all | maxDets=100 ] = 0.224
 Average Precision  (AP) @[ IoU=0.50      | area=   all | maxDets=100 ] = 0.465
 Average Precision  (AP) @[ IoU=0.75      | area=   all | maxDets=100 ] = 0.184
 Average Precision  (AP) @[ IoU=0.50:0.95 | area= small | maxDets=100 ] = -1.000
 Average Precision  (AP) @[ IoU=0.50:0.95 | area=medium | maxDets=100 ] = 0.087
 Average Precision  (AP) @[ IoU=0.50:0.95 | area= large | maxDets=100 ] = 0.404
 Average Recall     (AR) @[ IoU=0.50:0.95 | area=   all | maxDets=  1 ] = 0.182
 Average Recall     (AR) @[ IoU=0.50:0.95 | area=   all | maxDets= 10 ] = 0.329
 Average Recall     (AR) @[ IoU=0.50:0.95 | area=   all | maxDets=100 ] = 0.329
 Average Recall     (AR) @[ IoU=0.50:0.95 | area= small | maxDets=100 ] = -1.000
 Average Recall     (AR) @[ IoU=0.50:0.95 | area=medium | maxDets=100 ] = 0.165
 Average Recall     (AR) @[ IoU=0.50:0.95 | area= large | maxDets=100 ] = 0.519
[I 2026-02-24 02:45:13,712] Trial 33 finished with value: 0.464652843476226 and parameters: {'alpha': 2.9795699966221787, 'mean_rho': 0.07949024550464574, 'variance_rho': 0.1469923418070411, 'std_bias': 2.757658277991247, 'hue_threshold': 26.966026292257233, 'value_ratio_min': 0.4130833173361316, 'value_ratio_max': 0.8813245776014722, 'saturation_diff_threshold': 22.063892578583893}. Best is trial 27 with value: 0.6218635226564296.Best trial: 27. Best value: 0.621864:  16%|█▌        | 4/25 [40:14<2:49:23, 483.99s/it]Best trial: 27. Best value: 0.621864:  16%|█▌        | 4/25 [40:14<2:49:23, 483.99s/it]Best trial: 27. Best value: 0.621864:  20%|██        | 5/25 [40:14<2:37:17, 471.87s/it]                                                                                       Best trial: 27. Best value: 0.621864:  20%|██        | 5/25 [47:29<2:37:17, 471.87s/it]Best trial: 27. Best value: 0.621864:  20%|██        | 5/25 [47:29<2:37:17, 471.87s/it]Best trial: 27. Best value: 0.621864:  24%|██▍       | 6/25 [47:29<2:25:26, 459.30s/it]                                                                                       Best trial: 27. Best value: 0.621864:  24%|██▍       | 6/25 [56:45<2:25:26, 459.30s/it]Best trial: 27. Best value: 0.621864:  24%|██▍       | 6/25 [56:45<2:25:26, 459.30s/it]Best trial: 27. Best value: 0.621864:  28%|██▊       | 7/25 [56:45<2:27:20, 491.13s/it]                                                                                       Best trial: 27. Best value: 0.621864:  28%|██▊       | 7/25 [1:04:13<2:27:20, 491.13s/it]Best trial: 27. Best value: 0.621864:  28%|██▊       | 7/25 [1:04:13<2:27:20, 491.13s/it]Best trial: 27. Best value: 0.621864:  32%|███▏      | 8/25 [1:04:13<2:15:13, 477.27s/it]                                                                                         Best trial: 27. Best value: 0.621864:  32%|███▏      | 8/25 [1:12:02<2:15:13, 477.27s/it]Best trial: 27. Best value: 0.621864:  32%|███▏      | 8/25 [1:12:02<2:15:13, 477.27s/it]Best trial: 27. Best value: 0.621864:  36%|███▌      | 9/25 [1:12:02<2:06:35, 474.69s/it]                                                                                         
creating index...
index created!
Loading and preparing results...
DONE (t=0.01s)
creating index...
index created!
Running per image evaluation...
Evaluate annotation type *bbox*
DONE (t=1.30s).
Accumulating evaluation results...
DONE (t=0.27s).
 Average Precision  (AP) @[ IoU=0.50:0.95 | area=   all | maxDets=100 ] = 0.109
 Average Precision  (AP) @[ IoU=0.50      | area=   all | maxDets=100 ] = 0.261
 Average Precision  (AP) @[ IoU=0.75      | area=   all | maxDets=100 ] = 0.073
 Average Precision  (AP) @[ IoU=0.50:0.95 | area= small | maxDets=100 ] = -1.000
 Average Precision  (AP) @[ IoU=0.50:0.95 | area=medium | maxDets=100 ] = 0.049
 Average Precision  (AP) @[ IoU=0.50:0.95 | area= large | maxDets=100 ] = 0.195
 Average Recall     (AR) @[ IoU=0.50:0.95 | area=   all | maxDets=  1 ] = 0.123
 Average Recall     (AR) @[ IoU=0.50:0.95 | area=   all | maxDets= 10 ] = 0.209
 Average Recall     (AR) @[ IoU=0.50:0.95 | area=   all | maxDets=100 ] = 0.209
 Average Recall     (AR) @[ IoU=0.50:0.95 | area= small | maxDets=100 ] = -1.000
 Average Recall     (AR) @[ IoU=0.50:0.95 | area=medium | maxDets=100 ] = 0.109
 Average Recall     (AR) @[ IoU=0.50:0.95 | area= large | maxDets=100 ] = 0.324
[I 2026-02-24 02:52:28,586] Trial 41 finished with value: 0.26067735010210863 and parameters: {'alpha': 3.9432546135990694, 'mean_rho': 0.24425500107872766, 'variance_rho': 0.13840682723330655, 'std_bias': 3.139536997545529, 'hue_threshold': 25.184418950463666, 'value_ratio_min': 0.4298338685358921, 'value_ratio_max': 0.9201431141717652, 'saturation_diff_threshold': 32.46970184979763}. Best is trial 27 with value: 0.6218635226564296.
creating index...
index created!
Loading and preparing results...
DONE (t=0.04s)
creating index...
index created!
Running per image evaluation...
Evaluate annotation type *bbox*
DONE (t=3.06s).
Accumulating evaluation results...
DONE (t=0.63s).
 Average Precision  (AP) @[ IoU=0.50:0.95 | area=   all | maxDets=100 ] = 0.098
 Average Precision  (AP) @[ IoU=0.50      | area=   all | maxDets=100 ] = 0.230
 Average Precision  (AP) @[ IoU=0.75      | area=   all | maxDets=100 ] = 0.071
 Average Precision  (AP) @[ IoU=0.50:0.95 | area= small | maxDets=100 ] = -1.000
 Average Precision  (AP) @[ IoU=0.50:0.95 | area=medium | maxDets=100 ] = 0.055
 Average Precision  (AP) @[ IoU=0.50:0.95 | area= large | maxDets=100 ] = 0.154
 Average Recall     (AR) @[ IoU=0.50:0.95 | area=   all | maxDets=  1 ] = 0.144
 Average Recall     (AR) @[ IoU=0.50:0.95 | area=   all | maxDets= 10 ] = 0.284
 Average Recall     (AR) @[ IoU=0.50:0.95 | area=   all | maxDets=100 ] = 0.284
 Average Recall     (AR) @[ IoU=0.50:0.95 | area= small | maxDets=100 ] = -1.000
 Average Recall     (AR) @[ IoU=0.50:0.95 | area=medium | maxDets=100 ] = 0.240
 Average Recall     (AR) @[ IoU=0.50:0.95 | area= large | maxDets=100 ] = 0.336
[I 2026-02-24 03:01:45,255] Trial 49 finished with value: 0.2298748541825845 and parameters: {'alpha': 2.4360330538627646, 'mean_rho': 0.2716235217847194, 'variance_rho': 0.09324028220372335, 'std_bias': 1.4424517728540964, 'hue_threshold': 27.59015664666766, 'value_ratio_min': 0.36462176428664167, 'value_ratio_max': 0.9606038210316751, 'saturation_diff_threshold': 38.29081024439343}. Best is trial 27 with value: 0.6218635226564296.
creating index...
index created!
Loading and preparing results...
DONE (t=0.01s)
creating index...
index created!
Running per image evaluation...
Evaluate annotation type *bbox*
DONE (t=1.75s).
Accumulating evaluation results...
DONE (t=0.32s).
 Average Precision  (AP) @[ IoU=0.50:0.95 | area=   all | maxDets=100 ] = 0.321
 Average Precision  (AP) @[ IoU=0.50      | area=   all | maxDets=100 ] = 0.589
 Average Precision  (AP) @[ IoU=0.75      | area=   all | maxDets=100 ] = 0.310
 Average Precision  (AP) @[ IoU=0.50:0.95 | area= small | maxDets=100 ] = -1.000
 Average Precision  (AP) @[ IoU=0.50:0.95 | area=medium | maxDets=100 ] = 0.147
 Average Precision  (AP) @[ IoU=0.50:0.95 | area= large | maxDets=100 ] = 0.534
 Average Recall     (AR) @[ IoU=0.50:0.95 | area=   all | maxDets=  1 ] = 0.227
 Average Recall     (AR) @[ IoU=0.50:0.95 | area=   all | maxDets= 10 ] = 0.428
 Average Recall     (AR) @[ IoU=0.50:0.95 | area=   all | maxDets=100 ] = 0.428
 Average Recall     (AR) @[ IoU=0.50:0.95 | area= small | maxDets=100 ] = -1.000
 Average Recall     (AR) @[ IoU=0.50:0.95 | area=medium | maxDets=100 ] = 0.241
 Average Recall     (AR) @[ IoU=0.50:0.95 | area= large | maxDets=100 ] = 0.645
[I 2026-02-24 03:09:12,845] Trial 58 finished with value: 0.5893287364516646 and parameters: {'alpha': 3.417524726325943, 'mean_rho': 0.1659504409087734, 'variance_rho': 0.035422897492420724, 'std_bias': 2.445174802883321, 'hue_threshold': 28.552448412188216, 'value_ratio_min': 0.38825203198617986, 'value_ratio_max': 0.904399107111711, 'saturation_diff_threshold': 24.99004868657942}. Best is trial 27 with value: 0.6218635226564296.
creating index...
index created!
Loading and preparing results...
DONE (t=0.01s)
creating index...
index created!
Running per image evaluation...
Evaluate annotation type *bbox*
DONE (t=1.81s).
Accumulating evaluation results...
DONE (t=0.33s).
 Average Precision  (AP) @[ IoU=0.50:0.95 | area=   all | maxDets=100 ] = 0.229
 Average Precision  (AP) @[ IoU=0.50      | area=   all | maxDets=100 ] = 0.447
 Average Precision  (AP) @[ IoU=0.75      | area=   all | maxDets=100 ] = 0.213
 Average Precision  (AP) @[ IoU=0.50:0.95 | area= small | maxDets=100 ] = -1.000
 Average Precision  (AP) @[ IoU=0.50:0.95 | area=medium | maxDets=100 ] = 0.178
 Average Precision  (AP) @[ IoU=0.50:0.95 | area= large | maxDets=100 ] = 0.312
 Average Recall     (AR) @[ IoU=0.50:0.95 | area=   all | maxDets=  1 ] = 0.170
 Average Recall     (AR) @[ IoU=0.50:0.95 | area=   all | maxDets= 10 ] = 0.338
 Average Recall     (AR) @[ IoU=0.50:0.95 | area=   all | maxDets=100 ] = 0.338
 Average Recall     (AR) @[ IoU=0.50:0.95 | area= small | maxDets=100 ] = -1.000
 Average Recall     (AR) @[ IoU=0.50:0.95 | area=medium | maxDets=100 ] = 0.282
 Average Recall     (AR) @[ IoU=0.50:0.95 | area= large | maxDets=100 ] = 0.403
[I 2026-02-24 03:17:01,867] Trial 66 finished with value: 0.44708316061060976 and parameters: {'alpha': 2.256103583746856, 'mean_rho': 0.19837460420588038, 'variance_rho': 0.010840550500341224, 'std_bias': 3.344807567042805, 'hue_threshold': 16.537123147063372, 'value_ratio_min': 0.5375940304167666, 'value_ratio_max': 0.9359963688638154, 'saturation_diff_threshold': 30.11183701729136}. Best is trial 27 with value: 0.6218635226564296.
creating index...
index created!
Loading and preparing results...
DONE (t=0.01s)
creating index...
index created!
Running per image evaluation...
Evaluate annotation type *bbox*
DONE (t=1.62s).
Accumulating evaluation results...
DONE (t=0.34s).
 Average Precision  (AP) @[ IoU=0.50:0.95 | area=   all | maxDets=100 ] = 0.223
 Average Precision  (AP) @[ IoU=0.50      | area=   all | maxDets=100 ] = 0.461
 Average Precision  (AP) @[ IoU=0.75      | area=   all | maxDets=100 ] = 0.185
 Average Precision  (AP) @[ IoU=0.50:0.95 | area= small | maxDets=100 ] = -1.000
 Average Precision  (AP) @[ IoU=0.50:0.95 | area=medium | maxDets=100 ] = 0.087
 Average Precision  (AP) @[ IoU=0.50:0.95 | area= large | maxDets=100 ] = 0.404
 Average Recall     (AR) @[ IoU=0.50:0.95 | area=   all | maxDets=  1 ] = 0.180
 Average Recall     (AR) @[ IoU=0.50:0.95 | area=   all | maxDets= 10 ] = 0.328
 Average Recall     (AR) @[ IoU=0.50:0.95 | area=   all | maxDets=100 ] = 0.328
 Average Recall     (AR) @[ IoU=0.50:0.95 | area= small | maxDets=100 ] = -1.000
 Average Recall     (AR) @[ IoU=0.50:0.95 | area=medium | maxDets=100 ] = 0.160
 Average Recall     (AR) @[ IoU=0.50:0.95 | area= large | maxDets=100 ] = 0.523
