[I 2026-02-24 04:38:18,478] Trial 152 finished with value: 0.617569718377483 and parameters: {'alpha': 2.3258423049101076, 'mean_rho': 0.00404789706866121, 'variance_rho': 0.026288630511020053, 'std_bias': 3.836411861193488, 'hue_threshold': 27.431147049506073, 'value_ratio_min': 0.5093376914719672, 'value_ratio_max': 0.9727947546800448, 'saturation_diff_threshold': 42.641941909909}. Best is trial 143 with value: 0.6274292904394109.Best trial: 143. Best value: 0.627429:  76%|███████▌  | 19/25 [2:32:42<44:31, 445.22s/it]Best trial: 143. Best value: 0.627429:  76%|███████▌  | 19/25 [2:32:42<44:31, 445.22s/it]Best trial: 143. Best value: 0.627429:  80%|████████  | 20/25 [2:32:42<37:05, 445.08s/it]                                                                                         Best trial: 143. Best value: 0.627429:  80%|████████  | 20/25 [2:40:07<37:05, 445.08s/it]Best trial: 143. Best value: 0.627429:  80%|████████  | 20/25 [2:40:07<37:05, 445.08s/it]Best trial: 143. Best value: 0.627429:  84%|████████▍ | 21/25 [2:40:07<29:40, 445.07s/it]                                                                                         Best trial: 143. Best value: 0.627429:  84%|████████▍ | 21/25 [2:47:29<29:40, 445.07s/it]Best trial: 164. Best value: 0.63127:  84%|████████▍ | 21/25 [2:47:29<29:40, 445.07s/it] Best trial: 164. Best value: 0.63127:  88%|████████▊ | 22/25 [2:47:29<22:12, 444.15s/it]                                                                                        Best trial: 164. Best value: 0.63127:  88%|████████▊ | 22/25 [2:54:48<22:12, 444.15s/it]Best trial: 174. Best value: 0.638334:  88%|████████▊ | 22/25 [2:54:48<22:12, 444.15s/it]Best trial: 174. Best value: 0.638334:  92%|█████████▏| 23/25 [2:54:48<14:44, 442.40s/it]                                                                                         Best trial: 174. Best value: 0.638334:  92%|█████████▏| 23/25 [3:02:18<14:44, 442.40s/it]Best trial: 174. Best value: 0.638334:  92%|█████████▏| 23/25 [3:02:18<14:44, 442.40s/it]Best trial: 174. Best value: 0.638334:  96%|█████████▌| 24/25 [3:02:18<07:24, 444.67s/it]                                                                                         
creating index...
index created!
Loading and preparing results...
DONE (t=0.01s)
creating index...
index created!
Running per image evaluation...
Evaluate annotation type *bbox*
DONE (t=1.79s).
Accumulating evaluation results...
DONE (t=0.32s).
 Average Precision  (AP) @[ IoU=0.50:0.95 | area=   all | maxDets=100 ] = 0.282
 Average Precision  (AP) @[ IoU=0.50      | area=   all | maxDets=100 ] = 0.557
 Average Precision  (AP) @[ IoU=0.75      | area=   all | maxDets=100 ] = 0.262
 Average Precision  (AP) @[ IoU=0.50:0.95 | area= small | maxDets=100 ] = -1.000
 Average Precision  (AP) @[ IoU=0.50:0.95 | area=medium | maxDets=100 ] = 0.158
 Average Precision  (AP) @[ IoU=0.50:0.95 | area= large | maxDets=100 ] = 0.431
 Average Recall     (AR) @[ IoU=0.50:0.95 | area=   all | maxDets=  1 ] = 0.206
 Average Recall     (AR) @[ IoU=0.50:0.95 | area=   all | maxDets= 10 ] = 0.409
 Average Recall     (AR) @[ IoU=0.50:0.95 | area=   all | maxDets=100 ] = 0.409
 Average Recall     (AR) @[ IoU=0.50:0.95 | area= small | maxDets=100 ] = -1.000
 Average Recall     (AR) @[ IoU=0.50:0.95 | area=medium | maxDets=100 ] = 0.266
 Average Recall     (AR) @[ IoU=0.50:0.95 | area= large | maxDets=100 ] = 0.574
[I 2026-02-24 04:45:43,537] Trial 160 finished with value: 0.5573402153719745 and parameters: {'alpha': 1.688621042996465, 'mean_rho': 0.007680726651370382, 'variance_rho': 0.02902420544447202, 'std_bias': 3.762597909464984, 'hue_threshold': 27.18883041736336, 'value_ratio_min': 0.5002959875581736, 'value_ratio_max': 0.9843127893587016, 'saturation_diff_threshold': 41.27068513027554}. Best is trial 143 with value: 0.6274292904394109.
creating index...
index created!
Loading and preparing results...
DONE (t=0.01s)
creating index...
index created!
Running per image evaluation...
Evaluate annotation type *bbox*
DONE (t=1.78s).
Accumulating evaluation results...
DONE (t=0.34s).
 Average Precision  (AP) @[ IoU=0.50:0.95 | area=   all | maxDets=100 ] = 0.313
 Average Precision  (AP) @[ IoU=0.50      | area=   all | maxDets=100 ] = 0.593
 Average Precision  (AP) @[ IoU=0.75      | area=   all | maxDets=100 ] = 0.299
 Average Precision  (AP) @[ IoU=0.50:0.95 | area= small | maxDets=100 ] = -1.000
 Average Precision  (AP) @[ IoU=0.50:0.95 | area=medium | maxDets=100 ] = 0.181
 Average Precision  (AP) @[ IoU=0.50:0.95 | area= large | maxDets=100 ] = 0.477
 Average Recall     (AR) @[ IoU=0.50:0.95 | area=   all | maxDets=  1 ] = 0.226
 Average Recall     (AR) @[ IoU=0.50:0.95 | area=   all | maxDets= 10 ] = 0.439
 Average Recall     (AR) @[ IoU=0.50:0.95 | area=   all | maxDets=100 ] = 0.439
 Average Recall     (AR) @[ IoU=0.50:0.95 | area= small | maxDets=100 ] = -1.000
 Average Recall     (AR) @[ IoU=0.50:0.95 | area=medium | maxDets=100 ] = 0.290
 Average Recall     (AR) @[ IoU=0.50:0.95 | area= large | maxDets=100 ] = 0.613
[I 2026-02-24 04:53:05,516] Trial 168 finished with value: 0.5934632298283636 and parameters: {'alpha': 1.987407892644241, 'mean_rho': 0.02388142676707675, 'variance_rho': 0.046678190967797684, 'std_bias': 3.516397752324204, 'hue_threshold': 29.551150874269972, 'value_ratio_min': 0.49349321810931474, 'value_ratio_max': 0.9579230467836006, 'saturation_diff_threshold': 37.719927684804034}. Best is trial 164 with value: 0.6312701611987728.
creating index...
index created!
Loading and preparing results...
DONE (t=0.01s)
creating index...
index created!
Running per image evaluation...
Evaluate annotation type *bbox*
DONE (t=1.66s).
Accumulating evaluation results...
DONE (t=0.31s).
 Average Precision  (AP) @[ IoU=0.50:0.95 | area=   all | maxDets=100 ] = 0.353
 Average Precision  (AP) @[ IoU=0.50      | area=   all | maxDets=100 ] = 0.632
 Average Precision  (AP) @[ IoU=0.75      | area=   all | maxDets=100 ] = 0.344
 Average Precision  (AP) @[ IoU=0.50:0.95 | area= small | maxDets=100 ] = -1.000
 Average Precision  (AP) @[ IoU=0.50:0.95 | area=medium | maxDets=100 ] = 0.197
 Average Precision  (AP) @[ IoU=0.50:0.95 | area= large | maxDets=100 ] = 0.544
 Average Recall     (AR) @[ IoU=0.50:0.95 | area=   all | maxDets=  1 ] = 0.237
 Average Recall     (AR) @[ IoU=0.50:0.95 | area=   all | maxDets= 10 ] = 0.466
 Average Recall     (AR) @[ IoU=0.50:0.95 | area=   all | maxDets=100 ] = 0.466
 Average Recall     (AR) @[ IoU=0.50:0.95 | area= small | maxDets=100 ] = -1.000
 Average Recall     (AR) @[ IoU=0.50:0.95 | area=medium | maxDets=100 ] = 0.299
 Average Recall     (AR) @[ IoU=0.50:0.95 | area= large | maxDets=100 ] = 0.661
[I 2026-02-24 05:00:23,848] Trial 176 finished with value: 0.6322099817672274 and parameters: {'alpha': 2.1579270202297334, 'mean_rho': 0.03141668993215955, 'variance_rho': 0.05740987149688542, 'std_bias': 3.9855610609820933, 'hue_threshold': 27.8379877715737, 'value_ratio_min': 0.5178412960927194, 'value_ratio_max': 0.973233815192895, 'saturation_diff_threshold': 38.27524365249169}. Best is trial 174 with value: 0.6383340437103443.
creating index...
index created!
Loading and preparing results...
DONE (t=0.02s)
creating index...
index created!
Running per image evaluation...
Evaluate annotation type *bbox*
DONE (t=1.88s).
Accumulating evaluation results...
DONE (t=0.37s).
 Average Precision  (AP) @[ IoU=0.50:0.95 | area=   all | maxDets=100 ] = 0.317
 Average Precision  (AP) @[ IoU=0.50      | area=   all | maxDets=100 ] = 0.580
 Average Precision  (AP) @[ IoU=0.75      | area=   all | maxDets=100 ] = 0.310
 Average Precision  (AP) @[ IoU=0.50:0.95 | area= small | maxDets=100 ] = -1.000
 Average Precision  (AP) @[ IoU=0.50:0.95 | area=medium | maxDets=100 ] = 0.187
 Average Precision  (AP) @[ IoU=0.50:0.95 | area= large | maxDets=100 ] = 0.481
 Average Recall     (AR) @[ IoU=0.50:0.95 | area=   all | maxDets=  1 ] = 0.218
 Average Recall     (AR) @[ IoU=0.50:0.95 | area=   all | maxDets= 10 ] = 0.437
 Average Recall     (AR) @[ IoU=0.50:0.95 | area=   all | maxDets=100 ] = 0.437
 Average Recall     (AR) @[ IoU=0.50:0.95 | area= small | maxDets=100 ] = -1.000
 Average Recall     (AR) @[ IoU=0.50:0.95 | area=medium | maxDets=100 ] = 0.292
 Average Recall     (AR) @[ IoU=0.50:0.95 | area= large | maxDets=100 ] = 0.605
[I 2026-02-24 05:07:53,807] Trial 184 finished with value: 0.5802241876465616 and parameters: {'alpha': 2.0898171534323753, 'mean_rho': 0.03573501384840458, 'variance_rho': 0.02117787859583619, 'std_bias': 4.179146446160813, 'hue_threshold': 27.863643927626075, 'value_ratio_min': 0.5186586975254966, 'value_ratio_max': 0.9878105853850441, 'saturation_diff_threshold': 41.72156818046867}. Best is trial 174 with value: 0.6383340437103443.
creating index...
index created!
Loading and preparing results...
DONE (t=0.01s)
creating index...
index created!
Running per image evaluation...
Evaluate annotation type *bbox*
DONE (t=1.85s).
Accumulating evaluation results...
DONE (t=0.27s).
 Average Precision  (AP) @[ IoU=0.50:0.95 | area=   all | maxDets=100 ] = 0.359
 Average Precision  (AP) @[ IoU=0.50      | area=   all | maxDets=100 ] = 0.640
 Average Precision  (AP) @[ IoU=0.75      | area=   all | maxDets=100 ] = 0.349
 Average Precision  (AP) @[ IoU=0.50:0.95 | area= small | maxDets=100 ] = -1.000
 Average Precision  (AP) @[ IoU=0.50:0.95 | area=medium | maxDets=100 ] = 0.196
 Average Precision  (AP) @[ IoU=0.50:0.95 | area= large | maxDets=100 ] = 0.561
 Average Recall     (AR) @[ IoU=0.50:0.95 | area=   all | maxDets=  1 ] = 0.236
 Average Recall     (AR) @[ IoU=0.50:0.95 | area=   all | maxDets= 10 ] = 0.471
 Average Recall     (AR) @[ IoU=0.50:0.95 | area=   all | maxDets=100 ] = 0.471
 Average Recall     (AR) @[ IoU=0.50:0.95 | area= small | maxDets=100 ] = -1.000
 Average Recall     (AR) @[ IoU=0.50:0.95 | area=medium | maxDets=100 ] = 0.294
 Average Recall     (AR) @[ IoU=0.50:0.95 | area= large | maxDets=100 ] = 0.676
[I 2026-02-24 05:15:11,021] Trial 192 finished with value: 0.6402114635996371 and parameters: {'alpha': 2.1291870438358806, 'mean_rho': 0.013127178351443796, 'variance_rho': 0.05892091744787911, 'std_bias': 4.166555032967857, 'hue_threshold': 29.977164178070446, 'value_ratio_min': 0.567797904738484, 'value_ratio_max': 0.9988222970516629, 'saturation_diff_threshold': 41.57090235797233}. Best is trial 193 with value: 0.6548727833910944.Best trial: 174. Best value: 0.638334:  96%|█████████▌| 24/25 [3:09:35<07:24, 444.67s/it]Best trial: 193. Best value: 0.654873:  96%|█████████▌| 24/25 [3:09:35<07:24, 444.67s/it]Best trial: 193. Best value: 0.654873: 100%|██████████| 25/25 [3:09:35<00:00, 442.43s/it]Best trial: 193. Best value: 0.654873: 100%|██████████| 25/25 [3:09:35<00:00, 455.02s/it]


================================================================================
OPTIMIZATION COMPLETE
================================================================================

Best AP50: 0.6549

Best hyperparameters:
  alpha: 2.0933154680482495
  mean_rho: 0.009115651856561206
  variance_rho: 0.07520599715083304
  std_bias: 4.207707917671822
  hue_threshold: 29.905532124564267
  value_ratio_min: 0.5078298592725248
  value_ratio_max: 0.9948932249196348
  saturation_diff_threshold: 37.1876589771072

Total trials completed: 200
Results saved to: optuna_adaptive_with_temporal.db

To visualize results, use optuna-dashboard:
  optuna-dashboard sqlite:///optuna_adaptive_with_temporal.db
