[I 2026-02-23 23:04:39,529] Using an existing study with name 'adaptive_no_temporal' instead of creating a new one.
Loading annotations and video...
Starting optimization for study 'adaptive_no_temporal'
Using temporal detector: False
Database: optuna_adaptive_no_temporal.db
Number of trials: 25

To run in parallel, execute this same command in multiple terminals.
--------------------------------------------------------------------------------
  0%|          | 0/25 [00:00<?, ?it/s]                                        0%|          | 0/25 [08:49<?, ?it/s]Best trial: 4. Best value: 0.577214:   0%|          | 0/25 [08:49<?, ?it/s]Best trial: 4. Best value: 0.577214:   4%|▍         | 1/25 [08:49<3:31:55, 529.82s/it]                                                                                      Best trial: 4. Best value: 0.577214:   4%|▍         | 1/25 [15:45<3:31:55, 529.82s/it]Best trial: 4. Best value: 0.577214:   4%|▍         | 1/25 [15:45<3:31:55, 529.82s/it]Best trial: 4. Best value: 0.577214:   8%|▊         | 2/25 [15:45<2:57:21, 462.67s/it]                                                                                      Best trial: 4. Best value: 0.577214:   8%|▊         | 2/25 [22:42<2:57:21, 462.67s/it]Best trial: 20. Best value: 0.620775:   8%|▊         | 2/25 [22:42<2:57:21, 462.67s/it]Best trial: 20. Best value: 0.620775:  12%|█▏        | 3/25 [22:42<2:42:04, 442.04s/it]                                                                                       Best trial: 20. Best value: 0.620775:  12%|█▏        | 3/25 [29:44<2:42:04, 442.04s/it]Best trial: 28. Best value: 0.627253:  12%|█▏        | 3/25 [29:44<2:42:04, 442.04s/it]Best trial: 28. Best value: 0.627253:  16%|█▌        | 4/25 [29:44<2:31:53, 433.96s/it]                                                                                       creating index...
index created!
Loading and preparing results...
DONE (t=0.29s)
creating index...
index created!
Running per image evaluation...
Evaluate annotation type *bbox*
DONE (t=2.21s).
Accumulating evaluation results...
DONE (t=0.36s).
 Average Precision  (AP) @[ IoU=0.50:0.95 | area=   all | maxDets=100 ] = 0.008
 Average Precision  (AP) @[ IoU=0.50      | area=   all | maxDets=100 ] = 0.023
 Average Precision  (AP) @[ IoU=0.75      | area=   all | maxDets=100 ] = 0.006
 Average Precision  (AP) @[ IoU=0.50:0.95 | area= small | maxDets=100 ] = -1.000
 Average Precision  (AP) @[ IoU=0.50:0.95 | area=medium | maxDets=100 ] = 0.003
 Average Precision  (AP) @[ IoU=0.50:0.95 | area= large | maxDets=100 ] = 0.017
 Average Recall     (AR) @[ IoU=0.50:0.95 | area=   all | maxDets=  1 ] = 0.016
 Average Recall     (AR) @[ IoU=0.50:0.95 | area=   all | maxDets= 10 ] = 0.047
 Average Recall     (AR) @[ IoU=0.50:0.95 | area=   all | maxDets=100 ] = 0.050
 Average Recall     (AR) @[ IoU=0.50:0.95 | area= small | maxDets=100 ] = -1.000
 Average Recall     (AR) @[ IoU=0.50:0.95 | area=medium | maxDets=100 ] = 0.040
 Average Recall     (AR) @[ IoU=0.50:0.95 | area= large | maxDets=100 ] = 0.062
[I 2026-02-23 23:13:29,366] Trial 5 finished with value: 0.022585843297898558 and parameters: {'alpha': 1.169596600179847, 'mean_rho': 0.010556030936020745, 'variance_rho': 0.01633139632211045, 'std_bias': 1.9733583754712054, 'hue_threshold': 24.81550052171073, 'value_ratio_min': 0.4696762074632962, 'value_ratio_max': 0.9017964287523726, 'saturation_diff_threshold': 10.985898797035652}. Best is trial 4 with value: 0.5772143188656536.
creating index...
index created!
Loading and preparing results...
DONE (t=0.01s)
creating index...
index created!
Running per image evaluation...
Evaluate annotation type *bbox*
DONE (t=1.56s).
Accumulating evaluation results...
DONE (t=0.24s).
 Average Precision  (AP) @[ IoU=0.50:0.95 | area=   all | maxDets=100 ] = 0.074
 Average Precision  (AP) @[ IoU=0.50      | area=   all | maxDets=100 ] = 0.177
 Average Precision  (AP) @[ IoU=0.75      | area=   all | maxDets=100 ] = 0.052
 Average Precision  (AP) @[ IoU=0.50:0.95 | area= small | maxDets=100 ] = -1.000
 Average Precision  (AP) @[ IoU=0.50:0.95 | area=medium | maxDets=100 ] = 0.039
 Average Precision  (AP) @[ IoU=0.50:0.95 | area= large | maxDets=100 ] = 0.130
 Average Recall     (AR) @[ IoU=0.50:0.95 | area=   all | maxDets=  1 ] = 0.112
 Average Recall     (AR) @[ IoU=0.50:0.95 | area=   all | maxDets= 10 ] = 0.165
 Average Recall     (AR) @[ IoU=0.50:0.95 | area=   all | maxDets=100 ] = 0.165
 Average Recall     (AR) @[ IoU=0.50:0.95 | area= small | maxDets=100 ] = -1.000
 Average Recall     (AR) @[ IoU=0.50:0.95 | area=medium | maxDets=100 ] = 0.100
 Average Recall     (AR) @[ IoU=0.50:0.95 | area= large | maxDets=100 ] = 0.239
[I 2026-02-23 23:20:25,038] Trial 15 finished with value: 0.1768350077747503 and parameters: {'alpha': 4.949605971846976, 'mean_rho': 0.1893822837793583, 'variance_rho': 0.13689782048089774, 'std_bias': 1.302260105787909, 'hue_threshold': 29.513597668917825, 'value_ratio_min': 0.6969607640847334, 'value_ratio_max': 0.8533580783135352, 'saturation_diff_threshold': 44.25712554354962}. Best is trial 4 with value: 0.5772143188656536.
creating index...
index created!
Loading and preparing results...
DONE (t=0.01s)
creating index...
index created!
Running per image evaluation...
Evaluate annotation type *bbox*
DONE (t=1.89s).
Accumulating evaluation results...
DONE (t=0.24s).
 Average Precision  (AP) @[ IoU=0.50:0.95 | area=   all | maxDets=100 ] = 0.357
 Average Precision  (AP) @[ IoU=0.50      | area=   all | maxDets=100 ] = 0.597
 Average Precision  (AP) @[ IoU=0.75      | area=   all | maxDets=100 ] = 0.381
 Average Precision  (AP) @[ IoU=0.50:0.95 | area= small | maxDets=100 ] = -1.000
 Average Precision  (AP) @[ IoU=0.50:0.95 | area=medium | maxDets=100 ] = 0.246
 Average Precision  (AP) @[ IoU=0.50:0.95 | area= large | maxDets=100 ] = 0.493
 Average Recall     (AR) @[ IoU=0.50:0.95 | area=   all | maxDets=  1 ] = 0.232
 Average Recall     (AR) @[ IoU=0.50:0.95 | area=   all | maxDets= 10 ] = 0.458
 Average Recall     (AR) @[ IoU=0.50:0.95 | area=   all | maxDets=100 ] = 0.458
 Average Recall     (AR) @[ IoU=0.50:0.95 | area= small | maxDets=100 ] = -1.000
 Average Recall     (AR) @[ IoU=0.50:0.95 | area=medium | maxDets=100 ] = 0.346
 Average Recall     (AR) @[ IoU=0.50:0.95 | area= large | maxDets=100 ] = 0.587
[I 2026-02-23 23:27:22,521] Trial 22 finished with value: 0.5973762081882239 and parameters: {'alpha': 2.4083963354039035, 'mean_rho': 0.23715706945796158, 'variance_rho': 0.016567057528760136, 'std_bias': 3.66501521898161, 'hue_threshold': 15.285466838628528, 'value_ratio_min': 0.5647035059938109, 'value_ratio_max': 0.9667740866781138, 'saturation_diff_threshold': 34.20744167004819}. Best is trial 20 with value: 0.6207753365503557.
creating index...
index created!
Loading and preparing results...
DONE (t=0.02s)
creating index...
index created!
Running per image evaluation...
Evaluate annotation type *bbox*
DONE (t=2.00s).
Accumulating evaluation results...
DONE (t=0.27s).
 Average Precision  (AP) @[ IoU=0.50:0.95 | area=   all | maxDets=100 ] = 0.385
 Average Precision  (AP) @[ IoU=0.50      | area=   all | maxDets=100 ] = 0.616
 Average Precision  (AP) @[ IoU=0.75      | area=   all | maxDets=100 ] = 0.425
 Average Precision  (AP) @[ IoU=0.50:0.95 | area= small | maxDets=100 ] = -1.000
 Average Precision  (AP) @[ IoU=0.50:0.95 | area=medium | maxDets=100 ] = 0.240
 Average Precision  (AP) @[ IoU=0.50:0.95 | area= large | maxDets=100 ] = 0.554
 Average Recall     (AR) @[ IoU=0.50:0.95 | area=   all | maxDets=  1 ] = 0.251
 Average Recall     (AR) @[ IoU=0.50:0.95 | area=   all | maxDets= 10 ] = 0.486
 Average Recall     (AR) @[ IoU=0.50:0.95 | area=   all | maxDets=100 ] = 0.486
 Average Recall     (AR) @[ IoU=0.50:0.95 | area= small | maxDets=100 ] = -1.000
 Average Recall     (AR) @[ IoU=0.50:0.95 | area=medium | maxDets=100 ] = 0.342
 Average Recall     (AR) @[ IoU=0.50:0.95 | area= large | maxDets=100 ] = 0.654
[I 2026-02-23 23:34:24,074] Trial 29 finished with value: 0.6161724470913988 and parameters: {'alpha': 2.4073878978526584, 'mean_rho': 0.254905761490005, 'variance_rho': 0.04918182894247176, 'std_bias': 4.090794687726113, 'hue_threshold': 15.247916551368313, 'value_ratio_min': 0.4136322017055487, 'value_ratio_max': 0.9362450744703386, 'saturation_diff_threshold': 27.685169458490307}. Best is trial 28 with value: 0.6272534500190091.
creating index...
index created!
Loading and preparing results...
DONE (t=0.01s)
creating index...
index created!
Running per image evaluation...
Evaluate annotation type *bbox*
DONE (t=2.32s).
Accumulating evaluation results...
DONE (t=0.36s).
 Average Precision  (AP) @[ IoU=0.50:0.95 | area=   all | maxDets=100 ] = 0.294
 Average Precision  (AP) @[ IoU=0.50      | area=   all | maxDets=100 ] = 0.527
 Average Precision  (AP) @[ IoU=0.75      | area=   all | maxDets=100 ] = 0.286
 Average Precision  (AP) @[ IoU=0.50:0.95 | area= small | maxDets=100 ] = -1.000
 Average Precision  (AP) @[ IoU=0.50:0.95 | area=medium | maxDets=100 ] = 0.217
 Average Precision  (AP) @[ IoU=0.50:0.95 | area= large | maxDets=100 ] = 0.394
 Average Recall     (AR) @[ IoU=0.50:0.95 | area=   all | maxDets=  1 ] = 0.213
 Average Recall     (AR) @[ IoU=0.50:0.95 | area=   all | maxDets= 10 ] = 0.417
 Average Recall     (AR) @[ IoU=0.50:0.95 | area=   all | maxDets=100 ] = 0.417
 Average Recall     (AR) @[ IoU=0.50:0.95 | area= small | maxDets=100 ] = -1.000
 Average Recall     (AR) @[ IoU=0.50:0.95 | area=medium | maxDets=100 ] = 0.332
 Average Recall     (AR) @[ IoU=0.50:0.95 | area= large | maxDets=100 ] = 0.515
[I 2026-02-23 23:41:49,247] Trial 35 finished with value: 0.5267449234217134 and parameters: {'alpha': 1.7519412887938535, 'mean_rho': 0.16138143531083443, 'variance_rho': 0.04511546343451749, 'std_bias': 4.252934539097101, 'hue_threshold': 16.592906259019546, 'value_ratio_min': 0.3023130290487404, 'value_ratio_max': 0.9459372243134264, 'saturation_diff_threshold': 38.33285336074138}. Best is trial 30 with value: 0.6389572906776438.Best trial: 28. Best value: 0.627253:  16%|█▌        | 4/25 [37:09<2:31:53, 433.96s/it]Best trial: 30. Best value: 0.638957:  16%|█▌        | 4/25 [37:09<2:31:53, 433.96s/it]Best trial: 30. Best value: 0.638957:  20%|██        | 5/25 [37:09<2:25:59, 438.00s/it]                                                                                       Best trial: 30. Best value: 0.638957:  20%|██        | 5/25 [44:13<2:25:59, 438.00s/it]Best trial: 30. Best value: 0.638957:  20%|██        | 5/25 [44:13<2:25:59, 438.00s/it]Best trial: 30. Best value: 0.638957:  24%|██▍       | 6/25 [44:13<2:17:13, 433.34s/it]                                                                                       Best trial: 30. Best value: 0.638957:  24%|██▍       | 6/25 [51:18<2:17:13, 433.34s/it]Best trial: 30. Best value: 0.638957:  24%|██▍       | 6/25 [51:18<2:17:13, 433.34s/it]Best trial: 30. Best value: 0.638957:  28%|██▊       | 7/25 [51:18<2:09:09, 430.53s/it]                                                                                       Best trial: 30. Best value: 0.638957:  28%|██▊       | 7/25 [58:15<2:09:09, 430.53s/it]Best trial: 30. Best value: 0.638957:  28%|██▊       | 7/25 [58:15<2:09:09, 430.53s/it]Best trial: 30. Best value: 0.638957:  32%|███▏      | 8/25 [58:15<2:00:47, 426.30s/it]                                                                                       Best trial: 30. Best value: 0.638957:  32%|███▏      | 8/25 [1:05:16<2:00:47, 426.30s/it]Best trial: 30. Best value: 0.638957:  32%|███▏      | 8/25 [1:05:16<2:00:47, 426.30s/it]Best trial: 30. Best value: 0.638957:  36%|███▌      | 9/25 [1:05:16<1:53:14, 424.63s/it]                                                                                         
creating index...
index created!
Loading and preparing results...
DONE (t=0.02s)
creating index...
index created!
Running per image evaluation...
Evaluate annotation type *bbox*
DONE (t=2.09s).
Accumulating evaluation results...
DONE (t=0.31s).
 Average Precision  (AP) @[ IoU=0.50:0.95 | area=   all | maxDets=100 ] = 0.335
 Average Precision  (AP) @[ IoU=0.50      | area=   all | maxDets=100 ] = 0.570
 Average Precision  (AP) @[ IoU=0.75      | area=   all | maxDets=100 ] = 0.327
 Average Precision  (AP) @[ IoU=0.50:0.95 | area= small | maxDets=100 ] = -1.000
 Average Precision  (AP) @[ IoU=0.50:0.95 | area=medium | maxDets=100 ] = 0.151
 Average Precision  (AP) @[ IoU=0.50:0.95 | area= large | maxDets=100 ] = 0.562
 Average Recall     (AR) @[ IoU=0.50:0.95 | area=   all | maxDets=  1 ] = 0.243
 Average Recall     (AR) @[ IoU=0.50:0.95 | area=   all | maxDets= 10 ] = 0.443
 Average Recall     (AR) @[ IoU=0.50:0.95 | area=   all | maxDets=100 ] = 0.443
 Average Recall     (AR) @[ IoU=0.50:0.95 | area= small | maxDets=100 ] = -1.000
 Average Recall     (AR) @[ IoU=0.50:0.95 | area=medium | maxDets=100 ] = 0.248
 Average Recall     (AR) @[ IoU=0.50:0.95 | area= large | maxDets=100 ] = 0.670
[I 2026-02-23 23:48:53,546] Trial 44 finished with value: 0.5698089400886787 and parameters: {'alpha': 2.8579800153032937, 'mean_rho': 0.10027293630388698, 'variance_rho': 0.11250320571199757, 'std_bias': 2.6495908866337397, 'hue_threshold': 20.52360548178242, 'value_ratio_min': 0.3809332985693038, 'value_ratio_max': 0.9124474415786341, 'saturation_diff_threshold': 23.32188476906427}. Best is trial 30 with value: 0.6389572906776438.
creating index...
index created!
Loading and preparing results...
DONE (t=0.02s)
creating index...
index created!
Running per image evaluation...
Evaluate annotation type *bbox*
DONE (t=2.07s).
Accumulating evaluation results...
DONE (t=0.36s).
 Average Precision  (AP) @[ IoU=0.50:0.95 | area=   all | maxDets=100 ] = 0.403
 Average Precision  (AP) @[ IoU=0.50      | area=   all | maxDets=100 ] = 0.630
 Average Precision  (AP) @[ IoU=0.75      | area=   all | maxDets=100 ] = 0.438
 Average Precision  (AP) @[ IoU=0.50:0.95 | area= small | maxDets=100 ] = -1.000
 Average Precision  (AP) @[ IoU=0.50:0.95 | area=medium | maxDets=100 ] = 0.234
 Average Precision  (AP) @[ IoU=0.50:0.95 | area= large | maxDets=100 ] = 0.599
 Average Recall     (AR) @[ IoU=0.50:0.95 | area=   all | maxDets=  1 ] = 0.262
 Average Recall     (AR) @[ IoU=0.50:0.95 | area=   all | maxDets= 10 ] = 0.503
 Average Recall     (AR) @[ IoU=0.50:0.95 | area=   all | maxDets=100 ] = 0.503
 Average Recall     (AR) @[ IoU=0.50:0.95 | area= small | maxDets=100 ] = -1.000
 Average Recall     (AR) @[ IoU=0.50:0.95 | area=medium | maxDets=100 ] = 0.330
 Average Recall     (AR) @[ IoU=0.50:0.95 | area= large | maxDets=100 ] = 0.703
[I 2026-02-23 23:55:58,288] Trial 53 finished with value: 0.6298192708342326 and parameters: {'alpha': 2.4891073389572522, 'mean_rho': 0.17700972876644885, 'variance_rho': 0.03262095558050197, 'std_bias': 4.673252950742589, 'hue_threshold': 18.32348055821853, 'value_ratio_min': 0.3320263831608709, 'value_ratio_max': 0.8829661568655338, 'saturation_diff_threshold': 30.58898682453215}. Best is trial 30 with value: 0.6389572906776438.
creating index...
index created!
Loading and preparing results...
DONE (t=0.01s)
creating index...
index created!
Running per image evaluation...
Evaluate annotation type *bbox*
DONE (t=1.89s).
Accumulating evaluation results...
DONE (t=0.30s).
 Average Precision  (AP) @[ IoU=0.50:0.95 | area=   all | maxDets=100 ] = 0.371
 Average Precision  (AP) @[ IoU=0.50      | area=   all | maxDets=100 ] = 0.607
 Average Precision  (AP) @[ IoU=0.75      | area=   all | maxDets=100 ] = 0.364
 Average Precision  (AP) @[ IoU=0.50:0.95 | area= small | maxDets=100 ] = -1.000
 Average Precision  (AP) @[ IoU=0.50:0.95 | area=medium | maxDets=100 ] = 0.168
 Average Precision  (AP) @[ IoU=0.50:0.95 | area= large | maxDets=100 ] = 0.622
 Average Recall     (AR) @[ IoU=0.50:0.95 | area=   all | maxDets=  1 ] = 0.256
 Average Recall     (AR) @[ IoU=0.50:0.95 | area=   all | maxDets= 10 ] = 0.474
 Average Recall     (AR) @[ IoU=0.50:0.95 | area=   all | maxDets=100 ] = 0.474
 Average Recall     (AR) @[ IoU=0.50:0.95 | area= small | maxDets=100 ] = -1.000
 Average Recall     (AR) @[ IoU=0.50:0.95 | area=medium | maxDets=100 ] = 0.256
 Average Recall     (AR) @[ IoU=0.50:0.95 | area= large | maxDets=100 ] = 0.726
[I 2026-02-24 00:02:55,526] Trial 61 finished with value: 0.6074140159658267 and parameters: {'alpha': 3.064986370066232, 'mean_rho': 0.06787044922854901, 'variance_rho': 0.02469077269043013, 'std_bias': 4.971408645703763, 'hue_threshold': 17.869963993692632, 'value_ratio_min': 0.4535308970887093, 'value_ratio_max': 0.8816555220012829, 'saturation_diff_threshold': 26.06330672578612}. Best is trial 30 with value: 0.6389572906776438.
creating index...
index created!
Loading and preparing results...
DONE (t=0.01s)
creating index...
index created!
Running per image evaluation...
Evaluate annotation type *bbox*
DONE (t=2.06s).
Accumulating evaluation results...
DONE (t=0.33s).
 Average Precision  (AP) @[ IoU=0.50:0.95 | area=   all | maxDets=100 ] = 0.385
 Average Precision  (AP) @[ IoU=0.50      | area=   all | maxDets=100 ] = 0.631
 Average Precision  (AP) @[ IoU=0.75      | area=   all | maxDets=100 ] = 0.407
 Average Precision  (AP) @[ IoU=0.50:0.95 | area= small | maxDets=100 ] = -1.000
 Average Precision  (AP) @[ IoU=0.50:0.95 | area=medium | maxDets=100 ] = 0.231
 Average Precision  (AP) @[ IoU=0.50:0.95 | area= large | maxDets=100 ] = 0.574
 Average Recall     (AR) @[ IoU=0.50:0.95 | area=   all | maxDets=  1 ] = 0.258
 Average Recall     (AR) @[ IoU=0.50:0.95 | area=   all | maxDets= 10 ] = 0.507
 Average Recall     (AR) @[ IoU=0.50:0.95 | area=   all | maxDets=100 ] = 0.507
 Average Recall     (AR) @[ IoU=0.50:0.95 | area= small | maxDets=100 ] = -1.000
 Average Recall     (AR) @[ IoU=0.50:0.95 | area=medium | maxDets=100 ] = 0.346
 Average Recall     (AR) @[ IoU=0.50:0.95 | area= large | maxDets=100 ] = 0.694
[I 2026-02-24 00:09:56,484] Trial 69 finished with value: 0.6305886987244195 and parameters: {'alpha': 1.9944060168279398, 'mean_rho': 0.03749398369089785, 'variance_rho': 0.0726622525326843, 'std_bias': 4.4485167287448535, 'hue_threshold': 22.193599061544727, 'value_ratio_min': 0.499904003619434, 'value_ratio_max': 0.8702786188287405, 'saturation_diff_threshold': 35.29617810966811}. Best is trial 30 with value: 0.6389572906776438.
creating index...
index created!
Loading and preparing results...
DONE (t=0.01s)
creating index...
index created!
Running per image evaluation...
Evaluate annotation type *bbox*
DONE (t=1.87s).
Accumulating evaluation results...
DONE (t=0.31s).
 Average Precision  (AP) @[ IoU=0.50:0.95 | area=   all | maxDets=100 ] = 0.361
 Average Precision  (AP) @[ IoU=0.50      | area=   all | maxDets=100 ] = 0.600
 Average Precision  (AP) @[ IoU=0.75      | area=   all | maxDets=100 ] = 0.365
 Average Precision  (AP) @[ IoU=0.50:0.95 | area= small | maxDets=100 ] = -1.000
 Average Precision  (AP) @[ IoU=0.50:0.95 | area=medium | maxDets=100 ] = 0.177
 Average Precision  (AP) @[ IoU=0.50:0.95 | area= large | maxDets=100 ] = 0.585
 Average Recall     (AR) @[ IoU=0.50:0.95 | area=   all | maxDets=  1 ] = 0.262
 Average Recall     (AR) @[ IoU=0.50:0.95 | area=   all | maxDets= 10 ] = 0.481
 Average Recall     (AR) @[ IoU=0.50:0.95 | area=   all | maxDets=100 ] = 0.481
 Average Recall     (AR) @[ IoU=0.50:0.95 | area= small | maxDets=100 ] = -1.000
 Average Recall     (AR) @[ IoU=0.50:0.95 | area=medium | maxDets=100 ] = 0.283
 Average Recall     (AR) @[ IoU=0.50:0.95 | area= large | maxDets=100 ] = 0.710
