[I 2026-02-24 02:05:20,056] Using an existing study with name 'adaptive_with_temporal' instead of creating a new one.
Loading annotations and video...
Starting optimization for study 'adaptive_with_temporal'
Using temporal detector: True
Database: optuna_adaptive_with_temporal.db
Number of trials: 25

To run in parallel, execute this same command in multiple terminals.
--------------------------------------------------------------------------------
  0%|          | 0/25 [00:00<?, ?it/s]                                        0%|          | 0/25 [09:34<?, ?it/s]Best trial: 6. Best value: 0.507345:   0%|          | 0/25 [09:34<?, ?it/s]Best trial: 6. Best value: 0.507345:   4%|▍         | 1/25 [09:34<3:49:39, 574.16s/it]                                                                                      Best trial: 6. Best value: 0.507345:   4%|▍         | 1/25 [17:21<3:49:39, 574.16s/it]Best trial: 12. Best value: 0.59836:   4%|▍         | 1/25 [17:21<3:49:39, 574.16s/it]Best trial: 12. Best value: 0.59836:   8%|▊         | 2/25 [17:21<3:15:56, 511.15s/it]                                                                                      Best trial: 12. Best value: 0.59836:   8%|▊         | 2/25 [27:47<3:15:56, 511.15s/it]Best trial: 12. Best value: 0.59836:   8%|▊         | 2/25 [27:47<3:15:56, 511.15s/it]Best trial: 12. Best value: 0.59836:  12%|█▏        | 3/25 [27:47<3:26:42, 563.77s/it]                                                                                      Best trial: 12. Best value: 0.59836:  12%|█▏        | 3/25 [35:08<3:26:42, 563.77s/it]Best trial: 27. Best value: 0.621864:  12%|█▏        | 3/25 [35:08<3:26:42, 563.77s/it]Best trial: 27. Best value: 0.621864:  16%|█▌        | 4/25 [35:08<3:00:24, 515.44s/it]                                                                                       creating index...
index created!
Loading and preparing results...
DONE (t=0.25s)
creating index...
index created!
Running per image evaluation...
Evaluate annotation type *bbox*
DONE (t=1.76s).
Accumulating evaluation results...
DONE (t=0.35s).
 Average Precision  (AP) @[ IoU=0.50:0.95 | area=   all | maxDets=100 ] = 0.022
 Average Precision  (AP) @[ IoU=0.50      | area=   all | maxDets=100 ] = 0.054
 Average Precision  (AP) @[ IoU=0.75      | area=   all | maxDets=100 ] = 0.008
 Average Precision  (AP) @[ IoU=0.50:0.95 | area= small | maxDets=100 ] = -1.000
 Average Precision  (AP) @[ IoU=0.50:0.95 | area=medium | maxDets=100 ] = 0.006
 Average Precision  (AP) @[ IoU=0.50:0.95 | area= large | maxDets=100 ] = 0.039
 Average Recall     (AR) @[ IoU=0.50:0.95 | area=   all | maxDets=  1 ] = 0.032
 Average Recall     (AR) @[ IoU=0.50:0.95 | area=   all | maxDets= 10 ] = 0.069
 Average Recall     (AR) @[ IoU=0.50:0.95 | area=   all | maxDets=100 ] = 0.069
 Average Recall     (AR) @[ IoU=0.50:0.95 | area= small | maxDets=100 ] = -1.000
 Average Recall     (AR) @[ IoU=0.50:0.95 | area=medium | maxDets=100 ] = 0.053
 Average Recall     (AR) @[ IoU=0.50:0.95 | area= large | maxDets=100 ] = 0.087
[I 2026-02-24 02:14:54,207] Trial 4 finished with value: 0.053831526400932396 and parameters: {'alpha': 3.53236089483866, 'mean_rho': 0.1786186470848124, 'variance_rho': 0.18474141981270834, 'std_bias': 0.06496672893782585, 'hue_threshold': 14.194156109810567, 'value_ratio_min': 0.4761609745893963, 'value_ratio_max': 0.973942902469565, 'saturation_diff_threshold': 28.291205709196568}. Best is trial 6 with value: 0.5073452909060291.
creating index...
index created!
Loading and preparing results...
DONE (t=0.29s)
creating index...
index created!
Running per image evaluation...
Evaluate annotation type *bbox*
DONE (t=1.75s).
Accumulating evaluation results...
DONE (t=0.28s).
 Average Precision  (AP) @[ IoU=0.50:0.95 | area=   all | maxDets=100 ] = 0.259
 Average Precision  (AP) @[ IoU=0.50      | area=   all | maxDets=100 ] = 0.518
 Average Precision  (AP) @[ IoU=0.75      | area=   all | maxDets=100 ] = 0.234
 Average Precision  (AP) @[ IoU=0.50:0.95 | area= small | maxDets=100 ] = -1.000
 Average Precision  (AP) @[ IoU=0.50:0.95 | area=medium | maxDets=100 ] = 0.163
 Average Precision  (AP) @[ IoU=0.50:0.95 | area= large | maxDets=100 ] = 0.379
 Average Recall     (AR) @[ IoU=0.50:0.95 | area=   all | maxDets=  1 ] = 0.198
 Average Recall     (AR) @[ IoU=0.50:0.95 | area=   all | maxDets= 10 ] = 0.388
 Average Recall     (AR) @[ IoU=0.50:0.95 | area=   all | maxDets=100 ] = 0.388
 Average Recall     (AR) @[ IoU=0.50:0.95 | area= small | maxDets=100 ] = -1.000
 Average Recall     (AR) @[ IoU=0.50:0.95 | area=medium | maxDets=100 ] = 0.293
 Average Recall     (AR) @[ IoU=0.50:0.95 | area= large | maxDets=100 ] = 0.500
[I 2026-02-24 02:22:41,252] Trial 14 finished with value: 0.5175976779349929 and parameters: {'alpha': 2.027244005189451, 'mean_rho': 0.20240349440202987, 'variance_rho': 0.025374215647985827, 'std_bias': 3.7503287004933883, 'hue_threshold': 21.36793060518567, 'value_ratio_min': 0.3640184551972725, 'value_ratio_max': 0.9905102559692969, 'saturation_diff_threshold': 42.52304013162953}. Best is trial 12 with value: 0.5983602105526338.
creating index...
index created!
Loading and preparing results...
DONE (t=0.03s)
creating index...
index created!
Running per image evaluation...
Evaluate annotation type *bbox*
DONE (t=2.73s).
Accumulating evaluation results...
DONE (t=0.45s).
 Average Precision  (AP) @[ IoU=0.50:0.95 | area=   all | maxDets=100 ] = 0.052
 Average Precision  (AP) @[ IoU=0.50      | area=   all | maxDets=100 ] = 0.111
 Average Precision  (AP) @[ IoU=0.75      | area=   all | maxDets=100 ] = 0.039
 Average Precision  (AP) @[ IoU=0.50:0.95 | area= small | maxDets=100 ] = -1.000
 Average Precision  (AP) @[ IoU=0.50:0.95 | area=medium | maxDets=100 ] = 0.017
 Average Precision  (AP) @[ IoU=0.50:0.95 | area= large | maxDets=100 ] = 0.089
 Average Recall     (AR) @[ IoU=0.50:0.95 | area=   all | maxDets=  1 ] = 0.049
 Average Recall     (AR) @[ IoU=0.50:0.95 | area=   all | maxDets= 10 ] = 0.135
 Average Recall     (AR) @[ IoU=0.50:0.95 | area=   all | maxDets=100 ] = 0.135
 Average Recall     (AR) @[ IoU=0.50:0.95 | area= small | maxDets=100 ] = -1.000
 Average Recall     (AR) @[ IoU=0.50:0.95 | area=medium | maxDets=100 ] = 0.098
 Average Recall     (AR) @[ IoU=0.50:0.95 | area= large | maxDets=100 ] = 0.177
[I 2026-02-24 02:33:07,648] Trial 21 finished with value: 0.1114110750112904 and parameters: {'alpha': 1.2916028033610987, 'mean_rho': 0.38142195550605745, 'variance_rho': 0.053336004844588086, 'std_bias': 2.050649968317007, 'hue_threshold': 26.643381598187563, 'value_ratio_min': 0.30094666873602754, 'value_ratio_max': 0.9593081927464645, 'saturation_diff_threshold': 49.86265564601821}. Best is trial 12 with value: 0.5983602105526338.
creating index...
index created!
Loading and preparing results...
DONE (t=0.01s)
creating index...
index created!
Running per image evaluation...
Evaluate annotation type *bbox*
DONE (t=1.73s).
Accumulating evaluation results...
DONE (t=0.24s).
 Average Precision  (AP) @[ IoU=0.50:0.95 | area=   all | maxDets=100 ] = 0.316
 Average Precision  (AP) @[ IoU=0.50      | area=   all | maxDets=100 ] = 0.608
 Average Precision  (AP) @[ IoU=0.75      | area=   all | maxDets=100 ] = 0.306
 Average Precision  (AP) @[ IoU=0.50:0.95 | area= small | maxDets=100 ] = -1.000
 Average Precision  (AP) @[ IoU=0.50:0.95 | area=medium | maxDets=100 ] = 0.186
 Average Precision  (AP) @[ IoU=0.50:0.95 | area= large | maxDets=100 ] = 0.469
 Average Recall     (AR) @[ IoU=0.50:0.95 | area=   all | maxDets=  1 ] = 0.224
 Average Recall     (AR) @[ IoU=0.50:0.95 | area=   all | maxDets= 10 ] = 0.424
 Average Recall     (AR) @[ IoU=0.50:0.95 | area=   all | maxDets=100 ] = 0.424
 Average Recall     (AR) @[ IoU=0.50:0.95 | area= small | maxDets=100 ] = -1.000
 Average Recall     (AR) @[ IoU=0.50:0.95 | area=medium | maxDets=100 ] = 0.292
 Average Recall     (AR) @[ IoU=0.50:0.95 | area= large | maxDets=100 ] = 0.577
[I 2026-02-24 02:40:29,006] Trial 30 finished with value: 0.6079393823808512 and parameters: {'alpha': 2.673842951654249, 'mean_rho': 0.24991626265458983, 'variance_rho': 0.07680555865896183, 'std_bias': 2.5759923825337183, 'hue_threshold': 29.42857617748286, 'value_ratio_min': 0.39686934372627425, 'value_ratio_max': 0.927716473928177, 'saturation_diff_threshold': 20.983438328866487}. Best is trial 27 with value: 0.6218635226564296.
creating index...
index created!
Loading and preparing results...
DONE (t=0.01s)
creating index...
index created!
Running per image evaluation...
Evaluate annotation type *bbox*
DONE (t=1.46s).
Accumulating evaluation results...
DONE (t=0.23s).
 Average Precision  (AP) @[ IoU=0.50:0.95 | area=   all | maxDets=100 ] = 0.218
 Average Precision  (AP) @[ IoU=0.50      | area=   all | maxDets=100 ] = 0.439
 Average Precision  (AP) @[ IoU=0.75      | area=   all | maxDets=100 ] = 0.183
 Average Precision  (AP) @[ IoU=0.50:0.95 | area= small | maxDets=100 ] = -1.000
 Average Precision  (AP) @[ IoU=0.50:0.95 | area=medium | maxDets=100 ] = 0.083
 Average Precision  (AP) @[ IoU=0.50:0.95 | area= large | maxDets=100 ] = 0.399
 Average Recall     (AR) @[ IoU=0.50:0.95 | area=   all | maxDets=  1 ] = 0.180
 Average Recall     (AR) @[ IoU=0.50:0.95 | area=   all | maxDets= 10 ] = 0.322
 Average Recall     (AR) @[ IoU=0.50:0.95 | area=   all | maxDets=100 ] = 0.322
 Average Recall     (AR) @[ IoU=0.50:0.95 | area= small | maxDets=100 ] = -1.000
 Average Recall     (AR) @[ IoU=0.50:0.95 | area=medium | maxDets=100 ] = 0.157
 Average Recall     (AR) @[ IoU=0.50:0.95 | area= large | maxDets=100 ] = 0.513
[I 2026-02-24 02:47:42,226] Trial 37 finished with value: 0.43913423384436745 and parameters: {'alpha': 3.1010158624322575, 'mean_rho': 0.09229147926521296, 'variance_rho': 0.14229512254854965, 'std_bias': 2.897668347949563, 'hue_threshold': 25.0039108627908, 'value_ratio_min': 0.41999820236907337, 'value_ratio_max': 0.9175545221571761, 'saturation_diff_threshold': 32.9034070743552}. Best is trial 27 with value: 0.6218635226564296.Best trial: 27. Best value: 0.621864:  16%|█▌        | 4/25 [42:22<3:00:24, 515.44s/it]Best trial: 27. Best value: 0.621864:  16%|█▌        | 4/25 [42:22<3:00:24, 515.44s/it]Best trial: 27. Best value: 0.621864:  20%|██        | 5/25 [42:22<2:41:55, 485.79s/it]                                                                                       Best trial: 27. Best value: 0.621864:  20%|██        | 5/25 [49:58<2:41:55, 485.79s/it]Best trial: 27. Best value: 0.621864:  20%|██        | 5/25 [49:58<2:41:55, 485.79s/it]Best trial: 27. Best value: 0.621864:  24%|██▍       | 6/25 [49:58<2:30:40, 475.83s/it]                                                                                       Best trial: 27. Best value: 0.621864:  24%|██▍       | 6/25 [57:07<2:30:40, 475.83s/it]Best trial: 27. Best value: 0.621864:  24%|██▍       | 6/25 [57:07<2:30:40, 475.83s/it]Best trial: 27. Best value: 0.621864:  28%|██▊       | 7/25 [57:07<2:18:08, 460.49s/it]                                                                                       Best trial: 27. Best value: 0.621864:  28%|██▊       | 7/25 [1:05:04<2:18:08, 460.49s/it]Best trial: 27. Best value: 0.621864:  28%|██▊       | 7/25 [1:05:04<2:18:08, 460.49s/it]Best trial: 27. Best value: 0.621864:  32%|███▏      | 8/25 [1:05:04<2:11:56, 465.70s/it]                                                                                         Best trial: 27. Best value: 0.621864:  32%|███▏      | 8/25 [1:12:57<2:11:56, 465.70s/it]Best trial: 27. Best value: 0.621864:  32%|███▏      | 8/25 [1:12:57<2:11:56, 465.70s/it]Best trial: 27. Best value: 0.621864:  36%|███▌      | 9/25 [1:12:57<2:04:46, 467.88s/it]                                                                                         
creating index...
index created!
Loading and preparing results...
DONE (t=0.01s)
creating index...
index created!
Running per image evaluation...
Evaluate annotation type *bbox*
DONE (t=1.74s).
Accumulating evaluation results...
DONE (t=0.29s).
 Average Precision  (AP) @[ IoU=0.50:0.95 | area=   all | maxDets=100 ] = 0.222
 Average Precision  (AP) @[ IoU=0.50      | area=   all | maxDets=100 ] = 0.474
 Average Precision  (AP) @[ IoU=0.75      | area=   all | maxDets=100 ] = 0.184
 Average Precision  (AP) @[ IoU=0.50:0.95 | area= small | maxDets=100 ] = -1.000
 Average Precision  (AP) @[ IoU=0.50:0.95 | area=medium | maxDets=100 ] = 0.087
 Average Precision  (AP) @[ IoU=0.50:0.95 | area= large | maxDets=100 ] = 0.406
 Average Recall     (AR) @[ IoU=0.50:0.95 | area=   all | maxDets=  1 ] = 0.190
 Average Recall     (AR) @[ IoU=0.50:0.95 | area=   all | maxDets= 10 ] = 0.336
 Average Recall     (AR) @[ IoU=0.50:0.95 | area=   all | maxDets=100 ] = 0.336
 Average Recall     (AR) @[ IoU=0.50:0.95 | area= small | maxDets=100 ] = -1.000
 Average Recall     (AR) @[ IoU=0.50:0.95 | area=medium | maxDets=100 ] = 0.170
 Average Recall     (AR) @[ IoU=0.50:0.95 | area= large | maxDets=100 ] = 0.528
[I 2026-02-24 02:55:18,707] Trial 45 finished with value: 0.47444201697500715 and parameters: {'alpha': 3.7507465944636595, 'mean_rho': 0.27903842510828153, 'variance_rho': 0.11252643984113903, 'std_bias': 1.3745245598323783, 'hue_threshold': 24.30451487220753, 'value_ratio_min': 0.49268351508521396, 'value_ratio_max': 0.9264172580614689, 'saturation_diff_threshold': 37.571983434776534}. Best is trial 27 with value: 0.6218635226564296.
creating index...
index created!
Loading and preparing results...
DONE (t=0.01s)
creating index...
index created!
Running per image evaluation...
Evaluate annotation type *bbox*
DONE (t=2.00s).
Accumulating evaluation results...
DONE (t=0.52s).
 Average Precision  (AP) @[ IoU=0.50:0.95 | area=   all | maxDets=100 ] = 0.274
 Average Precision  (AP) @[ IoU=0.50      | area=   all | maxDets=100 ] = 0.550
 Average Precision  (AP) @[ IoU=0.75      | area=   all | maxDets=100 ] = 0.243
 Average Precision  (AP) @[ IoU=0.50:0.95 | area= small | maxDets=100 ] = -1.000
 Average Precision  (AP) @[ IoU=0.50:0.95 | area=medium | maxDets=100 ] = 0.185
 Average Precision  (AP) @[ IoU=0.50:0.95 | area= large | maxDets=100 ] = 0.389
 Average Recall     (AR) @[ IoU=0.50:0.95 | area=   all | maxDets=  1 ] = 0.202
 Average Recall     (AR) @[ IoU=0.50:0.95 | area=   all | maxDets= 10 ] = 0.398
 Average Recall     (AR) @[ IoU=0.50:0.95 | area=   all | maxDets=100 ] = 0.398
 Average Recall     (AR) @[ IoU=0.50:0.95 | area= small | maxDets=100 ] = -1.000
 Average Recall     (AR) @[ IoU=0.50:0.95 | area=medium | maxDets=100 ] = 0.296
 Average Recall     (AR) @[ IoU=0.50:0.95 | area= large | maxDets=100 ] = 0.515
[I 2026-02-24 03:02:27,635] Trial 53 finished with value: 0.5503984493047422 and parameters: {'alpha': 2.4432871483624496, 'mean_rho': 0.15957212696579942, 'variance_rho': 0.030972349654659365, 'std_bias': 2.498354540797395, 'hue_threshold': 27.909007091599964, 'value_ratio_min': 0.34797817293187455, 'value_ratio_max': 0.960602850752988, 'saturation_diff_threshold': 40.188013467822685}. Best is trial 27 with value: 0.6218635226564296.
creating index...
index created!
Loading and preparing results...
DONE (t=0.01s)
creating index...
index created!
Running per image evaluation...
Evaluate annotation type *bbox*
DONE (t=1.86s).
Accumulating evaluation results...
DONE (t=0.35s).
 Average Precision  (AP) @[ IoU=0.50:0.95 | area=   all | maxDets=100 ] = 0.243
 Average Precision  (AP) @[ IoU=0.50      | area=   all | maxDets=100 ] = 0.450
 Average Precision  (AP) @[ IoU=0.75      | area=   all | maxDets=100 ] = 0.233
 Average Precision  (AP) @[ IoU=0.50:0.95 | area= small | maxDets=100 ] = -1.000
 Average Precision  (AP) @[ IoU=0.50:0.95 | area=medium | maxDets=100 ] = 0.078
 Average Precision  (AP) @[ IoU=0.50:0.95 | area= large | maxDets=100 ] = 0.442
 Average Recall     (AR) @[ IoU=0.50:0.95 | area=   all | maxDets=  1 ] = 0.194
 Average Recall     (AR) @[ IoU=0.50:0.95 | area=   all | maxDets= 10 ] = 0.348
 Average Recall     (AR) @[ IoU=0.50:0.95 | area=   all | maxDets=100 ] = 0.348
 Average Recall     (AR) @[ IoU=0.50:0.95 | area= small | maxDets=100 ] = -1.000
 Average Recall     (AR) @[ IoU=0.50:0.95 | area=medium | maxDets=100 ] = 0.173
 Average Recall     (AR) @[ IoU=0.50:0.95 | area= large | maxDets=100 ] = 0.552
[I 2026-02-24 03:10:24,499] Trial 61 finished with value: 0.44967382764159675 and parameters: {'alpha': 2.8321169266984603, 'mean_rho': 0.3057387386081348, 'variance_rho': 0.0016608507345193327, 'std_bias': 1.875521544141533, 'hue_threshold': 29.64924925917194, 'value_ratio_min': 0.3921488955421918, 'value_ratio_max': 0.935317989070082, 'saturation_diff_threshold': 24.552572560831376}. Best is trial 27 with value: 0.6218635226564296.
creating index...
index created!
Loading and preparing results...
DONE (t=0.01s)
creating index...
index created!
Running per image evaluation...
Evaluate annotation type *bbox*
DONE (t=1.71s).
Accumulating evaluation results...
DONE (t=0.25s).
 Average Precision  (AP) @[ IoU=0.50:0.95 | area=   all | maxDets=100 ] = 0.223
 Average Precision  (AP) @[ IoU=0.50      | area=   all | maxDets=100 ] = 0.477
 Average Precision  (AP) @[ IoU=0.75      | area=   all | maxDets=100 ] = 0.192
 Average Precision  (AP) @[ IoU=0.50:0.95 | area= small | maxDets=100 ] = -1.000
 Average Precision  (AP) @[ IoU=0.50:0.95 | area=medium | maxDets=100 ] = 0.102
 Average Precision  (AP) @[ IoU=0.50:0.95 | area= large | maxDets=100 ] = 0.388
 Average Recall     (AR) @[ IoU=0.50:0.95 | area=   all | maxDets=  1 ] = 0.204
 Average Recall     (AR) @[ IoU=0.50:0.95 | area=   all | maxDets= 10 ] = 0.375
 Average Recall     (AR) @[ IoU=0.50:0.95 | area=   all | maxDets=100 ] = 0.375
 Average Recall     (AR) @[ IoU=0.50:0.95 | area= small | maxDets=100 ] = -1.000
 Average Recall     (AR) @[ IoU=0.50:0.95 | area=medium | maxDets=100 ] = 0.237
 Average Recall     (AR) @[ IoU=0.50:0.95 | area= large | maxDets=100 ] = 0.535
[I 2026-02-24 03:18:17,161] Trial 69 finished with value: 0.4767274244423639 and parameters: {'alpha': 3.389891131691138, 'mean_rho': 0.209138367598835, 'variance_rho': 0.071491858147476, 'std_bias': 1.05098994090589, 'hue_threshold': 29.91299552798835, 'value_ratio_min': 0.32851845490183923, 'value_ratio_max': 0.9504373136388595, 'saturation_diff_threshold': 29.768191560623904}. Best is trial 27 with value: 0.6218635226564296.
creating index...
index created!
Loading and preparing results...
DONE (t=0.01s)
creating index...
index created!
Running per image evaluation...
Evaluate annotation type *bbox*
DONE (t=1.77s).
Accumulating evaluation results...
DONE (t=0.30s).
 Average Precision  (AP) @[ IoU=0.50:0.95 | area=   all | maxDets=100 ] = 0.217
 Average Precision  (AP) @[ IoU=0.50      | area=   all | maxDets=100 ] = 0.488
 Average Precision  (AP) @[ IoU=0.75      | area=   all | maxDets=100 ] = 0.172
 Average Precision  (AP) @[ IoU=0.50:0.95 | area= small | maxDets=100 ] = -1.000
 Average Precision  (AP) @[ IoU=0.50:0.95 | area=medium | maxDets=100 ] = 0.148
 Average Precision  (AP) @[ IoU=0.50:0.95 | area= large | maxDets=100 ] = 0.303
 Average Recall     (AR) @[ IoU=0.50:0.95 | area=   all | maxDets=  1 ] = 0.166
 Average Recall     (AR) @[ IoU=0.50:0.95 | area=   all | maxDets= 10 ] = 0.334
 Average Recall     (AR) @[ IoU=0.50:0.95 | area=   all | maxDets=100 ] = 0.334
 Average Recall     (AR) @[ IoU=0.50:0.95 | area= small | maxDets=100 ] = -1.000
 Average Recall     (AR) @[ IoU=0.50:0.95 | area=medium | maxDets=100 ] = 0.264
 Average Recall     (AR) @[ IoU=0.50:0.95 | area= large | maxDets=100 ] = 0.416
