[I 2026-02-24 04:39:06,340] Trial 154 finished with value: 0.6012994556830185 and parameters: {'alpha': 2.2575020818426887, 'mean_rho': 0.07324114116968514, 'variance_rho': 0.0663079150573325, 'std_bias': 3.6613350370695845, 'hue_threshold': 27.29682946751022, 'value_ratio_min': 0.6789750117389691, 'value_ratio_max': 0.9744105838007076, 'saturation_diff_threshold': 42.519638903503555}. Best is trial 143 with value: 0.6274292904394109.Best trial: 143. Best value: 0.627429:  76%|███████▌  | 19/25 [2:33:51<43:36, 436.11s/it]Best trial: 143. Best value: 0.627429:  76%|███████▌  | 19/25 [2:33:51<43:36, 436.11s/it]Best trial: 143. Best value: 0.627429:  80%|████████  | 20/25 [2:33:51<36:20, 436.18s/it]                                                                                         Best trial: 143. Best value: 0.627429:  80%|████████  | 20/25 [2:41:20<36:20, 436.18s/it]Best trial: 161. Best value: 0.627544:  80%|████████  | 20/25 [2:41:20<36:20, 436.18s/it]Best trial: 161. Best value: 0.627544:  84%|████████▍ | 21/25 [2:41:20<29:19, 439.92s/it]                                                                                         Best trial: 161. Best value: 0.627544:  84%|████████▍ | 21/25 [2:48:37<29:19, 439.92s/it]Best trial: 164. Best value: 0.63127:  84%|████████▍ | 21/25 [2:48:37<29:19, 439.92s/it] Best trial: 164. Best value: 0.63127:  88%|████████▊ | 22/25 [2:48:37<21:57, 439.16s/it]                                                                                        Best trial: 164. Best value: 0.63127:  88%|████████▊ | 22/25 [2:55:51<21:57, 439.16s/it]Best trial: 174. Best value: 0.638334:  88%|████████▊ | 22/25 [2:55:51<21:57, 439.16s/it]Best trial: 174. Best value: 0.638334:  92%|█████████▏| 23/25 [2:55:51<14:35, 437.77s/it]                                                                                         Best trial: 174. Best value: 0.638334:  92%|█████████▏| 23/25 [3:03:10<14:35, 437.77s/it]Best trial: 174. Best value: 0.638334:  92%|█████████▏| 23/25 [3:03:10<14:35, 437.77s/it]Best trial: 174. Best value: 0.638334:  96%|█████████▌| 24/25 [3:03:10<07:17, 437.96s/it]                                                                                         
creating index...
index created!
Loading and preparing results...
DONE (t=0.01s)
creating index...
index created!
Running per image evaluation...
Evaluate annotation type *bbox*
DONE (t=1.94s).
Accumulating evaluation results...
DONE (t=0.30s).
 Average Precision  (AP) @[ IoU=0.50:0.95 | area=   all | maxDets=100 ] = 0.356
 Average Precision  (AP) @[ IoU=0.50      | area=   all | maxDets=100 ] = 0.619
 Average Precision  (AP) @[ IoU=0.75      | area=   all | maxDets=100 ] = 0.360
 Average Precision  (AP) @[ IoU=0.50:0.95 | area= small | maxDets=100 ] = -1.000
 Average Precision  (AP) @[ IoU=0.50:0.95 | area=medium | maxDets=100 ] = 0.191
 Average Precision  (AP) @[ IoU=0.50:0.95 | area= large | maxDets=100 ] = 0.561
 Average Recall     (AR) @[ IoU=0.50:0.95 | area=   all | maxDets=  1 ] = 0.247
 Average Recall     (AR) @[ IoU=0.50:0.95 | area=   all | maxDets= 10 ] = 0.474
 Average Recall     (AR) @[ IoU=0.50:0.95 | area=   all | maxDets=100 ] = 0.474
 Average Recall     (AR) @[ IoU=0.50:0.95 | area= small | maxDets=100 ] = -1.000
 Average Recall     (AR) @[ IoU=0.50:0.95 | area=medium | maxDets=100 ] = 0.293
 Average Recall     (AR) @[ IoU=0.50:0.95 | area= large | maxDets=100 ] = 0.683
[I 2026-02-24 04:46:34,987] Trial 162 finished with value: 0.6188756466044215 and parameters: {'alpha': 2.079942874607543, 'mean_rho': 0.002083012163775277, 'variance_rho': 0.04733343054187118, 'std_bias': 4.050369337276489, 'hue_threshold': 26.26180674154752, 'value_ratio_min': 0.5076446288401365, 'value_ratio_max': 0.9804316908363493, 'saturation_diff_threshold': 43.431232040034324}. Best is trial 161 with value: 0.6275437941048662.
creating index...
index created!
Loading and preparing results...
DONE (t=0.01s)
creating index...
index created!
Running per image evaluation...
Evaluate annotation type *bbox*
DONE (t=1.78s).
Accumulating evaluation results...
DONE (t=0.55s).
 Average Precision  (AP) @[ IoU=0.50:0.95 | area=   all | maxDets=100 ] = 0.299
 Average Precision  (AP) @[ IoU=0.50      | area=   all | maxDets=100 ] = 0.576
 Average Precision  (AP) @[ IoU=0.75      | area=   all | maxDets=100 ] = 0.281
 Average Precision  (AP) @[ IoU=0.50:0.95 | area= small | maxDets=100 ] = -1.000
 Average Precision  (AP) @[ IoU=0.50:0.95 | area=medium | maxDets=100 ] = 0.176
 Average Precision  (AP) @[ IoU=0.50:0.95 | area= large | maxDets=100 ] = 0.453
 Average Recall     (AR) @[ IoU=0.50:0.95 | area=   all | maxDets=  1 ] = 0.218
 Average Recall     (AR) @[ IoU=0.50:0.95 | area=   all | maxDets= 10 ] = 0.427
 Average Recall     (AR) @[ IoU=0.50:0.95 | area=   all | maxDets=100 ] = 0.427
 Average Recall     (AR) @[ IoU=0.50:0.95 | area= small | maxDets=100 ] = -1.000
 Average Recall     (AR) @[ IoU=0.50:0.95 | area=medium | maxDets=100 ] = 0.285
 Average Recall     (AR) @[ IoU=0.50:0.95 | area= large | maxDets=100 ] = 0.591
[I 2026-02-24 04:53:52,373] Trial 170 finished with value: 0.575623017906222 and parameters: {'alpha': 1.9435641768223044, 'mean_rho': 0.023149459262167806, 'variance_rho': 0.04323971713402204, 'std_bias': 3.4601382149022477, 'hue_threshold': 26.21707144616561, 'value_ratio_min': 0.5167771997206245, 'value_ratio_max': 0.9718342162646603, 'saturation_diff_threshold': 43.37627109575668}. Best is trial 164 with value: 0.6312701611987728.
creating index...
index created!
Loading and preparing results...
DONE (t=0.02s)
creating index...
index created!
Running per image evaluation...
Evaluate annotation type *bbox*
DONE (t=2.12s).
Accumulating evaluation results...
DONE (t=0.33s).
 Average Precision  (AP) @[ IoU=0.50:0.95 | area=   all | maxDets=100 ] = 0.335
 Average Precision  (AP) @[ IoU=0.50      | area=   all | maxDets=100 ] = 0.603
 Average Precision  (AP) @[ IoU=0.75      | area=   all | maxDets=100 ] = 0.327
 Average Precision  (AP) @[ IoU=0.50:0.95 | area= small | maxDets=100 ] = -1.000
 Average Precision  (AP) @[ IoU=0.50:0.95 | area=medium | maxDets=100 ] = 0.191
 Average Precision  (AP) @[ IoU=0.50:0.95 | area= large | maxDets=100 ] = 0.514
 Average Recall     (AR) @[ IoU=0.50:0.95 | area=   all | maxDets=  1 ] = 0.228
 Average Recall     (AR) @[ IoU=0.50:0.95 | area=   all | maxDets= 10 ] = 0.456
 Average Recall     (AR) @[ IoU=0.50:0.95 | area=   all | maxDets=100 ] = 0.456
 Average Recall     (AR) @[ IoU=0.50:0.95 | area= small | maxDets=100 ] = -1.000
 Average Recall     (AR) @[ IoU=0.50:0.95 | area=medium | maxDets=100 ] = 0.295
 Average Recall     (AR) @[ IoU=0.50:0.95 | area= large | maxDets=100 ] = 0.642
[I 2026-02-24 05:01:06,882] Trial 178 finished with value: 0.6031047253317837 and parameters: {'alpha': 2.2273893957791087, 'mean_rho': 0.03427168727654854, 'variance_rho': 0.02426914109369593, 'std_bias': 3.9926702951389212, 'hue_threshold': 27.644861783044874, 'value_ratio_min': 0.5187209974507114, 'value_ratio_max': 0.9959729442989874, 'saturation_diff_threshold': 44.82378877808633}. Best is trial 174 with value: 0.6383340437103443.
creating index...
index created!
Loading and preparing results...
DONE (t=0.01s)
creating index...
index created!
Running per image evaluation...
Evaluate annotation type *bbox*
DONE (t=1.83s).
Accumulating evaluation results...
DONE (t=0.26s).
 Average Precision  (AP) @[ IoU=0.50:0.95 | area=   all | maxDets=100 ] = 0.356
 Average Precision  (AP) @[ IoU=0.50      | area=   all | maxDets=100 ] = 0.637
 Average Precision  (AP) @[ IoU=0.75      | area=   all | maxDets=100 ] = 0.337
 Average Precision  (AP) @[ IoU=0.50:0.95 | area= small | maxDets=100 ] = -1.000
 Average Precision  (AP) @[ IoU=0.50:0.95 | area=medium | maxDets=100 ] = 0.194
 Average Precision  (AP) @[ IoU=0.50:0.95 | area= large | maxDets=100 ] = 0.551
 Average Recall     (AR) @[ IoU=0.50:0.95 | area=   all | maxDets=  1 ] = 0.233
 Average Recall     (AR) @[ IoU=0.50:0.95 | area=   all | maxDets= 10 ] = 0.464
 Average Recall     (AR) @[ IoU=0.50:0.95 | area=   all | maxDets=100 ] = 0.464
 Average Recall     (AR) @[ IoU=0.50:0.95 | area= small | maxDets=100 ] = -1.000
 Average Recall     (AR) @[ IoU=0.50:0.95 | area=medium | maxDets=100 ] = 0.296
 Average Recall     (AR) @[ IoU=0.50:0.95 | area= large | maxDets=100 ] = 0.660
[I 2026-02-24 05:08:25,321] Trial 186 finished with value: 0.6369125969287986 and parameters: {'alpha': 2.1623650510953687, 'mean_rho': 0.03241536778510858, 'variance_rho': 0.07535771738099832, 'std_bias': 4.1827652107262105, 'hue_threshold': 29.97465056479218, 'value_ratio_min': 0.5644820487655966, 'value_ratio_max': 0.9924069491877187, 'saturation_diff_threshold': 41.89345305539193}. Best is trial 174 with value: 0.6383340437103443.
creating index...
index created!
Loading and preparing results...
DONE (t=0.01s)
creating index...
index created!
Running per image evaluation...
Evaluate annotation type *bbox*
DONE (t=1.58s).
Accumulating evaluation results...
DONE (t=0.25s).
 Average Precision  (AP) @[ IoU=0.50:0.95 | area=   all | maxDets=100 ] = 0.360
 Average Precision  (AP) @[ IoU=0.50      | area=   all | maxDets=100 ] = 0.644
 Average Precision  (AP) @[ IoU=0.75      | area=   all | maxDets=100 ] = 0.350
 Average Precision  (AP) @[ IoU=0.50:0.95 | area= small | maxDets=100 ] = -1.000
 Average Precision  (AP) @[ IoU=0.50:0.95 | area=medium | maxDets=100 ] = 0.196
 Average Precision  (AP) @[ IoU=0.50:0.95 | area= large | maxDets=100 ] = 0.564
 Average Recall     (AR) @[ IoU=0.50:0.95 | area=   all | maxDets=  1 ] = 0.235
 Average Recall     (AR) @[ IoU=0.50:0.95 | area=   all | maxDets= 10 ] = 0.471
 Average Recall     (AR) @[ IoU=0.50:0.95 | area=   all | maxDets=100 ] = 0.471
 Average Recall     (AR) @[ IoU=0.50:0.95 | area= small | maxDets=100 ] = -1.000
 Average Recall     (AR) @[ IoU=0.50:0.95 | area=medium | maxDets=100 ] = 0.296
 Average Recall     (AR) @[ IoU=0.50:0.95 | area= large | maxDets=100 ] = 0.674
[I 2026-02-24 05:15:36,189] Trial 194 finished with value: 0.6436792545989515 and parameters: {'alpha': 2.089393301016068, 'mean_rho': 0.011233300009878862, 'variance_rho': 0.07392037975856977, 'std_bias': 4.250807435723329, 'hue_threshold': 29.698287907332418, 'value_ratio_min': 0.5678536155863794, 'value_ratio_max': 0.9966764582778956, 'saturation_diff_threshold': 36.08668415788063}. Best is trial 193 with value: 0.6548727833910944.Best trial: 174. Best value: 0.638334:  96%|█████████▌| 24/25 [3:10:21<07:17, 437.96s/it]Best trial: 193. Best value: 0.654873:  96%|█████████▌| 24/25 [3:10:21<07:17, 437.96s/it]Best trial: 193. Best value: 0.654873: 100%|██████████| 25/25 [3:10:21<00:00, 435.84s/it]Best trial: 193. Best value: 0.654873: 100%|██████████| 25/25 [3:10:21<00:00, 456.85s/it]


================================================================================
OPTIMIZATION COMPLETE
================================================================================

Best AP50: 0.6549

Best hyperparameters:
  alpha: 2.0933154680482495
  mean_rho: 0.009115651856561206
  variance_rho: 0.07520599715083304
  std_bias: 4.207707917671822
  hue_threshold: 29.905532124564267
  value_ratio_min: 0.5078298592725248
  value_ratio_max: 0.9948932249196348
  saturation_diff_threshold: 37.1876589771072

Total trials completed: 200
Results saved to: optuna_adaptive_with_temporal.db

To visualize results, use optuna-dashboard:
  optuna-dashboard sqlite:///optuna_adaptive_with_temporal.db
