[I 2026-02-24 01:33:01,980] Trial 164 finished with value: 0.600055833789442 and parameters: {'alpha': 2.330655520989378, 'mean_rho': 0.3584155346540689, 'variance_rho': 0.04881737329544149, 'std_bias': 4.242118246883001, 'hue_threshold': 9.865305005272884, 'value_ratio_min': 0.32619185836989006, 'value_ratio_max': 0.8703211673446554, 'saturation_diff_threshold': 26.28272843854361}. Best is trial 72 with value: 0.6466417287921127.Best trial: 72. Best value: 0.646642:  76%|███████▌  | 19/25 [2:28:17<45:02, 450.35s/it]Best trial: 72. Best value: 0.646642:  76%|███████▌  | 19/25 [2:28:17<45:02, 450.35s/it]Best trial: 72. Best value: 0.646642:  80%|████████  | 20/25 [2:28:17<37:00, 444.06s/it]                                                                                        Best trial: 72. Best value: 0.646642:  80%|████████  | 20/25 [2:35:24<37:00, 444.06s/it]Best trial: 72. Best value: 0.646642:  80%|████████  | 20/25 [2:35:24<37:00, 444.06s/it]Best trial: 72. Best value: 0.646642:  84%|████████▍ | 21/25 [2:35:24<29:16, 439.02s/it]                                                                                        Best trial: 72. Best value: 0.646642:  84%|████████▍ | 21/25 [2:42:25<29:16, 439.02s/it]Best trial: 72. Best value: 0.646642:  84%|████████▍ | 21/25 [2:42:25<29:16, 439.02s/it]Best trial: 72. Best value: 0.646642:  88%|████████▊ | 22/25 [2:42:25<21:40, 433.53s/it]                                                                                        Best trial: 72. Best value: 0.646642:  88%|████████▊ | 22/25 [2:49:15<21:40, 433.53s/it]Best trial: 72. Best value: 0.646642:  88%|████████▊ | 22/25 [2:49:15<21:40, 433.53s/it]Best trial: 72. Best value: 0.646642:  92%|█████████▏| 23/25 [2:49:15<14:12, 426.39s/it]                                                                                        Best trial: 72. Best value: 0.646642:  92%|█████████▏| 23/25 [2:55:15<14:12, 426.39s/it]Best trial: 72. Best value: 0.646642:  92%|█████████▏| 23/25 [2:55:15<14:12, 426.39s/it]Best trial: 72. Best value: 0.646642:  96%|█████████▌| 24/25 [2:55:15<06:46, 406.58s/it]                                                                                        
creating index...
index created!
Loading and preparing results...
DONE (t=0.02s)
creating index...
index created!
Running per image evaluation...
Evaluate annotation type *bbox*
DONE (t=1.83s).
Accumulating evaluation results...
DONE (t=0.29s).
 Average Precision  (AP) @[ IoU=0.50:0.95 | area=   all | maxDets=100 ] = 0.351
 Average Precision  (AP) @[ IoU=0.50      | area=   all | maxDets=100 ] = 0.592
 Average Precision  (AP) @[ IoU=0.75      | area=   all | maxDets=100 ] = 0.363
 Average Precision  (AP) @[ IoU=0.50:0.95 | area= small | maxDets=100 ] = -1.000
 Average Precision  (AP) @[ IoU=0.50:0.95 | area=medium | maxDets=100 ] = 0.241
 Average Precision  (AP) @[ IoU=0.50:0.95 | area= large | maxDets=100 ] = 0.488
 Average Recall     (AR) @[ IoU=0.50:0.95 | area=   all | maxDets=  1 ] = 0.237
 Average Recall     (AR) @[ IoU=0.50:0.95 | area=   all | maxDets= 10 ] = 0.465
 Average Recall     (AR) @[ IoU=0.50:0.95 | area=   all | maxDets=100 ] = 0.465
 Average Recall     (AR) @[ IoU=0.50:0.95 | area= small | maxDets=100 ] = -1.000
 Average Recall     (AR) @[ IoU=0.50:0.95 | area=medium | maxDets=100 ] = 0.347
 Average Recall     (AR) @[ IoU=0.50:0.95 | area= large | maxDets=100 ] = 0.601
[I 2026-02-24 01:40:09,221] Trial 172 finished with value: 0.5915809665364757 and parameters: {'alpha': 2.087906037788226, 'mean_rho': 0.10219966289126742, 'variance_rho': 0.03583798121224658, 'std_bias': 3.8818264530682054, 'hue_threshold': 18.517245533194302, 'value_ratio_min': 0.3518673065582776, 'value_ratio_max': 0.8969858382534368, 'saturation_diff_threshold': 30.30860082268376}. Best is trial 72 with value: 0.6466417287921127.
creating index...
index created!
Loading and preparing results...
DONE (t=0.02s)
creating index...
index created!
Running per image evaluation...
Evaluate annotation type *bbox*
DONE (t=1.90s).
Accumulating evaluation results...
DONE (t=0.49s).
 Average Precision  (AP) @[ IoU=0.50:0.95 | area=   all | maxDets=100 ] = 0.398
 Average Precision  (AP) @[ IoU=0.50      | area=   all | maxDets=100 ] = 0.640
 Average Precision  (AP) @[ IoU=0.75      | area=   all | maxDets=100 ] = 0.417
 Average Precision  (AP) @[ IoU=0.50:0.95 | area= small | maxDets=100 ] = -1.000
 Average Precision  (AP) @[ IoU=0.50:0.95 | area=medium | maxDets=100 ] = 0.226
 Average Precision  (AP) @[ IoU=0.50:0.95 | area= large | maxDets=100 ] = 0.600
 Average Recall     (AR) @[ IoU=0.50:0.95 | area=   all | maxDets=  1 ] = 0.263
 Average Recall     (AR) @[ IoU=0.50:0.95 | area=   all | maxDets= 10 ] = 0.502
 Average Recall     (AR) @[ IoU=0.50:0.95 | area=   all | maxDets=100 ] = 0.502
 Average Recall     (AR) @[ IoU=0.50:0.95 | area= small | maxDets=100 ] = -1.000
 Average Recall     (AR) @[ IoU=0.50:0.95 | area=medium | maxDets=100 ] = 0.334
 Average Recall     (AR) @[ IoU=0.50:0.95 | area= large | maxDets=100 ] = 0.698
[I 2026-02-24 01:47:09,942] Trial 181 finished with value: 0.6403168112966747 and parameters: {'alpha': 2.2258967785087505, 'mean_rho': 0.07151295214747118, 'variance_rho': 0.0623046405227357, 'std_bias': 4.444206528369969, 'hue_threshold': 16.12297993523624, 'value_ratio_min': 0.3398329434098074, 'value_ratio_max': 0.9357367192981797, 'saturation_diff_threshold': 33.60906574318479}. Best is trial 72 with value: 0.6466417287921127.
creating index...
index created!
Loading and preparing results...
DONE (t=0.01s)
creating index...
index created!
Running per image evaluation...
Evaluate annotation type *bbox*
DONE (t=1.85s).
Accumulating evaluation results...
DONE (t=0.32s).
 Average Precision  (AP) @[ IoU=0.50:0.95 | area=   all | maxDets=100 ] = 0.400
 Average Precision  (AP) @[ IoU=0.50      | area=   all | maxDets=100 ] = 0.644
 Average Precision  (AP) @[ IoU=0.75      | area=   all | maxDets=100 ] = 0.422
 Average Precision  (AP) @[ IoU=0.50:0.95 | area= small | maxDets=100 ] = -1.000
 Average Precision  (AP) @[ IoU=0.50:0.95 | area=medium | maxDets=100 ] = 0.228
 Average Precision  (AP) @[ IoU=0.50:0.95 | area= large | maxDets=100 ] = 0.600
 Average Recall     (AR) @[ IoU=0.50:0.95 | area=   all | maxDets=  1 ] = 0.263
 Average Recall     (AR) @[ IoU=0.50:0.95 | area=   all | maxDets= 10 ] = 0.502
 Average Recall     (AR) @[ IoU=0.50:0.95 | area=   all | maxDets=100 ] = 0.502
 Average Recall     (AR) @[ IoU=0.50:0.95 | area= small | maxDets=100 ] = -1.000
 Average Recall     (AR) @[ IoU=0.50:0.95 | area=medium | maxDets=100 ] = 0.332
 Average Recall     (AR) @[ IoU=0.50:0.95 | area= large | maxDets=100 ] = 0.699
[I 2026-02-24 01:53:59,704] Trial 189 finished with value: 0.6441128600879492 and parameters: {'alpha': 2.243035548469529, 'mean_rho': 0.08351110164756392, 'variance_rho': 0.0803605277220887, 'std_bias': 4.338567816218857, 'hue_threshold': 16.07821830218269, 'value_ratio_min': 0.33625500051102813, 'value_ratio_max': 0.9368346497667847, 'saturation_diff_threshold': 33.37811482856632}. Best is trial 72 with value: 0.6466417287921127.
creating index...
index created!
Loading and preparing results...
DONE (t=0.01s)
creating index...
index created!
Running per image evaluation...
Evaluate annotation type *bbox*
DONE (t=1.30s).
Accumulating evaluation results...
DONE (t=0.19s).
 Average Precision  (AP) @[ IoU=0.50:0.95 | area=   all | maxDets=100 ] = 0.391
 Average Precision  (AP) @[ IoU=0.50      | area=   all | maxDets=100 ] = 0.639
 Average Precision  (AP) @[ IoU=0.75      | area=   all | maxDets=100 ] = 0.404
 Average Precision  (AP) @[ IoU=0.50:0.95 | area= small | maxDets=100 ] = -1.000
 Average Precision  (AP) @[ IoU=0.50:0.95 | area=medium | maxDets=100 ] = 0.217
 Average Precision  (AP) @[ IoU=0.50:0.95 | area= large | maxDets=100 ] = 0.595
 Average Recall     (AR) @[ IoU=0.50:0.95 | area=   all | maxDets=  1 ] = 0.252
 Average Recall     (AR) @[ IoU=0.50:0.95 | area=   all | maxDets= 10 ] = 0.487
 Average Recall     (AR) @[ IoU=0.50:0.95 | area=   all | maxDets=100 ] = 0.487
 Average Recall     (AR) @[ IoU=0.50:0.95 | area= small | maxDets=100 ] = -1.000
 Average Recall     (AR) @[ IoU=0.50:0.95 | area=medium | maxDets=100 ] = 0.313
 Average Recall     (AR) @[ IoU=0.50:0.95 | area= large | maxDets=100 ] = 0.688
[I 2026-02-24 02:00:00,072] Trial 196 finished with value: 0.6392771683544481 and parameters: {'alpha': 2.4665732814999415, 'mean_rho': 0.08482507637301326, 'variance_rho': 0.0731363009931316, 'std_bias': 4.0925212465314935, 'hue_threshold': 15.692955472258998, 'value_ratio_min': 0.545236451471439, 'value_ratio_max': 0.9386474112098644, 'saturation_diff_threshold': 31.967986257983974}. Best is trial 72 with value: 0.6466417287921127.
creating index...
index created!
Loading and preparing results...
DONE (t=0.01s)
creating index...
index created!
Running per image evaluation...
Evaluate annotation type *bbox*
DONE (t=0.94s).
Accumulating evaluation results...
DONE (t=0.15s).
 Average Precision  (AP) @[ IoU=0.50:0.95 | area=   all | maxDets=100 ] = 0.400
 Average Precision  (AP) @[ IoU=0.50      | area=   all | maxDets=100 ] = 0.645
 Average Precision  (AP) @[ IoU=0.75      | area=   all | maxDets=100 ] = 0.418
 Average Precision  (AP) @[ IoU=0.50:0.95 | area= small | maxDets=100 ] = -1.000
 Average Precision  (AP) @[ IoU=0.50:0.95 | area=medium | maxDets=100 ] = 0.231
 Average Precision  (AP) @[ IoU=0.50:0.95 | area= large | maxDets=100 ] = 0.595
 Average Recall     (AR) @[ IoU=0.50:0.95 | area=   all | maxDets=  1 ] = 0.256
 Average Recall     (AR) @[ IoU=0.50:0.95 | area=   all | maxDets= 10 ] = 0.498
 Average Recall     (AR) @[ IoU=0.50:0.95 | area=   all | maxDets=100 ] = 0.498
 Average Recall     (AR) @[ IoU=0.50:0.95 | area= small | maxDets=100 ] = -1.000
 Average Recall     (AR) @[ IoU=0.50:0.95 | area=medium | maxDets=100 ] = 0.331
 Average Recall     (AR) @[ IoU=0.50:0.95 | area= large | maxDets=100 ] = 0.692
[I 2026-02-24 02:04:57,468] Trial 199 finished with value: 0.6449600425299146 and parameters: {'alpha': 2.364214784427933, 'mean_rho': 0.0972058483838033, 'variance_rho': 0.06626270437127872, 'std_bias': 4.291746858752456, 'hue_threshold': 16.87368481976158, 'value_ratio_min': 0.5224118663581441, 'value_ratio_max': 0.9622549214455182, 'saturation_diff_threshold': 31.813270524544944}. Best is trial 72 with value: 0.6466417287921127.Best trial: 72. Best value: 0.646642:  96%|█████████▌| 24/25 [3:00:12<06:46, 406.58s/it]Best trial: 72. Best value: 0.646642:  96%|█████████▌| 24/25 [3:00:12<06:46, 406.58s/it]Best trial: 72. Best value: 0.646642: 100%|██████████| 25/25 [3:00:12<00:00, 373.82s/it]Best trial: 72. Best value: 0.646642: 100%|██████████| 25/25 [3:00:12<00:00, 432.52s/it]


================================================================================
OPTIMIZATION COMPLETE
================================================================================

Best AP50: 0.6466

Best hyperparameters:
  alpha: 2.3395495784492826
  mean_rho: 0.08250304478944578
  variance_rho: 0.06958246671086901
  std_bias: 4.409579582318875
  hue_threshold: 17.15537190209033
  value_ratio_min: 0.3264487033390467
  value_ratio_max: 0.8717634229722113
  saturation_diff_threshold: 32.39150859974187

Total trials completed: 200
Results saved to: optuna_adaptive_no_temporal.db

To visualize results, use optuna-dashboard:
  optuna-dashboard sqlite:///optuna_adaptive_no_temporal.db
