[I 2026-02-24 02:05:25,494] Using an existing study with name 'adaptive_with_temporal' instead of creating a new one.
Loading annotations and video...
Starting optimization for study 'adaptive_with_temporal'
Using temporal detector: True
Database: optuna_adaptive_with_temporal.db
Number of trials: 25

To run in parallel, execute this same command in multiple terminals.
--------------------------------------------------------------------------------
  0%|          | 0/25 [00:00<?, ?it/s]                                        0%|          | 0/25 [07:14<?, ?it/s]Best trial: 0. Best value: 0.403799:   0%|          | 0/25 [07:14<?, ?it/s]Best trial: 0. Best value: 0.403799:   4%|▍         | 1/25 [07:14<2:53:51, 434.65s/it]                                                                                      Best trial: 0. Best value: 0.403799:   4%|▍         | 1/25 [14:20<2:53:51, 434.65s/it]Best trial: 6. Best value: 0.507345:   4%|▍         | 1/25 [14:20<2:53:51, 434.65s/it]Best trial: 6. Best value: 0.507345:   8%|▊         | 2/25 [14:20<2:44:42, 429.66s/it]                                                                                      Best trial: 6. Best value: 0.507345:   8%|▊         | 2/25 [24:53<2:44:42, 429.66s/it]Best trial: 12. Best value: 0.59836:   8%|▊         | 2/25 [24:53<2:44:42, 429.66s/it]Best trial: 12. Best value: 0.59836:  12%|█▏        | 3/25 [24:53<3:11:35, 522.52s/it]                                                                                      Best trial: 12. Best value: 0.59836:  12%|█▏        | 3/25 [35:51<3:11:35, 522.52s/it]Best trial: 27. Best value: 0.621864:  12%|█▏        | 3/25 [35:51<3:11:35, 522.52s/it]Best trial: 27. Best value: 0.621864:  16%|█▌        | 4/25 [35:51<3:21:30, 575.74s/it]                                                                                       creating index...
index created!
Loading and preparing results...
DONE (t=0.01s)
creating index...
index created!
Running per image evaluation...
Evaluate annotation type *bbox*
DONE (t=1.56s).
Accumulating evaluation results...
DONE (t=0.29s).
 Average Precision  (AP) @[ IoU=0.50:0.95 | area=   all | maxDets=100 ] = 0.047
 Average Precision  (AP) @[ IoU=0.50      | area=   all | maxDets=100 ] = 0.138
 Average Precision  (AP) @[ IoU=0.75      | area=   all | maxDets=100 ] = 0.023
 Average Precision  (AP) @[ IoU=0.50:0.95 | area= small | maxDets=100 ] = -1.000
 Average Precision  (AP) @[ IoU=0.50:0.95 | area=medium | maxDets=100 ] = 0.024
 Average Precision  (AP) @[ IoU=0.50:0.95 | area= large | maxDets=100 ] = 0.087
 Average Recall     (AR) @[ IoU=0.50:0.95 | area=   all | maxDets=  1 ] = 0.078
 Average Recall     (AR) @[ IoU=0.50:0.95 | area=   all | maxDets= 10 ] = 0.116
 Average Recall     (AR) @[ IoU=0.50:0.95 | area=   all | maxDets=100 ] = 0.116
 Average Recall     (AR) @[ IoU=0.50:0.95 | area= small | maxDets=100 ] = -1.000
 Average Recall     (AR) @[ IoU=0.50:0.95 | area=medium | maxDets=100 ] = 0.064
 Average Recall     (AR) @[ IoU=0.50:0.95 | area= large | maxDets=100 ] = 0.177
[I 2026-02-24 02:12:40,139] Trial 5 finished with value: 0.13830758392705572 and parameters: {'alpha': 3.6423869981934716, 'mean_rho': 0.022153871090332157, 'variance_rho': 0.2833914424131883, 'std_bias': 3.095963554042051, 'hue_threshold': 26.83820481056976, 'value_ratio_min': 0.4589238387591094, 'value_ratio_max': 0.8464564949293806, 'saturation_diff_threshold': 46.69837394448867}. Best is trial 0 with value: 0.4037988571646059.
creating index...
index created!
Loading and preparing results...
DONE (t=0.01s)
creating index...
index created!
Running per image evaluation...
Evaluate annotation type *bbox*
DONE (t=1.49s).
Accumulating evaluation results...
DONE (t=0.23s).
 Average Precision  (AP) @[ IoU=0.50:0.95 | area=   all | maxDets=100 ] = 0.082
 Average Precision  (AP) @[ IoU=0.50      | area=   all | maxDets=100 ] = 0.218
 Average Precision  (AP) @[ IoU=0.75      | area=   all | maxDets=100 ] = 0.046
 Average Precision  (AP) @[ IoU=0.50:0.95 | area= small | maxDets=100 ] = -1.000
 Average Precision  (AP) @[ IoU=0.50:0.95 | area=medium | maxDets=100 ] = 0.041
 Average Precision  (AP) @[ IoU=0.50:0.95 | area= large | maxDets=100 ] = 0.138
 Average Recall     (AR) @[ IoU=0.50:0.95 | area=   all | maxDets=  1 ] = 0.105
 Average Recall     (AR) @[ IoU=0.50:0.95 | area=   all | maxDets= 10 ] = 0.164
 Average Recall     (AR) @[ IoU=0.50:0.95 | area=   all | maxDets=100 ] = 0.164
 Average Recall     (AR) @[ IoU=0.50:0.95 | area= small | maxDets=100 ] = -1.000
 Average Recall     (AR) @[ IoU=0.50:0.95 | area=medium | maxDets=100 ] = 0.097
 Average Recall     (AR) @[ IoU=0.50:0.95 | area= large | maxDets=100 ] = 0.243
[I 2026-02-24 02:19:46,326] Trial 10 finished with value: 0.21779706768005094 and parameters: {'alpha': 3.2831660185642164, 'mean_rho': 0.04885671228406043, 'variance_rho': 0.1865358986725067, 'std_bias': 4.857722225179037, 'hue_threshold': 23.038909450567996, 'value_ratio_min': 0.4464961758600004, 'value_ratio_max': 0.9100416141466064, 'saturation_diff_threshold': 27.252336724624094}. Best is trial 6 with value: 0.5073452909060291.
creating index...
index created!
Loading and preparing results...
DONE (t=0.03s)
creating index...
index created!
Running per image evaluation...
Evaluate annotation type *bbox*
DONE (t=2.49s).
Accumulating evaluation results...
DONE (t=0.40s).
 Average Precision  (AP) @[ IoU=0.50:0.95 | area=   all | maxDets=100 ] = 0.025
 Average Precision  (AP) @[ IoU=0.50      | area=   all | maxDets=100 ] = 0.069
 Average Precision  (AP) @[ IoU=0.75      | area=   all | maxDets=100 ] = 0.011
 Average Precision  (AP) @[ IoU=0.50:0.95 | area= small | maxDets=100 ] = -1.000
 Average Precision  (AP) @[ IoU=0.50:0.95 | area=medium | maxDets=100 ] = 0.004
 Average Precision  (AP) @[ IoU=0.50:0.95 | area= large | maxDets=100 ] = 0.046
 Average Recall     (AR) @[ IoU=0.50:0.95 | area=   all | maxDets=  1 ] = 0.028
 Average Recall     (AR) @[ IoU=0.50:0.95 | area=   all | maxDets= 10 ] = 0.063
 Average Recall     (AR) @[ IoU=0.50:0.95 | area=   all | maxDets=100 ] = 0.066
 Average Recall     (AR) @[ IoU=0.50:0.95 | area= small | maxDets=100 ] = -1.000
 Average Recall     (AR) @[ IoU=0.50:0.95 | area=medium | maxDets=100 ] = 0.052
 Average Recall     (AR) @[ IoU=0.50:0.95 | area= large | maxDets=100 ] = 0.082
[I 2026-02-24 02:30:19,339] Trial 16 finished with value: 0.06926045047200688 and parameters: {'alpha': 1.6049178397522925, 'mean_rho': 0.12709435696607946, 'variance_rho': 0.17914515327206476, 'std_bias': 1.2737707214951293, 'hue_threshold': 8.218960544891388, 'value_ratio_min': 0.6255143979900959, 'value_ratio_max': 0.9795473353975249, 'saturation_diff_threshold': 42.982757782199755}. Best is trial 12 with value: 0.5983602105526338.
creating index...
index created!
Loading and preparing results...
DONE (t=0.26s)
creating index...
index created!
Running per image evaluation...
Evaluate annotation type *bbox*
DONE (t=2.72s).
Accumulating evaluation results...
DONE (t=0.43s).
 Average Precision  (AP) @[ IoU=0.50:0.95 | area=   all | maxDets=100 ] = 0.036
 Average Precision  (AP) @[ IoU=0.50      | area=   all | maxDets=100 ] = 0.077
 Average Precision  (AP) @[ IoU=0.75      | area=   all | maxDets=100 ] = 0.026
 Average Precision  (AP) @[ IoU=0.50:0.95 | area= small | maxDets=100 ] = -1.000
 Average Precision  (AP) @[ IoU=0.50:0.95 | area=medium | maxDets=100 ] = 0.005
 Average Precision  (AP) @[ IoU=0.50:0.95 | area= large | maxDets=100 ] = 0.072
 Average Recall     (AR) @[ IoU=0.50:0.95 | area=   all | maxDets=  1 ] = 0.022
 Average Recall     (AR) @[ IoU=0.50:0.95 | area=   all | maxDets= 10 ] = 0.092
 Average Recall     (AR) @[ IoU=0.50:0.95 | area=   all | maxDets=100 ] = 0.093
 Average Recall     (AR) @[ IoU=0.50:0.95 | area= small | maxDets=100 ] = -1.000
 Average Recall     (AR) @[ IoU=0.50:0.95 | area=medium | maxDets=100 ] = 0.050
 Average Recall     (AR) @[ IoU=0.50:0.95 | area= large | maxDets=100 ] = 0.143
[I 2026-02-24 02:41:16,660] Trial 26 finished with value: 0.07707658790082071 and parameters: {'alpha': 1.0942153171445046, 'mean_rho': 0.3940819595104401, 'variance_rho': 0.05617781195945322, 'std_bias': 2.2214463427638815, 'hue_threshold': 28.674921365100687, 'value_ratio_min': 0.3040465819857287, 'value_ratio_max': 0.9542665571792923, 'saturation_diff_threshold': 19.229572172711716}. Best is trial 27 with value: 0.6218635226564296.
creating index...
index created!
Loading and preparing results...
DONE (t=0.01s)
creating index...
index created!
Running per image evaluation...
Evaluate annotation type *bbox*
DONE (t=1.54s).
Accumulating evaluation results...
DONE (t=0.25s).
 Average Precision  (AP) @[ IoU=0.50:0.95 | area=   all | maxDets=100 ] = 0.241
 Average Precision  (AP) @[ IoU=0.50      | area=   all | maxDets=100 ] = 0.476
 Average Precision  (AP) @[ IoU=0.75      | area=   all | maxDets=100 ] = 0.213
 Average Precision  (AP) @[ IoU=0.50:0.95 | area= small | maxDets=100 ] = -1.000
 Average Precision  (AP) @[ IoU=0.50:0.95 | area=medium | maxDets=100 ] = 0.088
 Average Precision  (AP) @[ IoU=0.50:0.95 | area= large | maxDets=100 ] = 0.449
 Average Recall     (AR) @[ IoU=0.50:0.95 | area=   all | maxDets=  1 ] = 0.202
 Average Recall     (AR) @[ IoU=0.50:0.95 | area=   all | maxDets= 10 ] = 0.352
 Average Recall     (AR) @[ IoU=0.50:0.95 | area=   all | maxDets=100 ] = 0.352
 Average Recall     (AR) @[ IoU=0.50:0.95 | area= small | maxDets=100 ] = -1.000
 Average Recall     (AR) @[ IoU=0.50:0.95 | area=medium | maxDets=100 ] = 0.168
 Average Recall     (AR) @[ IoU=0.50:0.95 | area= large | maxDets=100 ] = 0.567
[I 2026-02-24 02:48:32,397] Trial 38 finished with value: 0.47616702872763 and parameters: {'alpha': 3.127638673429275, 'mean_rho': 0.23995326744000597, 'variance_rho': 0.14628186522320208, 'std_bias': 2.7669875827887336, 'hue_threshold': 26.468986506563162, 'value_ratio_min': 0.4332447034813929, 'value_ratio_max': 0.876803948277418, 'saturation_diff_threshold': 32.646370097814945}. Best is trial 27 with value: 0.6218635226564296.Best trial: 27. Best value: 0.621864:  16%|█▌        | 4/25 [43:06<3:21:30, 575.74s/it]Best trial: 27. Best value: 0.621864:  16%|█▌        | 4/25 [43:06<3:21:30, 575.74s/it]Best trial: 27. Best value: 0.621864:  20%|██        | 5/25 [43:06<2:55:04, 525.25s/it]                                                                                       Best trial: 27. Best value: 0.621864:  20%|██        | 5/25 [50:35<2:55:04, 525.25s/it]Best trial: 27. Best value: 0.621864:  20%|██        | 5/25 [50:35<2:55:04, 525.25s/it]Best trial: 27. Best value: 0.621864:  24%|██▍       | 6/25 [50:35<2:38:04, 499.16s/it]                                                                                       Best trial: 27. Best value: 0.621864:  24%|██▍       | 6/25 [58:33<2:38:04, 499.16s/it]Best trial: 27. Best value: 0.621864:  24%|██▍       | 6/25 [58:33<2:38:04, 499.16s/it]Best trial: 27. Best value: 0.621864:  28%|██▊       | 7/25 [58:33<2:27:39, 492.20s/it]                                                                                       Best trial: 27. Best value: 0.621864:  28%|██▊       | 7/25 [1:05:50<2:27:39, 492.20s/it]Best trial: 27. Best value: 0.621864:  28%|██▊       | 7/25 [1:05:50<2:27:39, 492.20s/it]Best trial: 27. Best value: 0.621864:  32%|███▏      | 8/25 [1:05:50<2:14:31, 474.78s/it]                                                                                         Best trial: 27. Best value: 0.621864:  32%|███▏      | 8/25 [1:13:02<2:14:31, 474.78s/it]Best trial: 27. Best value: 0.621864:  32%|███▏      | 8/25 [1:13:02<2:14:31, 474.78s/it]Best trial: 27. Best value: 0.621864:  36%|███▌      | 9/25 [1:13:02<2:02:59, 461.21s/it]                                                                                         
creating index...
index created!
Loading and preparing results...
DONE (t=0.20s)
creating index...
index created!
Running per image evaluation...
Evaluate annotation type *bbox*
DONE (t=1.44s).
Accumulating evaluation results...
DONE (t=0.31s).
 Average Precision  (AP) @[ IoU=0.50:0.95 | area=   all | maxDets=100 ] = 0.221
 Average Precision  (AP) @[ IoU=0.50      | area=   all | maxDets=100 ] = 0.470
 Average Precision  (AP) @[ IoU=0.75      | area=   all | maxDets=100 ] = 0.176
 Average Precision  (AP) @[ IoU=0.50:0.95 | area= small | maxDets=100 ] = -1.000
 Average Precision  (AP) @[ IoU=0.50:0.95 | area=medium | maxDets=100 ] = 0.084
 Average Precision  (AP) @[ IoU=0.50:0.95 | area= large | maxDets=100 ] = 0.402
 Average Recall     (AR) @[ IoU=0.50:0.95 | area=   all | maxDets=  1 ] = 0.186
 Average Recall     (AR) @[ IoU=0.50:0.95 | area=   all | maxDets= 10 ] = 0.329
 Average Recall     (AR) @[ IoU=0.50:0.95 | area=   all | maxDets=100 ] = 0.329
 Average Recall     (AR) @[ IoU=0.50:0.95 | area= small | maxDets=100 ] = -1.000
 Average Recall     (AR) @[ IoU=0.50:0.95 | area=medium | maxDets=100 ] = 0.158
 Average Recall     (AR) @[ IoU=0.50:0.95 | area= large | maxDets=100 ] = 0.528
[I 2026-02-24 02:56:00,927] Trial 46 finished with value: 0.46990010371662677 and parameters: {'alpha': 4.08722329086868, 'mean_rho': 0.27028646936972034, 'variance_rho': 0.08591342256726242, 'std_bias': 1.4102455945961148, 'hue_threshold': 22.716056495500695, 'value_ratio_min': 0.4857985424237858, 'value_ratio_max': 0.9255363337139597, 'saturation_diff_threshold': 39.135490331107924}. Best is trial 27 with value: 0.6218635226564296.
creating index...
index created!
Loading and preparing results...
DONE (t=0.01s)
creating index...
index created!
Running per image evaluation...
Evaluate annotation type *bbox*
DONE (t=2.02s).
Accumulating evaluation results...
DONE (t=0.33s).
 Average Precision  (AP) @[ IoU=0.50:0.95 | area=   all | maxDets=100 ] = 0.250
 Average Precision  (AP) @[ IoU=0.50      | area=   all | maxDets=100 ] = 0.512
 Average Precision  (AP) @[ IoU=0.75      | area=   all | maxDets=100 ] = 0.216
 Average Precision  (AP) @[ IoU=0.50:0.95 | area= small | maxDets=100 ] = -1.000
 Average Precision  (AP) @[ IoU=0.50:0.95 | area=medium | maxDets=100 ] = 0.121
 Average Precision  (AP) @[ IoU=0.50:0.95 | area= large | maxDets=100 ] = 0.409
 Average Recall     (AR) @[ IoU=0.50:0.95 | area=   all | maxDets=  1 ] = 0.185
 Average Recall     (AR) @[ IoU=0.50:0.95 | area=   all | maxDets= 10 ] = 0.357
 Average Recall     (AR) @[ IoU=0.50:0.95 | area=   all | maxDets=100 ] = 0.357
 Average Recall     (AR) @[ IoU=0.50:0.95 | area= small | maxDets=100 ] = -1.000
 Average Recall     (AR) @[ IoU=0.50:0.95 | area=medium | maxDets=100 ] = 0.222
 Average Recall     (AR) @[ IoU=0.50:0.95 | area= large | maxDets=100 ] = 0.515
[I 2026-02-24 03:03:58,779] Trial 54 finished with value: 0.5118772971327212 and parameters: {'alpha': 2.438674572584327, 'mean_rho': 0.1679369264599157, 'variance_rho': 0.23297028391378885, 'std_bias': 2.5552685862931668, 'hue_threshold': 28.0405388232473, 'value_ratio_min': 0.4686160147947709, 'value_ratio_max': 0.9642909403380471, 'saturation_diff_threshold': 14.829809981636753}. Best is trial 27 with value: 0.6218635226564296.
creating index...
index created!
Loading and preparing results...
DONE (t=0.02s)
creating index...
index created!
Running per image evaluation...
Evaluate annotation type *bbox*
DONE (t=1.96s).
Accumulating evaluation results...
DONE (t=0.33s).
 Average Precision  (AP) @[ IoU=0.50:0.95 | area=   all | maxDets=100 ] = 0.314
 Average Precision  (AP) @[ IoU=0.50      | area=   all | maxDets=100 ] = 0.564
 Average Precision  (AP) @[ IoU=0.75      | area=   all | maxDets=100 ] = 0.319
 Average Precision  (AP) @[ IoU=0.50:0.95 | area= small | maxDets=100 ] = -1.000
 Average Precision  (AP) @[ IoU=0.50:0.95 | area=medium | maxDets=100 ] = 0.180
 Average Precision  (AP) @[ IoU=0.50:0.95 | area= large | maxDets=100 ] = 0.471
 Average Recall     (AR) @[ IoU=0.50:0.95 | area=   all | maxDets=  1 ] = 0.228
 Average Recall     (AR) @[ IoU=0.50:0.95 | area=   all | maxDets= 10 ] = 0.436
 Average Recall     (AR) @[ IoU=0.50:0.95 | area=   all | maxDets=100 ] = 0.436
 Average Recall     (AR) @[ IoU=0.50:0.95 | area= small | maxDets=100 ] = -1.000
 Average Recall     (AR) @[ IoU=0.50:0.95 | area=medium | maxDets=100 ] = 0.300
 Average Recall     (AR) @[ IoU=0.50:0.95 | area= large | maxDets=100 ] = 0.593
[I 2026-02-24 03:11:16,265] Trial 63 finished with value: 0.5641703916592498 and parameters: {'alpha': 2.785239145579665, 'mean_rho': 0.02042809554748648, 'variance_rho': 0.00567559488711563, 'std_bias': 1.8487431205187623, 'hue_threshold': 29.948047003859354, 'value_ratio_min': 0.39353751962742267, 'value_ratio_max': 0.9090100813966988, 'saturation_diff_threshold': 22.359926862395177}. Best is trial 27 with value: 0.6218635226564296.
creating index...
index created!
Loading and preparing results...
DONE (t=0.01s)
creating index...
index created!
Running per image evaluation...
Evaluate annotation type *bbox*
DONE (t=1.41s).
Accumulating evaluation results...
DONE (t=0.25s).
 Average Precision  (AP) @[ IoU=0.50:0.95 | area=   all | maxDets=100 ] = 0.295
 Average Precision  (AP) @[ IoU=0.50      | area=   all | maxDets=100 ] = 0.578
 Average Precision  (AP) @[ IoU=0.75      | area=   all | maxDets=100 ] = 0.273
 Average Precision  (AP) @[ IoU=0.50:0.95 | area= small | maxDets=100 ] = -1.000
 Average Precision  (AP) @[ IoU=0.50:0.95 | area=medium | maxDets=100 ] = 0.197
 Average Precision  (AP) @[ IoU=0.50:0.95 | area= large | maxDets=100 ] = 0.422
 Average Recall     (AR) @[ IoU=0.50:0.95 | area=   all | maxDets=  1 ] = 0.207
 Average Recall     (AR) @[ IoU=0.50:0.95 | area=   all | maxDets= 10 ] = 0.410
 Average Recall     (AR) @[ IoU=0.50:0.95 | area=   all | maxDets=100 ] = 0.410
 Average Recall     (AR) @[ IoU=0.50:0.95 | area= small | maxDets=100 ] = -1.000
 Average Recall     (AR) @[ IoU=0.50:0.95 | area=medium | maxDets=100 ] = 0.308
 Average Recall     (AR) @[ IoU=0.50:0.95 | area= large | maxDets=100 ] = 0.528
[I 2026-02-24 03:18:27,649] Trial 71 finished with value: 0.5780489126939226 and parameters: {'alpha': 2.1837909875943904, 'mean_rho': 0.19691282280365735, 'variance_rho': 0.07350955709133383, 'std_bias': 3.3772764970785327, 'hue_threshold': 20.00327095449751, 'value_ratio_min': 0.5239729302960637, 'value_ratio_max': 0.9907758811497019, 'saturation_diff_threshold': 29.44463762711928}. Best is trial 27 with value: 0.6218635226564296.
creating index...
index created!
Loading and preparing results...
DONE (t=0.01s)
creating index...
index created!
Running per image evaluation...
Evaluate annotation type *bbox*
DONE (t=1.68s).
Accumulating evaluation results...
DONE (t=0.28s).
 Average Precision  (AP) @[ IoU=0.50:0.95 | area=   all | maxDets=100 ] = 0.336
 Average Precision  (AP) @[ IoU=0.50      | area=   all | maxDets=100 ] = 0.610
 Average Precision  (AP) @[ IoU=0.75      | area=   all | maxDets=100 ] = 0.324
 Average Precision  (AP) @[ IoU=0.50:0.95 | area= small | maxDets=100 ] = -1.000
 Average Precision  (AP) @[ IoU=0.50:0.95 | area=medium | maxDets=100 ] = 0.165
 Average Precision  (AP) @[ IoU=0.50:0.95 | area= large | maxDets=100 ] = 0.540
 Average Recall     (AR) @[ IoU=0.50:0.95 | area=   all | maxDets=  1 ] = 0.232
 Average Recall     (AR) @[ IoU=0.50:0.95 | area=   all | maxDets= 10 ] = 0.439
 Average Recall     (AR) @[ IoU=0.50:0.95 | area=   all | maxDets=100 ] = 0.439
 Average Recall     (AR) @[ IoU=0.50:0.95 | area= small | maxDets=100 ] = -1.000
 Average Recall     (AR) @[ IoU=0.50:0.95 | area=medium | maxDets=100 ] = 0.264
 Average Recall     (AR) @[ IoU=0.50:0.95 | area= large | maxDets=100 ] = 0.643
