[I 2026-02-24 01:21:25,168] Trial 151 finished with value: 0.6294361935335264 and parameters: {'alpha': 2.5428400373317004, 'mean_rho': 0.060268825852914674, 'variance_rho': 0.07447226612789846, 'std_bias': 3.1415190451512376, 'hue_threshold': 15.308715776221653, 'value_ratio_min': 0.33318992620379934, 'value_ratio_max': 0.9736642606262417, 'saturation_diff_threshold': 32.55487188230268}. Best is trial 72 with value: 0.6466417287921127.Best trial: 72. Best value: 0.646642:  76%|███████▌  | 19/25 [2:17:11<39:46, 397.76s/it]Best trial: 72. Best value: 0.646642:  76%|███████▌  | 19/25 [2:17:11<39:46, 397.76s/it]Best trial: 72. Best value: 0.646642:  80%|████████  | 20/25 [2:17:11<32:59, 395.96s/it]                                                                                        Best trial: 72. Best value: 0.646642:  80%|████████  | 20/25 [2:24:05<32:59, 395.96s/it]Best trial: 72. Best value: 0.646642:  80%|████████  | 20/25 [2:24:05<32:59, 395.96s/it]Best trial: 72. Best value: 0.646642:  84%|████████▍ | 21/25 [2:24:05<26:45, 401.33s/it]                                                                                        Best trial: 72. Best value: 0.646642:  84%|████████▍ | 21/25 [2:30:39<26:45, 401.33s/it]Best trial: 72. Best value: 0.646642:  84%|████████▍ | 21/25 [2:30:39<26:45, 401.33s/it]Best trial: 72. Best value: 0.646642:  88%|████████▊ | 22/25 [2:30:39<19:58, 399.34s/it]                                                                                        Best trial: 72. Best value: 0.646642:  88%|████████▊ | 22/25 [2:37:16<19:58, 399.34s/it]Best trial: 72. Best value: 0.646642:  88%|████████▊ | 22/25 [2:37:16<19:58, 399.34s/it]Best trial: 72. Best value: 0.646642:  92%|█████████▏| 23/25 [2:37:16<13:16, 398.45s/it]                                                                                        Best trial: 72. Best value: 0.646642:  92%|█████████▏| 23/25 [2:44:16<13:16, 398.45s/it]Best trial: 72. Best value: 0.646642:  92%|█████████▏| 23/25 [2:44:16<13:16, 398.45s/it]Best trial: 72. Best value: 0.646642:  96%|█████████▌| 24/25 [2:44:16<06:45, 405.01s/it]                                                                                        
creating index...
index created!
Loading and preparing results...
DONE (t=0.01s)
creating index...
index created!
Running per image evaluation...
Evaluate annotation type *bbox*
DONE (t=1.93s).
Accumulating evaluation results...
DONE (t=0.32s).
 Average Precision  (AP) @[ IoU=0.50:0.95 | area=   all | maxDets=100 ] = 0.351
 Average Precision  (AP) @[ IoU=0.50      | area=   all | maxDets=100 ] = 0.625
 Average Precision  (AP) @[ IoU=0.75      | area=   all | maxDets=100 ] = 0.335
 Average Precision  (AP) @[ IoU=0.50:0.95 | area= small | maxDets=100 ] = -1.000
 Average Precision  (AP) @[ IoU=0.50:0.95 | area=medium | maxDets=100 ] = 0.193
 Average Precision  (AP) @[ IoU=0.50:0.95 | area= large | maxDets=100 ] = 0.535
 Average Recall     (AR) @[ IoU=0.50:0.95 | area=   all | maxDets=  1 ] = 0.247
 Average Recall     (AR) @[ IoU=0.50:0.95 | area=   all | maxDets= 10 ] = 0.468
 Average Recall     (AR) @[ IoU=0.50:0.95 | area=   all | maxDets=100 ] = 0.468
 Average Recall     (AR) @[ IoU=0.50:0.95 | area= small | maxDets=100 ] = -1.000
 Average Recall     (AR) @[ IoU=0.50:0.95 | area=medium | maxDets=100 ] = 0.309
 Average Recall     (AR) @[ IoU=0.50:0.95 | area= large | maxDets=100 ] = 0.652
[I 2026-02-24 01:28:18,990] Trial 159 finished with value: 0.625420328600661 and parameters: {'alpha': 2.3397011506274588, 'mean_rho': 0.06093885458373137, 'variance_rho': 0.13307782136790736, 'std_bias': 2.942255953179446, 'hue_threshold': 17.54801304387, 'value_ratio_min': 0.33222799593927216, 'value_ratio_max': 0.88434737646316, 'saturation_diff_threshold': 25.993062874811194}. Best is trial 72 with value: 0.6466417287921127.
creating index...
index created!
Loading and preparing results...
DONE (t=0.01s)
creating index...
index created!
Running per image evaluation...
Evaluate annotation type *bbox*
DONE (t=1.67s).
Accumulating evaluation results...
DONE (t=0.28s).
 Average Precision  (AP) @[ IoU=0.50:0.95 | area=   all | maxDets=100 ] = 0.358
 Average Precision  (AP) @[ IoU=0.50      | area=   all | maxDets=100 ] = 0.619
 Average Precision  (AP) @[ IoU=0.75      | area=   all | maxDets=100 ] = 0.365
 Average Precision  (AP) @[ IoU=0.50:0.95 | area= small | maxDets=100 ] = -1.000
 Average Precision  (AP) @[ IoU=0.50:0.95 | area=medium | maxDets=100 ] = 0.229
 Average Precision  (AP) @[ IoU=0.50:0.95 | area= large | maxDets=100 ] = 0.511
 Average Recall     (AR) @[ IoU=0.50:0.95 | area=   all | maxDets=  1 ] = 0.251
 Average Recall     (AR) @[ IoU=0.50:0.95 | area=   all | maxDets= 10 ] = 0.472
 Average Recall     (AR) @[ IoU=0.50:0.95 | area=   all | maxDets=100 ] = 0.472
 Average Recall     (AR) @[ IoU=0.50:0.95 | area= small | maxDets=100 ] = -1.000
 Average Recall     (AR) @[ IoU=0.50:0.95 | area=medium | maxDets=100 ] = 0.336
 Average Recall     (AR) @[ IoU=0.50:0.95 | area= large | maxDets=100 ] = 0.630
[I 2026-02-24 01:34:53,713] Trial 167 finished with value: 0.6192719468554156 and parameters: {'alpha': 2.1275660346071867, 'mean_rho': 0.0352130255175946, 'variance_rho': 0.04723341784083532, 'std_bias': 4.207256765839807, 'hue_threshold': 10.990796884442554, 'value_ratio_min': 0.36930342212231815, 'value_ratio_max': 0.8904572425520946, 'saturation_diff_threshold': 26.93639385769172}. Best is trial 72 with value: 0.6466417287921127.
creating index...
index created!
Loading and preparing results...
DONE (t=0.01s)
creating index...
index created!
Running per image evaluation...
Evaluate annotation type *bbox*
DONE (t=1.98s).
Accumulating evaluation results...
DONE (t=0.33s).
 Average Precision  (AP) @[ IoU=0.50:0.95 | area=   all | maxDets=100 ] = 0.366
 Average Precision  (AP) @[ IoU=0.50      | area=   all | maxDets=100 ] = 0.619
 Average Precision  (AP) @[ IoU=0.75      | area=   all | maxDets=100 ] = 0.379
 Average Precision  (AP) @[ IoU=0.50:0.95 | area= small | maxDets=100 ] = -1.000
 Average Precision  (AP) @[ IoU=0.50:0.95 | area=medium | maxDets=100 ] = 0.229
 Average Precision  (AP) @[ IoU=0.50:0.95 | area= large | maxDets=100 ] = 0.527
 Average Recall     (AR) @[ IoU=0.50:0.95 | area=   all | maxDets=  1 ] = 0.256
 Average Recall     (AR) @[ IoU=0.50:0.95 | area=   all | maxDets= 10 ] = 0.489
 Average Recall     (AR) @[ IoU=0.50:0.95 | area=   all | maxDets=100 ] = 0.489
 Average Recall     (AR) @[ IoU=0.50:0.95 | area= small | maxDets=100 ] = -1.000
 Average Recall     (AR) @[ IoU=0.50:0.95 | area=medium | maxDets=100 ] = 0.350
 Average Recall     (AR) @[ IoU=0.50:0.95 | area= large | maxDets=100 ] = 0.650
[I 2026-02-24 01:41:30,089] Trial 175 finished with value: 0.6186817700080947 and parameters: {'alpha': 2.236846359956475, 'mean_rho': 0.10466031993777689, 'variance_rho': 0.06322896634346878, 'std_bias': 3.87046841273459, 'hue_threshold': 18.658695152355463, 'value_ratio_min': 0.3539869033977861, 'value_ratio_max': 0.8642875557827532, 'saturation_diff_threshold': 28.183535825927457}. Best is trial 72 with value: 0.6466417287921127.
creating index...
index created!
Loading and preparing results...
DONE (t=0.02s)
creating index...
index created!
Running per image evaluation...
Evaluate annotation type *bbox*
DONE (t=1.78s).
Accumulating evaluation results...
DONE (t=0.27s).
 Average Precision  (AP) @[ IoU=0.50:0.95 | area=   all | maxDets=100 ] = 0.302
 Average Precision  (AP) @[ IoU=0.50      | area=   all | maxDets=100 ] = 0.518
 Average Precision  (AP) @[ IoU=0.75      | area=   all | maxDets=100 ] = 0.301
 Average Precision  (AP) @[ IoU=0.50:0.95 | area= small | maxDets=100 ] = -1.000
 Average Precision  (AP) @[ IoU=0.50:0.95 | area=medium | maxDets=100 ] = 0.125
 Average Precision  (AP) @[ IoU=0.50:0.95 | area= large | maxDets=100 ] = 0.535
 Average Recall     (AR) @[ IoU=0.50:0.95 | area=   all | maxDets=  1 ] = 0.233
 Average Recall     (AR) @[ IoU=0.50:0.95 | area=   all | maxDets= 10 ] = 0.421
 Average Recall     (AR) @[ IoU=0.50:0.95 | area=   all | maxDets=100 ] = 0.421
 Average Recall     (AR) @[ IoU=0.50:0.95 | area= small | maxDets=100 ] = -1.000
 Average Recall     (AR) @[ IoU=0.50:0.95 | area=medium | maxDets=100 ] = 0.233
 Average Recall     (AR) @[ IoU=0.50:0.95 | area= large | maxDets=100 ] = 0.640
[I 2026-02-24 01:48:30,379] Trial 182 finished with value: 0.5176431364763249 and parameters: {'alpha': 2.17707563689547, 'mean_rho': 0.07166732201300413, 'variance_rho': 0.2779610682782997, 'std_bias': 4.373682557885158, 'hue_threshold': 16.221433700436908, 'value_ratio_min': 0.3400385479503814, 'value_ratio_max': 0.8813109255703324, 'saturation_diff_threshold': 29.319690627396874}. Best is trial 72 with value: 0.6466417287921127.
creating index...
index created!
Loading and preparing results...
DONE (t=0.01s)
creating index...
index created!
Running per image evaluation...
Evaluate annotation type *bbox*
DONE (t=1.72s).
Accumulating evaluation results...
DONE (t=0.56s).
 Average Precision  (AP) @[ IoU=0.50:0.95 | area=   all | maxDets=100 ] = 0.389
 Average Precision  (AP) @[ IoU=0.50      | area=   all | maxDets=100 ] = 0.627
 Average Precision  (AP) @[ IoU=0.75      | area=   all | maxDets=100 ] = 0.407
 Average Precision  (AP) @[ IoU=0.50:0.95 | area= small | maxDets=100 ] = -1.000
 Average Precision  (AP) @[ IoU=0.50:0.95 | area=medium | maxDets=100 ] = 0.200
 Average Precision  (AP) @[ IoU=0.50:0.95 | area= large | maxDets=100 ] = 0.613
 Average Recall     (AR) @[ IoU=0.50:0.95 | area=   all | maxDets=  1 ] = 0.260
 Average Recall     (AR) @[ IoU=0.50:0.95 | area=   all | maxDets= 10 ] = 0.488
 Average Recall     (AR) @[ IoU=0.50:0.95 | area=   all | maxDets=100 ] = 0.488
 Average Recall     (AR) @[ IoU=0.50:0.95 | area= small | maxDets=100 ] = -1.000
 Average Recall     (AR) @[ IoU=0.50:0.95 | area=medium | maxDets=100 ] = 0.299
 Average Recall     (AR) @[ IoU=0.50:0.95 | area= large | maxDets=100 ] = 0.708
[I 2026-02-24 01:54:55,562] Trial 190 finished with value: 0.6271904807097619 and parameters: {'alpha': 2.433159174488975, 'mean_rho': 0.08381269320076348, 'variance_rho': 0.08124693432872045, 'std_bias': 4.4558026311940075, 'hue_threshold': 15.814914012082548, 'value_ratio_min': 0.3403257152003528, 'value_ratio_max': 0.9350259880091084, 'saturation_diff_threshold': 29.293422671095833}. Best is trial 72 with value: 0.6466417287921127.Best trial: 72. Best value: 0.646642:  96%|█████████▌| 24/25 [2:50:41<06:45, 405.01s/it]Best trial: 72. Best value: 0.646642:  96%|█████████▌| 24/25 [2:50:41<06:45, 405.01s/it]Best trial: 72. Best value: 0.646642: 100%|██████████| 25/25 [2:50:41<00:00, 399.06s/it]Best trial: 72. Best value: 0.646642: 100%|██████████| 25/25 [2:50:41<00:00, 409.67s/it]


================================================================================
OPTIMIZATION COMPLETE
================================================================================

Best AP50: 0.6466

Best hyperparameters:
  alpha: 2.3395495784492826
  mean_rho: 0.08250304478944578
  variance_rho: 0.06958246671086901
  std_bias: 4.409579582318875
  hue_threshold: 17.15537190209033
  value_ratio_min: 0.3264487033390467
  value_ratio_max: 0.8717634229722113
  saturation_diff_threshold: 32.39150859974187

Total trials completed: 197
Results saved to: optuna_adaptive_no_temporal.db

To visualize results, use optuna-dashboard:
  optuna-dashboard sqlite:///optuna_adaptive_no_temporal.db
