[I 2026-02-24 00:15:15,051] Trial 74 finished with value: 0.5835086045849599 and parameters: {'alpha': 2.0049711656949807, 'mean_rho': 0.08080772418101427, 'variance_rho': 0.06981181506580297, 'std_bias': 3.598172815648147, 'hue_threshold': 19.608402485268357, 'value_ratio_min': 0.3185842818895745, 'value_ratio_max': 0.8668430396593754, 'saturation_diff_threshold': 32.5100683414666}. Best is trial 72 with value: 0.6466417287921127.Best trial: 30. Best value: 0.638957:  36%|███▌      | 9/25 [1:10:40<1:50:23, 413.98s/it]Best trial: 72. Best value: 0.646642:  36%|███▌      | 9/25 [1:10:40<1:50:23, 413.98s/it]Best trial: 72. Best value: 0.646642:  40%|████      | 10/25 [1:10:40<1:42:31, 410.09s/it]                                                                                          Best trial: 72. Best value: 0.646642:  40%|████      | 10/25 [1:17:27<1:42:31, 410.09s/it]Best trial: 72. Best value: 0.646642:  40%|████      | 10/25 [1:17:27<1:42:31, 410.09s/it]Best trial: 72. Best value: 0.646642:  44%|████▍     | 11/25 [1:17:27<1:35:27, 409.10s/it]                                                                                          Best trial: 72. Best value: 0.646642:  44%|████▍     | 11/25 [1:24:17<1:35:27, 409.10s/it]Best trial: 72. Best value: 0.646642:  44%|████▍     | 11/25 [1:24:17<1:35:27, 409.10s/it]Best trial: 72. Best value: 0.646642:  48%|████▊     | 12/25 [1:24:17<1:28:41, 409.37s/it]                                                                                          Best trial: 72. Best value: 0.646642:  48%|████▊     | 12/25 [1:31:01<1:28:41, 409.37s/it]Best trial: 72. Best value: 0.646642:  48%|████▊     | 12/25 [1:31:01<1:28:41, 409.37s/it]Best trial: 72. Best value: 0.646642:  52%|█████▏    | 13/25 [1:31:01<1:21:33, 407.80s/it]                                                                                          Best trial: 72. Best value: 0.646642:  52%|█████▏    | 13/25 [1:37:44<1:21:33, 407.80s/it]Best trial: 72. Best value: 0.646642:  52%|█████▏    | 13/25 [1:37:44<1:21:33, 407.80s/it]Best trial: 72. Best value: 0.646642:  56%|█████▌    | 14/25 [1:37:44<1:14:30, 406.42s/it]                                                                                          
creating index...
index created!
Loading and preparing results...
DONE (t=0.01s)
creating index...
index created!
Running per image evaluation...
Evaluate annotation type *bbox*
DONE (t=2.00s).
Accumulating evaluation results...
DONE (t=0.29s).
 Average Precision  (AP) @[ IoU=0.50:0.95 | area=   all | maxDets=100 ] = 0.288
 Average Precision  (AP) @[ IoU=0.50      | area=   all | maxDets=100 ] = 0.598
 Average Precision  (AP) @[ IoU=0.75      | area=   all | maxDets=100 ] = 0.246
 Average Precision  (AP) @[ IoU=0.50:0.95 | area= small | maxDets=100 ] = -1.000
 Average Precision  (AP) @[ IoU=0.50:0.95 | area=medium | maxDets=100 ] = 0.222
 Average Precision  (AP) @[ IoU=0.50:0.95 | area= large | maxDets=100 ] = 0.373
 Average Recall     (AR) @[ IoU=0.50:0.95 | area=   all | maxDets=  1 ] = 0.233
 Average Recall     (AR) @[ IoU=0.50:0.95 | area=   all | maxDets= 10 ] = 0.414
 Average Recall     (AR) @[ IoU=0.50:0.95 | area=   all | maxDets=100 ] = 0.414
 Average Recall     (AR) @[ IoU=0.50:0.95 | area= small | maxDets=100 ] = -1.000
 Average Recall     (AR) @[ IoU=0.50:0.95 | area=medium | maxDets=100 ] = 0.328
 Average Recall     (AR) @[ IoU=0.50:0.95 | area= large | maxDets=100 ] = 0.514
[I 2026-02-24 00:22:01,925] Trial 83 finished with value: 0.5980680991226515 and parameters: {'alpha': 1.5712188561654663, 'mean_rho': 0.0030971114315715012, 'variance_rho': 0.09387882340308469, 'std_bias': 4.735107499710449, 'hue_threshold': 12.250438512234123, 'value_ratio_min': 0.3483781340038451, 'value_ratio_max': 0.8291059388686, 'saturation_diff_threshold': 33.84783939412591}. Best is trial 72 with value: 0.6466417287921127.
creating index...
index created!
Loading and preparing results...
DONE (t=0.01s)
creating index...
index created!
Running per image evaluation...
Evaluate annotation type *bbox*
DONE (t=2.16s).
Accumulating evaluation results...
DONE (t=0.32s).
 Average Precision  (AP) @[ IoU=0.50:0.95 | area=   all | maxDets=100 ] = 0.299
 Average Precision  (AP) @[ IoU=0.50      | area=   all | maxDets=100 ] = 0.587
 Average Precision  (AP) @[ IoU=0.75      | area=   all | maxDets=100 ] = 0.254
 Average Precision  (AP) @[ IoU=0.50:0.95 | area= small | maxDets=100 ] = -1.000
 Average Precision  (AP) @[ IoU=0.50:0.95 | area=medium | maxDets=100 ] = 0.219
 Average Precision  (AP) @[ IoU=0.50:0.95 | area= large | maxDets=100 ] = 0.400
 Average Recall     (AR) @[ IoU=0.50:0.95 | area=   all | maxDets=  1 ] = 0.228
 Average Recall     (AR) @[ IoU=0.50:0.95 | area=   all | maxDets= 10 ] = 0.422
 Average Recall     (AR) @[ IoU=0.50:0.95 | area=   all | maxDets=100 ] = 0.422
 Average Recall     (AR) @[ IoU=0.50:0.95 | area= small | maxDets=100 ] = -1.000
 Average Recall     (AR) @[ IoU=0.50:0.95 | area=medium | maxDets=100 ] = 0.330
 Average Recall     (AR) @[ IoU=0.50:0.95 | area= large | maxDets=100 ] = 0.528
[I 2026-02-24 00:28:51,919] Trial 89 finished with value: 0.5874282846387135 and parameters: {'alpha': 2.137987125516028, 'mean_rho': 0.02926143719720018, 'variance_rho': 0.038701417929139004, 'std_bias': 3.2365699085290616, 'hue_threshold': 14.397442093846797, 'value_ratio_min': 0.5373135857485709, 'value_ratio_max': 0.8517646220663477, 'saturation_diff_threshold': 28.14489221792447}. Best is trial 72 with value: 0.6466417287921127.
creating index...
index created!
Loading and preparing results...
DONE (t=0.01s)
creating index...
index created!
Running per image evaluation...
Evaluate annotation type *bbox*
DONE (t=2.02s).
Accumulating evaluation results...
DONE (t=0.37s).
 Average Precision  (AP) @[ IoU=0.50:0.95 | area=   all | maxDets=100 ] = 0.367
 Average Precision  (AP) @[ IoU=0.50      | area=   all | maxDets=100 ] = 0.627
 Average Precision  (AP) @[ IoU=0.75      | area=   all | maxDets=100 ] = 0.383
 Average Precision  (AP) @[ IoU=0.50:0.95 | area= small | maxDets=100 ] = -1.000
 Average Precision  (AP) @[ IoU=0.50:0.95 | area=medium | maxDets=100 ] = 0.221
 Average Precision  (AP) @[ IoU=0.50:0.95 | area= large | maxDets=100 ] = 0.539
 Average Recall     (AR) @[ IoU=0.50:0.95 | area=   all | maxDets=  1 ] = 0.251
 Average Recall     (AR) @[ IoU=0.50:0.95 | area=   all | maxDets= 10 ] = 0.473
 Average Recall     (AR) @[ IoU=0.50:0.95 | area=   all | maxDets=100 ] = 0.473
 Average Recall     (AR) @[ IoU=0.50:0.95 | area= small | maxDets=100 ] = -1.000
 Average Recall     (AR) @[ IoU=0.50:0.95 | area=medium | maxDets=100 ] = 0.327
 Average Recall     (AR) @[ IoU=0.50:0.95 | area= large | maxDets=100 ] = 0.642
[I 2026-02-24 00:35:36,100] Trial 97 finished with value: 0.6274362835080274 and parameters: {'alpha': 2.23624583660947, 'mean_rho': 0.11046329847987425, 'variance_rho': 0.12375870372423536, 'std_bias': 4.130364086039328, 'hue_threshold': 10.572071235837441, 'value_ratio_min': 0.4399226519808772, 'value_ratio_max': 0.9541805561113623, 'saturation_diff_threshold': 27.069863271693674}. Best is trial 72 with value: 0.6466417287921127.
creating index...
index created!
Loading and preparing results...
DONE (t=0.02s)
creating index...
index created!
Running per image evaluation...
Evaluate annotation type *bbox*
DONE (t=1.90s).
Accumulating evaluation results...
DONE (t=0.27s).
 Average Precision  (AP) @[ IoU=0.50:0.95 | area=   all | maxDets=100 ] = 0.378
 Average Precision  (AP) @[ IoU=0.50      | area=   all | maxDets=100 ] = 0.620
 Average Precision  (AP) @[ IoU=0.75      | area=   all | maxDets=100 ] = 0.400
 Average Precision  (AP) @[ IoU=0.50:0.95 | area= small | maxDets=100 ] = -1.000
 Average Precision  (AP) @[ IoU=0.50:0.95 | area=medium | maxDets=100 ] = 0.203
 Average Precision  (AP) @[ IoU=0.50:0.95 | area= large | maxDets=100 ] = 0.582
 Average Recall     (AR) @[ IoU=0.50:0.95 | area=   all | maxDets=  1 ] = 0.255
 Average Recall     (AR) @[ IoU=0.50:0.95 | area=   all | maxDets= 10 ] = 0.479
 Average Recall     (AR) @[ IoU=0.50:0.95 | area=   all | maxDets=100 ] = 0.479
 Average Recall     (AR) @[ IoU=0.50:0.95 | area= small | maxDets=100 ] = -1.000
 Average Recall     (AR) @[ IoU=0.50:0.95 | area=medium | maxDets=100 ] = 0.304
 Average Recall     (AR) @[ IoU=0.50:0.95 | area= large | maxDets=100 ] = 0.683
[I 2026-02-24 00:42:19,278] Trial 105 finished with value: 0.6198361119908585 and parameters: {'alpha': 2.4121839637608047, 'mean_rho': 0.19740396108964417, 'variance_rho': 0.09026839381510499, 'std_bias': 4.523070958852558, 'hue_threshold': 13.795830295611566, 'value_ratio_min': 0.36501737122200967, 'value_ratio_max': 0.9195347587971122, 'saturation_diff_threshold': 30.478564312355505}. Best is trial 72 with value: 0.6466417287921127.
creating index...
index created!
Loading and preparing results...
DONE (t=0.02s)
creating index...
index created!
Running per image evaluation...
Evaluate annotation type *bbox*
DONE (t=2.05s).
Accumulating evaluation results...
DONE (t=0.28s).
 Average Precision  (AP) @[ IoU=0.50:0.95 | area=   all | maxDets=100 ] = 0.347
 Average Precision  (AP) @[ IoU=0.50      | area=   all | maxDets=100 ] = 0.615
 Average Precision  (AP) @[ IoU=0.75      | area=   all | maxDets=100 ] = 0.352
 Average Precision  (AP) @[ IoU=0.50:0.95 | area= small | maxDets=100 ] = -1.000
 Average Precision  (AP) @[ IoU=0.50:0.95 | area=medium | maxDets=100 ] = 0.223
 Average Precision  (AP) @[ IoU=0.50:0.95 | area= large | maxDets=100 ] = 0.495
 Average Recall     (AR) @[ IoU=0.50:0.95 | area=   all | maxDets=  1 ] = 0.248
 Average Recall     (AR) @[ IoU=0.50:0.95 | area=   all | maxDets= 10 ] = 0.466
 Average Recall     (AR) @[ IoU=0.50:0.95 | area=   all | maxDets=100 ] = 0.466
 Average Recall     (AR) @[ IoU=0.50:0.95 | area= small | maxDets=100 ] = -1.000
 Average Recall     (AR) @[ IoU=0.50:0.95 | area=medium | maxDets=100 ] = 0.342
 Average Recall     (AR) @[ IoU=0.50:0.95 | area= large | maxDets=100 ] = 0.611
[I 2026-02-24 00:49:09,473] Trial 114 finished with value: 0.6151876946069341 and parameters: {'alpha': 2.0665931650283, 'mean_rho': 0.13428129143551945, 'variance_rho': 0.14388930529469496, 'std_bias': 4.20736681177598, 'hue_threshold': 11.645989443176905, 'value_ratio_min': 0.4663576777150486, 'value_ratio_max': 0.8740288781385569, 'saturation_diff_threshold': 26.63371551955855}. Best is trial 72 with value: 0.6466417287921127.Best trial: 72. Best value: 0.646642:  56%|█████▌    | 14/25 [1:44:35<1:14:30, 406.42s/it]Best trial: 72. Best value: 0.646642:  56%|█████▌    | 14/25 [1:44:35<1:14:30, 406.42s/it]Best trial: 72. Best value: 0.646642:  60%|██████    | 15/25 [1:44:35<1:07:55, 407.54s/it]                                                                                          Best trial: 72. Best value: 0.646642:  60%|██████    | 15/25 [1:51:18<1:07:55, 407.54s/it]Best trial: 72. Best value: 0.646642:  60%|██████    | 15/25 [1:51:18<1:07:55, 407.54s/it]Best trial: 72. Best value: 0.646642:  64%|██████▍   | 16/25 [1:51:18<1:00:57, 406.43s/it]                                                                                          Best trial: 72. Best value: 0.646642:  64%|██████▍   | 16/25 [1:58:04<1:00:57, 406.43s/it]Best trial: 72. Best value: 0.646642:  64%|██████▍   | 16/25 [1:58:04<1:00:57, 406.43s/it]Best trial: 72. Best value: 0.646642:  68%|██████▊   | 17/25 [1:58:04<54:09, 406.24s/it]                                                                                          Best trial: 72. Best value: 0.646642:  68%|██████▊   | 17/25 [2:04:46<54:09, 406.24s/it]Best trial: 72. Best value: 0.646642:  68%|██████▊   | 17/25 [2:04:46<54:09, 406.24s/it]Best trial: 72. Best value: 0.646642:  72%|███████▏  | 18/25 [2:04:46<47:14, 404.95s/it]                                                                                        Best trial: 72. Best value: 0.646642:  72%|███████▏  | 18/25 [2:11:32<47:14, 404.95s/it]Best trial: 72. Best value: 0.646642:  72%|███████▏  | 18/25 [2:11:32<47:14, 404.95s/it]Best trial: 72. Best value: 0.646642:  76%|███████▌  | 19/25 [2:11:32<40:30, 405.11s/it]                                                                                        
creating index...
index created!
Loading and preparing results...
DONE (t=0.01s)
creating index...
index created!
Running per image evaluation...
Evaluate annotation type *bbox*
DONE (t=1.90s).
Accumulating evaluation results...
DONE (t=0.22s).
 Average Precision  (AP) @[ IoU=0.50:0.95 | area=   all | maxDets=100 ] = 0.377
 Average Precision  (AP) @[ IoU=0.50      | area=   all | maxDets=100 ] = 0.634
 Average Precision  (AP) @[ IoU=0.75      | area=   all | maxDets=100 ] = 0.372
 Average Precision  (AP) @[ IoU=0.50:0.95 | area= small | maxDets=100 ] = -1.000
 Average Precision  (AP) @[ IoU=0.50:0.95 | area=medium | maxDets=100 ] = 0.207
 Average Precision  (AP) @[ IoU=0.50:0.95 | area= large | maxDets=100 ] = 0.571
 Average Recall     (AR) @[ IoU=0.50:0.95 | area=   all | maxDets=  1 ] = 0.249
 Average Recall     (AR) @[ IoU=0.50:0.95 | area=   all | maxDets= 10 ] = 0.468
 Average Recall     (AR) @[ IoU=0.50:0.95 | area=   all | maxDets=100 ] = 0.468
 Average Recall     (AR) @[ IoU=0.50:0.95 | area= small | maxDets=100 ] = -1.000
 Average Recall     (AR) @[ IoU=0.50:0.95 | area=medium | maxDets=100 ] = 0.297
 Average Recall     (AR) @[ IoU=0.50:0.95 | area= large | maxDets=100 ] = 0.667
[I 2026-02-24 00:55:53,322] Trial 122 finished with value: 0.6343635760275457 and parameters: {'alpha': 2.649963928451987, 'mean_rho': 0.05768483834316762, 'variance_rho': 0.05570226422736899, 'std_bias': 3.700938337122831, 'hue_threshold': 15.46179177811896, 'value_ratio_min': 0.6353261301715135, 'value_ratio_max': 0.8673763965019363, 'saturation_diff_threshold': 33.05453102139053}. Best is trial 72 with value: 0.6466417287921127.
creating index...
index created!
Loading and preparing results...
DONE (t=0.02s)
creating index...
index created!
Running per image evaluation...
Evaluate annotation type *bbox*
DONE (t=1.95s).
Accumulating evaluation results...
DONE (t=0.27s).
 Average Precision  (AP) @[ IoU=0.50:0.95 | area=   all | maxDets=100 ] = 0.339
 Average Precision  (AP) @[ IoU=0.50      | area=   all | maxDets=100 ] = 0.591
 Average Precision  (AP) @[ IoU=0.75      | area=   all | maxDets=100 ] = 0.353
 Average Precision  (AP) @[ IoU=0.50:0.95 | area= small | maxDets=100 ] = -1.000
 Average Precision  (AP) @[ IoU=0.50:0.95 | area=medium | maxDets=100 ] = 0.236
 Average Precision  (AP) @[ IoU=0.50:0.95 | area= large | maxDets=100 ] = 0.458
 Average Recall     (AR) @[ IoU=0.50:0.95 | area=   all | maxDets=  1 ] = 0.233
 Average Recall     (AR) @[ IoU=0.50:0.95 | area=   all | maxDets= 10 ] = 0.436
 Average Recall     (AR) @[ IoU=0.50:0.95 | area=   all | maxDets=100 ] = 0.436
 Average Recall     (AR) @[ IoU=0.50:0.95 | area= small | maxDets=100 ] = -1.000
 Average Recall     (AR) @[ IoU=0.50:0.95 | area=medium | maxDets=100 ] = 0.334
 Average Recall     (AR) @[ IoU=0.50:0.95 | area= large | maxDets=100 ] = 0.555
[I 2026-02-24 01:02:39,103] Trial 130 finished with value: 0.5911369988750064 and parameters: {'alpha': 2.77520791850303, 'mean_rho': 0.09132227826661166, 'variance_rho': 0.010178028666385189, 'std_bias': 3.4743600775569505, 'hue_threshold': 7.188321224622273, 'value_ratio_min': 0.41003611959958547, 'value_ratio_max': 0.8468730657813404, 'saturation_diff_threshold': 34.934587903086715}. Best is trial 72 with value: 0.6466417287921127.
creating index...
index created!
Loading and preparing results...
DONE (t=0.01s)
creating index...
index created!
Running per image evaluation...
Evaluate annotation type *bbox*
DONE (t=1.82s).
Accumulating evaluation results...
DONE (t=0.26s).
 Average Precision  (AP) @[ IoU=0.50:0.95 | area=   all | maxDets=100 ] = 0.276
 Average Precision  (AP) @[ IoU=0.50      | area=   all | maxDets=100 ] = 0.533
 Average Precision  (AP) @[ IoU=0.75      | area=   all | maxDets=100 ] = 0.244
 Average Precision  (AP) @[ IoU=0.50:0.95 | area= small | maxDets=100 ] = -1.000
 Average Precision  (AP) @[ IoU=0.50:0.95 | area=medium | maxDets=100 ] = 0.135
 Average Precision  (AP) @[ IoU=0.50:0.95 | area= large | maxDets=100 ] = 0.451
 Average Recall     (AR) @[ IoU=0.50:0.95 | area=   all | maxDets=  1 ] = 0.212
 Average Recall     (AR) @[ IoU=0.50:0.95 | area=   all | maxDets= 10 ] = 0.387
 Average Recall     (AR) @[ IoU=0.50:0.95 | area=   all | maxDets=100 ] = 0.387
 Average Recall     (AR) @[ IoU=0.50:0.95 | area= small | maxDets=100 ] = -1.000
 Average Recall     (AR) @[ IoU=0.50:0.95 | area=medium | maxDets=100 ] = 0.225
 Average Recall     (AR) @[ IoU=0.50:0.95 | area= large | maxDets=100 ] = 0.574
[I 2026-02-24 01:09:21,064] Trial 138 finished with value: 0.5327330429926516 and parameters: {'alpha': 2.8893403684080297, 'mean_rho': 0.06742954594195659, 'variance_rho': 0.0997670588065678, 'std_bias': 3.28780572937393, 'hue_threshold': 6.1496353768977325, 'value_ratio_min': 0.42699049955787527, 'value_ratio_max': 0.8580123770934296, 'saturation_diff_threshold': 31.299636198226757}. Best is trial 72 with value: 0.6466417287921127.
creating index...
index created!
Loading and preparing results...
DONE (t=0.01s)
creating index...
index created!
Running per image evaluation...
Evaluate annotation type *bbox*
DONE (t=1.86s).
Accumulating evaluation results...
DONE (t=0.34s).
 Average Precision  (AP) @[ IoU=0.50:0.95 | area=   all | maxDets=100 ] = 0.361
 Average Precision  (AP) @[ IoU=0.50      | area=   all | maxDets=100 ] = 0.638
 Average Precision  (AP) @[ IoU=0.75      | area=   all | maxDets=100 ] = 0.361
 Average Precision  (AP) @[ IoU=0.50:0.95 | area= small | maxDets=100 ] = -1.000
 Average Precision  (AP) @[ IoU=0.50:0.95 | area=medium | maxDets=100 ] = 0.223
 Average Precision  (AP) @[ IoU=0.50:0.95 | area= large | maxDets=100 ] = 0.521
 Average Recall     (AR) @[ IoU=0.50:0.95 | area=   all | maxDets=  1 ] = 0.249
 Average Recall     (AR) @[ IoU=0.50:0.95 | area=   all | maxDets= 10 ] = 0.467
 Average Recall     (AR) @[ IoU=0.50:0.95 | area=   all | maxDets=100 ] = 0.467
 Average Recall     (AR) @[ IoU=0.50:0.95 | area= small | maxDets=100 ] = -1.000
 Average Recall     (AR) @[ IoU=0.50:0.95 | area=medium | maxDets=100 ] = 0.327
 Average Recall     (AR) @[ IoU=0.50:0.95 | area= large | maxDets=100 ] = 0.629
[I 2026-02-24 01:16:06,533] Trial 145 finished with value: 0.6379117265205381 and parameters: {'alpha': 2.272984862575084, 'mean_rho': 0.06004651225784095, 'variance_rho': 0.07182164497384198, 'std_bias': 3.979125874704549, 'hue_threshold': 9.75891585821301, 'value_ratio_min': 0.3461000653262331, 'value_ratio_max': 0.8771373229920495, 'saturation_diff_threshold': 32.31228817661336}. Best is trial 72 with value: 0.6466417287921127.
creating index...
index created!
Loading and preparing results...
DONE (t=0.02s)
creating index...
index created!
Running per image evaluation...
Evaluate annotation type *bbox*
DONE (t=1.86s).
Accumulating evaluation results...
DONE (t=0.38s).
 Average Precision  (AP) @[ IoU=0.50:0.95 | area=   all | maxDets=100 ] = 0.351
 Average Precision  (AP) @[ IoU=0.50      | area=   all | maxDets=100 ] = 0.582
 Average Precision  (AP) @[ IoU=0.75      | area=   all | maxDets=100 ] = 0.343
 Average Precision  (AP) @[ IoU=0.50:0.95 | area= small | maxDets=100 ] = -1.000
 Average Precision  (AP) @[ IoU=0.50:0.95 | area=medium | maxDets=100 ] = 0.160
 Average Precision  (AP) @[ IoU=0.50:0.95 | area= large | maxDets=100 ] = 0.587
 Average Recall     (AR) @[ IoU=0.50:0.95 | area=   all | maxDets=  1 ] = 0.248
 Average Recall     (AR) @[ IoU=0.50:0.95 | area=   all | maxDets= 10 ] = 0.455
 Average Recall     (AR) @[ IoU=0.50:0.95 | area=   all | maxDets=100 ] = 0.455
 Average Recall     (AR) @[ IoU=0.50:0.95 | area= small | maxDets=100 ] = -1.000
 Average Recall     (AR) @[ IoU=0.50:0.95 | area=medium | maxDets=100 ] = 0.255
 Average Recall     (AR) @[ IoU=0.50:0.95 | area= large | maxDets=100 ] = 0.688
