[I 2026-02-24 04:39:44,602] Trial 157 finished with value: 0.5094097325484845 and parameters: {'alpha': 2.5740745864179573, 'mean_rho': 0.0012921164808003295, 'variance_rho': 0.06950612082789348, 'std_bias': 3.652358956082994, 'hue_threshold': 26.929221446763442, 'value_ratio_min': 0.5023501755128925, 'value_ratio_max': 0.9494283066095158, 'saturation_diff_threshold': 41.071943833214284}. Best is trial 143 with value: 0.6274292904394109.Best trial: 143. Best value: 0.627429:  76%|███████▌  | 19/25 [2:34:40<44:13, 442.31s/it]Best trial: 143. Best value: 0.627429:  76%|███████▌  | 19/25 [2:34:40<44:13, 442.31s/it]Best trial: 143. Best value: 0.627429:  80%|████████  | 20/25 [2:34:40<36:50, 442.07s/it]                                                                                         Best trial: 143. Best value: 0.627429:  80%|████████  | 20/25 [2:42:13<36:50, 442.07s/it]Best trial: 164. Best value: 0.63127:  80%|████████  | 20/25 [2:42:13<36:50, 442.07s/it] Best trial: 164. Best value: 0.63127:  84%|████████▍ | 21/25 [2:42:13<29:41, 445.48s/it]                                                                                        Best trial: 164. Best value: 0.63127:  84%|████████▍ | 21/25 [2:49:34<29:41, 445.48s/it]Best trial: 164. Best value: 0.63127:  84%|████████▍ | 21/25 [2:49:34<29:41, 445.48s/it]Best trial: 164. Best value: 0.63127:  88%|████████▊ | 22/25 [2:49:34<22:12, 444.06s/it]                                                                                        Best trial: 164. Best value: 0.63127:  88%|████████▊ | 22/25 [2:57:00<22:12, 444.06s/it]Best trial: 174. Best value: 0.638334:  88%|████████▊ | 22/25 [2:57:01<22:12, 444.06s/it]Best trial: 174. Best value: 0.638334:  92%|█████████▏| 23/25 [2:57:01<14:49, 444.85s/it]                                                                                         Best trial: 174. Best value: 0.638334:  92%|█████████▏| 23/25 [3:04:35<14:49, 444.85s/it]Best trial: 174. Best value: 0.638334:  92%|█████████▏| 23/25 [3:04:35<14:49, 444.85s/it]Best trial: 174. Best value: 0.638334:  96%|█████████▌| 24/25 [3:04:35<07:27, 447.65s/it]                                                                                         
creating index...
index created!
Loading and preparing results...
DONE (t=0.01s)
creating index...
index created!
Running per image evaluation...
Evaluate annotation type *bbox*
DONE (t=1.89s).
Accumulating evaluation results...
DONE (t=0.30s).
 Average Precision  (AP) @[ IoU=0.50:0.95 | area=   all | maxDets=100 ] = 0.322
 Average Precision  (AP) @[ IoU=0.50      | area=   all | maxDets=100 ] = 0.598
 Average Precision  (AP) @[ IoU=0.75      | area=   all | maxDets=100 ] = 0.314
 Average Precision  (AP) @[ IoU=0.50:0.95 | area= small | maxDets=100 ] = -1.000
 Average Precision  (AP) @[ IoU=0.50:0.95 | area=medium | maxDets=100 ] = 0.180
 Average Precision  (AP) @[ IoU=0.50:0.95 | area= large | maxDets=100 ] = 0.496
 Average Recall     (AR) @[ IoU=0.50:0.95 | area=   all | maxDets=  1 ] = 0.234
 Average Recall     (AR) @[ IoU=0.50:0.95 | area=   all | maxDets= 10 ] = 0.450
 Average Recall     (AR) @[ IoU=0.50:0.95 | area=   all | maxDets=100 ] = 0.450
 Average Recall     (AR) @[ IoU=0.50:0.95 | area= small | maxDets=100 ] = -1.000
 Average Recall     (AR) @[ IoU=0.50:0.95 | area=medium | maxDets=100 ] = 0.289
 Average Recall     (AR) @[ IoU=0.50:0.95 | area= large | maxDets=100 ] = 0.637
[I 2026-02-24 04:47:18,023] Trial 165 finished with value: 0.5981794950914294 and parameters: {'alpha': 1.9560176977311334, 'mean_rho': 0.015310817390757863, 'variance_rho': 0.04859473706725338, 'std_bias': 3.499068111629745, 'hue_threshold': 26.190703311958494, 'value_ratio_min': 0.46482456219946683, 'value_ratio_max': 0.9815069022586278, 'saturation_diff_threshold': 43.454782840761006}. Best is trial 164 with value: 0.6312701611987728.
creating index...
index created!
Loading and preparing results...
DONE (t=0.01s)
creating index...
index created!
Running per image evaluation...
Evaluate annotation type *bbox*
DONE (t=1.74s).
Accumulating evaluation results...
DONE (t=0.32s).
 Average Precision  (AP) @[ IoU=0.50:0.95 | area=   all | maxDets=100 ] = 0.330
 Average Precision  (AP) @[ IoU=0.50      | area=   all | maxDets=100 ] = 0.616
 Average Precision  (AP) @[ IoU=0.75      | area=   all | maxDets=100 ] = 0.297
 Average Precision  (AP) @[ IoU=0.50:0.95 | area= small | maxDets=100 ] = -1.000
 Average Precision  (AP) @[ IoU=0.50:0.95 | area=medium | maxDets=100 ] = 0.182
 Average Precision  (AP) @[ IoU=0.50:0.95 | area= large | maxDets=100 ] = 0.512
 Average Recall     (AR) @[ IoU=0.50:0.95 | area=   all | maxDets=  1 ] = 0.235
 Average Recall     (AR) @[ IoU=0.50:0.95 | area=   all | maxDets= 10 ] = 0.457
 Average Recall     (AR) @[ IoU=0.50:0.95 | area=   all | maxDets=100 ] = 0.457
 Average Recall     (AR) @[ IoU=0.50:0.95 | area= small | maxDets=100 ] = -1.000
 Average Recall     (AR) @[ IoU=0.50:0.95 | area=medium | maxDets=100 ] = 0.293
 Average Recall     (AR) @[ IoU=0.50:0.95 | area= large | maxDets=100 ] = 0.647
[I 2026-02-24 04:54:38,783] Trial 173 finished with value: 0.6155948610403081 and parameters: {'alpha': 2.2057458722491883, 'mean_rho': 0.025392877878830426, 'variance_rho': 0.05548586895664867, 'std_bias': 4.017499236273583, 'hue_threshold': 29.43405717252417, 'value_ratio_min': 0.5263790107537666, 'value_ratio_max': 0.8531590269774786, 'saturation_diff_threshold': 38.31773407317472}. Best is trial 164 with value: 0.6312701611987728.
creating index...
index created!
Loading and preparing results...
DONE (t=0.01s)
creating index...
index created!
Running per image evaluation...
Evaluate annotation type *bbox*
DONE (t=1.92s).
Accumulating evaluation results...
DONE (t=0.25s).
 Average Precision  (AP) @[ IoU=0.50:0.95 | area=   all | maxDets=100 ] = 0.327
 Average Precision  (AP) @[ IoU=0.50      | area=   all | maxDets=100 ] = 0.595
 Average Precision  (AP) @[ IoU=0.75      | area=   all | maxDets=100 ] = 0.320
 Average Precision  (AP) @[ IoU=0.50:0.95 | area= small | maxDets=100 ] = -1.000
 Average Precision  (AP) @[ IoU=0.50:0.95 | area=medium | maxDets=100 ] = 0.195
 Average Precision  (AP) @[ IoU=0.50:0.95 | area= large | maxDets=100 ] = 0.490
 Average Recall     (AR) @[ IoU=0.50:0.95 | area=   all | maxDets=  1 ] = 0.220
 Average Recall     (AR) @[ IoU=0.50:0.95 | area=   all | maxDets= 10 ] = 0.442
 Average Recall     (AR) @[ IoU=0.50:0.95 | area=   all | maxDets=100 ] = 0.442
 Average Recall     (AR) @[ IoU=0.50:0.95 | area= small | maxDets=100 ] = -1.000
 Average Recall     (AR) @[ IoU=0.50:0.95 | area=medium | maxDets=100 ] = 0.299
 Average Recall     (AR) @[ IoU=0.50:0.95 | area= large | maxDets=100 ] = 0.608
[I 2026-02-24 05:02:05,456] Trial 181 finished with value: 0.5954364701388652 and parameters: {'alpha': 2.165554489096111, 'mean_rho': 0.053774244669813495, 'variance_rho': 0.022588166881147512, 'std_bias': 4.414861526136813, 'hue_threshold': 27.730021068533603, 'value_ratio_min': 0.5237170781257479, 'value_ratio_max': 0.9459236533160446, 'saturation_diff_threshold': 41.936790009299756}. Best is trial 174 with value: 0.6383340437103443.
creating index...
index created!
Loading and preparing results...
DONE (t=0.01s)
creating index...
index created!
Running per image evaluation...
Evaluate annotation type *bbox*
DONE (t=1.82s).
Accumulating evaluation results...
DONE (t=0.30s).
 Average Precision  (AP) @[ IoU=0.50:0.95 | area=   all | maxDets=100 ] = 0.341
 Average Precision  (AP) @[ IoU=0.50      | area=   all | maxDets=100 ] = 0.613
 Average Precision  (AP) @[ IoU=0.75      | area=   all | maxDets=100 ] = 0.342
 Average Precision  (AP) @[ IoU=0.50:0.95 | area= small | maxDets=100 ] = -1.000
 Average Precision  (AP) @[ IoU=0.50:0.95 | area=medium | maxDets=100 ] = 0.191
 Average Precision  (AP) @[ IoU=0.50:0.95 | area= large | maxDets=100 ] = 0.526
 Average Recall     (AR) @[ IoU=0.50:0.95 | area=   all | maxDets=  1 ] = 0.236
 Average Recall     (AR) @[ IoU=0.50:0.95 | area=   all | maxDets= 10 ] = 0.464
 Average Recall     (AR) @[ IoU=0.50:0.95 | area=   all | maxDets=100 ] = 0.464
 Average Recall     (AR) @[ IoU=0.50:0.95 | area= small | maxDets=100 ] = -1.000
 Average Recall     (AR) @[ IoU=0.50:0.95 | area=medium | maxDets=100 ] = 0.299
 Average Recall     (AR) @[ IoU=0.50:0.95 | area= large | maxDets=100 ] = 0.655
[I 2026-02-24 05:09:39,635] Trial 189 finished with value: 0.6132712515697346 and parameters: {'alpha': 2.142126983420367, 'mean_rho': 0.034254239027122484, 'variance_rho': 0.03221415479730005, 'std_bias': 4.1967116643419216, 'hue_threshold': 29.267446822966065, 'value_ratio_min': 0.43867291996164093, 'value_ratio_max': 0.9956148889245192, 'saturation_diff_threshold': 36.46329655229197}. Best is trial 174 with value: 0.6383340437103443.
creating index...
index created!
Loading and preparing results...
DONE (t=0.01s)
creating index...
index created!
Running per image evaluation...
Evaluate annotation type *bbox*
DONE (t=1.07s).
Accumulating evaluation results...
DONE (t=0.20s).
 Average Precision  (AP) @[ IoU=0.50:0.95 | area=   all | maxDets=100 ] = 0.357
 Average Precision  (AP) @[ IoU=0.50      | area=   all | maxDets=100 ] = 0.642
 Average Precision  (AP) @[ IoU=0.75      | area=   all | maxDets=100 ] = 0.342
 Average Precision  (AP) @[ IoU=0.50:0.95 | area= small | maxDets=100 ] = -1.000
 Average Precision  (AP) @[ IoU=0.50:0.95 | area=medium | maxDets=100 ] = 0.197
 Average Precision  (AP) @[ IoU=0.50:0.95 | area= large | maxDets=100 ] = 0.554
 Average Recall     (AR) @[ IoU=0.50:0.95 | area=   all | maxDets=  1 ] = 0.233
 Average Recall     (AR) @[ IoU=0.50:0.95 | area=   all | maxDets= 10 ] = 0.466
 Average Recall     (AR) @[ IoU=0.50:0.95 | area=   all | maxDets=100 ] = 0.466
 Average Recall     (AR) @[ IoU=0.50:0.95 | area= small | maxDets=100 ] = -1.000
 Average Recall     (AR) @[ IoU=0.50:0.95 | area=medium | maxDets=100 ] = 0.294
 Average Recall     (AR) @[ IoU=0.50:0.95 | area= large | maxDets=100 ] = 0.666
[I 2026-02-24 05:16:45,619] Trial 197 finished with value: 0.6423749075590044 and parameters: {'alpha': 2.070995463249668, 'mean_rho': 0.014067412920326115, 'variance_rho': 0.07550488706090366, 'std_bias': 4.280560268141552, 'hue_threshold': 29.973395947919677, 'value_ratio_min': 0.5805806749992731, 'value_ratio_max': 0.9970651048231808, 'saturation_diff_threshold': 38.91646882503973}. Best is trial 193 with value: 0.6548727833910944.Best trial: 174. Best value: 0.638334:  96%|█████████▌| 24/25 [3:11:41<07:27, 447.65s/it]Best trial: 193. Best value: 0.654873:  96%|█████████▌| 24/25 [3:11:41<07:27, 447.65s/it]Best trial: 193. Best value: 0.654873: 100%|██████████| 25/25 [3:11:41<00:00, 441.15s/it]Best trial: 193. Best value: 0.654873: 100%|██████████| 25/25 [3:11:41<00:00, 460.05s/it]


================================================================================
OPTIMIZATION COMPLETE
================================================================================

Best AP50: 0.6549

Best hyperparameters:
  alpha: 2.0933154680482495
  mean_rho: 0.009115651856561206
  variance_rho: 0.07520599715083304
  std_bias: 4.207707917671822
  hue_threshold: 29.905532124564267
  value_ratio_min: 0.5078298592725248
  value_ratio_max: 0.9948932249196348
  saturation_diff_threshold: 37.1876589771072

Total trials completed: 200
Results saved to: optuna_adaptive_with_temporal.db

To visualize results, use optuna-dashboard:
  optuna-dashboard sqlite:///optuna_adaptive_with_temporal.db
