[I 2026-02-24 03:26:14,747] Trial 73 finished with value: 0.12047845538513206 and parameters: {'alpha': 2.1675776786468646, 'mean_rho': 0.255906649052906, 'variance_rho': 0.06939039228227294, 'std_bias': 0.9665623289087535, 'hue_threshold': 25.639998517726234, 'value_ratio_min': 0.3249421797706053, 'value_ratio_max': 0.9731688588562163, 'saturation_diff_threshold': 20.290209710019788}. Best is trial 27 with value: 0.6218635226564296.Best trial: 27. Best value: 0.621864:  36%|███▌      | 9/25 [1:20:59<2:01:24, 455.28s/it]Best trial: 27. Best value: 0.621864:  36%|███▌      | 9/25 [1:20:59<2:01:24, 455.28s/it]Best trial: 27. Best value: 0.621864:  40%|████      | 10/25 [1:20:59<2:06:08, 504.54s/it]                                                                                          Best trial: 27. Best value: 0.621864:  40%|████      | 10/25 [1:28:16<2:06:08, 504.54s/it]Best trial: 27. Best value: 0.621864:  40%|████      | 10/25 [1:28:16<2:06:08, 504.54s/it]Best trial: 27. Best value: 0.621864:  44%|████▍     | 11/25 [1:28:16<1:52:54, 483.88s/it]                                                                                          Best trial: 27. Best value: 0.621864:  44%|████▍     | 11/25 [1:35:33<1:52:54, 483.88s/it]Best trial: 27. Best value: 0.621864:  44%|████▍     | 11/25 [1:35:33<1:52:54, 483.88s/it]Best trial: 27. Best value: 0.621864:  48%|████▊     | 12/25 [1:35:33<1:41:44, 469.54s/it]                                                                                          Best trial: 27. Best value: 0.621864:  48%|████▊     | 12/25 [1:42:57<1:41:44, 469.54s/it]Best trial: 27. Best value: 0.621864:  48%|████▊     | 12/25 [1:42:57<1:41:44, 469.54s/it]Best trial: 27. Best value: 0.621864:  52%|█████▏    | 13/25 [1:42:57<1:32:21, 461.82s/it]                                                                                          Best trial: 27. Best value: 0.621864:  52%|█████▏    | 13/25 [1:50:17<1:32:21, 461.82s/it]Best trial: 27. Best value: 0.621864:  52%|█████▏    | 13/25 [1:50:17<1:32:21, 461.82s/it]Best trial: 27. Best value: 0.621864:  56%|█████▌    | 14/25 [1:50:17<1:23:25, 455.07s/it]                                                                                          
creating index...
index created!
Loading and preparing results...
DONE (t=0.01s)
creating index...
index created!
Running per image evaluation...
Evaluate annotation type *bbox*
DONE (t=1.48s).
Accumulating evaluation results...
DONE (t=0.30s).
 Average Precision  (AP) @[ IoU=0.50:0.95 | area=   all | maxDets=100 ] = 0.232
 Average Precision  (AP) @[ IoU=0.50      | area=   all | maxDets=100 ] = 0.472
 Average Precision  (AP) @[ IoU=0.75      | area=   all | maxDets=100 ] = 0.193
 Average Precision  (AP) @[ IoU=0.50:0.95 | area= small | maxDets=100 ] = -1.000
 Average Precision  (AP) @[ IoU=0.50:0.95 | area=medium | maxDets=100 ] = 0.094
 Average Precision  (AP) @[ IoU=0.50:0.95 | area= large | maxDets=100 ] = 0.414
 Average Recall     (AR) @[ IoU=0.50:0.95 | area=   all | maxDets=  1 ] = 0.188
 Average Recall     (AR) @[ IoU=0.50:0.95 | area=   all | maxDets= 10 ] = 0.337
 Average Recall     (AR) @[ IoU=0.50:0.95 | area=   all | maxDets=100 ] = 0.337
 Average Recall     (AR) @[ IoU=0.50:0.95 | area= small | maxDets=100 ] = -1.000
 Average Recall     (AR) @[ IoU=0.50:0.95 | area=medium | maxDets=100 ] = 0.170
 Average Recall     (AR) @[ IoU=0.50:0.95 | area= large | maxDets=100 ] = 0.530
[I 2026-02-24 03:33:31,759] Trial 87 finished with value: 0.47169162756376165 and parameters: {'alpha': 2.945923788932182, 'mean_rho': 0.0672543534335219, 'variance_rho': 0.1665873387786172, 'std_bias': 2.3024280457107347, 'hue_threshold': 29.02221480309625, 'value_ratio_min': 0.4027439291545061, 'value_ratio_max': 0.9304880640935547, 'saturation_diff_threshold': 26.89804241668728}. Best is trial 27 with value: 0.6218635226564296.
creating index...
index created!
Loading and preparing results...
DONE (t=0.01s)
creating index...
index created!
Running per image evaluation...
Evaluate annotation type *bbox*
DONE (t=1.80s).
Accumulating evaluation results...
DONE (t=0.32s).
 Average Precision  (AP) @[ IoU=0.50:0.95 | area=   all | maxDets=100 ] = 0.303
 Average Precision  (AP) @[ IoU=0.50      | area=   all | maxDets=100 ] = 0.592
 Average Precision  (AP) @[ IoU=0.75      | area=   all | maxDets=100 ] = 0.264
 Average Precision  (AP) @[ IoU=0.50:0.95 | area= small | maxDets=100 ] = -1.000
 Average Precision  (AP) @[ IoU=0.50:0.95 | area=medium | maxDets=100 ] = 0.145
 Average Precision  (AP) @[ IoU=0.50:0.95 | area= large | maxDets=100 ] = 0.494
 Average Recall     (AR) @[ IoU=0.50:0.95 | area=   all | maxDets=  1 ] = 0.235
 Average Recall     (AR) @[ IoU=0.50:0.95 | area=   all | maxDets= 10 ] = 0.426
 Average Recall     (AR) @[ IoU=0.50:0.95 | area=   all | maxDets=100 ] = 0.426
 Average Recall     (AR) @[ IoU=0.50:0.95 | area= small | maxDets=100 ] = -1.000
 Average Recall     (AR) @[ IoU=0.50:0.95 | area=medium | maxDets=100 ] = 0.244
 Average Recall     (AR) @[ IoU=0.50:0.95 | area= large | maxDets=100 ] = 0.637
[I 2026-02-24 03:40:48,513] Trial 95 finished with value: 0.5916831017390316 and parameters: {'alpha': 2.7658330153774537, 'mean_rho': 0.041949726579665614, 'variance_rho': 0.05972983327335138, 'std_bias': 2.7372433738220057, 'hue_threshold': 23.437736994586945, 'value_ratio_min': 0.40354953989522485, 'value_ratio_max': 0.8256102835376657, 'saturation_diff_threshold': 48.80853039989728}. Best is trial 27 with value: 0.6218635226564296.
creating index...
index created!
Loading and preparing results...
DONE (t=0.01s)
creating index...
index created!
Running per image evaluation...
Evaluate annotation type *bbox*
DONE (t=2.01s).
Accumulating evaluation results...
DONE (t=0.30s).
 Average Precision  (AP) @[ IoU=0.50:0.95 | area=   all | maxDets=100 ] = 0.256
 Average Precision  (AP) @[ IoU=0.50      | area=   all | maxDets=100 ] = 0.544
 Average Precision  (AP) @[ IoU=0.75      | area=   all | maxDets=100 ] = 0.216
 Average Precision  (AP) @[ IoU=0.50:0.95 | area= small | maxDets=100 ] = -1.000
 Average Precision  (AP) @[ IoU=0.50:0.95 | area=medium | maxDets=100 ] = 0.175
 Average Precision  (AP) @[ IoU=0.50:0.95 | area= large | maxDets=100 ] = 0.363
 Average Recall     (AR) @[ IoU=0.50:0.95 | area=   all | maxDets=  1 ] = 0.196
 Average Recall     (AR) @[ IoU=0.50:0.95 | area=   all | maxDets= 10 ] = 0.383
 Average Recall     (AR) @[ IoU=0.50:0.95 | area=   all | maxDets=100 ] = 0.383
 Average Recall     (AR) @[ IoU=0.50:0.95 | area= small | maxDets=100 ] = -1.000
 Average Recall     (AR) @[ IoU=0.50:0.95 | area=medium | maxDets=100 ] = 0.289
 Average Recall     (AR) @[ IoU=0.50:0.95 | area= large | maxDets=100 ] = 0.493
[I 2026-02-24 03:48:12,557] Trial 100 finished with value: 0.5444532714772284 and parameters: {'alpha': 2.310415683548934, 'mean_rho': 0.09698021520072655, 'variance_rho': 0.06171889088976606, 'std_bias': 2.140877691165306, 'hue_threshold': 22.09000345890088, 'value_ratio_min': 0.42790878189512227, 'value_ratio_max': 0.9424894956915715, 'saturation_diff_threshold': 44.71111770275117}. Best is trial 27 with value: 0.6218635226564296.
creating index...
index created!
Loading and preparing results...
DONE (t=0.02s)
creating index...
index created!
Running per image evaluation...
Evaluate annotation type *bbox*
DONE (t=1.80s).
Accumulating evaluation results...
DONE (t=0.30s).
 Average Precision  (AP) @[ IoU=0.50:0.95 | area=   all | maxDets=100 ] = 0.285
 Average Precision  (AP) @[ IoU=0.50      | area=   all | maxDets=100 ] = 0.558
 Average Precision  (AP) @[ IoU=0.75      | area=   all | maxDets=100 ] = 0.257
 Average Precision  (AP) @[ IoU=0.50:0.95 | area= small | maxDets=100 ] = -1.000
 Average Precision  (AP) @[ IoU=0.50:0.95 | area=medium | maxDets=100 ] = 0.185
 Average Precision  (AP) @[ IoU=0.50:0.95 | area= large | maxDets=100 ] = 0.411
 Average Recall     (AR) @[ IoU=0.50:0.95 | area=   all | maxDets=  1 ] = 0.208
 Average Recall     (AR) @[ IoU=0.50:0.95 | area=   all | maxDets= 10 ] = 0.404
 Average Recall     (AR) @[ IoU=0.50:0.95 | area=   all | maxDets=100 ] = 0.404
 Average Recall     (AR) @[ IoU=0.50:0.95 | area= small | maxDets=100 ] = -1.000
 Average Recall     (AR) @[ IoU=0.50:0.95 | area=medium | maxDets=100 ] = 0.289
 Average Recall     (AR) @[ IoU=0.50:0.95 | area= large | maxDets=100 ] = 0.538
[I 2026-02-24 03:55:32,022] Trial 108 finished with value: 0.5575821732082955 and parameters: {'alpha': 2.54038196461972, 'mean_rho': 0.07837248251485995, 'variance_rho': 0.023777781460735024, 'std_bias': 2.519301712185859, 'hue_threshold': 20.336125131480685, 'value_ratio_min': 0.3773063490038385, 'value_ratio_max': 0.9128546648699915, 'saturation_diff_threshold': 41.550611773663896}. Best is trial 27 with value: 0.6218635226564296.
creating index...
index created!
Loading and preparing results...
DONE (t=0.01s)
creating index...
index created!
Running per image evaluation...
Evaluate annotation type *bbox*
DONE (t=1.79s).
Accumulating evaluation results...
DONE (t=0.35s).
 Average Precision  (AP) @[ IoU=0.50:0.95 | area=   all | maxDets=100 ] = 0.348
 Average Precision  (AP) @[ IoU=0.50      | area=   all | maxDets=100 ] = 0.612
 Average Precision  (AP) @[ IoU=0.75      | area=   all | maxDets=100 ] = 0.340
 Average Precision  (AP) @[ IoU=0.50:0.95 | area= small | maxDets=100 ] = -1.000
 Average Precision  (AP) @[ IoU=0.50:0.95 | area=medium | maxDets=100 ] = 0.165
 Average Precision  (AP) @[ IoU=0.50:0.95 | area= large | maxDets=100 ] = 0.570
 Average Recall     (AR) @[ IoU=0.50:0.95 | area=   all | maxDets=  1 ] = 0.246
 Average Recall     (AR) @[ IoU=0.50:0.95 | area=   all | maxDets= 10 ] = 0.461
 Average Recall     (AR) @[ IoU=0.50:0.95 | area=   all | maxDets=100 ] = 0.461
 Average Recall     (AR) @[ IoU=0.50:0.95 | area= small | maxDets=100 ] = -1.000
 Average Recall     (AR) @[ IoU=0.50:0.95 | area=medium | maxDets=100 ] = 0.262
 Average Recall     (AR) @[ IoU=0.50:0.95 | area= large | maxDets=100 ] = 0.692
[I 2026-02-24 04:02:44,653] Trial 116 finished with value: 0.6116911877638557 and parameters: {'alpha': 2.8323093604272276, 'mean_rho': 0.029071546821323957, 'variance_rho': 0.034429122194924715, 'std_bias': 2.573756074645195, 'hue_threshold': 28.297244037903845, 'value_ratio_min': 0.4740298153995656, 'value_ratio_max': 0.9559833465477056, 'saturation_diff_threshold': 35.036375673702814}. Best is trial 27 with value: 0.6218635226564296.Best trial: 27. Best value: 0.621864:  56%|█████▌    | 14/25 [1:57:29<1:23:25, 455.07s/it]Best trial: 27. Best value: 0.621864:  56%|█████▌    | 14/25 [1:57:29<1:23:25, 455.07s/it]Best trial: 27. Best value: 0.621864:  60%|██████    | 15/25 [1:57:29<1:14:43, 448.30s/it]                                                                                          Best trial: 27. Best value: 0.621864:  60%|██████    | 15/25 [2:05:01<1:14:43, 448.30s/it]Best trial: 27. Best value: 0.621864:  60%|██████    | 15/25 [2:05:01<1:14:43, 448.30s/it]Best trial: 27. Best value: 0.621864:  64%|██████▍   | 16/25 [2:05:01<1:07:23, 449.26s/it]                                                                                          Best trial: 27. Best value: 0.621864:  64%|██████▍   | 16/25 [2:12:18<1:07:23, 449.26s/it]Best trial: 27. Best value: 0.621864:  64%|██████▍   | 16/25 [2:12:18<1:07:23, 449.26s/it]Best trial: 27. Best value: 0.621864:  68%|██████▊   | 17/25 [2:12:18<59:24, 445.52s/it]                                                                                          Best trial: 27. Best value: 0.621864:  68%|██████▊   | 17/25 [2:19:34<59:24, 445.52s/it]Best trial: 133. Best value: 0.624677:  68%|██████▊   | 17/25 [2:19:34<59:24, 445.52s/it]Best trial: 133. Best value: 0.624677:  72%|███████▏  | 18/25 [2:19:34<51:40, 442.86s/it]                                                                                         Best trial: 133. Best value: 0.624677:  72%|███████▏  | 18/25 [2:26:35<51:40, 442.86s/it]Best trial: 143. Best value: 0.627429:  72%|███████▏  | 18/25 [2:26:35<51:40, 442.86s/it]Best trial: 143. Best value: 0.627429:  76%|███████▌  | 19/25 [2:26:35<43:36, 436.11s/it]                                                                                         
creating index...
index created!
Loading and preparing results...
DONE (t=0.01s)
creating index...
index created!
Running per image evaluation...
Evaluate annotation type *bbox*
DONE (t=1.82s).
Accumulating evaluation results...
DONE (t=0.32s).
 Average Precision  (AP) @[ IoU=0.50:0.95 | area=   all | maxDets=100 ] = 0.351
 Average Precision  (AP) @[ IoU=0.50      | area=   all | maxDets=100 ] = 0.601
 Average Precision  (AP) @[ IoU=0.75      | area=   all | maxDets=100 ] = 0.354
 Average Precision  (AP) @[ IoU=0.50:0.95 | area= small | maxDets=100 ] = -1.000
 Average Precision  (AP) @[ IoU=0.50:0.95 | area=medium | maxDets=100 ] = 0.154
 Average Precision  (AP) @[ IoU=0.50:0.95 | area= large | maxDets=100 ] = 0.602
 Average Recall     (AR) @[ IoU=0.50:0.95 | area=   all | maxDets=  1 ] = 0.245
 Average Recall     (AR) @[ IoU=0.50:0.95 | area=   all | maxDets= 10 ] = 0.464
 Average Recall     (AR) @[ IoU=0.50:0.95 | area=   all | maxDets=100 ] = 0.464
 Average Recall     (AR) @[ IoU=0.50:0.95 | area= small | maxDets=100 ] = -1.000
 Average Recall     (AR) @[ IoU=0.50:0.95 | area=medium | maxDets=100 ] = 0.250
 Average Recall     (AR) @[ IoU=0.50:0.95 | area= large | maxDets=100 ] = 0.712
[I 2026-02-24 04:10:16,122] Trial 124 finished with value: 0.6012236842179846 and parameters: {'alpha': 2.677402097429149, 'mean_rho': 0.13359119632571986, 'variance_rho': 0.03750935557558885, 'std_bias': 4.952762098821042, 'hue_threshold': 27.37610643276761, 'value_ratio_min': 0.35608226712265245, 'value_ratio_max': 0.9534883153334051, 'saturation_diff_threshold': 42.81831336566197}. Best is trial 27 with value: 0.6218635226564296.
creating index...
index created!
Loading and preparing results...
DONE (t=0.01s)
creating index...
index created!
Running per image evaluation...
Evaluate annotation type *bbox*
DONE (t=1.95s).
Accumulating evaluation results...
DONE (t=0.36s).
 Average Precision  (AP) @[ IoU=0.50:0.95 | area=   all | maxDets=100 ] = 0.358
 Average Precision  (AP) @[ IoU=0.50      | area=   all | maxDets=100 ] = 0.614
 Average Precision  (AP) @[ IoU=0.75      | area=   all | maxDets=100 ] = 0.355
 Average Precision  (AP) @[ IoU=0.50:0.95 | area= small | maxDets=100 ] = -1.000
 Average Precision  (AP) @[ IoU=0.50:0.95 | area=medium | maxDets=100 ] = 0.189
 Average Precision  (AP) @[ IoU=0.50:0.95 | area= large | maxDets=100 ] = 0.565
 Average Recall     (AR) @[ IoU=0.50:0.95 | area=   all | maxDets=  1 ] = 0.239
 Average Recall     (AR) @[ IoU=0.50:0.95 | area=   all | maxDets= 10 ] = 0.470
 Average Recall     (AR) @[ IoU=0.50:0.95 | area=   all | maxDets=100 ] = 0.470
 Average Recall     (AR) @[ IoU=0.50:0.95 | area= small | maxDets=100 ] = -1.000
 Average Recall     (AR) @[ IoU=0.50:0.95 | area=medium | maxDets=100 ] = 0.292
 Average Recall     (AR) @[ IoU=0.50:0.95 | area= large | maxDets=100 ] = 0.677
[I 2026-02-24 04:17:32,962] Trial 132 finished with value: 0.6139350949182792 and parameters: {'alpha': 2.36358347552973, 'mean_rho': 0.11605804905283512, 'variance_rho': 0.051337288018404925, 'std_bias': 4.792684717600591, 'hue_threshold': 28.44365053578132, 'value_ratio_min': 0.47746187504414994, 'value_ratio_max': 0.963379914165683, 'saturation_diff_threshold': 40.723973578438795}. Best is trial 27 with value: 0.6218635226564296.
creating index...
index created!
Loading and preparing results...
DONE (t=0.01s)
creating index...
index created!
Running per image evaluation...
Evaluate annotation type *bbox*
DONE (t=1.85s).
Accumulating evaluation results...
DONE (t=0.30s).
 Average Precision  (AP) @[ IoU=0.50:0.95 | area=   all | maxDets=100 ] = 0.348
 Average Precision  (AP) @[ IoU=0.50      | area=   all | maxDets=100 ] = 0.608
 Average Precision  (AP) @[ IoU=0.75      | area=   all | maxDets=100 ] = 0.349
 Average Precision  (AP) @[ IoU=0.50:0.95 | area= small | maxDets=100 ] = -1.000
 Average Precision  (AP) @[ IoU=0.50:0.95 | area=medium | maxDets=100 ] = 0.204
 Average Precision  (AP) @[ IoU=0.50:0.95 | area= large | maxDets=100 ] = 0.519
 Average Recall     (AR) @[ IoU=0.50:0.95 | area=   all | maxDets=  1 ] = 0.227
 Average Recall     (AR) @[ IoU=0.50:0.95 | area=   all | maxDets= 10 ] = 0.453
 Average Recall     (AR) @[ IoU=0.50:0.95 | area=   all | maxDets=100 ] = 0.453
 Average Recall     (AR) @[ IoU=0.50:0.95 | area= small | maxDets=100 ] = -1.000
 Average Recall     (AR) @[ IoU=0.50:0.95 | area=medium | maxDets=100 ] = 0.300
 Average Recall     (AR) @[ IoU=0.50:0.95 | area= large | maxDets=100 ] = 0.630
[I 2026-02-24 04:24:49,602] Trial 140 finished with value: 0.6080313451711381 and parameters: {'alpha': 2.4820440588357537, 'mean_rho': 0.10610218878409379, 'variance_rho': 0.014823544990743225, 'std_bias': 4.45788520601283, 'hue_threshold': 27.825961417906154, 'value_ratio_min': 0.4815535451117828, 'value_ratio_max': 0.9611082878423588, 'saturation_diff_threshold': 39.98470893748002}. Best is trial 133 with value: 0.6246768843654953.
creating index...
index created!
Loading and preparing results...
DONE (t=0.02s)
creating index...
index created!
Running per image evaluation...
Evaluate annotation type *bbox*
DONE (t=1.91s).
Accumulating evaluation results...
DONE (t=0.31s).
 Average Precision  (AP) @[ IoU=0.50:0.95 | area=   all | maxDets=100 ] = 0.325
 Average Precision  (AP) @[ IoU=0.50      | area=   all | maxDets=100 ] = 0.593
 Average Precision  (AP) @[ IoU=0.75      | area=   all | maxDets=100 ] = 0.316
 Average Precision  (AP) @[ IoU=0.50:0.95 | area= small | maxDets=100 ] = -1.000
 Average Precision  (AP) @[ IoU=0.50:0.95 | area=medium | maxDets=100 ] = 0.205
 Average Precision  (AP) @[ IoU=0.50:0.95 | area= large | maxDets=100 ] = 0.476
 Average Recall     (AR) @[ IoU=0.50:0.95 | area=   all | maxDets=  1 ] = 0.221
 Average Recall     (AR) @[ IoU=0.50:0.95 | area=   all | maxDets= 10 ] = 0.439
 Average Recall     (AR) @[ IoU=0.50:0.95 | area=   all | maxDets=100 ] = 0.439
 Average Recall     (AR) @[ IoU=0.50:0.95 | area= small | maxDets=100 ] = -1.000
 Average Recall     (AR) @[ IoU=0.50:0.95 | area=medium | maxDets=100 ] = 0.307
 Average Recall     (AR) @[ IoU=0.50:0.95 | area= large | maxDets=100 ] = 0.592
[I 2026-02-24 04:31:50,009] Trial 148 finished with value: 0.5934307587275036 and parameters: {'alpha': 2.2446068227961082, 'mean_rho': 0.08887400132553212, 'variance_rho': 0.026832711628687236, 'std_bias': 3.8793145571786583, 'hue_threshold': 28.620237086078873, 'value_ratio_min': 0.46538323426955935, 'value_ratio_max': 0.9690858005664851, 'saturation_diff_threshold': 39.21620387840123}. Best is trial 143 with value: 0.6274292904394109.
creating index...
index created!
Loading and preparing results...
DONE (t=0.01s)
creating index...
index created!
Running per image evaluation...
Evaluate annotation type *bbox*
DONE (t=1.82s).
Accumulating evaluation results...
DONE (t=0.36s).
 Average Precision  (AP) @[ IoU=0.50:0.95 | area=   all | maxDets=100 ] = 0.308
 Average Precision  (AP) @[ IoU=0.50      | area=   all | maxDets=100 ] = 0.601
 Average Precision  (AP) @[ IoU=0.75      | area=   all | maxDets=100 ] = 0.283
 Average Precision  (AP) @[ IoU=0.50:0.95 | area= small | maxDets=100 ] = -1.000
 Average Precision  (AP) @[ IoU=0.50:0.95 | area=medium | maxDets=100 ] = 0.196
 Average Precision  (AP) @[ IoU=0.50:0.95 | area= large | maxDets=100 ] = 0.447
 Average Recall     (AR) @[ IoU=0.50:0.95 | area=   all | maxDets=  1 ] = 0.210
 Average Recall     (AR) @[ IoU=0.50:0.95 | area=   all | maxDets= 10 ] = 0.413
 Average Recall     (AR) @[ IoU=0.50:0.95 | area=   all | maxDets=100 ] = 0.413
 Average Recall     (AR) @[ IoU=0.50:0.95 | area= small | maxDets=100 ] = -1.000
 Average Recall     (AR) @[ IoU=0.50:0.95 | area=medium | maxDets=100 ] = 0.296
 Average Recall     (AR) @[ IoU=0.50:0.95 | area= large | maxDets=100 ] = 0.548
