[I 2026-02-24 01:25:12,434] Trial 155 finished with value: 0.049030492012955285 and parameters: {'alpha': 4.679337890044912, 'mean_rho': 0.059970983869495245, 'variance_rho': 0.1321405473620771, 'std_bias': 3.9993966763560946, 'hue_threshold': 16.72979820017486, 'value_ratio_min': 0.30896548653818706, 'value_ratio_max': 0.9752419832069222, 'saturation_diff_threshold': 27.736624634526223}. Best is trial 72 with value: 0.6466417287921127.Best trial: 72. Best value: 0.646642:  76%|███████▌  | 19/25 [2:20:22<40:44, 407.36s/it]Best trial: 72. Best value: 0.646642:  76%|███████▌  | 19/25 [2:20:22<40:44, 407.36s/it]Best trial: 72. Best value: 0.646642:  80%|████████  | 20/25 [2:20:22<33:46, 405.22s/it]                                                                                        Best trial: 72. Best value: 0.646642:  80%|████████  | 20/25 [2:27:11<33:46, 405.22s/it]Best trial: 72. Best value: 0.646642:  80%|████████  | 20/25 [2:27:11<33:46, 405.22s/it]Best trial: 72. Best value: 0.646642:  84%|████████▍ | 21/25 [2:27:11<27:05, 406.37s/it]                                                                                        Best trial: 72. Best value: 0.646642:  84%|████████▍ | 21/25 [2:34:05<27:05, 406.37s/it]Best trial: 72. Best value: 0.646642:  84%|████████▍ | 21/25 [2:34:05<27:05, 406.37s/it]Best trial: 72. Best value: 0.646642:  88%|████████▊ | 22/25 [2:34:05<20:25, 408.62s/it]                                                                                        Best trial: 72. Best value: 0.646642:  88%|████████▊ | 22/25 [2:40:43<20:25, 408.62s/it]Best trial: 72. Best value: 0.646642:  88%|████████▊ | 22/25 [2:40:43<20:25, 408.62s/it]Best trial: 72. Best value: 0.646642:  92%|█████████▏| 23/25 [2:40:43<13:30, 405.27s/it]                                                                                        Best trial: 72. Best value: 0.646642:  92%|█████████▏| 23/25 [2:47:32<13:30, 405.27s/it]Best trial: 72. Best value: 0.646642:  92%|█████████▏| 23/25 [2:47:32<13:30, 405.27s/it]Best trial: 72. Best value: 0.646642:  96%|█████████▌| 24/25 [2:47:32<06:46, 406.46s/it]                                                                                        
creating index...
index created!
Loading and preparing results...
DONE (t=0.01s)
creating index...
index created!
Running per image evaluation...
Evaluate annotation type *bbox*
DONE (t=1.79s).
Accumulating evaluation results...
DONE (t=0.32s).
 Average Precision  (AP) @[ IoU=0.50:0.95 | area=   all | maxDets=100 ] = 0.386
 Average Precision  (AP) @[ IoU=0.50      | area=   all | maxDets=100 ] = 0.619
 Average Precision  (AP) @[ IoU=0.75      | area=   all | maxDets=100 ] = 0.399
 Average Precision  (AP) @[ IoU=0.50:0.95 | area= small | maxDets=100 ] = -1.000
 Average Precision  (AP) @[ IoU=0.50:0.95 | area=medium | maxDets=100 ] = 0.186
 Average Precision  (AP) @[ IoU=0.50:0.95 | area= large | maxDets=100 ] = 0.628
 Average Recall     (AR) @[ IoU=0.50:0.95 | area=   all | maxDets=  1 ] = 0.260
 Average Recall     (AR) @[ IoU=0.50:0.95 | area=   all | maxDets= 10 ] = 0.485
 Average Recall     (AR) @[ IoU=0.50:0.95 | area=   all | maxDets=100 ] = 0.485
 Average Recall     (AR) @[ IoU=0.50:0.95 | area= small | maxDets=100 ] = -1.000
 Average Recall     (AR) @[ IoU=0.50:0.95 | area=medium | maxDets=100 ] = 0.278
 Average Recall     (AR) @[ IoU=0.50:0.95 | area= large | maxDets=100 ] = 0.726
[I 2026-02-24 01:32:01,486] Trial 163 finished with value: 0.6192516203214183 and parameters: {'alpha': 2.3248965499502345, 'mean_rho': 0.039109437647793815, 'variance_rho': 0.10382576590602782, 'std_bias': 4.1600408248989975, 'hue_threshold': 17.87188086158031, 'value_ratio_min': 0.3252948895980039, 'value_ratio_max': 0.8913877566755062, 'saturation_diff_threshold': 31.216507213398174}. Best is trial 72 with value: 0.6466417287921127.
creating index...
index created!
Loading and preparing results...
DONE (t=0.01s)
creating index...
index created!
Running per image evaluation...
Evaluate annotation type *bbox*
DONE (t=1.72s).
Accumulating evaluation results...
DONE (t=0.27s).
 Average Precision  (AP) @[ IoU=0.50:0.95 | area=   all | maxDets=100 ] = 0.291
 Average Precision  (AP) @[ IoU=0.50      | area=   all | maxDets=100 ] = 0.581
 Average Precision  (AP) @[ IoU=0.75      | area=   all | maxDets=100 ] = 0.253
 Average Precision  (AP) @[ IoU=0.50:0.95 | area= small | maxDets=100 ] = -1.000
 Average Precision  (AP) @[ IoU=0.50:0.95 | area=medium | maxDets=100 ] = 0.223
 Average Precision  (AP) @[ IoU=0.50:0.95 | area= large | maxDets=100 ] = 0.378
 Average Recall     (AR) @[ IoU=0.50:0.95 | area=   all | maxDets=  1 ] = 0.224
 Average Recall     (AR) @[ IoU=0.50:0.95 | area=   all | maxDets= 10 ] = 0.407
 Average Recall     (AR) @[ IoU=0.50:0.95 | area=   all | maxDets=100 ] = 0.407
 Average Recall     (AR) @[ IoU=0.50:0.95 | area= small | maxDets=100 ] = -1.000
 Average Recall     (AR) @[ IoU=0.50:0.95 | area=medium | maxDets=100 ] = 0.330
 Average Recall     (AR) @[ IoU=0.50:0.95 | area= large | maxDets=100 ] = 0.495
[I 2026-02-24 01:38:55,342] Trial 170 finished with value: 0.5810395597714466 and parameters: {'alpha': 2.118100176620072, 'mean_rho': 0.032050733741764856, 'variance_rho': 0.04572289998239278, 'std_bias': 3.8620921332051625, 'hue_threshold': 5.744642640274126, 'value_ratio_min': 0.3502950892942691, 'value_ratio_max': 0.87161365936733, 'saturation_diff_threshold': 15.796976816725781}. Best is trial 72 with value: 0.6466417287921127.
creating index...
index created!
Loading and preparing results...
DONE (t=0.01s)
creating index...
index created!
Running per image evaluation...
Evaluate annotation type *bbox*
DONE (t=2.01s).
Accumulating evaluation results...
DONE (t=0.37s).
 Average Precision  (AP) @[ IoU=0.50:0.95 | area=   all | maxDets=100 ] = 0.353
 Average Precision  (AP) @[ IoU=0.50      | area=   all | maxDets=100 ] = 0.613
 Average Precision  (AP) @[ IoU=0.75      | area=   all | maxDets=100 ] = 0.362
 Average Precision  (AP) @[ IoU=0.50:0.95 | area= small | maxDets=100 ] = -1.000
 Average Precision  (AP) @[ IoU=0.50:0.95 | area=medium | maxDets=100 ] = 0.238
 Average Precision  (AP) @[ IoU=0.50:0.95 | area= large | maxDets=100 ] = 0.491
 Average Recall     (AR) @[ IoU=0.50:0.95 | area=   all | maxDets=  1 ] = 0.249
 Average Recall     (AR) @[ IoU=0.50:0.95 | area=   all | maxDets= 10 ] = 0.476
 Average Recall     (AR) @[ IoU=0.50:0.95 | area=   all | maxDets=100 ] = 0.476
 Average Recall     (AR) @[ IoU=0.50:0.95 | area= small | maxDets=100 ] = -1.000
 Average Recall     (AR) @[ IoU=0.50:0.95 | area=medium | maxDets=100 ] = 0.355
 Average Recall     (AR) @[ IoU=0.50:0.95 | area= large | maxDets=100 ] = 0.616
[I 2026-02-24 01:45:32,818] Trial 178 finished with value: 0.6129018642728163 and parameters: {'alpha': 2.2476005872258513, 'mean_rho': 0.14052476661351482, 'variance_rho': 0.06227882401971475, 'std_bias': 3.627274721745594, 'hue_threshold': 18.42165684057832, 'value_ratio_min': 0.3500368969550215, 'value_ratio_max': 0.8657193785427473, 'saturation_diff_threshold': 28.215768388348717}. Best is trial 72 with value: 0.6466417287921127.
creating index...
index created!
Loading and preparing results...
DONE (t=0.01s)
creating index...
index created!
Running per image evaluation...
Evaluate annotation type *bbox*
DONE (t=1.93s).
Accumulating evaluation results...
DONE (t=0.34s).
 Average Precision  (AP) @[ IoU=0.50:0.95 | area=   all | maxDets=100 ] = 0.385
 Average Precision  (AP) @[ IoU=0.50      | area=   all | maxDets=100 ] = 0.619
 Average Precision  (AP) @[ IoU=0.75      | area=   all | maxDets=100 ] = 0.401
 Average Precision  (AP) @[ IoU=0.50:0.95 | area= small | maxDets=100 ] = -1.000
 Average Precision  (AP) @[ IoU=0.50:0.95 | area=medium | maxDets=100 ] = 0.188
 Average Precision  (AP) @[ IoU=0.50:0.95 | area= large | maxDets=100 ] = 0.621
 Average Recall     (AR) @[ IoU=0.50:0.95 | area=   all | maxDets=  1 ] = 0.259
 Average Recall     (AR) @[ IoU=0.50:0.95 | area=   all | maxDets= 10 ] = 0.483
 Average Recall     (AR) @[ IoU=0.50:0.95 | area=   all | maxDets=100 ] = 0.483
 Average Recall     (AR) @[ IoU=0.50:0.95 | area= small | maxDets=100 ] = -1.000
 Average Recall     (AR) @[ IoU=0.50:0.95 | area=medium | maxDets=100 ] = 0.282
 Average Recall     (AR) @[ IoU=0.50:0.95 | area= large | maxDets=100 ] = 0.717
[I 2026-02-24 01:52:22,040] Trial 186 finished with value: 0.6194585016477869 and parameters: {'alpha': 2.474423404785881, 'mean_rho': 0.08406101766104995, 'variance_rho': 0.08507228249242782, 'std_bias': 4.417600166794996, 'hue_threshold': 16.277217184644453, 'value_ratio_min': 0.34035784721448487, 'value_ratio_max': 0.9375443966666971, 'saturation_diff_threshold': 33.79021384527127}. Best is trial 72 with value: 0.6466417287921127.
creating index...
index created!
Loading and preparing results...
DONE (t=0.01s)
creating index...
index created!
Running per image evaluation...
Evaluate annotation type *bbox*
DONE (t=1.34s).
Accumulating evaluation results...
DONE (t=0.30s).
 Average Precision  (AP) @[ IoU=0.50:0.95 | area=   all | maxDets=100 ] = 0.396
 Average Precision  (AP) @[ IoU=0.50      | area=   all | maxDets=100 ] = 0.631
 Average Precision  (AP) @[ IoU=0.75      | area=   all | maxDets=100 ] = 0.414
 Average Precision  (AP) @[ IoU=0.50:0.95 | area= small | maxDets=100 ] = -1.000
 Average Precision  (AP) @[ IoU=0.50:0.95 | area=medium | maxDets=100 ] = 0.206
 Average Precision  (AP) @[ IoU=0.50:0.95 | area= large | maxDets=100 ] = 0.623
 Average Recall     (AR) @[ IoU=0.50:0.95 | area=   all | maxDets=  1 ] = 0.261
 Average Recall     (AR) @[ IoU=0.50:0.95 | area=   all | maxDets= 10 ] = 0.495
 Average Recall     (AR) @[ IoU=0.50:0.95 | area=   all | maxDets=100 ] = 0.495
 Average Recall     (AR) @[ IoU=0.50:0.95 | area= small | maxDets=100 ] = -1.000
 Average Recall     (AR) @[ IoU=0.50:0.95 | area=medium | maxDets=100 ] = 0.303
 Average Recall     (AR) @[ IoU=0.50:0.95 | area= large | maxDets=100 ] = 0.717
[I 2026-02-24 01:58:21,942] Trial 194 finished with value: 0.6314724203964193 and parameters: {'alpha': 2.4432538086828823, 'mean_rho': 0.07675482633451595, 'variance_rho': 0.07720876992084985, 'std_bias': 4.064164499393028, 'hue_threshold': 17.571256806746774, 'value_ratio_min': 0.3857954728945103, 'value_ratio_max': 0.9309881295287059, 'saturation_diff_threshold': 29.585084509674928}. Best is trial 72 with value: 0.6466417287921127.Best trial: 72. Best value: 0.646642:  96%|█████████▌| 24/25 [2:53:32<06:46, 406.46s/it]Best trial: 72. Best value: 0.646642:  96%|█████████▌| 24/25 [2:53:32<06:46, 406.46s/it]Best trial: 72. Best value: 0.646642: 100%|██████████| 25/25 [2:53:32<00:00, 392.49s/it]Best trial: 72. Best value: 0.646642: 100%|██████████| 25/25 [2:53:32<00:00, 416.49s/it]


================================================================================
OPTIMIZATION COMPLETE
================================================================================

Best AP50: 0.6466

Best hyperparameters:
  alpha: 2.3395495784492826
  mean_rho: 0.08250304478944578
  variance_rho: 0.06958246671086901
  std_bias: 4.409579582318875
  hue_threshold: 17.15537190209033
  value_ratio_min: 0.3264487033390467
  value_ratio_max: 0.8717634229722113
  saturation_diff_threshold: 32.39150859974187

Total trials completed: 198
Results saved to: optuna_adaptive_no_temporal.db

To visualize results, use optuna-dashboard:
  optuna-dashboard sqlite:///optuna_adaptive_no_temporal.db
