[I 2026-02-24 04:40:52,087] Trial 159 finished with value: 0.5736659517780963 and parameters: {'alpha': 2.566606909317231, 'mean_rho': 0.011954531050493423, 'variance_rho': 0.06847462413722585, 'std_bias': 3.656661496656976, 'hue_threshold': 27.267324889999724, 'value_ratio_min': 0.46690260483509083, 'value_ratio_max': 0.9764278844132259, 'saturation_diff_threshold': 41.12445195775681}. Best is trial 143 with value: 0.6274292904394109.Best trial: 143. Best value: 0.627429:  76%|███████▌  | 19/25 [2:35:32<44:59, 449.96s/it]Best trial: 143. Best value: 0.627429:  76%|███████▌  | 19/25 [2:35:32<44:59, 449.96s/it]Best trial: 143. Best value: 0.627429:  80%|████████  | 20/25 [2:35:32<37:11, 446.32s/it]                                                                                         Best trial: 143. Best value: 0.627429:  80%|████████  | 20/25 [2:43:16<37:11, 446.32s/it]Best trial: 164. Best value: 0.63127:  80%|████████  | 20/25 [2:43:16<37:11, 446.32s/it] Best trial: 164. Best value: 0.63127:  84%|████████▍ | 21/25 [2:43:16<30:06, 451.72s/it]                                                                                        Best trial: 164. Best value: 0.63127:  84%|████████▍ | 21/25 [2:50:17<30:06, 451.72s/it]Best trial: 174. Best value: 0.638334:  84%|████████▍ | 21/25 [2:50:17<30:06, 451.72s/it]Best trial: 174. Best value: 0.638334:  88%|████████▊ | 22/25 [2:50:17<22:07, 442.60s/it]                                                                                         Best trial: 174. Best value: 0.638334:  88%|████████▊ | 22/25 [2:57:47<22:07, 442.60s/it]Best trial: 174. Best value: 0.638334:  88%|████████▊ | 22/25 [2:57:47<22:07, 442.60s/it]Best trial: 174. Best value: 0.638334:  92%|█████████▏| 23/25 [2:57:47<14:49, 444.75s/it]                                                                                         Best trial: 174. Best value: 0.638334:  92%|█████████▏| 23/25 [3:05:17<14:49, 444.75s/it]Best trial: 191. Best value: 0.653833:  92%|█████████▏| 23/25 [3:05:17<14:49, 444.75s/it]Best trial: 191. Best value: 0.653833:  96%|█████████▌| 24/25 [3:05:17<07:26, 446.26s/it]                                                                                         
creating index...
index created!
Loading and preparing results...
DONE (t=0.01s)
creating index...
index created!
Running per image evaluation...
Evaluate annotation type *bbox*
DONE (t=1.80s).
Accumulating evaluation results...
DONE (t=0.31s).
 Average Precision  (AP) @[ IoU=0.50:0.95 | area=   all | maxDets=100 ] = 0.233
 Average Precision  (AP) @[ IoU=0.50      | area=   all | maxDets=100 ] = 0.503
 Average Precision  (AP) @[ IoU=0.75      | area=   all | maxDets=100 ] = 0.180
 Average Precision  (AP) @[ IoU=0.50:0.95 | area= small | maxDets=100 ] = -1.000
 Average Precision  (AP) @[ IoU=0.50:0.95 | area=medium | maxDets=100 ] = 0.152
 Average Precision  (AP) @[ IoU=0.50:0.95 | area= large | maxDets=100 ] = 0.340
 Average Recall     (AR) @[ IoU=0.50:0.95 | area=   all | maxDets=  1 ] = 0.185
 Average Recall     (AR) @[ IoU=0.50:0.95 | area=   all | maxDets= 10 ] = 0.366
 Average Recall     (AR) @[ IoU=0.50:0.95 | area=   all | maxDets=100 ] = 0.366
 Average Recall     (AR) @[ IoU=0.50:0.95 | area= small | maxDets=100 ] = -1.000
 Average Recall     (AR) @[ IoU=0.50:0.95 | area=medium | maxDets=100 ] = 0.273
 Average Recall     (AR) @[ IoU=0.50:0.95 | area= large | maxDets=100 ] = 0.474
[I 2026-02-24 04:48:36,381] Trial 167 finished with value: 0.5027714345787007 and parameters: {'alpha': 1.8186372505890769, 'mean_rho': 0.02351974733617699, 'variance_rho': 0.04761382503907554, 'std_bias': 3.491124932370103, 'hue_threshold': 26.423266160281987, 'value_ratio_min': 0.6034122282827132, 'value_ratio_max': 0.888646160604866, 'saturation_diff_threshold': 43.44192565436112}. Best is trial 164 with value: 0.6312701611987728.
creating index...
index created!
Loading and preparing results...
DONE (t=0.02s)
creating index...
index created!
Running per image evaluation...
Evaluate annotation type *bbox*
DONE (t=1.72s).
Accumulating evaluation results...
DONE (t=0.28s).
 Average Precision  (AP) @[ IoU=0.50:0.95 | area=   all | maxDets=100 ] = 0.355
 Average Precision  (AP) @[ IoU=0.50      | area=   all | maxDets=100 ] = 0.633
 Average Precision  (AP) @[ IoU=0.75      | area=   all | maxDets=100 ] = 0.345
 Average Precision  (AP) @[ IoU=0.50:0.95 | area= small | maxDets=100 ] = -1.000
 Average Precision  (AP) @[ IoU=0.50:0.95 | area=medium | maxDets=100 ] = 0.192
 Average Precision  (AP) @[ IoU=0.50:0.95 | area= large | maxDets=100 ] = 0.550
 Average Recall     (AR) @[ IoU=0.50:0.95 | area=   all | maxDets=  1 ] = 0.237
 Average Recall     (AR) @[ IoU=0.50:0.95 | area=   all | maxDets= 10 ] = 0.467
 Average Recall     (AR) @[ IoU=0.50:0.95 | area=   all | maxDets=100 ] = 0.467
 Average Recall     (AR) @[ IoU=0.50:0.95 | area= small | maxDets=100 ] = -1.000
 Average Recall     (AR) @[ IoU=0.50:0.95 | area=medium | maxDets=100 ] = 0.296
 Average Recall     (AR) @[ IoU=0.50:0.95 | area= large | maxDets=100 ] = 0.666
[I 2026-02-24 04:55:37,705] Trial 175 finished with value: 0.632630539777761 and parameters: {'alpha': 2.188460693288058, 'mean_rho': 0.03345355210928738, 'variance_rho': 0.057831941204038735, 'std_bias': 3.992125862385944, 'hue_threshold': 29.596977243029524, 'value_ratio_min': 0.5241967421744402, 'value_ratio_max': 0.9788988995200226, 'saturation_diff_threshold': 45.23815405389659}. Best is trial 174 with value: 0.6383340437103443.
creating index...
index created!
Loading and preparing results...
DONE (t=0.01s)
creating index...
index created!
Running per image evaluation...
Evaluate annotation type *bbox*
DONE (t=1.85s).
Accumulating evaluation results...
DONE (t=0.37s).
 Average Precision  (AP) @[ IoU=0.50:0.95 | area=   all | maxDets=100 ] = 0.321
 Average Precision  (AP) @[ IoU=0.50      | area=   all | maxDets=100 ] = 0.591
 Average Precision  (AP) @[ IoU=0.75      | area=   all | maxDets=100 ] = 0.310
 Average Precision  (AP) @[ IoU=0.50:0.95 | area= small | maxDets=100 ] = -1.000
 Average Precision  (AP) @[ IoU=0.50:0.95 | area=medium | maxDets=100 ] = 0.190
 Average Precision  (AP) @[ IoU=0.50:0.95 | area= large | maxDets=100 ] = 0.484
 Average Recall     (AR) @[ IoU=0.50:0.95 | area=   all | maxDets=  1 ] = 0.219
 Average Recall     (AR) @[ IoU=0.50:0.95 | area=   all | maxDets= 10 ] = 0.440
 Average Recall     (AR) @[ IoU=0.50:0.95 | area=   all | maxDets=100 ] = 0.440
 Average Recall     (AR) @[ IoU=0.50:0.95 | area= small | maxDets=100 ] = -1.000
 Average Recall     (AR) @[ IoU=0.50:0.95 | area=medium | maxDets=100 ] = 0.296
 Average Recall     (AR) @[ IoU=0.50:0.95 | area= large | maxDets=100 ] = 0.607
[I 2026-02-24 05:03:07,509] Trial 183 finished with value: 0.5906458044908863 and parameters: {'alpha': 2.1864008233293797, 'mean_rho': 0.03513154549776331, 'variance_rho': 0.020549730605330153, 'std_bias': 3.9516431911592376, 'hue_threshold': 29.13108531906321, 'value_ratio_min': 0.554648740541507, 'value_ratio_max': 0.9918331269671858, 'saturation_diff_threshold': 36.830518242327884}. Best is trial 174 with value: 0.6383340437103443.
creating index...
index created!
Loading and preparing results...
DONE (t=0.01s)
creating index...
index created!
Running per image evaluation...
Evaluate annotation type *bbox*
DONE (t=1.77s).
Accumulating evaluation results...
DONE (t=0.33s).
 Average Precision  (AP) @[ IoU=0.50:0.95 | area=   all | maxDets=100 ] = 0.360
 Average Precision  (AP) @[ IoU=0.50      | area=   all | maxDets=100 ] = 0.654
 Average Precision  (AP) @[ IoU=0.75      | area=   all | maxDets=100 ] = 0.342
 Average Precision  (AP) @[ IoU=0.50:0.95 | area= small | maxDets=100 ] = -1.000
 Average Precision  (AP) @[ IoU=0.50:0.95 | area=medium | maxDets=100 ] = 0.192
 Average Precision  (AP) @[ IoU=0.50:0.95 | area= large | maxDets=100 ] = 0.566
 Average Recall     (AR) @[ IoU=0.50:0.95 | area=   all | maxDets=  1 ] = 0.233
 Average Recall     (AR) @[ IoU=0.50:0.95 | area=   all | maxDets= 10 ] = 0.469
 Average Recall     (AR) @[ IoU=0.50:0.95 | area=   all | maxDets=100 ] = 0.469
 Average Recall     (AR) @[ IoU=0.50:0.95 | area= small | maxDets=100 ] = -1.000
 Average Recall     (AR) @[ IoU=0.50:0.95 | area=medium | maxDets=100 ] = 0.292
 Average Recall     (AR) @[ IoU=0.50:0.95 | area= large | maxDets=100 ] = 0.673
[I 2026-02-24 05:10:37,253] Trial 191 finished with value: 0.653832582023048 and parameters: {'alpha': 2.1199603133944507, 'mean_rho': 0.010583758670211753, 'variance_rho': 0.07906525465888574, 'std_bias': 4.29069357615336, 'hue_threshold': 27.97654962490441, 'value_ratio_min': 0.588306551229011, 'value_ratio_max': 0.9927218022133479, 'saturation_diff_threshold': 41.78859362669624}. Best is trial 191 with value: 0.653832582023048.
creating index...
index created!
Loading and preparing results...
DONE (t=0.01s)
creating index...
index created!
Running per image evaluation...
Evaluate annotation type *bbox*
DONE (t=0.88s).
Accumulating evaluation results...
DONE (t=0.15s).
 Average Precision  (AP) @[ IoU=0.50:0.95 | area=   all | maxDets=100 ] = 0.357
 Average Precision  (AP) @[ IoU=0.50      | area=   all | maxDets=100 ] = 0.642
 Average Precision  (AP) @[ IoU=0.75      | area=   all | maxDets=100 ] = 0.340
 Average Precision  (AP) @[ IoU=0.50:0.95 | area= small | maxDets=100 ] = -1.000
 Average Precision  (AP) @[ IoU=0.50:0.95 | area=medium | maxDets=100 ] = 0.189
 Average Precision  (AP) @[ IoU=0.50:0.95 | area= large | maxDets=100 ] = 0.562
 Average Recall     (AR) @[ IoU=0.50:0.95 | area=   all | maxDets=  1 ] = 0.233
 Average Recall     (AR) @[ IoU=0.50:0.95 | area=   all | maxDets= 10 ] = 0.466
 Average Recall     (AR) @[ IoU=0.50:0.95 | area=   all | maxDets=100 ] = 0.466
 Average Recall     (AR) @[ IoU=0.50:0.95 | area= small | maxDets=100 ] = -1.000
 Average Recall     (AR) @[ IoU=0.50:0.95 | area=medium | maxDets=100 ] = 0.290
 Average Recall     (AR) @[ IoU=0.50:0.95 | area= large | maxDets=100 ] = 0.670
[I 2026-02-24 05:17:34,406] Trial 199 finished with value: 0.6419401282655925 and parameters: {'alpha': 2.17197587637278, 'mean_rho': 0.013804776107798716, 'variance_rho': 0.07742946616171388, 'std_bias': 4.240202976400374, 'hue_threshold': 29.97657999476252, 'value_ratio_min': 0.5951045173545199, 'value_ratio_max': 0.9941144983126714, 'saturation_diff_threshold': 37.199687510260844}. Best is trial 193 with value: 0.6548727833910944.Best trial: 191. Best value: 0.653833:  96%|█████████▌| 24/25 [3:12:14<07:26, 446.26s/it]Best trial: 193. Best value: 0.654873:  96%|█████████▌| 24/25 [3:12:14<07:26, 446.26s/it]Best trial: 193. Best value: 0.654873: 100%|██████████| 25/25 [3:12:14<00:00, 437.52s/it]Best trial: 193. Best value: 0.654873: 100%|██████████| 25/25 [3:12:14<00:00, 461.37s/it]


================================================================================
OPTIMIZATION COMPLETE
================================================================================

Best AP50: 0.6549

Best hyperparameters:
  alpha: 2.0933154680482495
  mean_rho: 0.009115651856561206
  variance_rho: 0.07520599715083304
  std_bias: 4.207707917671822
  hue_threshold: 29.905532124564267
  value_ratio_min: 0.5078298592725248
  value_ratio_max: 0.9948932249196348
  saturation_diff_threshold: 37.1876589771072

Total trials completed: 200
Results saved to: optuna_adaptive_with_temporal.db

To visualize results, use optuna-dashboard:
  optuna-dashboard sqlite:///optuna_adaptive_with_temporal.db
