[I 2026-02-23 23:04:18,541] Using an existing study with name 'adaptive_no_temporal' instead of creating a new one.
Loading annotations and video...
Starting optimization for study 'adaptive_no_temporal'
Using temporal detector: False
Database: optuna_adaptive_no_temporal.db
Number of trials: 25

To run in parallel, execute this same command in multiple terminals.
--------------------------------------------------------------------------------
  0%|          | 0/25 [00:00<?, ?it/s]                                        0%|          | 0/25 [06:54<?, ?it/s]Best trial: 1. Best value: 0.364664:   0%|          | 0/25 [06:54<?, ?it/s]Best trial: 1. Best value: 0.364664:   4%|▍         | 1/25 [06:54<2:45:52, 414.69s/it]                                                                                      Best trial: 1. Best value: 0.364664:   4%|▍         | 1/25 [13:44<2:45:52, 414.69s/it]Best trial: 4. Best value: 0.577214:   4%|▍         | 1/25 [13:44<2:45:52, 414.69s/it]Best trial: 4. Best value: 0.577214:   8%|▊         | 2/25 [13:44<2:37:52, 411.86s/it]                                                                                      Best trial: 4. Best value: 0.577214:   8%|▊         | 2/25 [22:34<2:37:52, 411.86s/it]Best trial: 20. Best value: 0.620775:   8%|▊         | 2/25 [22:34<2:37:52, 411.86s/it]Best trial: 20. Best value: 0.620775:  12%|█▏        | 3/25 [22:34<2:50:48, 465.84s/it]                                                                                       Best trial: 20. Best value: 0.620775:  12%|█▏        | 3/25 [29:39<2:50:48, 465.84s/it]Best trial: 28. Best value: 0.627253:  12%|█▏        | 3/25 [29:39<2:50:48, 465.84s/it]Best trial: 28. Best value: 0.627253:  16%|█▌        | 4/25 [29:39<2:37:19, 449.49s/it]                                                                                       creating index...
index created!
Loading and preparing results...
DONE (t=0.01s)
creating index...
index created!
Running per image evaluation...
Evaluate annotation type *bbox*
DONE (t=1.89s).
Accumulating evaluation results...
DONE (t=0.29s).
 Average Precision  (AP) @[ IoU=0.50:0.95 | area=   all | maxDets=100 ] = 0.173
 Average Precision  (AP) @[ IoU=0.50      | area=   all | maxDets=100 ] = 0.365
 Average Precision  (AP) @[ IoU=0.75      | area=   all | maxDets=100 ] = 0.129
 Average Precision  (AP) @[ IoU=0.50:0.95 | area= small | maxDets=100 ] = -1.000
 Average Precision  (AP) @[ IoU=0.50:0.95 | area=medium | maxDets=100 ] = 0.086
 Average Precision  (AP) @[ IoU=0.50:0.95 | area= large | maxDets=100 ] = 0.289
 Average Recall     (AR) @[ IoU=0.50:0.95 | area=   all | maxDets=  1 ] = 0.168
 Average Recall     (AR) @[ IoU=0.50:0.95 | area=   all | maxDets= 10 ] = 0.275
 Average Recall     (AR) @[ IoU=0.50:0.95 | area=   all | maxDets=100 ] = 0.275
 Average Recall     (AR) @[ IoU=0.50:0.95 | area= small | maxDets=100 ] = -1.000
 Average Recall     (AR) @[ IoU=0.50:0.95 | area=medium | maxDets=100 ] = 0.160
 Average Recall     (AR) @[ IoU=0.50:0.95 | area= large | maxDets=100 ] = 0.409
[I 2026-02-23 23:11:13,233] Trial 1 finished with value: 0.36466419005205847 and parameters: {'alpha': 3.0763738467865043, 'mean_rho': 0.02264114792608261, 'variance_rho': 0.18777665767602195, 'std_bias': 1.6211320629810533, 'hue_threshold': 10.849996598569046, 'value_ratio_min': 0.35757520713410074, 'value_ratio_max': 0.8606750926595401, 'saturation_diff_threshold': 35.097390689920246}. Best is trial 1 with value: 0.36466419005205847.
creating index...
index created!
Loading and preparing results...
DONE (t=0.01s)
creating index...
index created!
Running per image evaluation...
Evaluate annotation type *bbox*
DONE (t=1.41s).
Accumulating evaluation results...
DONE (t=0.21s).
 Average Precision  (AP) @[ IoU=0.50:0.95 | area=   all | maxDets=100 ] = 0.051
 Average Precision  (AP) @[ IoU=0.50      | area=   all | maxDets=100 ] = 0.132
 Average Precision  (AP) @[ IoU=0.75      | area=   all | maxDets=100 ] = 0.032
 Average Precision  (AP) @[ IoU=0.50:0.95 | area= small | maxDets=100 ] = -1.000
 Average Precision  (AP) @[ IoU=0.50:0.95 | area=medium | maxDets=100 ] = 0.037
 Average Precision  (AP) @[ IoU=0.50:0.95 | area= large | maxDets=100 ] = 0.074
 Average Recall     (AR) @[ IoU=0.50:0.95 | area=   all | maxDets=  1 ] = 0.094
 Average Recall     (AR) @[ IoU=0.50:0.95 | area=   all | maxDets= 10 ] = 0.132
 Average Recall     (AR) @[ IoU=0.50:0.95 | area=   all | maxDets=100 ] = 0.132
 Average Recall     (AR) @[ IoU=0.50:0.95 | area= small | maxDets=100 ] = -1.000
 Average Recall     (AR) @[ IoU=0.50:0.95 | area=medium | maxDets=100 ] = 0.099
 Average Recall     (AR) @[ IoU=0.50:0.95 | area= large | maxDets=100 ] = 0.170
[I 2026-02-23 23:18:03,109] Trial 9 finished with value: 0.1320013004081445 and parameters: {'alpha': 3.3105880687940066, 'mean_rho': 0.23314936538891873, 'variance_rho': 0.3406609980075305, 'std_bias': 4.897887552397082, 'hue_threshold': 18.06283410145695, 'value_ratio_min': 0.49033955150545827, 'value_ratio_max': 0.9222850381417915, 'saturation_diff_threshold': 24.985322066028846}. Best is trial 4 with value: 0.5772143188656536.
creating index...
index created!
Loading and preparing results...
DONE (t=0.03s)
creating index...
index created!
Running per image evaluation...
Evaluate annotation type *bbox*
DONE (t=2.41s).
Accumulating evaluation results...
DONE (t=0.30s).
 Average Precision  (AP) @[ IoU=0.50:0.95 | area=   all | maxDets=100 ] = 0.087
 Average Precision  (AP) @[ IoU=0.50      | area=   all | maxDets=100 ] = 0.193
 Average Precision  (AP) @[ IoU=0.75      | area=   all | maxDets=100 ] = 0.062
 Average Precision  (AP) @[ IoU=0.50:0.95 | area= small | maxDets=100 ] = -1.000
 Average Precision  (AP) @[ IoU=0.50:0.95 | area=medium | maxDets=100 ] = 0.052
 Average Precision  (AP) @[ IoU=0.50:0.95 | area= large | maxDets=100 ] = 0.139
 Average Recall     (AR) @[ IoU=0.50:0.95 | area=   all | maxDets=  1 ] = 0.087
 Average Recall     (AR) @[ IoU=0.50:0.95 | area=   all | maxDets= 10 ] = 0.183
 Average Recall     (AR) @[ IoU=0.50:0.95 | area=   all | maxDets=100 ] = 0.184
 Average Recall     (AR) @[ IoU=0.50:0.95 | area= small | maxDets=100 ] = -1.000
 Average Recall     (AR) @[ IoU=0.50:0.95 | area=medium | maxDets=100 ] = 0.152
 Average Recall     (AR) @[ IoU=0.50:0.95 | area= large | maxDets=100 ] = 0.222
[I 2026-02-23 23:26:53,185] Trial 17 finished with value: 0.1927613562598166 and parameters: {'alpha': 2.099588007761151, 'mean_rho': 0.16080434155003243, 'variance_rho': 0.0036643477631362583, 'std_bias': 0.0842971845174314, 'hue_threshold': 11.472491203972957, 'value_ratio_min': 0.6076544087633498, 'value_ratio_max': 0.9931628500046854, 'saturation_diff_threshold': 12.761673870641076}. Best is trial 20 with value: 0.6207753365503557.
creating index...
index created!
Loading and preparing results...
DONE (t=0.02s)
creating index...
index created!
Running per image evaluation...
Evaluate annotation type *bbox*
DONE (t=2.23s).
Accumulating evaluation results...
DONE (t=0.38s).
 Average Precision  (AP) @[ IoU=0.50:0.95 | area=   all | maxDets=100 ] = 0.271
 Average Precision  (AP) @[ IoU=0.50      | area=   all | maxDets=100 ] = 0.517
 Average Precision  (AP) @[ IoU=0.75      | area=   all | maxDets=100 ] = 0.250
 Average Precision  (AP) @[ IoU=0.50:0.95 | area= small | maxDets=100 ] = -1.000
 Average Precision  (AP) @[ IoU=0.50:0.95 | area=medium | maxDets=100 ] = 0.202
 Average Precision  (AP) @[ IoU=0.50:0.95 | area= large | maxDets=100 ] = 0.360
 Average Recall     (AR) @[ IoU=0.50:0.95 | area=   all | maxDets=  1 ] = 0.198
 Average Recall     (AR) @[ IoU=0.50:0.95 | area=   all | maxDets= 10 ] = 0.397
 Average Recall     (AR) @[ IoU=0.50:0.95 | area=   all | maxDets=100 ] = 0.397
 Average Recall     (AR) @[ IoU=0.50:0.95 | area= small | maxDets=100 ] = -1.000
 Average Recall     (AR) @[ IoU=0.50:0.95 | area=medium | maxDets=100 ] = 0.325
 Average Recall     (AR) @[ IoU=0.50:0.95 | area= large | maxDets=100 ] = 0.480
[I 2026-02-23 23:33:57,601] Trial 27 finished with value: 0.5169838263030251 and parameters: {'alpha': 1.6811716260809129, 'mean_rho': 0.12577501850555406, 'variance_rho': 0.05967773568989712, 'std_bias': 4.141400684965919, 'hue_threshold': 14.910229902186458, 'value_ratio_min': 0.42417879241599343, 'value_ratio_max': 0.9366647548576602, 'saturation_diff_threshold': 26.518311608380852}. Best is trial 28 with value: 0.6272534500190091.
creating index...
index created!
Loading and preparing results...
DONE (t=0.01s)
creating index...
index created!
Running per image evaluation...
Evaluate annotation type *bbox*
DONE (t=2.05s).
Accumulating evaluation results...
DONE (t=0.34s).
 Average Precision  (AP) @[ IoU=0.50:0.95 | area=   all | maxDets=100 ] = 0.288
 Average Precision  (AP) @[ IoU=0.50      | area=   all | maxDets=100 ] = 0.537
 Average Precision  (AP) @[ IoU=0.75      | area=   all | maxDets=100 ] = 0.275
 Average Precision  (AP) @[ IoU=0.50:0.95 | area= small | maxDets=100 ] = -1.000
 Average Precision  (AP) @[ IoU=0.50:0.95 | area=medium | maxDets=100 ] = 0.224
 Average Precision  (AP) @[ IoU=0.50:0.95 | area= large | maxDets=100 ] = 0.375
 Average Recall     (AR) @[ IoU=0.50:0.95 | area=   all | maxDets=  1 ] = 0.211
 Average Recall     (AR) @[ IoU=0.50:0.95 | area=   all | maxDets= 10 ] = 0.412
 Average Recall     (AR) @[ IoU=0.50:0.95 | area=   all | maxDets=100 ] = 0.412
 Average Recall     (AR) @[ IoU=0.50:0.95 | area= small | maxDets=100 ] = -1.000
 Average Recall     (AR) @[ IoU=0.50:0.95 | area=medium | maxDets=100 ] = 0.336
 Average Recall     (AR) @[ IoU=0.50:0.95 | area= large | maxDets=100 ] = 0.501
[I 2026-02-23 23:41:01,613] Trial 34 finished with value: 0.5369941852380148 and parameters: {'alpha': 1.8202303361008454, 'mean_rho': 0.14462154693156423, 'variance_rho': 0.04770210713048699, 'std_bias': 4.254217257775309, 'hue_threshold': 9.694601903648145, 'value_ratio_min': 0.31824766125094894, 'value_ratio_max': 0.9416584318473321, 'saturation_diff_threshold': 38.45590195350382}. Best is trial 30 with value: 0.6389572906776438.Best trial: 28. Best value: 0.627253:  16%|█▌        | 4/25 [36:43<2:37:19, 449.49s/it]Best trial: 30. Best value: 0.638957:  16%|█▌        | 4/25 [36:43<2:37:19, 449.49s/it]Best trial: 30. Best value: 0.638957:  20%|██        | 5/25 [36:43<2:26:46, 440.30s/it]                                                                                       Best trial: 30. Best value: 0.638957:  20%|██        | 5/25 [43:34<2:26:46, 440.30s/it]Best trial: 30. Best value: 0.638957:  20%|██        | 5/25 [43:34<2:26:46, 440.30s/it]Best trial: 30. Best value: 0.638957:  24%|██▍       | 6/25 [43:34<2:16:20, 430.58s/it]                                                                                       Best trial: 30. Best value: 0.638957:  24%|██▍       | 6/25 [50:28<2:16:20, 430.58s/it]Best trial: 30. Best value: 0.638957:  24%|██▍       | 6/25 [50:28<2:16:20, 430.58s/it]Best trial: 30. Best value: 0.638957:  28%|██▊       | 7/25 [50:28<2:07:32, 425.12s/it]                                                                                       Best trial: 30. Best value: 0.638957:  28%|██▊       | 7/25 [56:50<2:07:32, 425.12s/it]Best trial: 30. Best value: 0.638957:  28%|██▊       | 7/25 [56:50<2:07:32, 425.12s/it]Best trial: 30. Best value: 0.638957:  32%|███▏      | 8/25 [56:50<1:56:31, 411.28s/it]                                                                                       Best trial: 30. Best value: 0.638957:  32%|███▏      | 8/25 [1:03:38<1:56:31, 411.28s/it]Best trial: 30. Best value: 0.638957:  32%|███▏      | 8/25 [1:03:38<1:56:31, 411.28s/it]Best trial: 30. Best value: 0.638957:  36%|███▌      | 9/25 [1:03:38<1:49:25, 410.34s/it]                                                                                         
creating index...
index created!
Loading and preparing results...
DONE (t=0.01s)
creating index...
index created!
Running per image evaluation...
Evaluate annotation type *bbox*
DONE (t=1.94s).
Accumulating evaluation results...
DONE (t=0.32s).
 Average Precision  (AP) @[ IoU=0.50:0.95 | area=   all | maxDets=100 ] = 0.305
 Average Precision  (AP) @[ IoU=0.50      | area=   all | maxDets=100 ] = 0.534
 Average Precision  (AP) @[ IoU=0.75      | area=   all | maxDets=100 ] = 0.294
 Average Precision  (AP) @[ IoU=0.50:0.95 | area= small | maxDets=100 ] = -1.000
 Average Precision  (AP) @[ IoU=0.50:0.95 | area=medium | maxDets=100 ] = 0.138
 Average Precision  (AP) @[ IoU=0.50:0.95 | area= large | maxDets=100 ] = 0.516
 Average Recall     (AR) @[ IoU=0.50:0.95 | area=   all | maxDets=  1 ] = 0.230
 Average Recall     (AR) @[ IoU=0.50:0.95 | area=   all | maxDets= 10 ] = 0.414
 Average Recall     (AR) @[ IoU=0.50:0.95 | area=   all | maxDets=100 ] = 0.414
 Average Recall     (AR) @[ IoU=0.50:0.95 | area= small | maxDets=100 ] = -1.000
 Average Recall     (AR) @[ IoU=0.50:0.95 | area=medium | maxDets=100 ] = 0.233
 Average Recall     (AR) @[ IoU=0.50:0.95 | area= large | maxDets=100 ] = 0.625
[I 2026-02-23 23:47:53,327] Trial 42 finished with value: 0.533901369284536 and parameters: {'alpha': 2.8134849840998233, 'mean_rho': 0.10465959917599528, 'variance_rho': 0.15272428061849508, 'std_bias': 2.6610045261768684, 'hue_threshold': 21.06177357636831, 'value_ratio_min': 0.3829035664303838, 'value_ratio_max': 0.908599692198223, 'saturation_diff_threshold': 22.318769970284613}. Best is trial 30 with value: 0.6389572906776438.
creating index...
index created!
Loading and preparing results...
DONE (t=0.01s)
creating index...
index created!
Running per image evaluation...
Evaluate annotation type *bbox*
DONE (t=2.04s).
Accumulating evaluation results...
DONE (t=0.28s).
 Average Precision  (AP) @[ IoU=0.50:0.95 | area=   all | maxDets=100 ] = 0.360
 Average Precision  (AP) @[ IoU=0.50      | area=   all | maxDets=100 ] = 0.588
 Average Precision  (AP) @[ IoU=0.75      | area=   all | maxDets=100 ] = 0.375
 Average Precision  (AP) @[ IoU=0.50:0.95 | area= small | maxDets=100 ] = -1.000
 Average Precision  (AP) @[ IoU=0.50:0.95 | area=medium | maxDets=100 ] = 0.163
 Average Precision  (AP) @[ IoU=0.50:0.95 | area= large | maxDets=100 ] = 0.604
 Average Recall     (AR) @[ IoU=0.50:0.95 | area=   all | maxDets=  1 ] = 0.254
 Average Recall     (AR) @[ IoU=0.50:0.95 | area=   all | maxDets= 10 ] = 0.464
 Average Recall     (AR) @[ IoU=0.50:0.95 | area=   all | maxDets=100 ] = 0.464
 Average Recall     (AR) @[ IoU=0.50:0.95 | area= small | maxDets=100 ] = -1.000
 Average Recall     (AR) @[ IoU=0.50:0.95 | area=medium | maxDets=100 ] = 0.261
 Average Recall     (AR) @[ IoU=0.50:0.95 | area= large | maxDets=100 ] = 0.701
[I 2026-02-23 23:54:47,207] Trial 50 finished with value: 0.5877310138780836 and parameters: {'alpha': 2.510342135192506, 'mean_rho': 0.27146077227940324, 'variance_rho': 0.10461967064868921, 'std_bias': 4.670871376382684, 'hue_threshold': 18.741921409808157, 'value_ratio_min': 0.3631897103405858, 'value_ratio_max': 0.8937478211948883, 'saturation_diff_threshold': 30.6629634802618}. Best is trial 30 with value: 0.6389572906776438.
creating index...
index created!
Loading and preparing results...
DONE (t=0.01s)
creating index...
index created!
Running per image evaluation...
Evaluate annotation type *bbox*
DONE (t=2.06s).
Accumulating evaluation results...
DONE (t=0.29s).
 Average Precision  (AP) @[ IoU=0.50:0.95 | area=   all | maxDets=100 ] = 0.382
 Average Precision  (AP) @[ IoU=0.50      | area=   all | maxDets=100 ] = 0.606
 Average Precision  (AP) @[ IoU=0.75      | area=   all | maxDets=100 ] = 0.404
 Average Precision  (AP) @[ IoU=0.50:0.95 | area= small | maxDets=100 ] = -1.000
 Average Precision  (AP) @[ IoU=0.50:0.95 | area=medium | maxDets=100 ] = 0.193
 Average Precision  (AP) @[ IoU=0.50:0.95 | area= large | maxDets=100 ] = 0.609
 Average Recall     (AR) @[ IoU=0.50:0.95 | area=   all | maxDets=  1 ] = 0.256
 Average Recall     (AR) @[ IoU=0.50:0.95 | area=   all | maxDets= 10 ] = 0.485
 Average Recall     (AR) @[ IoU=0.50:0.95 | area=   all | maxDets=100 ] = 0.485
 Average Recall     (AR) @[ IoU=0.50:0.95 | area= small | maxDets=100 ] = -1.000
 Average Recall     (AR) @[ IoU=0.50:0.95 | area=medium | maxDets=100 ] = 0.290
 Average Recall     (AR) @[ IoU=0.50:0.95 | area= large | maxDets=100 ] = 0.711
[I 2026-02-24 00:01:08,856] Trial 58 finished with value: 0.6056961729964279 and parameters: {'alpha': 2.994283035273528, 'mean_rho': 0.2539207494871, 'variance_rho': 0.029107507902523633, 'std_bias': 3.9648457956247456, 'hue_threshold': 23.196528978297206, 'value_ratio_min': 0.45668621054062114, 'value_ratio_max': 0.9283655338594156, 'saturation_diff_threshold': 25.705259525239345}. Best is trial 30 with value: 0.6389572906776438.
creating index...
index created!
Loading and preparing results...
DONE (t=0.02s)
creating index...
index created!
Running per image evaluation...
Evaluate annotation type *bbox*
DONE (t=1.72s).
Accumulating evaluation results...
DONE (t=0.32s).
 Average Precision  (AP) @[ IoU=0.50:0.95 | area=   all | maxDets=100 ] = 0.120
 Average Precision  (AP) @[ IoU=0.50      | area=   all | maxDets=100 ] = 0.237
 Average Precision  (AP) @[ IoU=0.75      | area=   all | maxDets=100 ] = 0.098
 Average Precision  (AP) @[ IoU=0.50:0.95 | area= small | maxDets=100 ] = -1.000
 Average Precision  (AP) @[ IoU=0.50:0.95 | area=medium | maxDets=100 ] = 0.048
 Average Precision  (AP) @[ IoU=0.50:0.95 | area= large | maxDets=100 ] = 0.231
 Average Recall     (AR) @[ IoU=0.50:0.95 | area=   all | maxDets=  1 ] = 0.127
 Average Recall     (AR) @[ IoU=0.50:0.95 | area=   all | maxDets= 10 ] = 0.219
 Average Recall     (AR) @[ IoU=0.50:0.95 | area=   all | maxDets=100 ] = 0.219
 Average Recall     (AR) @[ IoU=0.50:0.95 | area= small | maxDets=100 ] = -1.000
 Average Recall     (AR) @[ IoU=0.50:0.95 | area=medium | maxDets=100 ] = 0.098
 Average Recall     (AR) @[ IoU=0.50:0.95 | area= large | maxDets=100 ] = 0.360
[I 2026-02-24 00:07:57,129] Trial 65 finished with value: 0.23718540336559743 and parameters: {'alpha': 3.241130363366345, 'mean_rho': 0.018278434897487567, 'variance_rho': 0.08409837408644912, 'std_bias': 4.869109644261135, 'hue_threshold': 17.496556148456182, 'value_ratio_min': 0.5134212677120406, 'value_ratio_max': 0.8644771976656529, 'saturation_diff_threshold': 35.810518833285045}. Best is trial 30 with value: 0.6389572906776438.
creating index...
index created!
Loading and preparing results...
DONE (t=0.01s)
creating index...
index created!
Running per image evaluation...
Evaluate annotation type *bbox*
DONE (t=2.12s).
Accumulating evaluation results...
DONE (t=0.33s).
 Average Precision  (AP) @[ IoU=0.50:0.95 | area=   all | maxDets=100 ] = 0.400
 Average Precision  (AP) @[ IoU=0.50      | area=   all | maxDets=100 ] = 0.647
 Average Precision  (AP) @[ IoU=0.75      | area=   all | maxDets=100 ] = 0.421
 Average Precision  (AP) @[ IoU=0.50:0.95 | area= small | maxDets=100 ] = -1.000
 Average Precision  (AP) @[ IoU=0.50:0.95 | area=medium | maxDets=100 ] = 0.219
 Average Precision  (AP) @[ IoU=0.50:0.95 | area= large | maxDets=100 ] = 0.610
 Average Recall     (AR) @[ IoU=0.50:0.95 | area=   all | maxDets=  1 ] = 0.263
 Average Recall     (AR) @[ IoU=0.50:0.95 | area=   all | maxDets= 10 ] = 0.501
 Average Recall     (AR) @[ IoU=0.50:0.95 | area=   all | maxDets=100 ] = 0.501
 Average Recall     (AR) @[ IoU=0.50:0.95 | area= small | maxDets=100 ] = -1.000
 Average Recall     (AR) @[ IoU=0.50:0.95 | area=medium | maxDets=100 ] = 0.318
 Average Recall     (AR) @[ IoU=0.50:0.95 | area= large | maxDets=100 ] = 0.712
