[I 2026-02-23 23:04:49,662] Using an existing study with name 'adaptive_no_temporal' instead of creating a new one.
Loading annotations and video...
Starting optimization for study 'adaptive_no_temporal'
Using temporal detector: False
Database: optuna_adaptive_no_temporal.db
Number of trials: 25

To run in parallel, execute this same command in multiple terminals.
--------------------------------------------------------------------------------
  0%|          | 0/25 [00:00<?, ?it/s]                                        0%|          | 0/25 [07:03<?, ?it/s]Best trial: 4. Best value: 0.577214:   0%|          | 0/25 [07:03<?, ?it/s]Best trial: 4. Best value: 0.577214:   4%|▍         | 1/25 [07:03<2:49:17, 423.23s/it]                                                                                      Best trial: 4. Best value: 0.577214:   4%|▍         | 1/25 [13:59<2:49:17, 423.23s/it]Best trial: 4. Best value: 0.577214:   4%|▍         | 1/25 [13:59<2:49:17, 423.23s/it]Best trial: 4. Best value: 0.577214:   8%|▊         | 2/25 [13:59<2:40:35, 418.96s/it]                                                                                      Best trial: 4. Best value: 0.577214:   8%|▊         | 2/25 [20:53<2:40:35, 418.96s/it]Best trial: 20. Best value: 0.620775:   8%|▊         | 2/25 [20:53<2:40:35, 418.96s/it]Best trial: 20. Best value: 0.620775:  12%|█▏        | 3/25 [20:53<2:32:45, 416.63s/it]                                                                                       Best trial: 20. Best value: 0.620775:  12%|█▏        | 3/25 [30:10<2:32:45, 416.63s/it]Best trial: 28. Best value: 0.627253:  12%|█▏        | 3/25 [30:10<2:32:45, 416.63s/it]Best trial: 28. Best value: 0.627253:  16%|█▌        | 4/25 [30:10<2:45:14, 472.13s/it]                                                                                       creating index...
index created!
Loading and preparing results...
DONE (t=0.01s)
creating index...
index created!
Running per image evaluation...
Evaluate annotation type *bbox*
DONE (t=2.11s).
Accumulating evaluation results...
DONE (t=0.36s).
 Average Precision  (AP) @[ IoU=0.50:0.95 | area=   all | maxDets=100 ] = 0.339
 Average Precision  (AP) @[ IoU=0.50      | area=   all | maxDets=100 ] = 0.562
 Average Precision  (AP) @[ IoU=0.75      | area=   all | maxDets=100 ] = 0.351
 Average Precision  (AP) @[ IoU=0.50:0.95 | area= small | maxDets=100 ] = -1.000
 Average Precision  (AP) @[ IoU=0.50:0.95 | area=medium | maxDets=100 ] = 0.151
 Average Precision  (AP) @[ IoU=0.50:0.95 | area= large | maxDets=100 ] = 0.577
 Average Recall     (AR) @[ IoU=0.50:0.95 | area=   all | maxDets=  1 ] = 0.246
 Average Recall     (AR) @[ IoU=0.50:0.95 | area=   all | maxDets= 10 ] = 0.449
 Average Recall     (AR) @[ IoU=0.50:0.95 | area=   all | maxDets=100 ] = 0.449
 Average Recall     (AR) @[ IoU=0.50:0.95 | area= small | maxDets=100 ] = -1.000
 Average Recall     (AR) @[ IoU=0.50:0.95 | area=medium | maxDets=100 ] = 0.250
 Average Recall     (AR) @[ IoU=0.50:0.95 | area= large | maxDets=100 ] = 0.681
[I 2026-02-23 23:11:52,892] Trial 7 finished with value: 0.5619574854660729 and parameters: {'alpha': 2.5844402563413325, 'mean_rho': 0.2356772636999097, 'variance_rho': 0.13209289686108686, 'std_bias': 3.7546449194096754, 'hue_threshold': 18.88106652689615, 'value_ratio_min': 0.3455780850080048, 'value_ratio_max': 0.9648200774071352, 'saturation_diff_threshold': 35.76305942143925}. Best is trial 4 with value: 0.5772143188656536.
creating index...
index created!
Loading and preparing results...
DONE (t=0.01s)
creating index...
index created!
Running per image evaluation...
Evaluate annotation type *bbox*
DONE (t=1.72s).
Accumulating evaluation results...
DONE (t=0.27s).
 Average Precision  (AP) @[ IoU=0.50:0.95 | area=   all | maxDets=100 ] = 0.089
 Average Precision  (AP) @[ IoU=0.50      | area=   all | maxDets=100 ] = 0.203
 Average Precision  (AP) @[ IoU=0.75      | area=   all | maxDets=100 ] = 0.067
 Average Precision  (AP) @[ IoU=0.50:0.95 | area= small | maxDets=100 ] = -1.000
 Average Precision  (AP) @[ IoU=0.50:0.95 | area=medium | maxDets=100 ] = 0.038
 Average Precision  (AP) @[ IoU=0.50:0.95 | area= large | maxDets=100 ] = 0.174
 Average Recall     (AR) @[ IoU=0.50:0.95 | area=   all | maxDets=  1 ] = 0.121
 Average Recall     (AR) @[ IoU=0.50:0.95 | area=   all | maxDets= 10 ] = 0.216
 Average Recall     (AR) @[ IoU=0.50:0.95 | area=   all | maxDets=100 ] = 0.216
 Average Recall     (AR) @[ IoU=0.50:0.95 | area= small | maxDets=100 ] = -1.000
 Average Recall     (AR) @[ IoU=0.50:0.95 | area=medium | maxDets=100 ] = 0.151
 Average Recall     (AR) @[ IoU=0.50:0.95 | area= large | maxDets=100 ] = 0.293
[I 2026-02-23 23:18:48,867] Trial 14 finished with value: 0.20266309013327236 and parameters: {'alpha': 3.12964885426563, 'mean_rho': 0.3779148367757909, 'variance_rho': 0.39178052906579663, 'std_bias': 3.5204377046250035, 'hue_threshold': 11.229426639550326, 'value_ratio_min': 0.3515091806284632, 'value_ratio_max': 0.9961619681210889, 'saturation_diff_threshold': 13.604292601331984}. Best is trial 4 with value: 0.5772143188656536.
creating index...
index created!
Loading and preparing results...
DONE (t=0.02s)
creating index...
index created!
Running per image evaluation...
Evaluate annotation type *bbox*
DONE (t=2.04s).
Accumulating evaluation results...
DONE (t=0.29s).
 Average Precision  (AP) @[ IoU=0.50:0.95 | area=   all | maxDets=100 ] = 0.353
 Average Precision  (AP) @[ IoU=0.50      | area=   all | maxDets=100 ] = 0.607
 Average Precision  (AP) @[ IoU=0.75      | area=   all | maxDets=100 ] = 0.367
 Average Precision  (AP) @[ IoU=0.50:0.95 | area= small | maxDets=100 ] = -1.000
 Average Precision  (AP) @[ IoU=0.50:0.95 | area=medium | maxDets=100 ] = 0.243
 Average Precision  (AP) @[ IoU=0.50:0.95 | area= large | maxDets=100 ] = 0.487
 Average Recall     (AR) @[ IoU=0.50:0.95 | area=   all | maxDets=  1 ] = 0.231
 Average Recall     (AR) @[ IoU=0.50:0.95 | area=   all | maxDets= 10 ] = 0.455
 Average Recall     (AR) @[ IoU=0.50:0.95 | area=   all | maxDets=100 ] = 0.455
 Average Recall     (AR) @[ IoU=0.50:0.95 | area= small | maxDets=100 ] = -1.000
 Average Recall     (AR) @[ IoU=0.50:0.95 | area=medium | maxDets=100 ] = 0.344
 Average Recall     (AR) @[ IoU=0.50:0.95 | area= large | maxDets=100 ] = 0.584
[I 2026-02-23 23:25:42,728] Trial 19 finished with value: 0.6069271270036104 and parameters: {'alpha': 2.268647910889579, 'mean_rho': 0.20897922712199218, 'variance_rho': 0.08407967860618071, 'std_bias': 3.4223104000444953, 'hue_threshold': 13.642751729605816, 'value_ratio_min': 0.5821487306136981, 'value_ratio_max': 0.9687750072760121, 'saturation_diff_threshold': 33.002815939672416}. Best is trial 20 with value: 0.6207753365503557.
creating index...
index created!
Loading and preparing results...
DONE (t=0.01s)
creating index...
index created!
Running per image evaluation...
Evaluate annotation type *bbox*
DONE (t=2.02s).
Accumulating evaluation results...
DONE (t=0.33s).
 Average Precision  (AP) @[ IoU=0.50:0.95 | area=   all | maxDets=100 ] = 0.024
 Average Precision  (AP) @[ IoU=0.50      | area=   all | maxDets=100 ] = 0.046
 Average Precision  (AP) @[ IoU=0.75      | area=   all | maxDets=100 ] = 0.024
 Average Precision  (AP) @[ IoU=0.50:0.95 | area= small | maxDets=100 ] = -1.000
 Average Precision  (AP) @[ IoU=0.50:0.95 | area=medium | maxDets=100 ] = 0.003
 Average Precision  (AP) @[ IoU=0.50:0.95 | area= large | maxDets=100 ] = 0.046
 Average Recall     (AR) @[ IoU=0.50:0.95 | area=   all | maxDets=  1 ] = 0.013
 Average Recall     (AR) @[ IoU=0.50:0.95 | area=   all | maxDets= 10 ] = 0.038
 Average Recall     (AR) @[ IoU=0.50:0.95 | area=   all | maxDets=100 ] = 0.040
 Average Recall     (AR) @[ IoU=0.50:0.95 | area= small | maxDets=100 ] = -1.000
 Average Recall     (AR) @[ IoU=0.50:0.95 | area=medium | maxDets=100 ] = 0.014
 Average Recall     (AR) @[ IoU=0.50:0.95 | area= large | maxDets=100 ] = 0.070
[I 2026-02-23 23:34:59,919] Trial 26 finished with value: 0.04643946240578354 and parameters: {'alpha': 1.8652502350306335, 'mean_rho': 0.14634810240378918, 'variance_rho': 0.05264222028690272, 'std_bias': 0.11535682452829077, 'hue_threshold': 15.074211921754163, 'value_ratio_min': 0.4251611760492562, 'value_ratio_max': 0.9462352306277396, 'saturation_diff_threshold': 27.290159200258316}. Best is trial 28 with value: 0.6272534500190091.
creating index...
index created!
Loading and preparing results...
DONE (t=0.01s)
creating index...
index created!
Running per image evaluation...
Evaluate annotation type *bbox*
DONE (t=2.15s).
Accumulating evaluation results...
DONE (t=0.30s).
 Average Precision  (AP) @[ IoU=0.50:0.95 | area=   all | maxDets=100 ] = 0.288
 Average Precision  (AP) @[ IoU=0.50      | area=   all | maxDets=100 ] = 0.577
 Average Precision  (AP) @[ IoU=0.75      | area=   all | maxDets=100 ] = 0.252
 Average Precision  (AP) @[ IoU=0.50:0.95 | area= small | maxDets=100 ] = -1.000
 Average Precision  (AP) @[ IoU=0.50:0.95 | area=medium | maxDets=100 ] = 0.203
 Average Precision  (AP) @[ IoU=0.50:0.95 | area= large | maxDets=100 ] = 0.389
 Average Recall     (AR) @[ IoU=0.50:0.95 | area=   all | maxDets=  1 ] = 0.228
 Average Recall     (AR) @[ IoU=0.50:0.95 | area=   all | maxDets= 10 ] = 0.412
 Average Recall     (AR) @[ IoU=0.50:0.95 | area=   all | maxDets=100 ] = 0.412
 Average Recall     (AR) @[ IoU=0.50:0.95 | area= small | maxDets=100 ] = -1.000
 Average Recall     (AR) @[ IoU=0.50:0.95 | area=medium | maxDets=100 ] = 0.314
 Average Recall     (AR) @[ IoU=0.50:0.95 | area= large | maxDets=100 ] = 0.526
[I 2026-02-23 23:41:54,907] Trial 37 finished with value: 0.5770357929147376 and parameters: {'alpha': 2.7700498223553076, 'mean_rho': 0.10007676794657555, 'variance_rho': 0.04581455702954134, 'std_bias': 2.4833829911855507, 'hue_threshold': 9.271381162852055, 'value_ratio_min': 0.30262419966690396, 'value_ratio_max': 0.8172966395430367, 'saturation_diff_threshold': 37.26899814750541}. Best is trial 30 with value: 0.6389572906776438.Best trial: 28. Best value: 0.627253:  16%|█▌        | 4/25 [37:05<2:45:14, 472.13s/it]Best trial: 30. Best value: 0.638957:  16%|█▌        | 4/25 [37:05<2:45:14, 472.13s/it]Best trial: 30. Best value: 0.638957:  20%|██        | 5/25 [37:05<2:30:30, 451.52s/it]                                                                                       Best trial: 30. Best value: 0.638957:  20%|██        | 5/25 [44:01<2:30:30, 451.52s/it]Best trial: 30. Best value: 0.638957:  20%|██        | 5/25 [44:01<2:30:30, 451.52s/it]Best trial: 30. Best value: 0.638957:  24%|██▍       | 6/25 [44:01<2:19:12, 439.60s/it]                                                                                       Best trial: 30. Best value: 0.638957:  24%|██▍       | 6/25 [50:56<2:19:12, 439.60s/it]Best trial: 30. Best value: 0.638957:  24%|██▍       | 6/25 [50:56<2:19:12, 439.60s/it]Best trial: 30. Best value: 0.638957:  28%|██▊       | 7/25 [50:56<2:09:24, 431.34s/it]                                                                                       Best trial: 30. Best value: 0.638957:  28%|██▊       | 7/25 [57:42<2:09:24, 431.34s/it]Best trial: 30. Best value: 0.638957:  28%|██▊       | 7/25 [57:42<2:09:24, 431.34s/it]Best trial: 30. Best value: 0.638957:  32%|███▏      | 8/25 [57:42<1:59:58, 423.44s/it]                                                                                       Best trial: 30. Best value: 0.638957:  32%|███▏      | 8/25 [1:05:03<1:59:58, 423.44s/it]Best trial: 30. Best value: 0.638957:  32%|███▏      | 8/25 [1:05:03<1:59:58, 423.44s/it]Best trial: 30. Best value: 0.638957:  36%|███▌      | 9/25 [1:05:03<1:54:23, 428.99s/it]                                                                                         
creating index...
index created!
Loading and preparing results...
DONE (t=0.02s)
creating index...
index created!
Running per image evaluation...
Evaluate annotation type *bbox*
DONE (t=2.03s).
Accumulating evaluation results...
DONE (t=0.32s).
 Average Precision  (AP) @[ IoU=0.50:0.95 | area=   all | maxDets=100 ] = 0.315
 Average Precision  (AP) @[ IoU=0.50      | area=   all | maxDets=100 ] = 0.615
 Average Precision  (AP) @[ IoU=0.75      | area=   all | maxDets=100 ] = 0.289
 Average Precision  (AP) @[ IoU=0.50:0.95 | area= small | maxDets=100 ] = -1.000
 Average Precision  (AP) @[ IoU=0.50:0.95 | area=medium | maxDets=100 ] = 0.211
 Average Precision  (AP) @[ IoU=0.50:0.95 | area= large | maxDets=100 ] = 0.435
 Average Recall     (AR) @[ IoU=0.50:0.95 | area=   all | maxDets=  1 ] = 0.227
 Average Recall     (AR) @[ IoU=0.50:0.95 | area=   all | maxDets= 10 ] = 0.425
 Average Recall     (AR) @[ IoU=0.50:0.95 | area=   all | maxDets=100 ] = 0.425
 Average Recall     (AR) @[ IoU=0.50:0.95 | area= small | maxDets=100 ] = -1.000
 Average Recall     (AR) @[ IoU=0.50:0.95 | area=medium | maxDets=100 ] = 0.321
 Average Recall     (AR) @[ IoU=0.50:0.95 | area= large | maxDets=100 ] = 0.545
[I 2026-02-23 23:48:51,390] Trial 45 finished with value: 0.6146441019654664 and parameters: {'alpha': 2.528836173762315, 'mean_rho': 0.27261976631793594, 'variance_rho': 0.10842837188047189, 'std_bias': 3.058554548640924, 'hue_threshold': 5.113473811621866, 'value_ratio_min': 0.3799721607755279, 'value_ratio_max': 0.905062864884069, 'saturation_diff_threshold': 22.445944993955173}. Best is trial 30 with value: 0.6389572906776438.
creating index...
index created!
Loading and preparing results...
DONE (t=0.01s)
creating index...
index created!
Running per image evaluation...
Evaluate annotation type *bbox*
DONE (t=2.01s).
Accumulating evaluation results...
DONE (t=0.30s).
 Average Precision  (AP) @[ IoU=0.50:0.95 | area=   all | maxDets=100 ] = 0.400
 Average Precision  (AP) @[ IoU=0.50      | area=   all | maxDets=100 ] = 0.629
 Average Precision  (AP) @[ IoU=0.75      | area=   all | maxDets=100 ] = 0.439
 Average Precision  (AP) @[ IoU=0.50:0.95 | area= small | maxDets=100 ] = -1.000
 Average Precision  (AP) @[ IoU=0.50:0.95 | area=medium | maxDets=100 ] = 0.247
 Average Precision  (AP) @[ IoU=0.50:0.95 | area= large | maxDets=100 ] = 0.579
 Average Recall     (AR) @[ IoU=0.50:0.95 | area=   all | maxDets=  1 ] = 0.255
 Average Recall     (AR) @[ IoU=0.50:0.95 | area=   all | maxDets= 10 ] = 0.499
 Average Recall     (AR) @[ IoU=0.50:0.95 | area=   all | maxDets=100 ] = 0.499
 Average Recall     (AR) @[ IoU=0.50:0.95 | area= small | maxDets=100 ] = -1.000
 Average Recall     (AR) @[ IoU=0.50:0.95 | area=medium | maxDets=100 ] = 0.340
 Average Recall     (AR) @[ IoU=0.50:0.95 | area= large | maxDets=100 ] = 0.683
[I 2026-02-23 23:55:45,734] Trial 52 finished with value: 0.6285256751856468 and parameters: {'alpha': 2.4641847629760045, 'mean_rho': 0.1761690247899883, 'variance_rho': 0.027009020902955656, 'std_bias': 4.600878030361444, 'hue_threshold': 18.05773572995862, 'value_ratio_min': 0.45043620837241893, 'value_ratio_max': 0.8918473677681056, 'saturation_diff_threshold': 30.69432700447426}. Best is trial 30 with value: 0.6389572906776438.
creating index...
index created!
Loading and preparing results...
DONE (t=0.02s)
creating index...
index created!
Running per image evaluation...
Evaluate annotation type *bbox*
DONE (t=2.21s).
Accumulating evaluation results...
DONE (t=0.36s).
 Average Precision  (AP) @[ IoU=0.50:0.95 | area=   all | maxDets=100 ] = 0.379
 Average Precision  (AP) @[ IoU=0.50      | area=   all | maxDets=100 ] = 0.611
 Average Precision  (AP) @[ IoU=0.75      | area=   all | maxDets=100 ] = 0.391
 Average Precision  (AP) @[ IoU=0.50:0.95 | area= small | maxDets=100 ] = -1.000
 Average Precision  (AP) @[ IoU=0.50:0.95 | area=medium | maxDets=100 ] = 0.194
 Average Precision  (AP) @[ IoU=0.50:0.95 | area= large | maxDets=100 ] = 0.598
 Average Recall     (AR) @[ IoU=0.50:0.95 | area=   all | maxDets=  1 ] = 0.258
 Average Recall     (AR) @[ IoU=0.50:0.95 | area=   all | maxDets= 10 ] = 0.476
 Average Recall     (AR) @[ IoU=0.50:0.95 | area=   all | maxDets=100 ] = 0.476
 Average Recall     (AR) @[ IoU=0.50:0.95 | area= small | maxDets=100 ] = -1.000
 Average Recall     (AR) @[ IoU=0.50:0.95 | area=medium | maxDets=100 ] = 0.286
 Average Recall     (AR) @[ IoU=0.50:0.95 | area= large | maxDets=100 ] = 0.697
[I 2026-02-24 00:02:32,242] Trial 60 finished with value: 0.6111440932551926 and parameters: {'alpha': 3.004566700559097, 'mean_rho': 0.06674944189713948, 'variance_rho': 0.018340070336143856, 'std_bias': 3.919507854396203, 'hue_threshold': 13.48196420206948, 'value_ratio_min': 0.45535534453197934, 'value_ratio_max': 0.8835732904715545, 'saturation_diff_threshold': 41.0864305640098}. Best is trial 30 with value: 0.6389572906776438.
creating index...
index created!
Loading and preparing results...
DONE (t=0.02s)
creating index...
index created!
Running per image evaluation...
Evaluate annotation type *bbox*
DONE (t=2.51s).
Accumulating evaluation results...
DONE (t=0.39s).
 Average Precision  (AP) @[ IoU=0.50:0.95 | area=   all | maxDets=100 ] = 0.252
 Average Precision  (AP) @[ IoU=0.50      | area=   all | maxDets=100 ] = 0.405
 Average Precision  (AP) @[ IoU=0.75      | area=   all | maxDets=100 ] = 0.285
 Average Precision  (AP) @[ IoU=0.50:0.95 | area= small | maxDets=100 ] = -1.000
 Average Precision  (AP) @[ IoU=0.50:0.95 | area=medium | maxDets=100 ] = 0.155
 Average Precision  (AP) @[ IoU=0.50:0.95 | area= large | maxDets=100 ] = 0.359
 Average Recall     (AR) @[ IoU=0.50:0.95 | area=   all | maxDets=  1 ] = 0.190
 Average Recall     (AR) @[ IoU=0.50:0.95 | area=   all | maxDets= 10 ] = 0.377
 Average Recall     (AR) @[ IoU=0.50:0.95 | area=   all | maxDets=100 ] = 0.378
 Average Recall     (AR) @[ IoU=0.50:0.95 | area= small | maxDets=100 ] = -1.000
 Average Recall     (AR) @[ IoU=0.50:0.95 | area=medium | maxDets=100 ] = 0.317
 Average Recall     (AR) @[ IoU=0.50:0.95 | area= large | maxDets=100 ] = 0.448
[I 2026-02-24 00:09:53,437] Trial 68 finished with value: 0.4045660477474394 and parameters: {'alpha': 1.9718715086459009, 'mean_rho': 0.16150108271480704, 'variance_rho': 0.0032002440789116737, 'std_bias': 4.431136703847124, 'hue_threshold': 17.47891306725969, 'value_ratio_min': 0.3374371468744801, 'value_ratio_max': 0.8770772124896008, 'saturation_diff_threshold': 35.39492968320193}. Best is trial 30 with value: 0.6389572906776438.
creating index...
index created!
Loading and preparing results...
DONE (t=0.01s)
creating index...
index created!
Running per image evaluation...
Evaluate annotation type *bbox*
DONE (t=1.99s).
Accumulating evaluation results...
DONE (t=0.31s).
 Average Precision  (AP) @[ IoU=0.50:0.95 | area=   all | maxDets=100 ] = 0.225
 Average Precision  (AP) @[ IoU=0.50      | area=   all | maxDets=100 ] = 0.414
 Average Precision  (AP) @[ IoU=0.75      | area=   all | maxDets=100 ] = 0.206
 Average Precision  (AP) @[ IoU=0.50:0.95 | area= small | maxDets=100 ] = -1.000
 Average Precision  (AP) @[ IoU=0.50:0.95 | area=medium | maxDets=100 ] = 0.101
 Average Precision  (AP) @[ IoU=0.50:0.95 | area= large | maxDets=100 ] = 0.392
 Average Recall     (AR) @[ IoU=0.50:0.95 | area=   all | maxDets=  1 ] = 0.203
 Average Recall     (AR) @[ IoU=0.50:0.95 | area=   all | maxDets= 10 ] = 0.336
 Average Recall     (AR) @[ IoU=0.50:0.95 | area=   all | maxDets=100 ] = 0.336
 Average Recall     (AR) @[ IoU=0.50:0.95 | area= small | maxDets=100 ] = -1.000
 Average Recall     (AR) @[ IoU=0.50:0.95 | area=medium | maxDets=100 ] = 0.189
 Average Recall     (AR) @[ IoU=0.50:0.95 | area= large | maxDets=100 ] = 0.507
