[I 2026-02-24 03:26:10,006] Trial 79 finished with value: 0.5613581062019538 and parameters: {'alpha': 3.523038823367343, 'mean_rho': 0.11074055342418548, 'variance_rho': 0.04455414209128272, 'std_bias': 2.628929281803051, 'hue_threshold': 25.87746130840349, 'value_ratio_min': 0.31813918728819685, 'value_ratio_max': 0.8966988951227216, 'saturation_diff_threshold': 20.83279449534934}. Best is trial 27 with value: 0.6218635226564296.Best trial: 27. Best value: 0.621864:  36%|███▌      | 9/25 [1:21:05<2:11:34, 493.42s/it]Best trial: 27. Best value: 0.621864:  36%|███▌      | 9/25 [1:21:05<2:11:34, 493.42s/it]Best trial: 27. Best value: 0.621864:  40%|████      | 10/25 [1:21:05<2:00:00, 480.04s/it]                                                                                          Best trial: 27. Best value: 0.621864:  40%|████      | 10/25 [1:28:23<2:00:00, 480.04s/it]Best trial: 27. Best value: 0.621864:  40%|████      | 10/25 [1:28:23<2:00:00, 480.04s/it]Best trial: 27. Best value: 0.621864:  44%|████▍     | 11/25 [1:28:23<1:49:01, 467.22s/it]                                                                                          Best trial: 27. Best value: 0.621864:  44%|████▍     | 11/25 [1:35:54<1:49:01, 467.22s/it]Best trial: 27. Best value: 0.621864:  44%|████▍     | 11/25 [1:35:54<1:49:01, 467.22s/it]Best trial: 27. Best value: 0.621864:  48%|████▊     | 12/25 [1:35:54<1:40:09, 462.24s/it]                                                                                          Best trial: 27. Best value: 0.621864:  48%|████▊     | 12/25 [1:43:13<1:40:09, 462.24s/it]Best trial: 27. Best value: 0.621864:  48%|████▊     | 12/25 [1:43:13<1:40:09, 462.24s/it]Best trial: 27. Best value: 0.621864:  52%|█████▏    | 13/25 [1:43:13<1:31:02, 455.24s/it]                                                                                          Best trial: 27. Best value: 0.621864:  52%|█████▏    | 13/25 [1:50:35<1:31:02, 455.24s/it]Best trial: 27. Best value: 0.621864:  52%|█████▏    | 13/25 [1:50:35<1:31:02, 455.24s/it]Best trial: 27. Best value: 0.621864:  56%|█████▌    | 14/25 [1:50:35<1:22:43, 451.23s/it]                                                                                          
creating index...
index created!
Loading and preparing results...
DONE (t=0.20s)
creating index...
index created!
Running per image evaluation...
Evaluate annotation type *bbox*
DONE (t=1.64s).
Accumulating evaluation results...
DONE (t=0.28s).
 Average Precision  (AP) @[ IoU=0.50:0.95 | area=   all | maxDets=100 ] = 0.223
 Average Precision  (AP) @[ IoU=0.50      | area=   all | maxDets=100 ] = 0.461
 Average Precision  (AP) @[ IoU=0.75      | area=   all | maxDets=100 ] = 0.185
 Average Precision  (AP) @[ IoU=0.50:0.95 | area= small | maxDets=100 ] = -1.000
 Average Precision  (AP) @[ IoU=0.50:0.95 | area=medium | maxDets=100 ] = 0.091
 Average Precision  (AP) @[ IoU=0.50:0.95 | area= large | maxDets=100 ] = 0.397
 Average Recall     (AR) @[ IoU=0.50:0.95 | area=   all | maxDets=  1 ] = 0.185
 Average Recall     (AR) @[ IoU=0.50:0.95 | area=   all | maxDets= 10 ] = 0.329
 Average Recall     (AR) @[ IoU=0.50:0.95 | area=   all | maxDets=100 ] = 0.329
 Average Recall     (AR) @[ IoU=0.50:0.95 | area= small | maxDets=100 ] = -1.000
 Average Recall     (AR) @[ IoU=0.50:0.95 | area=medium | maxDets=100 ] = 0.168
 Average Recall     (AR) @[ IoU=0.50:0.95 | area= large | maxDets=100 ] = 0.515
[I 2026-02-24 03:33:28,158] Trial 86 finished with value: 0.460550984132235 and parameters: {'alpha': 2.9686979215742673, 'mean_rho': 0.06112410848188092, 'variance_rho': 0.1701211149740887, 'std_bias': 2.281702957461568, 'hue_threshold': 28.979534090579946, 'value_ratio_min': 0.44452013408388563, 'value_ratio_max': 0.9693670226429849, 'saturation_diff_threshold': 26.8620471945681}. Best is trial 27 with value: 0.6218635226564296.
creating index...
index created!
Loading and preparing results...
DONE (t=0.20s)
creating index...
index created!
Running per image evaluation...
Evaluate annotation type *bbox*
DONE (t=1.52s).
Accumulating evaluation results...
DONE (t=0.23s).
 Average Precision  (AP) @[ IoU=0.50:0.95 | area=   all | maxDets=100 ] = 0.319
 Average Precision  (AP) @[ IoU=0.50      | area=   all | maxDets=100 ] = 0.593
 Average Precision  (AP) @[ IoU=0.75      | area=   all | maxDets=100 ] = 0.305
 Average Precision  (AP) @[ IoU=0.50:0.95 | area= small | maxDets=100 ] = -1.000
 Average Precision  (AP) @[ IoU=0.50:0.95 | area=medium | maxDets=100 ] = 0.147
 Average Precision  (AP) @[ IoU=0.50:0.95 | area= large | maxDets=100 ] = 0.533
 Average Recall     (AR) @[ IoU=0.50:0.95 | area=   all | maxDets=  1 ] = 0.231
 Average Recall     (AR) @[ IoU=0.50:0.95 | area=   all | maxDets= 10 ] = 0.434
 Average Recall     (AR) @[ IoU=0.50:0.95 | area=   all | maxDets=100 ] = 0.434
 Average Recall     (AR) @[ IoU=0.50:0.95 | area= small | maxDets=100 ] = -1.000
 Average Recall     (AR) @[ IoU=0.50:0.95 | area=medium | maxDets=100 ] = 0.248
 Average Recall     (AR) @[ IoU=0.50:0.95 | area= large | maxDets=100 ] = 0.650
[I 2026-02-24 03:40:59,016] Trial 94 finished with value: 0.5933733286543581 and parameters: {'alpha': 2.9382730539868183, 'mean_rho': 0.08221303332436415, 'variance_rho': 0.05912937900514978, 'std_bias': 2.140035757939044, 'hue_threshold': 23.63413203281433, 'value_ratio_min': 0.40274700944743086, 'value_ratio_max': 0.9401885165535052, 'saturation_diff_threshold': 46.40183559477392}. Best is trial 27 with value: 0.6218635226564296.
creating index...
index created!
Loading and preparing results...
DONE (t=0.22s)
creating index...
index created!
Running per image evaluation...
Evaluate annotation type *bbox*
DONE (t=1.44s).
Accumulating evaluation results...
DONE (t=0.24s).
 Average Precision  (AP) @[ IoU=0.50:0.95 | area=   all | maxDets=100 ] = 0.259
 Average Precision  (AP) @[ IoU=0.50      | area=   all | maxDets=100 ] = 0.505
 Average Precision  (AP) @[ IoU=0.75      | area=   all | maxDets=100 ] = 0.223
 Average Precision  (AP) @[ IoU=0.50:0.95 | area= small | maxDets=100 ] = -1.000
 Average Precision  (AP) @[ IoU=0.50:0.95 | area=medium | maxDets=100 ] = 0.099
 Average Precision  (AP) @[ IoU=0.50:0.95 | area= large | maxDets=100 ] = 0.471
 Average Recall     (AR) @[ IoU=0.50:0.95 | area=   all | maxDets=  1 ] = 0.207
 Average Recall     (AR) @[ IoU=0.50:0.95 | area=   all | maxDets= 10 ] = 0.374
 Average Recall     (AR) @[ IoU=0.50:0.95 | area=   all | maxDets=100 ] = 0.374
 Average Recall     (AR) @[ IoU=0.50:0.95 | area= small | maxDets=100 ] = -1.000
 Average Recall     (AR) @[ IoU=0.50:0.95 | area=medium | maxDets=100 ] = 0.179
 Average Recall     (AR) @[ IoU=0.50:0.95 | area= large | maxDets=100 ] = 0.601
[I 2026-02-24 03:48:18,158] Trial 102 finished with value: 0.5048075434269689 and parameters: {'alpha': 3.2195650666065094, 'mean_rho': 0.04091961458152756, 'variance_rho': 0.08031378644063109, 'std_bias': 2.152253074433127, 'hue_threshold': 26.64543240952386, 'value_ratio_min': 0.37625079186997606, 'value_ratio_max': 0.912407385886168, 'saturation_diff_threshold': 44.43359546167036}. Best is trial 27 with value: 0.6218635226564296.
creating index...
index created!
Loading and preparing results...
DONE (t=0.01s)
creating index...
index created!
Running per image evaluation...
Evaluate annotation type *bbox*
DONE (t=1.78s).
Accumulating evaluation results...
DONE (t=0.33s).
 Average Precision  (AP) @[ IoU=0.50:0.95 | area=   all | maxDets=100 ] = 0.299
 Average Precision  (AP) @[ IoU=0.50      | area=   all | maxDets=100 ] = 0.570
 Average Precision  (AP) @[ IoU=0.75      | area=   all | maxDets=100 ] = 0.277
 Average Precision  (AP) @[ IoU=0.50:0.95 | area= small | maxDets=100 ] = -1.000
 Average Precision  (AP) @[ IoU=0.50:0.95 | area=medium | maxDets=100 ] = 0.184
 Average Precision  (AP) @[ IoU=0.50:0.95 | area= large | maxDets=100 ] = 0.440
 Average Recall     (AR) @[ IoU=0.50:0.95 | area=   all | maxDets=  1 ] = 0.215
 Average Recall     (AR) @[ IoU=0.50:0.95 | area=   all | maxDets= 10 ] = 0.419
 Average Recall     (AR) @[ IoU=0.50:0.95 | area=   all | maxDets=100 ] = 0.419
 Average Recall     (AR) @[ IoU=0.50:0.95 | area= small | maxDets=100 ] = -1.000
 Average Recall     (AR) @[ IoU=0.50:0.95 | area=medium | maxDets=100 ] = 0.293
 Average Recall     (AR) @[ IoU=0.50:0.95 | area= large | maxDets=100 ] = 0.565
[I 2026-02-24 03:55:40,104] Trial 111 finished with value: 0.5703058271063679 and parameters: {'alpha': 2.5568026538459145, 'mean_rho': 0.0770855583285547, 'variance_rho': 0.02034958530863449, 'std_bias': 2.543808068007449, 'hue_threshold': 28.51027784750148, 'value_ratio_min': 0.38196086487914155, 'value_ratio_max': 0.9319690938583896, 'saturation_diff_threshold': 41.782750790744586}. Best is trial 27 with value: 0.6218635226564296.
creating index...
index created!
Loading and preparing results...
DONE (t=0.02s)
creating index...
index created!
Running per image evaluation...
Evaluate annotation type *bbox*
DONE (t=1.77s).
Accumulating evaluation results...
DONE (t=0.29s).
 Average Precision  (AP) @[ IoU=0.50:0.95 | area=   all | maxDets=100 ] = 0.344
 Average Precision  (AP) @[ IoU=0.50      | area=   all | maxDets=100 ] = 0.617
 Average Precision  (AP) @[ IoU=0.75      | area=   all | maxDets=100 ] = 0.332
 Average Precision  (AP) @[ IoU=0.50:0.95 | area= small | maxDets=100 ] = -1.000
 Average Precision  (AP) @[ IoU=0.50:0.95 | area=medium | maxDets=100 ] = 0.174
 Average Precision  (AP) @[ IoU=0.50:0.95 | area= large | maxDets=100 ] = 0.550
 Average Recall     (AR) @[ IoU=0.50:0.95 | area=   all | maxDets=  1 ] = 0.236
 Average Recall     (AR) @[ IoU=0.50:0.95 | area=   all | maxDets= 10 ] = 0.456
 Average Recall     (AR) @[ IoU=0.50:0.95 | area=   all | maxDets=100 ] = 0.456
 Average Recall     (AR) @[ IoU=0.50:0.95 | area= small | maxDets=100 ] = -1.000
 Average Recall     (AR) @[ IoU=0.50:0.95 | area=medium | maxDets=100 ] = 0.274
 Average Recall     (AR) @[ IoU=0.50:0.95 | area= large | maxDets=100 ] = 0.667
[I 2026-02-24 04:03:08,716] Trial 117 finished with value: 0.6167072919074761 and parameters: {'alpha': 2.821086398656528, 'mean_rho': 0.12033162860213278, 'variance_rho': 0.03845560670654864, 'std_bias': 3.244511596621578, 'hue_threshold': 27.426414817058767, 'value_ratio_min': 0.4716343857600254, 'value_ratio_max': 0.9555323283831306, 'saturation_diff_threshold': 45.26368483271545}. Best is trial 27 with value: 0.6218635226564296.Best trial: 27. Best value: 0.621864:  56%|█████▌    | 14/25 [1:58:04<1:22:43, 451.23s/it]Best trial: 27. Best value: 0.621864:  56%|█████▌    | 14/25 [1:58:04<1:22:43, 451.23s/it]Best trial: 27. Best value: 0.621864:  60%|██████    | 15/25 [1:58:04<1:15:04, 450.44s/it]                                                                                          Best trial: 27. Best value: 0.621864:  60%|██████    | 15/25 [2:05:23<1:15:04, 450.44s/it]Best trial: 27. Best value: 0.621864:  60%|██████    | 15/25 [2:05:23<1:15:04, 450.44s/it]Best trial: 27. Best value: 0.621864:  64%|██████▍   | 16/25 [2:05:23<1:07:02, 446.93s/it]                                                                                          Best trial: 27. Best value: 0.621864:  64%|██████▍   | 16/25 [2:12:39<1:07:02, 446.93s/it]Best trial: 27. Best value: 0.621864:  64%|██████▍   | 16/25 [2:12:39<1:07:02, 446.93s/it]Best trial: 27. Best value: 0.621864:  68%|██████▊   | 17/25 [2:12:39<59:11, 443.92s/it]                                                                                          Best trial: 27. Best value: 0.621864:  68%|██████▊   | 17/25 [2:19:51<59:11, 443.92s/it]Best trial: 133. Best value: 0.624677:  68%|██████▊   | 17/25 [2:19:51<59:11, 443.92s/it]Best trial: 133. Best value: 0.624677:  72%|███████▏  | 18/25 [2:19:51<51:20, 440.11s/it]                                                                                         Best trial: 133. Best value: 0.624677:  72%|███████▏  | 18/25 [2:27:18<51:20, 440.11s/it]Best trial: 143. Best value: 0.627429:  72%|███████▏  | 18/25 [2:27:18<51:20, 440.11s/it]Best trial: 143. Best value: 0.627429:  76%|███████▌  | 19/25 [2:27:18<44:13, 442.31s/it]                                                                                         
creating index...
index created!
Loading and preparing results...
DONE (t=0.01s)
creating index...
index created!
Running per image evaluation...
Evaluate annotation type *bbox*
DONE (t=1.70s).
Accumulating evaluation results...
DONE (t=0.32s).
 Average Precision  (AP) @[ IoU=0.50:0.95 | area=   all | maxDets=100 ] = 0.351
 Average Precision  (AP) @[ IoU=0.50      | area=   all | maxDets=100 ] = 0.619
 Average Precision  (AP) @[ IoU=0.75      | area=   all | maxDets=100 ] = 0.347
 Average Precision  (AP) @[ IoU=0.50:0.95 | area= small | maxDets=100 ] = -1.000
 Average Precision  (AP) @[ IoU=0.50:0.95 | area=medium | maxDets=100 ] = 0.184
 Average Precision  (AP) @[ IoU=0.50:0.95 | area= large | maxDets=100 ] = 0.554
 Average Recall     (AR) @[ IoU=0.50:0.95 | area=   all | maxDets=  1 ] = 0.237
 Average Recall     (AR) @[ IoU=0.50:0.95 | area=   all | maxDets= 10 ] = 0.455
 Average Recall     (AR) @[ IoU=0.50:0.95 | area=   all | maxDets=100 ] = 0.455
 Average Recall     (AR) @[ IoU=0.50:0.95 | area= small | maxDets=100 ] = -1.000
 Average Recall     (AR) @[ IoU=0.50:0.95 | area=medium | maxDets=100 ] = 0.281
 Average Recall     (AR) @[ IoU=0.50:0.95 | area= large | maxDets=100 ] = 0.657
[I 2026-02-24 04:10:27,499] Trial 126 finished with value: 0.6189973728979088 and parameters: {'alpha': 2.679056324777994, 'mean_rho': 0.12263868544716279, 'variance_rho': 0.03771971185315821, 'std_bias': 4.42068263352321, 'hue_threshold': 27.660716083900773, 'value_ratio_min': 0.4718574123155035, 'value_ratio_max': 0.9632497957465185, 'saturation_diff_threshold': 22.87124531894215}. Best is trial 27 with value: 0.6218635226564296.
creating index...
index created!
Loading and preparing results...
DONE (t=0.01s)
creating index...
index created!
Running per image evaluation...
Evaluate annotation type *bbox*
DONE (t=1.34s).
Accumulating evaluation results...
DONE (t=0.25s).
 Average Precision  (AP) @[ IoU=0.50:0.95 | area=   all | maxDets=100 ] = 0.057
 Average Precision  (AP) @[ IoU=0.50      | area=   all | maxDets=100 ] = 0.159
 Average Precision  (AP) @[ IoU=0.75      | area=   all | maxDets=100 ] = 0.027
 Average Precision  (AP) @[ IoU=0.50:0.95 | area= small | maxDets=100 ] = -1.000
 Average Precision  (AP) @[ IoU=0.50:0.95 | area=medium | maxDets=100 ] = 0.014
 Average Precision  (AP) @[ IoU=0.50:0.95 | area= large | maxDets=100 ] = 0.128
 Average Recall     (AR) @[ IoU=0.50:0.95 | area=   all | maxDets=  1 ] = 0.091
 Average Recall     (AR) @[ IoU=0.50:0.95 | area=   all | maxDets= 10 ] = 0.135
 Average Recall     (AR) @[ IoU=0.50:0.95 | area=   all | maxDets=100 ] = 0.135
 Average Recall     (AR) @[ IoU=0.50:0.95 | area= small | maxDets=100 ] = -1.000
 Average Recall     (AR) @[ IoU=0.50:0.95 | area=medium | maxDets=100 ] = 0.048
 Average Recall     (AR) @[ IoU=0.50:0.95 | area= large | maxDets=100 ] = 0.236
[I 2026-02-24 04:17:44,404] Trial 134 finished with value: 0.15908170932594862 and parameters: {'alpha': 4.613542951293988, 'mean_rho': 0.10596649674053654, 'variance_rho': 0.05230474549706944, 'std_bias': 4.5283555981546995, 'hue_threshold': 27.680015524685093, 'value_ratio_min': 0.47648179340078173, 'value_ratio_max': 0.9563183116337429, 'saturation_diff_threshold': 40.228117328820886}. Best is trial 27 with value: 0.6218635226564296.
creating index...
index created!
Loading and preparing results...
DONE (t=0.01s)
creating index...
index created!
Running per image evaluation...
Evaluate annotation type *bbox*
DONE (t=1.89s).
Accumulating evaluation results...
DONE (t=0.34s).
 Average Precision  (AP) @[ IoU=0.50:0.95 | area=   all | maxDets=100 ] = 0.341
 Average Precision  (AP) @[ IoU=0.50      | area=   all | maxDets=100 ] = 0.601
 Average Precision  (AP) @[ IoU=0.75      | area=   all | maxDets=100 ] = 0.344
 Average Precision  (AP) @[ IoU=0.50:0.95 | area= small | maxDets=100 ] = -1.000
 Average Precision  (AP) @[ IoU=0.50:0.95 | area=medium | maxDets=100 ] = 0.205
 Average Precision  (AP) @[ IoU=0.50:0.95 | area= large | maxDets=100 ] = 0.507
 Average Recall     (AR) @[ IoU=0.50:0.95 | area=   all | maxDets=  1 ] = 0.227
 Average Recall     (AR) @[ IoU=0.50:0.95 | area=   all | maxDets= 10 ] = 0.451
 Average Recall     (AR) @[ IoU=0.50:0.95 | area=   all | maxDets=100 ] = 0.451
 Average Recall     (AR) @[ IoU=0.50:0.95 | area= small | maxDets=100 ] = -1.000
 Average Recall     (AR) @[ IoU=0.50:0.95 | area=medium | maxDets=100 ] = 0.303
 Average Recall     (AR) @[ IoU=0.50:0.95 | area= large | maxDets=100 ] = 0.622
[I 2026-02-24 04:24:55,660] Trial 141 finished with value: 0.6014938848340228 and parameters: {'alpha': 2.407618303435735, 'mean_rho': 0.08488255758711885, 'variance_rho': 0.014719581113757863, 'std_bias': 4.181554825375852, 'hue_threshold': 28.658148016065056, 'value_ratio_min': 0.45449483212314506, 'value_ratio_max': 0.9618074845556923, 'saturation_diff_threshold': 39.02959189495203}. Best is trial 133 with value: 0.6246768843654953.
creating index...
index created!
Loading and preparing results...
DONE (t=0.01s)
creating index...
index created!
Running per image evaluation...
Evaluate annotation type *bbox*
DONE (t=1.85s).
Accumulating evaluation results...
DONE (t=0.26s).
 Average Precision  (AP) @[ IoU=0.50:0.95 | area=   all | maxDets=100 ] = 0.329
 Average Precision  (AP) @[ IoU=0.50      | area=   all | maxDets=100 ] = 0.597
 Average Precision  (AP) @[ IoU=0.75      | area=   all | maxDets=100 ] = 0.322
 Average Precision  (AP) @[ IoU=0.50:0.95 | area= small | maxDets=100 ] = -1.000
 Average Precision  (AP) @[ IoU=0.50:0.95 | area=medium | maxDets=100 ] = 0.206
 Average Precision  (AP) @[ IoU=0.50:0.95 | area= large | maxDets=100 ] = 0.479
 Average Recall     (AR) @[ IoU=0.50:0.95 | area=   all | maxDets=  1 ] = 0.218
 Average Recall     (AR) @[ IoU=0.50:0.95 | area=   all | maxDets= 10 ] = 0.437
 Average Recall     (AR) @[ IoU=0.50:0.95 | area=   all | maxDets=100 ] = 0.437
 Average Recall     (AR) @[ IoU=0.50:0.95 | area= small | maxDets=100 ] = -1.000
 Average Recall     (AR) @[ IoU=0.50:0.95 | area=medium | maxDets=100 ] = 0.309
 Average Recall     (AR) @[ IoU=0.50:0.95 | area= large | maxDets=100 ] = 0.586
[I 2026-02-24 04:32:23,078] Trial 149 finished with value: 0.5965551849638353 and parameters: {'alpha': 2.089750119480539, 'mean_rho': 0.11464604644110346, 'variance_rho': 0.027371585325804103, 'std_bias': 4.66616116495184, 'hue_threshold': 28.78896315538432, 'value_ratio_min': 0.5095406895828991, 'value_ratio_max': 0.9675163753178666, 'saturation_diff_threshold': 42.64124030016738}. Best is trial 143 with value: 0.6274292904394109.
creating index...
index created!
Loading and preparing results...
DONE (t=0.01s)
creating index...
index created!
Running per image evaluation...
Evaluate annotation type *bbox*
DONE (t=1.61s).
Accumulating evaluation results...
DONE (t=0.28s).
 Average Precision  (AP) @[ IoU=0.50:0.95 | area=   all | maxDets=100 ] = 0.291
 Average Precision  (AP) @[ IoU=0.50      | area=   all | maxDets=100 ] = 0.509
 Average Precision  (AP) @[ IoU=0.75      | area=   all | maxDets=100 ] = 0.285
 Average Precision  (AP) @[ IoU=0.50:0.95 | area= small | maxDets=100 ] = -1.000
 Average Precision  (AP) @[ IoU=0.50:0.95 | area=medium | maxDets=100 ] = 0.112
 Average Precision  (AP) @[ IoU=0.50:0.95 | area= large | maxDets=100 ] = 0.523
 Average Recall     (AR) @[ IoU=0.50:0.95 | area=   all | maxDets=  1 ] = 0.217
 Average Recall     (AR) @[ IoU=0.50:0.95 | area=   all | maxDets= 10 ] = 0.397
 Average Recall     (AR) @[ IoU=0.50:0.95 | area=   all | maxDets=100 ] = 0.397
 Average Recall     (AR) @[ IoU=0.50:0.95 | area= small | maxDets=100 ] = -1.000
 Average Recall     (AR) @[ IoU=0.50:0.95 | area=medium | maxDets=100 ] = 0.201
 Average Recall     (AR) @[ IoU=0.50:0.95 | area= large | maxDets=100 ] = 0.625
