[I 2026-02-24 03:23:48,787] Trial 72 finished with value: 0.12072445666293549 and parameters: {'alpha': 2.168689019012365, 'mean_rho': 0.25634398698800703, 'variance_rho': 0.07259778541736478, 'std_bias': 0.9565735089418352, 'hue_threshold': 25.68888384048904, 'value_ratio_min': 0.32381112537542983, 'value_ratio_max': 0.9764231377381111, 'saturation_diff_threshold': 29.25002418706905}. Best is trial 27 with value: 0.6218635226564296.Best trial: 27. Best value: 0.621864:  36%|███▌      | 9/25 [1:18:13<2:01:17, 454.86s/it]Best trial: 27. Best value: 0.621864:  36%|███▌      | 9/25 [1:18:13<2:01:17, 454.86s/it]Best trial: 27. Best value: 0.621864:  40%|████      | 10/25 [1:18:13<2:05:41, 502.76s/it]                                                                                          Best trial: 27. Best value: 0.621864:  40%|████      | 10/25 [1:25:29<2:05:41, 502.76s/it]Best trial: 27. Best value: 0.621864:  40%|████      | 10/25 [1:25:29<2:05:41, 502.76s/it]Best trial: 27. Best value: 0.621864:  44%|████▍     | 11/25 [1:25:29<1:52:35, 482.55s/it]                                                                                          Best trial: 27. Best value: 0.621864:  44%|████▍     | 11/25 [1:33:36<1:52:35, 482.55s/it]Best trial: 27. Best value: 0.621864:  44%|████▍     | 11/25 [1:33:36<1:52:35, 482.55s/it]Best trial: 27. Best value: 0.621864:  48%|████▊     | 12/25 [1:33:36<1:44:50, 483.85s/it]                                                                                          Best trial: 27. Best value: 0.621864:  48%|████▊     | 12/25 [1:41:11<1:44:50, 483.85s/it]Best trial: 27. Best value: 0.621864:  48%|████▊     | 12/25 [1:41:11<1:44:50, 483.85s/it]Best trial: 27. Best value: 0.621864:  52%|█████▏    | 13/25 [1:41:11<1:35:00, 475.06s/it]                                                                                          Best trial: 27. Best value: 0.621864:  52%|█████▏    | 13/25 [1:48:26<1:35:00, 475.06s/it]Best trial: 27. Best value: 0.621864:  52%|█████▏    | 13/25 [1:48:26<1:35:00, 475.06s/it]Best trial: 27. Best value: 0.621864:  56%|█████▌    | 14/25 [1:48:26<1:24:51, 462.83s/it]                                                                                          
creating index...
index created!
Loading and preparing results...
DONE (t=0.02s)
creating index...
index created!
Running per image evaluation...
Evaluate annotation type *bbox*
DONE (t=1.90s).
Accumulating evaluation results...
DONE (t=0.33s).
 Average Precision  (AP) @[ IoU=0.50:0.95 | area=   all | maxDets=100 ] = 0.296
 Average Precision  (AP) @[ IoU=0.50      | area=   all | maxDets=100 ] = 0.592
 Average Precision  (AP) @[ IoU=0.75      | area=   all | maxDets=100 ] = 0.267
 Average Precision  (AP) @[ IoU=0.50:0.95 | area= small | maxDets=100 ] = -1.000
 Average Precision  (AP) @[ IoU=0.50:0.95 | area=medium | maxDets=100 ] = 0.195
 Average Precision  (AP) @[ IoU=0.50:0.95 | area= large | maxDets=100 ] = 0.419
 Average Recall     (AR) @[ IoU=0.50:0.95 | area=   all | maxDets=  1 ] = 0.212
 Average Recall     (AR) @[ IoU=0.50:0.95 | area=   all | maxDets= 10 ] = 0.410
 Average Recall     (AR) @[ IoU=0.50:0.95 | area=   all | maxDets=100 ] = 0.410
 Average Recall     (AR) @[ IoU=0.50:0.95 | area= small | maxDets=100 ] = -1.000
 Average Recall     (AR) @[ IoU=0.50:0.95 | area=medium | maxDets=100 ] = 0.304
 Average Recall     (AR) @[ IoU=0.50:0.95 | area= large | maxDets=100 ] = 0.534
[I 2026-02-24 03:31:05,504] Trial 80 finished with value: 0.5922120354910109 and parameters: {'alpha': 2.566483498775721, 'mean_rho': 0.14861028096568785, 'variance_rho': 0.05042892087346305, 'std_bias': 2.3407305722869998, 'hue_threshold': 28.68247713454365, 'value_ratio_min': 0.44800394488589446, 'value_ratio_max': 0.9490815014610929, 'saturation_diff_threshold': 21.4295308435979}. Best is trial 27 with value: 0.6218635226564296.
creating index...
index created!
Loading and preparing results...
DONE (t=0.02s)
creating index...
index created!
Running per image evaluation...
Evaluate annotation type *bbox*
DONE (t=2.06s).
Accumulating evaluation results...
DONE (t=0.43s).
 Average Precision  (AP) @[ IoU=0.50:0.95 | area=   all | maxDets=100 ] = 0.182
 Average Precision  (AP) @[ IoU=0.50      | area=   all | maxDets=100 ] = 0.371
 Average Precision  (AP) @[ IoU=0.75      | area=   all | maxDets=100 ] = 0.151
 Average Precision  (AP) @[ IoU=0.50:0.95 | area= small | maxDets=100 ] = -1.000
 Average Precision  (AP) @[ IoU=0.50:0.95 | area=medium | maxDets=100 ] = 0.076
 Average Precision  (AP) @[ IoU=0.50:0.95 | area= large | maxDets=100 ] = 0.325
 Average Recall     (AR) @[ IoU=0.50:0.95 | area=   all | maxDets=  1 ] = 0.158
 Average Recall     (AR) @[ IoU=0.50:0.95 | area=   all | maxDets= 10 ] = 0.275
 Average Recall     (AR) @[ IoU=0.50:0.95 | area=   all | maxDets=100 ] = 0.275
 Average Recall     (AR) @[ IoU=0.50:0.95 | area= small | maxDets=100 ] = -1.000
 Average Recall     (AR) @[ IoU=0.50:0.95 | area=medium | maxDets=100 ] = 0.146
 Average Recall     (AR) @[ IoU=0.50:0.95 | area= large | maxDets=100 ] = 0.426
[I 2026-02-24 03:39:12,333] Trial 88 finished with value: 0.37123651874314745 and parameters: {'alpha': 2.6032955126418993, 'mean_rho': 0.0695047808000788, 'variance_rho': 0.39565823717852133, 'std_bias': 2.3236727325008073, 'hue_threshold': 27.107928587535536, 'value_ratio_min': 0.44335217812918937, 'value_ratio_max': 0.9485447234241076, 'saturation_diff_threshold': 46.33685416847888}. Best is trial 27 with value: 0.6218635226564296.
creating index...
index created!
Loading and preparing results...
DONE (t=0.01s)
creating index...
index created!
Running per image evaluation...
Evaluate annotation type *bbox*
DONE (t=1.84s).
Accumulating evaluation results...
DONE (t=0.33s).
 Average Precision  (AP) @[ IoU=0.50:0.95 | area=   all | maxDets=100 ] = 0.263
 Average Precision  (AP) @[ IoU=0.50      | area=   all | maxDets=100 ] = 0.562
 Average Precision  (AP) @[ IoU=0.75      | area=   all | maxDets=100 ] = 0.210
 Average Precision  (AP) @[ IoU=0.50:0.95 | area= small | maxDets=100 ] = -1.000
 Average Precision  (AP) @[ IoU=0.50:0.95 | area=medium | maxDets=100 ] = 0.143
 Average Precision  (AP) @[ IoU=0.50:0.95 | area= large | maxDets=100 ] = 0.410
 Average Recall     (AR) @[ IoU=0.50:0.95 | area=   all | maxDets=  1 ] = 0.224
 Average Recall     (AR) @[ IoU=0.50:0.95 | area=   all | maxDets= 10 ] = 0.395
 Average Recall     (AR) @[ IoU=0.50:0.95 | area=   all | maxDets=100 ] = 0.395
 Average Recall     (AR) @[ IoU=0.50:0.95 | area= small | maxDets=100 ] = -1.000
 Average Recall     (AR) @[ IoU=0.50:0.95 | area=medium | maxDets=100 ] = 0.250
 Average Recall     (AR) @[ IoU=0.50:0.95 | area= large | maxDets=100 ] = 0.564
[I 2026-02-24 03:46:47,179] Trial 96 finished with value: 0.5615357954389325 and parameters: {'alpha': 2.7447171243760113, 'mean_rho': 0.04159520013296432, 'variance_rho': 0.060825140676139054, 'std_bias': 2.129074498656864, 'hue_threshold': 21.62585660705957, 'value_ratio_min': 0.40709678927741866, 'value_ratio_max': 0.8209901922398544, 'saturation_diff_threshold': 48.121002609420955}. Best is trial 27 with value: 0.6218635226564296.
creating index...
index created!
Loading and preparing results...
DONE (t=0.03s)
creating index...
index created!
Running per image evaluation...
Evaluate annotation type *bbox*
DONE (t=1.72s).
Accumulating evaluation results...
DONE (t=0.28s).
 Average Precision  (AP) @[ IoU=0.50:0.95 | area=   all | maxDets=100 ] = 0.248
 Average Precision  (AP) @[ IoU=0.50      | area=   all | maxDets=100 ] = 0.477
 Average Precision  (AP) @[ IoU=0.75      | area=   all | maxDets=100 ] = 0.225
 Average Precision  (AP) @[ IoU=0.50:0.95 | area= small | maxDets=100 ] = -1.000
 Average Precision  (AP) @[ IoU=0.50:0.95 | area=medium | maxDets=100 ] = 0.092
 Average Precision  (AP) @[ IoU=0.50:0.95 | area= large | maxDets=100 ] = 0.462
 Average Recall     (AR) @[ IoU=0.50:0.95 | area=   all | maxDets=  1 ] = 0.203
 Average Recall     (AR) @[ IoU=0.50:0.95 | area=   all | maxDets= 10 ] = 0.368
 Average Recall     (AR) @[ IoU=0.50:0.95 | area=   all | maxDets=100 ] = 0.368
 Average Recall     (AR) @[ IoU=0.50:0.95 | area= small | maxDets=100 ] = -1.000
 Average Recall     (AR) @[ IoU=0.50:0.95 | area=medium | maxDets=100 ] = 0.172
 Average Recall     (AR) @[ IoU=0.50:0.95 | area= large | maxDets=100 ] = 0.596
[I 2026-02-24 03:54:01,743] Trial 105 finished with value: 0.4765459350124424 and parameters: {'alpha': 3.2235122822794917, 'mean_rho': 0.09795683931050335, 'variance_rho': 0.08158458242064213, 'std_bias': 3.0816619921312216, 'hue_threshold': 26.429139768134448, 'value_ratio_min': 0.3781999308143644, 'value_ratio_max': 0.9324490243828326, 'saturation_diff_threshold': 44.414181980871064}. Best is trial 27 with value: 0.6218635226564296.
creating index...
index created!
Loading and preparing results...
DONE (t=0.01s)
creating index...
index created!
Running per image evaluation...
Evaluate annotation type *bbox*
DONE (t=1.88s).
Accumulating evaluation results...
DONE (t=0.27s).
 Average Precision  (AP) @[ IoU=0.50:0.95 | area=   all | maxDets=100 ] = 0.359
 Average Precision  (AP) @[ IoU=0.50      | area=   all | maxDets=100 ] = 0.619
 Average Precision  (AP) @[ IoU=0.75      | area=   all | maxDets=100 ] = 0.362
 Average Precision  (AP) @[ IoU=0.50:0.95 | area= small | maxDets=100 ] = -1.000
 Average Precision  (AP) @[ IoU=0.50:0.95 | area=medium | maxDets=100 ] = 0.179
 Average Precision  (AP) @[ IoU=0.50:0.95 | area= large | maxDets=100 ] = 0.578
 Average Recall     (AR) @[ IoU=0.50:0.95 | area=   all | maxDets=  1 ] = 0.243
 Average Recall     (AR) @[ IoU=0.50:0.95 | area=   all | maxDets= 10 ] = 0.472
 Average Recall     (AR) @[ IoU=0.50:0.95 | area=   all | maxDets=100 ] = 0.472
 Average Recall     (AR) @[ IoU=0.50:0.95 | area= small | maxDets=100 ] = -1.000
 Average Recall     (AR) @[ IoU=0.50:0.95 | area=medium | maxDets=100 ] = 0.276
 Average Recall     (AR) @[ IoU=0.50:0.95 | area= large | maxDets=100 ] = 0.701
[I 2026-02-24 04:01:29,914] Trial 112 finished with value: 0.6189925195717532 and parameters: {'alpha': 2.557546325238292, 'mean_rho': 0.0779734419378183, 'variance_rho': 0.02285088318827033, 'std_bias': 4.662196066706545, 'hue_threshold': 29.374953260323238, 'value_ratio_min': 0.357481734165791, 'value_ratio_max': 0.9550005730898384, 'saturation_diff_threshold': 42.76665879734752}. Best is trial 27 with value: 0.6218635226564296.Best trial: 27. Best value: 0.621864:  56%|█████▌    | 14/25 [1:55:54<1:24:51, 462.83s/it]Best trial: 27. Best value: 0.621864:  56%|█████▌    | 14/25 [1:55:54<1:24:51, 462.83s/it]Best trial: 27. Best value: 0.621864:  60%|██████    | 15/25 [1:55:54<1:16:24, 458.41s/it]                                                                                          Best trial: 27. Best value: 0.621864:  60%|██████    | 15/25 [2:03:13<1:16:24, 458.41s/it]Best trial: 27. Best value: 0.621864:  60%|██████    | 15/25 [2:03:13<1:16:24, 458.41s/it]Best trial: 27. Best value: 0.621864:  64%|██████▍   | 16/25 [2:03:13<1:07:53, 452.58s/it]                                                                                          Best trial: 27. Best value: 0.621864:  64%|██████▍   | 16/25 [2:10:41<1:07:53, 452.58s/it]Best trial: 27. Best value: 0.621864:  64%|██████▍   | 16/25 [2:10:41<1:07:53, 452.58s/it]Best trial: 27. Best value: 0.621864:  68%|██████▊   | 17/25 [2:10:41<1:00:09, 451.20s/it]                                                                                          Best trial: 27. Best value: 0.621864:  68%|██████▊   | 17/25 [2:17:53<1:00:09, 451.20s/it]Best trial: 133. Best value: 0.624677:  68%|██████▊   | 17/25 [2:17:53<1:00:09, 451.20s/it]Best trial: 133. Best value: 0.624677:  72%|███████▏  | 18/25 [2:17:53<51:58, 445.51s/it]                                                                                           Best trial: 133. Best value: 0.624677:  72%|███████▏  | 18/25 [2:25:18<51:58, 445.51s/it]Best trial: 143. Best value: 0.627429:  72%|███████▏  | 18/25 [2:25:18<51:58, 445.51s/it]Best trial: 143. Best value: 0.627429:  76%|███████▌  | 19/25 [2:25:18<44:31, 445.22s/it]                                                                                         
creating index...
index created!
Loading and preparing results...
DONE (t=0.01s)
creating index...
index created!
Running per image evaluation...
Evaluate annotation type *bbox*
DONE (t=1.84s).
Accumulating evaluation results...
DONE (t=0.30s).
 Average Precision  (AP) @[ IoU=0.50:0.95 | area=   all | maxDets=100 ] = 0.351
 Average Precision  (AP) @[ IoU=0.50      | area=   all | maxDets=100 ] = 0.615
 Average Precision  (AP) @[ IoU=0.75      | area=   all | maxDets=100 ] = 0.342
 Average Precision  (AP) @[ IoU=0.50:0.95 | area= small | maxDets=100 ] = -1.000
 Average Precision  (AP) @[ IoU=0.50:0.95 | area=medium | maxDets=100 ] = 0.171
 Average Precision  (AP) @[ IoU=0.50:0.95 | area= large | maxDets=100 ] = 0.571
 Average Recall     (AR) @[ IoU=0.50:0.95 | area=   all | maxDets=  1 ] = 0.235
 Average Recall     (AR) @[ IoU=0.50:0.95 | area=   all | maxDets= 10 ] = 0.461
 Average Recall     (AR) @[ IoU=0.50:0.95 | area=   all | maxDets=100 ] = 0.461
 Average Recall     (AR) @[ IoU=0.50:0.95 | area= small | maxDets=100 ] = -1.000
 Average Recall     (AR) @[ IoU=0.50:0.95 | area=medium | maxDets=100 ] = 0.270
 Average Recall     (AR) @[ IoU=0.50:0.95 | area= large | maxDets=100 ] = 0.683
[I 2026-02-24 04:08:48,952] Trial 120 finished with value: 0.6148345767102553 and parameters: {'alpha': 2.7014734650605323, 'mean_rho': 0.12215051586237982, 'variance_rho': 0.03983306456524953, 'std_bias': 4.064227101925576, 'hue_threshold': 29.47030521706325, 'value_ratio_min': 0.49613515314968837, 'value_ratio_max': 0.946424838313764, 'saturation_diff_threshold': 45.645419108362034}. Best is trial 27 with value: 0.6218635226564296.
creating index...
index created!
Loading and preparing results...
DONE (t=0.01s)
creating index...
index created!
Running per image evaluation...
Evaluate annotation type *bbox*
DONE (t=1.84s).
Accumulating evaluation results...
DONE (t=0.34s).
 Average Precision  (AP) @[ IoU=0.50:0.95 | area=   all | maxDets=100 ] = 0.356
 Average Precision  (AP) @[ IoU=0.50      | area=   all | maxDets=100 ] = 0.610
 Average Precision  (AP) @[ IoU=0.75      | area=   all | maxDets=100 ] = 0.355
 Average Precision  (AP) @[ IoU=0.50:0.95 | area= small | maxDets=100 ] = -1.000
 Average Precision  (AP) @[ IoU=0.50:0.95 | area=medium | maxDets=100 ] = 0.173
 Average Precision  (AP) @[ IoU=0.50:0.95 | area= large | maxDets=100 ] = 0.581
 Average Recall     (AR) @[ IoU=0.50:0.95 | area=   all | maxDets=  1 ] = 0.241
 Average Recall     (AR) @[ IoU=0.50:0.95 | area=   all | maxDets= 10 ] = 0.467
 Average Recall     (AR) @[ IoU=0.50:0.95 | area=   all | maxDets=100 ] = 0.467
 Average Recall     (AR) @[ IoU=0.50:0.95 | area= small | maxDets=100 ] = -1.000
 Average Recall     (AR) @[ IoU=0.50:0.95 | area=medium | maxDets=100 ] = 0.271
 Average Recall     (AR) @[ IoU=0.50:0.95 | area= large | maxDets=100 ] = 0.694
[I 2026-02-24 04:16:16,924] Trial 128 finished with value: 0.610192293451592 and parameters: {'alpha': 2.6915059401923203, 'mean_rho': 0.13380389650185784, 'variance_rho': 0.03736484163475972, 'std_bias': 4.4605661566394845, 'hue_threshold': 29.29692631799298, 'value_ratio_min': 0.45595651174891416, 'value_ratio_max': 0.9637471864039575, 'saturation_diff_threshold': 40.341997760927114}. Best is trial 27 with value: 0.6218635226564296.
creating index...
index created!
Loading and preparing results...
DONE (t=0.02s)
creating index...
index created!
Running per image evaluation...
Evaluate annotation type *bbox*
DONE (t=1.75s).
Accumulating evaluation results...
DONE (t=0.30s).
 Average Precision  (AP) @[ IoU=0.50:0.95 | area=   all | maxDets=100 ] = 0.345
 Average Precision  (AP) @[ IoU=0.50      | area=   all | maxDets=100 ] = 0.607
 Average Precision  (AP) @[ IoU=0.75      | area=   all | maxDets=100 ] = 0.336
 Average Precision  (AP) @[ IoU=0.50:0.95 | area= small | maxDets=100 ] = -1.000
 Average Precision  (AP) @[ IoU=0.50:0.95 | area=medium | maxDets=100 ] = 0.164
 Average Precision  (AP) @[ IoU=0.50:0.95 | area= large | maxDets=100 ] = 0.568
 Average Recall     (AR) @[ IoU=0.50:0.95 | area=   all | maxDets=  1 ] = 0.234
 Average Recall     (AR) @[ IoU=0.50:0.95 | area=   all | maxDets= 10 ] = 0.450
 Average Recall     (AR) @[ IoU=0.50:0.95 | area=   all | maxDets=100 ] = 0.450
 Average Recall     (AR) @[ IoU=0.50:0.95 | area= small | maxDets=100 ] = -1.000
 Average Recall     (AR) @[ IoU=0.50:0.95 | area=medium | maxDets=100 ] = 0.265
 Average Recall     (AR) @[ IoU=0.50:0.95 | area= large | maxDets=100 ] = 0.665
[I 2026-02-24 04:23:29,179] Trial 136 finished with value: 0.6072953022125812 and parameters: {'alpha': 2.6431883571913297, 'mean_rho': 0.14128053964664664, 'variance_rho': 0.051450075923155446, 'std_bias': 4.597165919322865, 'hue_threshold': 28.36294999302317, 'value_ratio_min': 0.47511969104942187, 'value_ratio_max': 0.9565403029309518, 'saturation_diff_threshold': 23.474934561466558}. Best is trial 133 with value: 0.6246768843654953.
creating index...
index created!
Loading and preparing results...
DONE (t=0.02s)
creating index...
index created!
Running per image evaluation...
Evaluate annotation type *bbox*
DONE (t=1.79s).
Accumulating evaluation results...
DONE (t=0.60s).
 Average Precision  (AP) @[ IoU=0.50:0.95 | area=   all | maxDets=100 ] = 0.281
 Average Precision  (AP) @[ IoU=0.50      | area=   all | maxDets=100 ] = 0.529
 Average Precision  (AP) @[ IoU=0.75      | area=   all | maxDets=100 ] = 0.262
 Average Precision  (AP) @[ IoU=0.50:0.95 | area= small | maxDets=100 ] = -1.000
 Average Precision  (AP) @[ IoU=0.50:0.95 | area=medium | maxDets=100 ] = 0.177
 Average Precision  (AP) @[ IoU=0.50:0.95 | area= large | maxDets=100 ] = 0.413
 Average Recall     (AR) @[ IoU=0.50:0.95 | area=   all | maxDets=  1 ] = 0.201
 Average Recall     (AR) @[ IoU=0.50:0.95 | area=   all | maxDets= 10 ] = 0.407
 Average Recall     (AR) @[ IoU=0.50:0.95 | area=   all | maxDets=100 ] = 0.407
 Average Recall     (AR) @[ IoU=0.50:0.95 | area= small | maxDets=100 ] = -1.000
 Average Recall     (AR) @[ IoU=0.50:0.95 | area=medium | maxDets=100 ] = 0.297
 Average Recall     (AR) @[ IoU=0.50:0.95 | area= large | maxDets=100 ] = 0.534
[I 2026-02-24 04:30:53,714] Trial 144 finished with value: 0.529044414147803 and parameters: {'alpha': 2.0434186567055868, 'mean_rho': 0.104149508528136, 'variance_rho': 0.012718930529192034, 'std_bias': 4.196176108314328, 'hue_threshold': 28.705605261096352, 'value_ratio_min': 0.4827388127196399, 'value_ratio_max': 0.961514536674098, 'saturation_diff_threshold': 39.194263018493615}. Best is trial 143 with value: 0.6274292904394109.
creating index...
index created!
Loading and preparing results...
DONE (t=0.02s)
creating index...
index created!
Running per image evaluation...
Evaluate annotation type *bbox*
DONE (t=1.79s).
Accumulating evaluation results...
DONE (t=0.28s).
 Average Precision  (AP) @[ IoU=0.50:0.95 | area=   all | maxDets=100 ] = 0.354
 Average Precision  (AP) @[ IoU=0.50      | area=   all | maxDets=100 ] = 0.618
 Average Precision  (AP) @[ IoU=0.75      | area=   all | maxDets=100 ] = 0.356
 Average Precision  (AP) @[ IoU=0.50:0.95 | area= small | maxDets=100 ] = -1.000
 Average Precision  (AP) @[ IoU=0.50:0.95 | area=medium | maxDets=100 ] = 0.182
 Average Precision  (AP) @[ IoU=0.50:0.95 | area= large | maxDets=100 ] = 0.570
 Average Recall     (AR) @[ IoU=0.50:0.95 | area=   all | maxDets=  1 ] = 0.246
 Average Recall     (AR) @[ IoU=0.50:0.95 | area=   all | maxDets= 10 ] = 0.474
 Average Recall     (AR) @[ IoU=0.50:0.95 | area=   all | maxDets=100 ] = 0.474
 Average Recall     (AR) @[ IoU=0.50:0.95 | area= small | maxDets=100 ] = -1.000
 Average Recall     (AR) @[ IoU=0.50:0.95 | area=medium | maxDets=100 ] = 0.284
 Average Recall     (AR) @[ IoU=0.50:0.95 | area= large | maxDets=100 ] = 0.695
