[I 2026-02-24 00:16:47,861] Trial 76 finished with value: 0.4139619734995714 and parameters: {'alpha': 2.654432435728516, 'mean_rho': 0.2209798047848396, 'variance_rho': 0.29786525039761386, 'std_bias': 3.5669200004500152, 'hue_threshold': 15.986546374581765, 'value_ratio_min': 0.40813396775846056, 'value_ratio_max': 0.8699128332282997, 'saturation_diff_threshold': 31.685393665816868}. Best is trial 72 with value: 0.6466417287921127.Best trial: 30. Best value: 0.638957:  36%|███▌      | 9/25 [1:11:58<1:54:23, 428.99s/it]Best trial: 72. Best value: 0.646642:  36%|███▌      | 9/25 [1:11:58<1:54:23, 428.99s/it]Best trial: 72. Best value: 0.646642:  40%|████      | 10/25 [1:11:58<1:46:07, 424.49s/it]                                                                                          Best trial: 72. Best value: 0.646642:  40%|████      | 10/25 [1:18:59<1:46:07, 424.49s/it]Best trial: 72. Best value: 0.646642:  40%|████      | 10/25 [1:18:59<1:46:07, 424.49s/it]Best trial: 72. Best value: 0.646642:  44%|████▍     | 11/25 [1:18:59<1:38:48, 423.45s/it]                                                                                          Best trial: 72. Best value: 0.646642:  44%|████▍     | 11/25 [1:25:51<1:38:48, 423.45s/it]Best trial: 72. Best value: 0.646642:  44%|████▍     | 11/25 [1:25:51<1:38:48, 423.45s/it]Best trial: 72. Best value: 0.646642:  48%|████▊     | 12/25 [1:25:51<1:30:58, 419.90s/it]                                                                                          Best trial: 72. Best value: 0.646642:  48%|████▊     | 12/25 [1:32:59<1:30:58, 419.90s/it]Best trial: 72. Best value: 0.646642:  48%|████▊     | 12/25 [1:32:59<1:30:58, 419.90s/it]Best trial: 72. Best value: 0.646642:  52%|█████▏    | 13/25 [1:32:59<1:24:31, 422.61s/it]                                                                                          Best trial: 72. Best value: 0.646642:  52%|█████▏    | 13/25 [1:39:57<1:24:31, 422.61s/it]Best trial: 72. Best value: 0.646642:  52%|█████▏    | 13/25 [1:39:57<1:24:31, 422.61s/it]Best trial: 72. Best value: 0.646642:  56%|█████▌    | 14/25 [1:39:57<1:17:12, 421.14s/it]                                                                                          
creating index...
index created!
Loading and preparing results...
DONE (t=0.01s)
creating index...
index created!
Running per image evaluation...
Evaluate annotation type *bbox*
DONE (t=2.28s).
Accumulating evaluation results...
DONE (t=0.36s).
 Average Precision  (AP) @[ IoU=0.50:0.95 | area=   all | maxDets=100 ] = 0.212
 Average Precision  (AP) @[ IoU=0.50      | area=   all | maxDets=100 ] = 0.475
 Average Precision  (AP) @[ IoU=0.75      | area=   all | maxDets=100 ] = 0.151
 Average Precision  (AP) @[ IoU=0.50:0.95 | area= small | maxDets=100 ] = -1.000
 Average Precision  (AP) @[ IoU=0.50:0.95 | area=medium | maxDets=100 ] = 0.179
 Average Precision  (AP) @[ IoU=0.50:0.95 | area= large | maxDets=100 ] = 0.262
 Average Recall     (AR) @[ IoU=0.50:0.95 | area=   all | maxDets=  1 ] = 0.177
 Average Recall     (AR) @[ IoU=0.50:0.95 | area=   all | maxDets= 10 ] = 0.335
 Average Recall     (AR) @[ IoU=0.50:0.95 | area=   all | maxDets=100 ] = 0.335
 Average Recall     (AR) @[ IoU=0.50:0.95 | area= small | maxDets=100 ] = -1.000
 Average Recall     (AR) @[ IoU=0.50:0.95 | area=medium | maxDets=100 ] = 0.297
 Average Recall     (AR) @[ IoU=0.50:0.95 | area= large | maxDets=100 ] = 0.379
[I 2026-02-24 00:23:48,958] Trial 84 finished with value: 0.4749166001205574 and parameters: {'alpha': 1.5280827934954235, 'mean_rho': 0.03735904195454756, 'variance_rho': 0.03887995686559825, 'std_bias': 4.804999812283447, 'hue_threshold': 15.781415583682094, 'value_ratio_min': 0.3522955716154281, 'value_ratio_max': 0.8530629821698118, 'saturation_diff_threshold': 28.629204478310974}. Best is trial 72 with value: 0.6466417287921127.
creating index...
index created!
Loading and preparing results...
DONE (t=0.01s)
creating index...
index created!
Running per image evaluation...
Evaluate annotation type *bbox*
DONE (t=2.22s).
Accumulating evaluation results...
DONE (t=0.35s).
 Average Precision  (AP) @[ IoU=0.50:0.95 | area=   all | maxDets=100 ] = 0.372
 Average Precision  (AP) @[ IoU=0.50      | area=   all | maxDets=100 ] = 0.616
 Average Precision  (AP) @[ IoU=0.75      | area=   all | maxDets=100 ] = 0.384
 Average Precision  (AP) @[ IoU=0.50:0.95 | area= small | maxDets=100 ] = -1.000
 Average Precision  (AP) @[ IoU=0.50:0.95 | area=medium | maxDets=100 ] = 0.229
 Average Precision  (AP) @[ IoU=0.50:0.95 | area= large | maxDets=100 ] = 0.544
 Average Recall     (AR) @[ IoU=0.50:0.95 | area=   all | maxDets=  1 ] = 0.260
 Average Recall     (AR) @[ IoU=0.50:0.95 | area=   all | maxDets= 10 ] = 0.494
 Average Recall     (AR) @[ IoU=0.50:0.95 | area=   all | maxDets=100 ] = 0.494
 Average Recall     (AR) @[ IoU=0.50:0.95 | area= small | maxDets=100 ] = -1.000
 Average Recall     (AR) @[ IoU=0.50:0.95 | area=medium | maxDets=100 ] = 0.340
 Average Recall     (AR) @[ IoU=0.50:0.95 | area= large | maxDets=100 ] = 0.673
[I 2026-02-24 00:30:40,724] Trial 92 finished with value: 0.615710374137878 and parameters: {'alpha': 2.1740604793895795, 'mean_rho': 0.02808698160375558, 'variance_rho': 0.039127560332049685, 'std_bias': 4.084077950830173, 'hue_threshold': 21.85209361938425, 'value_ratio_min': 0.4893265463892114, 'value_ratio_max': 0.8570132205627313, 'saturation_diff_threshold': 27.55049713694651}. Best is trial 72 with value: 0.6466417287921127.
creating index...
index created!
Loading and preparing results...
DONE (t=0.02s)
creating index...
index created!
Running per image evaluation...
Evaluate annotation type *bbox*
DONE (t=1.87s).
Accumulating evaluation results...
DONE (t=0.61s).
 Average Precision  (AP) @[ IoU=0.50:0.95 | area=   all | maxDets=100 ] = 0.348
 Average Precision  (AP) @[ IoU=0.50      | area=   all | maxDets=100 ] = 0.598
 Average Precision  (AP) @[ IoU=0.75      | area=   all | maxDets=100 ] = 0.374
 Average Precision  (AP) @[ IoU=0.50:0.95 | area= small | maxDets=100 ] = -1.000
 Average Precision  (AP) @[ IoU=0.50:0.95 | area=medium | maxDets=100 ] = 0.233
 Average Precision  (AP) @[ IoU=0.50:0.95 | area= large | maxDets=100 ] = 0.485
 Average Recall     (AR) @[ IoU=0.50:0.95 | area=   all | maxDets=  1 ] = 0.239
 Average Recall     (AR) @[ IoU=0.50:0.95 | area=   all | maxDets= 10 ] = 0.453
 Average Recall     (AR) @[ IoU=0.50:0.95 | area=   all | maxDets=100 ] = 0.453
 Average Recall     (AR) @[ IoU=0.50:0.95 | area= small | maxDets=100 ] = -1.000
 Average Recall     (AR) @[ IoU=0.50:0.95 | area=medium | maxDets=100 ] = 0.345
 Average Recall     (AR) @[ IoU=0.50:0.95 | area= large | maxDets=100 ] = 0.579
[I 2026-02-24 00:37:49,571] Trial 100 finished with value: 0.5981571041592247 and parameters: {'alpha': 1.868106466393638, 'mean_rho': 0.11461022984939755, 'variance_rho': 0.18232850063921643, 'std_bias': 4.082217021881464, 'hue_threshold': 14.794633146307898, 'value_ratio_min': 0.4365583034205241, 'value_ratio_max': 0.954656566266566, 'saturation_diff_threshold': 29.54755130619248}. Best is trial 72 with value: 0.6466417287921127.
creating index...
index created!
Loading and preparing results...
DONE (t=0.01s)
creating index...
index created!
Running per image evaluation...
Evaluate annotation type *bbox*
DONE (t=1.97s).
Accumulating evaluation results...
DONE (t=0.34s).
 Average Precision  (AP) @[ IoU=0.50:0.95 | area=   all | maxDets=100 ] = 0.376
 Average Precision  (AP) @[ IoU=0.50      | area=   all | maxDets=100 ] = 0.622
 Average Precision  (AP) @[ IoU=0.75      | area=   all | maxDets=100 ] = 0.392
 Average Precision  (AP) @[ IoU=0.50:0.95 | area= small | maxDets=100 ] = -1.000
 Average Precision  (AP) @[ IoU=0.50:0.95 | area=medium | maxDets=100 ] = 0.196
 Average Precision  (AP) @[ IoU=0.50:0.95 | area= large | maxDets=100 ] = 0.587
 Average Recall     (AR) @[ IoU=0.50:0.95 | area=   all | maxDets=  1 ] = 0.252
 Average Recall     (AR) @[ IoU=0.50:0.95 | area=   all | maxDets= 10 ] = 0.477
 Average Recall     (AR) @[ IoU=0.50:0.95 | area=   all | maxDets=100 ] = 0.477
 Average Recall     (AR) @[ IoU=0.50:0.95 | area= small | maxDets=100 ] = -1.000
 Average Recall     (AR) @[ IoU=0.50:0.95 | area=medium | maxDets=100 ] = 0.296
 Average Recall     (AR) @[ IoU=0.50:0.95 | area= large | maxDets=100 ] = 0.687
[I 2026-02-24 00:44:47,306] Trial 108 finished with value: 0.6221357225238392 and parameters: {'alpha': 2.408329955902225, 'mean_rho': 0.07945675436088645, 'variance_rho': 0.09493833335952045, 'std_bias': 4.29511609608805, 'hue_threshold': 13.09555012216044, 'value_ratio_min': 0.44309736718156545, 'value_ratio_max': 0.8740449020921, 'saturation_diff_threshold': 30.752123443178135}. Best is trial 72 with value: 0.6466417287921127.
creating index...
index created!
Loading and preparing results...
DONE (t=0.01s)
creating index...
index created!
Running per image evaluation...
Evaluate annotation type *bbox*
DONE (t=1.98s).
Accumulating evaluation results...
DONE (t=0.33s).
 Average Precision  (AP) @[ IoU=0.50:0.95 | area=   all | maxDets=100 ] = 0.248
 Average Precision  (AP) @[ IoU=0.50      | area=   all | maxDets=100 ] = 0.545
 Average Precision  (AP) @[ IoU=0.75      | area=   all | maxDets=100 ] = 0.187
 Average Precision  (AP) @[ IoU=0.50:0.95 | area= small | maxDets=100 ] = -1.000
 Average Precision  (AP) @[ IoU=0.50:0.95 | area=medium | maxDets=100 ] = 0.188
 Average Precision  (AP) @[ IoU=0.50:0.95 | area= large | maxDets=100 ] = 0.326
 Average Recall     (AR) @[ IoU=0.50:0.95 | area=   all | maxDets=  1 ] = 0.219
 Average Recall     (AR) @[ IoU=0.50:0.95 | area=   all | maxDets= 10 ] = 0.383
 Average Recall     (AR) @[ IoU=0.50:0.95 | area=   all | maxDets=100 ] = 0.383
 Average Recall     (AR) @[ IoU=0.50:0.95 | area= small | maxDets=100 ] = -1.000
 Average Recall     (AR) @[ IoU=0.50:0.95 | area=medium | maxDets=100 ] = 0.313
 Average Recall     (AR) @[ IoU=0.50:0.95 | area= large | maxDets=100 ] = 0.465
[I 2026-02-24 00:51:36,902] Trial 116 finished with value: 0.5454839833466921 and parameters: {'alpha': 2.618741381309548, 'mean_rho': 0.05266315039406348, 'variance_rho': 0.056556693191992954, 'std_bias': 1.6277953608141025, 'hue_threshold': 11.508981016895127, 'value_ratio_min': 0.37535442530419105, 'value_ratio_max': 0.8622748974249687, 'saturation_diff_threshold': 36.476720892849684}. Best is trial 72 with value: 0.6466417287921127.Best trial: 72. Best value: 0.646642:  56%|█████▌    | 14/25 [1:46:47<1:17:12, 421.14s/it]Best trial: 72. Best value: 0.646642:  56%|█████▌    | 14/25 [1:46:47<1:17:12, 421.14s/it]Best trial: 72. Best value: 0.646642:  60%|██████    | 15/25 [1:46:47<1:09:36, 417.66s/it]                                                                                          Best trial: 72. Best value: 0.646642:  60%|██████    | 15/25 [1:53:32<1:09:36, 417.66s/it]Best trial: 72. Best value: 0.646642:  60%|██████    | 15/25 [1:53:32<1:09:36, 417.66s/it]Best trial: 72. Best value: 0.646642:  64%|██████▍   | 16/25 [1:53:32<1:02:04, 413.86s/it]                                                                                          Best trial: 72. Best value: 0.646642:  64%|██████▍   | 16/25 [2:00:17<1:02:04, 413.86s/it]Best trial: 72. Best value: 0.646642:  64%|██████▍   | 16/25 [2:00:17<1:02:04, 413.86s/it]Best trial: 72. Best value: 0.646642:  68%|██████▊   | 17/25 [2:00:17<54:49, 411.22s/it]                                                                                          Best trial: 72. Best value: 0.646642:  68%|██████▊   | 17/25 [2:06:53<54:49, 411.22s/it]Best trial: 72. Best value: 0.646642:  68%|██████▊   | 17/25 [2:06:53<54:49, 411.22s/it]Best trial: 72. Best value: 0.646642:  72%|███████▏  | 18/25 [2:06:53<47:27, 406.79s/it]                                                                                        Best trial: 72. Best value: 0.646642:  72%|███████▏  | 18/25 [2:13:42<47:27, 406.79s/it]Best trial: 72. Best value: 0.646642:  72%|███████▏  | 18/25 [2:13:42<47:27, 406.79s/it]Best trial: 72. Best value: 0.646642:  76%|███████▌  | 19/25 [2:13:42<40:44, 407.36s/it]                                                                                        
creating index...
index created!
Loading and preparing results...
DONE (t=0.01s)
creating index...
index created!
Running per image evaluation...
Evaluate annotation type *bbox*
DONE (t=1.77s).
Accumulating evaluation results...
DONE (t=0.22s).
 Average Precision  (AP) @[ IoU=0.50:0.95 | area=   all | maxDets=100 ] = 0.327
 Average Precision  (AP) @[ IoU=0.50      | area=   all | maxDets=100 ] = 0.618
 Average Precision  (AP) @[ IoU=0.75      | area=   all | maxDets=100 ] = 0.311
 Average Precision  (AP) @[ IoU=0.50:0.95 | area= small | maxDets=100 ] = -1.000
 Average Precision  (AP) @[ IoU=0.50:0.95 | area=medium | maxDets=100 ] = 0.193
 Average Precision  (AP) @[ IoU=0.50:0.95 | area= large | maxDets=100 ] = 0.481
 Average Recall     (AR) @[ IoU=0.50:0.95 | area=   all | maxDets=  1 ] = 0.235
 Average Recall     (AR) @[ IoU=0.50:0.95 | area=   all | maxDets= 10 ] = 0.432
 Average Recall     (AR) @[ IoU=0.50:0.95 | area=   all | maxDets=100 ] = 0.432
 Average Recall     (AR) @[ IoU=0.50:0.95 | area= small | maxDets=100 ] = -1.000
 Average Recall     (AR) @[ IoU=0.50:0.95 | area=medium | maxDets=100 ] = 0.293
 Average Recall     (AR) @[ IoU=0.50:0.95 | area= large | maxDets=100 ] = 0.593
[I 2026-02-24 00:58:21,963] Trial 124 finished with value: 0.61817739093497 and parameters: {'alpha': 2.5350032329193115, 'mean_rho': 0.08756269791469873, 'variance_rho': 0.0836230016367481, 'std_bias': 3.77527113842902, 'hue_threshold': 5.297600236461001, 'value_ratio_min': 0.35840223238847535, 'value_ratio_max': 0.867255392236891, 'saturation_diff_threshold': 33.36724819949305}. Best is trial 72 with value: 0.6466417287921127.
creating index...
index created!
Loading and preparing results...
DONE (t=0.01s)
creating index...
index created!
Running per image evaluation...
Evaluate annotation type *bbox*
DONE (t=1.82s).
Accumulating evaluation results...
DONE (t=0.32s).
 Average Precision  (AP) @[ IoU=0.50:0.95 | area=   all | maxDets=100 ] = 0.329
 Average Precision  (AP) @[ IoU=0.50      | area=   all | maxDets=100 ] = 0.592
 Average Precision  (AP) @[ IoU=0.75      | area=   all | maxDets=100 ] = 0.314
 Average Precision  (AP) @[ IoU=0.50:0.95 | area= small | maxDets=100 ] = -1.000
 Average Precision  (AP) @[ IoU=0.50:0.95 | area=medium | maxDets=100 ] = 0.169
 Average Precision  (AP) @[ IoU=0.50:0.95 | area= large | maxDets=100 ] = 0.522
 Average Recall     (AR) @[ IoU=0.50:0.95 | area=   all | maxDets=  1 ] = 0.234
 Average Recall     (AR) @[ IoU=0.50:0.95 | area=   all | maxDets= 10 ] = 0.432
 Average Recall     (AR) @[ IoU=0.50:0.95 | area=   all | maxDets=100 ] = 0.432
 Average Recall     (AR) @[ IoU=0.50:0.95 | area= small | maxDets=100 ] = -1.000
 Average Recall     (AR) @[ IoU=0.50:0.95 | area=medium | maxDets=100 ] = 0.262
 Average Recall     (AR) @[ IoU=0.50:0.95 | area= large | maxDets=100 ] = 0.629
[I 2026-02-24 01:05:07,032] Trial 132 finished with value: 0.5921110380396577 and parameters: {'alpha': 2.958085534871725, 'mean_rho': 0.09089482883029494, 'variance_rho': 0.06021275988737601, 'std_bias': 3.4321523182992397, 'hue_threshold': 6.888141444143798, 'value_ratio_min': 0.4097617096981627, 'value_ratio_max': 0.8581140825336507, 'saturation_diff_threshold': 34.70797100880748}. Best is trial 72 with value: 0.6466417287921127.
creating index...
index created!
Loading and preparing results...
DONE (t=0.01s)
creating index...
index created!
Running per image evaluation...
Evaluate annotation type *bbox*
DONE (t=2.02s).
Accumulating evaluation results...
DONE (t=0.31s).
 Average Precision  (AP) @[ IoU=0.50:0.95 | area=   all | maxDets=100 ] = 0.310
 Average Precision  (AP) @[ IoU=0.50      | area=   all | maxDets=100 ] = 0.633
 Average Precision  (AP) @[ IoU=0.75      | area=   all | maxDets=100 ] = 0.261
 Average Precision  (AP) @[ IoU=0.50:0.95 | area= small | maxDets=100 ] = -1.000
 Average Precision  (AP) @[ IoU=0.50:0.95 | area=medium | maxDets=100 ] = 0.220
 Average Precision  (AP) @[ IoU=0.50:0.95 | area= large | maxDets=100 ] = 0.412
 Average Recall     (AR) @[ IoU=0.50:0.95 | area=   all | maxDets=  1 ] = 0.231
 Average Recall     (AR) @[ IoU=0.50:0.95 | area=   all | maxDets= 10 ] = 0.425
 Average Recall     (AR) @[ IoU=0.50:0.95 | area=   all | maxDets=100 ] = 0.425
 Average Recall     (AR) @[ IoU=0.50:0.95 | area= small | maxDets=100 ] = -1.000
 Average Recall     (AR) @[ IoU=0.50:0.95 | area=medium | maxDets=100 ] = 0.327
 Average Recall     (AR) @[ IoU=0.50:0.95 | area= large | maxDets=100 ] = 0.538
[I 2026-02-24 01:11:43,520] Trial 140 finished with value: 0.6331868474758465 and parameters: {'alpha': 2.278146080097031, 'mean_rho': 0.06687009103536853, 'variance_rho': 0.10180267643932467, 'std_bias': 3.2759103635687064, 'hue_threshold': 6.232236411833227, 'value_ratio_min': 0.34428663660979175, 'value_ratio_max': 0.8590029429145218, 'saturation_diff_threshold': 28.988439006948067}. Best is trial 72 with value: 0.6466417287921127.
creating index...
index created!
Loading and preparing results...
DONE (t=0.01s)
creating index...
index created!
Running per image evaluation...
Evaluate annotation type *bbox*
DONE (t=1.83s).
Accumulating evaluation results...
DONE (t=0.36s).
 Average Precision  (AP) @[ IoU=0.50:0.95 | area=   all | maxDets=100 ] = 0.346
 Average Precision  (AP) @[ IoU=0.50      | area=   all | maxDets=100 ] = 0.577
 Average Precision  (AP) @[ IoU=0.75      | area=   all | maxDets=100 ] = 0.341
 Average Precision  (AP) @[ IoU=0.50:0.95 | area= small | maxDets=100 ] = -1.000
 Average Precision  (AP) @[ IoU=0.50:0.95 | area=medium | maxDets=100 ] = 0.159
 Average Precision  (AP) @[ IoU=0.50:0.95 | area= large | maxDets=100 ] = 0.568
 Average Recall     (AR) @[ IoU=0.50:0.95 | area=   all | maxDets=  1 ] = 0.234
 Average Recall     (AR) @[ IoU=0.50:0.95 | area=   all | maxDets= 10 ] = 0.439
 Average Recall     (AR) @[ IoU=0.50:0.95 | area=   all | maxDets=100 ] = 0.439
 Average Recall     (AR) @[ IoU=0.50:0.95 | area= small | maxDets=100 ] = -1.000
 Average Recall     (AR) @[ IoU=0.50:0.95 | area=medium | maxDets=100 ] = 0.244
 Average Recall     (AR) @[ IoU=0.50:0.95 | area= large | maxDets=100 ] = 0.667
[I 2026-02-24 01:18:32,202] Trial 147 finished with value: 0.5773794301434657 and parameters: {'alpha': 2.536735656969676, 'mean_rho': 0.013933926153894494, 'variance_rho': 0.07211604492515816, 'std_bias': 3.948308106324, 'hue_threshold': 15.557001421339661, 'value_ratio_min': 0.609856377680316, 'value_ratio_max': 0.8789518320247232, 'saturation_diff_threshold': 32.523015470785374}. Best is trial 72 with value: 0.6466417287921127.
creating index...
index created!
Loading and preparing results...
DONE (t=0.00s)
creating index...
index created!
Running per image evaluation...
Evaluate annotation type *bbox*
DONE (t=1.09s).
Accumulating evaluation results...
DONE (t=0.24s).
 Average Precision  (AP) @[ IoU=0.50:0.95 | area=   all | maxDets=100 ] = 0.017
 Average Precision  (AP) @[ IoU=0.50      | area=   all | maxDets=100 ] = 0.049
 Average Precision  (AP) @[ IoU=0.75      | area=   all | maxDets=100 ] = 0.009
 Average Precision  (AP) @[ IoU=0.50:0.95 | area= small | maxDets=100 ] = -1.000
 Average Precision  (AP) @[ IoU=0.50:0.95 | area=medium | maxDets=100 ] = 0.006
 Average Precision  (AP) @[ IoU=0.50:0.95 | area= large | maxDets=100 ] = 0.041
 Average Recall     (AR) @[ IoU=0.50:0.95 | area=   all | maxDets=  1 ] = 0.043
 Average Recall     (AR) @[ IoU=0.50:0.95 | area=   all | maxDets= 10 ] = 0.063
 Average Recall     (AR) @[ IoU=0.50:0.95 | area=   all | maxDets=100 ] = 0.063
 Average Recall     (AR) @[ IoU=0.50:0.95 | area= small | maxDets=100 ] = -1.000
 Average Recall     (AR) @[ IoU=0.50:0.95 | area=medium | maxDets=100 ] = 0.028
 Average Recall     (AR) @[ IoU=0.50:0.95 | area= large | maxDets=100 ] = 0.103
