[I 2026-02-24 00:14:18,327] Trial 72 finished with value: 0.6466417287921127 and parameters: {'alpha': 2.3395495784492826, 'mean_rho': 0.08250304478944578, 'variance_rho': 0.06958246671086901, 'std_bias': 4.409579582318875, 'hue_threshold': 17.15537190209033, 'value_ratio_min': 0.3264487033390467, 'value_ratio_max': 0.8717634229722113, 'saturation_diff_threshold': 32.39150859974187}. Best is trial 72 with value: 0.6466417287921127.Best trial: 30. Best value: 0.638957:  36%|███▌      | 9/25 [1:09:59<1:49:25, 410.34s/it]Best trial: 72. Best value: 0.646642:  36%|███▌      | 9/25 [1:09:59<1:49:25, 410.34s/it]Best trial: 72. Best value: 0.646642:  40%|████      | 10/25 [1:09:59<1:40:20, 401.35s/it]                                                                                          Best trial: 72. Best value: 0.646642:  40%|████      | 10/25 [1:16:18<1:40:20, 401.35s/it]Best trial: 72. Best value: 0.646642:  40%|████      | 10/25 [1:16:18<1:40:20, 401.35s/it]Best trial: 72. Best value: 0.646642:  44%|████▍     | 11/25 [1:16:18<1:32:03, 394.54s/it]                                                                                          Best trial: 72. Best value: 0.646642:  44%|████▍     | 11/25 [1:23:08<1:32:03, 394.54s/it]Best trial: 72. Best value: 0.646642:  44%|████▍     | 11/25 [1:23:08<1:32:03, 394.54s/it]Best trial: 72. Best value: 0.646642:  48%|████▊     | 12/25 [1:23:08<1:26:28, 399.09s/it]                                                                                          Best trial: 72. Best value: 0.646642:  48%|████▊     | 12/25 [1:29:35<1:26:28, 399.09s/it]Best trial: 72. Best value: 0.646642:  48%|████▊     | 12/25 [1:29:35<1:26:28, 399.09s/it]Best trial: 72. Best value: 0.646642:  52%|█████▏    | 13/25 [1:29:35<1:19:07, 395.59s/it]                                                                                          Best trial: 72. Best value: 0.646642:  52%|█████▏    | 13/25 [1:36:21<1:19:07, 395.59s/it]Best trial: 72. Best value: 0.646642:  52%|█████▏    | 13/25 [1:36:21<1:19:07, 395.59s/it]Best trial: 72. Best value: 0.646642:  56%|█████▌    | 14/25 [1:36:21<1:13:04, 398.58s/it]                                                                                          
creating index...
index created!
Loading and preparing results...
DONE (t=0.01s)
creating index...
index created!
Running per image evaluation...
Evaluate annotation type *bbox*
DONE (t=2.11s).
Accumulating evaluation results...
DONE (t=0.30s).
 Average Precision  (AP) @[ IoU=0.50:0.95 | area=   all | maxDets=100 ] = 0.378
 Average Precision  (AP) @[ IoU=0.50      | area=   all | maxDets=100 ] = 0.623
 Average Precision  (AP) @[ IoU=0.75      | area=   all | maxDets=100 ] = 0.384
 Average Precision  (AP) @[ IoU=0.50:0.95 | area= small | maxDets=100 ] = -1.000
 Average Precision  (AP) @[ IoU=0.50:0.95 | area=medium | maxDets=100 ] = 0.191
 Average Precision  (AP) @[ IoU=0.50:0.95 | area= large | maxDets=100 ] = 0.603
 Average Recall     (AR) @[ IoU=0.50:0.95 | area=   all | maxDets=  1 ] = 0.265
 Average Recall     (AR) @[ IoU=0.50:0.95 | area=   all | maxDets= 10 ] = 0.497
 Average Recall     (AR) @[ IoU=0.50:0.95 | area=   all | maxDets=100 ] = 0.497
 Average Recall     (AR) @[ IoU=0.50:0.95 | area= small | maxDets=100 ] = -1.000
 Average Recall     (AR) @[ IoU=0.50:0.95 | area=medium | maxDets=100 ] = 0.299
 Average Recall     (AR) @[ IoU=0.50:0.95 | area= large | maxDets=100 ] = 0.726
[I 2026-02-24 00:20:37,448] Trial 79 finished with value: 0.6226482575109068 and parameters: {'alpha': 2.313422154720113, 'mean_rho': 0.008691222067394477, 'variance_rho': 0.062344767223597296, 'std_bias': 3.5754420689606334, 'hue_threshold': 19.46561011301248, 'value_ratio_min': 0.31686203029656757, 'value_ratio_max': 0.8495150753480994, 'saturation_diff_threshold': 32.024811696523095}. Best is trial 72 with value: 0.6466417287921127.
creating index...
index created!
Loading and preparing results...
DONE (t=0.01s)
creating index...
index created!
Running per image evaluation...
Evaluate annotation type *bbox*
DONE (t=2.16s).
Accumulating evaluation results...
DONE (t=0.32s).
 Average Precision  (AP) @[ IoU=0.50:0.95 | area=   all | maxDets=100 ] = 0.401
 Average Precision  (AP) @[ IoU=0.50      | area=   all | maxDets=100 ] = 0.644
 Average Precision  (AP) @[ IoU=0.75      | area=   all | maxDets=100 ] = 0.424
 Average Precision  (AP) @[ IoU=0.50:0.95 | area= small | maxDets=100 ] = -1.000
 Average Precision  (AP) @[ IoU=0.50:0.95 | area=medium | maxDets=100 ] = 0.230
 Average Precision  (AP) @[ IoU=0.50:0.95 | area= large | maxDets=100 ] = 0.599
 Average Recall     (AR) @[ IoU=0.50:0.95 | area=   all | maxDets=  1 ] = 0.264
 Average Recall     (AR) @[ IoU=0.50:0.95 | area=   all | maxDets= 10 ] = 0.502
 Average Recall     (AR) @[ IoU=0.50:0.95 | area=   all | maxDets=100 ] = 0.502
 Average Recall     (AR) @[ IoU=0.50:0.95 | area= small | maxDets=100 ] = -1.000
 Average Recall     (AR) @[ IoU=0.50:0.95 | area=medium | maxDets=100 ] = 0.336
 Average Recall     (AR) @[ IoU=0.50:0.95 | area= large | maxDets=100 ] = 0.696
[I 2026-02-24 00:27:26,937] Trial 87 finished with value: 0.643979830673721 and parameters: {'alpha': 2.199769717729717, 'mean_rho': 0.11411432658975051, 'variance_rho': 0.08962890565779712, 'std_bias': 4.732654328770304, 'hue_threshold': 16.097666059019957, 'value_ratio_min': 0.34929936850344145, 'value_ratio_max': 0.954506478195609, 'saturation_diff_threshold': 28.402391266080052}. Best is trial 72 with value: 0.6466417287921127.
creating index...
index created!
Loading and preparing results...
DONE (t=0.02s)
creating index...
index created!
Running per image evaluation...
Evaluate annotation type *bbox*
DONE (t=1.81s).
Accumulating evaluation results...
DONE (t=0.29s).
 Average Precision  (AP) @[ IoU=0.50:0.95 | area=   all | maxDets=100 ] = 0.347
 Average Precision  (AP) @[ IoU=0.50      | area=   all | maxDets=100 ] = 0.591
 Average Precision  (AP) @[ IoU=0.75      | area=   all | maxDets=100 ] = 0.348
 Average Precision  (AP) @[ IoU=0.50:0.95 | area= small | maxDets=100 ] = -1.000
 Average Precision  (AP) @[ IoU=0.50:0.95 | area=medium | maxDets=100 ] = 0.169
 Average Precision  (AP) @[ IoU=0.50:0.95 | area= large | maxDets=100 ] = 0.559
 Average Recall     (AR) @[ IoU=0.50:0.95 | area=   all | maxDets=  1 ] = 0.243
 Average Recall     (AR) @[ IoU=0.50:0.95 | area=   all | maxDets= 10 ] = 0.452
 Average Recall     (AR) @[ IoU=0.50:0.95 | area=   all | maxDets=100 ] = 0.452
 Average Recall     (AR) @[ IoU=0.50:0.95 | area= small | maxDets=100 ] = -1.000
 Average Recall     (AR) @[ IoU=0.50:0.95 | area=medium | maxDets=100 ] = 0.273
 Average Recall     (AR) @[ IoU=0.50:0.95 | area= large | maxDets=100 ] = 0.660
[I 2026-02-24 00:33:54,465] Trial 95 finished with value: 0.5911217024893749 and parameters: {'alpha': 2.2226807962343673, 'mean_rho': 0.11604230461313952, 'variance_rho': 0.22152644442972036, 'std_bias': 4.081516703450257, 'hue_threshold': 14.95681142499745, 'value_ratio_min': 0.33122849986362723, 'value_ratio_max': 0.9593548011808205, 'saturation_diff_threshold': 27.03873484976655}. Best is trial 72 with value: 0.6466417287921127.
creating index...
index created!
Loading and preparing results...
DONE (t=0.02s)
creating index...
index created!
Running per image evaluation...
Evaluate annotation type *bbox*
DONE (t=1.83s).
Accumulating evaluation results...
DONE (t=0.27s).
 Average Precision  (AP) @[ IoU=0.50:0.95 | area=   all | maxDets=100 ] = 0.356
 Average Precision  (AP) @[ IoU=0.50      | area=   all | maxDets=100 ] = 0.604
 Average Precision  (AP) @[ IoU=0.75      | area=   all | maxDets=100 ] = 0.353
 Average Precision  (AP) @[ IoU=0.50:0.95 | area= small | maxDets=100 ] = -1.000
 Average Precision  (AP) @[ IoU=0.50:0.95 | area=medium | maxDets=100 ] = 0.172
 Average Precision  (AP) @[ IoU=0.50:0.95 | area= large | maxDets=100 ] = 0.583
 Average Recall     (AR) @[ IoU=0.50:0.95 | area=   all | maxDets=  1 ] = 0.246
 Average Recall     (AR) @[ IoU=0.50:0.95 | area=   all | maxDets= 10 ] = 0.458
 Average Recall     (AR) @[ IoU=0.50:0.95 | area=   all | maxDets=100 ] = 0.458
 Average Recall     (AR) @[ IoU=0.50:0.95 | area= small | maxDets=100 ] = -1.000
 Average Recall     (AR) @[ IoU=0.50:0.95 | area=medium | maxDets=100 ] = 0.265
 Average Recall     (AR) @[ IoU=0.50:0.95 | area= large | maxDets=100 ] = 0.682
[I 2026-02-24 00:40:39,954] Trial 103 finished with value: 0.6036888583771217 and parameters: {'alpha': 2.4081176567035856, 'mean_rho': 0.07992474590813911, 'variance_rho': 0.12457076941019593, 'std_bias': 4.524548581073532, 'hue_threshold': 13.741674299533368, 'value_ratio_min': 0.4413950929641126, 'value_ratio_max': 0.9509911354668041, 'saturation_diff_threshold': 24.345124790276017}. Best is trial 72 with value: 0.6466417287921127.
creating index...
index created!
Loading and preparing results...
DONE (t=0.02s)
creating index...
index created!
Running per image evaluation...
Evaluate annotation type *bbox*
DONE (t=1.96s).
Accumulating evaluation results...
DONE (t=0.31s).
 Average Precision  (AP) @[ IoU=0.50:0.95 | area=   all | maxDets=100 ] = 0.337
 Average Precision  (AP) @[ IoU=0.50      | area=   all | maxDets=100 ] = 0.615
 Average Precision  (AP) @[ IoU=0.75      | area=   all | maxDets=100 ] = 0.326
 Average Precision  (AP) @[ IoU=0.50:0.95 | area= small | maxDets=100 ] = -1.000
 Average Precision  (AP) @[ IoU=0.50:0.95 | area=medium | maxDets=100 ] = 0.228
 Average Precision  (AP) @[ IoU=0.50:0.95 | area= large | maxDets=100 ] = 0.468
 Average Recall     (AR) @[ IoU=0.50:0.95 | area=   all | maxDets=  1 ] = 0.246
 Average Recall     (AR) @[ IoU=0.50:0.95 | area=   all | maxDets= 10 ] = 0.467
 Average Recall     (AR) @[ IoU=0.50:0.95 | area=   all | maxDets=100 ] = 0.467
 Average Recall     (AR) @[ IoU=0.50:0.95 | area= small | maxDets=100 ] = -1.000
 Average Recall     (AR) @[ IoU=0.50:0.95 | area=medium | maxDets=100 ] = 0.345
 Average Recall     (AR) @[ IoU=0.50:0.95 | area= large | maxDets=100 ] = 0.607
[I 2026-02-24 00:47:04,842] Trial 111 finished with value: 0.61461254304089 and parameters: {'alpha': 2.0623226481585544, 'mean_rho': 0.07410117636671537, 'variance_rho': 0.09237282084995052, 'std_bias': 3.773878219948942, 'hue_threshold': 16.62995481522881, 'value_ratio_min': 0.4176228390974256, 'value_ratio_max': 0.8611723258953504, 'saturation_diff_threshold': 47.078916056027474}. Best is trial 72 with value: 0.6466417287921127.Best trial: 72. Best value: 0.646642:  56%|█████▌    | 14/25 [1:42:46<1:13:04, 398.58s/it]Best trial: 72. Best value: 0.646642:  56%|█████▌    | 14/25 [1:42:46<1:13:04, 398.58s/it]Best trial: 72. Best value: 0.646642:  60%|██████    | 15/25 [1:42:46<1:05:44, 394.45s/it]                                                                                          Best trial: 72. Best value: 0.646642:  60%|██████    | 15/25 [1:49:08<1:05:44, 394.45s/it]Best trial: 72. Best value: 0.646642:  60%|██████    | 15/25 [1:49:08<1:05:44, 394.45s/it]Best trial: 72. Best value: 0.646642:  64%|██████▍   | 16/25 [1:49:08<58:36, 390.71s/it]                                                                                          Best trial: 72. Best value: 0.646642:  64%|██████▍   | 16/25 [1:55:26<58:36, 390.71s/it]Best trial: 72. Best value: 0.646642:  64%|██████▍   | 16/25 [1:55:26<58:36, 390.71s/it]Best trial: 72. Best value: 0.646642:  68%|██████▊   | 17/25 [1:55:26<51:36, 387.08s/it]                                                                                        Best trial: 72. Best value: 0.646642:  68%|██████▊   | 17/25 [2:03:29<51:36, 387.08s/it]Best trial: 72. Best value: 0.646642:  68%|██████▊   | 17/25 [2:03:29<51:36, 387.08s/it]Best trial: 72. Best value: 0.646642:  72%|███████▏  | 18/25 [2:03:29<48:31, 415.86s/it]                                                                                        Best trial: 72. Best value: 0.646642:  72%|███████▏  | 18/25 [2:09:47<48:31, 415.86s/it]Best trial: 72. Best value: 0.646642:  72%|███████▏  | 18/25 [2:09:47<48:31, 415.86s/it]Best trial: 72. Best value: 0.646642:  76%|███████▌  | 19/25 [2:09:47<40:26, 404.34s/it]                                                                                        
creating index...
index created!
Loading and preparing results...
DONE (t=0.01s)
creating index...
index created!
Running per image evaluation...
Evaluate annotation type *bbox*
DONE (t=1.75s).
Accumulating evaluation results...
DONE (t=0.29s).
 Average Precision  (AP) @[ IoU=0.50:0.95 | area=   all | maxDets=100 ] = 0.378
 Average Precision  (AP) @[ IoU=0.50      | area=   all | maxDets=100 ] = 0.624
 Average Precision  (AP) @[ IoU=0.75      | area=   all | maxDets=100 ] = 0.404
 Average Precision  (AP) @[ IoU=0.50:0.95 | area= small | maxDets=100 ] = -1.000
 Average Precision  (AP) @[ IoU=0.50:0.95 | area=medium | maxDets=100 ] = 0.226
 Average Precision  (AP) @[ IoU=0.50:0.95 | area= large | maxDets=100 ] = 0.551
 Average Recall     (AR) @[ IoU=0.50:0.95 | area=   all | maxDets=  1 ] = 0.250
 Average Recall     (AR) @[ IoU=0.50:0.95 | area=   all | maxDets= 10 ] = 0.477
 Average Recall     (AR) @[ IoU=0.50:0.95 | area=   all | maxDets=100 ] = 0.477
 Average Recall     (AR) @[ IoU=0.50:0.95 | area= small | maxDets=100 ] = -1.000
 Average Recall     (AR) @[ IoU=0.50:0.95 | area=medium | maxDets=100 ] = 0.325
 Average Recall     (AR) @[ IoU=0.50:0.95 | area= large | maxDets=100 ] = 0.654
[I 2026-02-24 00:53:26,865] Trial 118 finished with value: 0.6235435772207395 and parameters: {'alpha': 2.612479916173722, 'mean_rho': 0.1510910507896156, 'variance_rho': 0.05396366891513854, 'std_bias': 3.721322220946382, 'hue_threshold': 11.690977305028738, 'value_ratio_min': 0.47109397236080097, 'value_ratio_max': 0.8949249902429649, 'saturation_diff_threshold': 33.532084293454595}. Best is trial 72 with value: 0.6466417287921127.
creating index...
index created!
Loading and preparing results...
DONE (t=0.01s)
creating index...
index created!
Running per image evaluation...
Evaluate annotation type *bbox*
DONE (t=1.64s).
Accumulating evaluation results...
DONE (t=0.36s).
 Average Precision  (AP) @[ IoU=0.50:0.95 | area=   all | maxDets=100 ] = 0.355
 Average Precision  (AP) @[ IoU=0.50      | area=   all | maxDets=100 ] = 0.602
 Average Precision  (AP) @[ IoU=0.75      | area=   all | maxDets=100 ] = 0.351
 Average Precision  (AP) @[ IoU=0.50:0.95 | area= small | maxDets=100 ] = -1.000
 Average Precision  (AP) @[ IoU=0.50:0.95 | area=medium | maxDets=100 ] = 0.170
 Average Precision  (AP) @[ IoU=0.50:0.95 | area= large | maxDets=100 ] = 0.576
 Average Recall     (AR) @[ IoU=0.50:0.95 | area=   all | maxDets=  1 ] = 0.252
 Average Recall     (AR) @[ IoU=0.50:0.95 | area=   all | maxDets= 10 ] = 0.457
 Average Recall     (AR) @[ IoU=0.50:0.95 | area=   all | maxDets=100 ] = 0.457
 Average Recall     (AR) @[ IoU=0.50:0.95 | area= small | maxDets=100 ] = -1.000
 Average Recall     (AR) @[ IoU=0.50:0.95 | area=medium | maxDets=100 ] = 0.266
 Average Recall     (AR) @[ IoU=0.50:0.95 | area= large | maxDets=100 ] = 0.680
[I 2026-02-24 00:59:45,508] Trial 126 finished with value: 0.6019642127349198 and parameters: {'alpha': 2.7213493179594117, 'mean_rho': 0.0908363469883633, 'variance_rho': 0.0820221772251443, 'std_bias': 3.424219760529418, 'hue_threshold': 12.141275980418573, 'value_ratio_min': 0.31086690649358645, 'value_ratio_max': 0.8656953408927959, 'saturation_diff_threshold': 34.62004750865564}. Best is trial 72 with value: 0.6466417287921127.
creating index...
index created!
Loading and preparing results...
DONE (t=0.03s)
creating index...
index created!
Running per image evaluation...
Evaluate annotation type *bbox*
DONE (t=2.26s).
Accumulating evaluation results...
DONE (t=0.57s).
 Average Precision  (AP) @[ IoU=0.50:0.95 | area=   all | maxDets=100 ] = 0.093
 Average Precision  (AP) @[ IoU=0.50      | area=   all | maxDets=100 ] = 0.262
 Average Precision  (AP) @[ IoU=0.75      | area=   all | maxDets=100 ] = 0.049
 Average Precision  (AP) @[ IoU=0.50:0.95 | area= small | maxDets=100 ] = -1.000
 Average Precision  (AP) @[ IoU=0.50:0.95 | area=medium | maxDets=100 ] = 0.090
 Average Precision  (AP) @[ IoU=0.50:0.95 | area= large | maxDets=100 ] = 0.110
 Average Recall     (AR) @[ IoU=0.50:0.95 | area=   all | maxDets=  1 ] = 0.153
 Average Recall     (AR) @[ IoU=0.50:0.95 | area=   all | maxDets= 10 ] = 0.250
 Average Recall     (AR) @[ IoU=0.50:0.95 | area=   all | maxDets=100 ] = 0.250
 Average Recall     (AR) @[ IoU=0.50:0.95 | area= small | maxDets=100 ] = -1.000
 Average Recall     (AR) @[ IoU=0.50:0.95 | area=medium | maxDets=100 ] = 0.280
 Average Recall     (AR) @[ IoU=0.50:0.95 | area= large | maxDets=100 ] = 0.215
[I 2026-02-24 01:07:48,368] Trial 134 finished with value: 0.2617975148837029 and parameters: {'alpha': 2.781094398994675, 'mean_rho': 0.06807462835811462, 'variance_rho': 0.04762327334385798, 'std_bias': 0.7256074114425906, 'hue_threshold': 7.349888384926288, 'value_ratio_min': 0.39720587932174733, 'value_ratio_max': 0.8373779881262016, 'saturation_diff_threshold': 34.63865771373176}. Best is trial 72 with value: 0.6466417287921127.
creating index...
index created!
Loading and preparing results...
DONE (t=0.01s)
creating index...
index created!
Running per image evaluation...
Evaluate annotation type *bbox*
DONE (t=1.74s).
Accumulating evaluation results...
DONE (t=0.35s).
 Average Precision  (AP) @[ IoU=0.50:0.95 | area=   all | maxDets=100 ] = 0.327
 Average Precision  (AP) @[ IoU=0.50      | area=   all | maxDets=100 ] = 0.591
 Average Precision  (AP) @[ IoU=0.75      | area=   all | maxDets=100 ] = 0.303
 Average Precision  (AP) @[ IoU=0.50:0.95 | area= small | maxDets=100 ] = -1.000
 Average Precision  (AP) @[ IoU=0.50:0.95 | area=medium | maxDets=100 ] = 0.167
 Average Precision  (AP) @[ IoU=0.50:0.95 | area= large | maxDets=100 ] = 0.520
 Average Recall     (AR) @[ IoU=0.50:0.95 | area=   all | maxDets=  1 ] = 0.240
 Average Recall     (AR) @[ IoU=0.50:0.95 | area=   all | maxDets= 10 ] = 0.439
 Average Recall     (AR) @[ IoU=0.50:0.95 | area=   all | maxDets=100 ] = 0.439
 Average Recall     (AR) @[ IoU=0.50:0.95 | area= small | maxDets=100 ] = -1.000
 Average Recall     (AR) @[ IoU=0.50:0.95 | area=medium | maxDets=100 ] = 0.270
 Average Recall     (AR) @[ IoU=0.50:0.95 | area= large | maxDets=100 ] = 0.636
[I 2026-02-24 01:14:05,870] Trial 142 finished with value: 0.5907914932970469 and parameters: {'alpha': 2.27271450711976, 'mean_rho': 0.04760855059190877, 'variance_rho': 0.16009807203771081, 'std_bias': 3.9086589772088574, 'hue_threshold': 9.85115066761592, 'value_ratio_min': 0.3444924076464009, 'value_ratio_max': 0.8589622190757524, 'saturation_diff_threshold': 36.43420027612738}. Best is trial 72 with value: 0.6466417287921127.
creating index...
index created!
Loading and preparing results...
DONE (t=0.01s)
creating index...
index created!
Running per image evaluation...
Evaluate annotation type *bbox*
DONE (t=1.69s).
Accumulating evaluation results...
DONE (t=0.31s).
 Average Precision  (AP) @[ IoU=0.50:0.95 | area=   all | maxDets=100 ] = 0.342
 Average Precision  (AP) @[ IoU=0.50      | area=   all | maxDets=100 ] = 0.621
 Average Precision  (AP) @[ IoU=0.75      | area=   all | maxDets=100 ] = 0.320
 Average Precision  (AP) @[ IoU=0.50:0.95 | area= small | maxDets=100 ] = -1.000
 Average Precision  (AP) @[ IoU=0.50:0.95 | area=medium | maxDets=100 ] = 0.195
 Average Precision  (AP) @[ IoU=0.50:0.95 | area= large | maxDets=100 ] = 0.509
 Average Recall     (AR) @[ IoU=0.50:0.95 | area=   all | maxDets=  1 ] = 0.238
 Average Recall     (AR) @[ IoU=0.50:0.95 | area=   all | maxDets= 10 ] = 0.435
 Average Recall     (AR) @[ IoU=0.50:0.95 | area=   all | maxDets=100 ] = 0.435
 Average Recall     (AR) @[ IoU=0.50:0.95 | area= small | maxDets=100 ] = -1.000
 Average Recall     (AR) @[ IoU=0.50:0.95 | area=medium | maxDets=100 ] = 0.281
 Average Recall     (AR) @[ IoU=0.50:0.95 | area= large | maxDets=100 ] = 0.613
