[I 2026-02-24 00:16:56,450] Trial 77 finished with value: 0.600405141215524 and parameters: {'alpha': 2.3177732939521114, 'mean_rho': 0.004736527277526631, 'variance_rho': 0.06670628772381637, 'std_bias': 3.587129849552884, 'hue_threshold': 26.84724999810235, 'value_ratio_min': 0.3217528801730319, 'value_ratio_max': 0.8405071509500681, 'saturation_diff_threshold': 32.99114968150398}. Best is trial 72 with value: 0.6466417287921127.Best trial: 30. Best value: 0.638957:  36%|███▌      | 9/25 [1:12:16<1:53:14, 424.63s/it]Best trial: 72. Best value: 0.646642:  36%|███▌      | 9/25 [1:12:16<1:53:14, 424.63s/it]Best trial: 72. Best value: 0.646642:  40%|████      | 10/25 [1:12:16<1:45:47, 423.19s/it]                                                                                          Best trial: 72. Best value: 0.646642:  40%|████      | 10/25 [1:19:21<1:45:47, 423.19s/it]Best trial: 72. Best value: 0.646642:  40%|████      | 10/25 [1:19:21<1:45:47, 423.19s/it]Best trial: 72. Best value: 0.646642:  44%|████▍     | 11/25 [1:19:21<1:38:52, 423.74s/it]                                                                                          Best trial: 72. Best value: 0.646642:  44%|████▍     | 11/25 [1:26:22<1:38:52, 423.74s/it]Best trial: 72. Best value: 0.646642:  44%|████▍     | 11/25 [1:26:22<1:38:52, 423.74s/it]Best trial: 72. Best value: 0.646642:  48%|████▊     | 12/25 [1:26:22<1:31:36, 422.80s/it]                                                                                          Best trial: 72. Best value: 0.646642:  48%|████▊     | 12/25 [1:33:46<1:31:36, 422.80s/it]Best trial: 72. Best value: 0.646642:  48%|████▊     | 12/25 [1:33:46<1:31:36, 422.80s/it]Best trial: 72. Best value: 0.646642:  52%|█████▏    | 13/25 [1:33:46<1:25:51, 429.27s/it]                                                                                          Best trial: 72. Best value: 0.646642:  52%|█████▏    | 13/25 [1:40:44<1:25:51, 429.27s/it]Best trial: 72. Best value: 0.646642:  52%|█████▏    | 13/25 [1:40:44<1:25:51, 429.27s/it]Best trial: 72. Best value: 0.646642:  56%|█████▌    | 14/25 [1:40:44<1:18:02, 425.70s/it]                                                                                          
creating index...
index created!
Loading and preparing results...
DONE (t=0.01s)
creating index...
index created!
Running per image evaluation...
Evaluate annotation type *bbox*
DONE (t=1.79s).
Accumulating evaluation results...
DONE (t=0.56s).
 Average Precision  (AP) @[ IoU=0.50:0.95 | area=   all | maxDets=100 ] = 0.373
 Average Precision  (AP) @[ IoU=0.50      | area=   all | maxDets=100 ] = 0.625
 Average Precision  (AP) @[ IoU=0.75      | area=   all | maxDets=100 ] = 0.382
 Average Precision  (AP) @[ IoU=0.50:0.95 | area= small | maxDets=100 ] = -1.000
 Average Precision  (AP) @[ IoU=0.50:0.95 | area=medium | maxDets=100 ] = 0.229
 Average Precision  (AP) @[ IoU=0.50:0.95 | area= large | maxDets=100 ] = 0.542
 Average Recall     (AR) @[ IoU=0.50:0.95 | area=   all | maxDets=  1 ] = 0.259
 Average Recall     (AR) @[ IoU=0.50:0.95 | area=   all | maxDets= 10 ] = 0.491
 Average Recall     (AR) @[ IoU=0.50:0.95 | area=   all | maxDets=100 ] = 0.491
 Average Recall     (AR) @[ IoU=0.50:0.95 | area= small | maxDets=100 ] = -1.000
 Average Recall     (AR) @[ IoU=0.50:0.95 | area=medium | maxDets=100 ] = 0.342
 Average Recall     (AR) @[ IoU=0.50:0.95 | area= large | maxDets=100 ] = 0.665
[I 2026-02-24 00:24:01,432] Trial 85 finished with value: 0.6247873117706334 and parameters: {'alpha': 2.1548856366570597, 'mean_rho': 0.04146222229995959, 'variance_rho': 0.03925307163237775, 'std_bias': 4.773837510022905, 'hue_threshold': 15.981799186071244, 'value_ratio_min': 0.3552051802490438, 'value_ratio_max': 0.8555462441973721, 'saturation_diff_threshold': 28.155763711187504}. Best is trial 72 with value: 0.6466417287921127.
creating index...
index created!
Loading and preparing results...
DONE (t=0.01s)
creating index...
index created!
Running per image evaluation...
Evaluate annotation type *bbox*
DONE (t=1.74s).
Accumulating evaluation results...
DONE (t=0.32s).
 Average Precision  (AP) @[ IoU=0.50:0.95 | area=   all | maxDets=100 ] = 0.353
 Average Precision  (AP) @[ IoU=0.50      | area=   all | maxDets=100 ] = 0.634
 Average Precision  (AP) @[ IoU=0.75      | area=   all | maxDets=100 ] = 0.346
 Average Precision  (AP) @[ IoU=0.50:0.95 | area= small | maxDets=100 ] = -1.000
 Average Precision  (AP) @[ IoU=0.50:0.95 | area=medium | maxDets=100 ] = 0.219
 Average Precision  (AP) @[ IoU=0.50:0.95 | area= large | maxDets=100 ] = 0.507
 Average Recall     (AR) @[ IoU=0.50:0.95 | area=   all | maxDets=  1 ] = 0.252
 Average Recall     (AR) @[ IoU=0.50:0.95 | area=   all | maxDets= 10 ] = 0.469
 Average Recall     (AR) @[ IoU=0.50:0.95 | area=   all | maxDets=100 ] = 0.469
 Average Recall     (AR) @[ IoU=0.50:0.95 | area= small | maxDets=100 ] = -1.000
 Average Recall     (AR) @[ IoU=0.50:0.95 | area=medium | maxDets=100 ] = 0.330
 Average Recall     (AR) @[ IoU=0.50:0.95 | area= large | maxDets=100 ] = 0.630
[I 2026-02-24 00:31:02,085] Trial 93 finished with value: 0.6335163695791768 and parameters: {'alpha': 2.1907861477659814, 'mean_rho': 0.10986136561935962, 'variance_rho': 0.12528408864789026, 'std_bias': 4.066345977437878, 'hue_threshold': 13.858080637143782, 'value_ratio_min': 0.36051623878436967, 'value_ratio_max': 0.8553742253041094, 'saturation_diff_threshold': 27.392014756945382}. Best is trial 72 with value: 0.6466417287921127.
creating index...
index created!
Loading and preparing results...
DONE (t=0.01s)
creating index...
index created!
Running per image evaluation...
Evaluate annotation type *bbox*
DONE (t=1.83s).
Accumulating evaluation results...
DONE (t=0.30s).
 Average Precision  (AP) @[ IoU=0.50:0.95 | area=   all | maxDets=100 ] = 0.350
 Average Precision  (AP) @[ IoU=0.50      | area=   all | maxDets=100 ] = 0.603
 Average Precision  (AP) @[ IoU=0.75      | area=   all | maxDets=100 ] = 0.360
 Average Precision  (AP) @[ IoU=0.50:0.95 | area= small | maxDets=100 ] = -1.000
 Average Precision  (AP) @[ IoU=0.50:0.95 | area=medium | maxDets=100 ] = 0.221
 Average Precision  (AP) @[ IoU=0.50:0.95 | area= large | maxDets=100 ] = 0.501
 Average Recall     (AR) @[ IoU=0.50:0.95 | area=   all | maxDets=  1 ] = 0.248
 Average Recall     (AR) @[ IoU=0.50:0.95 | area=   all | maxDets= 10 ] = 0.469
 Average Recall     (AR) @[ IoU=0.50:0.95 | area=   all | maxDets=100 ] = 0.469
 Average Recall     (AR) @[ IoU=0.50:0.95 | area= small | maxDets=100 ] = -1.000
 Average Recall     (AR) @[ IoU=0.50:0.95 | area=medium | maxDets=100 ] = 0.346
 Average Recall     (AR) @[ IoU=0.50:0.95 | area= large | maxDets=100 ] = 0.612
[I 2026-02-24 00:38:26,253] Trial 101 finished with value: 0.6028456806588227 and parameters: {'alpha': 1.8911798476685404, 'mean_rho': 0.1086599527141969, 'variance_rho': 0.18541775462381435, 'std_bias': 4.531767980593451, 'hue_threshold': 13.008156289414298, 'value_ratio_min': 0.4408755149907812, 'value_ratio_max': 0.8884238015537399, 'saturation_diff_threshold': 29.579501075829697}. Best is trial 72 with value: 0.6466417287921127.
creating index...
index created!
Loading and preparing results...
DONE (t=0.01s)
creating index...
index created!
Running per image evaluation...
Evaluate annotation type *bbox*
DONE (t=1.94s).
Accumulating evaluation results...
DONE (t=0.37s).
 Average Precision  (AP) @[ IoU=0.50:0.95 | area=   all | maxDets=100 ] = 0.376
 Average Precision  (AP) @[ IoU=0.50      | area=   all | maxDets=100 ] = 0.638
 Average Precision  (AP) @[ IoU=0.75      | area=   all | maxDets=100 ] = 0.386
 Average Precision  (AP) @[ IoU=0.50:0.95 | area= small | maxDets=100 ] = -1.000
 Average Precision  (AP) @[ IoU=0.50:0.95 | area=medium | maxDets=100 ] = 0.208
 Average Precision  (AP) @[ IoU=0.50:0.95 | area= large | maxDets=100 ] = 0.571
 Average Recall     (AR) @[ IoU=0.50:0.95 | area=   all | maxDets=  1 ] = 0.251
 Average Recall     (AR) @[ IoU=0.50:0.95 | area=   all | maxDets= 10 ] = 0.474
 Average Recall     (AR) @[ IoU=0.50:0.95 | area=   all | maxDets=100 ] = 0.474
 Average Recall     (AR) @[ IoU=0.50:0.95 | area= small | maxDets=100 ] = -1.000
 Average Recall     (AR) @[ IoU=0.50:0.95 | area=medium | maxDets=100 ] = 0.309
 Average Recall     (AR) @[ IoU=0.50:0.95 | area= large | maxDets=100 ] = 0.666
[I 2026-02-24 00:45:23,686] Trial 109 finished with value: 0.6376560956596601 and parameters: {'alpha': 2.4294246848099323, 'mean_rho': 0.07791054902594148, 'variance_rho': 0.08727343146625488, 'std_bias': 3.7483681522132355, 'hue_threshold': 11.291131929015464, 'value_ratio_min': 0.4214672685442879, 'value_ratio_max': 0.9016164285854652, 'saturation_diff_threshold': 30.759242872550033}. Best is trial 72 with value: 0.6466417287921127.
creating index...
index created!
Loading and preparing results...
DONE (t=0.01s)
creating index...
index created!
Running per image evaluation...
Evaluate annotation type *bbox*
DONE (t=1.85s).
Accumulating evaluation results...
DONE (t=0.34s).
 Average Precision  (AP) @[ IoU=0.50:0.95 | area=   all | maxDets=100 ] = 0.373
 Average Precision  (AP) @[ IoU=0.50      | area=   all | maxDets=100 ] = 0.631
 Average Precision  (AP) @[ IoU=0.75      | area=   all | maxDets=100 ] = 0.385
 Average Precision  (AP) @[ IoU=0.50:0.95 | area= small | maxDets=100 ] = -1.000
 Average Precision  (AP) @[ IoU=0.50:0.95 | area=medium | maxDets=100 ] = 0.202
 Average Precision  (AP) @[ IoU=0.50:0.95 | area= large | maxDets=100 ] = 0.573
 Average Recall     (AR) @[ IoU=0.50:0.95 | area=   all | maxDets=  1 ] = 0.256
 Average Recall     (AR) @[ IoU=0.50:0.95 | area=   all | maxDets= 10 ] = 0.470
 Average Recall     (AR) @[ IoU=0.50:0.95 | area=   all | maxDets=100 ] = 0.470
 Average Recall     (AR) @[ IoU=0.50:0.95 | area= small | maxDets=100 ] = -1.000
 Average Recall     (AR) @[ IoU=0.50:0.95 | area=medium | maxDets=100 ] = 0.294
 Average Recall     (AR) @[ IoU=0.50:0.95 | area= large | maxDets=100 ] = 0.674
[I 2026-02-24 00:52:29,004] Trial 117 finished with value: 0.6310070897068425 and parameters: {'alpha': 2.6908672106676974, 'mean_rho': 0.08845182507509843, 'variance_rho': 0.05599375472504078, 'std_bias': 3.7422520852208634, 'hue_threshold': 11.694076454720776, 'value_ratio_min': 0.42056797372396915, 'value_ratio_max': 0.8619567704871581, 'saturation_diff_threshold': 34.99626744129082}. Best is trial 72 with value: 0.6466417287921127.Best trial: 72. Best value: 0.646642:  56%|█████▌    | 14/25 [1:47:49<1:18:02, 425.70s/it]Best trial: 72. Best value: 0.646642:  56%|█████▌    | 14/25 [1:47:49<1:18:02, 425.70s/it]Best trial: 72. Best value: 0.646642:  60%|██████    | 15/25 [1:47:49<1:10:55, 425.58s/it]                                                                                          Best trial: 72. Best value: 0.646642:  60%|██████    | 15/25 [1:54:52<1:10:55, 425.58s/it]Best trial: 72. Best value: 0.646642:  60%|██████    | 15/25 [1:54:52<1:10:55, 425.58s/it]Best trial: 72. Best value: 0.646642:  64%|██████▍   | 16/25 [1:54:52<1:03:44, 424.92s/it]                                                                                          Best trial: 72. Best value: 0.646642:  64%|██████▍   | 16/25 [2:01:55<1:03:44, 424.92s/it]Best trial: 72. Best value: 0.646642:  64%|██████▍   | 16/25 [2:01:55<1:03:44, 424.92s/it]Best trial: 72. Best value: 0.646642:  68%|██████▊   | 17/25 [2:01:55<56:33, 424.16s/it]                                                                                          Best trial: 72. Best value: 0.646642:  68%|██████▊   | 17/25 [2:09:06<56:33, 424.16s/it]Best trial: 72. Best value: 0.646642:  68%|██████▊   | 17/25 [2:09:06<56:33, 424.16s/it]Best trial: 72. Best value: 0.646642:  72%|███████▏  | 18/25 [2:09:06<49:44, 426.33s/it]                                                                                        Best trial: 72. Best value: 0.646642:  72%|███████▏  | 18/25 [2:16:08<49:44, 426.33s/it]Best trial: 72. Best value: 0.646642:  72%|███████▏  | 18/25 [2:16:08<49:44, 426.33s/it]Best trial: 72. Best value: 0.646642:  76%|███████▌  | 19/25 [2:16:08<42:30, 425.10s/it]                                                                                        
creating index...
index created!
Loading and preparing results...
DONE (t=0.01s)
creating index...
index created!
Running per image evaluation...
Evaluate annotation type *bbox*
DONE (t=1.82s).
Accumulating evaluation results...
DONE (t=0.32s).
 Average Precision  (AP) @[ IoU=0.50:0.95 | area=   all | maxDets=100 ] = 0.339
 Average Precision  (AP) @[ IoU=0.50      | area=   all | maxDets=100 ] = 0.600
 Average Precision  (AP) @[ IoU=0.75      | area=   all | maxDets=100 ] = 0.317
 Average Precision  (AP) @[ IoU=0.50:0.95 | area= small | maxDets=100 ] = -1.000
 Average Precision  (AP) @[ IoU=0.50:0.95 | area=medium | maxDets=100 ] = 0.178
 Average Precision  (AP) @[ IoU=0.50:0.95 | area= large | maxDets=100 ] = 0.533
 Average Recall     (AR) @[ IoU=0.50:0.95 | area=   all | maxDets=  1 ] = 0.236
 Average Recall     (AR) @[ IoU=0.50:0.95 | area=   all | maxDets= 10 ] = 0.442
 Average Recall     (AR) @[ IoU=0.50:0.95 | area=   all | maxDets=100 ] = 0.442
 Average Recall     (AR) @[ IoU=0.50:0.95 | area= small | maxDets=100 ] = -1.000
 Average Recall     (AR) @[ IoU=0.50:0.95 | area=medium | maxDets=100 ] = 0.275
 Average Recall     (AR) @[ IoU=0.50:0.95 | area= large | maxDets=100 ] = 0.637
[I 2026-02-24 00:59:32,383] Trial 125 finished with value: 0.5996610894755959 and parameters: {'alpha': 2.6787369015037226, 'mean_rho': 0.08941200413948774, 'variance_rho': 0.08462759044382216, 'std_bias': 3.721407091842911, 'hue_threshold': 12.247836376006479, 'value_ratio_min': 0.6417977531323236, 'value_ratio_max': 0.8479853147454292, 'saturation_diff_threshold': 32.961523270578766}. Best is trial 72 with value: 0.6466417287921127.
creating index...
index created!
Loading and preparing results...
DONE (t=0.01s)
creating index...
index created!
Running per image evaluation...
Evaluate annotation type *bbox*
DONE (t=1.73s).
Accumulating evaluation results...
DONE (t=0.32s).
 Average Precision  (AP) @[ IoU=0.50:0.95 | area=   all | maxDets=100 ] = 0.310
 Average Precision  (AP) @[ IoU=0.50      | area=   all | maxDets=100 ] = 0.563
 Average Precision  (AP) @[ IoU=0.75      | area=   all | maxDets=100 ] = 0.286
 Average Precision  (AP) @[ IoU=0.50:0.95 | area= small | maxDets=100 ] = -1.000
 Average Precision  (AP) @[ IoU=0.50:0.95 | area=medium | maxDets=100 ] = 0.149
 Average Precision  (AP) @[ IoU=0.50:0.95 | area= large | maxDets=100 ] = 0.511
 Average Recall     (AR) @[ IoU=0.50:0.95 | area=   all | maxDets=  1 ] = 0.232
 Average Recall     (AR) @[ IoU=0.50:0.95 | area=   all | maxDets= 10 ] = 0.420
 Average Recall     (AR) @[ IoU=0.50:0.95 | area=   all | maxDets=100 ] = 0.420
 Average Recall     (AR) @[ IoU=0.50:0.95 | area= small | maxDets=100 ] = -1.000
 Average Recall     (AR) @[ IoU=0.50:0.95 | area=medium | maxDets=100 ] = 0.242
 Average Recall     (AR) @[ IoU=0.50:0.95 | area= large | maxDets=100 ] = 0.627
[I 2026-02-24 01:06:34,790] Trial 133 finished with value: 0.5627510225403555 and parameters: {'alpha': 2.7539282330275356, 'mean_rho': 0.06925142416773362, 'variance_rho': 0.1008828014545102, 'std_bias': 3.4096216605251635, 'hue_threshold': 8.253326923651663, 'value_ratio_min': 0.40987287848415366, 'value_ratio_max': 0.8603650444717915, 'saturation_diff_threshold': 39.51384439393147}. Best is trial 72 with value: 0.6466417287921127.
creating index...
index created!
Loading and preparing results...
DONE (t=0.02s)
creating index...
index created!
Running per image evaluation...
Evaluate annotation type *bbox*
DONE (t=2.03s).
Accumulating evaluation results...
DONE (t=0.34s).
 Average Precision  (AP) @[ IoU=0.50:0.95 | area=   all | maxDets=100 ] = 0.263
 Average Precision  (AP) @[ IoU=0.50      | area=   all | maxDets=100 ] = 0.580
 Average Precision  (AP) @[ IoU=0.75      | area=   all | maxDets=100 ] = 0.204
 Average Precision  (AP) @[ IoU=0.50:0.95 | area= small | maxDets=100 ] = -1.000
 Average Precision  (AP) @[ IoU=0.50:0.95 | area=medium | maxDets=100 ] = 0.199
 Average Precision  (AP) @[ IoU=0.50:0.95 | area= large | maxDets=100 ] = 0.345
 Average Recall     (AR) @[ IoU=0.50:0.95 | area=   all | maxDets=  1 ] = 0.222
 Average Recall     (AR) @[ IoU=0.50:0.95 | area=   all | maxDets= 10 ] = 0.401
 Average Recall     (AR) @[ IoU=0.50:0.95 | area=   all | maxDets=100 ] = 0.401
 Average Recall     (AR) @[ IoU=0.50:0.95 | area= small | maxDets=100 ] = -1.000
 Average Recall     (AR) @[ IoU=0.50:0.95 | area=medium | maxDets=100 ] = 0.318
 Average Recall     (AR) @[ IoU=0.50:0.95 | area= large | maxDets=100 ] = 0.497
[I 2026-02-24 01:13:46,176] Trial 141 finished with value: 0.579605678935812 and parameters: {'alpha': 2.28699553840681, 'mean_rho': 0.044596407682762296, 'variance_rho': 0.11583704825235976, 'std_bias': 2.2156595817182314, 'hue_threshold': 14.14990179804223, 'value_ratio_min': 0.3468024328272144, 'value_ratio_max': 0.8382111257478841, 'saturation_diff_threshold': 28.784881389779724}. Best is trial 72 with value: 0.6466417287921127.
creating index...
index created!
Loading and preparing results...
DONE (t=0.01s)
creating index...
index created!
Running per image evaluation...
Evaluate annotation type *bbox*
DONE (t=1.75s).
Accumulating evaluation results...
DONE (t=0.31s).
 Average Precision  (AP) @[ IoU=0.50:0.95 | area=   all | maxDets=100 ] = 0.345
 Average Precision  (AP) @[ IoU=0.50      | area=   all | maxDets=100 ] = 0.586
 Average Precision  (AP) @[ IoU=0.75      | area=   all | maxDets=100 ] = 0.339
 Average Precision  (AP) @[ IoU=0.50:0.95 | area= small | maxDets=100 ] = -1.000
 Average Precision  (AP) @[ IoU=0.50:0.95 | area=medium | maxDets=100 ] = 0.164
 Average Precision  (AP) @[ IoU=0.50:0.95 | area= large | maxDets=100 ] = 0.563
 Average Recall     (AR) @[ IoU=0.50:0.95 | area=   all | maxDets=  1 ] = 0.236
 Average Recall     (AR) @[ IoU=0.50:0.95 | area=   all | maxDets= 10 ] = 0.441
 Average Recall     (AR) @[ IoU=0.50:0.95 | area=   all | maxDets=100 ] = 0.441
 Average Recall     (AR) @[ IoU=0.50:0.95 | area= small | maxDets=100 ] = -1.000
 Average Recall     (AR) @[ IoU=0.50:0.95 | area=medium | maxDets=100 ] = 0.248
 Average Recall     (AR) @[ IoU=0.50:0.95 | area= large | maxDets=100 ] = 0.665
[I 2026-02-24 01:20:48,400] Trial 149 finished with value: 0.5862918516437482 and parameters: {'alpha': 2.528633741212615, 'mean_rho': 0.01453390537719845, 'variance_rho': 0.07185674425997964, 'std_bias': 3.9816355785815087, 'hue_threshold': 15.491327887609858, 'value_ratio_min': 0.6104452022289948, 'value_ratio_max': 0.8530556481835988, 'saturation_diff_threshold': 32.591154296583014}. Best is trial 72 with value: 0.6466417287921127.
creating index...
index created!
Loading and preparing results...
DONE (t=0.01s)
creating index...
index created!
Running per image evaluation...
Evaluate annotation type *bbox*
DONE (t=1.85s).
Accumulating evaluation results...
DONE (t=0.34s).
 Average Precision  (AP) @[ IoU=0.50:0.95 | area=   all | maxDets=100 ] = 0.397
 Average Precision  (AP) @[ IoU=0.50      | area=   all | maxDets=100 ] = 0.642
 Average Precision  (AP) @[ IoU=0.75      | area=   all | maxDets=100 ] = 0.410
 Average Precision  (AP) @[ IoU=0.50:0.95 | area= small | maxDets=100 ] = -1.000
 Average Precision  (AP) @[ IoU=0.50:0.95 | area=medium | maxDets=100 ] = 0.229
 Average Precision  (AP) @[ IoU=0.50:0.95 | area= large | maxDets=100 ] = 0.593
 Average Recall     (AR) @[ IoU=0.50:0.95 | area=   all | maxDets=  1 ] = 0.262
 Average Recall     (AR) @[ IoU=0.50:0.95 | area=   all | maxDets= 10 ] = 0.501
 Average Recall     (AR) @[ IoU=0.50:0.95 | area=   all | maxDets=100 ] = 0.501
 Average Recall     (AR) @[ IoU=0.50:0.95 | area= small | maxDets=100 ] = -1.000
 Average Recall     (AR) @[ IoU=0.50:0.95 | area=medium | maxDets=100 ] = 0.332
 Average Recall     (AR) @[ IoU=0.50:0.95 | area= large | maxDets=100 ] = 0.698
