[I 2026-02-24 00:15:11,608] Trial 75 finished with value: 0.6195876502374881 and parameters: {'alpha': 2.3592106854475405, 'mean_rho': 0.21095768456891612, 'variance_rho': 0.06683899170165317, 'std_bias': 4.420106847327879, 'hue_threshold': 16.25624682526436, 'value_ratio_min': 0.31838462337022894, 'value_ratio_max': 0.8468892348356818, 'saturation_diff_threshold': 31.952583073568753}. Best is trial 72 with value: 0.6466417287921127.Best trial: 30. Best value: 0.638957:  36%|███▌      | 9/25 [1:10:47<1:53:43, 426.48s/it]Best trial: 72. Best value: 0.646642:  36%|███▌      | 9/25 [1:10:47<1:53:43, 426.48s/it]Best trial: 72. Best value: 0.646642:  40%|████      | 10/25 [1:10:47<1:44:16, 417.07s/it]                                                                                          Best trial: 72. Best value: 0.646642:  40%|████      | 10/25 [1:17:41<1:44:16, 417.07s/it]Best trial: 72. Best value: 0.646642:  40%|████      | 10/25 [1:17:41<1:44:16, 417.07s/it]Best trial: 72. Best value: 0.646642:  44%|████▍     | 11/25 [1:17:41<1:37:04, 416.07s/it]                                                                                          Best trial: 72. Best value: 0.646642:  44%|████▍     | 11/25 [1:24:32<1:37:04, 416.07s/it]Best trial: 72. Best value: 0.646642:  44%|████▍     | 11/25 [1:24:32<1:37:04, 416.07s/it]Best trial: 72. Best value: 0.646642:  48%|████▊     | 12/25 [1:24:32<1:29:48, 414.48s/it]                                                                                          Best trial: 72. Best value: 0.646642:  48%|████▊     | 12/25 [1:31:25<1:29:48, 414.48s/it]Best trial: 72. Best value: 0.646642:  48%|████▊     | 12/25 [1:31:25<1:29:48, 414.48s/it]Best trial: 72. Best value: 0.646642:  52%|█████▏    | 13/25 [1:31:25<1:22:48, 414.03s/it]                                                                                          Best trial: 72. Best value: 0.646642:  52%|█████▏    | 13/25 [1:37:55<1:22:48, 414.03s/it]Best trial: 72. Best value: 0.646642:  52%|█████▏    | 13/25 [1:37:55<1:22:48, 414.03s/it]Best trial: 72. Best value: 0.646642:  56%|█████▌    | 14/25 [1:37:55<1:14:34, 406.74s/it]                                                                                          
creating index...
index created!
Loading and preparing results...
DONE (t=0.01s)
creating index...
index created!
Running per image evaluation...
Evaluate annotation type *bbox*
DONE (t=1.77s).
Accumulating evaluation results...
DONE (t=0.33s).
 Average Precision  (AP) @[ IoU=0.50:0.95 | area=   all | maxDets=100 ] = 0.188
 Average Precision  (AP) @[ IoU=0.50      | area=   all | maxDets=100 ] = 0.449
 Average Precision  (AP) @[ IoU=0.75      | area=   all | maxDets=100 ] = 0.129
 Average Precision  (AP) @[ IoU=0.50:0.95 | area= small | maxDets=100 ] = -1.000
 Average Precision  (AP) @[ IoU=0.50:0.95 | area=medium | maxDets=100 ] = 0.157
 Average Precision  (AP) @[ IoU=0.50:0.95 | area= large | maxDets=100 ] = 0.231
 Average Recall     (AR) @[ IoU=0.50:0.95 | area=   all | maxDets=  1 ] = 0.172
 Average Recall     (AR) @[ IoU=0.50:0.95 | area=   all | maxDets= 10 ] = 0.323
 Average Recall     (AR) @[ IoU=0.50:0.95 | area=   all | maxDets=100 ] = 0.323
 Average Recall     (AR) @[ IoU=0.50:0.95 | area= small | maxDets=100 ] = -1.000
 Average Recall     (AR) @[ IoU=0.50:0.95 | area=medium | maxDets=100 ] = 0.291
 Average Recall     (AR) @[ IoU=0.50:0.95 | area= large | maxDets=100 ] = 0.361
[I 2026-02-24 00:22:05,413] Trial 82 finished with value: 0.4491185364450681 and parameters: {'alpha': 1.5843506045175382, 'mean_rho': 0.039260624356831475, 'variance_rho': 0.09119903990780576, 'std_bias': 3.5716835433968703, 'hue_threshold': 15.81280350239632, 'value_ratio_min': 0.35040268400638946, 'value_ratio_max': 0.8676201284476182, 'saturation_diff_threshold': 34.063399311542284}. Best is trial 72 with value: 0.6466417287921127.
creating index...
index created!
Loading and preparing results...
DONE (t=0.01s)
creating index...
index created!
Running per image evaluation...
Evaluate annotation type *bbox*
DONE (t=1.97s).
Accumulating evaluation results...
DONE (t=0.26s).
 Average Precision  (AP) @[ IoU=0.50:0.95 | area=   all | maxDets=100 ] = 0.361
 Average Precision  (AP) @[ IoU=0.50      | area=   all | maxDets=100 ] = 0.635
 Average Precision  (AP) @[ IoU=0.75      | area=   all | maxDets=100 ] = 0.347
 Average Precision  (AP) @[ IoU=0.50:0.95 | area= small | maxDets=100 ] = -1.000
 Average Precision  (AP) @[ IoU=0.50:0.95 | area=medium | maxDets=100 ] = 0.213
 Average Precision  (AP) @[ IoU=0.50:0.95 | area= large | maxDets=100 ] = 0.533
 Average Recall     (AR) @[ IoU=0.50:0.95 | area=   all | maxDets=  1 ] = 0.254
 Average Recall     (AR) @[ IoU=0.50:0.95 | area=   all | maxDets= 10 ] = 0.476
 Average Recall     (AR) @[ IoU=0.50:0.95 | area=   all | maxDets=100 ] = 0.476
 Average Recall     (AR) @[ IoU=0.50:0.95 | area= small | maxDets=100 ] = -1.000
 Average Recall     (AR) @[ IoU=0.50:0.95 | area=medium | maxDets=100 ] = 0.322
 Average Recall     (AR) @[ IoU=0.50:0.95 | area= large | maxDets=100 ] = 0.654
[I 2026-02-24 00:28:56,257] Trial 90 finished with value: 0.6350251321803239 and parameters: {'alpha': 2.104941681451329, 'mean_rho': 0.03266998885377905, 'variance_rho': 0.1246099035257125, 'std_bias': 4.066048867147254, 'hue_threshold': 15.515496664762878, 'value_ratio_min': 0.49677800676873324, 'value_ratio_max': 0.8556958159232788, 'saturation_diff_threshold': 28.745952427077917}. Best is trial 72 with value: 0.6466417287921127.
creating index...
index created!
Loading and preparing results...
DONE (t=0.02s)
creating index...
index created!
Running per image evaluation...
Evaluate annotation type *bbox*
DONE (t=1.92s).
Accumulating evaluation results...
DONE (t=0.32s).
 Average Precision  (AP) @[ IoU=0.50:0.95 | area=   all | maxDets=100 ] = 0.359
 Average Precision  (AP) @[ IoU=0.50      | area=   all | maxDets=100 ] = 0.608
 Average Precision  (AP) @[ IoU=0.75      | area=   all | maxDets=100 ] = 0.383
 Average Precision  (AP) @[ IoU=0.50:0.95 | area= small | maxDets=100 ] = -1.000
 Average Precision  (AP) @[ IoU=0.50:0.95 | area=medium | maxDets=100 ] = 0.244
 Average Precision  (AP) @[ IoU=0.50:0.95 | area= large | maxDets=100 ] = 0.496
 Average Recall     (AR) @[ IoU=0.50:0.95 | area=   all | maxDets=  1 ] = 0.243
 Average Recall     (AR) @[ IoU=0.50:0.95 | area=   all | maxDets= 10 ] = 0.468
 Average Recall     (AR) @[ IoU=0.50:0.95 | area=   all | maxDets=100 ] = 0.468
 Average Recall     (AR) @[ IoU=0.50:0.95 | area= small | maxDets=100 ] = -1.000
 Average Recall     (AR) @[ IoU=0.50:0.95 | area=medium | maxDets=100 ] = 0.359
 Average Recall     (AR) @[ IoU=0.50:0.95 | area= large | maxDets=100 ] = 0.593
[I 2026-02-24 00:35:49,243] Trial 98 finished with value: 0.6078407420206784 and parameters: {'alpha': 1.9219407404680782, 'mean_rho': 0.1152440611018341, 'variance_rho': 0.12028334592500467, 'std_bias': 4.0853769810479905, 'hue_threshold': 14.731223065579469, 'value_ratio_min': 0.4962783522259217, 'value_ratio_max': 0.954564771936808, 'saturation_diff_threshold': 30.53872653933232}. Best is trial 72 with value: 0.6466417287921127.
creating index...
index created!
Loading and preparing results...
DONE (t=0.01s)
creating index...
index created!
Running per image evaluation...
Evaluate annotation type *bbox*
DONE (t=1.68s).
Accumulating evaluation results...
DONE (t=0.25s).
 Average Precision  (AP) @[ IoU=0.50:0.95 | area=   all | maxDets=100 ] = 0.318
 Average Precision  (AP) @[ IoU=0.50      | area=   all | maxDets=100 ] = 0.560
 Average Precision  (AP) @[ IoU=0.75      | area=   all | maxDets=100 ] = 0.304
 Average Precision  (AP) @[ IoU=0.50:0.95 | area= small | maxDets=100 ] = -1.000
 Average Precision  (AP) @[ IoU=0.50:0.95 | area=medium | maxDets=100 ] = 0.145
 Average Precision  (AP) @[ IoU=0.50:0.95 | area= large | maxDets=100 ] = 0.535
 Average Recall     (AR) @[ IoU=0.50:0.95 | area=   all | maxDets=  1 ] = 0.236
 Average Recall     (AR) @[ IoU=0.50:0.95 | area=   all | maxDets= 10 ] = 0.427
 Average Recall     (AR) @[ IoU=0.50:0.95 | area=   all | maxDets=100 ] = 0.427
 Average Recall     (AR) @[ IoU=0.50:0.95 | area= small | maxDets=100 ] = -1.000
 Average Recall     (AR) @[ IoU=0.50:0.95 | area=medium | maxDets=100 ] = 0.241
 Average Recall     (AR) @[ IoU=0.50:0.95 | area= large | maxDets=100 ] = 0.642
[I 2026-02-24 00:42:19,162] Trial 106 finished with value: 0.5599636453752013 and parameters: {'alpha': 2.4032455696444437, 'mean_rho': 0.07894432143122702, 'variance_rho': 0.17130163389209682, 'std_bias': 4.313747444992361, 'hue_threshold': 13.168410059351851, 'value_ratio_min': 0.36384207965890597, 'value_ratio_max': 0.8721962958177389, 'saturation_diff_threshold': 29.571960015180878}. Best is trial 72 with value: 0.6466417287921127.
creating index...
index created!
Loading and preparing results...
DONE (t=0.01s)
creating index...
index created!
Running per image evaluation...
Evaluate annotation type *bbox*
DONE (t=2.00s).
Accumulating evaluation results...
DONE (t=0.30s).
 Average Precision  (AP) @[ IoU=0.50:0.95 | area=   all | maxDets=100 ] = 0.336
 Average Precision  (AP) @[ IoU=0.50      | area=   all | maxDets=100 ] = 0.621
 Average Precision  (AP) @[ IoU=0.75      | area=   all | maxDets=100 ] = 0.331
 Average Precision  (AP) @[ IoU=0.50:0.95 | area= small | maxDets=100 ] = -1.000
 Average Precision  (AP) @[ IoU=0.50:0.95 | area=medium | maxDets=100 ] = 0.245
 Average Precision  (AP) @[ IoU=0.50:0.95 | area= large | maxDets=100 ] = 0.447
 Average Recall     (AR) @[ IoU=0.50:0.95 | area=   all | maxDets=  1 ] = 0.236
 Average Recall     (AR) @[ IoU=0.50:0.95 | area=   all | maxDets= 10 ] = 0.448
 Average Recall     (AR) @[ IoU=0.50:0.95 | area=   all | maxDets=100 ] = 0.448
 Average Recall     (AR) @[ IoU=0.50:0.95 | area= small | maxDets=100 ] = -1.000
 Average Recall     (AR) @[ IoU=0.50:0.95 | area=medium | maxDets=100 ] = 0.350
 Average Recall     (AR) @[ IoU=0.50:0.95 | area= large | maxDets=100 ] = 0.562
[I 2026-02-24 00:49:07,691] Trial 113 finished with value: 0.6212182497393405 and parameters: {'alpha': 2.0317766088249556, 'mean_rho': 0.15272045840058185, 'variance_rho': 0.09157380794056277, 'std_bias': 4.686406596436774, 'hue_threshold': 7.962750971633685, 'value_ratio_min': 0.4647234443320117, 'value_ratio_max': 0.8614221361512917, 'saturation_diff_threshold': 30.80861994029932}. Best is trial 72 with value: 0.6466417287921127.Best trial: 72. Best value: 0.646642:  56%|█████▌    | 14/25 [1:44:43<1:14:34, 406.74s/it]Best trial: 72. Best value: 0.646642:  56%|█████▌    | 14/25 [1:44:43<1:14:34, 406.74s/it]Best trial: 72. Best value: 0.646642:  60%|██████    | 15/25 [1:44:43<1:07:52, 407.28s/it]                                                                                          Best trial: 72. Best value: 0.646642:  60%|██████    | 15/25 [1:51:28<1:07:52, 407.28s/it]Best trial: 72. Best value: 0.646642:  60%|██████    | 15/25 [1:51:28<1:07:52, 407.28s/it]Best trial: 72. Best value: 0.646642:  64%|██████▍   | 16/25 [1:51:28<1:00:58, 406.51s/it]                                                                                          Best trial: 72. Best value: 0.646642:  64%|██████▍   | 16/25 [1:58:10<1:00:58, 406.51s/it]Best trial: 72. Best value: 0.646642:  64%|██████▍   | 16/25 [1:58:10<1:00:58, 406.51s/it]Best trial: 72. Best value: 0.646642:  68%|██████▊   | 17/25 [1:58:10<54:01, 405.16s/it]                                                                                          Best trial: 72. Best value: 0.646642:  68%|██████▊   | 17/25 [2:04:53<54:01, 405.16s/it]Best trial: 72. Best value: 0.646642:  68%|██████▊   | 17/25 [2:04:53<54:01, 405.16s/it]Best trial: 72. Best value: 0.646642:  72%|███████▏  | 18/25 [2:04:53<47:12, 404.71s/it]                                                                                        Best trial: 72. Best value: 0.646642:  72%|███████▏  | 18/25 [2:11:36<47:12, 404.71s/it]Best trial: 72. Best value: 0.646642:  72%|███████▏  | 18/25 [2:11:36<47:12, 404.71s/it]Best trial: 72. Best value: 0.646642:  76%|███████▌  | 19/25 [2:11:36<40:24, 404.16s/it]                                                                                        
creating index...
index created!
Loading and preparing results...
DONE (t=0.02s)
creating index...
index created!
Running per image evaluation...
Evaluate annotation type *bbox*
DONE (t=1.67s).
Accumulating evaluation results...
DONE (t=0.30s).
 Average Precision  (AP) @[ IoU=0.50:0.95 | area=   all | maxDets=100 ] = 0.358
 Average Precision  (AP) @[ IoU=0.50      | area=   all | maxDets=100 ] = 0.610
 Average Precision  (AP) @[ IoU=0.75      | area=   all | maxDets=100 ] = 0.354
 Average Precision  (AP) @[ IoU=0.50:0.95 | area= small | maxDets=100 ] = -1.000
 Average Precision  (AP) @[ IoU=0.50:0.95 | area=medium | maxDets=100 ] = 0.185
 Average Precision  (AP) @[ IoU=0.50:0.95 | area= large | maxDets=100 ] = 0.567
 Average Recall     (AR) @[ IoU=0.50:0.95 | area=   all | maxDets=  1 ] = 0.241
 Average Recall     (AR) @[ IoU=0.50:0.95 | area=   all | maxDets= 10 ] = 0.454
 Average Recall     (AR) @[ IoU=0.50:0.95 | area=   all | maxDets=100 ] = 0.454
 Average Recall     (AR) @[ IoU=0.50:0.95 | area= small | maxDets=100 ] = -1.000
 Average Recall     (AR) @[ IoU=0.50:0.95 | area=medium | maxDets=100 ] = 0.272
 Average Recall     (AR) @[ IoU=0.50:0.95 | area= large | maxDets=100 ] = 0.665
[I 2026-02-24 00:55:52,392] Trial 121 finished with value: 0.6098298253089454 and parameters: {'alpha': 2.6264111586004613, 'mean_rho': 0.05478311608515316, 'variance_rho': 0.07950714980950953, 'std_bias': 3.727520285989079, 'hue_threshold': 11.596818687956027, 'value_ratio_min': 0.5869331204365134, 'value_ratio_max': 0.8680931396313554, 'saturation_diff_threshold': 32.92232539959011}. Best is trial 72 with value: 0.6466417287921127.
creating index...
index created!
Loading and preparing results...
DONE (t=0.02s)
creating index...
index created!
Running per image evaluation...
Evaluate annotation type *bbox*
DONE (t=1.69s).
Accumulating evaluation results...
DONE (t=0.28s).
 Average Precision  (AP) @[ IoU=0.50:0.95 | area=   all | maxDets=100 ] = 0.335
 Average Precision  (AP) @[ IoU=0.50      | area=   all | maxDets=100 ] = 0.618
 Average Precision  (AP) @[ IoU=0.75      | area=   all | maxDets=100 ] = 0.323
 Average Precision  (AP) @[ IoU=0.50:0.95 | area= small | maxDets=100 ] = -1.000
 Average Precision  (AP) @[ IoU=0.50:0.95 | area=medium | maxDets=100 ] = 0.192
 Average Precision  (AP) @[ IoU=0.50:0.95 | area= large | maxDets=100 ] = 0.500
 Average Recall     (AR) @[ IoU=0.50:0.95 | area=   all | maxDets=  1 ] = 0.239
 Average Recall     (AR) @[ IoU=0.50:0.95 | area=   all | maxDets= 10 ] = 0.435
 Average Recall     (AR) @[ IoU=0.50:0.95 | area=   all | maxDets=100 ] = 0.435
 Average Recall     (AR) @[ IoU=0.50:0.95 | area= small | maxDets=100 ] = -1.000
 Average Recall     (AR) @[ IoU=0.50:0.95 | area=medium | maxDets=100 ] = 0.284
 Average Recall     (AR) @[ IoU=0.50:0.95 | area= large | maxDets=100 ] = 0.609
[I 2026-02-24 01:02:34,432] Trial 129 finished with value: 0.6180950040649916 and parameters: {'alpha': 2.7396332408890163, 'mean_rho': 0.09269762881271948, 'variance_rho': 0.05857202917803347, 'std_bias': 3.8318962617231307, 'hue_threshold': 5.345923338783212, 'value_ratio_min': 0.3929216616871458, 'value_ratio_max': 0.8491644532623612, 'saturation_diff_threshold': 34.67415349538738}. Best is trial 72 with value: 0.6466417287921127.
creating index...
index created!
Loading and preparing results...
DONE (t=0.02s)
creating index...
index created!
Running per image evaluation...
Evaluate annotation type *bbox*
DONE (t=1.89s).
Accumulating evaluation results...
DONE (t=0.30s).
 Average Precision  (AP) @[ IoU=0.50:0.95 | area=   all | maxDets=100 ] = 0.314
 Average Precision  (AP) @[ IoU=0.50      | area=   all | maxDets=100 ] = 0.563
 Average Precision  (AP) @[ IoU=0.75      | area=   all | maxDets=100 ] = 0.319
 Average Precision  (AP) @[ IoU=0.50:0.95 | area= small | maxDets=100 ] = -1.000
 Average Precision  (AP) @[ IoU=0.50:0.95 | area=medium | maxDets=100 ] = 0.211
 Average Precision  (AP) @[ IoU=0.50:0.95 | area= large | maxDets=100 ] = 0.433
 Average Recall     (AR) @[ IoU=0.50:0.95 | area=   all | maxDets=  1 ] = 0.226
 Average Recall     (AR) @[ IoU=0.50:0.95 | area=   all | maxDets= 10 ] = 0.421
 Average Recall     (AR) @[ IoU=0.50:0.95 | area=   all | maxDets=100 ] = 0.421
 Average Recall     (AR) @[ IoU=0.50:0.95 | area= small | maxDets=100 ] = -1.000
 Average Recall     (AR) @[ IoU=0.50:0.95 | area=medium | maxDets=100 ] = 0.312
 Average Recall     (AR) @[ IoU=0.50:0.95 | area= large | maxDets=100 ] = 0.548
[I 2026-02-24 01:09:18,077] Trial 137 finished with value: 0.5633203890539933 and parameters: {'alpha': 2.916726732714987, 'mean_rho': 0.04662220250161165, 'variance_rho': 0.012996681751082706, 'std_bias': 2.3043708479358638, 'hue_threshold': 7.4190283534196455, 'value_ratio_min': 0.42968214473187044, 'value_ratio_max': 0.9898221725043213, 'saturation_diff_threshold': 36.93151467051706}. Best is trial 72 with value: 0.6466417287921127.
creating index...
index created!
Loading and preparing results...
DONE (t=0.02s)
creating index...
index created!
Running per image evaluation...
Evaluate annotation type *bbox*
DONE (t=1.76s).
Accumulating evaluation results...
DONE (t=0.29s).
 Average Precision  (AP) @[ IoU=0.50:0.95 | area=   all | maxDets=100 ] = 0.330
 Average Precision  (AP) @[ IoU=0.50      | area=   all | maxDets=100 ] = 0.631
 Average Precision  (AP) @[ IoU=0.75      | area=   all | maxDets=100 ] = 0.297
 Average Precision  (AP) @[ IoU=0.50:0.95 | area= small | maxDets=100 ] = -1.000
 Average Precision  (AP) @[ IoU=0.50:0.95 | area=medium | maxDets=100 ] = 0.208
 Average Precision  (AP) @[ IoU=0.50:0.95 | area= large | maxDets=100 ] = 0.470
 Average Recall     (AR) @[ IoU=0.50:0.95 | area=   all | maxDets=  1 ] = 0.239
 Average Recall     (AR) @[ IoU=0.50:0.95 | area=   all | maxDets= 10 ] = 0.443
 Average Recall     (AR) @[ IoU=0.50:0.95 | area=   all | maxDets=100 ] = 0.443
 Average Recall     (AR) @[ IoU=0.50:0.95 | area= small | maxDets=100 ] = -1.000
 Average Recall     (AR) @[ IoU=0.50:0.95 | area=medium | maxDets=100 ] = 0.314
 Average Recall     (AR) @[ IoU=0.50:0.95 | area= large | maxDets=100 ] = 0.592
[I 2026-02-24 01:16:00,964] Trial 144 finished with value: 0.6307646550617679 and parameters: {'alpha': 2.281544034545056, 'mean_rho': 0.017439930349433856, 'variance_rho': 0.07137701754786388, 'std_bias': 3.2323566095222165, 'hue_threshold': 6.338848719992383, 'value_ratio_min': 0.34158391546838, 'value_ratio_max': 0.8802338220169369, 'saturation_diff_threshold': 28.88256647822103}. Best is trial 72 with value: 0.6466417287921127.
creating index...
index created!
Loading and preparing results...
DONE (t=0.01s)
creating index...
index created!
Running per image evaluation...
Evaluate annotation type *bbox*
DONE (t=1.92s).
Accumulating evaluation results...
DONE (t=0.31s).
 Average Precision  (AP) @[ IoU=0.50:0.95 | area=   all | maxDets=100 ] = 0.386
 Average Precision  (AP) @[ IoU=0.50      | area=   all | maxDets=100 ] = 0.611
 Average Precision  (AP) @[ IoU=0.75      | area=   all | maxDets=100 ] = 0.401
 Average Precision  (AP) @[ IoU=0.50:0.95 | area= small | maxDets=100 ] = -1.000
 Average Precision  (AP) @[ IoU=0.50:0.95 | area=medium | maxDets=100 ] = 0.186
 Average Precision  (AP) @[ IoU=0.50:0.95 | area= large | maxDets=100 ] = 0.628
 Average Recall     (AR) @[ IoU=0.50:0.95 | area=   all | maxDets=  1 ] = 0.261
 Average Recall     (AR) @[ IoU=0.50:0.95 | area=   all | maxDets= 10 ] = 0.485
 Average Recall     (AR) @[ IoU=0.50:0.95 | area=   all | maxDets=100 ] = 0.485
 Average Recall     (AR) @[ IoU=0.50:0.95 | area= small | maxDets=100 ] = -1.000
 Average Recall     (AR) @[ IoU=0.50:0.95 | area=medium | maxDets=100 ] = 0.278
 Average Recall     (AR) @[ IoU=0.50:0.95 | area= large | maxDets=100 ] = 0.726
