[I 2026-02-24 02:05:04,456] Using an existing study with name 'adaptive_with_temporal' instead of creating a new one.
Loading annotations and video...
Starting optimization for study 'adaptive_with_temporal'
Using temporal detector: True
Database: optuna_adaptive_with_temporal.db
Number of trials: 25

To run in parallel, execute this same command in multiple terminals.
--------------------------------------------------------------------------------
  0%|          | 0/25 [00:00<?, ?it/s]                                        0%|          | 0/25 [07:16<?, ?it/s]Best trial: 0. Best value: 0.403799:   0%|          | 0/25 [07:16<?, ?it/s]Best trial: 0. Best value: 0.403799:   4%|▍         | 1/25 [07:16<2:54:33, 436.39s/it]                                                                                      Best trial: 0. Best value: 0.403799:   4%|▍         | 1/25 [14:52<2:54:33, 436.39s/it]Best trial: 9. Best value: 0.511043:   4%|▍         | 1/25 [14:52<2:54:33, 436.39s/it]Best trial: 9. Best value: 0.511043:   8%|▊         | 2/25 [14:52<2:51:39, 447.82s/it]                                                                                      Best trial: 9. Best value: 0.511043:   8%|▊         | 2/25 [26:42<2:51:39, 447.82s/it]Best trial: 12. Best value: 0.59836:   8%|▊         | 2/25 [26:42<2:51:39, 447.82s/it]Best trial: 12. Best value: 0.59836:  12%|█▏        | 3/25 [26:42<3:28:09, 567.69s/it]                                                                                      Best trial: 12. Best value: 0.59836:  12%|█▏        | 3/25 [33:51<3:28:09, 567.69s/it]Best trial: 27. Best value: 0.621864:  12%|█▏        | 3/25 [33:51<3:28:09, 567.69s/it]Best trial: 27. Best value: 0.621864:  16%|█▌        | 4/25 [33:51<2:59:28, 512.77s/it]                                                                                       creating index...
index created!
Loading and preparing results...
DONE (t=0.01s)
creating index...
index created!
Running per image evaluation...
Evaluate annotation type *bbox*
DONE (t=1.76s).
Accumulating evaluation results...
DONE (t=0.33s).
 Average Precision  (AP) @[ IoU=0.50:0.95 | area=   all | maxDets=100 ] = 0.080
 Average Precision  (AP) @[ IoU=0.50      | area=   all | maxDets=100 ] = 0.206
 Average Precision  (AP) @[ IoU=0.75      | area=   all | maxDets=100 ] = 0.049
 Average Precision  (AP) @[ IoU=0.50:0.95 | area= small | maxDets=100 ] = -1.000
 Average Precision  (AP) @[ IoU=0.50:0.95 | area=medium | maxDets=100 ] = 0.041
 Average Precision  (AP) @[ IoU=0.50:0.95 | area= large | maxDets=100 ] = 0.139
 Average Recall     (AR) @[ IoU=0.50:0.95 | area=   all | maxDets=  1 ] = 0.103
 Average Recall     (AR) @[ IoU=0.50:0.95 | area=   all | maxDets= 10 ] = 0.182
 Average Recall     (AR) @[ IoU=0.50:0.95 | area=   all | maxDets=100 ] = 0.182
 Average Recall     (AR) @[ IoU=0.50:0.95 | area= small | maxDets=100 ] = -1.000
 Average Recall     (AR) @[ IoU=0.50:0.95 | area=medium | maxDets=100 ] = 0.126
 Average Recall     (AR) @[ IoU=0.50:0.95 | area= large | maxDets=100 ] = 0.246
[I 2026-02-24 02:12:20,838] Trial 1 finished with value: 0.20568436326367492 and parameters: {'alpha': 3.4306264858355675, 'mean_rho': 0.2415964096838387, 'variance_rho': 0.3825988929010806, 'std_bias': 2.8755186853699217, 'hue_threshold': 12.605935377562908, 'value_ratio_min': 0.5300702896324371, 'value_ratio_max': 0.981233532563447, 'saturation_diff_threshold': 24.725557973232487}. Best is trial 0 with value: 0.4037988571646059.
creating index...
index created!
Loading and preparing results...
DONE (t=0.32s)
creating index...
index created!
Running per image evaluation...
Evaluate annotation type *bbox*
DONE (t=2.01s).
Accumulating evaluation results...
DONE (t=0.34s).
 Average Precision  (AP) @[ IoU=0.50:0.95 | area=   all | maxDets=100 ] = 0.211
 Average Precision  (AP) @[ IoU=0.50      | area=   all | maxDets=100 ] = 0.511
 Average Precision  (AP) @[ IoU=0.75      | area=   all | maxDets=100 ] = 0.132
 Average Precision  (AP) @[ IoU=0.50:0.95 | area= small | maxDets=100 ] = -1.000
 Average Precision  (AP) @[ IoU=0.50:0.95 | area=medium | maxDets=100 ] = 0.121
 Average Precision  (AP) @[ IoU=0.50:0.95 | area= large | maxDets=100 ] = 0.316
 Average Recall     (AR) @[ IoU=0.50:0.95 | area=   all | maxDets=  1 ] = 0.178
 Average Recall     (AR) @[ IoU=0.50:0.95 | area=   all | maxDets= 10 ] = 0.332
 Average Recall     (AR) @[ IoU=0.50:0.95 | area=   all | maxDets=100 ] = 0.332
 Average Recall     (AR) @[ IoU=0.50:0.95 | area= small | maxDets=100 ] = -1.000
 Average Recall     (AR) @[ IoU=0.50:0.95 | area=medium | maxDets=100 ] = 0.238
 Average Recall     (AR) @[ IoU=0.50:0.95 | area= large | maxDets=100 ] = 0.441
[I 2026-02-24 02:19:56,652] Trial 9 finished with value: 0.5110432072704022 and parameters: {'alpha': 2.164902217509446, 'mean_rho': 0.13647153903324244, 'variance_rho': 0.29066726542058047, 'std_bias': 3.749289936474438, 'hue_threshold': 7.51837810430455, 'value_ratio_min': 0.4478116519990051, 'value_ratio_max': 0.8141371840904036, 'saturation_diff_threshold': 26.238725621139935}. Best is trial 9 with value: 0.5110432072704022.
creating index...
index created!
Loading and preparing results...
DONE (t=0.22s)
creating index...
index created!
Running per image evaluation...
Evaluate annotation type *bbox*
DONE (t=2.13s).
Accumulating evaluation results...
DONE (t=0.40s).
 Average Precision  (AP) @[ IoU=0.50:0.95 | area=   all | maxDets=100 ] = 0.008
 Average Precision  (AP) @[ IoU=0.50      | area=   all | maxDets=100 ] = 0.011
 Average Precision  (AP) @[ IoU=0.75      | area=   all | maxDets=100 ] = 0.010
 Average Precision  (AP) @[ IoU=0.50:0.95 | area= small | maxDets=100 ] = -1.000
 Average Precision  (AP) @[ IoU=0.50:0.95 | area=medium | maxDets=100 ] = 0.000
 Average Precision  (AP) @[ IoU=0.50:0.95 | area= large | maxDets=100 ] = 0.008
 Average Recall     (AR) @[ IoU=0.50:0.95 | area=   all | maxDets=  1 ] = 0.004
 Average Recall     (AR) @[ IoU=0.50:0.95 | area=   all | maxDets= 10 ] = 0.006
 Average Recall     (AR) @[ IoU=0.50:0.95 | area=   all | maxDets=100 ] = 0.006
 Average Recall     (AR) @[ IoU=0.50:0.95 | area= small | maxDets=100 ] = -1.000
 Average Recall     (AR) @[ IoU=0.50:0.95 | area=medium | maxDets=100 ] = 0.005
 Average Recall     (AR) @[ IoU=0.50:0.95 | area= large | maxDets=100 ] = 0.007
[I 2026-02-24 02:31:46,997] Trial 17 finished with value: 0.010628086378363008 and parameters: {'alpha': 1.295599318407258, 'mean_rho': 0.3963285716541281, 'variance_rho': 0.3228224249053949, 'std_bias': 1.928309999577304, 'hue_threshold': 6.2689677389260865, 'value_ratio_min': 0.3897034789781417, 'value_ratio_max': 0.8008316605468981, 'saturation_diff_threshold': 19.03738671080928}. Best is trial 12 with value: 0.5983602105526338.
creating index...
index created!
Loading and preparing results...
DONE (t=0.01s)
creating index...
index created!
Running per image evaluation...
Evaluate annotation type *bbox*
DONE (t=1.51s).
Accumulating evaluation results...
DONE (t=0.27s).
 Average Precision  (AP) @[ IoU=0.50:0.95 | area=   all | maxDets=100 ] = 0.306
 Average Precision  (AP) @[ IoU=0.50      | area=   all | maxDets=100 ] = 0.590
 Average Precision  (AP) @[ IoU=0.75      | area=   all | maxDets=100 ] = 0.294
 Average Precision  (AP) @[ IoU=0.50:0.95 | area= small | maxDets=100 ] = -1.000
 Average Precision  (AP) @[ IoU=0.50:0.95 | area=medium | maxDets=100 ] = 0.186
 Average Precision  (AP) @[ IoU=0.50:0.95 | area= large | maxDets=100 ] = 0.445
 Average Recall     (AR) @[ IoU=0.50:0.95 | area=   all | maxDets=  1 ] = 0.216
 Average Recall     (AR) @[ IoU=0.50:0.95 | area=   all | maxDets= 10 ] = 0.417
 Average Recall     (AR) @[ IoU=0.50:0.95 | area=   all | maxDets=100 ] = 0.417
 Average Recall     (AR) @[ IoU=0.50:0.95 | area= small | maxDets=100 ] = -1.000
 Average Recall     (AR) @[ IoU=0.50:0.95 | area=medium | maxDets=100 ] = 0.299
 Average Recall     (AR) @[ IoU=0.50:0.95 | area= large | maxDets=100 ] = 0.555
[I 2026-02-24 02:38:55,564] Trial 29 finished with value: 0.5900679604800775 and parameters: {'alpha': 2.718525348045471, 'mean_rho': 0.2527299899945646, 'variance_rho': 0.05070979742432205, 'std_bias': 2.4431681504799516, 'hue_threshold': 27.309970502343745, 'value_ratio_min': 0.3008991790864556, 'value_ratio_max': 0.9453320447643483, 'saturation_diff_threshold': 21.158551463361576}. Best is trial 27 with value: 0.6218635226564296.
creating index...
index created!
Loading and preparing results...
DONE (t=0.01s)
creating index...
index created!
Running per image evaluation...
Evaluate annotation type *bbox*
DONE (t=1.61s).
Accumulating evaluation results...
DONE (t=0.34s).
 Average Precision  (AP) @[ IoU=0.50:0.95 | area=   all | maxDets=100 ] = 0.242
 Average Precision  (AP) @[ IoU=0.50      | area=   all | maxDets=100 ] = 0.469
 Average Precision  (AP) @[ IoU=0.75      | area=   all | maxDets=100 ] = 0.213
 Average Precision  (AP) @[ IoU=0.50:0.95 | area= small | maxDets=100 ] = -1.000
 Average Precision  (AP) @[ IoU=0.50:0.95 | area=medium | maxDets=100 ] = 0.088
 Average Precision  (AP) @[ IoU=0.50:0.95 | area= large | maxDets=100 ] = 0.450
 Average Recall     (AR) @[ IoU=0.50:0.95 | area=   all | maxDets=  1 ] = 0.203
 Average Recall     (AR) @[ IoU=0.50:0.95 | area=   all | maxDets= 10 ] = 0.353
 Average Recall     (AR) @[ IoU=0.50:0.95 | area=   all | maxDets=100 ] = 0.353
 Average Recall     (AR) @[ IoU=0.50:0.95 | area= small | maxDets=100 ] = -1.000
 Average Recall     (AR) @[ IoU=0.50:0.95 | area=medium | maxDets=100 ] = 0.167
 Average Recall     (AR) @[ IoU=0.50:0.95 | area= large | maxDets=100 ] = 0.569
[I 2026-02-24 02:46:18,243] Trial 36 finished with value: 0.4690559309501201 and parameters: {'alpha': 3.1400169658102843, 'mean_rho': 0.23944834262058157, 'variance_rho': 0.14403227925010487, 'std_bias': 2.7957567284928895, 'hue_threshold': 26.220782034364504, 'value_ratio_min': 0.41575784827933926, 'value_ratio_max': 0.8781472598833288, 'saturation_diff_threshold': 33.668486309244926}. Best is trial 27 with value: 0.6218635226564296.Best trial: 27. Best value: 0.621864:  16%|█▌        | 4/25 [41:13<2:59:28, 512.77s/it]Best trial: 27. Best value: 0.621864:  16%|█▌        | 4/25 [41:13<2:59:28, 512.77s/it]Best trial: 27. Best value: 0.621864:  20%|██        | 5/25 [41:13<2:42:29, 487.49s/it]                                                                                       Best trial: 27. Best value: 0.621864:  20%|██        | 5/25 [48:33<2:42:29, 487.49s/it]Best trial: 27. Best value: 0.621864:  20%|██        | 5/25 [48:33<2:42:29, 487.49s/it]Best trial: 27. Best value: 0.621864:  24%|██▍       | 6/25 [48:33<2:29:11, 471.14s/it]                                                                                       Best trial: 27. Best value: 0.621864:  24%|██▍       | 6/25 [57:17<2:29:11, 471.14s/it]Best trial: 27. Best value: 0.621864:  24%|██▍       | 6/25 [57:17<2:29:11, 471.14s/it]Best trial: 27. Best value: 0.621864:  28%|██▊       | 7/25 [57:17<2:26:32, 488.47s/it]                                                                                       Best trial: 27. Best value: 0.621864:  28%|██▊       | 7/25 [1:04:36<2:26:32, 488.47s/it]Best trial: 27. Best value: 0.621864:  28%|██▊       | 7/25 [1:04:37<2:26:32, 488.47s/it]Best trial: 27. Best value: 0.621864:  32%|███▏      | 8/25 [1:04:37<2:13:59, 472.93s/it]                                                                                         Best trial: 27. Best value: 0.621864:  32%|███▏      | 8/25 [1:13:35<2:13:59, 472.93s/it]Best trial: 27. Best value: 0.621864:  32%|███▏      | 8/25 [1:13:35<2:13:59, 472.93s/it]Best trial: 27. Best value: 0.621864:  36%|███▌      | 9/25 [1:13:35<2:11:34, 493.42s/it]                                                                                         
creating index...
index created!
Loading and preparing results...
DONE (t=0.02s)
creating index...
index created!
Running per image evaluation...
Evaluate annotation type *bbox*
DONE (t=1.64s).
Accumulating evaluation results...
DONE (t=0.28s).
 Average Precision  (AP) @[ IoU=0.50:0.95 | area=   all | maxDets=100 ] = 0.229
 Average Precision  (AP) @[ IoU=0.50      | area=   all | maxDets=100 ] = 0.478
 Average Precision  (AP) @[ IoU=0.75      | area=   all | maxDets=100 ] = 0.192
 Average Precision  (AP) @[ IoU=0.50:0.95 | area= small | maxDets=100 ] = -1.000
 Average Precision  (AP) @[ IoU=0.50:0.95 | area=medium | maxDets=100 ] = 0.086
 Average Precision  (AP) @[ IoU=0.50:0.95 | area= large | maxDets=100 ] = 0.428
 Average Recall     (AR) @[ IoU=0.50:0.95 | area=   all | maxDets=  1 ] = 0.196
 Average Recall     (AR) @[ IoU=0.50:0.95 | area=   all | maxDets= 10 ] = 0.348
 Average Recall     (AR) @[ IoU=0.50:0.95 | area=   all | maxDets=100 ] = 0.348
 Average Recall     (AR) @[ IoU=0.50:0.95 | area= small | maxDets=100 ] = -1.000
 Average Recall     (AR) @[ IoU=0.50:0.95 | area=medium | maxDets=100 ] = 0.168
 Average Recall     (AR) @[ IoU=0.50:0.95 | area= large | maxDets=100 ] = 0.556
[I 2026-02-24 02:53:37,636] Trial 44 finished with value: 0.47841227176164236 and parameters: {'alpha': 3.894987552355071, 'mean_rho': 0.2742458341009312, 'variance_rho': 0.08971709294166161, 'std_bias': 1.2984155373532984, 'hue_threshold': 24.664374988993963, 'value_ratio_min': 0.36441179498133297, 'value_ratio_max': 0.9197928137996189, 'saturation_diff_threshold': 37.23792936544791}. Best is trial 27 with value: 0.6218635226564296.
creating index...
index created!
Loading and preparing results...
DONE (t=0.03s)
creating index...
index created!
Running per image evaluation...
Evaluate annotation type *bbox*
DONE (t=2.71s).
Accumulating evaluation results...
DONE (t=0.64s).
 Average Precision  (AP) @[ IoU=0.50:0.95 | area=   all | maxDets=100 ] = 0.113
 Average Precision  (AP) @[ IoU=0.50      | area=   all | maxDets=100 ] = 0.281
 Average Precision  (AP) @[ IoU=0.75      | area=   all | maxDets=100 ] = 0.072
 Average Precision  (AP) @[ IoU=0.50:0.95 | area= small | maxDets=100 ] = -1.000
 Average Precision  (AP) @[ IoU=0.50:0.95 | area=medium | maxDets=100 ] = 0.059
 Average Precision  (AP) @[ IoU=0.50:0.95 | area= large | maxDets=100 ] = 0.198
 Average Recall     (AR) @[ IoU=0.50:0.95 | area=   all | maxDets=  1 ] = 0.153
 Average Recall     (AR) @[ IoU=0.50:0.95 | area=   all | maxDets= 10 ] = 0.301
 Average Recall     (AR) @[ IoU=0.50:0.95 | area=   all | maxDets=100 ] = 0.302
 Average Recall     (AR) @[ IoU=0.50:0.95 | area= small | maxDets=100 ] = -1.000
 Average Recall     (AR) @[ IoU=0.50:0.95 | area=medium | maxDets=100 ] = 0.257
 Average Recall     (AR) @[ IoU=0.50:0.95 | area= large | maxDets=100 ] = 0.353
[I 2026-02-24 03:02:21,803] Trial 52 finished with value: 0.2805474520108426 and parameters: {'alpha': 2.451382803052626, 'mean_rho': 0.2776342853302051, 'variance_rho': 0.09665728626370998, 'std_bias': 1.6485402900868886, 'hue_threshold': 28.1010486340747, 'value_ratio_min': 0.479133693441404, 'value_ratio_max': 0.9583895083195596, 'saturation_diff_threshold': 15.257993751542141}. Best is trial 27 with value: 0.6218635226564296.
creating index...
index created!
Loading and preparing results...
DONE (t=0.01s)
creating index...
index created!
Running per image evaluation...
Evaluate annotation type *bbox*
DONE (t=1.78s).
Accumulating evaluation results...
DONE (t=0.33s).
 Average Precision  (AP) @[ IoU=0.50:0.95 | area=   all | maxDets=100 ] = 0.248
 Average Precision  (AP) @[ IoU=0.50      | area=   all | maxDets=100 ] = 0.532
 Average Precision  (AP) @[ IoU=0.75      | area=   all | maxDets=100 ] = 0.200
 Average Precision  (AP) @[ IoU=0.50:0.95 | area= small | maxDets=100 ] = -1.000
 Average Precision  (AP) @[ IoU=0.50:0.95 | area=medium | maxDets=100 ] = 0.174
 Average Precision  (AP) @[ IoU=0.50:0.95 | area= large | maxDets=100 ] = 0.347
 Average Recall     (AR) @[ IoU=0.50:0.95 | area=   all | maxDets=  1 ] = 0.191
 Average Recall     (AR) @[ IoU=0.50:0.95 | area=   all | maxDets= 10 ] = 0.371
 Average Recall     (AR) @[ IoU=0.50:0.95 | area=   all | maxDets=100 ] = 0.371
 Average Recall     (AR) @[ IoU=0.50:0.95 | area= small | maxDets=100 ] = -1.000
 Average Recall     (AR) @[ IoU=0.50:0.95 | area=medium | maxDets=100 ] = 0.293
 Average Recall     (AR) @[ IoU=0.50:0.95 | area= large | maxDets=100 ] = 0.463
[I 2026-02-24 03:09:41,466] Trial 60 finished with value: 0.532319687982058 and parameters: {'alpha': 2.8323650028140666, 'mean_rho': 0.16387192371214374, 'variance_rho': 0.03336710226255164, 'std_bias': 1.8658163942024923, 'hue_threshold': 15.383776670526306, 'value_ratio_min': 0.38842629119575706, 'value_ratio_max': 0.9060005995025917, 'saturation_diff_threshold': 24.001244242797178}. Best is trial 27 with value: 0.6218635226564296.
creating index...
index created!
Loading and preparing results...
DONE (t=0.03s)
creating index...
index created!
Running per image evaluation...
Evaluate annotation type *bbox*
DONE (t=2.34s).
Accumulating evaluation results...
DONE (t=0.62s).
 Average Precision  (AP) @[ IoU=0.50:0.95 | area=   all | maxDets=100 ] = 0.129
 Average Precision  (AP) @[ IoU=0.50      | area=   all | maxDets=100 ] = 0.301
 Average Precision  (AP) @[ IoU=0.75      | area=   all | maxDets=100 ] = 0.097
 Average Precision  (AP) @[ IoU=0.50:0.95 | area= small | maxDets=100 ] = -1.000
 Average Precision  (AP) @[ IoU=0.50:0.95 | area=medium | maxDets=100 ] = 0.073
 Average Precision  (AP) @[ IoU=0.50:0.95 | area= large | maxDets=100 ] = 0.212
 Average Recall     (AR) @[ IoU=0.50:0.95 | area=   all | maxDets=  1 ] = 0.144
 Average Recall     (AR) @[ IoU=0.50:0.95 | area=   all | maxDets= 10 ] = 0.280
 Average Recall     (AR) @[ IoU=0.50:0.95 | area=   all | maxDets=100 ] = 0.280
 Average Recall     (AR) @[ IoU=0.50:0.95 | area= small | maxDets=100 ] = -1.000
 Average Recall     (AR) @[ IoU=0.50:0.95 | area=medium | maxDets=100 ] = 0.246
 Average Recall     (AR) @[ IoU=0.50:0.95 | area= large | maxDets=100 ] = 0.319
[I 2026-02-24 03:18:39,941] Trial 68 finished with value: 0.3009847582696328 and parameters: {'alpha': 2.1697397249308796, 'mean_rho': 0.25699311330537966, 'variance_rho': 0.06943441622316868, 'std_bias': 2.0288755110101753, 'hue_threshold': 29.99705006295868, 'value_ratio_min': 0.5189613932326654, 'value_ratio_max': 0.9378192051548686, 'saturation_diff_threshold': 29.780501426082843}. Best is trial 27 with value: 0.6218635226564296.
creating index...
index created!
Loading and preparing results...
DONE (t=0.01s)
creating index...
index created!
Running per image evaluation...
Evaluate annotation type *bbox*
DONE (t=1.58s).
Accumulating evaluation results...
DONE (t=0.29s).
 Average Precision  (AP) @[ IoU=0.50:0.95 | area=   all | maxDets=100 ] = 0.297
 Average Precision  (AP) @[ IoU=0.50      | area=   all | maxDets=100 ] = 0.561
 Average Precision  (AP) @[ IoU=0.75      | area=   all | maxDets=100 ] = 0.273
 Average Precision  (AP) @[ IoU=0.50:0.95 | area= small | maxDets=100 ] = -1.000
 Average Precision  (AP) @[ IoU=0.50:0.95 | area=medium | maxDets=100 ] = 0.121
 Average Precision  (AP) @[ IoU=0.50:0.95 | area= large | maxDets=100 ] = 0.523
 Average Recall     (AR) @[ IoU=0.50:0.95 | area=   all | maxDets=  1 ] = 0.218
 Average Recall     (AR) @[ IoU=0.50:0.95 | area=   all | maxDets= 10 ] = 0.407
 Average Recall     (AR) @[ IoU=0.50:0.95 | area=   all | maxDets=100 ] = 0.407
 Average Recall     (AR) @[ IoU=0.50:0.95 | area= small | maxDets=100 ] = -1.000
 Average Recall     (AR) @[ IoU=0.50:0.95 | area=medium | maxDets=100 ] = 0.213
 Average Recall     (AR) @[ IoU=0.50:0.95 | area= large | maxDets=100 ] = 0.633
