[I 2026-02-23 23:04:34,404] Using an existing study with name 'adaptive_no_temporal' instead of creating a new one.
Loading annotations and video...
Starting optimization for study 'adaptive_no_temporal'
Using temporal detector: False
Database: optuna_adaptive_no_temporal.db
Number of trials: 25

To run in parallel, execute this same command in multiple terminals.
--------------------------------------------------------------------------------
  0%|          | 0/25 [00:00<?, ?it/s]  0%|          | 0/25 [09:45<?, ?it/s]
creating index...
index created!
Loading and preparing results...
DONE (t=0.04s)
creating index...
index created!
Running per image evaluation...
Evaluate annotation type *bbox*
DONE (t=3.64s).
Accumulati                                                                                      Best trial: 4. Best value: 0.577214:   4%|▍         | 1/25 [14:18<2:47:25, 418.54s/it]Best trial: 4. Best value: 0.577214:   4%|▍         | 1/25 [14:18<2:47:25, 418.54s/it]Best trial: 4. Best value: 0.577214:   8%|▊         | 2/25 [14:18<2:45:12, 430.96s/it]                                                                                      Best trial: 4. Best value: 0.577214:   8%|▊         | 2/25 [21:03<2:45:12, 430.96s/it]Best trial: 20. Best value: 0.620775:   8%|▊         | 2/25 [21:03<2:45:12, 430.96s/it]Best trial: 20. Best value: 0.620775:  12%|█▏        | 3/25 [21:03<2:33:44, 419.30s/it]                                                                                       Best trial: 20. Best value: 0.620775:  12%|█▏        | 3/25 [29:59<2:33:44, 419.30s/it]Best trial: 28. Best value: 0.627253:  12%|█▏        | 3/25 [29:59<2:33:44, 419.30s/it]Best trial: 28. Best value: 0.627253:  16%|█▌        | 4/25 [29:59<2:42:53, 465.38s/it]                                                                                       creating index...
index created!
Loading and preparing results...
DONE (t=0.01s)
creating index...
index created!
Running per image evaluation...
Evaluate annotation type *bbox*
DONE (t=2.23s).
Accumulating evaluation results...
DONE (t=0.30s).
 Average Precision  (AP) @[ IoU=0.50:0.95 | area=   all | maxDets=100 ] = 0.336
 Average Precision  (AP) @[ IoU=0.50      | area=   all | maxDets=100 ] = 0.577
 Average Precision  (AP) @[ IoU=0.75      | area=   all | maxDets=100 ] = 0.344
 Average Precision  (AP) @[ IoU=0.50:0.95 | area= small | maxDets=100 ] = -1.000
 Average Precision  (AP) @[ IoU=0.50:0.95 | area=medium | maxDets=100 ] = 0.198
 Average Precision  (AP) @[ IoU=0.50:0.95 | area= large | maxDets=100 ] = 0.492
 Average Recall     (AR) @[ IoU=0.50:0.95 | area=   all | maxDets=  1 ] = 0.227
 Average Recall     (AR) @[ IoU=0.50:0.95 | area=   all | maxDets= 10 ] = 0.429
 Average Recall     (AR) @[ IoU=0.50:0.95 | area=   all | maxDets=100 ] = 0.429
 Average Recall     (AR) @[ IoU=0.50:0.95 | area= small | maxDets=100 ] = -1.000
 Average Recall     (AR) @[ IoU=0.50:0.95 | area=medium | maxDets=100 ] = 0.292
 Average Recall     (AR) @[ IoU=0.50:0.95 | area= large | maxDets=100 ] = 0.588
[I 2026-02-23 23:11:32,955] Trial 4 finished with value: 0.5772143188656536 and parameters: {'alpha': 3.3542812402827944, 'mean_rho': 0.3268814641881114, 'variance_rho': 0.008679384657484815, 'std_bias': 2.9835561798163868, 'hue_threshold': 8.024055187314698, 'value_ratio_min': 0.551695182751397, 'value_ratio_max': 0.9987866566274748, 'saturation_diff_threshold': 18.915457464400998}. Best is trial 4 with value: 0.5772143188656536.
creating index...
index created!
Loading and preparing results...
DONE (t=0.02s)
creating index...
index created!
Running per image evaluation...
Evaluate annotation type *bbox*
DONE (t=1.71s).
Accumulating evaluation results...
DONE (t=0.32s).
 Average Precision  (AP) @[ IoU=0.50:0.95 | area=   all | maxDets=100 ] = 0.292
 Average Precision  (AP) @[ IoU=0.50      | area=   all | maxDets=100 ] = 0.515
 Average Precision  (AP) @[ IoU=0.75      | area=   all | maxDets=100 ] = 0.291
 Average Precision  (AP) @[ IoU=0.50:0.95 | area= small | maxDets=100 ] = -1.000
 Average Precision  (AP) @[ IoU=0.50:0.95 | area=medium | maxDets=100 ] = 0.202
 Average Precision  (AP) @[ IoU=0.50:0.95 | area= large | maxDets=100 ] = 0.399
 Average Recall     (AR) @[ IoU=0.50:0.95 | area=   all | maxDets=  1 ] = 0.207
 Average Recall     (AR) @[ IoU=0.50:0.95 | area=   all | maxDets= 10 ] = 0.412
 Average Recall     (AR) @[ IoU=0.50:0.95 | area=   all | maxDets=100 ] = 0.412
 Average Recall     (AR) @[ IoU=0.50:0.95 | area= small | maxDets=100 ] = -1.000
 Average Recall     (AR) @[ IoU=0.50:0.95 | area=medium | maxDets=100 ] = 0.316
 Average Recall     (AR) @[ IoU=0.50:0.95 | area= large | maxDets=100 ] = 0.524
[I 2026-02-23 23:18:52,618] Trial 12 finished with value: 0.5151706248018099 and parameters: {'alpha': 1.4171172792606366, 'mean_rho': 0.06361774428999835, 'variance_rho': 0.24731146978705218, 'std_bias': 4.523873514769344, 'hue_threshold': 28.532206991882735, 'value_ratio_min': 0.48284101892304687, 'value_ratio_max': 0.9641679027254857, 'saturation_diff_threshold': 48.65131702410832}. Best is trial 4 with value: 0.5772143188656536.
creating index...
index created!
Loading and preparing results...
DONE (t=0.01s)
creating index...
index created!
Running per image evaluation...
Evaluate annotation type *bbox*
DONE (t=2.03s).
Accumulating evaluation results...
DONE (t=0.32s).
 Average Precision  (AP) @[ IoU=0.50:0.95 | area=   all | maxDets=100 ] = 0.363
 Average Precision  (AP) @[ IoU=0.50      | area=   all | maxDets=100 ] = 0.621
 Average Precision  (AP) @[ IoU=0.75      | area=   all | maxDets=100 ] = 0.388
 Average Precision  (AP) @[ IoU=0.50:0.95 | area= small | maxDets=100 ] = -1.000
 Average Precision  (AP) @[ IoU=0.50:0.95 | area=medium | maxDets=100 ] = 0.230
 Average Precision  (AP) @[ IoU=0.50:0.95 | area= large | maxDets=100 ] = 0.520
 Average Recall     (AR) @[ IoU=0.50:0.95 | area=   all | maxDets=  1 ] = 0.247
 Average Recall     (AR) @[ IoU=0.50:0.95 | area=   all | maxDets= 10 ] = 0.472
 Average Recall     (AR) @[ IoU=0.50:0.95 | area=   all | maxDets=100 ] = 0.472
 Average Recall     (AR) @[ IoU=0.50:0.95 | area= small | maxDets=100 ] = -1.000
 Average Recall     (AR) @[ IoU=0.50:0.95 | area=medium | maxDets=100 ] = 0.342
 Average Recall     (AR) @[ IoU=0.50:0.95 | area= large | maxDets=100 ] = 0.624
[I 2026-02-23 23:25:38,025] Trial 20 finished with value: 0.6207753365503557 and parameters: {'alpha': 2.2422601700401774, 'mean_rho': 0.1944015567939633, 'variance_rho': 0.10118004694330474, 'std_bias': 3.3813114454949744, 'hue_threshold': 14.09452981790705, 'value_ratio_min': 0.3050162332393688, 'value_ratio_max': 0.9639848422230766, 'saturation_diff_threshold': 33.98392047587352}. Best is trial 20 with value: 0.6207753365503557.
creating index...
index created!
Loading and preparing results...
DONE (t=0.02s)
creating index...
index created!
Running per image evaluation...
Evaluate annotation type *bbox*
DONE (t=1.77s).
Accumulating evaluation results...
DONE (t=0.27s).
 Average Precision  (AP) @[ IoU=0.50:0.95 | area=   all | maxDets=100 ] = 0.020
 Average Precision  (AP) @[ IoU=0.50      | area=   all | maxDets=100 ] = 0.039
 Average Precision  (AP) @[ IoU=0.75      | area=   all | maxDets=100 ] = 0.016
 Average Precision  (AP) @[ IoU=0.50:0.95 | area= small | maxDets=100 ] = -1.000
 Average Precision  (AP) @[ IoU=0.50:0.95 | area=medium | maxDets=100 ] = 0.002
 Average Precision  (AP) @[ IoU=0.50:0.95 | area= large | maxDets=100 ] = 0.039
 Average Recall     (AR) @[ IoU=0.50:0.95 | area=   all | maxDets=  1 ] = 0.013
 Average Recall     (AR) @[ IoU=0.50:0.95 | area=   all | maxDets= 10 ] = 0.037
 Average Recall     (AR) @[ IoU=0.50:0.95 | area=   all | maxDets=100 ] = 0.039
 Average Recall     (AR) @[ IoU=0.50:0.95 | area= small | maxDets=100 ] = -1.000
 Average Recall     (AR) @[ IoU=0.50:0.95 | area=medium | maxDets=100 ] = 0.016
 Average Recall     (AR) @[ IoU=0.50:0.95 | area= large | maxDets=100 ] = 0.066
[I 2026-02-23 23:34:34,053] Trial 25 finished with value: 0.039437177571194866 and parameters: {'alpha': 2.0824128803864292, 'mean_rho': 0.1375653231746567, 'variance_rho': 0.06497665820699894, 'std_bias': 0.0038700863062395285, 'hue_threshold': 15.044070459553602, 'value_ratio_min': 0.30281377244471486, 'value_ratio_max': 0.9448718871756144, 'saturation_diff_threshold': 31.018401199954454}. Best is trial 28 with value: 0.6272534500190091.
creating index...
index created!
Loading and preparing results...
DONE (t=0.21s)
creating index...
index created!
Running per image evaluation...
Evaluate annotation type *bbox*
DONE (t=2.05s).
Accumulating evaluation results...
DONE (t=0.33s).
 Average Precision  (AP) @[ IoU=0.50:0.95 | area=   all | maxDets=100 ] = 0.268
 Average Precision  (AP) @[ IoU=0.50      | area=   all | maxDets=100 ] = 0.551
 Average Precision  (AP) @[ IoU=0.75      | area=   all | maxDets=100 ] = 0.227
 Average Precision  (AP) @[ IoU=0.50:0.95 | area= small | maxDets=100 ] = -1.000
 Average Precision  (AP) @[ IoU=0.50:0.95 | area=medium | maxDets=100 ] = 0.233
 Average Precision  (AP) @[ IoU=0.50:0.95 | area= large | maxDets=100 ] = 0.326
 Average Recall     (AR) @[ IoU=0.50:0.95 | area=   all | maxDets=  1 ] = 0.224
 Average Recall     (AR) @[ IoU=0.50:0.95 | area=   all | maxDets= 10 ] = 0.411
 Average Recall     (AR) @[ IoU=0.50:0.95 | area=   all | maxDets=100 ] = 0.411
 Average Recall     (AR) @[ IoU=0.50:0.95 | area= small | maxDets=100 ] = -1.000
 Average Recall     (AR) @[ IoU=0.50:0.95 | area=medium | maxDets=100 ] = 0.355
 Average Recall     (AR) @[ IoU=0.50:0.95 | area= large | maxDets=100 ] = 0.476
[I 2026-02-23 23:41:31,971] Trial 36 finished with value: 0.5509286430031828 and parameters: {'alpha': 1.824309486855653, 'mean_rho': 0.08066982730682734, 'variance_rho': 0.1424190521367128, 'std_bias': 4.197395197190125, 'hue_threshold': 16.959711643268566, 'value_ratio_min': 0.3946463671629052, 'value_ratio_max': 0.8037961485110376, 'saturation_diff_threshold': 38.34999889899592}. Best is trial 30 with value: 0.6389572906776438.Best trial: 28. Best value: 0.627253:  16%|█▌        | 4/25 [36:57<2:42:53, 465.38s/it]Best trial: 30. Best value: 0.638957:  16%|█▌        | 4/25 [36:57<2:42:53, 465.38s/it]Best trial: 30. Best value: 0.638957:  20%|██        | 5/25 [36:57<2:29:25, 448.27s/it]                                                                                       Best trial: 30. Best value: 0.638957:  20%|██        | 5/25 [43:46<2:29:25, 448.27s/it]Best trial: 30. Best value: 0.638957:  20%|██        | 5/25 [43:46<2:29:25, 448.27s/it]Best trial: 30. Best value: 0.638957:  24%|██▍       | 6/25 [43:46<2:17:43, 434.91s/it]                                                                                       Best trial: 30. Best value: 0.638957:  24%|██▍       | 6/25 [50:31<2:17:43, 434.91s/it]Best trial: 30. Best value: 0.638957:  24%|██▍       | 6/25 [50:31<2:17:43, 434.91s/it]Best trial: 30. Best value: 0.638957:  28%|██▊       | 7/25 [50:31<2:07:30, 425.04s/it]                                                                                       Best trial: 30. Best value: 0.638957:  28%|██▊       | 7/25 [57:13<2:07:30, 425.04s/it]Best trial: 30. Best value: 0.638957:  28%|██▊       | 7/25 [57:13<2:07:30, 425.04s/it]Best trial: 30. Best value: 0.638957:  32%|███▏      | 8/25 [57:13<1:58:24, 417.93s/it]                                                                                       Best trial: 30. Best value: 0.638957:  32%|███▏      | 8/25 [1:03:59<1:58:24, 417.93s/it]Best trial: 30. Best value: 0.638957:  32%|███▏      | 8/25 [1:03:59<1:58:24, 417.93s/it]Best trial: 30. Best value: 0.638957:  36%|███▌      | 9/25 [1:03:59<1:50:23, 413.98s/it]                                                                                         
creating index...
index created!
Loading and preparing results...
DONE (t=0.01s)
creating index...
index created!
Running per image evaluation...
Evaluate annotation type *bbox*
DONE (t=2.16s).
Accumulating evaluation results...
DONE (t=0.30s).
 Average Precision  (AP) @[ IoU=0.50:0.95 | area=   all | maxDets=100 ] = 0.340
 Average Precision  (AP) @[ IoU=0.50      | area=   all | maxDets=100 ] = 0.574
 Average Precision  (AP) @[ IoU=0.75      | area=   all | maxDets=100 ] = 0.337
 Average Precision  (AP) @[ IoU=0.50:0.95 | area= small | maxDets=100 ] = -1.000
 Average Precision  (AP) @[ IoU=0.50:0.95 | area=medium | maxDets=100 ] = 0.155
 Average Precision  (AP) @[ IoU=0.50:0.95 | area= large | maxDets=100 ] = 0.567
 Average Recall     (AR) @[ IoU=0.50:0.95 | area=   all | maxDets=  1 ] = 0.246
 Average Recall     (AR) @[ IoU=0.50:0.95 | area=   all | maxDets= 10 ] = 0.448
 Average Recall     (AR) @[ IoU=0.50:0.95 | area=   all | maxDets=100 ] = 0.448
 Average Recall     (AR) @[ IoU=0.50:0.95 | area= small | maxDets=100 ] = -1.000
 Average Recall     (AR) @[ IoU=0.50:0.95 | area=medium | maxDets=100 ] = 0.254
 Average Recall     (AR) @[ IoU=0.50:0.95 | area= large | maxDets=100 ] = 0.673
[I 2026-02-23 23:48:20,969] Trial 43 finished with value: 0.5735504034368133 and parameters: {'alpha': 2.8851376911376483, 'mean_rho': 0.18076857716509576, 'variance_rho': 0.10244612466611969, 'std_bias': 2.907073857656629, 'hue_threshold': 20.922905568538724, 'value_ratio_min': 0.3785314735080394, 'value_ratio_max': 0.9103093181819768, 'saturation_diff_threshold': 22.854420070902137}. Best is trial 30 with value: 0.6389572906776438.
creating index...
index created!
Loading and preparing results...
DONE (t=0.01s)
creating index...
index created!
Running per image evaluation...
Evaluate annotation type *bbox*
DONE (t=2.19s).
Accumulating evaluation results...
DONE (t=0.33s).
 Average Precision  (AP) @[ IoU=0.50:0.95 | area=   all | maxDets=100 ] = 0.397
 Average Precision  (AP) @[ IoU=0.50      | area=   all | maxDets=100 ] = 0.621
 Average Precision  (AP) @[ IoU=0.75      | area=   all | maxDets=100 ] = 0.429
 Average Precision  (AP) @[ IoU=0.50:0.95 | area= small | maxDets=100 ] = -1.000
 Average Precision  (AP) @[ IoU=0.50:0.95 | area=medium | maxDets=100 ] = 0.243
 Average Precision  (AP) @[ IoU=0.50:0.95 | area= large | maxDets=100 ] = 0.575
 Average Recall     (AR) @[ IoU=0.50:0.95 | area=   all | maxDets=  1 ] = 0.253
 Average Recall     (AR) @[ IoU=0.50:0.95 | area=   all | maxDets= 10 ] = 0.493
 Average Recall     (AR) @[ IoU=0.50:0.95 | area=   all | maxDets=100 ] = 0.493
 Average Recall     (AR) @[ IoU=0.50:0.95 | area= small | maxDets=100 ] = -1.000
 Average Recall     (AR) @[ IoU=0.50:0.95 | area=medium | maxDets=100 ] = 0.337
 Average Recall     (AR) @[ IoU=0.50:0.95 | area= large | maxDets=100 ] = 0.674
[I 2026-02-23 23:55:05,703] Trial 51 finished with value: 0.6212019143368741 and parameters: {'alpha': 2.5269798620760593, 'mean_rho': 0.2723446833489319, 'variance_rho': 0.02730025566593039, 'std_bias': 4.558768739057624, 'hue_threshold': 18.41541328244097, 'value_ratio_min': 0.45379252480011556, 'value_ratio_max': 0.8936180966792716, 'saturation_diff_threshold': 29.611881639111786}. Best is trial 30 with value: 0.6389572906776438.
creating index...
index created!
Loading and preparing results...
DONE (t=0.01s)
creating index...
index created!
Running per image evaluation...
Evaluate annotation type *bbox*
DONE (t=2.12s).
Accumulating evaluation results...
DONE (t=0.30s).
 Average Precision  (AP) @[ IoU=0.50:0.95 | area=   all | maxDets=100 ] = 0.364
 Average Precision  (AP) @[ IoU=0.50      | area=   all | maxDets=100 ] = 0.594
 Average Precision  (AP) @[ IoU=0.75      | area=   all | maxDets=100 ] = 0.373
 Average Precision  (AP) @[ IoU=0.50:0.95 | area= small | maxDets=100 ] = -1.000
 Average Precision  (AP) @[ IoU=0.50:0.95 | area=medium | maxDets=100 ] = 0.176
 Average Precision  (AP) @[ IoU=0.50:0.95 | area= large | maxDets=100 ] = 0.591
 Average Recall     (AR) @[ IoU=0.50:0.95 | area=   all | maxDets=  1 ] = 0.247
 Average Recall     (AR) @[ IoU=0.50:0.95 | area=   all | maxDets= 10 ] = 0.467
 Average Recall     (AR) @[ IoU=0.50:0.95 | area=   all | maxDets=100 ] = 0.467
 Average Recall     (AR) @[ IoU=0.50:0.95 | area= small | maxDets=100 ] = -1.000
 Average Recall     (AR) @[ IoU=0.50:0.95 | area=medium | maxDets=100 ] = 0.273
 Average Recall     (AR) @[ IoU=0.50:0.95 | area= large | maxDets=100 ] = 0.694
[I 2026-02-24 00:01:48,386] Trial 59 finished with value: 0.5935244662401751 and parameters: {'alpha': 3.124086563564508, 'mean_rho': 0.30808635466019746, 'variance_rho': 0.02991111515032511, 'std_bias': 3.942569388996132, 'hue_threshold': 17.78504478550771, 'value_ratio_min': 0.4527326914563866, 'value_ratio_max': 0.9266750677966563, 'saturation_diff_threshold': 25.25187935277976}. Best is trial 30 with value: 0.6389572906776438.
creating index...
index created!
Loading and preparing results...
DONE (t=0.01s)
creating index...
index created!
Running per image evaluation...
Evaluate annotation type *bbox*
DONE (t=1.56s).
Accumulating evaluation results...
DONE (t=0.28s).
 Average Precision  (AP) @[ IoU=0.50:0.95 | area=   all | maxDets=100 ] = 0.120
 Average Precision  (AP) @[ IoU=0.50      | area=   all | maxDets=100 ] = 0.236
 Average Precision  (AP) @[ IoU=0.75      | area=   all | maxDets=100 ] = 0.100
 Average Precision  (AP) @[ IoU=0.50:0.95 | area= small | maxDets=100 ] = -1.000
 Average Precision  (AP) @[ IoU=0.50:0.95 | area=medium | maxDets=100 ] = 0.048
 Average Precision  (AP) @[ IoU=0.50:0.95 | area= large | maxDets=100 ] = 0.232
 Average Recall     (AR) @[ IoU=0.50:0.95 | area=   all | maxDets=  1 ] = 0.129
 Average Recall     (AR) @[ IoU=0.50:0.95 | area=   all | maxDets= 10 ] = 0.223
 Average Recall     (AR) @[ IoU=0.50:0.95 | area=   all | maxDets=100 ] = 0.223
 Average Recall     (AR) @[ IoU=0.50:0.95 | area= small | maxDets=100 ] = -1.000
 Average Recall     (AR) @[ IoU=0.50:0.95 | area=medium | maxDets=100 ] = 0.098
 Average Recall     (AR) @[ IoU=0.50:0.95 | area= large | maxDets=100 ] = 0.368
[I 2026-02-24 00:08:33,693] Trial 66 finished with value: 0.2357219501818527 and parameters: {'alpha': 3.4014962628996663, 'mean_rho': 0.022513319581817, 'variance_rho': 0.0776240422767294, 'std_bias': 4.370479580132722, 'hue_threshold': 22.774260712031438, 'value_ratio_min': 0.5223966722717851, 'value_ratio_max': 0.879037197872771, 'saturation_diff_threshold': 40.91879523354349}. Best is trial 30 with value: 0.6389572906776438.
creating index...
index created!
Loading and preparing results...
DONE (t=0.01s)
creating index...
index created!
Running per image evaluation...
Evaluate annotation type *bbox*
DONE (t=1.94s).
Accumulating evaluation results...
DONE (t=0.30s).
 Average Precision  (AP) @[ IoU=0.50:0.95 | area=   all | maxDets=100 ] = 0.309
 Average Precision  (AP) @[ IoU=0.50      | area=   all | maxDets=100 ] = 0.584
 Average Precision  (AP) @[ IoU=0.75      | area=   all | maxDets=100 ] = 0.281
 Average Precision  (AP) @[ IoU=0.50:0.95 | area= small | maxDets=100 ] = -1.000
 Average Precision  (AP) @[ IoU=0.50:0.95 | area=medium | maxDets=100 ] = 0.231
 Average Precision  (AP) @[ IoU=0.50:0.95 | area= large | maxDets=100 ] = 0.411
 Average Recall     (AR) @[ IoU=0.50:0.95 | area=   all | maxDets=  1 ] = 0.235
 Average Recall     (AR) @[ IoU=0.50:0.95 | area=   all | maxDets= 10 ] = 0.446
 Average Recall     (AR) @[ IoU=0.50:0.95 | area=   all | maxDets=100 ] = 0.446
 Average Recall     (AR) @[ IoU=0.50:0.95 | area= small | maxDets=100 ] = -1.000
 Average Recall     (AR) @[ IoU=0.50:0.95 | area=medium | maxDets=100 ] = 0.353
 Average Recall     (AR) @[ IoU=0.50:0.95 | area= large | maxDets=100 ] = 0.552
