[I 2026-02-24 03:25:50,935] Trial 77 finished with value: 0.6104317053277086 and parameters: {'alpha': 2.9740963235324336, 'mean_rho': 0.11037917133489519, 'variance_rho': 0.044663802070382105, 'std_bias': 2.998972053261708, 'hue_threshold': 25.660971613779537, 'value_ratio_min': 0.443350757525234, 'value_ratio_max': 0.9742014404464159, 'saturation_diff_threshold': 20.917547596155647}. Best is trial 27 with value: 0.6218635226564296.Best trial: 27. Best value: 0.621864:  36%|███▌      | 9/25 [1:20:25<2:02:59, 461.21s/it]Best trial: 27. Best value: 0.621864:  36%|███▌      | 9/25 [1:20:25<2:02:59, 461.21s/it]Best trial: 27. Best value: 0.621864:  40%|████      | 10/25 [1:20:25<1:53:55, 455.68s/it]                                                                                          Best trial: 27. Best value: 0.621864:  40%|████      | 10/25 [1:27:34<1:53:55, 455.68s/it]Best trial: 27. Best value: 0.621864:  40%|████      | 10/25 [1:27:34<1:53:55, 455.68s/it]Best trial: 27. Best value: 0.621864:  44%|████▍     | 11/25 [1:27:34<1:44:23, 447.39s/it]                                                                                          Best trial: 27. Best value: 0.621864:  44%|████▍     | 11/25 [1:34:45<1:44:23, 447.39s/it]Best trial: 27. Best value: 0.621864:  44%|████▍     | 11/25 [1:34:45<1:44:23, 447.39s/it]Best trial: 27. Best value: 0.621864:  48%|████▊     | 12/25 [1:34:45<1:35:54, 442.69s/it]                                                                                          Best trial: 27. Best value: 0.621864:  48%|████▊     | 12/25 [1:41:55<1:35:54, 442.69s/it]Best trial: 27. Best value: 0.621864:  48%|████▊     | 12/25 [1:41:55<1:35:54, 442.69s/it]Best trial: 27. Best value: 0.621864:  52%|█████▏    | 13/25 [1:41:55<1:27:45, 438.82s/it]                                                                                          Best trial: 27. Best value: 0.621864:  52%|█████▏    | 13/25 [1:49:20<1:27:45, 438.82s/it]Best trial: 27. Best value: 0.621864:  52%|█████▏    | 13/25 [1:49:20<1:27:45, 438.82s/it]Best trial: 27. Best value: 0.621864:  56%|█████▌    | 14/25 [1:49:20<1:20:46, 440.55s/it]                                                                                          
creating index...
index created!
Loading and preparing results...
DONE (t=0.01s)
creating index...
index created!
Running per image evaluation...
Evaluate annotation type *bbox*
DONE (t=1.81s).
Accumulating evaluation results...
DONE (t=0.28s).
 Average Precision  (AP) @[ IoU=0.50:0.95 | area=   all | maxDets=100 ] = 0.333
 Average Precision  (AP) @[ IoU=0.50      | area=   all | maxDets=100 ] = 0.618
 Average Precision  (AP) @[ IoU=0.75      | area=   all | maxDets=100 ] = 0.321
 Average Precision  (AP) @[ IoU=0.50:0.95 | area= small | maxDets=100 ] = -1.000
 Average Precision  (AP) @[ IoU=0.50:0.95 | area=medium | maxDets=100 ] = 0.175
 Average Precision  (AP) @[ IoU=0.50:0.95 | area= large | maxDets=100 ] = 0.521
 Average Recall     (AR) @[ IoU=0.50:0.95 | area=   all | maxDets=  1 ] = 0.230
 Average Recall     (AR) @[ IoU=0.50:0.95 | area=   all | maxDets= 10 ] = 0.450
 Average Recall     (AR) @[ IoU=0.50:0.95 | area=   all | maxDets=100 ] = 0.450
 Average Recall     (AR) @[ IoU=0.50:0.95 | area= small | maxDets=100 ] = -1.000
 Average Recall     (AR) @[ IoU=0.50:0.95 | area=medium | maxDets=100 ] = 0.279
 Average Recall     (AR) @[ IoU=0.50:0.95 | area= large | maxDets=100 ] = 0.648
[I 2026-02-24 03:32:59,534] Trial 83 finished with value: 0.6181175719452805 and parameters: {'alpha': 2.6041991495572017, 'mean_rho': 0.06587793069952824, 'variance_rho': 0.04556020093708662, 'std_bias': 2.6563232900436127, 'hue_threshold': 28.835388391432552, 'value_ratio_min': 0.4356955585037579, 'value_ratio_max': 0.9497455052873556, 'saturation_diff_threshold': 44.00892749156716}. Best is trial 27 with value: 0.6218635226564296.
creating index...
index created!
Loading and preparing results...
DONE (t=0.01s)
creating index...
index created!
Running per image evaluation...
Evaluate annotation type *bbox*
DONE (t=1.52s).
Accumulating evaluation results...
DONE (t=0.30s).
 Average Precision  (AP) @[ IoU=0.50:0.95 | area=   all | maxDets=100 ] = 0.214
 Average Precision  (AP) @[ IoU=0.50      | area=   all | maxDets=100 ] = 0.424
 Average Precision  (AP) @[ IoU=0.75      | area=   all | maxDets=100 ] = 0.183
 Average Precision  (AP) @[ IoU=0.50:0.95 | area= small | maxDets=100 ] = -1.000
 Average Precision  (AP) @[ IoU=0.50:0.95 | area=medium | maxDets=100 ] = 0.083
 Average Precision  (AP) @[ IoU=0.50:0.95 | area= large | maxDets=100 ] = 0.393
 Average Recall     (AR) @[ IoU=0.50:0.95 | area=   all | maxDets=  1 ] = 0.182
 Average Recall     (AR) @[ IoU=0.50:0.95 | area=   all | maxDets= 10 ] = 0.324
 Average Recall     (AR) @[ IoU=0.50:0.95 | area=   all | maxDets=100 ] = 0.324
 Average Recall     (AR) @[ IoU=0.50:0.95 | area= small | maxDets=100 ] = -1.000
 Average Recall     (AR) @[ IoU=0.50:0.95 | area=medium | maxDets=100 ] = 0.155
 Average Recall     (AR) @[ IoU=0.50:0.95 | area= large | maxDets=100 ] = 0.521
[I 2026-02-24 03:40:11,480] Trial 91 finished with value: 0.42430953303515595 and parameters: {'alpha': 2.9357881009922018, 'mean_rho': 0.06304663592660648, 'variance_rho': 0.16444024611897903, 'std_bias': 2.6873739884311387, 'hue_threshold': 28.844718016405334, 'value_ratio_min': 0.4098317522109606, 'value_ratio_max': 0.9688655923176466, 'saturation_diff_threshold': 46.68612801179147}. Best is trial 27 with value: 0.6218635226564296.
creating index...
index created!
Loading and preparing results...
DONE (t=0.01s)
creating index...
index created!
Running per image evaluation...
Evaluate annotation type *bbox*
DONE (t=1.75s).
Accumulating evaluation results...
DONE (t=0.33s).
 Average Precision  (AP) @[ IoU=0.50:0.95 | area=   all | maxDets=100 ] = 0.328
 Average Precision  (AP) @[ IoU=0.50      | area=   all | maxDets=100 ] = 0.605
 Average Precision  (AP) @[ IoU=0.75      | area=   all | maxDets=100 ] = 0.316
 Average Precision  (AP) @[ IoU=0.50:0.95 | area= small | maxDets=100 ] = -1.000
 Average Precision  (AP) @[ IoU=0.50:0.95 | area=medium | maxDets=100 ] = 0.152
 Average Precision  (AP) @[ IoU=0.50:0.95 | area= large | maxDets=100 ] = 0.544
 Average Recall     (AR) @[ IoU=0.50:0.95 | area=   all | maxDets=  1 ] = 0.238
 Average Recall     (AR) @[ IoU=0.50:0.95 | area=   all | maxDets= 10 ] = 0.443
 Average Recall     (AR) @[ IoU=0.50:0.95 | area=   all | maxDets=100 ] = 0.443
 Average Recall     (AR) @[ IoU=0.50:0.95 | area= small | maxDets=100 ] = -1.000
 Average Recall     (AR) @[ IoU=0.50:0.95 | area=medium | maxDets=100 ] = 0.251
 Average Recall     (AR) @[ IoU=0.50:0.95 | area= large | maxDets=100 ] = 0.665
[I 2026-02-24 03:47:21,398] Trial 98 finished with value: 0.6053148025624476 and parameters: {'alpha': 2.752090579831553, 'mean_rho': 0.04356816445445897, 'variance_rho': 0.058365430381914454, 'std_bias': 2.1927550447995907, 'hue_threshold': 23.551078236497503, 'value_ratio_min': 0.40409571383335974, 'value_ratio_max': 0.9372986284281019, 'saturation_diff_threshold': 44.42364252910523}. Best is trial 27 with value: 0.6218635226564296.
creating index...
index created!
Loading and preparing results...
DONE (t=0.01s)
creating index...
index created!
Running per image evaluation...
Evaluate annotation type *bbox*
DONE (t=1.84s).
Accumulating evaluation results...
DONE (t=0.32s).
 Average Precision  (AP) @[ IoU=0.50:0.95 | area=   all | maxDets=100 ] = 0.301
 Average Precision  (AP) @[ IoU=0.50      | area=   all | maxDets=100 ] = 0.574
 Average Precision  (AP) @[ IoU=0.75      | area=   all | maxDets=100 ] = 0.285
 Average Precision  (AP) @[ IoU=0.50:0.95 | area= small | maxDets=100 ] = -1.000
 Average Precision  (AP) @[ IoU=0.50:0.95 | area=medium | maxDets=100 ] = 0.189
 Average Precision  (AP) @[ IoU=0.50:0.95 | area= large | maxDets=100 ] = 0.443
 Average Recall     (AR) @[ IoU=0.50:0.95 | area=   all | maxDets=  1 ] = 0.214
 Average Recall     (AR) @[ IoU=0.50:0.95 | area=   all | maxDets= 10 ] = 0.421
 Average Recall     (AR) @[ IoU=0.50:0.95 | area=   all | maxDets=100 ] = 0.421
 Average Recall     (AR) @[ IoU=0.50:0.95 | area= small | maxDets=100 ] = -1.000
 Average Recall     (AR) @[ IoU=0.50:0.95 | area=medium | maxDets=100 ] = 0.297
 Average Recall     (AR) @[ IoU=0.50:0.95 | area= large | maxDets=100 ] = 0.564
[I 2026-02-24 03:54:45,952] Trial 106 finished with value: 0.5736487751074915 and parameters: {'alpha': 2.5269651262160684, 'mean_rho': 0.09567485244682049, 'variance_rho': 0.018843689947341438, 'std_bias': 2.8733313000681506, 'hue_threshold': 25.16102637475347, 'value_ratio_min': 0.37269950656640477, 'value_ratio_max': 0.9854905683562211, 'saturation_diff_threshold': 44.567183557284714}. Best is trial 27 with value: 0.6218635226564296.
creating index...
index created!
Loading and preparing results...
DONE (t=0.01s)
creating index...
index created!
Running per image evaluation...
Evaluate annotation type *bbox*
DONE (t=1.67s).
Accumulating evaluation results...
DONE (t=0.31s).
 Average Precision  (AP) @[ IoU=0.50:0.95 | area=   all | maxDets=100 ] = 0.278
 Average Precision  (AP) @[ IoU=0.50      | area=   all | maxDets=100 ] = 0.529
 Average Precision  (AP) @[ IoU=0.75      | area=   all | maxDets=100 ] = 0.238
 Average Precision  (AP) @[ IoU=0.50:0.95 | area= small | maxDets=100 ] = -1.000
 Average Precision  (AP) @[ IoU=0.50:0.95 | area=medium | maxDets=100 ] = 0.109
 Average Precision  (AP) @[ IoU=0.50:0.95 | area= large | maxDets=100 ] = 0.502
 Average Recall     (AR) @[ IoU=0.50:0.95 | area=   all | maxDets=  1 ] = 0.213
 Average Recall     (AR) @[ IoU=0.50:0.95 | area=   all | maxDets= 10 ] = 0.394
 Average Recall     (AR) @[ IoU=0.50:0.95 | area=   all | maxDets=100 ] = 0.394
 Average Recall     (AR) @[ IoU=0.50:0.95 | area= small | maxDets=100 ] = -1.000
 Average Recall     (AR) @[ IoU=0.50:0.95 | area=medium | maxDets=100 ] = 0.197
 Average Recall     (AR) @[ IoU=0.50:0.95 | area= large | maxDets=100 ] = 0.622
[I 2026-02-24 04:02:07,704] Trial 114 finished with value: 0.5285335346498322 and parameters: {'alpha': 2.8407617012713753, 'mean_rho': 0.07621516307063889, 'variance_rho': 0.12704647704888888, 'std_bias': 2.526973641161672, 'hue_threshold': 28.293392011324286, 'value_ratio_min': 0.4930995704984349, 'value_ratio_max': 0.9559409802126564, 'saturation_diff_threshold': 42.04038211023302}. Best is trial 27 with value: 0.6218635226564296.Best trial: 27. Best value: 0.621864:  56%|█████▌    | 14/25 [1:56:42<1:20:46, 440.55s/it]Best trial: 27. Best value: 0.621864:  56%|█████▌    | 14/25 [1:56:42<1:20:46, 440.55s/it]Best trial: 27. Best value: 0.621864:  60%|██████    | 15/25 [1:56:42<1:13:29, 440.92s/it]                                                                                          Best trial: 27. Best value: 0.621864:  60%|██████    | 15/25 [2:03:58<1:13:29, 440.92s/it]Best trial: 27. Best value: 0.621864:  60%|██████    | 15/25 [2:03:58<1:13:29, 440.92s/it]Best trial: 27. Best value: 0.621864:  64%|██████▍   | 16/25 [2:03:58<1:05:56, 439.63s/it]                                                                                          Best trial: 27. Best value: 0.621864:  64%|██████▍   | 16/25 [2:11:21<1:05:56, 439.63s/it]Best trial: 27. Best value: 0.621864:  64%|██████▍   | 16/25 [2:11:21<1:05:56, 439.63s/it]Best trial: 27. Best value: 0.621864:  68%|██████▊   | 17/25 [2:11:21<58:44, 440.55s/it]                                                                                          Best trial: 27. Best value: 0.621864:  68%|██████▊   | 17/25 [2:18:35<58:44, 440.55s/it]Best trial: 133. Best value: 0.624677:  68%|██████▊   | 17/25 [2:18:35<58:44, 440.55s/it]Best trial: 133. Best value: 0.624677:  72%|███████▏  | 18/25 [2:18:35<51:09, 438.50s/it]                                                                                         Best trial: 133. Best value: 0.624677:  72%|███████▏  | 18/25 [2:25:54<51:09, 438.50s/it]Best trial: 143. Best value: 0.627429:  72%|███████▏  | 18/25 [2:25:54<51:09, 438.50s/it]Best trial: 143. Best value: 0.627429:  76%|███████▌  | 19/25 [2:25:54<43:52, 438.76s/it]                                                                                         
creating index...
index created!
Loading and preparing results...
DONE (t=0.02s)
creating index...
index created!
Running per image evaluation...
Evaluate annotation type *bbox*
DONE (t=2.08s).
Accumulating evaluation results...
DONE (t=0.30s).
 Average Precision  (AP) @[ IoU=0.50:0.95 | area=   all | maxDets=100 ] = 0.288
 Average Precision  (AP) @[ IoU=0.50      | area=   all | maxDets=100 ] = 0.586
 Average Precision  (AP) @[ IoU=0.75      | area=   all | maxDets=100 ] = 0.248
 Average Precision  (AP) @[ IoU=0.50:0.95 | area= small | maxDets=100 ] = -1.000
 Average Precision  (AP) @[ IoU=0.50:0.95 | area=medium | maxDets=100 ] = 0.185
 Average Precision  (AP) @[ IoU=0.50:0.95 | area= large | maxDets=100 ] = 0.414
 Average Recall     (AR) @[ IoU=0.50:0.95 | area=   all | maxDets=  1 ] = 0.210
 Average Recall     (AR) @[ IoU=0.50:0.95 | area=   all | maxDets= 10 ] = 0.405
 Average Recall     (AR) @[ IoU=0.50:0.95 | area=   all | maxDets=100 ] = 0.405
 Average Recall     (AR) @[ IoU=0.50:0.95 | area= small | maxDets=100 ] = -1.000
 Average Recall     (AR) @[ IoU=0.50:0.95 | area=medium | maxDets=100 ] = 0.296
 Average Recall     (AR) @[ IoU=0.50:0.95 | area= large | maxDets=100 ] = 0.531
[I 2026-02-24 04:09:24,350] Trial 122 finished with value: 0.5857646216127749 and parameters: {'alpha': 2.7399006489168354, 'mean_rho': 0.12125034388026225, 'variance_rho': 0.036411658453812765, 'std_bias': 2.0008892123199806, 'hue_threshold': 29.362348215423015, 'value_ratio_min': 0.358269366925597, 'value_ratio_max': 0.9463100331098093, 'saturation_diff_threshold': 22.83017860245543}. Best is trial 27 with value: 0.6218635226564296.
creating index...
index created!
Loading and preparing results...
DONE (t=0.01s)
creating index...
index created!
Running per image evaluation...
Evaluate annotation type *bbox*
DONE (t=1.83s).
Accumulating evaluation results...
DONE (t=0.65s).
 Average Precision  (AP) @[ IoU=0.50:0.95 | area=   all | maxDets=100 ] = 0.353
 Average Precision  (AP) @[ IoU=0.50      | area=   all | maxDets=100 ] = 0.616
 Average Precision  (AP) @[ IoU=0.75      | area=   all | maxDets=100 ] = 0.349
 Average Precision  (AP) @[ IoU=0.50:0.95 | area= small | maxDets=100 ] = -1.000
 Average Precision  (AP) @[ IoU=0.50:0.95 | area=medium | maxDets=100 ] = 0.172
 Average Precision  (AP) @[ IoU=0.50:0.95 | area= large | maxDets=100 ] = 0.577
 Average Recall     (AR) @[ IoU=0.50:0.95 | area=   all | maxDets=  1 ] = 0.239
 Average Recall     (AR) @[ IoU=0.50:0.95 | area=   all | maxDets= 10 ] = 0.466
 Average Recall     (AR) @[ IoU=0.50:0.95 | area=   all | maxDets=100 ] = 0.466
 Average Recall     (AR) @[ IoU=0.50:0.95 | area= small | maxDets=100 ] = -1.000
 Average Recall     (AR) @[ IoU=0.50:0.95 | area=medium | maxDets=100 ] = 0.271
 Average Recall     (AR) @[ IoU=0.50:0.95 | area= large | maxDets=100 ] = 0.693
[I 2026-02-24 04:16:47,035] Trial 129 finished with value: 0.6156066955444458 and parameters: {'alpha': 2.649301220281596, 'mean_rho': 0.13197114742337643, 'variance_rho': 0.040068552222294225, 'std_bias': 4.373505959968666, 'hue_threshold': 29.377999022212983, 'value_ratio_min': 0.4571514342853834, 'value_ratio_max': 0.9532157625274138, 'saturation_diff_threshold': 42.84663934885935}. Best is trial 27 with value: 0.6218635226564296.
creating index...
index created!
Loading and preparing results...
DONE (t=0.01s)
creating index...
index created!
Running per image evaluation...
Evaluate annotation type *bbox*
DONE (t=1.97s).
Accumulating evaluation results...
DONE (t=0.32s).
 Average Precision  (AP) @[ IoU=0.50:0.95 | area=   all | maxDets=100 ] = 0.353
 Average Precision  (AP) @[ IoU=0.50      | area=   all | maxDets=100 ] = 0.610
 Average Precision  (AP) @[ IoU=0.75      | area=   all | maxDets=100 ] = 0.357
 Average Precision  (AP) @[ IoU=0.50:0.95 | area= small | maxDets=100 ] = -1.000
 Average Precision  (AP) @[ IoU=0.50:0.95 | area=medium | maxDets=100 ] = 0.211
 Average Precision  (AP) @[ IoU=0.50:0.95 | area= large | maxDets=100 ] = 0.525
 Average Recall     (AR) @[ IoU=0.50:0.95 | area=   all | maxDets=  1 ] = 0.231
 Average Recall     (AR) @[ IoU=0.50:0.95 | area=   all | maxDets= 10 ] = 0.459
 Average Recall     (AR) @[ IoU=0.50:0.95 | area=   all | maxDets=100 ] = 0.459
 Average Recall     (AR) @[ IoU=0.50:0.95 | area= small | maxDets=100 ] = -1.000
 Average Recall     (AR) @[ IoU=0.50:0.95 | area=medium | maxDets=100 ] = 0.305
 Average Recall     (AR) @[ IoU=0.50:0.95 | area= large | maxDets=100 ] = 0.637
[I 2026-02-24 04:24:00,765] Trial 137 finished with value: 0.6102330592441001 and parameters: {'alpha': 2.5015138829420636, 'mean_rho': 0.13865414922726635, 'variance_rho': 0.014701035024887725, 'std_bias': 4.6251874814938825, 'hue_threshold': 28.3762639925599, 'value_ratio_min': 0.4578226180463057, 'value_ratio_max': 0.9571345797471319, 'saturation_diff_threshold': 40.04566576419286}. Best is trial 133 with value: 0.6246768843654953.
creating index...
index created!
Loading and preparing results...
DONE (t=0.01s)
creating index...
index created!
Running per image evaluation...
Evaluate annotation type *bbox*
DONE (t=2.00s).
Accumulating evaluation results...
DONE (t=0.37s).
 Average Precision  (AP) @[ IoU=0.50:0.95 | area=   all | maxDets=100 ] = 0.328
 Average Precision  (AP) @[ IoU=0.50      | area=   all | maxDets=100 ] = 0.587
 Average Precision  (AP) @[ IoU=0.75      | area=   all | maxDets=100 ] = 0.329
 Average Precision  (AP) @[ IoU=0.50:0.95 | area= small | maxDets=100 ] = -1.000
 Average Precision  (AP) @[ IoU=0.50:0.95 | area=medium | maxDets=100 ] = 0.208
 Average Precision  (AP) @[ IoU=0.50:0.95 | area= large | maxDets=100 ] = 0.476
 Average Recall     (AR) @[ IoU=0.50:0.95 | area=   all | maxDets=  1 ] = 0.220
 Average Recall     (AR) @[ IoU=0.50:0.95 | area=   all | maxDets= 10 ] = 0.438
 Average Recall     (AR) @[ IoU=0.50:0.95 | area=   all | maxDets=100 ] = 0.438
 Average Recall     (AR) @[ IoU=0.50:0.95 | area= small | maxDets=100 ] = -1.000
 Average Recall     (AR) @[ IoU=0.50:0.95 | area=medium | maxDets=100 ] = 0.310
 Average Recall     (AR) @[ IoU=0.50:0.95 | area= large | maxDets=100 ] = 0.588
[I 2026-02-24 04:31:20,128] Trial 145 finished with value: 0.5870861990748806 and parameters: {'alpha': 2.3641275268614734, 'mean_rho': 0.1179569052684843, 'variance_rho': 0.014647939006969469, 'std_bias': 4.020861484437893, 'hue_threshold': 27.72135439855454, 'value_ratio_min': 0.48400396654784583, 'value_ratio_max': 0.9618040762020347, 'saturation_diff_threshold': 39.58623181174017}. Best is trial 143 with value: 0.6274292904394109.
creating index...
index created!
Loading and preparing results...
DONE (t=0.02s)
creating index...
index created!
Running per image evaluation...
Evaluate annotation type *bbox*
DONE (t=1.88s).
Accumulating evaluation results...
DONE (t=0.32s).
 Average Precision  (AP) @[ IoU=0.50:0.95 | area=   all | maxDets=100 ] = 0.354
 Average Precision  (AP) @[ IoU=0.50      | area=   all | maxDets=100 ] = 0.615
 Average Precision  (AP) @[ IoU=0.75      | area=   all | maxDets=100 ] = 0.361
 Average Precision  (AP) @[ IoU=0.50:0.95 | area= small | maxDets=100 ] = -1.000
 Average Precision  (AP) @[ IoU=0.50:0.95 | area=medium | maxDets=100 ] = 0.182
 Average Precision  (AP) @[ IoU=0.50:0.95 | area= large | maxDets=100 ] = 0.573
 Average Recall     (AR) @[ IoU=0.50:0.95 | area=   all | maxDets=  1 ] = 0.248
 Average Recall     (AR) @[ IoU=0.50:0.95 | area=   all | maxDets= 10 ] = 0.478
 Average Recall     (AR) @[ IoU=0.50:0.95 | area=   all | maxDets=100 ] = 0.478
 Average Recall     (AR) @[ IoU=0.50:0.95 | area= small | maxDets=100 ] = -1.000
 Average Recall     (AR) @[ IoU=0.50:0.95 | area=medium | maxDets=100 ] = 0.286
 Average Recall     (AR) @[ IoU=0.50:0.95 | area= large | maxDets=100 ] = 0.701
