[I 2026-02-23 23:04:29,205] Using an existing study with name 'adaptive_no_temporal' instead of creating a new one.
Loading annotations and video...
Starting optimization for study 'adaptive_no_temporal'
Using temporal detector: False
Database: optuna_adaptive_no_temporal.db
Number of trials: 25

To run in parallel, execute this same command in multiple terminals.
--------------------------------------------------------------------------------
  0%|      0%|          | 0/25 [09:46<?, ?it/s]
creating index...
index created!
Loading and preparing results...
DONE (t=0.02s)
creating index...
index created!
Running per image evaluation...
Evaluate annotation type *bbox*
DONE (t=2.67s).
Accumulating evaluation results...
DONE                                                                                      Best trial: 4. Best value: 0.577214:   4%|▍         | 1/25 [15:55<2:51:17, 428.23s/it]Best trial: 4. Best value: 0.577214:   4%|▍         | 1/25 [15:55<2:51:17, 428.23s/it]Best trial: 4. Best value: 0.577214:   8%|▊         | 2/25 [15:55<3:06:25, 486.34s/it]                                                                                      Best trial: 4. Best value: 0.577214:   8%|▊         | 2/25 [25:43<3:06:25, 486.34s/it]Best trial: 20. Best value: 0.620775:   8%|▊         | 2/25 [25:43<3:06:25, 486.34s/it]Best trial: 20. Best value: 0.620775:  12%|█▏        | 3/25 [25:43<3:15:22, 532.86s/it]                                                                                       Best trial: 20. Best value: 0.620775:  12%|█▏        | 3/25 [33:10<3:15:22, 532.86s/it]Best trial: 30. Best value: 0.638957:  12%|█▏        | 3/25 [33:10<3:15:22, 532.86s/it]Best trial: 30. Best value: 0.638957:  16%|█▌        | 4/25 [33:10<2:54:41, 499.14s/it]                                                                                       creating index...
index created!
Loading and preparing results...
DONE (t=0.00s)
creating index...
index created!
Running per image evaluation...
Evaluate annotation type *bbox*
DONE (t=1.46s).
Accumulating evaluation results...
DONE (t=0.23s).
 Average Precision  (AP) @[ IoU=0.50:0.95 | area=   all | maxDets=100 ] = 0.015
 Average Precision  (AP) @[ IoU=0.50      | area=   all | maxDets=100 ] = 0.041
 Average Precision  (AP) @[ IoU=0.75      | area=   all | maxDets=100 ] = 0.009
 Average Precision  (AP) @[ IoU=0.50:0.95 | area= small | maxDets=100 ] = -1.000
 Average Precision  (AP) @[ IoU=0.50:0.95 | area=medium | maxDets=100 ] = 0.007
 Average Precision  (AP) @[ IoU=0.50:0.95 | area= large | maxDets=100 ] = 0.030
 Average Recall     (AR) @[ IoU=0.50:0.95 | area=   all | maxDets=  1 ] = 0.042
 Average Recall     (AR) @[ IoU=0.50:0.95 | area=   all | maxDets= 10 ] = 0.058
 Average Recall     (AR) @[ IoU=0.50:0.95 | area=   all | maxDets=100 ] = 0.058
 Average Recall     (AR) @[ IoU=0.50:0.95 | area= small | maxDets=100 ] = -1.000
 Average Recall     (AR) @[ IoU=0.50:0.95 | area=medium | maxDets=100 ] = 0.030
 Average Recall     (AR) @[ IoU=0.50:0.95 | area= large | maxDets=100 ] = 0.091
[I 2026-02-23 23:11:37,442] Trial 3 finished with value: 0.0410124830850069 and parameters: {'alpha': 4.57611464780177, 'mean_rho': 0.11336136841663254, 'variance_rho': 0.16828518730519984, 'std_bias': 4.663419466278895, 'hue_threshold': 20.036195139302656, 'value_ratio_min': 0.4025097364512208, 'value_ratio_max': 0.9964256568166082, 'saturation_diff_threshold': 45.61916966759368}. Best is trial 4 with value: 0.5772143188656536.
creating index...
index created!
Loading and preparing results...
DONE (t=0.21s)
creating index...
index created!
Running per image evaluation...
Evaluate annotation type *bbox*
DONE (t=2.81s).
Accumulating evaluation results...
DONE (t=0.47s).
 Average Precision  (AP) @[ IoU=0.50:0.95 | area=   all | maxDets=100 ] = 0.098
 Average Precision  (AP) @[ IoU=0.50      | area=   all | maxDets=100 ] = 0.230
 Average Precision  (AP) @[ IoU=0.75      | area=   all | maxDets=100 ] = 0.071
 Average Precision  (AP) @[ IoU=0.50:0.95 | area= small | maxDets=100 ] = -1.000
 Average Precision  (AP) @[ IoU=0.50:0.95 | area=medium | maxDets=100 ] = 0.049
 Average Precision  (AP) @[ IoU=0.50:0.95 | area= large | maxDets=100 ] = 0.179
 Average Recall     (AR) @[ IoU=0.50:0.95 | area=   all | maxDets=  1 ] = 0.140
 Average Recall     (AR) @[ IoU=0.50:0.95 | area=   all | maxDets= 10 ] = 0.282
 Average Recall     (AR) @[ IoU=0.50:0.95 | area=   all | maxDets=100 ] = 0.282
 Average Recall     (AR) @[ IoU=0.50:0.95 | area= small | maxDets=100 ] = -1.000
 Average Recall     (AR) @[ IoU=0.50:0.95 | area=medium | maxDets=100 ] = 0.258
 Average Recall     (AR) @[ IoU=0.50:0.95 | area= large | maxDets=100 ] = 0.308
[I 2026-02-23 23:20:24,462] Trial 13 finished with value: 0.23045426479102543 and parameters: {'alpha': 2.0198005316952607, 'mean_rho': 0.37718645294318787, 'variance_rho': 0.19956660484514865, 'std_bias': 3.009070481057812, 'hue_threshold': 12.79731403429697, 'value_ratio_min': 0.3593728292023582, 'value_ratio_max': 0.8530574512597953, 'saturation_diff_threshold': 42.79282794263568}. Best is trial 4 with value: 0.5772143188656536.
creating index...
index created!
Loading and preparing results...
DONE (t=0.01s)
creating index...
index created!
Running per image evaluation...
Evaluate annotation type *bbox*
DONE (t=1.96s).
Accumulating evaluation results...
DONE (t=0.35s).
 Average Precision  (AP) @[ IoU=0.50:0.95 | area=   all | maxDets=100 ] = 0.016
 Average Precision  (AP) @[ IoU=0.50      | area=   all | maxDets=100 ] = 0.035
 Average Precision  (AP) @[ IoU=0.75      | area=   all | maxDets=100 ] = 0.011
 Average Precision  (AP) @[ IoU=0.50:0.95 | area= small | maxDets=100 ] = -1.000
 Average Precision  (AP) @[ IoU=0.50:0.95 | area=medium | maxDets=100 ] = 0.002
 Average Precision  (AP) @[ IoU=0.50:0.95 | area= large | maxDets=100 ] = 0.034
 Average Recall     (AR) @[ IoU=0.50:0.95 | area=   all | maxDets=  1 ] = 0.013
 Average Recall     (AR) @[ IoU=0.50:0.95 | area=   all | maxDets= 10 ] = 0.037
 Average Recall     (AR) @[ IoU=0.50:0.95 | area=   all | maxDets=100 ] = 0.042
 Average Recall     (AR) @[ IoU=0.50:0.95 | area= small | maxDets=100 ] = -1.000
 Average Recall     (AR) @[ IoU=0.50:0.95 | area=medium | maxDets=100 ] = 0.018
 Average Recall     (AR) @[ IoU=0.50:0.95 | area= large | maxDets=100 ] = 0.070
[I 2026-02-23 23:30:12,681] Trial 21 finished with value: 0.034721929298193586 and parameters: {'alpha': 2.2795258219230767, 'mean_rho': 0.2139421464172826, 'variance_rho': 0.10139796417520414, 'std_bias': 0.042876284582094026, 'hue_threshold': 14.225544945312448, 'value_ratio_min': 0.5678487038522264, 'value_ratio_max': 0.9721828761601107, 'saturation_diff_threshold': 34.27859596592582}. Best is trial 20 with value: 0.6207753365503557.
creating index...
index created!
Loading and preparing results...
DONE (t=0.02s)
creating index...
index created!
Running per image evaluation...
Evaluate annotation type *bbox*
DONE (t=1.99s).
Accumulating evaluation results...
DONE (t=0.55s).
 Average Precision  (AP) @[ IoU=0.50:0.95 | area=   all | maxDets=100 ] = 0.282
 Average Precision  (AP) @[ IoU=0.50      | area=   all | maxDets=100 ] = 0.530
 Average Precision  (AP) @[ IoU=0.75      | area=   all | maxDets=100 ] = 0.261
 Average Precision  (AP) @[ IoU=0.50:0.95 | area= small | maxDets=100 ] = -1.000
 Average Precision  (AP) @[ IoU=0.50:0.95 | area=medium | maxDets=100 ] = 0.210
 Average Precision  (AP) @[ IoU=0.50:0.95 | area= large | maxDets=100 ] = 0.372
 Average Recall     (AR) @[ IoU=0.50:0.95 | area=   all | maxDets=  1 ] = 0.203
 Average Recall     (AR) @[ IoU=0.50:0.95 | area=   all | maxDets= 10 ] = 0.400
 Average Recall     (AR) @[ IoU=0.50:0.95 | area=   all | maxDets=100 ] = 0.400
 Average Recall     (AR) @[ IoU=0.50:0.95 | area= small | maxDets=100 ] = -1.000
 Average Recall     (AR) @[ IoU=0.50:0.95 | area=medium | maxDets=100 ] = 0.322
 Average Recall     (AR) @[ IoU=0.50:0.95 | area= large | maxDets=100 ] = 0.490
[I 2026-02-23 23:37:40,126] Trial 31 finished with value: 0.5300671147510478 and parameters: {'alpha': 1.6832803153438338, 'mean_rho': 0.14095752094815334, 'variance_rho': 0.04753754041396463, 'std_bias': 4.309740322209038, 'hue_threshold': 15.994505421065114, 'value_ratio_min': 0.4319589993228855, 'value_ratio_max': 0.9439417580694661, 'saturation_diff_threshold': 27.877348096941507}. Best is trial 30 with value: 0.6389572906776438.
creating index...
index created!
Loading and preparing results...
DONE (t=0.02s)
creating index...
index created!
Running per image evaluation...
Evaluate annotation type *bbox*
DONE (t=1.72s).
Accumulating evaluation results...
DONE (t=0.30s).
 Average Precision  (AP) @[ IoU=0.50:0.95 | area=   all | maxDets=100 ] = 0.289
 Average Precision  (AP) @[ IoU=0.50      | area=   all | maxDets=100 ] = 0.533
 Average Precision  (AP) @[ IoU=0.75      | area=   all | maxDets=100 ] = 0.275
 Average Precision  (AP) @[ IoU=0.50:0.95 | area= small | maxDets=100 ] = -1.000
 Average Precision  (AP) @[ IoU=0.50:0.95 | area=medium | maxDets=100 ] = 0.140
 Average Precision  (AP) @[ IoU=0.50:0.95 | area= large | maxDets=100 ] = 0.474
 Average Recall     (AR) @[ IoU=0.50:0.95 | area=   all | maxDets=  1 ] = 0.223
 Average Recall     (AR) @[ IoU=0.50:0.95 | area=   all | maxDets= 10 ] = 0.395
 Average Recall     (AR) @[ IoU=0.50:0.95 | area=   all | maxDets=100 ] = 0.395
 Average Recall     (AR) @[ IoU=0.50:0.95 | area= small | maxDets=100 ] = -1.000
 Average Recall     (AR) @[ IoU=0.50:0.95 | area=medium | maxDets=100 ] = 0.229
 Average Recall     (AR) @[ IoU=0.50:0.95 | area= large | maxDets=100 ] = 0.588
[I 2026-02-23 23:44:48,588] Trial 39 finished with value: 0.532716283827216 and parameters: {'alpha': 2.7654950990433136, 'mean_rho': 0.10205648975490728, 'variance_rho': 0.1502222690586199, 'std_bias': 3.0465980407036026, 'hue_threshold': 9.45692219322158, 'value_ratio_min': 0.30036163006707006, 'value_ratio_max': 0.9145402102635333, 'saturation_diff_threshold': 37.48908488617989}. Best is trial 30 with value: 0.6389572906776438.Best trial: 30. Best value: 0.638957:  16%|█▌        | 4/25 [40:19<2:54:41, 499.14s/it]Best trial: 30. Best value: 0.638957:  16%|█▌        | 4/25 [40:19<2:54:41, 499.14s/it]Best trial: 30. Best value: 0.638957:  20%|██        | 5/25 [40:19<2:37:53, 473.65s/it]                                                                                       Best trial: 30. Best value: 0.638957:  20%|██        | 5/25 [47:15<2:37:53, 473.65s/it]Best trial: 30. Best value: 0.638957:  20%|██        | 5/25 [47:15<2:37:53, 473.65s/it]Best trial: 30. Best value: 0.638957:  24%|██▍       | 6/25 [47:15<2:23:48, 454.13s/it]                                                                                       Best trial: 30. Best value: 0.638957:  24%|██▍       | 6/25 [56:10<2:23:48, 454.13s/it]Best trial: 30. Best value: 0.638957:  24%|██▍       | 6/25 [56:10<2:23:48, 454.13s/it]Best trial: 30. Best value: 0.638957:  28%|██▊       | 7/25 [56:10<2:24:11, 480.66s/it]                                                                                       Best trial: 30. Best value: 0.638957:  28%|██▊       | 7/25 [1:03:14<2:24:11, 480.66s/it]Best trial: 30. Best value: 0.638957:  28%|██▊       | 7/25 [1:03:14<2:24:11, 480.66s/it]Best trial: 30. Best value: 0.638957:  32%|███▏      | 8/25 [1:03:14<2:11:03, 462.56s/it]                                                                                         Best trial: 30. Best value: 0.638957:  32%|███▏      | 8/25 [1:10:19<2:11:03, 462.56s/it]Best trial: 72. Best value: 0.646642:  32%|███▏      | 8/25 [1:10:19<2:11:03, 462.56s/it]Best trial: 72. Best value: 0.646642:  36%|███▌      | 9/25 [1:10:19<2:00:09, 450.61s/it]                                                                                         
creating index...
index created!
Loading and preparing results...
DONE (t=0.01s)
creating index...
index created!
Running per image evaluation...
Evaluate annotation type *bbox*
DONE (t=1.81s).
Accumulating evaluation results...
DONE (t=0.31s).
 Average Precision  (AP) @[ IoU=0.50:0.95 | area=   all | maxDets=100 ] = 0.353
 Average Precision  (AP) @[ IoU=0.50      | area=   all | maxDets=100 ] = 0.582
 Average Precision  (AP) @[ IoU=0.75      | area=   all | maxDets=100 ] = 0.355
 Average Precision  (AP) @[ IoU=0.50:0.95 | area= small | maxDets=100 ] = -1.000
 Average Precision  (AP) @[ IoU=0.50:0.95 | area=medium | maxDets=100 ] = 0.163
 Average Precision  (AP) @[ IoU=0.50:0.95 | area= large | maxDets=100 ] = 0.591
 Average Recall     (AR) @[ IoU=0.50:0.95 | area=   all | maxDets=  1 ] = 0.252
 Average Recall     (AR) @[ IoU=0.50:0.95 | area=   all | maxDets= 10 ] = 0.459
 Average Recall     (AR) @[ IoU=0.50:0.95 | area=   all | maxDets=100 ] = 0.459
 Average Recall     (AR) @[ IoU=0.50:0.95 | area= small | maxDets=100 ] = -1.000
 Average Recall     (AR) @[ IoU=0.50:0.95 | area=medium | maxDets=100 ] = 0.256
 Average Recall     (AR) @[ IoU=0.50:0.95 | area= large | maxDets=100 ] = 0.694
[I 2026-02-23 23:51:44,839] Trial 47 finished with value: 0.5821320127678492 and parameters: {'alpha': 2.5808945425088416, 'mean_rho': 0.18267414483166594, 'variance_rho': 0.10975291976169976, 'std_bias': 4.584912394445323, 'hue_threshold': 20.21061677783279, 'value_ratio_min': 0.3857600770047285, 'value_ratio_max': 0.8982991707801151, 'saturation_diff_threshold': 23.610566665548504}. Best is trial 30 with value: 0.6389572906776438.
creating index...
index created!
Loading and preparing results...
DONE (t=0.02s)
creating index...
index created!
Running per image evaluation...
Evaluate annotation type *bbox*
DONE (t=2.57s).
Accumulating evaluation results...
DONE (t=0.61s).
 Average Precision  (AP) @[ IoU=0.50:0.95 | area=   all | maxDets=100 ] = 0.083
 Average Precision  (AP) @[ IoU=0.50      | area=   all | maxDets=100 ] = 0.185
 Average Precision  (AP) @[ IoU=0.75      | area=   all | maxDets=100 ] = 0.067
 Average Precision  (AP) @[ IoU=0.50:0.95 | area= small | maxDets=100 ] = -1.000
 Average Precision  (AP) @[ IoU=0.50:0.95 | area=medium | maxDets=100 ] = 0.036
 Average Precision  (AP) @[ IoU=0.50:0.95 | area= large | maxDets=100 ] = 0.140
 Average Recall     (AR) @[ IoU=0.50:0.95 | area=   all | maxDets=  1 ] = 0.078
 Average Recall     (AR) @[ IoU=0.50:0.95 | area=   all | maxDets= 10 ] = 0.203
 Average Recall     (AR) @[ IoU=0.50:0.95 | area=   all | maxDets=100 ] = 0.204
 Average Recall     (AR) @[ IoU=0.50:0.95 | area= small | maxDets=100 ] = -1.000
 Average Recall     (AR) @[ IoU=0.50:0.95 | area=medium | maxDets=100 ] = 0.157
 Average Recall     (AR) @[ IoU=0.50:0.95 | area= large | maxDets=100 ] = 0.258
[I 2026-02-24 00:00:40,120] Trial 55 finished with value: 0.18517713409170639 and parameters: {'alpha': 1.1281870939118974, 'mean_rho': 0.06384487878984137, 'variance_rho': 0.027573660033727774, 'std_bias': 3.957814028689123, 'hue_threshold': 18.13704299725159, 'value_ratio_min': 0.45086038809072015, 'value_ratio_max': 0.9323851922678059, 'saturation_diff_threshold': 30.0349366850047}. Best is trial 30 with value: 0.6389572906776438.
creating index...
index created!
Loading and preparing results...
DONE (t=0.01s)
creating index...
index created!
Running per image evaluation...
Evaluate annotation type *bbox*
DONE (t=1.85s).
Accumulating evaluation results...
DONE (t=0.29s).
 Average Precision  (AP) @[ IoU=0.50:0.95 | area=   all | maxDets=100 ] = 0.362
 Average Precision  (AP) @[ IoU=0.50      | area=   all | maxDets=100 ] = 0.589
 Average Precision  (AP) @[ IoU=0.75      | area=   all | maxDets=100 ] = 0.360
 Average Precision  (AP) @[ IoU=0.50:0.95 | area= small | maxDets=100 ] = -1.000
 Average Precision  (AP) @[ IoU=0.50:0.95 | area=medium | maxDets=100 ] = 0.155
 Average Precision  (AP) @[ IoU=0.50:0.95 | area= large | maxDets=100 ] = 0.625
 Average Recall     (AR) @[ IoU=0.50:0.95 | area=   all | maxDets=  1 ] = 0.255
 Average Recall     (AR) @[ IoU=0.50:0.95 | area=   all | maxDets= 10 ] = 0.469
 Average Recall     (AR) @[ IoU=0.50:0.95 | area=   all | maxDets=100 ] = 0.469
 Average Recall     (AR) @[ IoU=0.50:0.95 | area= small | maxDets=100 ] = -1.000
 Average Recall     (AR) @[ IoU=0.50:0.95 | area=medium | maxDets=100 ] = 0.243
 Average Recall     (AR) @[ IoU=0.50:0.95 | area= large | maxDets=100 ] = 0.732
[I 2026-02-24 00:07:43,906] Trial 63 finished with value: 0.5886256735714768 and parameters: {'alpha': 3.0457420420032904, 'mean_rho': 0.11913282875307754, 'variance_rho': 0.029812630663397757, 'std_bias': 4.988040916136573, 'hue_threshold': 22.16609315694659, 'value_ratio_min': 0.3379514088067345, 'value_ratio_max': 0.8727223842640291, 'saturation_diff_threshold': 26.275570423643057}. Best is trial 30 with value: 0.6389572906776438.
creating index...
index created!
Loading and preparing results...
DONE (t=0.01s)
creating index...
index created!
Running per image evaluation...
Evaluate annotation type *bbox*
DONE (t=1.68s).
Accumulating evaluation results...
DONE (t=0.31s).
 Average Precision  (AP) @[ IoU=0.50:0.95 | area=   all | maxDets=100 ] = 0.387
 Average Precision  (AP) @[ IoU=0.50      | area=   all | maxDets=100 ] = 0.621
 Average Precision  (AP) @[ IoU=0.75      | area=   all | maxDets=100 ] = 0.390
 Average Precision  (AP) @[ IoU=0.50:0.95 | area= small | maxDets=100 ] = -1.000
 Average Precision  (AP) @[ IoU=0.50:0.95 | area=medium | maxDets=100 ] = 0.191
 Average Precision  (AP) @[ IoU=0.50:0.95 | area= large | maxDets=100 ] = 0.625
 Average Recall     (AR) @[ IoU=0.50:0.95 | area=   all | maxDets=  1 ] = 0.260
 Average Recall     (AR) @[ IoU=0.50:0.95 | area=   all | maxDets= 10 ] = 0.489
 Average Recall     (AR) @[ IoU=0.50:0.95 | area=   all | maxDets=100 ] = 0.489
 Average Recall     (AR) @[ IoU=0.50:0.95 | area= small | maxDets=100 ] = -1.000
 Average Recall     (AR) @[ IoU=0.50:0.95 | area=medium | maxDets=100 ] = 0.283
 Average Recall     (AR) @[ IoU=0.50:0.95 | area= large | maxDets=100 ] = 0.727
[I 2026-02-24 00:14:48,235] Trial 71 finished with value: 0.6205222787538 and parameters: {'alpha': 2.323809576710464, 'mean_rho': 0.013911592566793654, 'variance_rho': 0.07501145894979719, 'std_bias': 4.419685301682082, 'hue_threshold': 17.022516455375786, 'value_ratio_min': 0.5093408964750958, 'value_ratio_max': 0.8616729980954861, 'saturation_diff_threshold': 32.33677013341552}. Best is trial 72 with value: 0.6466417287921127.
creating index...
index created!
Loading and preparing results...
DONE (t=0.02s)
creating index...
index created!
Running per image evaluation...
Evaluate annotation type *bbox*
DONE (t=1.92s).
Accumulating evaluation results...
DONE (t=0.35s).
 Average Precision  (AP) @[ IoU=0.50:0.95 | area=   all | maxDets=100 ] = 0.325
 Average Precision  (AP) @[ IoU=0.50      | area=   all | maxDets=100 ] = 0.602
 Average Precision  (AP) @[ IoU=0.75      | area=   all | maxDets=100 ] = 0.299
 Average Precision  (AP) @[ IoU=0.50:0.95 | area= small | maxDets=100 ] = -1.000
 Average Precision  (AP) @[ IoU=0.50:0.95 | area=medium | maxDets=100 ] = 0.219
 Average Precision  (AP) @[ IoU=0.50:0.95 | area= large | maxDets=100 ] = 0.456
 Average Recall     (AR) @[ IoU=0.50:0.95 | area=   all | maxDets=  1 ] = 0.256
 Average Recall     (AR) @[ IoU=0.50:0.95 | area=   all | maxDets= 10 ] = 0.454
 Average Recall     (AR) @[ IoU=0.50:0.95 | area=   all | maxDets=100 ] = 0.454
 Average Recall     (AR) @[ IoU=0.50:0.95 | area= small | maxDets=100 ] = -1.000
 Average Recall     (AR) @[ IoU=0.50:0.95 | area=medium | maxDets=100 ] = 0.331
 Average Recall     (AR) @[ IoU=0.50:0.95 | area= large | maxDets=100 ] = 0.597
