[I 2026-02-24 01:22:51,697] Trial 153 finished with value: 0.581622225027186 and parameters: {'alpha': 2.5134837927570466, 'mean_rho': 0.060534371614315824, 'variance_rho': 0.11313361641478242, 'std_bias': 3.9799985177652872, 'hue_threshold': 15.366444687315912, 'value_ratio_min': 0.31057886746303204, 'value_ratio_max': 0.8761837245880275, 'saturation_diff_threshold': 32.04023024448507}. Best is trial 72 with value: 0.6466417287921127.Best trial: 72. Best value: 0.646642:  76%|███████▌  | 19/25 [2:18:17<40:30, 405.11s/it]Best trial: 72. Best value: 0.646642:  76%|███████▌  | 19/25 [2:18:17<40:30, 405.11s/it]Best trial: 72. Best value: 0.646642:  80%|████████  | 20/25 [2:18:17<33:45, 405.13s/it]                                                                                        Best trial: 72. Best value: 0.646642:  80%|████████  | 20/25 [2:25:07<33:45, 405.13s/it]Best trial: 72. Best value: 0.646642:  80%|████████  | 20/25 [2:25:07<33:45, 405.13s/it]Best trial: 72. Best value: 0.646642:  84%|████████▍ | 21/25 [2:25:07<27:06, 406.54s/it]                                                                                        Best trial: 72. Best value: 0.646642:  84%|████████▍ | 21/25 [2:32:00<27:06, 406.54s/it]Best trial: 72. Best value: 0.646642:  84%|████████▍ | 21/25 [2:32:00<27:06, 406.54s/it]Best trial: 72. Best value: 0.646642:  88%|████████▊ | 22/25 [2:32:00<20:25, 408.50s/it]                                                                                        Best trial: 72. Best value: 0.646642:  88%|████████▊ | 22/25 [2:38:38<20:25, 408.50s/it]Best trial: 72. Best value: 0.646642:  88%|████████▊ | 22/25 [2:38:38<20:25, 408.50s/it]Best trial: 72. Best value: 0.646642:  92%|█████████▏| 23/25 [2:38:38<13:30, 405.48s/it]                                                                                        Best trial: 72. Best value: 0.646642:  92%|█████████▏| 23/25 [2:45:24<13:30, 405.48s/it]Best trial: 72. Best value: 0.646642:  92%|█████████▏| 23/25 [2:45:24<13:30, 405.48s/it]Best trial: 72. Best value: 0.646642:  96%|█████████▌| 24/25 [2:45:24<06:45, 405.54s/it]                                                                                        
creating index...
index created!
Loading and preparing results...
DONE (t=0.01s)
creating index...
index created!
Running per image evaluation...
Evaluate annotation type *bbox*
DONE (t=1.89s).
Accumulating evaluation results...
DONE (t=0.35s).
 Average Precision  (AP) @[ IoU=0.50:0.95 | area=   all | maxDets=100 ] = 0.341
 Average Precision  (AP) @[ IoU=0.50      | area=   all | maxDets=100 ] = 0.603
 Average Precision  (AP) @[ IoU=0.75      | area=   all | maxDets=100 ] = 0.332
 Average Precision  (AP) @[ IoU=0.50:0.95 | area= small | maxDets=100 ] = -1.000
 Average Precision  (AP) @[ IoU=0.50:0.95 | area=medium | maxDets=100 ] = 0.218
 Average Precision  (AP) @[ IoU=0.50:0.95 | area= large | maxDets=100 ] = 0.489
 Average Recall     (AR) @[ IoU=0.50:0.95 | area=   all | maxDets=  1 ] = 0.246
 Average Recall     (AR) @[ IoU=0.50:0.95 | area=   all | maxDets= 10 ] = 0.467
 Average Recall     (AR) @[ IoU=0.50:0.95 | area=   all | maxDets=100 ] = 0.467
 Average Recall     (AR) @[ IoU=0.50:0.95 | area= small | maxDets=100 ] = -1.000
 Average Recall     (AR) @[ IoU=0.50:0.95 | area=medium | maxDets=100 ] = 0.337
 Average Recall     (AR) @[ IoU=0.50:0.95 | area= large | maxDets=100 ] = 0.619
[I 2026-02-24 01:29:41,528] Trial 161 finished with value: 0.6028268061346292 and parameters: {'alpha': 2.3424418775088034, 'mean_rho': 0.05290387378548811, 'variance_rho': 0.046448398614585926, 'std_bias': 2.9284223968799816, 'hue_threshold': 16.479239465307018, 'value_ratio_min': 0.369989553454402, 'value_ratio_max': 0.8878528945103906, 'saturation_diff_threshold': 27.487711871143627}. Best is trial 72 with value: 0.6466417287921127.
creating index...
index created!
Loading and preparing results...
DONE (t=0.02s)
creating index...
index created!
Running per image evaluation...
Evaluate annotation type *bbox*
DONE (t=2.06s).
Accumulating evaluation results...
DONE (t=0.30s).
 Average Precision  (AP) @[ IoU=0.50:0.95 | area=   all | maxDets=100 ] = 0.323
 Average Precision  (AP) @[ IoU=0.50      | area=   all | maxDets=100 ] = 0.587
 Average Precision  (AP) @[ IoU=0.75      | area=   all | maxDets=100 ] = 0.316
 Average Precision  (AP) @[ IoU=0.50:0.95 | area= small | maxDets=100 ] = -1.000
 Average Precision  (AP) @[ IoU=0.50:0.95 | area=medium | maxDets=100 ] = 0.224
 Average Precision  (AP) @[ IoU=0.50:0.95 | area= large | maxDets=100 ] = 0.445
 Average Recall     (AR) @[ IoU=0.50:0.95 | area=   all | maxDets=  1 ] = 0.237
 Average Recall     (AR) @[ IoU=0.50:0.95 | area=   all | maxDets= 10 ] = 0.445
 Average Recall     (AR) @[ IoU=0.50:0.95 | area=   all | maxDets=100 ] = 0.445
 Average Recall     (AR) @[ IoU=0.50:0.95 | area= small | maxDets=100 ] = -1.000
 Average Recall     (AR) @[ IoU=0.50:0.95 | area=medium | maxDets=100 ] = 0.333
 Average Recall     (AR) @[ IoU=0.50:0.95 | area= large | maxDets=100 ] = 0.575
[I 2026-02-24 01:36:34,603] Trial 169 finished with value: 0.5868013352852961 and parameters: {'alpha': 2.0621790562895175, 'mean_rho': 0.03682252878529597, 'variance_rho': 0.051819641066282215, 'std_bias': 3.845247596235968, 'hue_threshold': 9.894150992418222, 'value_ratio_min': 0.32460423931136606, 'value_ratio_max': 0.89211221040308, 'saturation_diff_threshold': 31.31202409514618}. Best is trial 72 with value: 0.6466417287921127.
creating index...
index created!
Loading and preparing results...
DONE (t=0.02s)
creating index...
index created!
Running per image evaluation...
Evaluate annotation type *bbox*
DONE (t=2.06s).
Accumulating evaluation results...
DONE (t=0.50s).
 Average Precision  (AP) @[ IoU=0.50:0.95 | area=   all | maxDets=100 ] = 0.315
 Average Precision  (AP) @[ IoU=0.50      | area=   all | maxDets=100 ] = 0.579
 Average Precision  (AP) @[ IoU=0.75      | area=   all | maxDets=100 ] = 0.312
 Average Precision  (AP) @[ IoU=0.50:0.95 | area= small | maxDets=100 ] = -1.000
 Average Precision  (AP) @[ IoU=0.50:0.95 | area=medium | maxDets=100 ] = 0.242
 Average Precision  (AP) @[ IoU=0.50:0.95 | area= large | maxDets=100 ] = 0.414
 Average Recall     (AR) @[ IoU=0.50:0.95 | area=   all | maxDets=  1 ] = 0.226
 Average Recall     (AR) @[ IoU=0.50:0.95 | area=   all | maxDets= 10 ] = 0.432
 Average Recall     (AR) @[ IoU=0.50:0.95 | area=   all | maxDets=100 ] = 0.432
 Average Recall     (AR) @[ IoU=0.50:0.95 | area= small | maxDets=100 ] = -1.000
 Average Recall     (AR) @[ IoU=0.50:0.95 | area=medium | maxDets=100 ] = 0.346
 Average Recall     (AR) @[ IoU=0.50:0.95 | area= large | maxDets=100 ] = 0.531
[I 2026-02-24 01:43:13,041] Trial 177 finished with value: 0.5785641211983549 and parameters: {'alpha': 2.2000869209914313, 'mean_rho': 0.13841344169040093, 'variance_rho': 0.03563218408589938, 'std_bias': 3.857050749225407, 'hue_threshold': 7.919344246525368, 'value_ratio_min': 0.3531196560216541, 'value_ratio_max': 0.896855505922859, 'saturation_diff_threshold': 28.33913269723838}. Best is trial 72 with value: 0.6466417287921127.
creating index...
index created!
Loading and preparing results...
DONE (t=0.01s)
creating index...
index created!
Running per image evaluation...
Evaluate annotation type *bbox*
DONE (t=1.88s).
Accumulating evaluation results...
DONE (t=0.29s).
 Average Precision  (AP) @[ IoU=0.50:0.95 | area=   all | maxDets=100 ] = 0.397
 Average Precision  (AP) @[ IoU=0.50      | area=   all | maxDets=100 ] = 0.639
 Average Precision  (AP) @[ IoU=0.75      | area=   all | maxDets=100 ] = 0.416
 Average Precision  (AP) @[ IoU=0.50:0.95 | area= small | maxDets=100 ] = -1.000
 Average Precision  (AP) @[ IoU=0.50:0.95 | area=medium | maxDets=100 ] = 0.208
 Average Precision  (AP) @[ IoU=0.50:0.95 | area= large | maxDets=100 ] = 0.619
 Average Recall     (AR) @[ IoU=0.50:0.95 | area=   all | maxDets=  1 ] = 0.263
 Average Recall     (AR) @[ IoU=0.50:0.95 | area=   all | maxDets= 10 ] = 0.495
 Average Recall     (AR) @[ IoU=0.50:0.95 | area=   all | maxDets=100 ] = 0.495
 Average Recall     (AR) @[ IoU=0.50:0.95 | area= small | maxDets=100 ] = -1.000
 Average Recall     (AR) @[ IoU=0.50:0.95 | area=medium | maxDets=100 ] = 0.308
 Average Recall     (AR) @[ IoU=0.50:0.95 | area= large | maxDets=100 ] = 0.712
[I 2026-02-24 01:49:58,713] Trial 185 finished with value: 0.6387316909253788 and parameters: {'alpha': 2.461719222854261, 'mean_rho': 0.08231116673472856, 'variance_rho': 0.06358680659333901, 'std_bias': 4.081945106405377, 'hue_threshold': 16.28109885532949, 'value_ratio_min': 0.3414943081636702, 'value_ratio_max': 0.9320442675472845, 'saturation_diff_threshold': 33.96665590273091}. Best is trial 72 with value: 0.6466417287921127.
creating index...
index created!
Loading and preparing results...
DONE (t=0.01s)
creating index...
index created!
Running per image evaluation...
Evaluate annotation type *bbox*
DONE (t=1.55s).
Accumulating evaluation results...
DONE (t=0.28s).
 Average Precision  (AP) @[ IoU=0.50:0.95 | area=   all | maxDets=100 ] = 0.389
 Average Precision  (AP) @[ IoU=0.50      | area=   all | maxDets=100 ] = 0.625
 Average Precision  (AP) @[ IoU=0.75      | area=   all | maxDets=100 ] = 0.402
 Average Precision  (AP) @[ IoU=0.50:0.95 | area= small | maxDets=100 ] = -1.000
 Average Precision  (AP) @[ IoU=0.50:0.95 | area=medium | maxDets=100 ] = 0.197
 Average Precision  (AP) @[ IoU=0.50:0.95 | area= large | maxDets=100 ] = 0.618
 Average Recall     (AR) @[ IoU=0.50:0.95 | area=   all | maxDets=  1 ] = 0.258
 Average Recall     (AR) @[ IoU=0.50:0.95 | area=   all | maxDets= 10 ] = 0.490
 Average Recall     (AR) @[ IoU=0.50:0.95 | area=   all | maxDets=100 ] = 0.490
 Average Recall     (AR) @[ IoU=0.50:0.95 | area= small | maxDets=100 ] = -1.000
 Average Recall     (AR) @[ IoU=0.50:0.95 | area=medium | maxDets=100 ] = 0.296
 Average Recall     (AR) @[ IoU=0.50:0.95 | area= large | maxDets=100 ] = 0.715
[I 2026-02-24 01:56:34,569] Trial 193 finished with value: 0.625079332362591 and parameters: {'alpha': 2.4527105917673735, 'mean_rho': 0.08391016742210339, 'variance_rho': 0.08598082918497667, 'std_bias': 4.06509637063844, 'hue_threshold': 17.485274007442978, 'value_ratio_min': 0.3840307739475792, 'value_ratio_max': 0.9315400195290375, 'saturation_diff_threshold': 29.584940706001813}. Best is trial 72 with value: 0.6466417287921127.Best trial: 72. Best value: 0.646642:  96%|█████████▌| 24/25 [2:52:00<06:45, 405.54s/it]Best trial: 72. Best value: 0.646642:  96%|█████████▌| 24/25 [2:52:00<06:45, 405.54s/it]Best trial: 72. Best value: 0.646642: 100%|██████████| 25/25 [2:52:00<00:00, 402.63s/it]Best trial: 72. Best value: 0.646642: 100%|██████████| 25/25 [2:52:00<00:00, 412.81s/it]


================================================================================
OPTIMIZATION COMPLETE
================================================================================

Best AP50: 0.6466

Best hyperparameters:
  alpha: 2.3395495784492826
  mean_rho: 0.08250304478944578
  variance_rho: 0.06958246671086901
  std_bias: 4.409579582318875
  hue_threshold: 17.15537190209033
  value_ratio_min: 0.3264487033390467
  value_ratio_max: 0.8717634229722113
  saturation_diff_threshold: 32.39150859974187

Total trials completed: 198
Results saved to: optuna_adaptive_no_temporal.db

To visualize results, use optuna-dashboard:
  optuna-dashboard sqlite:///optuna_adaptive_no_temporal.db
