[I 2026-02-24 01:20:24,045] Trial 150 finished with value: 0.621123593085979 and parameters: {'alpha': 2.498494043913715, 'mean_rho': 0.018972506166765195, 'variance_rho': 0.06935141481892153, 'std_bias': 3.692279638180873, 'hue_threshold': 6.2039969470298715, 'value_ratio_min': 0.6110146030377103, 'value_ratio_max': 0.8774522652243879, 'saturation_diff_threshold': 28.81232896468871}. Best is trial 72 with value: 0.6466417287921127.Best trial: 72. Best value: 0.646642:  76%|███████▌  | 19/25 [2:16:05<40:26, 404.34s/it]Best trial: 72. Best value: 0.646642:  76%|███████▌  | 19/25 [2:16:05<40:26, 404.34s/it]Best trial: 72. Best value: 0.646642:  80%|████████  | 20/25 [2:16:05<33:02, 396.48s/it]                                                                                        Best trial: 72. Best value: 0.646642:  80%|████████  | 20/25 [2:22:56<33:02, 396.48s/it]Best trial: 72. Best value: 0.646642:  80%|████████  | 20/25 [2:22:56<33:02, 396.48s/it]Best trial: 72. Best value: 0.646642:  84%|████████▍ | 21/25 [2:22:56<26:42, 400.70s/it]                                                                                        Best trial: 72. Best value: 0.646642:  84%|████████▍ | 21/25 [2:29:20<26:42, 400.70s/it]Best trial: 72. Best value: 0.646642:  84%|████████▍ | 21/25 [2:29:20<26:42, 400.70s/it]Best trial: 72. Best value: 0.646642:  88%|████████▊ | 22/25 [2:29:20<19:47, 395.91s/it]                                                                                        Best trial: 72. Best value: 0.646642:  88%|████████▊ | 22/25 [2:35:50<19:47, 395.91s/it]Best trial: 72. Best value: 0.646642:  88%|████████▊ | 22/25 [2:35:50<19:47, 395.91s/it]Best trial: 72. Best value: 0.646642:  92%|█████████▏| 23/25 [2:35:50<13:08, 394.02s/it]                                                                                        Best trial: 72. Best value: 0.646642:  92%|█████████▏| 23/25 [2:42:45<13:08, 394.02s/it]Best trial: 72. Best value: 0.646642:  92%|█████████▏| 23/25 [2:42:45<13:08, 394.02s/it]Best trial: 72. Best value: 0.646642:  96%|█████████▌| 24/25 [2:42:45<06:40, 400.25s/it]                                                                                        
creating index...
index created!
Loading and preparing results...
DONE (t=0.02s)
creating index...
index created!
Running per image evaluation...
Evaluate annotation type *bbox*
DONE (t=1.93s).
Accumulating evaluation results...
DONE (t=0.34s).
 Average Precision  (AP) @[ IoU=0.50:0.95 | area=   all | maxDets=100 ] = 0.370
 Average Precision  (AP) @[ IoU=0.50      | area=   all | maxDets=100 ] = 0.609
 Average Precision  (AP) @[ IoU=0.75      | area=   all | maxDets=100 ] = 0.376
 Average Precision  (AP) @[ IoU=0.50:0.95 | area= small | maxDets=100 ] = -1.000
 Average Precision  (AP) @[ IoU=0.50:0.95 | area=medium | maxDets=100 ] = 0.180
 Average Precision  (AP) @[ IoU=0.50:0.95 | area= large | maxDets=100 ] = 0.601
 Average Recall     (AR) @[ IoU=0.50:0.95 | area=   all | maxDets=  1 ] = 0.254
 Average Recall     (AR) @[ IoU=0.50:0.95 | area=   all | maxDets= 10 ] = 0.474
 Average Recall     (AR) @[ IoU=0.50:0.95 | area=   all | maxDets=100 ] = 0.474
 Average Recall     (AR) @[ IoU=0.50:0.95 | area= small | maxDets=100 ] = -1.000
 Average Recall     (AR) @[ IoU=0.50:0.95 | area=medium | maxDets=100 ] = 0.282
 Average Recall     (AR) @[ IoU=0.50:0.95 | area= large | maxDets=100 ] = 0.698
[I 2026-02-24 01:27:14,567] Trial 157 finished with value: 0.6093787524063221 and parameters: {'alpha': 2.33849286226661, 'mean_rho': 0.06073226911353377, 'variance_rho': 0.13019249076112735, 'std_bias': 3.9917742554901348, 'hue_threshold': 16.51828516047215, 'value_ratio_min': 0.3299110859051235, 'value_ratio_max': 0.8861092251023089, 'saturation_diff_threshold': 25.762916810046008}. Best is trial 72 with value: 0.6466417287921127.
creating index...
index created!
Loading and preparing results...
DONE (t=0.01s)
creating index...
index created!
Running per image evaluation...
Evaluate annotation type *bbox*
DONE (t=1.88s).
Accumulating evaluation results...
DONE (t=0.35s).
 Average Precision  (AP) @[ IoU=0.50:0.95 | area=   all | maxDets=100 ] = 0.336
 Average Precision  (AP) @[ IoU=0.50      | area=   all | maxDets=100 ] = 0.627
 Average Precision  (AP) @[ IoU=0.75      | area=   all | maxDets=100 ] = 0.313
 Average Precision  (AP) @[ IoU=0.50:0.95 | area= small | maxDets=100 ] = -1.000
 Average Precision  (AP) @[ IoU=0.50:0.95 | area=medium | maxDets=100 ] = 0.221
 Average Precision  (AP) @[ IoU=0.50:0.95 | area= large | maxDets=100 ] = 0.466
 Average Recall     (AR) @[ IoU=0.50:0.95 | area=   all | maxDets=  1 ] = 0.242
 Average Recall     (AR) @[ IoU=0.50:0.95 | area=   all | maxDets= 10 ] = 0.442
 Average Recall     (AR) @[ IoU=0.50:0.95 | area=   all | maxDets=100 ] = 0.442
 Average Recall     (AR) @[ IoU=0.50:0.95 | area= small | maxDets=100 ] = -1.000
 Average Recall     (AR) @[ IoU=0.50:0.95 | area=medium | maxDets=100 ] = 0.320
 Average Recall     (AR) @[ IoU=0.50:0.95 | area= large | maxDets=100 ] = 0.584
[I 2026-02-24 01:33:39,312] Trial 165 finished with value: 0.626795668186746 and parameters: {'alpha': 2.3447420012204208, 'mean_rho': 0.03429944816649077, 'variance_rho': 0.045428832394450634, 'std_bias': 4.159390312118464, 'hue_threshold': 5.6606030973459704, 'value_ratio_min': 0.3241526647217071, 'value_ratio_max': 0.8703068705920451, 'saturation_diff_threshold': 31.354209135051036}. Best is trial 72 with value: 0.6466417287921127.
creating index...
index created!
Loading and preparing results...
DONE (t=0.01s)
creating index...
index created!
Running per image evaluation...
Evaluate annotation type *bbox*
DONE (t=1.74s).
Accumulating evaluation results...
DONE (t=0.27s).
 Average Precision  (AP) @[ IoU=0.50:0.95 | area=   all | maxDets=100 ] = 0.285
 Average Precision  (AP) @[ IoU=0.50      | area=   all | maxDets=100 ] = 0.566
 Average Precision  (AP) @[ IoU=0.75      | area=   all | maxDets=100 ] = 0.243
 Average Precision  (AP) @[ IoU=0.50:0.95 | area= small | maxDets=100 ] = -1.000
 Average Precision  (AP) @[ IoU=0.50:0.95 | area=medium | maxDets=100 ] = 0.235
 Average Precision  (AP) @[ IoU=0.50:0.95 | area= large | maxDets=100 ] = 0.358
 Average Recall     (AR) @[ IoU=0.50:0.95 | area=   all | maxDets=  1 ] = 0.215
 Average Recall     (AR) @[ IoU=0.50:0.95 | area=   all | maxDets= 10 ] = 0.404
 Average Recall     (AR) @[ IoU=0.50:0.95 | area=   all | maxDets=100 ] = 0.404
 Average Recall     (AR) @[ IoU=0.50:0.95 | area= small | maxDets=100 ] = -1.000
 Average Recall     (AR) @[ IoU=0.50:0.95 | area=medium | maxDets=100 ] = 0.342
 Average Recall     (AR) @[ IoU=0.50:0.95 | area= large | maxDets=100 ] = 0.477
[I 2026-02-24 01:40:08,923] Trial 173 finished with value: 0.5663178836485586 and parameters: {'alpha': 2.0814151939746104, 'mean_rho': 0.13000880920695293, 'variance_rho': 0.034737855946179036, 'std_bias': 3.848444173744256, 'hue_threshold': 9.075920644658936, 'value_ratio_min': 0.3540014044254307, 'value_ratio_max': 0.8644798250025933, 'saturation_diff_threshold': 30.114347856582818}. Best is trial 72 with value: 0.6466417287921127.
creating index...
index created!
Loading and preparing results...
DONE (t=0.01s)
creating index...
index created!
Running per image evaluation...
Evaluate annotation type *bbox*
DONE (t=2.05s).
Accumulating evaluation results...
DONE (t=0.34s).
 Average Precision  (AP) @[ IoU=0.50:0.95 | area=   all | maxDets=100 ] = 0.351
 Average Precision  (AP) @[ IoU=0.50      | area=   all | maxDets=100 ] = 0.610
 Average Precision  (AP) @[ IoU=0.75      | area=   all | maxDets=100 ] = 0.360
 Average Precision  (AP) @[ IoU=0.50:0.95 | area= small | maxDets=100 ] = -1.000
 Average Precision  (AP) @[ IoU=0.50:0.95 | area=medium | maxDets=100 ] = 0.222
 Average Precision  (AP) @[ IoU=0.50:0.95 | area= large | maxDets=100 ] = 0.507
 Average Recall     (AR) @[ IoU=0.50:0.95 | area=   all | maxDets=  1 ] = 0.253
 Average Recall     (AR) @[ IoU=0.50:0.95 | area=   all | maxDets= 10 ] = 0.481
 Average Recall     (AR) @[ IoU=0.50:0.95 | area=   all | maxDets=100 ] = 0.481
 Average Recall     (AR) @[ IoU=0.50:0.95 | area= small | maxDets=100 ] = -1.000
 Average Recall     (AR) @[ IoU=0.50:0.95 | area=medium | maxDets=100 ] = 0.346
 Average Recall     (AR) @[ IoU=0.50:0.95 | area= large | maxDets=100 ] = 0.638
[I 2026-02-24 01:47:03,696] Trial 180 finished with value: 0.6104608426577302 and parameters: {'alpha': 2.205698062613584, 'mean_rho': 0.07108491859021508, 'variance_rho': 0.06516460402104685, 'std_bias': 3.6398068912843486, 'hue_threshold': 18.5971123996302, 'value_ratio_min': 0.36169010566733817, 'value_ratio_max': 0.8655352457410158, 'saturation_diff_threshold': 28.238966971267416}. Best is trial 72 with value: 0.6466417287921127.
creating index...
index created!
Loading and preparing results...
DONE (t=0.01s)
creating index...
index created!
Running per image evaluation...
Evaluate annotation type *bbox*
DONE (t=1.99s).
Accumulating evaluation results...
DONE (t=0.38s).
 Average Precision  (AP) @[ IoU=0.50:0.95 | area=   all | maxDets=100 ] = 0.384
 Average Precision  (AP) @[ IoU=0.50      | area=   all | maxDets=100 ] = 0.625
 Average Precision  (AP) @[ IoU=0.75      | area=   all | maxDets=100 ] = 0.410
 Average Precision  (AP) @[ IoU=0.50:0.95 | area= small | maxDets=100 ] = -1.000
 Average Precision  (AP) @[ IoU=0.50:0.95 | area=medium | maxDets=100 ] = 0.246
 Average Precision  (AP) @[ IoU=0.50:0.95 | area= large | maxDets=100 ] = 0.548
 Average Recall     (AR) @[ IoU=0.50:0.95 | area=   all | maxDets=  1 ] = 0.254
 Average Recall     (AR) @[ IoU=0.50:0.95 | area=   all | maxDets= 10 ] = 0.494
 Average Recall     (AR) @[ IoU=0.50:0.95 | area=   all | maxDets=100 ] = 0.494
 Average Recall     (AR) @[ IoU=0.50:0.95 | area= small | maxDets=100 ] = -1.000
 Average Recall     (AR) @[ IoU=0.50:0.95 | area=medium | maxDets=100 ] = 0.357
 Average Recall     (AR) @[ IoU=0.50:0.95 | area= large | maxDets=100 ] = 0.653
[I 2026-02-24 01:53:26,645] Trial 188 finished with value: 0.6253590439588076 and parameters: {'alpha': 1.9784569630447155, 'mean_rho': 0.07533137167512625, 'variance_rho': 0.07874816440151065, 'std_bias': 4.371376705209568, 'hue_threshold': 17.52565133349485, 'value_ratio_min': 0.3391547807138789, 'value_ratio_max': 0.9311978321180814, 'saturation_diff_threshold': 33.74724553305444}. Best is trial 72 with value: 0.6466417287921127.Best trial: 72. Best value: 0.646642:  96%|█████████▌| 24/25 [2:49:08<06:40, 400.25s/it]Best trial: 72. Best value: 0.646642:  96%|█████████▌| 24/25 [2:49:08<06:40, 400.25s/it]Best trial: 72. Best value: 0.646642: 100%|██████████| 25/25 [2:49:08<00:00, 395.06s/it]Best trial: 72. Best value: 0.646642: 100%|██████████| 25/25 [2:49:08<00:00, 405.92s/it]


================================================================================
OPTIMIZATION COMPLETE
================================================================================

Best AP50: 0.6466

Best hyperparameters:
  alpha: 2.3395495784492826
  mean_rho: 0.08250304478944578
  variance_rho: 0.06958246671086901
  std_bias: 4.409579582318875
  hue_threshold: 17.15537190209033
  value_ratio_min: 0.3264487033390467
  value_ratio_max: 0.8717634229722113
  saturation_diff_threshold: 32.39150859974187

Total trials completed: 196
Results saved to: optuna_adaptive_no_temporal.db

To visualize results, use optuna-dashboard:
  optuna-dashboard sqlite:///optuna_adaptive_no_temporal.db
