[I 2026-02-24 00:15:03,099] Trial 73 finished with value: 0.49129305174018356 and parameters: {'alpha': 1.9760476713536408, 'mean_rho': 0.21317321088331662, 'variance_rho': 0.0010085527363037985, 'std_bias': 4.424443704504301, 'hue_threshold': 19.42687387424874, 'value_ratio_min': 0.31649477301849316, 'value_ratio_max': 0.8431478228086597, 'saturation_diff_threshold': 32.026754846148435}. Best is trial 72 with value: 0.6466417287921127.Best trial: 30. Best value: 0.638957:  36%|███▌      | 9/25 [1:10:49<1:55:47, 434.21s/it]Best trial: 72. Best value: 0.646642:  36%|███▌      | 9/25 [1:10:49<1:55:47, 434.21s/it]Best trial: 72. Best value: 0.646642:  40%|████      | 10/25 [1:10:49<1:47:04, 428.29s/it]                                                                                          Best trial: 72. Best value: 0.646642:  40%|████      | 10/25 [1:18:01<1:47:04, 428.29s/it]Best trial: 72. Best value: 0.646642:  40%|████      | 10/25 [1:18:01<1:47:04, 428.29s/it]Best trial: 72. Best value: 0.646642:  44%|████▍     | 11/25 [1:18:01<1:40:14, 429.61s/it]                                                                                          Best trial: 72. Best value: 0.646642:  44%|████▍     | 11/25 [1:24:33<1:40:14, 429.61s/it]Best trial: 72. Best value: 0.646642:  44%|████▍     | 11/25 [1:24:34<1:40:14, 429.61s/it]Best trial: 72. Best value: 0.646642:  48%|████▊     | 12/25 [1:24:34<1:30:36, 418.22s/it]                                                                                          Best trial: 72. Best value: 0.646642:  48%|████▊     | 12/25 [1:31:19<1:30:36, 418.22s/it]Best trial: 72. Best value: 0.646642:  48%|████▊     | 12/25 [1:31:19<1:30:36, 418.22s/it]Best trial: 72. Best value: 0.646642:  52%|█████▏    | 13/25 [1:31:19<1:22:52, 414.42s/it]                                                                                          Best trial: 72. Best value: 0.646642:  52%|█████▏    | 13/25 [1:37:54<1:22:52, 414.42s/it]Best trial: 72. Best value: 0.646642:  52%|█████▏    | 13/25 [1:37:54<1:22:52, 414.42s/it]Best trial: 72. Best value: 0.646642:  56%|█████▌    | 14/25 [1:37:54<1:14:53, 408.53s/it]                                                                                          
creating index...
index created!
Loading and preparing results...
DONE (t=0.01s)
creating index...
index created!
Running per image evaluation...
Evaluate annotation type *bbox*
DONE (t=1.95s).
Accumulating evaluation results...
DONE (t=0.28s).
 Average Precision  (AP) @[ IoU=0.50:0.95 | area=   all | maxDets=100 ] = 0.151
 Average Precision  (AP) @[ IoU=0.50      | area=   all | maxDets=100 ] = 0.400
 Average Precision  (AP) @[ IoU=0.75      | area=   all | maxDets=100 ] = 0.087
 Average Precision  (AP) @[ IoU=0.50:0.95 | area= small | maxDets=100 ] = -1.000
 Average Precision  (AP) @[ IoU=0.50:0.95 | area=medium | maxDets=100 ] = 0.143
 Average Precision  (AP) @[ IoU=0.50:0.95 | area= large | maxDets=100 ] = 0.174
 Average Recall     (AR) @[ IoU=0.50:0.95 | area=   all | maxDets=  1 ] = 0.146
 Average Recall     (AR) @[ IoU=0.50:0.95 | area=   all | maxDets= 10 ] = 0.272
 Average Recall     (AR) @[ IoU=0.50:0.95 | area=   all | maxDets=100 ] = 0.272
 Average Recall     (AR) @[ IoU=0.50:0.95 | area= small | maxDets=100 ] = -1.000
 Average Recall     (AR) @[ IoU=0.50:0.95 | area=medium | maxDets=100 ] = 0.263
 Average Recall     (AR) @[ IoU=0.50:0.95 | area= large | maxDets=100 ] = 0.282
[I 2026-02-24 00:22:15,711] Trial 81 finished with value: 0.3996168032585782 and parameters: {'alpha': 1.5199786002758804, 'mean_rho': 0.03831738756361988, 'variance_rho': 0.0656951631870869, 'std_bias': 3.637019526783153, 'hue_threshold': 16.003407583918037, 'value_ratio_min': 0.5318209308549349, 'value_ratio_max': 0.8436922134738061, 'saturation_diff_threshold': 31.667485455903105}. Best is trial 72 with value: 0.6466417287921127.
creating index...
index created!
Loading and preparing results...
DONE (t=0.01s)
creating index...
index created!
Running per image evaluation...
Evaluate annotation type *bbox*
DONE (t=1.92s).
Accumulating evaluation results...
DONE (t=0.40s).
 Average Precision  (AP) @[ IoU=0.50:0.95 | area=   all | maxDets=100 ] = 0.324
 Average Precision  (AP) @[ IoU=0.50      | area=   all | maxDets=100 ] = 0.593
 Average Precision  (AP) @[ IoU=0.75      | area=   all | maxDets=100 ] = 0.297
 Average Precision  (AP) @[ IoU=0.50:0.95 | area= small | maxDets=100 ] = -1.000
 Average Precision  (AP) @[ IoU=0.50:0.95 | area=medium | maxDets=100 ] = 0.221
 Average Precision  (AP) @[ IoU=0.50:0.95 | area= large | maxDets=100 ] = 0.451
 Average Recall     (AR) @[ IoU=0.50:0.95 | area=   all | maxDets=  1 ] = 0.243
 Average Recall     (AR) @[ IoU=0.50:0.95 | area=   all | maxDets= 10 ] = 0.456
 Average Recall     (AR) @[ IoU=0.50:0.95 | area=   all | maxDets=100 ] = 0.456
 Average Recall     (AR) @[ IoU=0.50:0.95 | area= small | maxDets=100 ] = -1.000
 Average Recall     (AR) @[ IoU=0.50:0.95 | area=medium | maxDets=100 ] = 0.337
 Average Recall     (AR) @[ IoU=0.50:0.95 | area= large | maxDets=100 ] = 0.593
[I 2026-02-24 00:28:47,886] Trial 91 finished with value: 0.5930661115891547 and parameters: {'alpha': 2.144195115284586, 'mean_rho': 0.030702609242604807, 'variance_rho': 0.03944817596224803, 'std_bias': 3.3410844718483546, 'hue_threshold': 21.410161459568336, 'value_ratio_min': 0.4805688382275682, 'value_ratio_max': 0.8555221788576894, 'saturation_diff_threshold': 28.44549567902008}. Best is trial 72 with value: 0.6466417287921127.
creating index...
index created!
Loading and preparing results...
DONE (t=0.02s)
creating index...
index created!
Running per image evaluation...
Evaluate annotation type *bbox*
DONE (t=2.01s).
Accumulating evaluation results...
DONE (t=0.51s).
 Average Precision  (AP) @[ IoU=0.50:0.95 | area=   all | maxDets=100 ] = 0.354
 Average Precision  (AP) @[ IoU=0.50      | area=   all | maxDets=100 ] = 0.596
 Average Precision  (AP) @[ IoU=0.75      | area=   all | maxDets=100 ] = 0.377
 Average Precision  (AP) @[ IoU=0.50:0.95 | area= small | maxDets=100 ] = -1.000
 Average Precision  (AP) @[ IoU=0.50:0.95 | area=medium | maxDets=100 ] = 0.235
 Average Precision  (AP) @[ IoU=0.50:0.95 | area= large | maxDets=100 ] = 0.491
 Average Recall     (AR) @[ IoU=0.50:0.95 | area=   all | maxDets=  1 ] = 0.244
 Average Recall     (AR) @[ IoU=0.50:0.95 | area=   all | maxDets= 10 ] = 0.466
 Average Recall     (AR) @[ IoU=0.50:0.95 | area=   all | maxDets=100 ] = 0.466
 Average Recall     (AR) @[ IoU=0.50:0.95 | area= small | maxDets=100 ] = -1.000
 Average Recall     (AR) @[ IoU=0.50:0.95 | area=medium | maxDets=100 ] = 0.358
 Average Recall     (AR) @[ IoU=0.50:0.95 | area= large | maxDets=100 ] = 0.592
[I 2026-02-24 00:35:33,550] Trial 96 finished with value: 0.5964060649102336 and parameters: {'alpha': 1.9058687110306487, 'mean_rho': 0.11259777086131448, 'variance_rho': 0.12444232142626671, 'std_bias': 4.065985635167658, 'hue_threshold': 14.833711871333607, 'value_ratio_min': 0.4009069208163455, 'value_ratio_max': 0.9559102846859092, 'saturation_diff_threshold': 29.503007045870522}. Best is trial 72 with value: 0.6466417287921127.
creating index...
index created!
Loading and preparing results...
DONE (t=0.02s)
creating index...
index created!
Running per image evaluation...
Evaluate annotation type *bbox*
DONE (t=1.69s).
Accumulating evaluation results...
DONE (t=0.36s).
 Average Precision  (AP) @[ IoU=0.50:0.95 | area=   all | maxDets=100 ] = 0.304
 Average Precision  (AP) @[ IoU=0.50      | area=   all | maxDets=100 ] = 0.550
 Average Precision  (AP) @[ IoU=0.75      | area=   all | maxDets=100 ] = 0.289
 Average Precision  (AP) @[ IoU=0.50:0.95 | area= small | maxDets=100 ] = -1.000
 Average Precision  (AP) @[ IoU=0.50:0.95 | area=medium | maxDets=100 ] = 0.143
 Average Precision  (AP) @[ IoU=0.50:0.95 | area= large | maxDets=100 ] = 0.505
 Average Recall     (AR) @[ IoU=0.50:0.95 | area=   all | maxDets=  1 ] = 0.226
 Average Recall     (AR) @[ IoU=0.50:0.95 | area=   all | maxDets= 10 ] = 0.411
 Average Recall     (AR) @[ IoU=0.50:0.95 | area=   all | maxDets=100 ] = 0.411
 Average Recall     (AR) @[ IoU=0.50:0.95 | area= small | maxDets=100 ] = -1.000
 Average Recall     (AR) @[ IoU=0.50:0.95 | area=medium | maxDets=100 ] = 0.234
 Average Recall     (AR) @[ IoU=0.50:0.95 | area= large | maxDets=100 ] = 0.617
[I 2026-02-24 00:42:08,494] Trial 104 finished with value: 0.5497443118540084 and parameters: {'alpha': 2.418976767999824, 'mean_rho': 0.07775693952930976, 'variance_rho': 0.18087680941162515, 'std_bias': 4.297071958960347, 'hue_threshold': 10.37507121298773, 'value_ratio_min': 0.43862440828052496, 'value_ratio_max': 0.9004709800800399, 'saturation_diff_threshold': 30.16487639127417}. Best is trial 72 with value: 0.6466417287921127.
creating index...
index created!
Loading and preparing results...
DONE (t=0.02s)
creating index...
index created!
Running per image evaluation...
Evaluate annotation type *bbox*
DONE (t=1.95s).
Accumulating evaluation results...
DONE (t=0.36s).
 Average Precision  (AP) @[ IoU=0.50:0.95 | area=   all | maxDets=100 ] = 0.346
 Average Precision  (AP) @[ IoU=0.50      | area=   all | maxDets=100 ] = 0.633
 Average Precision  (AP) @[ IoU=0.75      | area=   all | maxDets=100 ] = 0.330
 Average Precision  (AP) @[ IoU=0.50:0.95 | area= small | maxDets=100 ] = -1.000
 Average Precision  (AP) @[ IoU=0.50:0.95 | area=medium | maxDets=100 ] = 0.231
 Average Precision  (AP) @[ IoU=0.50:0.95 | area= large | maxDets=100 ] = 0.482
 Average Recall     (AR) @[ IoU=0.50:0.95 | area=   all | maxDets=  1 ] = 0.242
 Average Recall     (AR) @[ IoU=0.50:0.95 | area=   all | maxDets= 10 ] = 0.458
 Average Recall     (AR) @[ IoU=0.50:0.95 | area=   all | maxDets=100 ] = 0.458
 Average Recall     (AR) @[ IoU=0.50:0.95 | area= small | maxDets=100 ] = -1.000
 Average Recall     (AR) @[ IoU=0.50:0.95 | area=medium | maxDets=100 ] = 0.337
 Average Recall     (AR) @[ IoU=0.50:0.95 | area= large | maxDets=100 ] = 0.599
[I 2026-02-24 00:48:42,482] Trial 112 finished with value: 0.6331429054016832 and parameters: {'alpha': 2.068102056108752, 'mean_rho': 0.05398105061040891, 'variance_rho': 0.08947296620643229, 'std_bias': 4.331982331997853, 'hue_threshold': 8.191776987345449, 'value_ratio_min': 0.42094593570975447, 'value_ratio_max': 0.8749845978737415, 'saturation_diff_threshold': 33.30845632285978}. Best is trial 72 with value: 0.6466417287921127.Best trial: 72. Best value: 0.646642:  56%|█████▌    | 14/25 [1:44:28<1:14:53, 408.53s/it]Best trial: 72. Best value: 0.646642:  56%|█████▌    | 14/25 [1:44:28<1:14:53, 408.53s/it]Best trial: 72. Best value: 0.646642:  60%|██████    | 15/25 [1:44:28<1:07:21, 404.15s/it]                                                                                          Best trial: 72. Best value: 0.646642:  60%|██████    | 15/25 [1:50:55<1:07:21, 404.15s/it]Best trial: 72. Best value: 0.646642:  60%|██████    | 15/25 [1:50:55<1:07:21, 404.15s/it]Best trial: 72. Best value: 0.646642:  64%|██████▍   | 16/25 [1:50:55<59:50, 398.95s/it]                                                                                          Best trial: 72. Best value: 0.646642:  64%|██████▍   | 16/25 [1:57:22<59:50, 398.95s/it]Best trial: 72. Best value: 0.646642:  64%|██████▍   | 16/25 [1:57:22<59:50, 398.95s/it]Best trial: 72. Best value: 0.646642:  68%|██████▊   | 17/25 [1:57:22<52:43, 395.39s/it]                                                                                        Best trial: 72. Best value: 0.646642:  68%|██████▊   | 17/25 [2:03:52<52:43, 395.39s/it]Best trial: 72. Best value: 0.646642:  68%|██████▊   | 17/25 [2:03:52<52:43, 395.39s/it]Best trial: 72. Best value: 0.646642:  72%|███████▏  | 18/25 [2:03:52<45:55, 393.63s/it]                                                                                        Best trial: 72. Best value: 0.646642:  72%|███████▏  | 18/25 [2:10:39<45:55, 393.63s/it]Best trial: 72. Best value: 0.646642:  72%|███████▏  | 18/25 [2:10:39<45:55, 393.63s/it]Best trial: 72. Best value: 0.646642:  76%|███████▌  | 19/25 [2:10:39<39:46, 397.76s/it]                                                                                        
creating index...
index created!
Loading and preparing results...
DONE (t=0.01s)
creating index...
index created!
Running per image evaluation...
Evaluate annotation type *bbox*
DONE (t=1.81s).
Accumulating evaluation results...
DONE (t=0.29s).
 Average Precision  (AP) @[ IoU=0.50:0.95 | area=   all | maxDets=100 ] = 0.351
 Average Precision  (AP) @[ IoU=0.50      | area=   all | maxDets=100 ] = 0.634
 Average Precision  (AP) @[ IoU=0.75      | area=   all | maxDets=100 ] = 0.336
 Average Precision  (AP) @[ IoU=0.50:0.95 | area= small | maxDets=100 ] = -1.000
 Average Precision  (AP) @[ IoU=0.50:0.95 | area=medium | maxDets=100 ] = 0.207
 Average Precision  (AP) @[ IoU=0.50:0.95 | area= large | maxDets=100 ] = 0.513
 Average Recall     (AR) @[ IoU=0.50:0.95 | area=   all | maxDets=  1 ] = 0.245
 Average Recall     (AR) @[ IoU=0.50:0.95 | area=   all | maxDets= 10 ] = 0.447
 Average Recall     (AR) @[ IoU=0.50:0.95 | area=   all | maxDets=100 ] = 0.447
 Average Recall     (AR) @[ IoU=0.50:0.95 | area= small | maxDets=100 ] = -1.000
 Average Recall     (AR) @[ IoU=0.50:0.95 | area=medium | maxDets=100 ] = 0.299
 Average Recall     (AR) @[ IoU=0.50:0.95 | area= large | maxDets=100 ] = 0.618
[I 2026-02-24 00:55:09,363] Trial 120 finished with value: 0.6335607709732652 and parameters: {'alpha': 2.574939359632026, 'mean_rho': 0.05286417876345607, 'variance_rho': 0.05568756661287509, 'std_bias': 3.7266557343907385, 'hue_threshold': 6.210003822467723, 'value_ratio_min': 0.39511831865644387, 'value_ratio_max': 0.8647247131072863, 'saturation_diff_threshold': 33.037314883358405}. Best is trial 72 with value: 0.6466417287921127.
creating index...
index created!
Loading and preparing results...
DONE (t=0.02s)
creating index...
index created!
Running per image evaluation...
Evaluate annotation type *bbox*
DONE (t=1.89s).
Accumulating evaluation results...
DONE (t=0.36s).
 Average Precision  (AP) @[ IoU=0.50:0.95 | area=   all | maxDets=100 ] = 0.335
 Average Precision  (AP) @[ IoU=0.50      | area=   all | maxDets=100 ] = 0.606
 Average Precision  (AP) @[ IoU=0.75      | area=   all | maxDets=100 ] = 0.326
 Average Precision  (AP) @[ IoU=0.50:0.95 | area= small | maxDets=100 ] = -1.000
 Average Precision  (AP) @[ IoU=0.50:0.95 | area=medium | maxDets=100 ] = 0.176
 Average Precision  (AP) @[ IoU=0.50:0.95 | area= large | maxDets=100 ] = 0.523
 Average Recall     (AR) @[ IoU=0.50:0.95 | area=   all | maxDets=  1 ] = 0.241
 Average Recall     (AR) @[ IoU=0.50:0.95 | area=   all | maxDets= 10 ] = 0.441
 Average Recall     (AR) @[ IoU=0.50:0.95 | area=   all | maxDets=100 ] = 0.441
 Average Recall     (AR) @[ IoU=0.50:0.95 | area= small | maxDets=100 ] = -1.000
 Average Recall     (AR) @[ IoU=0.50:0.95 | area=medium | maxDets=100 ] = 0.277
 Average Recall     (AR) @[ IoU=0.50:0.95 | area= large | maxDets=100 ] = 0.631
[I 2026-02-24 01:01:36,459] Trial 128 finished with value: 0.6059005604583454 and parameters: {'alpha': 2.688885005770049, 'mean_rho': 0.09313386826113092, 'variance_rho': 0.0840075899781871, 'std_bias': 3.42341298269859, 'hue_threshold': 7.022822033984178, 'value_ratio_min': 0.3929758818035988, 'value_ratio_max': 0.8666089789922956, 'saturation_diff_threshold': 34.80832956510407}. Best is trial 72 with value: 0.6466417287921127.
creating index...
index created!
Loading and preparing results...
DONE (t=0.02s)
creating index...
index created!
Running per image evaluation...
Evaluate annotation type *bbox*
DONE (t=1.84s).
Accumulating evaluation results...
DONE (t=0.32s).
 Average Precision  (AP) @[ IoU=0.50:0.95 | area=   all | maxDets=100 ] = 0.334
 Average Precision  (AP) @[ IoU=0.50      | area=   all | maxDets=100 ] = 0.595
 Average Precision  (AP) @[ IoU=0.75      | area=   all | maxDets=100 ] = 0.326
 Average Precision  (AP) @[ IoU=0.50:0.95 | area= small | maxDets=100 ] = -1.000
 Average Precision  (AP) @[ IoU=0.50:0.95 | area=medium | maxDets=100 ] = 0.217
 Average Precision  (AP) @[ IoU=0.50:0.95 | area= large | maxDets=100 ] = 0.469
 Average Recall     (AR) @[ IoU=0.50:0.95 | area=   all | maxDets=  1 ] = 0.230
 Average Recall     (AR) @[ IoU=0.50:0.95 | area=   all | maxDets= 10 ] = 0.435
 Average Recall     (AR) @[ IoU=0.50:0.95 | area=   all | maxDets=100 ] = 0.435
 Average Recall     (AR) @[ IoU=0.50:0.95 | area= small | maxDets=100 ] = -1.000
 Average Recall     (AR) @[ IoU=0.50:0.95 | area=medium | maxDets=100 ] = 0.314
 Average Recall     (AR) @[ IoU=0.50:0.95 | area= large | maxDets=100 ] = 0.575
[I 2026-02-24 01:08:06,014] Trial 136 finished with value: 0.5952259807283744 and parameters: {'alpha': 2.855932921260386, 'mean_rho': 0.04715094478924571, 'variance_rho': 0.01636855079023488, 'std_bias': 3.297336119030859, 'hue_threshold': 8.679254685081457, 'value_ratio_min': 0.6582844554390808, 'value_ratio_max': 0.8604288448393052, 'saturation_diff_threshold': 36.25267208204012}. Best is trial 72 with value: 0.6466417287921127.
creating index...
index created!
Loading and preparing results...
DONE (t=0.01s)
creating index...
index created!
Running per image evaluation...
Evaluate annotation type *bbox*
DONE (t=1.94s).
Accumulating evaluation results...
DONE (t=0.35s).
 Average Precision  (AP) @[ IoU=0.50:0.95 | area=   all | maxDets=100 ] = 0.383
 Average Precision  (AP) @[ IoU=0.50      | area=   all | maxDets=100 ] = 0.640
 Average Precision  (AP) @[ IoU=0.75      | area=   all | maxDets=100 ] = 0.394
 Average Precision  (AP) @[ IoU=0.50:0.95 | area= small | maxDets=100 ] = -1.000
 Average Precision  (AP) @[ IoU=0.50:0.95 | area=medium | maxDets=100 ] = 0.216
 Average Precision  (AP) @[ IoU=0.50:0.95 | area= large | maxDets=100 ] = 0.575
 Average Recall     (AR) @[ IoU=0.50:0.95 | area=   all | maxDets=  1 ] = 0.257
 Average Recall     (AR) @[ IoU=0.50:0.95 | area=   all | maxDets= 10 ] = 0.487
 Average Recall     (AR) @[ IoU=0.50:0.95 | area=   all | maxDets=100 ] = 0.487
 Average Recall     (AR) @[ IoU=0.50:0.95 | area= small | maxDets=100 ] = -1.000
 Average Recall     (AR) @[ IoU=0.50:0.95 | area=medium | maxDets=100 ] = 0.321
 Average Recall     (AR) @[ IoU=0.50:0.95 | area= large | maxDets=100 ] = 0.679
[I 2026-02-24 01:14:53,396] Trial 143 finished with value: 0.6403654250093732 and parameters: {'alpha': 2.3269848369502037, 'mean_rho': 0.0625438868791435, 'variance_rho': 0.07354431640940493, 'std_bias': 3.876811008994281, 'hue_threshold': 15.426030262079397, 'value_ratio_min': 0.344245508548343, 'value_ratio_max': 0.877713057770514, 'saturation_diff_threshold': 31.402159634436835}. Best is trial 72 with value: 0.6466417287921127.
creating index...
index created!
Loading and preparing results...
DONE (t=0.01s)
creating index...
index created!
Running per image evaluation...
Evaluate annotation type *bbox*
DONE (t=1.80s).
Accumulating evaluation results...
DONE (t=0.36s).
 Average Precision  (AP) @[ IoU=0.50:0.95 | area=   all | maxDets=100 ] = 0.381
 Average Precision  (AP) @[ IoU=0.50      | area=   all | maxDets=100 ] = 0.629
 Average Precision  (AP) @[ IoU=0.75      | area=   all | maxDets=100 ] = 0.382
 Average Precision  (AP) @[ IoU=0.50:0.95 | area= small | maxDets=100 ] = -1.000
 Average Precision  (AP) @[ IoU=0.50:0.95 | area=medium | maxDets=100 ] = 0.200
 Average Precision  (AP) @[ IoU=0.50:0.95 | area= large | maxDets=100 ] = 0.595
 Average Recall     (AR) @[ IoU=0.50:0.95 | area=   all | maxDets=  1 ] = 0.257
 Average Recall     (AR) @[ IoU=0.50:0.95 | area=   all | maxDets= 10 ] = 0.480
 Average Recall     (AR) @[ IoU=0.50:0.95 | area=   all | maxDets=100 ] = 0.480
 Average Recall     (AR) @[ IoU=0.50:0.95 | area= small | maxDets=100 ] = -1.000
 Average Recall     (AR) @[ IoU=0.50:0.95 | area=medium | maxDets=100 ] = 0.298
 Average Recall     (AR) @[ IoU=0.50:0.95 | area= large | maxDets=100 ] = 0.691
