[I 2026-02-24 02:05:30,611] Using an existing study with name 'adaptive_with_temporal' instead of creating a new one.
Loading annotations and video...
Starting optimization for study 'adaptive_with_temporal'
Using temporal detector: True
Database: optuna_adaptive_with_temporal.db
Number of trials: 25

To run in parallel, execute this same command in multiple terminals.
--------------------------------------------------------------------------------
  0%|          | 0/25 [00:00<?, ?it/s]                                        0%|          | 0/25 [07:19<?, ?it/s]Best trial: 6. Best value: 0.507345:   0%|          | 0/25 [07:19<?, ?it/s]Best trial: 6. Best value: 0.507345:   4%|▍         | 1/25 [07:19<2:55:36, 439.02s/it]                                                                                      Best trial: 6. Best value: 0.507345:   4%|▍         | 1/25 [14:33<2:55:36, 439.02s/it]Best trial: 9. Best value: 0.511043:   4%|▍         | 1/25 [14:33<2:55:36, 439.02s/it]Best trial: 9. Best value: 0.511043:   8%|▊         | 2/25 [14:33<2:47:15, 436.32s/it]                                                                                      Best trial: 9. Best value: 0.511043:   8%|▊         | 2/25 [21:48<2:47:15, 436.32s/it]Best trial: 12. Best value: 0.59836:   8%|▊         | 2/25 [21:48<2:47:15, 436.32s/it]Best trial: 12. Best value: 0.59836:  12%|█▏        | 3/25 [21:48<2:39:49, 435.88s/it]                                                                                      Best trial: 12. Best value: 0.59836:  12%|█▏        | 3/25 [32:49<2:39:49, 435.88s/it]Best trial: 27. Best value: 0.621864:  12%|█▏        | 3/25 [32:49<2:39:49, 435.88s/it]Best trial: 27. Best value: 0.621864:  16%|█▌        | 4/25 [32:49<3:03:37, 524.66s/it]                                                                                       creating index...
index created!
Loading and preparing results...
DONE (t=0.01s)
creating index...
index created!
Running per image evaluation...
Evaluate annotation type *bbox*
DONE (t=2.00s).
Accumulating evaluation results...
DONE (t=0.31s).
 Average Precision  (AP) @[ IoU=0.50:0.95 | area=   all | maxDets=100 ] = 0.255
 Average Precision  (AP) @[ IoU=0.50      | area=   all | maxDets=100 ] = 0.507
 Average Precision  (AP) @[ IoU=0.75      | area=   all | maxDets=100 ] = 0.242
 Average Precision  (AP) @[ IoU=0.50:0.95 | area= small | maxDets=100 ] = -1.000
 Average Precision  (AP) @[ IoU=0.50:0.95 | area=medium | maxDets=100 ] = 0.074
 Average Precision  (AP) @[ IoU=0.50:0.95 | area= large | maxDets=100 ] = 0.467
 Average Recall     (AR) @[ IoU=0.50:0.95 | area=   all | maxDets=  1 ] = 0.187
 Average Recall     (AR) @[ IoU=0.50:0.95 | area=   all | maxDets= 10 ] = 0.338
 Average Recall     (AR) @[ IoU=0.50:0.95 | area=   all | maxDets=100 ] = 0.338
 Average Recall     (AR) @[ IoU=0.50:0.95 | area= small | maxDets=100 ] = -1.000
 Average Recall     (AR) @[ IoU=0.50:0.95 | area=medium | maxDets=100 ] = 0.159
 Average Recall     (AR) @[ IoU=0.50:0.95 | area= large | maxDets=100 ] = 0.545
[I 2026-02-24 02:12:49,643] Trial 6 finished with value: 0.5073452909060291 and parameters: {'alpha': 2.869051042530123, 'mean_rho': 0.18993934154537787, 'variance_rho': 0.0017352000450826036, 'std_bias': 4.353426715629184, 'hue_threshold': 29.041410553212508, 'value_ratio_min': 0.5615693693981743, 'value_ratio_max': 0.93287808613569, 'saturation_diff_threshold': 10.071653255267847}. Best is trial 6 with value: 0.5073452909060291.
creating index...
index created!
Loading and preparing results...
DONE (t=0.01s)
creating index...
index created!
Running per image evaluation...
Evaluate annotation type *bbox*
DONE (t=1.71s).
Accumulating evaluation results...
DONE (t=0.25s).
 Average Precision  (AP) @[ IoU=0.50:0.95 | area=   all | maxDets=100 ] = 0.179
 Average Precision  (AP) @[ IoU=0.50      | area=   all | maxDets=100 ] = 0.405
 Average Precision  (AP) @[ IoU=0.75      | area=   all | maxDets=100 ] = 0.135
 Average Precision  (AP) @[ IoU=0.50:0.95 | area= small | maxDets=100 ] = -1.000
 Average Precision  (AP) @[ IoU=0.50:0.95 | area=medium | maxDets=100 ] = 0.066
 Average Precision  (AP) @[ IoU=0.50:0.95 | area= large | maxDets=100 ] = 0.331
 Average Recall     (AR) @[ IoU=0.50:0.95 | area=   all | maxDets=  1 ] = 0.161
 Average Recall     (AR) @[ IoU=0.50:0.95 | area=   all | maxDets= 10 ] = 0.275
 Average Recall     (AR) @[ IoU=0.50:0.95 | area=   all | maxDets=100 ] = 0.275
 Average Recall     (AR) @[ IoU=0.50:0.95 | area= small | maxDets=100 ] = -1.000
 Average Recall     (AR) @[ IoU=0.50:0.95 | area=medium | maxDets=100 ] = 0.126
 Average Recall     (AR) @[ IoU=0.50:0.95 | area= large | maxDets=100 ] = 0.448
[I 2026-02-24 02:20:04,078] Trial 11 finished with value: 0.4045068906313364 and parameters: {'alpha': 4.319112286007119, 'mean_rho': 0.3223075730228202, 'variance_rho': 0.09304337378715782, 'std_bias': 1.774616553016296, 'hue_threshold': 14.694388905240462, 'value_ratio_min': 0.33638250477500464, 'value_ratio_max': 0.8989718244915593, 'saturation_diff_threshold': 27.954693229354625}. Best is trial 9 with value: 0.5110432072704022.
creating index...
index created!
Loading and preparing results...
DONE (t=0.01s)
creating index...
index created!
Running per image evaluation...
Evaluate annotation type *bbox*
DONE (t=1.87s).
Accumulating evaluation results...
DONE (t=0.26s).
 Average Precision  (AP) @[ IoU=0.50:0.95 | area=   all | maxDets=100 ] = 0.212
 Average Precision  (AP) @[ IoU=0.50      | area=   all | maxDets=100 ] = 0.497
 Average Precision  (AP) @[ IoU=0.75      | area=   all | maxDets=100 ] = 0.138
 Average Precision  (AP) @[ IoU=0.50:0.95 | area= small | maxDets=100 ] = -1.000
 Average Precision  (AP) @[ IoU=0.50:0.95 | area=medium | maxDets=100 ] = 0.106
 Average Precision  (AP) @[ IoU=0.50:0.95 | area= large | maxDets=100 ] = 0.339
 Average Recall     (AR) @[ IoU=0.50:0.95 | area=   all | maxDets=  1 ] = 0.168
 Average Recall     (AR) @[ IoU=0.50:0.95 | area=   all | maxDets= 10 ] = 0.312
 Average Recall     (AR) @[ IoU=0.50:0.95 | area=   all | maxDets=100 ] = 0.312
 Average Recall     (AR) @[ IoU=0.50:0.95 | area= small | maxDets=100 ] = -1.000
 Average Recall     (AR) @[ IoU=0.50:0.95 | area=medium | maxDets=100 ] = 0.198
 Average Recall     (AR) @[ IoU=0.50:0.95 | area= large | maxDets=100 ] = 0.445
[I 2026-02-24 02:27:19,440] Trial 18 finished with value: 0.4970613526760522 and parameters: {'alpha': 2.3177024633788426, 'mean_rho': 0.13042587087905427, 'variance_rho': 0.30436695763988225, 'std_bias': 3.8837629313563378, 'hue_threshold': 5.058328927226555, 'value_ratio_min': 0.6147917080208405, 'value_ratio_max': 0.9432709306966373, 'saturation_diff_threshold': 10.539102609649895}. Best is trial 12 with value: 0.5983602105526338.
creating index...
index created!
Loading and preparing results...
DONE (t=0.02s)
creating index...
index created!
Running per image evaluation...
Evaluate annotation type *bbox*
DONE (t=2.77s).
Accumulating evaluation results...
DONE (t=0.38s).
 Average Precision  (AP) @[ IoU=0.50:0.95 | area=   all | maxDets=100 ] = 0.026
 Average Precision  (AP) @[ IoU=0.50      | area=   all | maxDets=100 ] = 0.060
 Average Precision  (AP) @[ IoU=0.75      | area=   all | maxDets=100 ] = 0.018
 Average Precision  (AP) @[ IoU=0.50:0.95 | area= small | maxDets=100 ] = -1.000
 Average Precision  (AP) @[ IoU=0.50:0.95 | area=medium | maxDets=100 ] = 0.003
 Average Precision  (AP) @[ IoU=0.50:0.95 | area= large | maxDets=100 ] = 0.056
 Average Recall     (AR) @[ IoU=0.50:0.95 | area=   all | maxDets=  1 ] = 0.015
 Average Recall     (AR) @[ IoU=0.50:0.95 | area=   all | maxDets= 10 ] = 0.067
 Average Recall     (AR) @[ IoU=0.50:0.95 | area=   all | maxDets=100 ] = 0.069
 Average Recall     (AR) @[ IoU=0.50:0.95 | area= small | maxDets=100 ] = -1.000
 Average Recall     (AR) @[ IoU=0.50:0.95 | area=medium | maxDets=100 ] = 0.037
 Average Recall     (AR) @[ IoU=0.50:0.95 | area= large | maxDets=100 ] = 0.106
[I 2026-02-24 02:38:20,194] Trial 24 finished with value: 0.059658923428323726 and parameters: {'alpha': 1.0638001974077154, 'mean_rho': 0.3645728125906489, 'variance_rho': 0.04775474248596347, 'std_bias': 2.1783233812525564, 'hue_threshold': 29.421251494173312, 'value_ratio_min': 0.3007826226527789, 'value_ratio_max': 0.9437765653947533, 'saturation_diff_threshold': 18.652277678362385}. Best is trial 27 with value: 0.6218635226564296.
creating index...
index created!
Loading and preparing results...
DONE (t=0.01s)
creating index...
index created!
Running per image evaluation...
Evaluate annotation type *bbox*
DONE (t=1.85s).
Accumulating evaluation results...
DONE (t=0.28s).
 Average Precision  (AP) @[ IoU=0.50:0.95 | area=   all | maxDets=100 ] = 0.233
 Average Precision  (AP) @[ IoU=0.50      | area=   all | maxDets=100 ] = 0.452
 Average Precision  (AP) @[ IoU=0.75      | area=   all | maxDets=100 ] = 0.203
 Average Precision  (AP) @[ IoU=0.50:0.95 | area= small | maxDets=100 ] = -1.000
 Average Precision  (AP) @[ IoU=0.50:0.95 | area=medium | maxDets=100 ] = 0.084
 Average Precision  (AP) @[ IoU=0.50:0.95 | area= large | maxDets=100 ] = 0.438
 Average Recall     (AR) @[ IoU=0.50:0.95 | area=   all | maxDets=  1 ] = 0.191
 Average Recall     (AR) @[ IoU=0.50:0.95 | area=   all | maxDets= 10 ] = 0.336
 Average Recall     (AR) @[ IoU=0.50:0.95 | area=   all | maxDets=100 ] = 0.336
 Average Recall     (AR) @[ IoU=0.50:0.95 | area= small | maxDets=100 ] = -1.000
 Average Recall     (AR) @[ IoU=0.50:0.95 | area=medium | maxDets=100 ] = 0.149
 Average Recall     (AR) @[ IoU=0.50:0.95 | area= large | maxDets=100 ] = 0.552
[I 2026-02-24 02:45:39,383] Trial 35 finished with value: 0.45246181241597067 and parameters: {'alpha': 3.1286351520469022, 'mean_rho': 0.2442619335779814, 'variance_rho': 0.1507828253390697, 'std_bias': 3.2202720888537963, 'hue_threshold': 26.613815110782692, 'value_ratio_min': 0.4207214852307477, 'value_ratio_max': 0.917631746926584, 'saturation_diff_threshold': 33.1459649891044}. Best is trial 27 with value: 0.6218635226564296.Best trial: 27. Best value: 0.621864:  16%|█▌        | 4/25 [40:08<3:03:37, 524.66s/it]Best trial: 27. Best value: 0.621864:  16%|█▌        | 4/25 [40:08<3:03:37, 524.66s/it]Best trial: 27. Best value: 0.621864:  20%|██        | 5/25 [40:08<2:44:36, 493.84s/it]                                                                                       Best trial: 27. Best value: 0.621864:  20%|██        | 5/25 [47:29<2:44:36, 493.84s/it]Best trial: 27. Best value: 0.621864:  20%|██        | 5/25 [47:29<2:44:36, 493.84s/it]Best trial: 27. Best value: 0.621864:  24%|██▍       | 6/25 [47:29<2:30:42, 475.92s/it]                                                                                       Best trial: 27. Best value: 0.621864:  24%|██▍       | 6/25 [56:37<2:30:42, 475.92s/it]Best trial: 27. Best value: 0.621864:  24%|██▍       | 6/25 [56:37<2:30:42, 475.92s/it]Best trial: 27. Best value: 0.621864:  28%|██▊       | 7/25 [56:37<2:29:45, 499.22s/it]                                                                                       Best trial: 27. Best value: 0.621864:  28%|██▊       | 7/25 [1:03:55<2:29:45, 499.22s/it]Best trial: 27. Best value: 0.621864:  28%|██▊       | 7/25 [1:03:55<2:29:45, 499.22s/it]Best trial: 27. Best value: 0.621864:  32%|███▏      | 8/25 [1:03:55<2:15:55, 479.71s/it]                                                                                         Best trial: 27. Best value: 0.621864:  32%|███▏      | 8/25 [1:12:46<2:15:55, 479.71s/it]Best trial: 27. Best value: 0.621864:  32%|███▏      | 8/25 [1:12:46<2:15:55, 479.71s/it]Best trial: 27. Best value: 0.621864:  36%|███▌      | 9/25 [1:12:46<2:12:15, 495.98s/it]                                                                                         
creating index...
index created!
Loading and preparing results...
DONE (t=0.01s)
creating index...
index created!
Running per image evaluation...
Evaluate annotation type *bbox*
DONE (t=1.57s).
Accumulating evaluation results...
DONE (t=0.56s).
 Average Precision  (AP) @[ IoU=0.50:0.95 | area=   all | maxDets=100 ] = 0.197
 Average Precision  (AP) @[ IoU=0.50      | area=   all | maxDets=100 ] = 0.432
 Average Precision  (AP) @[ IoU=0.75      | area=   all | maxDets=100 ] = 0.154
 Average Precision  (AP) @[ IoU=0.50:0.95 | area= small | maxDets=100 ] = -1.000
 Average Precision  (AP) @[ IoU=0.50:0.95 | area=medium | maxDets=100 ] = 0.075
 Average Precision  (AP) @[ IoU=0.50:0.95 | area= large | maxDets=100 ] = 0.365
 Average Recall     (AR) @[ IoU=0.50:0.95 | area=   all | maxDets=  1 ] = 0.171
 Average Recall     (AR) @[ IoU=0.50:0.95 | area=   all | maxDets= 10 ] = 0.302
 Average Recall     (AR) @[ IoU=0.50:0.95 | area=   all | maxDets=100 ] = 0.303
 Average Recall     (AR) @[ IoU=0.50:0.95 | area= small | maxDets=100 ] = -1.000
 Average Recall     (AR) @[ IoU=0.50:0.95 | area=medium | maxDets=100 ] = 0.145
 Average Recall     (AR) @[ IoU=0.50:0.95 | area= large | maxDets=100 ] = 0.487
[I 2026-02-24 02:53:00,519] Trial 43 finished with value: 0.4318493904017961 and parameters: {'alpha': 3.8862277361419713, 'mean_rho': 0.21965134452526722, 'variance_rho': 0.1241169074376624, 'std_bias': 1.3472804524186845, 'hue_threshold': 24.048795558768727, 'value_ratio_min': 0.3740812444070374, 'value_ratio_max': 0.9230148183532303, 'saturation_diff_threshold': 37.219822818728055}. Best is trial 27 with value: 0.6218635226564296.
creating index...
index created!
Loading and preparing results...
DONE (t=0.04s)
creating index...
index created!
Running per image evaluation...
Evaluate annotation type *bbox*
DONE (t=2.95s).
Accumulating evaluation results...
DONE (t=0.39s).
 Average Precision  (AP) @[ IoU=0.50:0.95 | area=   all | maxDets=100 ] = 0.092
 Average Precision  (AP) @[ IoU=0.50      | area=   all | maxDets=100 ] = 0.234
 Average Precision  (AP) @[ IoU=0.75      | area=   all | maxDets=100 ] = 0.055
 Average Precision  (AP) @[ IoU=0.50:0.95 | area= small | maxDets=100 ] = -1.000
 Average Precision  (AP) @[ IoU=0.50:0.95 | area=medium | maxDets=100 ] = 0.054
 Average Precision  (AP) @[ IoU=0.50:0.95 | area= large | maxDets=100 ] = 0.146
 Average Recall     (AR) @[ IoU=0.50:0.95 | area=   all | maxDets=  1 ] = 0.145
 Average Recall     (AR) @[ IoU=0.50:0.95 | area=   all | maxDets= 10 ] = 0.279
 Average Recall     (AR) @[ IoU=0.50:0.95 | area=   all | maxDets=100 ] = 0.279
 Average Recall     (AR) @[ IoU=0.50:0.95 | area= small | maxDets=100 ] = -1.000
 Average Recall     (AR) @[ IoU=0.50:0.95 | area=medium | maxDets=100 ] = 0.250
 Average Recall     (AR) @[ IoU=0.50:0.95 | area= large | maxDets=100 ] = 0.314
[I 2026-02-24 03:02:07,711] Trial 51 finished with value: 0.23405729224669017 and parameters: {'alpha': 2.4374722000694793, 'mean_rho': 0.2856163004127689, 'variance_rho': 0.0854133003539375, 'std_bias': 1.4993588822515669, 'hue_threshold': 28.063630396082896, 'value_ratio_min': 0.34757399293012875, 'value_ratio_max': 0.9587072431531011, 'saturation_diff_threshold': 13.865311104169741}. Best is trial 27 with value: 0.6218635226564296.
creating index...
index created!
Loading and preparing results...
DONE (t=0.01s)
creating index...
index created!
Running per image evaluation...
Evaluate annotation type *bbox*
DONE (t=2.13s).
Accumulating evaluation results...
DONE (t=0.27s).
 Average Precision  (AP) @[ IoU=0.50:0.95 | area=   all | maxDets=100 ] = 0.319
 Average Precision  (AP) @[ IoU=0.50      | area=   all | maxDets=100 ] = 0.608
 Average Precision  (AP) @[ IoU=0.75      | area=   all | maxDets=100 ] = 0.303
 Average Precision  (AP) @[ IoU=0.50:0.95 | area= small | maxDets=100 ] = -1.000
 Average Precision  (AP) @[ IoU=0.50:0.95 | area=medium | maxDets=100 ] = 0.185
 Average Precision  (AP) @[ IoU=0.50:0.95 | area= large | maxDets=100 ] = 0.478
 Average Recall     (AR) @[ IoU=0.50:0.95 | area=   all | maxDets=  1 ] = 0.224
 Average Recall     (AR) @[ IoU=0.50:0.95 | area=   all | maxDets= 10 ] = 0.429
 Average Recall     (AR) @[ IoU=0.50:0.95 | area=   all | maxDets=100 ] = 0.429
 Average Recall     (AR) @[ IoU=0.50:0.95 | area= small | maxDets=100 ] = -1.000
 Average Recall     (AR) @[ IoU=0.50:0.95 | area=medium | maxDets=100 ] = 0.288
 Average Recall     (AR) @[ IoU=0.50:0.95 | area= large | maxDets=100 ] = 0.594
[I 2026-02-24 03:09:25,641] Trial 59 finished with value: 0.6079568336887569 and parameters: {'alpha': 2.866390230039649, 'mean_rho': 0.15622108459452955, 'variance_rho': 0.036613466129526734, 'std_bias': 2.44562052988675, 'hue_threshold': 28.30142328157002, 'value_ratio_min': 0.3918335918753687, 'value_ratio_max': 0.9505158695253175, 'saturation_diff_threshold': 25.569403235190947}. Best is trial 27 with value: 0.6218635226564296.
creating index...
index created!
Loading and preparing results...
DONE (t=0.02s)
creating index...
index created!
Running per image evaluation...
Evaluate annotation type *bbox*
DONE (t=2.64s).
Accumulating evaluation results...
DONE (t=0.35s).
 Average Precision  (AP) @[ IoU=0.50:0.95 | area=   all | maxDets=100 ] = 0.180
 Average Precision  (AP) @[ IoU=0.50      | area=   all | maxDets=100 ] = 0.334
 Average Precision  (AP) @[ IoU=0.75      | area=   all | maxDets=100 ] = 0.179
 Average Precision  (AP) @[ IoU=0.50:0.95 | area= small | maxDets=100 ] = -1.000
 Average Precision  (AP) @[ IoU=0.50:0.95 | area=medium | maxDets=100 ] = 0.096
 Average Precision  (AP) @[ IoU=0.50:0.95 | area= large | maxDets=100 ] = 0.285
 Average Recall     (AR) @[ IoU=0.50:0.95 | area=   all | maxDets=  1 ] = 0.160
 Average Recall     (AR) @[ IoU=0.50:0.95 | area=   all | maxDets= 10 ] = 0.281
 Average Recall     (AR) @[ IoU=0.50:0.95 | area=   all | maxDets=100 ] = 0.281
 Average Recall     (AR) @[ IoU=0.50:0.95 | area= small | maxDets=100 ] = -1.000
 Average Recall     (AR) @[ IoU=0.50:0.95 | area=medium | maxDets=100 ] = 0.219
 Average Recall     (AR) @[ IoU=0.50:0.95 | area= large | maxDets=100 ] = 0.353
[I 2026-02-24 03:18:17,401] Trial 67 finished with value: 0.33350676889972203 and parameters: {'alpha': 3.310360987476967, 'mean_rho': 0.202695113890176, 'variance_rho': 0.00768282063318429, 'std_bias': 0.993991880042389, 'hue_threshold': 29.975409233381754, 'value_ratio_min': 0.5434884205639312, 'value_ratio_max': 0.9907992706003589, 'saturation_diff_threshold': 27.828997076230916}. Best is trial 27 with value: 0.6218635226564296.
creating index...
index created!
Loading and preparing results...
DONE (t=0.01s)
creating index...
index created!
Running per image evaluation...
Evaluate annotation type *bbox*
DONE (t=1.89s).
Accumulating evaluation results...
DONE (t=0.31s).
 Average Precision  (AP) @[ IoU=0.50:0.95 | area=   all | maxDets=100 ] = 0.288
 Average Precision  (AP) @[ IoU=0.50      | area=   all | maxDets=100 ] = 0.572
 Average Precision  (AP) @[ IoU=0.75      | area=   all | maxDets=100 ] = 0.251
 Average Precision  (AP) @[ IoU=0.50:0.95 | area= small | maxDets=100 ] = -1.000
 Average Precision  (AP) @[ IoU=0.50:0.95 | area=medium | maxDets=100 ] = 0.127
 Average Precision  (AP) @[ IoU=0.50:0.95 | area= large | maxDets=100 ] = 0.491
 Average Recall     (AR) @[ IoU=0.50:0.95 | area=   all | maxDets=  1 ] = 0.211
 Average Recall     (AR) @[ IoU=0.50:0.95 | area=   all | maxDets= 10 ] = 0.393
 Average Recall     (AR) @[ IoU=0.50:0.95 | area=   all | maxDets=100 ] = 0.393
 Average Recall     (AR) @[ IoU=0.50:0.95 | area= small | maxDets=100 ] = -1.000
 Average Recall     (AR) @[ IoU=0.50:0.95 | area=medium | maxDets=100 ] = 0.218
 Average Recall     (AR) @[ IoU=0.50:0.95 | area= large | maxDets=100 ] = 0.596
