[I 2026-02-24 03:25:57,427] Trial 75 finished with value: 0.4882041552247977 and parameters: {'alpha': 1.9573368197054517, 'mean_rho': 0.149748217350787, 'variance_rho': 0.04377367674713549, 'std_bias': 2.990033494776144, 'hue_threshold': 25.70163636791819, 'value_ratio_min': 0.44053099027088294, 'value_ratio_max': 0.9740275881180648, 'saturation_diff_threshold': 20.50719014947805}. Best is trial 27 with value: 0.6218635226564296.Best trial: 27. Best value: 0.621864:  36%|███▌      | 9/25 [1:20:37<2:04:46, 467.88s/it]Best trial: 27. Best value: 0.621864:  36%|███▌      | 9/25 [1:20:37<2:04:46, 467.88s/it]Best trial: 27. Best value: 0.621864:  40%|████      | 10/25 [1:20:37<1:56:22, 465.53s/it]                                                                                          Best trial: 27. Best value: 0.621864:  40%|████      | 10/25 [1:28:05<1:56:22, 465.53s/it]Best trial: 27. Best value: 0.621864:  40%|████      | 10/25 [1:28:05<1:56:22, 465.53s/it]Best trial: 27. Best value: 0.621864:  44%|████▍     | 11/25 [1:28:05<1:47:23, 460.27s/it]                                                                                          Best trial: 27. Best value: 0.621864:  44%|████▍     | 11/25 [1:35:34<1:47:23, 460.27s/it]Best trial: 27. Best value: 0.621864:  44%|████▍     | 11/25 [1:35:34<1:47:23, 460.27s/it]Best trial: 27. Best value: 0.621864:  48%|████▊     | 12/25 [1:35:34<1:38:59, 456.90s/it]                                                                                          Best trial: 27. Best value: 0.621864:  48%|████▊     | 12/25 [1:42:55<1:38:59, 456.90s/it]Best trial: 27. Best value: 0.621864:  48%|████▊     | 12/25 [1:42:55<1:38:59, 456.90s/it]Best trial: 27. Best value: 0.621864:  52%|█████▏    | 13/25 [1:42:55<1:30:22, 451.85s/it]                                                                                          Best trial: 27. Best value: 0.621864:  52%|█████▏    | 13/25 [1:50:51<1:30:22, 451.85s/it]Best trial: 27. Best value: 0.621864:  52%|█████▏    | 13/25 [1:50:51<1:30:22, 451.85s/it]Best trial: 27. Best value: 0.621864:  56%|█████▌    | 14/25 [1:50:51<1:24:12, 459.34s/it]                                                                                          
creating index...
index created!
Loading and preparing results...
DONE (t=0.01s)
creating index...
index created!
Running per image evaluation...
Evaluate annotation type *bbox*
DONE (t=1.78s).
Accumulating evaluation results...
DONE (t=0.37s).
 Average Precision  (AP) @[ IoU=0.50:0.95 | area=   all | maxDets=100 ] = 0.334
 Average Precision  (AP) @[ IoU=0.50      | area=   all | maxDets=100 ] = 0.615
 Average Precision  (AP) @[ IoU=0.75      | area=   all | maxDets=100 ] = 0.324
 Average Precision  (AP) @[ IoU=0.50:0.95 | area= small | maxDets=100 ] = -1.000
 Average Precision  (AP) @[ IoU=0.50:0.95 | area=medium | maxDets=100 ] = 0.171
 Average Precision  (AP) @[ IoU=0.50:0.95 | area= large | maxDets=100 ] = 0.533
 Average Recall     (AR) @[ IoU=0.50:0.95 | area=   all | maxDets=  1 ] = 0.233
 Average Recall     (AR) @[ IoU=0.50:0.95 | area=   all | maxDets= 10 ] = 0.451
 Average Recall     (AR) @[ IoU=0.50:0.95 | area=   all | maxDets=100 ] = 0.451
 Average Recall     (AR) @[ IoU=0.50:0.95 | area= small | maxDets=100 ] = -1.000
 Average Recall     (AR) @[ IoU=0.50:0.95 | area=medium | maxDets=100 ] = 0.272
 Average Recall     (AR) @[ IoU=0.50:0.95 | area= large | maxDets=100 ] = 0.659
[I 2026-02-24 03:33:25,780] Trial 84 finished with value: 0.6149604744582917 and parameters: {'alpha': 2.5612822517564804, 'mean_rho': 0.06260147564495169, 'variance_rho': 0.062052736459363704, 'std_bias': 2.6684320288597765, 'hue_threshold': 27.118719958986755, 'value_ratio_min': 0.40194282266165304, 'value_ratio_max': 0.9486924088205695, 'saturation_diff_threshold': 46.70866174027782}. Best is trial 27 with value: 0.6218635226564296.
creating index...
index created!
Loading and preparing results...
DONE (t=0.01s)
creating index...
index created!
Running per image evaluation...
Evaluate annotation type *bbox*
DONE (t=1.40s).
Accumulating evaluation results...
DONE (t=0.24s).
 Average Precision  (AP) @[ IoU=0.50:0.95 | area=   all | maxDets=100 ] = 0.328
 Average Precision  (AP) @[ IoU=0.50      | area=   all | maxDets=100 ] = 0.601
 Average Precision  (AP) @[ IoU=0.75      | area=   all | maxDets=100 ] = 0.315
 Average Precision  (AP) @[ IoU=0.50:0.95 | area= small | maxDets=100 ] = -1.000
 Average Precision  (AP) @[ IoU=0.50:0.95 | area=medium | maxDets=100 ] = 0.151
 Average Precision  (AP) @[ IoU=0.50:0.95 | area= large | maxDets=100 ] = 0.547
 Average Recall     (AR) @[ IoU=0.50:0.95 | area=   all | maxDets=  1 ] = 0.238
 Average Recall     (AR) @[ IoU=0.50:0.95 | area=   all | maxDets= 10 ] = 0.440
 Average Recall     (AR) @[ IoU=0.50:0.95 | area=   all | maxDets=100 ] = 0.440
 Average Recall     (AR) @[ IoU=0.50:0.95 | area= small | maxDets=100 ] = -1.000
 Average Recall     (AR) @[ IoU=0.50:0.95 | area=medium | maxDets=100 ] = 0.245
 Average Recall     (AR) @[ IoU=0.50:0.95 | area= large | maxDets=100 ] = 0.666
[I 2026-02-24 03:40:54,948] Trial 93 finished with value: 0.6014529340471257 and parameters: {'alpha': 2.90355327726362, 'mean_rho': 0.06551008999446989, 'variance_rho': 0.06083608981712183, 'std_bias': 2.1328009934348153, 'hue_threshold': 26.779455312212782, 'value_ratio_min': 0.40502127270964255, 'value_ratio_max': 0.9404393402134635, 'saturation_diff_threshold': 46.89271249241347}. Best is trial 27 with value: 0.6218635226564296.
creating index...
index created!
Loading and preparing results...
DONE (t=0.01s)
creating index...
index created!
Running per image evaluation...
Evaluate annotation type *bbox*
DONE (t=1.69s).
Accumulating evaluation results...
DONE (t=0.28s).
 Average Precision  (AP) @[ IoU=0.50:0.95 | area=   all | maxDets=100 ] = 0.283
 Average Precision  (AP) @[ IoU=0.50      | area=   all | maxDets=100 ] = 0.546
 Average Precision  (AP) @[ IoU=0.75      | area=   all | maxDets=100 ] = 0.247
 Average Precision  (AP) @[ IoU=0.50:0.95 | area= small | maxDets=100 ] = -1.000
 Average Precision  (AP) @[ IoU=0.50:0.95 | area=medium | maxDets=100 ] = 0.114
 Average Precision  (AP) @[ IoU=0.50:0.95 | area= large | maxDets=100 ] = 0.505
 Average Recall     (AR) @[ IoU=0.50:0.95 | area=   all | maxDets=  1 ] = 0.218
 Average Recall     (AR) @[ IoU=0.50:0.95 | area=   all | maxDets= 10 ] = 0.397
 Average Recall     (AR) @[ IoU=0.50:0.95 | area=   all | maxDets=100 ] = 0.397
 Average Recall     (AR) @[ IoU=0.50:0.95 | area= small | maxDets=100 ] = -1.000
 Average Recall     (AR) @[ IoU=0.50:0.95 | area=medium | maxDets=100 ] = 0.202
 Average Recall     (AR) @[ IoU=0.50:0.95 | area= large | maxDets=100 ] = 0.624
[I 2026-02-24 03:48:15,180] Trial 101 finished with value: 0.5461558065332767 and parameters: {'alpha': 3.033257678410122, 'mean_rho': 0.09444956177409594, 'variance_rho': 0.10433980698826233, 'std_bias': 2.0947157979974347, 'hue_threshold': 21.534987398052372, 'value_ratio_min': 0.425738957507888, 'value_ratio_max': 0.9388413195121357, 'saturation_diff_threshold': 43.93843780332523}. Best is trial 27 with value: 0.6218635226564296.
creating index...
index created!
Loading and preparing results...
DONE (t=0.02s)
creating index...
index created!
Running per image evaluation...
Evaluate annotation type *bbox*
DONE (t=2.11s).
Accumulating evaluation results...
DONE (t=0.61s).
 Average Precision  (AP) @[ IoU=0.50:0.95 | area=   all | maxDets=100 ] = 0.186
 Average Precision  (AP) @[ IoU=0.50      | area=   all | maxDets=100 ] = 0.403
 Average Precision  (AP) @[ IoU=0.75      | area=   all | maxDets=100 ] = 0.150
 Average Precision  (AP) @[ IoU=0.50:0.95 | area= small | maxDets=100 ] = -1.000
 Average Precision  (AP) @[ IoU=0.50:0.95 | area=medium | maxDets=100 ] = 0.070
 Average Precision  (AP) @[ IoU=0.50:0.95 | area= large | maxDets=100 ] = 0.354
 Average Recall     (AR) @[ IoU=0.50:0.95 | area=   all | maxDets=  1 ] = 0.177
 Average Recall     (AR) @[ IoU=0.50:0.95 | area=   all | maxDets= 10 ] = 0.310
 Average Recall     (AR) @[ IoU=0.50:0.95 | area=   all | maxDets=100 ] = 0.310
 Average Recall     (AR) @[ IoU=0.50:0.95 | area= small | maxDets=100 ] = -1.000
 Average Recall     (AR) @[ IoU=0.50:0.95 | area=medium | maxDets=100 ] = 0.175
 Average Recall     (AR) @[ IoU=0.50:0.95 | area= large | maxDets=100 ] = 0.468
[I 2026-02-24 03:56:11,836] Trial 109 finished with value: 0.40264657646367824 and parameters: {'alpha': 2.5299212157839137, 'mean_rho': 0.04580017365425508, 'variance_rho': 0.34440566702398856, 'std_bias': 1.7499855229775916, 'hue_threshold': 18.80728859522041, 'value_ratio_min': 0.38351556949240906, 'value_ratio_max': 0.9140322245723552, 'saturation_diff_threshold': 35.089903969712346}. Best is trial 27 with value: 0.6218635226564296.
creating index...
index created!
Loading and preparing results...
DONE (t=0.01s)
creating index...
index created!
Running per image evaluation...
Evaluate annotation type *bbox*
DONE (t=1.61s).
Accumulating evaluation results...
DONE (t=0.31s).
 Average Precision  (AP) @[ IoU=0.50:0.95 | area=   all | maxDets=100 ] = 0.340
 Average Precision  (AP) @[ IoU=0.50      | area=   all | maxDets=100 ] = 0.606
 Average Precision  (AP) @[ IoU=0.75      | area=   all | maxDets=100 ] = 0.331
 Average Precision  (AP) @[ IoU=0.50:0.95 | area= small | maxDets=100 ] = -1.000
 Average Precision  (AP) @[ IoU=0.50:0.95 | area=medium | maxDets=100 ] = 0.162
 Average Precision  (AP) @[ IoU=0.50:0.95 | area= large | maxDets=100 ] = 0.555
 Average Recall     (AR) @[ IoU=0.50:0.95 | area=   all | maxDets=  1 ] = 0.243
 Average Recall     (AR) @[ IoU=0.50:0.95 | area=   all | maxDets= 10 ] = 0.457
 Average Recall     (AR) @[ IoU=0.50:0.95 | area=   all | maxDets=100 ] = 0.457
 Average Recall     (AR) @[ IoU=0.50:0.95 | area= small | maxDets=100 ] = -1.000
 Average Recall     (AR) @[ IoU=0.50:0.95 | area=medium | maxDets=100 ] = 0.259
 Average Recall     (AR) @[ IoU=0.50:0.95 | area= large | maxDets=100 ] = 0.686
[I 2026-02-24 04:03:38,740] Trial 119 finished with value: 0.6064010012448167 and parameters: {'alpha': 2.844420395280254, 'mean_rho': 0.030902051448786848, 'variance_rho': 0.035804977733585874, 'std_bias': 2.2316850270201014, 'hue_threshold': 27.53388365722596, 'value_ratio_min': 0.4709834149800542, 'value_ratio_max': 0.9236610831710613, 'saturation_diff_threshold': 48.77763369952083}. Best is trial 27 with value: 0.6218635226564296.Best trial: 27. Best value: 0.621864:  56%|█████▌    | 14/25 [1:58:18<1:24:12, 459.34s/it]Best trial: 27. Best value: 0.621864:  56%|█████▌    | 14/25 [1:58:18<1:24:12, 459.34s/it]Best trial: 27. Best value: 0.621864:  60%|██████    | 15/25 [1:58:18<1:15:55, 455.59s/it]                                                                                          Best trial: 27. Best value: 0.621864:  60%|██████    | 15/25 [2:05:48<1:15:55, 455.59s/it]Best trial: 27. Best value: 0.621864:  60%|██████    | 15/25 [2:05:48<1:15:55, 455.59s/it]Best trial: 27. Best value: 0.621864:  64%|██████▍   | 16/25 [2:05:48<1:08:05, 453.93s/it]                                                                                          Best trial: 27. Best value: 0.621864:  64%|██████▍   | 16/25 [2:13:20<1:08:05, 453.93s/it]Best trial: 133. Best value: 0.624677:  64%|██████▍   | 16/25 [2:13:20<1:08:05, 453.93s/it]Best trial: 133. Best value: 0.624677:  68%|██████▊   | 17/25 [2:13:20<1:00:26, 453.26s/it]                                                                                           Best trial: 133. Best value: 0.624677:  68%|██████▊   | 17/25 [2:20:47<1:00:26, 453.26s/it]Best trial: 143. Best value: 0.627429:  68%|██████▊   | 17/25 [2:20:47<1:00:26, 453.26s/it]Best trial: 143. Best value: 0.627429:  72%|███████▏  | 18/25 [2:20:47<52:40, 451.45s/it]                                                                                           Best trial: 143. Best value: 0.627429:  72%|███████▏  | 18/25 [2:28:14<52:40, 451.45s/it]Best trial: 143. Best value: 0.627429:  72%|███████▏  | 18/25 [2:28:14<52:40, 451.45s/it]Best trial: 143. Best value: 0.627429:  76%|███████▌  | 19/25 [2:28:14<44:59, 449.96s/it]                                                                                         
creating index...
index created!
Loading and preparing results...
DONE (t=0.02s)
creating index...
index created!
Running per image evaluation...
Evaluate annotation type *bbox*
DONE (t=1.97s).
Accumulating evaluation results...
DONE (t=0.28s).
 Average Precision  (AP) @[ IoU=0.50:0.95 | area=   all | maxDets=100 ] = 0.256
 Average Precision  (AP) @[ IoU=0.50      | area=   all | maxDets=100 ] = 0.544
 Average Precision  (AP) @[ IoU=0.75      | area=   all | maxDets=100 ] = 0.214
 Average Precision  (AP) @[ IoU=0.50:0.95 | area= small | maxDets=100 ] = -1.000
 Average Precision  (AP) @[ IoU=0.50:0.95 | area=medium | maxDets=100 ] = 0.178
 Average Precision  (AP) @[ IoU=0.50:0.95 | area= large | maxDets=100 ] = 0.362
 Average Recall     (AR) @[ IoU=0.50:0.95 | area=   all | maxDets=  1 ] = 0.194
 Average Recall     (AR) @[ IoU=0.50:0.95 | area=   all | maxDets= 10 ] = 0.380
 Average Recall     (AR) @[ IoU=0.50:0.95 | area=   all | maxDets=100 ] = 0.380
 Average Recall     (AR) @[ IoU=0.50:0.95 | area= small | maxDets=100 ] = -1.000
 Average Recall     (AR) @[ IoU=0.50:0.95 | area=medium | maxDets=100 ] = 0.292
 Average Recall     (AR) @[ IoU=0.50:0.95 | area= large | maxDets=100 ] = 0.483
[I 2026-02-24 04:11:08,821] Trial 127 finished with value: 0.5437818285144798 and parameters: {'alpha': 2.3517554767257436, 'mean_rho': 0.1219010279753083, 'variance_rho': 0.03618498341993166, 'std_bias': 2.4349110161154015, 'hue_threshold': 29.382799200438345, 'value_ratio_min': 0.4568041657414301, 'value_ratio_max': 0.9653637195108786, 'saturation_diff_threshold': 19.572479291958196}. Best is trial 27 with value: 0.6218635226564296.
creating index...
index created!
Loading and preparing results...
DONE (t=0.01s)
creating index...
index created!
Running per image evaluation...
Evaluate annotation type *bbox*
DONE (t=1.73s).
Accumulating evaluation results...
DONE (t=0.27s).
 Average Precision  (AP) @[ IoU=0.50:0.95 | area=   all | maxDets=100 ] = 0.336
 Average Precision  (AP) @[ IoU=0.50      | area=   all | maxDets=100 ] = 0.587
 Average Precision  (AP) @[ IoU=0.75      | area=   all | maxDets=100 ] = 0.332
 Average Precision  (AP) @[ IoU=0.50:0.95 | area= small | maxDets=100 ] = -1.000
 Average Precision  (AP) @[ IoU=0.50:0.95 | area=medium | maxDets=100 ] = 0.144
 Average Precision  (AP) @[ IoU=0.50:0.95 | area= large | maxDets=100 ] = 0.585
 Average Recall     (AR) @[ IoU=0.50:0.95 | area=   all | maxDets=  1 ] = 0.233
 Average Recall     (AR) @[ IoU=0.50:0.95 | area=   all | maxDets= 10 ] = 0.447
 Average Recall     (AR) @[ IoU=0.50:0.95 | area=   all | maxDets=100 ] = 0.447
 Average Recall     (AR) @[ IoU=0.50:0.95 | area= small | maxDets=100 ] = -1.000
 Average Recall     (AR) @[ IoU=0.50:0.95 | area=medium | maxDets=100 ] = 0.236
 Average Recall     (AR) @[ IoU=0.50:0.95 | area= large | maxDets=100 ] = 0.690
[I 2026-02-24 04:18:40,521] Trial 135 finished with value: 0.5873835158199583 and parameters: {'alpha': 2.840767489555451, 'mean_rho': 0.14035016481145246, 'variance_rho': 0.05037236654808054, 'std_bias': 4.53050462458194, 'hue_threshold': 28.208442709076124, 'value_ratio_min': 0.45518870299003406, 'value_ratio_max': 0.9559823842402496, 'saturation_diff_threshold': 31.257746334251394}. Best is trial 133 with value: 0.6246768843654953.
creating index...
index created!
Loading and preparing results...
DONE (t=0.01s)
creating index...
index created!
Running per image evaluation...
Evaluate annotation type *bbox*
DONE (t=1.72s).
Accumulating evaluation results...
DONE (t=0.31s).
 Average Precision  (AP) @[ IoU=0.50:0.95 | area=   all | maxDets=100 ] = 0.365
 Average Precision  (AP) @[ IoU=0.50      | area=   all | maxDets=100 ] = 0.627
 Average Precision  (AP) @[ IoU=0.75      | area=   all | maxDets=100 ] = 0.361
 Average Precision  (AP) @[ IoU=0.50:0.95 | area= small | maxDets=100 ] = -1.000
 Average Precision  (AP) @[ IoU=0.50:0.95 | area=medium | maxDets=100 ] = 0.176
 Average Precision  (AP) @[ IoU=0.50:0.95 | area= large | maxDets=100 ] = 0.600
 Average Recall     (AR) @[ IoU=0.50:0.95 | area=   all | maxDets=  1 ] = 0.250
 Average Recall     (AR) @[ IoU=0.50:0.95 | area=   all | maxDets= 10 ] = 0.480
 Average Recall     (AR) @[ IoU=0.50:0.95 | area=   all | maxDets=100 ] = 0.480
 Average Recall     (AR) @[ IoU=0.50:0.95 | area= small | maxDets=100 ] = -1.000
 Average Recall     (AR) @[ IoU=0.50:0.95 | area=medium | maxDets=100 ] = 0.276
 Average Recall     (AR) @[ IoU=0.50:0.95 | area= large | maxDets=100 ] = 0.718
[I 2026-02-24 04:26:07,742] Trial 143 finished with value: 0.6274292904394109 and parameters: {'alpha': 2.4796659179484672, 'mean_rho': 0.009115622869066281, 'variance_rho': 0.027489449272236066, 'std_bias': 4.052423759076033, 'hue_threshold': 28.61082701848159, 'value_ratio_min': 0.48375157840097893, 'value_ratio_max': 0.9638257585540138, 'saturation_diff_threshold': 39.17113002125275}. Best is trial 143 with value: 0.6274292904394109.
creating index...
index created!
Loading and preparing results...
DONE (t=0.02s)
creating index...
index created!
Running per image evaluation...
Evaluate annotation type *bbox*
DONE (t=1.75s).
Accumulating evaluation results...
DONE (t=0.25s).
 Average Precision  (AP) @[ IoU=0.50:0.95 | area=   all | maxDets=100 ] = 0.357
 Average Precision  (AP) @[ IoU=0.50      | area=   all | maxDets=100 ] = 0.625
 Average Precision  (AP) @[ IoU=0.75      | area=   all | maxDets=100 ] = 0.357
 Average Precision  (AP) @[ IoU=0.50:0.95 | area= small | maxDets=100 ] = -1.000
 Average Precision  (AP) @[ IoU=0.50:0.95 | area=medium | maxDets=100 ] = 0.194
 Average Precision  (AP) @[ IoU=0.50:0.95 | area= large | maxDets=100 ] = 0.559
 Average Recall     (AR) @[ IoU=0.50:0.95 | area=   all | maxDets=  1 ] = 0.244
 Average Recall     (AR) @[ IoU=0.50:0.95 | area=   all | maxDets= 10 ] = 0.477
 Average Recall     (AR) @[ IoU=0.50:0.95 | area=   all | maxDets=100 ] = 0.477
 Average Recall     (AR) @[ IoU=0.50:0.95 | area= small | maxDets=100 ] = -1.000
 Average Recall     (AR) @[ IoU=0.50:0.95 | area=medium | maxDets=100 ] = 0.295
 Average Recall     (AR) @[ IoU=0.50:0.95 | area= large | maxDets=100 ] = 0.688
[I 2026-02-24 04:33:34,259] Trial 151 finished with value: 0.6254879159857992 and parameters: {'alpha': 2.233337360884546, 'mean_rho': 0.0169020705237953, 'variance_rho': 0.02945774368299134, 'std_bias': 3.9845274757385907, 'hue_threshold': 27.328031066309283, 'value_ratio_min': 0.5048651711927687, 'value_ratio_max': 0.9713870460133018, 'saturation_diff_threshold': 41.024624267781384}. Best is trial 143 with value: 0.6274292904394109.
creating index...
index created!
Loading and preparing results...
DONE (t=0.01s)
creating index...
index created!
Running per image evaluation...
Evaluate annotation type *bbox*
DONE (t=1.73s).
Accumulating evaluation results...
DONE (t=0.26s).
 Average Precision  (AP) @[ IoU=0.50:0.95 | area=   all | maxDets=100 ] = 0.330
 Average Precision  (AP) @[ IoU=0.50      | area=   all | maxDets=100 ] = 0.574
 Average Precision  (AP) @[ IoU=0.75      | area=   all | maxDets=100 ] = 0.321
 Average Precision  (AP) @[ IoU=0.50:0.95 | area= small | maxDets=100 ] = -1.000
 Average Precision  (AP) @[ IoU=0.50:0.95 | area=medium | maxDets=100 ] = 0.127
 Average Precision  (AP) @[ IoU=0.50:0.95 | area= large | maxDets=100 ] = 0.592
 Average Recall     (AR) @[ IoU=0.50:0.95 | area=   all | maxDets=  1 ] = 0.236
 Average Recall     (AR) @[ IoU=0.50:0.95 | area=   all | maxDets= 10 ] = 0.436
 Average Recall     (AR) @[ IoU=0.50:0.95 | area=   all | maxDets=100 ] = 0.436
 Average Recall     (AR) @[ IoU=0.50:0.95 | area= small | maxDets=100 ] = -1.000
 Average Recall     (AR) @[ IoU=0.50:0.95 | area=medium | maxDets=100 ] = 0.210
 Average Recall     (AR) @[ IoU=0.50:0.95 | area= large | maxDets=100 ] = 0.700
