[I 2026-02-24 02:05:14,929] Using an existing study with name 'adaptive_with_temporal' instead of creating a new one.
Loading annotations and video...
Starting optimization for study 'adaptive_with_temporal'
Using temporal detector: True
Database: optuna_adaptive_with_temporal.db
Number of trials: 25

To run in parallel, execute this same command in multiple terminals.
--------------------------------------------------------------------------------
  0%|          | 0/25 [00:00<?, ?it/s]                                        0%|          | 0/25 [07:59<?, ?it/s]Best trial: 6. Best value: 0.507345:   0%|          | 0/25 [07:59<?, ?it/s]Best trial: 6. Best value: 0.507345:   4%|▍         | 1/25 [07:59<3:11:45, 479.39s/it]                                                                                      Best trial: 6. Best value: 0.507345:   4%|▍         | 1/25 [18:25<3:11:45, 479.39s/it]Best trial: 12. Best value: 0.59836:   4%|▍         | 1/25 [18:25<3:11:45, 479.39s/it]Best trial: 12. Best value: 0.59836:   8%|▊         | 2/25 [18:25<3:36:50, 565.67s/it]                                                                                      Best trial: 12. Best value: 0.59836:   8%|▊         | 2/25 [25:34<3:36:50, 565.67s/it]Best trial: 12. Best value: 0.59836:   8%|▊         | 2/25 [25:34<3:36:50, 565.67s/it]Best trial: 12. Best value: 0.59836:  12%|█▏        | 3/25 [25:34<3:04:36, 503.48s/it]                                                                                      Best trial: 12. Best value: 0.59836:  12%|█▏        | 3/25 [32:51<3:04:36, 503.48s/it]Best trial: 27. Best value: 0.621864:  12%|█▏        | 3/25 [32:51<3:04:36, 503.48s/it]Best trial: 27. Best value: 0.621864:  16%|█▌        | 4/25 [32:51<2:46:56, 476.98s/it]                                                                                       creating index...
index created!
Loading and preparing results...
DONE (t=0.01s)
creating index...
index created!
Running per image evaluation...
Evaluate annotation type *bbox*
DONE (t=1.79s).
Accumulating evaluation results...
DONE (t=0.29s).
 Average Precision  (AP) @[ IoU=0.50:0.95 | area=   all | maxDets=100 ] = 0.062
 Average Precision  (AP) @[ IoU=0.50      | area=   all | maxDets=100 ] = 0.172
 Average Precision  (AP) @[ IoU=0.75      | area=   all | maxDets=100 ] = 0.035
 Average Precision  (AP) @[ IoU=0.50:0.95 | area= small | maxDets=100 ] = -1.000
 Average Precision  (AP) @[ IoU=0.50:0.95 | area=medium | maxDets=100 ] = 0.022
 Average Precision  (AP) @[ IoU=0.50:0.95 | area= large | maxDets=100 ] = 0.130
 Average Recall     (AR) @[ IoU=0.50:0.95 | area=   all | maxDets=  1 ] = 0.087
 Average Recall     (AR) @[ IoU=0.50:0.95 | area=   all | maxDets= 10 ] = 0.156
 Average Recall     (AR) @[ IoU=0.50:0.95 | area=   all | maxDets=100 ] = 0.156
 Average Recall     (AR) @[ IoU=0.50:0.95 | area= small | maxDets=100 ] = -1.000
 Average Recall     (AR) @[ IoU=0.50:0.95 | area=medium | maxDets=100 ] = 0.079
 Average Recall     (AR) @[ IoU=0.50:0.95 | area= large | maxDets=100 ] = 0.245
[I 2026-02-24 02:13:14,319] Trial 3 finished with value: 0.17233803534193484 and parameters: {'alpha': 4.925057594012756, 'mean_rho': 0.05109681829740971, 'variance_rho': 0.1132896194151302, 'std_bias': 0.3439669895355024, 'hue_threshold': 19.120828471609393, 'value_ratio_min': 0.6576607572747495, 'value_ratio_max': 0.8542105841486667, 'saturation_diff_threshold': 26.77019593403184}. Best is trial 6 with value: 0.5073452909060291.
creating index...
index created!
Loading and preparing results...
DONE (t=0.25s)
creating index...
index created!
Running per image evaluation...
Evaluate annotation type *bbox*
DONE (t=1.73s).
Accumulating evaluation results...
DONE (t=0.28s).
 Average Precision  (AP) @[ IoU=0.50:0.95 | area=   all | maxDets=100 ] = 0.009
 Average Precision  (AP) @[ IoU=0.50      | area=   all | maxDets=100 ] = 0.017
 Average Precision  (AP) @[ IoU=0.75      | area=   all | maxDets=100 ] = 0.010
 Average Precision  (AP) @[ IoU=0.50:0.95 | area= small | maxDets=100 ] = -1.000
 Average Precision  (AP) @[ IoU=0.50:0.95 | area=medium | maxDets=100 ] = 0.000
 Average Precision  (AP) @[ IoU=0.50:0.95 | area= large | maxDets=100 ] = 0.016
 Average Recall     (AR) @[ IoU=0.50:0.95 | area=   all | maxDets=  1 ] = 0.003
 Average Recall     (AR) @[ IoU=0.50:0.95 | area=   all | maxDets= 10 ] = 0.007
 Average Recall     (AR) @[ IoU=0.50:0.95 | area=   all | maxDets=100 ] = 0.010
 Average Recall     (AR) @[ IoU=0.50:0.95 | area= small | maxDets=100 ] = -1.000
 Average Recall     (AR) @[ IoU=0.50:0.95 | area=medium | maxDets=100 ] = 0.002
 Average Recall     (AR) @[ IoU=0.50:0.95 | area= large | maxDets=100 ] = 0.019
[I 2026-02-24 02:23:40,382] Trial 13 finished with value: 0.017072418393633815 and parameters: {'alpha': 1.493304269333842, 'mean_rho': 0.18493926726501614, 'variance_rho': 0.25809914819651975, 'std_bias': 0.5639243099457586, 'hue_threshold': 8.491772849811047, 'value_ratio_min': 0.4049115874487017, 'value_ratio_max': 0.9711052583752274, 'saturation_diff_threshold': 45.48622448896597}. Best is trial 12 with value: 0.5983602105526338.
creating index...
index created!
Loading and preparing results...
DONE (t=0.22s)
creating index...
index created!
Running per image evaluation...
Evaluate annotation type *bbox*
DONE (t=1.83s).
Accumulating evaluation results...
DONE (t=0.33s).
 Average Precision  (AP) @[ IoU=0.50:0.95 | area=   all | maxDets=100 ] = 0.289
 Average Precision  (AP) @[ IoU=0.50      | area=   all | maxDets=100 ] = 0.577
 Average Precision  (AP) @[ IoU=0.75      | area=   all | maxDets=100 ] = 0.263
 Average Precision  (AP) @[ IoU=0.50:0.95 | area= small | maxDets=100 ] = -1.000
 Average Precision  (AP) @[ IoU=0.50:0.95 | area=medium | maxDets=100 ] = 0.180
 Average Precision  (AP) @[ IoU=0.50:0.95 | area= large | maxDets=100 ] = 0.417
 Average Recall     (AR) @[ IoU=0.50:0.95 | area=   all | maxDets=  1 ] = 0.212
 Average Recall     (AR) @[ IoU=0.50:0.95 | area=   all | maxDets= 10 ] = 0.402
 Average Recall     (AR) @[ IoU=0.50:0.95 | area=   all | maxDets=100 ] = 0.402
 Average Recall     (AR) @[ IoU=0.50:0.95 | area= small | maxDets=100 ] = -1.000
 Average Recall     (AR) @[ IoU=0.50:0.95 | area=medium | maxDets=100 ] = 0.299
 Average Recall     (AR) @[ IoU=0.50:0.95 | area= large | maxDets=100 ] = 0.523
[I 2026-02-24 02:30:49,870] Trial 23 finished with value: 0.5768405548463682 and parameters: {'alpha': 2.6336692489237485, 'mean_rho': 0.39464557291851543, 'variance_rho': 0.06254689687316208, 'std_bias': 2.4117409530621265, 'hue_threshold': 29.30321829106976, 'value_ratio_min': 0.31976013201904185, 'value_ratio_max': 0.9370713044018162, 'saturation_diff_threshold': 18.75451476789923}. Best is trial 12 with value: 0.5983602105526338.
creating index...
index created!
Loading and preparing results...
DONE (t=0.02s)
creating index...
index created!
Running per image evaluation...
Evaluate annotation type *bbox*
DONE (t=1.92s).
Accumulating evaluation results...
DONE (t=0.32s).
 Average Precision  (AP) @[ IoU=0.50:0.95 | area=   all | maxDets=100 ] = 0.284
 Average Precision  (AP) @[ IoU=0.50      | area=   all | maxDets=100 ] = 0.575
 Average Precision  (AP) @[ IoU=0.75      | area=   all | maxDets=100 ] = 0.259
 Average Precision  (AP) @[ IoU=0.50:0.95 | area= small | maxDets=100 ] = -1.000
 Average Precision  (AP) @[ IoU=0.50:0.95 | area=medium | maxDets=100 ] = 0.177
 Average Precision  (AP) @[ IoU=0.50:0.95 | area= large | maxDets=100 ] = 0.410
 Average Recall     (AR) @[ IoU=0.50:0.95 | area=   all | maxDets=  1 ] = 0.209
 Average Recall     (AR) @[ IoU=0.50:0.95 | area=   all | maxDets= 10 ] = 0.398
 Average Recall     (AR) @[ IoU=0.50:0.95 | area=   all | maxDets=100 ] = 0.398
 Average Recall     (AR) @[ IoU=0.50:0.95 | area= small | maxDets=100 ] = -1.000
 Average Recall     (AR) @[ IoU=0.50:0.95 | area=medium | maxDets=100 ] = 0.298
 Average Recall     (AR) @[ IoU=0.50:0.95 | area= large | maxDets=100 ] = 0.515
[I 2026-02-24 02:38:06,207] Trial 28 finished with value: 0.5745059802872059 and parameters: {'alpha': 2.6742566109513923, 'mean_rho': 0.3955630609557746, 'variance_rho': 0.057351293539424336, 'std_bias': 2.2399952357944666, 'hue_threshold': 28.898501621656433, 'value_ratio_min': 0.3052157540961204, 'value_ratio_max': 0.9438321657127426, 'saturation_diff_threshold': 20.69814841360316}. Best is trial 27 with value: 0.6218635226564296.
creating index...
index created!
Loading and preparing results...
DONE (t=0.01s)
creating index...
index created!
Running per image evaluation...
Evaluate annotation type *bbox*
DONE (t=1.46s).
Accumulating evaluation results...
DONE (t=0.27s).
 Average Precision  (AP) @[ IoU=0.50:0.95 | area=   all | maxDets=100 ] = 0.211
 Average Precision  (AP) @[ IoU=0.50      | area=   all | maxDets=100 ] = 0.432
 Average Precision  (AP) @[ IoU=0.75      | area=   all | maxDets=100 ] = 0.179
 Average Precision  (AP) @[ IoU=0.50:0.95 | area= small | maxDets=100 ] = -1.000
 Average Precision  (AP) @[ IoU=0.50:0.95 | area=medium | maxDets=100 ] = 0.079
 Average Precision  (AP) @[ IoU=0.50:0.95 | area= large | maxDets=100 ] = 0.391
 Average Recall     (AR) @[ IoU=0.50:0.95 | area=   all | maxDets=  1 ] = 0.179
 Average Recall     (AR) @[ IoU=0.50:0.95 | area=   all | maxDets= 10 ] = 0.318
 Average Recall     (AR) @[ IoU=0.50:0.95 | area=   all | maxDets=100 ] = 0.318
 Average Recall     (AR) @[ IoU=0.50:0.95 | area= small | maxDets=100 ] = -1.000
 Average Recall     (AR) @[ IoU=0.50:0.95 | area=medium | maxDets=100 ] = 0.155
 Average Recall     (AR) @[ IoU=0.50:0.95 | area= large | maxDets=100 ] = 0.507
[I 2026-02-24 02:45:24,846] Trial 34 finished with value: 0.4317948308268877 and parameters: {'alpha': 3.115572814672354, 'mean_rho': 0.0886688834797618, 'variance_rho': 0.14499213466333494, 'std_bias': 2.8056179108593486, 'hue_threshold': 26.26064299535624, 'value_ratio_min': 0.41818167446512133, 'value_ratio_max': 0.8815634024507942, 'saturation_diff_threshold': 33.09902532417138}. Best is trial 27 with value: 0.6218635226564296.Best trial: 27. Best value: 0.621864:  16%|█▌        | 4/25 [40:09<2:46:56, 476.98s/it]Best trial: 27. Best value: 0.621864:  16%|█▌        | 4/25 [40:09<2:46:56, 476.98s/it]Best trial: 27. Best value: 0.621864:  20%|██        | 5/25 [40:09<2:34:22, 463.15s/it]                                                                                       Best trial: 27. Best value: 0.621864:  20%|██        | 5/25 [47:25<2:34:22, 463.15s/it]Best trial: 27. Best value: 0.621864:  20%|██        | 5/25 [47:25<2:34:22, 463.15s/it]Best trial: 27. Best value: 0.621864:  24%|██▍       | 6/25 [47:25<2:23:42, 453.80s/it]                                                                                       Best trial: 27. Best value: 0.621864:  24%|██▍       | 6/25 [56:15<2:23:42, 453.80s/it]Best trial: 27. Best value: 0.621864:  24%|██▍       | 6/25 [56:15<2:23:42, 453.80s/it]Best trial: 27. Best value: 0.621864:  28%|██▊       | 7/25 [56:15<2:23:36, 478.67s/it]                                                                                       Best trial: 27. Best value: 0.621864:  28%|██▊       | 7/25 [1:03:30<2:23:36, 478.67s/it]Best trial: 27. Best value: 0.621864:  28%|██▊       | 7/25 [1:03:30<2:23:36, 478.67s/it]Best trial: 27. Best value: 0.621864:  32%|███▏      | 8/25 [1:03:30<2:11:42, 464.88s/it]                                                                                         Best trial: 27. Best value: 0.621864:  32%|███▏      | 8/25 [1:10:44<2:11:42, 464.88s/it]Best trial: 27. Best value: 0.621864:  32%|███▏      | 8/25 [1:10:44<2:11:42, 464.88s/it]Best trial: 27. Best value: 0.621864:  36%|███▌      | 9/25 [1:10:44<2:01:24, 455.28s/it]                                                                                         
creating index...
index created!
Loading and preparing results...
DONE (t=0.01s)
creating index...
index created!
Running per image evaluation...
Evaluate annotation type *bbox*
DONE (t=1.35s).
Accumulating evaluation results...
DONE (t=0.25s).
 Average Precision  (AP) @[ IoU=0.50:0.95 | area=   all | maxDets=100 ] = 0.124
 Average Precision  (AP) @[ IoU=0.50      | area=   all | maxDets=100 ] = 0.287
 Average Precision  (AP) @[ IoU=0.75      | area=   all | maxDets=100 ] = 0.089
 Average Precision  (AP) @[ IoU=0.50:0.95 | area= small | maxDets=100 ] = -1.000
 Average Precision  (AP) @[ IoU=0.50:0.95 | area=medium | maxDets=100 ] = 0.051
 Average Precision  (AP) @[ IoU=0.50:0.95 | area= large | maxDets=100 ] = 0.229
 Average Recall     (AR) @[ IoU=0.50:0.95 | area=   all | maxDets=  1 ] = 0.135
 Average Recall     (AR) @[ IoU=0.50:0.95 | area=   all | maxDets= 10 ] = 0.228
 Average Recall     (AR) @[ IoU=0.50:0.95 | area=   all | maxDets=100 ] = 0.228
 Average Recall     (AR) @[ IoU=0.50:0.95 | area= small | maxDets=100 ] = -1.000
 Average Recall     (AR) @[ IoU=0.50:0.95 | area=medium | maxDets=100 ] = 0.113
 Average Recall     (AR) @[ IoU=0.50:0.95 | area= large | maxDets=100 ] = 0.362
[I 2026-02-24 02:52:40,491] Trial 42 finished with value: 0.2873581792378931 and parameters: {'alpha': 3.8985088813070092, 'mean_rho': 0.2388411168842309, 'variance_rho': 0.12467539356929785, 'std_bias': 3.1782564914944915, 'hue_threshold': 24.732563355831562, 'value_ratio_min': 0.3647753662148405, 'value_ratio_max': 0.918791011114213, 'saturation_diff_threshold': 31.628725395445322}. Best is trial 27 with value: 0.6218635226564296.
creating index...
index created!
Loading and preparing results...
DONE (t=0.03s)
creating index...
index created!
Running per image evaluation...
Evaluate annotation type *bbox*
DONE (t=2.81s).
Accumulating evaluation results...
DONE (t=0.64s).
 Average Precision  (AP) @[ IoU=0.50:0.95 | area=   all | maxDets=100 ] = 0.096
 Average Precision  (AP) @[ IoU=0.50      | area=   all | maxDets=100 ] = 0.243
 Average Precision  (AP) @[ IoU=0.75      | area=   all | maxDets=100 ] = 0.057
 Average Precision  (AP) @[ IoU=0.50:0.95 | area= small | maxDets=100 ] = -1.000
 Average Precision  (AP) @[ IoU=0.50:0.95 | area=medium | maxDets=100 ] = 0.056
 Average Precision  (AP) @[ IoU=0.50:0.95 | area= large | maxDets=100 ] = 0.153
 Average Recall     (AR) @[ IoU=0.50:0.95 | area=   all | maxDets=  1 ] = 0.144
 Average Recall     (AR) @[ IoU=0.50:0.95 | area=   all | maxDets= 10 ] = 0.285
 Average Recall     (AR) @[ IoU=0.50:0.95 | area=   all | maxDets=100 ] = 0.285
 Average Recall     (AR) @[ IoU=0.50:0.95 | area= small | maxDets=100 ] = -1.000
 Average Recall     (AR) @[ IoU=0.50:0.95 | area=medium | maxDets=100 ] = 0.255
 Average Recall     (AR) @[ IoU=0.50:0.95 | area= large | maxDets=100 ] = 0.320
[I 2026-02-24 03:01:30,371] Trial 50 finished with value: 0.24305396730644602 and parameters: {'alpha': 2.4234207811292325, 'mean_rho': 0.27781132903055467, 'variance_rho': 0.0854644263906977, 'std_bias': 1.5575664432210776, 'hue_threshold': 27.720173123294224, 'value_ratio_min': 0.48128710404437025, 'value_ratio_max': 0.9590431776367689, 'saturation_diff_threshold': 14.918609885683649}. Best is trial 27 with value: 0.6218635226564296.
creating index...
index created!
Loading and preparing results...
DONE (t=0.02s)
creating index...
index created!
Running per image evaluation...
Evaluate annotation type *bbox*
DONE (t=1.84s).
Accumulating evaluation results...
DONE (t=0.31s).
 Average Precision  (AP) @[ IoU=0.50:0.95 | area=   all | maxDets=100 ] = 0.270
 Average Precision  (AP) @[ IoU=0.50      | area=   all | maxDets=100 ] = 0.555
 Average Precision  (AP) @[ IoU=0.75      | area=   all | maxDets=100 ] = 0.227
 Average Precision  (AP) @[ IoU=0.50:0.95 | area= small | maxDets=100 ] = -1.000
 Average Precision  (AP) @[ IoU=0.50:0.95 | area=medium | maxDets=100 ] = 0.183
 Average Precision  (AP) @[ IoU=0.50:0.95 | area= large | maxDets=100 ] = 0.382
 Average Recall     (AR) @[ IoU=0.50:0.95 | area=   all | maxDets=  1 ] = 0.196
 Average Recall     (AR) @[ IoU=0.50:0.95 | area=   all | maxDets= 10 ] = 0.387
 Average Recall     (AR) @[ IoU=0.50:0.95 | area=   all | maxDets=100 ] = 0.387
 Average Recall     (AR) @[ IoU=0.50:0.95 | area= small | maxDets=100 ] = -1.000
 Average Recall     (AR) @[ IoU=0.50:0.95 | area=medium | maxDets=100 ] = 0.295
 Average Recall     (AR) @[ IoU=0.50:0.95 | area= large | maxDets=100 ] = 0.495
[I 2026-02-24 03:08:45,718] Trial 57 finished with value: 0.5549671027020362 and parameters: {'alpha': 2.879437193035912, 'mean_rho': 0.16664767339449066, 'variance_rho': 0.025179428289885463, 'std_bias': 1.9040092390015546, 'hue_threshold': 28.203644392376102, 'value_ratio_min': 0.4614010203020076, 'value_ratio_max': 0.9068708863705298, 'saturation_diff_threshold': 23.90051403047881}. Best is trial 27 with value: 0.6218635226564296.
creating index...
index created!
Loading and preparing results...
DONE (t=0.01s)
creating index...
index created!
Running per image evaluation...
Evaluate annotation type *bbox*
DONE (t=1.78s).
Accumulating evaluation results...
DONE (t=0.38s).
 Average Precision  (AP) @[ IoU=0.50:0.95 | area=   all | maxDets=100 ] = 0.332
 Average Precision  (AP) @[ IoU=0.50      | area=   all | maxDets=100 ] = 0.580
 Average Precision  (AP) @[ IoU=0.75      | area=   all | maxDets=100 ] = 0.328
 Average Precision  (AP) @[ IoU=0.50:0.95 | area= small | maxDets=100 ] = -1.000
 Average Precision  (AP) @[ IoU=0.50:0.95 | area=medium | maxDets=100 ] = 0.162
 Average Precision  (AP) @[ IoU=0.50:0.95 | area= large | maxDets=100 ] = 0.534
 Average Recall     (AR) @[ IoU=0.50:0.95 | area=   all | maxDets=  1 ] = 0.228
 Average Recall     (AR) @[ IoU=0.50:0.95 | area=   all | maxDets= 10 ] = 0.434
 Average Recall     (AR) @[ IoU=0.50:0.95 | area=   all | maxDets=100 ] = 0.434
 Average Recall     (AR) @[ IoU=0.50:0.95 | area= small | maxDets=100 ] = -1.000
 Average Recall     (AR) @[ IoU=0.50:0.95 | area=medium | maxDets=100 ] = 0.254
 Average Recall     (AR) @[ IoU=0.50:0.95 | area= large | maxDets=100 ] = 0.643
[I 2026-02-24 03:15:59,900] Trial 65 finished with value: 0.5797819255561382 and parameters: {'alpha': 3.399024607514546, 'mean_rho': 0.20821046702760249, 'variance_rho': 0.016556882315666363, 'std_bias': 3.376404964240103, 'hue_threshold': 29.98224875030269, 'value_ratio_min': 0.5429391204475443, 'value_ratio_max': 0.9345287915467633, 'saturation_diff_threshold': 29.53641989171948}. Best is trial 27 with value: 0.6218635226564296.
creating index...
index created!
Loading and preparing results...
DONE (t=0.04s)
creating index...
index created!
Running per image evaluation...
Evaluate annotation type *bbox*
DONE (t=3.01s).
Accumulating evaluation results...
DONE (t=0.69s).
 Average Precision  (AP) @[ IoU=0.50:0.95 | area=   all | maxDets=100 ] = 0.051
 Average Precision  (AP) @[ IoU=0.50      | area=   all | maxDets=100 ] = 0.120
 Average Precision  (AP) @[ IoU=0.75      | area=   all | maxDets=100 ] = 0.033
 Average Precision  (AP) @[ IoU=0.50:0.95 | area= small | maxDets=100 ] = -1.000
 Average Precision  (AP) @[ IoU=0.50:0.95 | area=medium | maxDets=100 ] = 0.022
 Average Precision  (AP) @[ IoU=0.50:0.95 | area= large | maxDets=100 ] = 0.086
 Average Recall     (AR) @[ IoU=0.50:0.95 | area=   all | maxDets=  1 ] = 0.072
 Average Recall     (AR) @[ IoU=0.50:0.95 | area=   all | maxDets= 10 ] = 0.163
 Average Recall     (AR) @[ IoU=0.50:0.95 | area=   all | maxDets=100 ] = 0.164
 Average Recall     (AR) @[ IoU=0.50:0.95 | area= small | maxDets=100 ] = -1.000
 Average Recall     (AR) @[ IoU=0.50:0.95 | area=medium | maxDets=100 ] = 0.128
 Average Recall     (AR) @[ IoU=0.50:0.95 | area= large | maxDets=100 ] = 0.205
