[I 2026-02-24 03:25:28,003] Trial 76 finished with value: 0.572069394714624 and parameters: {'alpha': 3.5798069723260024, 'mean_rho': 0.11196131529700717, 'variance_rho': 0.04412742600183696, 'std_bias': 2.3792309374956035, 'hue_threshold': 11.777193076567867, 'value_ratio_min': 0.4482648852315267, 'value_ratio_max': 0.9793775106497549, 'saturation_diff_threshold': 20.348719359302702}. Best is trial 27 with value: 0.6218635226564296.Best trial: 27. Best value: 0.621864:  36%|███▌      | 9/25 [1:19:57<2:12:15, 495.98s/it]Best trial: 27. Best value: 0.621864:  36%|███▌      | 9/25 [1:19:57<2:12:15, 495.98s/it]Best trial: 27. Best value: 0.621864:  40%|████      | 10/25 [1:19:57<1:58:56, 475.80s/it]                                                                                          Best trial: 27. Best value: 0.621864:  40%|████      | 10/25 [1:27:27<1:58:56, 475.80s/it]Best trial: 27. Best value: 0.621864:  40%|████      | 10/25 [1:27:27<1:58:56, 475.80s/it]Best trial: 27. Best value: 0.621864:  44%|████▍     | 11/25 [1:27:27<1:49:13, 468.07s/it]                                                                                          Best trial: 27. Best value: 0.621864:  44%|████▍     | 11/25 [1:34:42<1:49:13, 468.07s/it]Best trial: 27. Best value: 0.621864:  44%|████▍     | 11/25 [1:34:42<1:49:13, 468.07s/it]Best trial: 27. Best value: 0.621864:  48%|████▊     | 12/25 [1:34:42<1:39:13, 457.98s/it]                                                                                          Best trial: 27. Best value: 0.621864:  48%|████▊     | 12/25 [1:42:06<1:39:13, 457.98s/it]Best trial: 27. Best value: 0.621864:  48%|████▊     | 12/25 [1:42:06<1:39:13, 457.98s/it]Best trial: 27. Best value: 0.621864:  52%|█████▏    | 13/25 [1:42:06<1:30:43, 453.61s/it]                                                                                          Best trial: 27. Best value: 0.621864:  52%|█████▏    | 13/25 [1:49:24<1:30:43, 453.61s/it]Best trial: 27. Best value: 0.621864:  52%|█████▏    | 13/25 [1:49:24<1:30:43, 453.61s/it]Best trial: 27. Best value: 0.621864:  56%|█████▌    | 14/25 [1:49:24<1:22:19, 449.06s/it]                                                                                          
creating index...
index created!
Loading and preparing results...
DONE (t=0.02s)
creating index...
index created!
Running per image evaluation...
Evaluate annotation type *bbox*
DONE (t=2.09s).
Accumulating evaluation results...
DONE (t=0.32s).
 Average Precision  (AP) @[ IoU=0.50:0.95 | area=   all | maxDets=100 ] = 0.304
 Average Precision  (AP) @[ IoU=0.50      | area=   all | maxDets=100 ] = 0.596
 Average Precision  (AP) @[ IoU=0.75      | area=   all | maxDets=100 ] = 0.283
 Average Precision  (AP) @[ IoU=0.50:0.95 | area= small | maxDets=100 ] = -1.000
 Average Precision  (AP) @[ IoU=0.50:0.95 | area=medium | maxDets=100 ] = 0.185
 Average Precision  (AP) @[ IoU=0.50:0.95 | area= large | maxDets=100 ] = 0.448
 Average Recall     (AR) @[ IoU=0.50:0.95 | area=   all | maxDets=  1 ] = 0.221
 Average Recall     (AR) @[ IoU=0.50:0.95 | area=   all | maxDets= 10 ] = 0.424
 Average Recall     (AR) @[ IoU=0.50:0.95 | area=   all | maxDets=100 ] = 0.424
 Average Recall     (AR) @[ IoU=0.50:0.95 | area= small | maxDets=100 ] = -1.000
 Average Recall     (AR) @[ IoU=0.50:0.95 | area=medium | maxDets=100 ] = 0.300
 Average Recall     (AR) @[ IoU=0.50:0.95 | area= large | maxDets=100 ] = 0.568
[I 2026-02-24 03:32:58,563] Trial 82 finished with value: 0.5955503815222052 and parameters: {'alpha': 2.6253245742426556, 'mean_rho': 0.14704129658788923, 'variance_rho': 0.04339540124280158, 'std_bias': 2.643292513670327, 'hue_threshold': 27.170446790489418, 'value_ratio_min': 0.37736307754846693, 'value_ratio_max': 0.8959406819541427, 'saturation_diff_threshold': 26.63012859352522}. Best is trial 27 with value: 0.6218635226564296.
creating index...
index created!
Loading and preparing results...
DONE (t=0.01s)
creating index...
index created!
Running per image evaluation...
Evaluate annotation type *bbox*
DONE (t=1.72s).
Accumulating evaluation results...
DONE (t=0.32s).
 Average Precision  (AP) @[ IoU=0.50:0.95 | area=   all | maxDets=100 ] = 0.330
 Average Precision  (AP) @[ IoU=0.50      | area=   all | maxDets=100 ] = 0.603
 Average Precision  (AP) @[ IoU=0.75      | area=   all | maxDets=100 ] = 0.309
 Average Precision  (AP) @[ IoU=0.50:0.95 | area= small | maxDets=100 ] = -1.000
 Average Precision  (AP) @[ IoU=0.50:0.95 | area=medium | maxDets=100 ] = 0.151
 Average Precision  (AP) @[ IoU=0.50:0.95 | area= large | maxDets=100 ] = 0.548
 Average Recall     (AR) @[ IoU=0.50:0.95 | area=   all | maxDets=  1 ] = 0.235
 Average Recall     (AR) @[ IoU=0.50:0.95 | area=   all | maxDets= 10 ] = 0.438
 Average Recall     (AR) @[ IoU=0.50:0.95 | area=   all | maxDets=100 ] = 0.438
 Average Recall     (AR) @[ IoU=0.50:0.95 | area= small | maxDets=100 ] = -1.000
 Average Recall     (AR) @[ IoU=0.50:0.95 | area=medium | maxDets=100 ] = 0.243
 Average Recall     (AR) @[ IoU=0.50:0.95 | area= large | maxDets=100 ] = 0.664
[I 2026-02-24 03:40:13,449] Trial 90 finished with value: 0.6025126261890441 and parameters: {'alpha': 2.9667778374644254, 'mean_rho': 0.06169551137718861, 'variance_rho': 0.060330222827306504, 'std_bias': 2.129207500360081, 'hue_threshold': 29.11309816404082, 'value_ratio_min': 0.5001339373186398, 'value_ratio_max': 0.9294020592360651, 'saturation_diff_threshold': 45.82722481784049}. Best is trial 27 with value: 0.6218635226564296.
creating index...
index created!
Loading and preparing results...
DONE (t=0.01s)
creating index...
index created!
Running per image evaluation...
Evaluate annotation type *bbox*
DONE (t=1.84s).
Accumulating evaluation results...
DONE (t=0.37s).
 Average Precision  (AP) @[ IoU=0.50:0.95 | area=   all | maxDets=100 ] = 0.313
 Average Precision  (AP) @[ IoU=0.50      | area=   all | maxDets=100 ] = 0.603
 Average Precision  (AP) @[ IoU=0.75      | area=   all | maxDets=100 ] = 0.298
 Average Precision  (AP) @[ IoU=0.50:0.95 | area= small | maxDets=100 ] = -1.000
 Average Precision  (AP) @[ IoU=0.50:0.95 | area=medium | maxDets=100 ] = 0.166
 Average Precision  (AP) @[ IoU=0.50:0.95 | area= large | maxDets=100 ] = 0.490
 Average Recall     (AR) @[ IoU=0.50:0.95 | area=   all | maxDets=  1 ] = 0.225
 Average Recall     (AR) @[ IoU=0.50:0.95 | area=   all | maxDets= 10 ] = 0.431
 Average Recall     (AR) @[ IoU=0.50:0.95 | area=   all | maxDets=100 ] = 0.431
 Average Recall     (AR) @[ IoU=0.50:0.95 | area= small | maxDets=100 ] = -1.000
 Average Recall     (AR) @[ IoU=0.50:0.95 | area=medium | maxDets=100 ] = 0.273
 Average Recall     (AR) @[ IoU=0.50:0.95 | area= large | maxDets=100 ] = 0.614
[I 2026-02-24 03:47:37,016] Trial 99 finished with value: 0.6026378608388299 and parameters: {'alpha': 2.742350862092669, 'mean_rho': 0.09454137349747989, 'variance_rho': 0.06088226243042422, 'std_bias': 2.097931889005068, 'hue_threshold': 23.557245064366118, 'value_ratio_min': 0.4280840954187694, 'value_ratio_max': 0.9410722485525636, 'saturation_diff_threshold': 48.18221891025815}. Best is trial 27 with value: 0.6218635226564296.
creating index...
index created!
Loading and preparing results...
DONE (t=0.02s)
creating index...
index created!
Running per image evaluation...
Evaluate annotation type *bbox*
DONE (t=1.91s).
Accumulating evaluation results...
DONE (t=0.35s).
 Average Precision  (AP) @[ IoU=0.50:0.95 | area=   all | maxDets=100 ] = 0.281
 Average Precision  (AP) @[ IoU=0.50      | area=   all | maxDets=100 ] = 0.549
 Average Precision  (AP) @[ IoU=0.75      | area=   all | maxDets=100 ] = 0.257
 Average Precision  (AP) @[ IoU=0.50:0.95 | area= small | maxDets=100 ] = -1.000
 Average Precision  (AP) @[ IoU=0.50:0.95 | area=medium | maxDets=100 ] = 0.183
 Average Precision  (AP) @[ IoU=0.50:0.95 | area= large | maxDets=100 ] = 0.409
 Average Recall     (AR) @[ IoU=0.50:0.95 | area=   all | maxDets=  1 ] = 0.203
 Average Recall     (AR) @[ IoU=0.50:0.95 | area=   all | maxDets= 10 ] = 0.405
 Average Recall     (AR) @[ IoU=0.50:0.95 | area=   all | maxDets=100 ] = 0.405
 Average Recall     (AR) @[ IoU=0.50:0.95 | area= small | maxDets=100 ] = -1.000
 Average Recall     (AR) @[ IoU=0.50:0.95 | area=medium | maxDets=100 ] = 0.298
 Average Recall     (AR) @[ IoU=0.50:0.95 | area= large | maxDets=100 ] = 0.529
[I 2026-02-24 03:54:55,559] Trial 107 finished with value: 0.5489389918003547 and parameters: {'alpha': 2.295014739634884, 'mean_rho': 0.09929575248287686, 'variance_rho': 0.02254392645644127, 'std_bias': 3.094906036144796, 'hue_threshold': 25.24293836770114, 'value_ratio_min': 0.4292411691872066, 'value_ratio_max': 0.9138624864808503, 'saturation_diff_threshold': 43.95560369975418}. Best is trial 27 with value: 0.6218635226564296.
creating index...
index created!
Loading and preparing results...
DONE (t=0.02s)
creating index...
index created!
Running per image evaluation...
Evaluate annotation type *bbox*
DONE (t=1.94s).
Accumulating evaluation results...
DONE (t=0.55s).
 Average Precision  (AP) @[ IoU=0.50:0.95 | area=   all | maxDets=100 ] = 0.329
 Average Precision  (AP) @[ IoU=0.50      | area=   all | maxDets=100 ] = 0.619
 Average Precision  (AP) @[ IoU=0.75      | area=   all | maxDets=100 ] = 0.314
 Average Precision  (AP) @[ IoU=0.50:0.95 | area= small | maxDets=100 ] = -1.000
 Average Precision  (AP) @[ IoU=0.50:0.95 | area=medium | maxDets=100 ] = 0.183
 Average Precision  (AP) @[ IoU=0.50:0.95 | area= large | maxDets=100 ] = 0.502
 Average Recall     (AR) @[ IoU=0.50:0.95 | area=   all | maxDets=  1 ] = 0.225
 Average Recall     (AR) @[ IoU=0.50:0.95 | area=   all | maxDets= 10 ] = 0.444
 Average Recall     (AR) @[ IoU=0.50:0.95 | area=   all | maxDets=100 ] = 0.444
 Average Recall     (AR) @[ IoU=0.50:0.95 | area= small | maxDets=100 ] = -1.000
 Average Recall     (AR) @[ IoU=0.50:0.95 | area=medium | maxDets=100 ] = 0.287
 Average Recall     (AR) @[ IoU=0.50:0.95 | area= large | maxDets=100 ] = 0.626
[I 2026-02-24 04:02:19,701] Trial 115 finished with value: 0.6188898570535579 and parameters: {'alpha': 2.71245692573211, 'mean_rho': 0.08037765927914435, 'variance_rho': 0.03775207871152854, 'std_bias': 2.5038166936822974, 'hue_threshold': 28.374367785831932, 'value_ratio_min': 0.47369337565770797, 'value_ratio_max': 0.9553221291662476, 'saturation_diff_threshold': 42.229143649398026}. Best is trial 27 with value: 0.6218635226564296.Best trial: 27. Best value: 0.621864:  56%|█████▌    | 14/25 [1:56:49<1:22:19, 449.06s/it]Best trial: 27. Best value: 0.621864:  56%|█████▌    | 14/25 [1:56:49<1:22:19, 449.06s/it]Best trial: 27. Best value: 0.621864:  60%|██████    | 15/25 [1:56:49<1:14:35, 447.58s/it]                                                                                          Best trial: 27. Best value: 0.621864:  60%|██████    | 15/25 [2:04:09<1:14:35, 447.58s/it]Best trial: 27. Best value: 0.621864:  60%|██████    | 15/25 [2:04:09<1:14:35, 447.58s/it]Best trial: 27. Best value: 0.621864:  64%|██████▍   | 16/25 [2:04:09<1:06:49, 445.55s/it]                                                                                          Best trial: 27. Best value: 0.621864:  64%|██████▍   | 16/25 [2:11:25<1:06:49, 445.55s/it]Best trial: 27. Best value: 0.621864:  64%|██████▍   | 16/25 [2:11:25<1:06:49, 445.55s/it]Best trial: 27. Best value: 0.621864:  68%|██████▊   | 17/25 [2:11:25<59:00, 442.60s/it]                                                                                          Best trial: 27. Best value: 0.621864:  68%|██████▊   | 17/25 [2:18:52<59:00, 442.60s/it]Best trial: 133. Best value: 0.624677:  68%|██████▊   | 17/25 [2:18:52<59:00, 442.60s/it]Best trial: 133. Best value: 0.624677:  72%|███████▏  | 18/25 [2:18:52<51:47, 443.98s/it]                                                                                         Best trial: 133. Best value: 0.624677:  72%|███████▏  | 18/25 [2:26:26<51:47, 443.98s/it]Best trial: 143. Best value: 0.627429:  72%|███████▏  | 18/25 [2:26:26<51:47, 443.98s/it]Best trial: 143. Best value: 0.627429:  76%|███████▌  | 19/25 [2:26:26<44:41, 446.87s/it]                                                                                         
creating index...
index created!
Loading and preparing results...
DONE (t=0.01s)
creating index...
index created!
Running per image evaluation...
Evaluate annotation type *bbox*
DONE (t=1.70s).
Accumulating evaluation results...
DONE (t=0.35s).
 Average Precision  (AP) @[ IoU=0.50:0.95 | area=   all | maxDets=100 ] = 0.349
 Average Precision  (AP) @[ IoU=0.50      | area=   all | maxDets=100 ] = 0.604
 Average Precision  (AP) @[ IoU=0.75      | area=   all | maxDets=100 ] = 0.352
 Average Precision  (AP) @[ IoU=0.50:0.95 | area= small | maxDets=100 ] = -1.000
 Average Precision  (AP) @[ IoU=0.50:0.95 | area=medium | maxDets=100 ] = 0.157
 Average Precision  (AP) @[ IoU=0.50:0.95 | area= large | maxDets=100 ] = 0.583
 Average Recall     (AR) @[ IoU=0.50:0.95 | area=   all | maxDets=  1 ] = 0.233
 Average Recall     (AR) @[ IoU=0.50:0.95 | area=   all | maxDets= 10 ] = 0.457
 Average Recall     (AR) @[ IoU=0.50:0.95 | area=   all | maxDets=100 ] = 0.457
 Average Recall     (AR) @[ IoU=0.50:0.95 | area= small | maxDets=100 ] = -1.000
 Average Recall     (AR) @[ IoU=0.50:0.95 | area=medium | maxDets=100 ] = 0.257
 Average Recall     (AR) @[ IoU=0.50:0.95 | area= large | maxDets=100 ] = 0.688
[I 2026-02-24 04:09:40,550] Trial 123 finished with value: 0.6043019117310636 and parameters: {'alpha': 2.6913813920129885, 'mean_rho': 0.2245868570145084, 'variance_rho': 0.03834217117486859, 'std_bias': 4.913410715737351, 'hue_threshold': 27.47875489902476, 'value_ratio_min': 0.47098518919681076, 'value_ratio_max': 0.9473785675753017, 'saturation_diff_threshold': 35.85154436556911}. Best is trial 27 with value: 0.6218635226564296.
creating index...
index created!
Loading and preparing results...
DONE (t=0.01s)
creating index...
index created!
Running per image evaluation...
Evaluate annotation type *bbox*
DONE (t=1.66s).
Accumulating evaluation results...
DONE (t=0.28s).
 Average Precision  (AP) @[ IoU=0.50:0.95 | area=   all | maxDets=100 ] = 0.346
 Average Precision  (AP) @[ IoU=0.50      | area=   all | maxDets=100 ] = 0.600
 Average Precision  (AP) @[ IoU=0.75      | area=   all | maxDets=100 ] = 0.343
 Average Precision  (AP) @[ IoU=0.50:0.95 | area= small | maxDets=100 ] = -1.000
 Average Precision  (AP) @[ IoU=0.50:0.95 | area=medium | maxDets=100 ] = 0.149
 Average Precision  (AP) @[ IoU=0.50:0.95 | area= large | maxDets=100 ] = 0.591
 Average Recall     (AR) @[ IoU=0.50:0.95 | area=   all | maxDets=  1 ] = 0.235
 Average Recall     (AR) @[ IoU=0.50:0.95 | area=   all | maxDets= 10 ] = 0.452
 Average Recall     (AR) @[ IoU=0.50:0.95 | area=   all | maxDets=100 ] = 0.452
 Average Recall     (AR) @[ IoU=0.50:0.95 | area= small | maxDets=100 ] = -1.000
 Average Recall     (AR) @[ IoU=0.50:0.95 | area=medium | maxDets=100 ] = 0.240
 Average Recall     (AR) @[ IoU=0.50:0.95 | area= large | maxDets=100 ] = 0.699
[I 2026-02-24 04:16:56,301] Trial 131 finished with value: 0.600121660569612 and parameters: {'alpha': 2.6801030488724975, 'mean_rho': 0.13341145338824092, 'variance_rho': 0.05334987005413057, 'std_bias': 4.740004152309171, 'hue_threshold': 28.332651504146455, 'value_ratio_min': 0.47489049137676814, 'value_ratio_max': 0.9531592609230864, 'saturation_diff_threshold': 40.419993649226015}. Best is trial 27 with value: 0.6218635226564296.
creating index...
index created!
Loading and preparing results...
DONE (t=0.01s)
creating index...
index created!
Running per image evaluation...
Evaluate annotation type *bbox*
DONE (t=1.92s).
Accumulating evaluation results...
DONE (t=0.40s).
 Average Precision  (AP) @[ IoU=0.50:0.95 | area=   all | maxDets=100 ] = 0.355
 Average Precision  (AP) @[ IoU=0.50      | area=   all | maxDets=100 ] = 0.624
 Average Precision  (AP) @[ IoU=0.75      | area=   all | maxDets=100 ] = 0.351
 Average Precision  (AP) @[ IoU=0.50:0.95 | area= small | maxDets=100 ] = -1.000
 Average Precision  (AP) @[ IoU=0.50:0.95 | area=medium | maxDets=100 ] = 0.189
 Average Precision  (AP) @[ IoU=0.50:0.95 | area= large | maxDets=100 ] = 0.558
 Average Recall     (AR) @[ IoU=0.50:0.95 | area=   all | maxDets=  1 ] = 0.240
 Average Recall     (AR) @[ IoU=0.50:0.95 | area=   all | maxDets= 10 ] = 0.470
 Average Recall     (AR) @[ IoU=0.50:0.95 | area=   all | maxDets=100 ] = 0.470
 Average Recall     (AR) @[ IoU=0.50:0.95 | area= small | maxDets=100 ] = -1.000
 Average Recall     (AR) @[ IoU=0.50:0.95 | area=medium | maxDets=100 ] = 0.290
 Average Recall     (AR) @[ IoU=0.50:0.95 | area= large | maxDets=100 ] = 0.678
[I 2026-02-24 04:24:23,443] Trial 138 finished with value: 0.6239655569387446 and parameters: {'alpha': 2.3560763794917228, 'mean_rho': 0.08610997581090402, 'variance_rho': 0.05141929823430651, 'std_bias': 4.398939622290814, 'hue_threshold': 28.49287962268957, 'value_ratio_min': 0.45440941169045596, 'value_ratio_max': 0.9583542520789439, 'saturation_diff_threshold': 40.48881817953092}. Best is trial 133 with value: 0.6246768843654953.
creating index...
index created!
Loading and preparing results...
DONE (t=0.01s)
creating index...
index created!
Running per image evaluation...
Evaluate annotation type *bbox*
DONE (t=1.63s).
Accumulating evaluation results...
DONE (t=0.29s).
 Average Precision  (AP) @[ IoU=0.50:0.95 | area=   all | maxDets=100 ] = 0.303
 Average Precision  (AP) @[ IoU=0.50      | area=   all | maxDets=100 ] = 0.562
 Average Precision  (AP) @[ IoU=0.75      | area=   all | maxDets=100 ] = 0.278
 Average Precision  (AP) @[ IoU=0.50:0.95 | area= small | maxDets=100 ] = -1.000
 Average Precision  (AP) @[ IoU=0.50:0.95 | area=medium | maxDets=100 ] = 0.133
 Average Precision  (AP) @[ IoU=0.50:0.95 | area= large | maxDets=100 ] = 0.524
 Average Recall     (AR) @[ IoU=0.50:0.95 | area=   all | maxDets=  1 ] = 0.217
 Average Recall     (AR) @[ IoU=0.50:0.95 | area=   all | maxDets= 10 ] = 0.418
 Average Recall     (AR) @[ IoU=0.50:0.95 | area=   all | maxDets=100 ] = 0.418
 Average Recall     (AR) @[ IoU=0.50:0.95 | area= small | maxDets=100 ] = -1.000
 Average Recall     (AR) @[ IoU=0.50:0.95 | area=medium | maxDets=100 ] = 0.226
 Average Recall     (AR) @[ IoU=0.50:0.95 | area= large | maxDets=100 ] = 0.640
[I 2026-02-24 04:31:57,054] Trial 147 finished with value: 0.5615582362240443 and parameters: {'alpha': 2.273772204118488, 'mean_rho': 0.08759904966636661, 'variance_rho': 0.2070257245432062, 'std_bias': 3.9354340579545317, 'hue_threshold': 28.733873515876684, 'value_ratio_min': 0.4865320521812052, 'value_ratio_max': 0.9704998402259665, 'saturation_diff_threshold': 39.138401483618914}. Best is trial 143 with value: 0.6274292904394109.
creating index...
index created!
Loading and preparing results...
DONE (t=0.01s)
creating index...
index created!
Running per image evaluation...
Evaluate annotation type *bbox*
DONE (t=1.92s).
Accumulating evaluation results...
DONE (t=0.35s).
 Average Precision  (AP) @[ IoU=0.50:0.95 | area=   all | maxDets=100 ] = 0.331
 Average Precision  (AP) @[ IoU=0.50      | area=   all | maxDets=100 ] = 0.568
 Average Precision  (AP) @[ IoU=0.75      | area=   all | maxDets=100 ] = 0.345
 Average Precision  (AP) @[ IoU=0.50:0.95 | area= small | maxDets=100 ] = -1.000
 Average Precision  (AP) @[ IoU=0.50:0.95 | area=medium | maxDets=100 ] = 0.141
 Average Precision  (AP) @[ IoU=0.50:0.95 | area= large | maxDets=100 ] = 0.561
 Average Recall     (AR) @[ IoU=0.50:0.95 | area=   all | maxDets=  1 ] = 0.238
 Average Recall     (AR) @[ IoU=0.50:0.95 | area=   all | maxDets= 10 ] = 0.446
 Average Recall     (AR) @[ IoU=0.50:0.95 | area=   all | maxDets=100 ] = 0.447
 Average Recall     (AR) @[ IoU=0.50:0.95 | area= small | maxDets=100 ] = -1.000
 Average Recall     (AR) @[ IoU=0.50:0.95 | area=medium | maxDets=100 ] = 0.246
 Average Recall     (AR) @[ IoU=0.50:0.95 | area= large | maxDets=100 ] = 0.679
