[I 2026-02-24 02:05:09,849] Using an existing study with name 'adaptive_with_temporal' instead of creating a new one.
Loading annotations and video...
Starting optimization for study 'adaptive_with_temporal'
Using temporal detector: True
Database: optuna_adaptive_with_temporal.db
Number of trials: 25

To run in parallel, execute this same command in multiple terminals.
--------------------------------------------------------------------------------
  0%|          | 0/25 [00:00<?, ?it/s]                                        0%|          | 0/25 [10:20<?, ?it/s]Best trial: 6. Best value: 0.507345:   0%|          | 0/25 [10:20<?, ?it/s]Best trial: 6. Best value: 0.507345:   4%|▍         | 1/25 [10:20<4:08:09, 620.41s/it]                                                                                      Best trial: 6. Best value: 0.507345:   4%|▍         | 1/25 [17:34<4:08:09, 620.41s/it]Best trial: 12. Best value: 0.59836:   4%|▍         | 1/25 [17:34<4:08:09, 620.41s/it]Best trial: 12. Best value: 0.59836:   8%|▊         | 2/25 [17:34<3:15:49, 510.84s/it]                                                                                      Best trial: 12. Best value: 0.59836:   8%|▊         | 2/25 [28:56<3:15:49, 510.84s/it]Best trial: 12. Best value: 0.59836:   8%|▊         | 2/25 [28:56<3:15:49, 510.84s/it]Best trial: 12. Best value: 0.59836:  12%|█▏        | 3/25 [28:56<3:35:58, 589.02s/it]                                                                                      Best trial: 12. Best value: 0.59836:  12%|█▏        | 3/25 [36:19<3:35:58, 589.02s/it]Best trial: 27. Best value: 0.621864:  12%|█▏        | 3/25 [36:19<3:35:58, 589.02s/it]Best trial: 27. Best value: 0.621864:  16%|█▌        | 4/25 [36:19<3:05:56, 531.26s/it]                                                                                       creating index...
index created!
Loading and preparing results...
DONE (t=0.23s)
creating index...
index created!
Running per image evaluation...
Evaluate annotation type *bbox*
DONE (t=2.09s).
Accumulating evaluation results...
DONE (t=0.34s).
 Average Precision  (AP) @[ IoU=0.50:0.95 | area=   all | maxDets=100 ] = 0.013
 Average Precision  (AP) @[ IoU=0.50      | area=   all | maxDets=100 ] = 0.039
 Average Precision  (AP) @[ IoU=0.75      | area=   all | maxDets=100 ] = 0.010
 Average Precision  (AP) @[ IoU=0.50:0.95 | area= small | maxDets=100 ] = -1.000
 Average Precision  (AP) @[ IoU=0.50:0.95 | area=medium | maxDets=100 ] = 0.010
 Average Precision  (AP) @[ IoU=0.50:0.95 | area= large | maxDets=100 ] = 0.014
 Average Recall     (AR) @[ IoU=0.50:0.95 | area=   all | maxDets=  1 ] = 0.026
 Average Recall     (AR) @[ IoU=0.50:0.95 | area=   all | maxDets= 10 ] = 0.036
 Average Recall     (AR) @[ IoU=0.50:0.95 | area=   all | maxDets=100 ] = 0.036
 Average Recall     (AR) @[ IoU=0.50:0.95 | area= small | maxDets=100 ] = -1.000
 Average Recall     (AR) @[ IoU=0.50:0.95 | area=medium | maxDets=100 ] = 0.046
 Average Recall     (AR) @[ IoU=0.50:0.95 | area= large | maxDets=100 ] = 0.025
[I 2026-02-24 02:15:30,256] Trial 2 finished with value: 0.03942175189874013 and parameters: {'alpha': 1.8105722454432263, 'mean_rho': 0.2894834414321899, 'variance_rho': 0.011759326615224431, 'std_bias': 0.3092026115581564, 'hue_threshold': 20.264001178702934, 'value_ratio_min': 0.5425942686151862, 'value_ratio_max': 0.8021456035503293, 'saturation_diff_threshold': 12.771811550161893}. Best is trial 6 with value: 0.5073452909060291.
creating index...
index created!
Loading and preparing results...
DONE (t=0.21s)
creating index...
index created!
Running per image evaluation...
Evaluate annotation type *bbox*
DONE (t=1.59s).
Accumulating evaluation results...
DONE (t=0.24s).
 Average Precision  (AP) @[ IoU=0.50:0.95 | area=   all | maxDets=100 ] = 0.285
 Average Precision  (AP) @[ IoU=0.50      | area=   all | maxDets=100 ] = 0.561
 Average Precision  (AP) @[ IoU=0.75      | area=   all | maxDets=100 ] = 0.267
 Average Precision  (AP) @[ IoU=0.50:0.95 | area= small | maxDets=100 ] = -1.000
 Average Precision  (AP) @[ IoU=0.50:0.95 | area=medium | maxDets=100 ] = 0.195
 Average Precision  (AP) @[ IoU=0.50:0.95 | area= large | maxDets=100 ] = 0.403
 Average Recall     (AR) @[ IoU=0.50:0.95 | area=   all | maxDets=  1 ] = 0.206
 Average Recall     (AR) @[ IoU=0.50:0.95 | area=   all | maxDets= 10 ] = 0.398
 Average Recall     (AR) @[ IoU=0.50:0.95 | area=   all | maxDets=100 ] = 0.398
 Average Recall     (AR) @[ IoU=0.50:0.95 | area= small | maxDets=100 ] = -1.000
 Average Recall     (AR) @[ IoU=0.50:0.95 | area=medium | maxDets=100 ] = 0.300
 Average Recall     (AR) @[ IoU=0.50:0.95 | area= large | maxDets=100 ] = 0.513
[I 2026-02-24 02:22:44,396] Trial 15 finished with value: 0.5614626065477346 and parameters: {'alpha': 2.371426884525397, 'mean_rho': 0.13967847694183894, 'variance_rho': 0.02041341881024599, 'std_bias': 3.557762119206025, 'hue_threshold': 17.659688317541704, 'value_ratio_min': 0.37575259027886276, 'value_ratio_max': 0.9293876900963057, 'saturation_diff_threshold': 16.788923668518997}. Best is trial 12 with value: 0.5983602105526338.
creating index...
index created!
Loading and preparing results...
DONE (t=0.03s)
creating index...
index created!
Running per image evaluation...
Evaluate annotation type *bbox*
DONE (t=2.24s).
Accumulating evaluation results...
DONE (t=0.35s).
 Average Precision  (AP) @[ IoU=0.50:0.95 | area=   all | maxDets=100 ] = 0.013
 Average Precision  (AP) @[ IoU=0.50      | area=   all | maxDets=100 ] = 0.036
 Average Precision  (AP) @[ IoU=0.75      | area=   all | maxDets=100 ] = 0.010
 Average Precision  (AP) @[ IoU=0.50:0.95 | area= small | maxDets=100 ] = -1.000
 Average Precision  (AP) @[ IoU=0.50:0.95 | area=medium | maxDets=100 ] = 0.002
 Average Precision  (AP) @[ IoU=0.50:0.95 | area= large | maxDets=100 ] = 0.022
 Average Recall     (AR) @[ IoU=0.50:0.95 | area=   all | maxDets=  1 ] = 0.009
 Average Recall     (AR) @[ IoU=0.50:0.95 | area=   all | maxDets= 10 ] = 0.018
 Average Recall     (AR) @[ IoU=0.50:0.95 | area=   all | maxDets=100 ] = 0.018
 Average Recall     (AR) @[ IoU=0.50:0.95 | area= small | maxDets=100 ] = -1.000
 Average Recall     (AR) @[ IoU=0.50:0.95 | area=medium | maxDets=100 ] = 0.011
 Average Recall     (AR) @[ IoU=0.50:0.95 | area= large | maxDets=100 ] = 0.026
[I 2026-02-24 02:34:06,459] Trial 22 finished with value: 0.03623204174233698 and parameters: {'alpha': 1.1021144284845956, 'mean_rho': 0.3656748402111949, 'variance_rho': 0.05583072407554578, 'std_bias': 2.121143429196787, 'hue_threshold': 5.00022673168054, 'value_ratio_min': 0.30322987614622104, 'value_ratio_max': 0.9432164839185907, 'saturation_diff_threshold': 17.857443948716174}. Best is trial 12 with value: 0.5983602105526338.
creating index...
index created!
Loading and preparing results...
DONE (t=0.01s)
creating index...
index created!
Running per image evaluation...
Evaluate annotation type *bbox*
DONE (t=1.89s).
Accumulating evaluation results...
DONE (t=0.37s).
 Average Precision  (AP) @[ IoU=0.50:0.95 | area=   all | maxDets=100 ] = 0.323
 Average Precision  (AP) @[ IoU=0.50      | area=   all | maxDets=100 ] = 0.607
 Average Precision  (AP) @[ IoU=0.75      | area=   all | maxDets=100 ] = 0.314
 Average Precision  (AP) @[ IoU=0.50:0.95 | area= small | maxDets=100 ] = -1.000
 Average Precision  (AP) @[ IoU=0.50:0.95 | area=medium | maxDets=100 ] = 0.183
 Average Precision  (AP) @[ IoU=0.50:0.95 | area= large | maxDets=100 ] = 0.494
 Average Recall     (AR) @[ IoU=0.50:0.95 | area=   all | maxDets=  1 ] = 0.222
 Average Recall     (AR) @[ IoU=0.50:0.95 | area=   all | maxDets= 10 ] = 0.433
 Average Recall     (AR) @[ IoU=0.50:0.95 | area=   all | maxDets=100 ] = 0.433
 Average Recall     (AR) @[ IoU=0.50:0.95 | area= small | maxDets=100 ] = -1.000
 Average Recall     (AR) @[ IoU=0.50:0.95 | area=medium | maxDets=100 ] = 0.284
 Average Recall     (AR) @[ IoU=0.50:0.95 | area= large | maxDets=100 ] = 0.606
[I 2026-02-24 02:41:29,163] Trial 31 finished with value: 0.6065053650098444 and parameters: {'alpha': 2.6536437099151753, 'mean_rho': 0.250321301081441, 'variance_rho': 0.06479103376109815, 'std_bias': 2.7550650339318565, 'hue_threshold': 29.63914357306671, 'value_ratio_min': 0.401418318604554, 'value_ratio_max': 0.9240057693169614, 'saturation_diff_threshold': 36.507805216726815}. Best is trial 27 with value: 0.6218635226564296.
creating index...
index created!
Loading and preparing results...
DONE (t=0.01s)
creating index...
index created!
Running per image evaluation...
Evaluate annotation type *bbox*
DONE (t=1.57s).
Accumulating evaluation results...
DONE (t=0.28s).
 Average Precision  (AP) @[ IoU=0.50:0.95 | area=   all | maxDets=100 ] = 0.258
 Average Precision  (AP) @[ IoU=0.50      | area=   all | maxDets=100 ] = 0.490
 Average Precision  (AP) @[ IoU=0.75      | area=   all | maxDets=100 ] = 0.233
 Average Precision  (AP) @[ IoU=0.50:0.95 | area= small | maxDets=100 ] = -1.000
 Average Precision  (AP) @[ IoU=0.50:0.95 | area=medium | maxDets=100 ] = 0.095
 Average Precision  (AP) @[ IoU=0.50:0.95 | area= large | maxDets=100 ] = 0.473
 Average Recall     (AR) @[ IoU=0.50:0.95 | area=   all | maxDets=  1 ] = 0.207
 Average Recall     (AR) @[ IoU=0.50:0.95 | area=   all | maxDets= 10 ] = 0.367
 Average Recall     (AR) @[ IoU=0.50:0.95 | area=   all | maxDets=100 ] = 0.367
 Average Recall     (AR) @[ IoU=0.50:0.95 | area= small | maxDets=100 ] = -1.000
 Average Recall     (AR) @[ IoU=0.50:0.95 | area=medium | maxDets=100 ] = 0.178
 Average Recall     (AR) @[ IoU=0.50:0.95 | area= large | maxDets=100 ] = 0.587
[I 2026-02-24 02:48:52,653] Trial 39 finished with value: 0.4897446338051694 and parameters: {'alpha': 3.0515452894120827, 'mean_rho': 0.23241857085704506, 'variance_rho': 0.1441266260085144, 'std_bias': 2.8619392740168452, 'hue_threshold': 24.696251290397214, 'value_ratio_min': 0.4064395718731565, 'value_ratio_max': 0.9179259371389282, 'saturation_diff_threshold': 33.261455653687854}. Best is trial 27 with value: 0.6218635226564296.Best trial: 27. Best value: 0.621864:  16%|█▌        | 4/25 [43:42<3:05:56, 531.26s/it]Best trial: 27. Best value: 0.621864:  16%|█▌        | 4/25 [43:42<3:05:56, 531.26s/it]Best trial: 27. Best value: 0.621864:  20%|██        | 5/25 [43:42<2:46:32, 499.61s/it]                                                                                       Best trial: 27. Best value: 0.621864:  20%|██        | 5/25 [51:10<2:46:32, 499.61s/it]Best trial: 27. Best value: 0.621864:  20%|██        | 5/25 [51:10<2:46:32, 499.61s/it]Best trial: 27. Best value: 0.621864:  24%|██▍       | 6/25 [51:10<2:32:37, 481.96s/it]                                                                                       Best trial: 27. Best value: 0.621864:  24%|██▍       | 6/25 [58:41<2:32:37, 481.96s/it]Best trial: 27. Best value: 0.621864:  24%|██▍       | 6/25 [58:41<2:32:37, 481.96s/it]Best trial: 27. Best value: 0.621864:  28%|██▊       | 7/25 [58:41<2:21:30, 471.68s/it]                                                                                       Best trial: 27. Best value: 0.621864:  28%|██▊       | 7/25 [1:06:01<2:21:30, 471.68s/it]Best trial: 27. Best value: 0.621864:  28%|██▊       | 7/25 [1:06:01<2:21:30, 471.68s/it]Best trial: 27. Best value: 0.621864:  32%|███▏      | 8/25 [1:06:01<2:10:48, 461.67s/it]                                                                                         Best trial: 27. Best value: 0.621864:  32%|███▏      | 8/25 [1:13:23<2:10:48, 461.67s/it]Best trial: 27. Best value: 0.621864:  32%|███▏      | 8/25 [1:13:23<2:10:48, 461.67s/it]Best trial: 27. Best value: 0.621864:  36%|███▌      | 9/25 [1:13:23<2:01:28, 455.55s/it]                                                                                         
creating index...
index created!
Loading and preparing results...
DONE (t=0.01s)
creating index...
index created!
Running per image evaluation...
Evaluate annotation type *bbox*
DONE (t=1.63s).
Accumulating evaluation results...
DONE (t=0.29s).
 Average Precision  (AP) @[ IoU=0.50:0.95 | area=   all | maxDets=100 ] = 0.238
 Average Precision  (AP) @[ IoU=0.50      | area=   all | maxDets=100 ] = 0.488
 Average Precision  (AP) @[ IoU=0.75      | area=   all | maxDets=100 ] = 0.202
 Average Precision  (AP) @[ IoU=0.50:0.95 | area= small | maxDets=100 ] = -1.000
 Average Precision  (AP) @[ IoU=0.50:0.95 | area=medium | maxDets=100 ] = 0.089
 Average Precision  (AP) @[ IoU=0.50:0.95 | area= large | maxDets=100 ] = 0.438
 Average Recall     (AR) @[ IoU=0.50:0.95 | area=   all | maxDets=  1 ] = 0.193
 Average Recall     (AR) @[ IoU=0.50:0.95 | area=   all | maxDets= 10 ] = 0.349
 Average Recall     (AR) @[ IoU=0.50:0.95 | area=   all | maxDets=100 ] = 0.349
 Average Recall     (AR) @[ IoU=0.50:0.95 | area= small | maxDets=100 ] = -1.000
 Average Recall     (AR) @[ IoU=0.50:0.95 | area=medium | maxDets=100 ] = 0.170
 Average Recall     (AR) @[ IoU=0.50:0.95 | area= large | maxDets=100 ] = 0.557
[I 2026-02-24 02:56:20,371] Trial 47 finished with value: 0.48810458070879603 and parameters: {'alpha': 3.7593622656959824, 'mean_rho': 0.2741559660139048, 'variance_rho': 0.09286468162987413, 'std_bias': 1.5569962143830947, 'hue_threshold': 22.821880662104604, 'value_ratio_min': 0.48382198436995777, 'value_ratio_max': 0.9657685793205865, 'saturation_diff_threshold': 38.401228391309914}. Best is trial 27 with value: 0.6218635226564296.
creating index...
index created!
Loading and preparing results...
DONE (t=0.01s)
creating index...
index created!
Running per image evaluation...
Evaluate annotation type *bbox*
DONE (t=1.93s).
Accumulating evaluation results...
DONE (t=0.30s).
 Average Precision  (AP) @[ IoU=0.50:0.95 | area=   all | maxDets=100 ] = 0.260
 Average Precision  (AP) @[ IoU=0.50      | area=   all | maxDets=100 ] = 0.553
 Average Precision  (AP) @[ IoU=0.75      | area=   all | maxDets=100 ] = 0.220
 Average Precision  (AP) @[ IoU=0.50:0.95 | area= small | maxDets=100 ] = -1.000
 Average Precision  (AP) @[ IoU=0.50:0.95 | area=medium | maxDets=100 ] = 0.180
 Average Precision  (AP) @[ IoU=0.50:0.95 | area= large | maxDets=100 ] = 0.356
 Average Recall     (AR) @[ IoU=0.50:0.95 | area=   all | maxDets=  1 ] = 0.194
 Average Recall     (AR) @[ IoU=0.50:0.95 | area=   all | maxDets= 10 ] = 0.372
 Average Recall     (AR) @[ IoU=0.50:0.95 | area=   all | maxDets=100 ] = 0.372
 Average Recall     (AR) @[ IoU=0.50:0.95 | area= small | maxDets=100 ] = -1.000
 Average Recall     (AR) @[ IoU=0.50:0.95 | area=medium | maxDets=100 ] = 0.297
 Average Recall     (AR) @[ IoU=0.50:0.95 | area= large | maxDets=100 ] = 0.460
[I 2026-02-24 03:03:50,894] Trial 55 finished with value: 0.5525520209519537 and parameters: {'alpha': 2.478648281523286, 'mean_rho': 0.3095684534573506, 'variance_rho': 0.03350813953803234, 'std_bias': 2.518931348109457, 'hue_threshold': 27.94302991027604, 'value_ratio_min': 0.46165384935481724, 'value_ratio_max': 0.9541911746894126, 'saturation_diff_threshold': 14.424017832109943}. Best is trial 27 with value: 0.6218635226564296.
creating index...
index created!
Loading and preparing results...
DONE (t=0.01s)
creating index...
index created!
Running per image evaluation...
Evaluate annotation type *bbox*
DONE (t=1.33s).
Accumulating evaluation results...
DONE (t=0.27s).
 Average Precision  (AP) @[ IoU=0.50:0.95 | area=   all | maxDets=100 ] = 0.097
 Average Precision  (AP) @[ IoU=0.50      | area=   all | maxDets=100 ] = 0.219
 Average Precision  (AP) @[ IoU=0.75      | area=   all | maxDets=100 ] = 0.070
 Average Precision  (AP) @[ IoU=0.50:0.95 | area= small | maxDets=100 ] = -1.000
 Average Precision  (AP) @[ IoU=0.50:0.95 | area=medium | maxDets=100 ] = 0.040
 Average Precision  (AP) @[ IoU=0.50:0.95 | area= large | maxDets=100 ] = 0.172
 Average Recall     (AR) @[ IoU=0.50:0.95 | area=   all | maxDets=  1 ] = 0.100
 Average Recall     (AR) @[ IoU=0.50:0.95 | area=   all | maxDets= 10 ] = 0.166
 Average Recall     (AR) @[ IoU=0.50:0.95 | area=   all | maxDets=100 ] = 0.166
 Average Recall     (AR) @[ IoU=0.50:0.95 | area= small | maxDets=100 ] = -1.000
 Average Recall     (AR) @[ IoU=0.50:0.95 | area=medium | maxDets=100 ] = 0.088
 Average Recall     (AR) @[ IoU=0.50:0.95 | area= large | maxDets=100 ] = 0.257
[I 2026-02-24 03:11:11,125] Trial 62 finished with value: 0.21941112913127708 and parameters: {'alpha': 3.4063199404646154, 'mean_rho': 0.0038760183697152673, 'variance_rho': 0.23516121582750704, 'std_bias': 1.90067680314507, 'hue_threshold': 29.936502108366934, 'value_ratio_min': 0.3902946167903868, 'value_ratio_max': 0.9056976964521729, 'saturation_diff_threshold': 25.519982135871594}. Best is trial 27 with value: 0.6218635226564296.
creating index...
index created!
Loading and preparing results...
DONE (t=0.02s)
creating index...
index created!
Running per image evaluation...
Evaluate annotation type *bbox*
DONE (t=1.88s).
Accumulating evaluation results...
DONE (t=0.32s).
 Average Precision  (AP) @[ IoU=0.50:0.95 | area=   all | maxDets=100 ] = 0.310
 Average Precision  (AP) @[ IoU=0.50      | area=   all | maxDets=100 ] = 0.578
 Average Precision  (AP) @[ IoU=0.75      | area=   all | maxDets=100 ] = 0.296
 Average Precision  (AP) @[ IoU=0.50:0.95 | area= small | maxDets=100 ] = -1.000
 Average Precision  (AP) @[ IoU=0.50:0.95 | area=medium | maxDets=100 ] = 0.184
 Average Precision  (AP) @[ IoU=0.50:0.95 | area= large | maxDets=100 ] = 0.454
 Average Recall     (AR) @[ IoU=0.50:0.95 | area=   all | maxDets=  1 ] = 0.212
 Average Recall     (AR) @[ IoU=0.50:0.95 | area=   all | maxDets= 10 ] = 0.405
 Average Recall     (AR) @[ IoU=0.50:0.95 | area=   all | maxDets=100 ] = 0.405
 Average Recall     (AR) @[ IoU=0.50:0.95 | area= small | maxDets=100 ] = -1.000
 Average Recall     (AR) @[ IoU=0.50:0.95 | area=medium | maxDets=100 ] = 0.279
 Average Recall     (AR) @[ IoU=0.50:0.95 | area= large | maxDets=100 ] = 0.552
[I 2026-02-24 03:18:33,206] Trial 70 finished with value: 0.5780684062316019 and parameters: {'alpha': 3.2985700829497078, 'mean_rho': 0.19679532924505436, 'variance_rho': 0.013409790162061966, 'std_bias': 2.967897126336672, 'hue_threshold': 9.984045723456013, 'value_ratio_min': 0.5155086394353148, 'value_ratio_max': 0.9889951006183139, 'saturation_diff_threshold': 29.18818709022334}. Best is trial 27 with value: 0.6218635226564296.
creating index...
index created!
Loading and preparing results...
DONE (t=0.01s)
creating index...
index created!
Running per image evaluation...
Evaluate annotation type *bbox*
DONE (t=1.55s).
Accumulating evaluation results...
DONE (t=0.23s).
 Average Precision  (AP) @[ IoU=0.50:0.95 | area=   all | maxDets=100 ] = 0.324
 Average Precision  (AP) @[ IoU=0.50      | area=   all | maxDets=100 ] = 0.607
 Average Precision  (AP) @[ IoU=0.75      | area=   all | maxDets=100 ] = 0.310
 Average Precision  (AP) @[ IoU=0.50:0.95 | area= small | maxDets=100 ] = -1.000
 Average Precision  (AP) @[ IoU=0.50:0.95 | area=medium | maxDets=100 ] = 0.175
 Average Precision  (AP) @[ IoU=0.50:0.95 | area= large | maxDets=100 ] = 0.499
 Average Recall     (AR) @[ IoU=0.50:0.95 | area=   all | maxDets=  1 ] = 0.229
 Average Recall     (AR) @[ IoU=0.50:0.95 | area=   all | maxDets= 10 ] = 0.430
 Average Recall     (AR) @[ IoU=0.50:0.95 | area=   all | maxDets=100 ] = 0.430
 Average Recall     (AR) @[ IoU=0.50:0.95 | area= small | maxDets=100 ] = -1.000
 Average Recall     (AR) @[ IoU=0.50:0.95 | area=medium | maxDets=100 ] = 0.277
 Average Recall     (AR) @[ IoU=0.50:0.95 | area= large | maxDets=100 ] = 0.608
