[I 2026-02-24 04:39:21,239] Trial 155 finished with value: 0.5677528382784574 and parameters: {'alpha': 2.5836749796774234, 'mean_rho': 0.005641834498154738, 'variance_rho': 0.001368712493716992, 'std_bias': 3.6546059342249837, 'hue_threshold': 26.313934489997997, 'value_ratio_min': 0.5087251189377119, 'value_ratio_max': 0.9831665014409658, 'saturation_diff_threshold': 40.959985736311104}. Best is trial 143 with value: 0.6274292904394109.Best trial: 143. Best value: 0.627429:  76%|███████▌  | 19/25 [2:33:50<44:41, 446.87s/it]Best trial: 143. Best value: 0.627429:  76%|███████▌  | 19/25 [2:33:50<44:41, 446.87s/it]Best trial: 143. Best value: 0.627429:  80%|████████  | 20/25 [2:33:50<37:10, 446.06s/it]                                                                                         Best trial: 143. Best value: 0.627429:  80%|████████  | 20/25 [2:41:23<37:10, 446.06s/it]Best trial: 161. Best value: 0.627544:  80%|████████  | 20/25 [2:41:23<37:10, 446.06s/it]Best trial: 161. Best value: 0.627544:  84%|████████▍ | 21/25 [2:41:23<29:52, 448.23s/it]                                                                                         Best trial: 161. Best value: 0.627544:  84%|████████▍ | 21/25 [2:48:47<29:52, 448.23s/it]Best trial: 164. Best value: 0.63127:  84%|████████▍ | 21/25 [2:48:47<29:52, 448.23s/it] Best trial: 164. Best value: 0.63127:  88%|████████▊ | 22/25 [2:48:47<22:20, 446.78s/it]                                                                                        Best trial: 164. Best value: 0.63127:  88%|████████▊ | 22/25 [2:56:19<22:20, 446.78s/it]Best trial: 174. Best value: 0.638334:  88%|████████▊ | 22/25 [2:56:19<22:20, 446.78s/it]Best trial: 174. Best value: 0.638334:  92%|█████████▏| 23/25 [2:56:19<14:57, 448.51s/it]                                                                                         Best trial: 174. Best value: 0.638334:  92%|█████████▏| 23/25 [3:03:40<14:57, 448.51s/it]Best trial: 174. Best value: 0.638334:  92%|█████████▏| 23/25 [3:03:40<14:57, 448.51s/it]Best trial: 174. Best value: 0.638334:  96%|█████████▌| 24/25 [3:03:40<07:26, 446.09s/it]                                                                                         
creating index...
index created!
Loading and preparing results...
DONE (t=0.02s)
creating index...
index created!
Running per image evaluation...
Evaluate annotation type *bbox*
DONE (t=1.93s).
Accumulating evaluation results...
DONE (t=0.36s).
 Average Precision  (AP) @[ IoU=0.50:0.95 | area=   all | maxDets=100 ] = 0.317
 Average Precision  (AP) @[ IoU=0.50      | area=   all | maxDets=100 ] = 0.595
 Average Precision  (AP) @[ IoU=0.75      | area=   all | maxDets=100 ] = 0.308
 Average Precision  (AP) @[ IoU=0.50:0.95 | area= small | maxDets=100 ] = -1.000
 Average Precision  (AP) @[ IoU=0.50:0.95 | area=medium | maxDets=100 ] = 0.182
 Average Precision  (AP) @[ IoU=0.50:0.95 | area= large | maxDets=100 ] = 0.492
 Average Recall     (AR) @[ IoU=0.50:0.95 | area=   all | maxDets=  1 ] = 0.233
 Average Recall     (AR) @[ IoU=0.50:0.95 | area=   all | maxDets= 10 ] = 0.449
 Average Recall     (AR) @[ IoU=0.50:0.95 | area=   all | maxDets=100 ] = 0.449
 Average Recall     (AR) @[ IoU=0.50:0.95 | area= small | maxDets=100 ] = -1.000
 Average Recall     (AR) @[ IoU=0.50:0.95 | area=medium | maxDets=100 ] = 0.292
 Average Recall     (AR) @[ IoU=0.50:0.95 | area= large | maxDets=100 ] = 0.631
[I 2026-02-24 04:46:54,529] Trial 163 finished with value: 0.5952545517103636 and parameters: {'alpha': 1.9609375748922349, 'mean_rho': 0.014980485068816825, 'variance_rho': 0.04884551718650805, 'std_bias': 3.763625223533765, 'hue_threshold': 27.21538511526497, 'value_ratio_min': 0.49864061127410914, 'value_ratio_max': 0.889538528040363, 'saturation_diff_threshold': 43.47071003405277}. Best is trial 161 with value: 0.6275437941048662.
creating index...
index created!
Loading and preparing results...
DONE (t=0.02s)
creating index...
index created!
Running per image evaluation...
Evaluate annotation type *bbox*
DONE (t=1.86s).
Accumulating evaluation results...
DONE (t=0.34s).
 Average Precision  (AP) @[ IoU=0.50:0.95 | area=   all | maxDets=100 ] = 0.291
 Average Precision  (AP) @[ IoU=0.50      | area=   all | maxDets=100 ] = 0.568
 Average Precision  (AP) @[ IoU=0.75      | area=   all | maxDets=100 ] = 0.266
 Average Precision  (AP) @[ IoU=0.50:0.95 | area= small | maxDets=100 ] = -1.000
 Average Precision  (AP) @[ IoU=0.50:0.95 | area=medium | maxDets=100 ] = 0.171
 Average Precision  (AP) @[ IoU=0.50:0.95 | area= large | maxDets=100 ] = 0.438
 Average Recall     (AR) @[ IoU=0.50:0.95 | area=   all | maxDets=  1 ] = 0.213
 Average Recall     (AR) @[ IoU=0.50:0.95 | area=   all | maxDets= 10 ] = 0.416
 Average Recall     (AR) @[ IoU=0.50:0.95 | area=   all | maxDets=100 ] = 0.416
 Average Recall     (AR) @[ IoU=0.50:0.95 | area= small | maxDets=100 ] = -1.000
 Average Recall     (AR) @[ IoU=0.50:0.95 | area=medium | maxDets=100 ] = 0.278
 Average Recall     (AR) @[ IoU=0.50:0.95 | area= large | maxDets=100 ] = 0.577
[I 2026-02-24 04:54:17,944] Trial 171 finished with value: 0.5681500023347531 and parameters: {'alpha': 1.8394775355223179, 'mean_rho': 0.017538101683426094, 'variance_rho': 0.044522799325986274, 'std_bias': 3.472086021850971, 'hue_threshold': 26.23738401251669, 'value_ratio_min': 0.5285592363122441, 'value_ratio_max': 0.9727870431638278, 'saturation_diff_threshold': 43.35630182053916}. Best is trial 164 with value: 0.6312701611987728.
creating index...
index created!
Loading and preparing results...
DONE (t=0.01s)
creating index...
index created!
Running per image evaluation...
Evaluate annotation type *bbox*
DONE (t=1.99s).
Accumulating evaluation results...
DONE (t=0.34s).
 Average Precision  (AP) @[ IoU=0.50:0.95 | area=   all | maxDets=100 ] = 0.331
 Average Precision  (AP) @[ IoU=0.50      | area=   all | maxDets=100 ] = 0.599
 Average Precision  (AP) @[ IoU=0.75      | area=   all | maxDets=100 ] = 0.326
 Average Precision  (AP) @[ IoU=0.50:0.95 | area= small | maxDets=100 ] = -1.000
 Average Precision  (AP) @[ IoU=0.50:0.95 | area=medium | maxDets=100 ] = 0.188
 Average Precision  (AP) @[ IoU=0.50:0.95 | area= large | maxDets=100 ] = 0.507
 Average Recall     (AR) @[ IoU=0.50:0.95 | area=   all | maxDets=  1 ] = 0.227
 Average Recall     (AR) @[ IoU=0.50:0.95 | area=   all | maxDets= 10 ] = 0.452
 Average Recall     (AR) @[ IoU=0.50:0.95 | area=   all | maxDets=100 ] = 0.452
 Average Recall     (AR) @[ IoU=0.50:0.95 | area= small | maxDets=100 ] = -1.000
 Average Recall     (AR) @[ IoU=0.50:0.95 | area=medium | maxDets=100 ] = 0.294
 Average Recall     (AR) @[ IoU=0.50:0.95 | area= large | maxDets=100 ] = 0.636
[I 2026-02-24 05:01:50,470] Trial 179 finished with value: 0.5992827193527599 and parameters: {'alpha': 2.212651857647618, 'mean_rho': 0.033183715773746625, 'variance_rho': 0.022983471454428153, 'std_bias': 3.958843204545523, 'hue_threshold': 26.749929521102693, 'value_ratio_min': 0.5191004286979427, 'value_ratio_max': 0.9669122369567514, 'saturation_diff_threshold': 45.263676976304644}. Best is trial 174 with value: 0.6383340437103443.
creating index...
index created!
Loading and preparing results...
DONE (t=0.02s)
creating index...
index created!
Running per image evaluation...
Evaluate annotation type *bbox*
DONE (t=1.76s).
Accumulating evaluation results...
DONE (t=0.25s).
 Average Precision  (AP) @[ IoU=0.50:0.95 | area=   all | maxDets=100 ] = 0.351
 Average Precision  (AP) @[ IoU=0.50      | area=   all | maxDets=100 ] = 0.630
 Average Precision  (AP) @[ IoU=0.75      | area=   all | maxDets=100 ] = 0.337
 Average Precision  (AP) @[ IoU=0.50:0.95 | area= small | maxDets=100 ] = -1.000
 Average Precision  (AP) @[ IoU=0.50:0.95 | area=medium | maxDets=100 ] = 0.199
 Average Precision  (AP) @[ IoU=0.50:0.95 | area= large | maxDets=100 ] = 0.535
 Average Recall     (AR) @[ IoU=0.50:0.95 | area=   all | maxDets=  1 ] = 0.234
 Average Recall     (AR) @[ IoU=0.50:0.95 | area=   all | maxDets= 10 ] = 0.463
 Average Recall     (AR) @[ IoU=0.50:0.95 | area=   all | maxDets=100 ] = 0.463
 Average Recall     (AR) @[ IoU=0.50:0.95 | area= small | maxDets=100 ] = -1.000
 Average Recall     (AR) @[ IoU=0.50:0.95 | area=medium | maxDets=100 ] = 0.301
 Average Recall     (AR) @[ IoU=0.50:0.95 | area= large | maxDets=100 ] = 0.650
[I 2026-02-24 05:09:10,924] Trial 187 finished with value: 0.6303695172524986 and parameters: {'alpha': 2.124746212025288, 'mean_rho': 0.03316500020345026, 'variance_rho': 0.05745762258144737, 'std_bias': 4.174655660149101, 'hue_threshold': 28.983228774302628, 'value_ratio_min': 0.544056988111728, 'value_ratio_max': 0.9957180886421277, 'saturation_diff_threshold': 37.11209244919063}. Best is trial 174 with value: 0.6383340437103443.
creating index...
index created!
Loading and preparing results...
DONE (t=0.01s)
creating index...
index created!
Running per image evaluation...
Evaluate annotation type *bbox*
DONE (t=1.51s).
Accumulating evaluation results...
DONE (t=0.28s).
 Average Precision  (AP) @[ IoU=0.50:0.95 | area=   all | maxDets=100 ] = 0.354
 Average Precision  (AP) @[ IoU=0.50      | area=   all | maxDets=100 ] = 0.643
 Average Precision  (AP) @[ IoU=0.75      | area=   all | maxDets=100 ] = 0.344
 Average Precision  (AP) @[ IoU=0.50:0.95 | area= small | maxDets=100 ] = -1.000
 Average Precision  (AP) @[ IoU=0.50:0.95 | area=medium | maxDets=100 ] = 0.198
 Average Precision  (AP) @[ IoU=0.50:0.95 | area= large | maxDets=100 ] = 0.545
 Average Recall     (AR) @[ IoU=0.50:0.95 | area=   all | maxDets=  1 ] = 0.231
 Average Recall     (AR) @[ IoU=0.50:0.95 | area=   all | maxDets= 10 ] = 0.462
 Average Recall     (AR) @[ IoU=0.50:0.95 | area=   all | maxDets=100 ] = 0.462
 Average Recall     (AR) @[ IoU=0.50:0.95 | area= small | maxDets=100 ] = -1.000
 Average Recall     (AR) @[ IoU=0.50:0.95 | area=medium | maxDets=100 ] = 0.293
 Average Recall     (AR) @[ IoU=0.50:0.95 | area= large | maxDets=100 ] = 0.658
[I 2026-02-24 05:16:31,133] Trial 195 finished with value: 0.6431619489420317 and parameters: {'alpha': 2.0453317280887813, 'mean_rho': 0.014394807072146756, 'variance_rho': 0.07763361767876138, 'std_bias': 4.20456322390658, 'hue_threshold': 29.711148528936945, 'value_ratio_min': 0.5860955642966166, 'value_ratio_max': 0.9941950056148734, 'saturation_diff_threshold': 37.12352003136934}. Best is trial 193 with value: 0.6548727833910944.Best trial: 174. Best value: 0.638334:  96%|█████████▌| 24/25 [3:11:00<07:26, 446.09s/it]Best trial: 193. Best value: 0.654873:  96%|█████████▌| 24/25 [3:11:00<07:26, 446.09s/it]Best trial: 193. Best value: 0.654873: 100%|██████████| 25/25 [3:11:00<00:00, 444.33s/it]Best trial: 193. Best value: 0.654873: 100%|██████████| 25/25 [3:11:00<00:00, 458.42s/it]


================================================================================
OPTIMIZATION COMPLETE
================================================================================

Best AP50: 0.6549

Best hyperparameters:
  alpha: 2.0933154680482495
  mean_rho: 0.009115651856561206
  variance_rho: 0.07520599715083304
  std_bias: 4.207707917671822
  hue_threshold: 29.905532124564267
  value_ratio_min: 0.5078298592725248
  value_ratio_max: 0.9948932249196348
  saturation_diff_threshold: 37.1876589771072

Total trials completed: 200
Results saved to: optuna_adaptive_with_temporal.db

To visualize results, use optuna-dashboard:
  optuna-dashboard sqlite:///optuna_adaptive_with_temporal.db
