[I 2026-02-24 04:39:31,637] Trial 156 finished with value: 0.5621969497386287 and parameters: {'alpha': 2.58527583582549, 'mean_rho': 0.0095507303264984, 'variance_rho': 0.06679354878861761, 'std_bias': 3.6396261743008833, 'hue_threshold': 27.13883292815268, 'value_ratio_min': 0.5074255140363141, 'value_ratio_max': 0.9511670372079104, 'saturation_diff_threshold': 41.13620606516146}. Best is trial 143 with value: 0.6274292904394109.Best trial: 143. Best value: 0.627429:  76%|███████▌  | 19/25 [2:34:32<45:23, 453.99s/it]Best trial: 143. Best value: 0.627429:  76%|███████▌  | 19/25 [2:34:32<45:23, 453.99s/it]Best trial: 143. Best value: 0.627429:  80%|████████  | 20/25 [2:34:32<37:33, 450.71s/it]                                                                                         Best trial: 143. Best value: 0.627429:  80%|████████  | 20/25 [2:41:57<37:33, 450.71s/it]Best trial: 164. Best value: 0.63127:  80%|████████  | 20/25 [2:41:57<37:33, 450.71s/it] Best trial: 164. Best value: 0.63127:  84%|████████▍ | 21/25 [2:41:57<29:56, 449.14s/it]                                                                                        Best trial: 164. Best value: 0.63127:  84%|████████▍ | 21/25 [2:49:28<29:56, 449.14s/it]Best trial: 164. Best value: 0.63127:  84%|████████▍ | 21/25 [2:49:28<29:56, 449.14s/it]Best trial: 164. Best value: 0.63127:  88%|████████▊ | 22/25 [2:49:28<22:28, 449.65s/it]                                                                                        Best trial: 164. Best value: 0.63127:  88%|████████▊ | 22/25 [2:56:56<22:28, 449.65s/it]Best trial: 174. Best value: 0.638334:  88%|████████▊ | 22/25 [2:56:56<22:28, 449.65s/it]Best trial: 174. Best value: 0.638334:  92%|█████████▏| 23/25 [2:56:56<14:58, 449.15s/it]                                                                                         Best trial: 174. Best value: 0.638334:  92%|█████████▏| 23/25 [3:04:21<14:58, 449.15s/it]Best trial: 174. Best value: 0.638334:  92%|█████████▏| 23/25 [3:04:21<14:58, 449.15s/it]Best trial: 174. Best value: 0.638334:  96%|█████████▌| 24/25 [3:04:21<07:27, 447.88s/it]                                                                                         
creating index...
index created!
Loading and preparing results...
DONE (t=0.02s)
creating index...
index created!
Running per image evaluation...
Evaluate annotation type *bbox*
DONE (t=1.78s).
Accumulating evaluation results...
DONE (t=0.35s).
 Average Precision  (AP) @[ IoU=0.50:0.95 | area=   all | maxDets=100 ] = 0.360
 Average Precision  (AP) @[ IoU=0.50      | area=   all | maxDets=100 ] = 0.631
 Average Precision  (AP) @[ IoU=0.75      | area=   all | maxDets=100 ] = 0.364
 Average Precision  (AP) @[ IoU=0.50:0.95 | area= small | maxDets=100 ] = -1.000
 Average Precision  (AP) @[ IoU=0.50:0.95 | area=medium | maxDets=100 ] = 0.196
 Average Precision  (AP) @[ IoU=0.50:0.95 | area= large | maxDets=100 ] = 0.561
 Average Recall     (AR) @[ IoU=0.50:0.95 | area=   all | maxDets=  1 ] = 0.244
 Average Recall     (AR) @[ IoU=0.50:0.95 | area=   all | maxDets= 10 ] = 0.477
 Average Recall     (AR) @[ IoU=0.50:0.95 | area=   all | maxDets=100 ] = 0.477
 Average Recall     (AR) @[ IoU=0.50:0.95 | area= small | maxDets=100 ] = -1.000
 Average Recall     (AR) @[ IoU=0.50:0.95 | area=medium | maxDets=100 ] = 0.295
 Average Recall     (AR) @[ IoU=0.50:0.95 | area= large | maxDets=100 ] = 0.688
[I 2026-02-24 04:46:57,103] Trial 164 finished with value: 0.6312701611987728 and parameters: {'alpha': 2.1823872784673255, 'mean_rho': 0.014512053873252162, 'variance_rho': 0.048154869518981624, 'std_bias': 3.7570429647506405, 'hue_threshold': 26.79250432289766, 'value_ratio_min': 0.46504377632552807, 'value_ratio_max': 0.9726125128291058, 'saturation_diff_threshold': 38.125722622966705}. Best is trial 164 with value: 0.6312701611987728.
creating index...
index created!
Loading and preparing results...
DONE (t=0.02s)
creating index...
index created!
Running per image evaluation...
Evaluate annotation type *bbox*
DONE (t=1.83s).
Accumulating evaluation results...
DONE (t=0.31s).
 Average Precision  (AP) @[ IoU=0.50:0.95 | area=   all | maxDets=100 ] = 0.296
 Average Precision  (AP) @[ IoU=0.50      | area=   all | maxDets=100 ] = 0.571
 Average Precision  (AP) @[ IoU=0.75      | area=   all | maxDets=100 ] = 0.276
 Average Precision  (AP) @[ IoU=0.50:0.95 | area= small | maxDets=100 ] = -1.000
 Average Precision  (AP) @[ IoU=0.50:0.95 | area=medium | maxDets=100 ] = 0.175
 Average Precision  (AP) @[ IoU=0.50:0.95 | area= large | maxDets=100 ] = 0.443
 Average Recall     (AR) @[ IoU=0.50:0.95 | area=   all | maxDets=  1 ] = 0.211
 Average Recall     (AR) @[ IoU=0.50:0.95 | area=   all | maxDets= 10 ] = 0.419
 Average Recall     (AR) @[ IoU=0.50:0.95 | area=   all | maxDets=100 ] = 0.419
 Average Recall     (AR) @[ IoU=0.50:0.95 | area= small | maxDets=100 ] = -1.000
 Average Recall     (AR) @[ IoU=0.50:0.95 | area=medium | maxDets=100 ] = 0.285
 Average Recall     (AR) @[ IoU=0.50:0.95 | area= large | maxDets=100 ] = 0.575
[I 2026-02-24 04:54:27,947] Trial 172 finished with value: 0.5707641122209463 and parameters: {'alpha': 1.7894129144226323, 'mean_rho': 0.021238712555833626, 'variance_rho': 0.05468110893978288, 'std_bias': 4.051663281916088, 'hue_threshold': 26.163862937623755, 'value_ratio_min': 0.5343692369356507, 'value_ratio_max': 0.9780954845380176, 'saturation_diff_threshold': 38.1989297269912}. Best is trial 164 with value: 0.6312701611987728.
creating index...
index created!
Loading and preparing results...
DONE (t=0.01s)
creating index...
index created!
Running per image evaluation...
Evaluate annotation type *bbox*
DONE (t=1.69s).
Accumulating evaluation results...
DONE (t=0.35s).
 Average Precision  (AP) @[ IoU=0.50:0.95 | area=   all | maxDets=100 ] = 0.363
 Average Precision  (AP) @[ IoU=0.50      | area=   all | maxDets=100 ] = 0.623
 Average Precision  (AP) @[ IoU=0.75      | area=   all | maxDets=100 ] = 0.368
 Average Precision  (AP) @[ IoU=0.50:0.95 | area= small | maxDets=100 ] = -1.000
 Average Precision  (AP) @[ IoU=0.50:0.95 | area=medium | maxDets=100 ] = 0.194
 Average Precision  (AP) @[ IoU=0.50:0.95 | area= large | maxDets=100 ] = 0.577
 Average Recall     (AR) @[ IoU=0.50:0.95 | area=   all | maxDets=  1 ] = 0.251
 Average Recall     (AR) @[ IoU=0.50:0.95 | area=   all | maxDets= 10 ] = 0.489
 Average Recall     (AR) @[ IoU=0.50:0.95 | area=   all | maxDets=100 ] = 0.489
 Average Recall     (AR) @[ IoU=0.50:0.95 | area= small | maxDets=100 ] = -1.000
 Average Recall     (AR) @[ IoU=0.50:0.95 | area=medium | maxDets=100 ] = 0.295
 Average Recall     (AR) @[ IoU=0.50:0.95 | area= large | maxDets=100 ] = 0.715
[I 2026-02-24 05:01:55,931] Trial 180 finished with value: 0.6232813080029125 and parameters: {'alpha': 2.2347681183026498, 'mean_rho': 0.010259768227072695, 'variance_rho': 0.02374510757929379, 'std_bias': 4.180912422741825, 'hue_threshold': 27.80338349751993, 'value_ratio_min': 0.43824081186497427, 'value_ratio_max': 0.9684321844788296, 'saturation_diff_threshold': 45.11599388990766}. Best is trial 174 with value: 0.6383340437103443.
creating index...
index created!
Loading and preparing results...
DONE (t=0.01s)
creating index...
index created!
Running per image evaluation...
Evaluate annotation type *bbox*
DONE (t=1.82s).
Accumulating evaluation results...
DONE (t=0.32s).
 Average Precision  (AP) @[ IoU=0.50:0.95 | area=   all | maxDets=100 ] = 0.361
 Average Precision  (AP) @[ IoU=0.50      | area=   all | maxDets=100 ] = 0.627
 Average Precision  (AP) @[ IoU=0.75      | area=   all | maxDets=100 ] = 0.358
 Average Precision  (AP) @[ IoU=0.50:0.95 | area= small | maxDets=100 ] = -1.000
 Average Precision  (AP) @[ IoU=0.50:0.95 | area=medium | maxDets=100 ] = 0.196
 Average Precision  (AP) @[ IoU=0.50:0.95 | area= large | maxDets=100 ] = 0.565
 Average Recall     (AR) @[ IoU=0.50:0.95 | area=   all | maxDets=  1 ] = 0.243
 Average Recall     (AR) @[ IoU=0.50:0.95 | area=   all | maxDets= 10 ] = 0.479
 Average Recall     (AR) @[ IoU=0.50:0.95 | area=   all | maxDets=100 ] = 0.479
 Average Recall     (AR) @[ IoU=0.50:0.95 | area= small | maxDets=100 ] = -1.000
 Average Recall     (AR) @[ IoU=0.50:0.95 | area=medium | maxDets=100 ] = 0.296
 Average Recall     (AR) @[ IoU=0.50:0.95 | area= large | maxDets=100 ] = 0.691
[I 2026-02-24 05:09:20,845] Trial 188 finished with value: 0.6266045617572549 and parameters: {'alpha': 2.158019363710793, 'mean_rho': 0.009397509373210725, 'variance_rho': 0.03177717089235075, 'std_bias': 4.233272482441994, 'hue_threshold': 29.011645293310828, 'value_ratio_min': 0.5355580424883908, 'value_ratio_max': 0.9934717717293398, 'saturation_diff_threshold': 42.13621027362366}. Best is trial 174 with value: 0.6383340437103443.
creating index...
index created!
Loading and preparing results...
DONE (t=0.01s)
creating index...
index created!
Running per image evaluation...
Evaluate annotation type *bbox*
DONE (t=1.39s).
Accumulating evaluation results...
DONE (t=0.21s).
 Average Precision  (AP) @[ IoU=0.50:0.95 | area=   all | maxDets=100 ] = 0.340
 Average Precision  (AP) @[ IoU=0.50      | area=   all | maxDets=100 ] = 0.641
 Average Precision  (AP) @[ IoU=0.75      | area=   all | maxDets=100 ] = 0.318
 Average Precision  (AP) @[ IoU=0.50:0.95 | area= small | maxDets=100 ] = -1.000
 Average Precision  (AP) @[ IoU=0.50:0.95 | area=medium | maxDets=100 ] = 0.195
 Average Precision  (AP) @[ IoU=0.50:0.95 | area= large | maxDets=100 ] = 0.516
 Average Recall     (AR) @[ IoU=0.50:0.95 | area=   all | maxDets=  1 ] = 0.231
 Average Recall     (AR) @[ IoU=0.50:0.95 | area=   all | maxDets= 10 ] = 0.445
 Average Recall     (AR) @[ IoU=0.50:0.95 | area=   all | maxDets=100 ] = 0.445
 Average Recall     (AR) @[ IoU=0.50:0.95 | area= small | maxDets=100 ] = -1.000
 Average Recall     (AR) @[ IoU=0.50:0.95 | area=medium | maxDets=100 ] = 0.296
 Average Recall     (AR) @[ IoU=0.50:0.95 | area= large | maxDets=100 ] = 0.618
[I 2026-02-24 05:16:41,484] Trial 196 finished with value: 0.6406243665010758 and parameters: {'alpha': 2.1335113287845333, 'mean_rho': 0.010838582810022555, 'variance_rho': 0.06088862341548646, 'std_bias': 4.199221707370954, 'hue_threshold': 29.234598570962824, 'value_ratio_min': 0.5760137448040027, 'value_ratio_max': 0.9998955018097944, 'saturation_diff_threshold': 17.83402657447605}. Best is trial 193 with value: 0.6548727833910944.Best trial: 174. Best value: 0.638334:  96%|█████████▌| 24/25 [3:11:41<07:27, 447.88s/it]Best trial: 193. Best value: 0.654873:  96%|█████████▌| 24/25 [3:11:41<07:27, 447.88s/it]Best trial: 193. Best value: 0.654873: 100%|██████████| 25/25 [3:11:41<00:00, 445.71s/it]Best trial: 193. Best value: 0.654873: 100%|██████████| 25/25 [3:11:41<00:00, 460.08s/it]


================================================================================
OPTIMIZATION COMPLETE
================================================================================

Best AP50: 0.6549

Best hyperparameters:
  alpha: 2.0933154680482495
  mean_rho: 0.009115651856561206
  variance_rho: 0.07520599715083304
  std_bias: 4.207707917671822
  hue_threshold: 29.905532124564267
  value_ratio_min: 0.5078298592725248
  value_ratio_max: 0.9948932249196348
  saturation_diff_threshold: 37.1876589771072

Total trials completed: 200
Results saved to: optuna_adaptive_with_temporal.db

To visualize results, use optuna-dashboard:
  optuna-dashboard sqlite:///optuna_adaptive_with_temporal.db
