[I 2026-02-24 04:38:43,877] Trial 153 finished with value: 0.6146846249331495 and parameters: {'alpha': 2.2609794000947083, 'mean_rho': 0.004179873062738093, 'variance_rho': 0.02852272106789061, 'std_bias': 3.7539138312218774, 'hue_threshold': 27.21027906456794, 'value_ratio_min': 0.4662846045759385, 'value_ratio_max': 0.9714500545679091, 'saturation_diff_threshold': 42.60696191178003}. Best is trial 143 with value: 0.6274292904394109.Best trial: 143. Best value: 0.627429:  76%|███████▌  | 19/25 [2:33:18<43:52, 438.76s/it]Best trial: 143. Best value: 0.627429:  76%|███████▌  | 19/25 [2:33:18<43:52, 438.76s/it]Best trial: 143. Best value: 0.627429:  80%|████████  | 20/25 [2:33:18<36:41, 440.25s/it]                                                                                         Best trial: 143. Best value: 0.627429:  80%|████████  | 20/25 [2:40:32<36:41, 440.25s/it]Best trial: 161. Best value: 0.627544:  80%|████████  | 20/25 [2:40:32<36:41, 440.25s/it]Best trial: 161. Best value: 0.627544:  84%|████████▍ | 21/25 [2:40:32<29:13, 438.46s/it]                                                                                         Best trial: 161. Best value: 0.627544:  84%|████████▍ | 21/25 [2:47:55<29:13, 438.46s/it]Best trial: 164. Best value: 0.63127:  84%|████████▍ | 21/25 [2:47:55<29:13, 438.46s/it] Best trial: 164. Best value: 0.63127:  88%|████████▊ | 22/25 [2:47:55<21:59, 439.71s/it]                                                                                        Best trial: 164. Best value: 0.63127:  88%|████████▊ | 22/25 [2:55:16<21:59, 439.71s/it]Best trial: 174. Best value: 0.638334:  88%|████████▊ | 22/25 [2:55:16<21:59, 439.71s/it]Best trial: 174. Best value: 0.638334:  92%|█████████▏| 23/25 [2:55:16<14:40, 440.11s/it]                                                                                         Best trial: 174. Best value: 0.638334:  92%|█████████▏| 23/25 [3:02:36<14:40, 440.11s/it]Best trial: 174. Best value: 0.638334:  92%|█████████▏| 23/25 [3:02:36<14:40, 440.11s/it]Best trial: 174. Best value: 0.638334:  96%|█████████▌| 24/25 [3:02:36<07:20, 440.18s/it]                                                                                         
creating index...
index created!
Loading and preparing results...
DONE (t=0.01s)
creating index...
index created!
Running per image evaluation...
Evaluate annotation type *bbox*
DONE (t=1.72s).
Accumulating evaluation results...
DONE (t=0.31s).
 Average Precision  (AP) @[ IoU=0.50:0.95 | area=   all | maxDets=100 ] = 0.352
 Average Precision  (AP) @[ IoU=0.50      | area=   all | maxDets=100 ] = 0.628
 Average Precision  (AP) @[ IoU=0.75      | area=   all | maxDets=100 ] = 0.343
 Average Precision  (AP) @[ IoU=0.50:0.95 | area= small | maxDets=100 ] = -1.000
 Average Precision  (AP) @[ IoU=0.50:0.95 | area=medium | maxDets=100 ] = 0.183
 Average Precision  (AP) @[ IoU=0.50:0.95 | area= large | maxDets=100 ] = 0.564
 Average Recall     (AR) @[ IoU=0.50:0.95 | area=   all | maxDets=  1 ] = 0.244
 Average Recall     (AR) @[ IoU=0.50:0.95 | area=   all | maxDets= 10 ] = 0.468
 Average Recall     (AR) @[ IoU=0.50:0.95 | area=   all | maxDets=100 ] = 0.468
 Average Recall     (AR) @[ IoU=0.50:0.95 | area= small | maxDets=100 ] = -1.000
 Average Recall     (AR) @[ IoU=0.50:0.95 | area=medium | maxDets=100 ] = 0.284
 Average Recall     (AR) @[ IoU=0.50:0.95 | area= large | maxDets=100 ] = 0.682
[I 2026-02-24 04:45:58,149] Trial 161 finished with value: 0.6275437941048662 and parameters: {'alpha': 2.235995134759503, 'mean_rho': 0.005165691272892445, 'variance_rho': 0.06480510481509774, 'std_bias': 3.5938549022308, 'hue_threshold': 26.223685426493738, 'value_ratio_min': 0.5024031546415898, 'value_ratio_max': 0.9730461096387106, 'saturation_diff_threshold': 41.006104785879664}. Best is trial 161 with value: 0.6275437941048662.
creating index...
index created!
Loading and preparing results...
DONE (t=0.01s)
creating index...
index created!
Running per image evaluation...
Evaluate annotation type *bbox*
DONE (t=1.79s).
Accumulating evaluation results...
DONE (t=0.29s).
 Average Precision  (AP) @[ IoU=0.50:0.95 | area=   all | maxDets=100 ] = 0.313
 Average Precision  (AP) @[ IoU=0.50      | area=   all | maxDets=100 ] = 0.597
 Average Precision  (AP) @[ IoU=0.75      | area=   all | maxDets=100 ] = 0.292
 Average Precision  (AP) @[ IoU=0.50:0.95 | area= small | maxDets=100 ] = -1.000
 Average Precision  (AP) @[ IoU=0.50:0.95 | area=medium | maxDets=100 ] = 0.181
 Average Precision  (AP) @[ IoU=0.50:0.95 | area= large | maxDets=100 ] = 0.472
 Average Recall     (AR) @[ IoU=0.50:0.95 | area=   all | maxDets=  1 ] = 0.224
 Average Recall     (AR) @[ IoU=0.50:0.95 | area=   all | maxDets= 10 ] = 0.436
 Average Recall     (AR) @[ IoU=0.50:0.95 | area=   all | maxDets=100 ] = 0.436
 Average Recall     (AR) @[ IoU=0.50:0.95 | area= small | maxDets=100 ] = -1.000
 Average Recall     (AR) @[ IoU=0.50:0.95 | area=medium | maxDets=100 ] = 0.288
 Average Recall     (AR) @[ IoU=0.50:0.95 | area= large | maxDets=100 ] = 0.609
[I 2026-02-24 04:53:20,760] Trial 169 finished with value: 0.5974655824455494 and parameters: {'alpha': 1.9230553325916013, 'mean_rho': 0.017950276111869813, 'variance_rho': 0.04890750891751236, 'std_bias': 3.5031423060948477, 'hue_threshold': 29.61649095357335, 'value_ratio_min': 0.5292592497717069, 'value_ratio_max': 0.9791480126135461, 'saturation_diff_threshold': 43.029712208116045}. Best is trial 164 with value: 0.6312701611987728.
creating index...
index created!
Loading and preparing results...
DONE (t=0.01s)
creating index...
index created!
Running per image evaluation...
Evaluate annotation type *bbox*
DONE (t=2.00s).
Accumulating evaluation results...
DONE (t=0.33s).
 Average Precision  (AP) @[ IoU=0.50:0.95 | area=   all | maxDets=100 ] = 0.304
 Average Precision  (AP) @[ IoU=0.50      | area=   all | maxDets=100 ] = 0.570
 Average Precision  (AP) @[ IoU=0.75      | area=   all | maxDets=100 ] = 0.288
 Average Precision  (AP) @[ IoU=0.50:0.95 | area= small | maxDets=100 ] = -1.000
 Average Precision  (AP) @[ IoU=0.50:0.95 | area=medium | maxDets=100 ] = 0.190
 Average Precision  (AP) @[ IoU=0.50:0.95 | area= large | maxDets=100 ] = 0.447
 Average Recall     (AR) @[ IoU=0.50:0.95 | area=   all | maxDets=  1 ] = 0.212
 Average Recall     (AR) @[ IoU=0.50:0.95 | area=   all | maxDets= 10 ] = 0.420
 Average Recall     (AR) @[ IoU=0.50:0.95 | area=   all | maxDets=100 ] = 0.420
 Average Recall     (AR) @[ IoU=0.50:0.95 | area= small | maxDets=100 ] = -1.000
 Average Recall     (AR) @[ IoU=0.50:0.95 | area=medium | maxDets=100 ] = 0.296
 Average Recall     (AR) @[ IoU=0.50:0.95 | area= large | maxDets=100 ] = 0.564
[I 2026-02-24 05:00:41,804] Trial 177 finished with value: 0.570137065377812 and parameters: {'alpha': 2.074724576202343, 'mean_rho': 0.05354527366880441, 'variance_rho': 0.02489841941204393, 'std_bias': 3.95252741647086, 'hue_threshold': 27.73758265393797, 'value_ratio_min': 0.5245828699466651, 'value_ratio_max': 0.9882432870590302, 'saturation_diff_threshold': 37.893919518162406}. Best is trial 174 with value: 0.6383340437103443.
creating index...
index created!
Loading and preparing results...
DONE (t=0.02s)
creating index...
index created!
Running per image evaluation...
Evaluate annotation type *bbox*
DONE (t=1.89s).
Accumulating evaluation results...
DONE (t=0.30s).
 Average Precision  (AP) @[ IoU=0.50:0.95 | area=   all | maxDets=100 ] = 0.352
 Average Precision  (AP) @[ IoU=0.50      | area=   all | maxDets=100 ] = 0.624
 Average Precision  (AP) @[ IoU=0.75      | area=   all | maxDets=100 ] = 0.349
 Average Precision  (AP) @[ IoU=0.50:0.95 | area= small | maxDets=100 ] = -1.000
 Average Precision  (AP) @[ IoU=0.50:0.95 | area=medium | maxDets=100 ] = 0.193
 Average Precision  (AP) @[ IoU=0.50:0.95 | area= large | maxDets=100 ] = 0.551
 Average Recall     (AR) @[ IoU=0.50:0.95 | area=   all | maxDets=  1 ] = 0.238
 Average Recall     (AR) @[ IoU=0.50:0.95 | area=   all | maxDets= 10 ] = 0.470
 Average Recall     (AR) @[ IoU=0.50:0.95 | area=   all | maxDets=100 ] = 0.470
 Average Recall     (AR) @[ IoU=0.50:0.95 | area= small | maxDets=100 ] = -1.000
 Average Recall     (AR) @[ IoU=0.50:0.95 | area=medium | maxDets=100 ] = 0.294
 Average Recall     (AR) @[ IoU=0.50:0.95 | area= large | maxDets=100 ] = 0.675
[I 2026-02-24 05:08:02,176] Trial 185 finished with value: 0.6240661291080497 and parameters: {'alpha': 2.089073888119281, 'mean_rho': 0.007672539224354761, 'variance_rho': 0.03157730037072254, 'std_bias': 4.206378490716928, 'hue_threshold': 29.067876169865805, 'value_ratio_min': 0.5509623390888505, 'value_ratio_max': 0.9911098689493187, 'saturation_diff_threshold': 36.3938051498916}. Best is trial 174 with value: 0.6383340437103443.
creating index...
index created!
Loading and preparing results...
DONE (t=0.01s)
creating index...
index created!
Running per image evaluation...
Evaluate annotation type *bbox*
DONE (t=1.76s).
Accumulating evaluation results...
DONE (t=0.30s).
 Average Precision  (AP) @[ IoU=0.50:0.95 | area=   all | maxDets=100 ] = 0.371
 Average Precision  (AP) @[ IoU=0.50      | area=   all | maxDets=100 ] = 0.655
 Average Precision  (AP) @[ IoU=0.75      | area=   all | maxDets=100 ] = 0.367
 Average Precision  (AP) @[ IoU=0.50:0.95 | area= small | maxDets=100 ] = -1.000
 Average Precision  (AP) @[ IoU=0.50:0.95 | area=medium | maxDets=100 ] = 0.198
 Average Precision  (AP) @[ IoU=0.50:0.95 | area= large | maxDets=100 ] = 0.584
 Average Recall     (AR) @[ IoU=0.50:0.95 | area=   all | maxDets=  1 ] = 0.246
 Average Recall     (AR) @[ IoU=0.50:0.95 | area=   all | maxDets= 10 ] = 0.482
 Average Recall     (AR) @[ IoU=0.50:0.95 | area=   all | maxDets=100 ] = 0.482
 Average Recall     (AR) @[ IoU=0.50:0.95 | area= small | maxDets=100 ] = -1.000
 Average Recall     (AR) @[ IoU=0.50:0.95 | area=medium | maxDets=100 ] = 0.299
 Average Recall     (AR) @[ IoU=0.50:0.95 | area= large | maxDets=100 ] = 0.695
[I 2026-02-24 05:15:10,204] Trial 193 finished with value: 0.6548727833910944 and parameters: {'alpha': 2.0933154680482495, 'mean_rho': 0.009115651856561206, 'variance_rho': 0.07520599715083304, 'std_bias': 4.207707917671822, 'hue_threshold': 29.905532124564267, 'value_ratio_min': 0.5078298592725248, 'value_ratio_max': 0.9948932249196348, 'saturation_diff_threshold': 37.1876589771072}. Best is trial 193 with value: 0.6548727833910944.Best trial: 174. Best value: 0.638334:  96%|█████████▌| 24/25 [3:09:44<07:20, 440.18s/it]Best trial: 193. Best value: 0.654873:  96%|█████████▌| 24/25 [3:09:44<07:20, 440.18s/it]Best trial: 193. Best value: 0.654873: 100%|██████████| 25/25 [3:09:44<00:00, 436.54s/it]Best trial: 193. Best value: 0.654873: 100%|██████████| 25/25 [3:09:44<00:00, 455.39s/it]


================================================================================
OPTIMIZATION COMPLETE
================================================================================

Best AP50: 0.6549

Best hyperparameters:
  alpha: 2.0933154680482495
  mean_rho: 0.009115651856561206
  variance_rho: 0.07520599715083304
  std_bias: 4.207707917671822
  hue_threshold: 29.905532124564267
  value_ratio_min: 0.5078298592725248
  value_ratio_max: 0.9948932249196348
  saturation_diff_threshold: 37.1876589771072

Total trials completed: 200
Results saved to: optuna_adaptive_with_temporal.db

To visualize results, use optuna-dashboard:
  optuna-dashboard sqlite:///optuna_adaptive_with_temporal.db
