[I 2026-02-24 01:32:04,648] Trial 162 finished with value: 0.6390191687204164 and parameters: {'alpha': 2.336811419836911, 'mean_rho': 0.12549241604480196, 'variance_rho': 0.04800247301090129, 'std_bias': 4.18588832847778, 'hue_threshold': 16.551122201674595, 'value_ratio_min': 0.35655600234008167, 'value_ratio_max': 0.870396190964197, 'saturation_diff_threshold': 27.7811757379169}. Best is trial 72 with value: 0.6466417287921127.Best trial: 72. Best value: 0.646642:  76%|███████▌  | 19/25 [2:27:35<42:20, 423.49s/it]Best trial: 72. Best value: 0.646642:  76%|███████▌  | 19/25 [2:27:35<42:20, 423.49s/it]Best trial: 72. Best value: 0.646642:  80%|████████  | 20/25 [2:27:35<35:10, 422.04s/it]                                                                                        Best trial: 72. Best value: 0.646642:  80%|████████  | 20/25 [2:34:40<35:10, 422.04s/it]Best trial: 72. Best value: 0.646642:  80%|████████  | 20/25 [2:34:40<35:10, 422.04s/it]Best trial: 72. Best value: 0.646642:  84%|████████▍ | 21/25 [2:34:40<28:12, 423.09s/it]                                                                                        Best trial: 72. Best value: 0.646642:  84%|████████▍ | 21/25 [2:41:34<28:12, 423.09s/it]Best trial: 72. Best value: 0.646642:  84%|████████▍ | 21/25 [2:41:34<28:12, 423.09s/it]Best trial: 72. Best value: 0.646642:  88%|████████▊ | 22/25 [2:41:34<21:00, 420.27s/it]                                                                                        Best trial: 72. Best value: 0.646642:  88%|████████▊ | 22/25 [2:48:43<21:00, 420.27s/it]Best trial: 72. Best value: 0.646642:  88%|████████▊ | 22/25 [2:48:43<21:00, 420.27s/it]Best trial: 72. Best value: 0.646642:  92%|█████████▏| 23/25 [2:48:43<14:05, 422.86s/it]                                                                                        Best trial: 72. Best value: 0.646642:  92%|█████████▏| 23/25 [2:54:55<14:05, 422.86s/it]Best trial: 72. Best value: 0.646642:  92%|█████████▏| 23/25 [2:54:55<14:05, 422.86s/it]Best trial: 72. Best value: 0.646642:  96%|█████████▌| 24/25 [2:54:55<06:47, 407.64s/it]                                                                                        
creating index...
index created!
Loading and preparing results...
DONE (t=0.01s)
creating index...
index created!
Running per image evaluation...
Evaluate annotation type *bbox*
DONE (t=2.05s).
Accumulating evaluation results...
DONE (t=0.35s).
 Average Precision  (AP) @[ IoU=0.50:0.95 | area=   all | maxDets=100 ] = 0.311
 Average Precision  (AP) @[ IoU=0.50      | area=   all | maxDets=100 ] = 0.575
 Average Precision  (AP) @[ IoU=0.75      | area=   all | maxDets=100 ] = 0.300
 Average Precision  (AP) @[ IoU=0.50:0.95 | area= small | maxDets=100 ] = -1.000
 Average Precision  (AP) @[ IoU=0.50:0.95 | area=medium | maxDets=100 ] = 0.238
 Average Precision  (AP) @[ IoU=0.50:0.95 | area= large | maxDets=100 ] = 0.408
 Average Recall     (AR) @[ IoU=0.50:0.95 | area=   all | maxDets=  1 ] = 0.228
 Average Recall     (AR) @[ IoU=0.50:0.95 | area=   all | maxDets= 10 ] = 0.429
 Average Recall     (AR) @[ IoU=0.50:0.95 | area=   all | maxDets=100 ] = 0.429
 Average Recall     (AR) @[ IoU=0.50:0.95 | area= small | maxDets=100 ] = -1.000
 Average Recall     (AR) @[ IoU=0.50:0.95 | area=medium | maxDets=100 ] = 0.346
 Average Recall     (AR) @[ IoU=0.50:0.95 | area= large | maxDets=100 ] = 0.525
[I 2026-02-24 01:39:10,196] Trial 171 finished with value: 0.575302956956292 and parameters: {'alpha': 2.0878768178350753, 'mean_rho': 0.10281125821369905, 'variance_rho': 0.03435839568990803, 'std_bias': 4.220821205951357, 'hue_threshold': 9.129271287486834, 'value_ratio_min': 0.35647028914127477, 'value_ratio_max': 0.8696032207346011, 'saturation_diff_threshold': 26.53151186236365}. Best is trial 72 with value: 0.6466417287921127.
creating index...
index created!
Loading and preparing results...
DONE (t=0.01s)
creating index...
index created!
Running per image evaluation...
Evaluate annotation type *bbox*
DONE (t=1.98s).
Accumulating evaluation results...
DONE (t=0.37s).
 Average Precision  (AP) @[ IoU=0.50:0.95 | area=   all | maxDets=100 ] = 0.388
 Average Precision  (AP) @[ IoU=0.50      | area=   all | maxDets=100 ] = 0.633
 Average Precision  (AP) @[ IoU=0.75      | area=   all | maxDets=100 ] = 0.409
 Average Precision  (AP) @[ IoU=0.50:0.95 | area= small | maxDets=100 ] = -1.000
 Average Precision  (AP) @[ IoU=0.50:0.95 | area=medium | maxDets=100 ] = 0.232
 Average Precision  (AP) @[ IoU=0.50:0.95 | area= large | maxDets=100 ] = 0.573
 Average Recall     (AR) @[ IoU=0.50:0.95 | area=   all | maxDets=  1 ] = 0.259
 Average Recall     (AR) @[ IoU=0.50:0.95 | area=   all | maxDets= 10 ] = 0.499
 Average Recall     (AR) @[ IoU=0.50:0.95 | area=   all | maxDets=100 ] = 0.499
 Average Recall     (AR) @[ IoU=0.50:0.95 | area= small | maxDets=100 ] = -1.000
 Average Recall     (AR) @[ IoU=0.50:0.95 | area=medium | maxDets=100 ] = 0.342
 Average Recall     (AR) @[ IoU=0.50:0.95 | area= large | maxDets=100 ] = 0.681
[I 2026-02-24 01:46:03,896] Trial 179 finished with value: 0.632738639902526 and parameters: {'alpha': 2.1775717855398544, 'mean_rho': 0.07276543493069002, 'variance_rho': 0.06054289245981163, 'std_bias': 4.3474331219899724, 'hue_threshold': 16.2565986262672, 'value_ratio_min': 0.34046246589518464, 'value_ratio_max': 0.8818364198243356, 'saturation_diff_threshold': 33.58700708884763}. Best is trial 72 with value: 0.6466417287921127.
creating index...
index created!
Loading and preparing results...
DONE (t=0.01s)
creating index...
index created!
Running per image evaluation...
Evaluate annotation type *bbox*
DONE (t=1.95s).
Accumulating evaluation results...
DONE (t=0.28s).
 Average Precision  (AP) @[ IoU=0.50:0.95 | area=   all | maxDets=100 ] = 0.390
 Average Precision  (AP) @[ IoU=0.50      | area=   all | maxDets=100 ] = 0.640
 Average Precision  (AP) @[ IoU=0.75      | area=   all | maxDets=100 ] = 0.404
 Average Precision  (AP) @[ IoU=0.50:0.95 | area= small | maxDets=100 ] = -1.000
 Average Precision  (AP) @[ IoU=0.50:0.95 | area=medium | maxDets=100 ] = 0.224
 Average Precision  (AP) @[ IoU=0.50:0.95 | area= large | maxDets=100 ] = 0.581
 Average Recall     (AR) @[ IoU=0.50:0.95 | area=   all | maxDets=  1 ] = 0.260
 Average Recall     (AR) @[ IoU=0.50:0.95 | area=   all | maxDets= 10 ] = 0.496
 Average Recall     (AR) @[ IoU=0.50:0.95 | area=   all | maxDets=100 ] = 0.496
 Average Recall     (AR) @[ IoU=0.50:0.95 | area= small | maxDets=100 ] = -1.000
 Average Recall     (AR) @[ IoU=0.50:0.95 | area=medium | maxDets=100 ] = 0.331
 Average Recall     (AR) @[ IoU=0.50:0.95 | area= large | maxDets=100 ] = 0.686
[I 2026-02-24 01:53:12,780] Trial 187 finished with value: 0.6395863983952117 and parameters: {'alpha': 2.2301335070349895, 'mean_rho': 0.07525745965710844, 'variance_rho': 0.08827506445763769, 'std_bias': 4.123467215077157, 'hue_threshold': 16.20934005683578, 'value_ratio_min': 0.34377223262733125, 'value_ratio_max': 0.8820476257299598, 'saturation_diff_threshold': 33.46690157089503}. Best is trial 72 with value: 0.6466417287921127.
creating index...
index created!
Loading and preparing results...
DONE (t=0.01s)
creating index...
index created!
Running per image evaluation...
Evaluate annotation type *bbox*
DONE (t=1.16s).
Accumulating evaluation results...
DONE (t=0.20s).
 Average Precision  (AP) @[ IoU=0.50:0.95 | area=   all | maxDets=100 ] = 0.397
 Average Precision  (AP) @[ IoU=0.50      | area=   all | maxDets=100 ] = 0.640
 Average Precision  (AP) @[ IoU=0.75      | area=   all | maxDets=100 ] = 0.412
 Average Precision  (AP) @[ IoU=0.50:0.95 | area= small | maxDets=100 ] = -1.000
 Average Precision  (AP) @[ IoU=0.50:0.95 | area=medium | maxDets=100 ] = 0.208
 Average Precision  (AP) @[ IoU=0.50:0.95 | area= large | maxDets=100 ] = 0.618
 Average Recall     (AR) @[ IoU=0.50:0.95 | area=   all | maxDets=  1 ] = 0.261
 Average Recall     (AR) @[ IoU=0.50:0.95 | area=   all | maxDets= 10 ] = 0.495
 Average Recall     (AR) @[ IoU=0.50:0.95 | area=   all | maxDets=100 ] = 0.495
 Average Recall     (AR) @[ IoU=0.50:0.95 | area= small | maxDets=100 ] = -1.000
 Average Recall     (AR) @[ IoU=0.50:0.95 | area=medium | maxDets=100 ] = 0.308
 Average Recall     (AR) @[ IoU=0.50:0.95 | area= large | maxDets=100 ] = 0.712
[I 2026-02-24 01:59:24,905] Trial 195 finished with value: 0.6402354364526185 and parameters: {'alpha': 2.404866573548988, 'mean_rho': 0.07607636799447165, 'variance_rho': 0.07737068159122876, 'std_bias': 4.073517022460672, 'hue_threshold': 17.139650718463788, 'value_ratio_min': 0.3828166909232513, 'value_ratio_max': 0.9482278060334701, 'saturation_diff_threshold': 29.38600448044937}. Best is trial 72 with value: 0.6466417287921127.
creating index...
index created!
Loading and preparing results...
DONE (t=0.01s)
creating index...
index created!
Running per image evaluation...
Evaluate annotation type *bbox*
DONE (t=1.15s).
Accumulating evaluation results...
DONE (t=0.29s).
 Average Precision  (AP) @[ IoU=0.50:0.95 | area=   all | maxDets=100 ] = 0.397
 Average Precision  (AP) @[ IoU=0.50      | area=   all | maxDets=100 ] = 0.645
 Average Precision  (AP) @[ IoU=0.75      | area=   all | maxDets=100 ] = 0.413
 Average Precision  (AP) @[ IoU=0.50:0.95 | area= small | maxDets=100 ] = -1.000
 Average Precision  (AP) @[ IoU=0.50:0.95 | area=medium | maxDets=100 ] = 0.224
 Average Precision  (AP) @[ IoU=0.50:0.95 | area= large | maxDets=100 ] = 0.599
 Average Recall     (AR) @[ IoU=0.50:0.95 | area=   all | maxDets=  1 ] = 0.261
 Average Recall     (AR) @[ IoU=0.50:0.95 | area=   all | maxDets= 10 ] = 0.498
 Average Recall     (AR) @[ IoU=0.50:0.95 | area=   all | maxDets=100 ] = 0.498
 Average Recall     (AR) @[ IoU=0.50:0.95 | area= small | maxDets=100 ] = -1.000
 Average Recall     (AR) @[ IoU=0.50:0.95 | area=medium | maxDets=100 ] = 0.326
 Average Recall     (AR) @[ IoU=0.50:0.95 | area= large | maxDets=100 ] = 0.699
[I 2026-02-24 02:04:33,262] Trial 198 finished with value: 0.644785210824327 and parameters: {'alpha': 2.3063927508910433, 'mean_rho': 0.06720511816032557, 'variance_rho': 0.06800164012317388, 'std_bias': 4.104425943530167, 'hue_threshold': 16.8551310432705, 'value_ratio_min': 0.3173712348701743, 'value_ratio_max': 0.9403633715437685, 'saturation_diff_threshold': 32.08755667165389}. Best is trial 72 with value: 0.6466417287921127.Best trial: 72. Best value: 0.646642:  96%|█████████▌| 24/25 [3:00:04<06:47, 407.64s/it]Best trial: 72. Best value: 0.646642:  96%|█████████▌| 24/25 [3:00:04<06:47, 407.64s/it]Best trial: 72. Best value: 0.646642: 100%|██████████| 25/25 [3:00:04<00:00, 377.85s/it]Best trial: 72. Best value: 0.646642: 100%|██████████| 25/25 [3:00:04<00:00, 432.16s/it]


================================================================================
OPTIMIZATION COMPLETE
================================================================================

Best AP50: 0.6466

Best hyperparameters:
  alpha: 2.3395495784492826
  mean_rho: 0.08250304478944578
  variance_rho: 0.06958246671086901
  std_bias: 4.409579582318875
  hue_threshold: 17.15537190209033
  value_ratio_min: 0.3264487033390467
  value_ratio_max: 0.8717634229722113
  saturation_diff_threshold: 32.39150859974187

Total trials completed: 200
Results saved to: optuna_adaptive_no_temporal.db

To visualize results, use optuna-dashboard:
  optuna-dashboard sqlite:///optuna_adaptive_no_temporal.db
