[I 2026-02-24 00:21:53,981] Trial 80 finished with value: 0.6018991843339929 and parameters: {'alpha': 1.973795899219073, 'mean_rho': 0.004960050905415462, 'variance_rho': 0.06398952272938974, 'std_bias': 3.547440159279592, 'hue_threshold': 16.11330249384088, 'value_ratio_min': 0.32307626654748833, 'value_ratio_max': 0.8314020812062547, 'saturation_diff_threshold': 31.39864492974451}. Best is trial 72 with value: 0.6466417287921127.Best trial: 72. Best value: 0.646642:  36%|███▌      | 9/25 [1:17:24<2:00:09, 450.61s/it]Best trial: 72. Best value: 0.646642:  36%|███▌      | 9/25 [1:17:24<2:00:09, 450.61s/it]Best trial: 72. Best value: 0.646642:  40%|████      | 10/25 [1:17:24<1:50:43, 442.93s/it]                                                                                          Best trial: 72. Best value: 0.646642:  40%|████      | 10/25 [1:24:28<1:50:43, 442.93s/it]Best trial: 72. Best value: 0.646642:  40%|████      | 10/25 [1:24:28<1:50:43, 442.93s/it]Best trial: 72. Best value: 0.646642:  44%|████▍     | 11/25 [1:24:28<1:41:57, 436.95s/it]                                                                                          Best trial: 72. Best value: 0.646642:  44%|████▍     | 11/25 [1:31:41<1:41:57, 436.95s/it]Best trial: 72. Best value: 0.646642:  44%|████▍     | 11/25 [1:31:41<1:41:57, 436.95s/it]Best trial: 72. Best value: 0.646642:  48%|████▊     | 12/25 [1:31:41<1:34:25, 435.81s/it]                                                                                          Best trial: 72. Best value: 0.646642:  48%|████▊     | 12/25 [1:38:28<1:34:25, 435.81s/it]Best trial: 72. Best value: 0.646642:  48%|████▊     | 12/25 [1:38:28<1:34:25, 435.81s/it]Best trial: 72. Best value: 0.646642:  52%|█████▏    | 13/25 [1:38:28<1:25:24, 427.02s/it]                                                                                          Best trial: 72. Best value: 0.646642:  52%|█████▏    | 13/25 [1:45:21<1:25:24, 427.02s/it]Best trial: 72. Best value: 0.646642:  52%|█████▏    | 13/25 [1:45:21<1:25:24, 427.02s/it]Best trial: 72. Best value: 0.646642:  56%|█████▌    | 14/25 [1:45:21<1:17:31, 422.89s/it]                                                                                          
creating index...
index created!
Loading and preparing results...
DONE (t=0.01s)
creating index...
index created!
Running per image evaluation...
Evaluate annotation type *bbox*
DONE (t=1.83s).
Accumulating evaluation results...
DONE (t=0.25s).
 Average Precision  (AP) @[ IoU=0.50:0.95 | area=   all | maxDets=100 ] = 0.382
 Average Precision  (AP) @[ IoU=0.50      | area=   all | maxDets=100 ] = 0.610
 Average Precision  (AP) @[ IoU=0.75      | area=   all | maxDets=100 ] = 0.401
 Average Precision  (AP) @[ IoU=0.50:0.95 | area= small | maxDets=100 ] = -1.000
 Average Precision  (AP) @[ IoU=0.50:0.95 | area=medium | maxDets=100 ] = 0.182
 Average Precision  (AP) @[ IoU=0.50:0.95 | area= large | maxDets=100 ] = 0.629
 Average Recall     (AR) @[ IoU=0.50:0.95 | area=   all | maxDets=  1 ] = 0.260
 Average Recall     (AR) @[ IoU=0.50:0.95 | area=   all | maxDets= 10 ] = 0.489
 Average Recall     (AR) @[ IoU=0.50:0.95 | area=   all | maxDets=100 ] = 0.489
 Average Recall     (AR) @[ IoU=0.50:0.95 | area= small | maxDets=100 ] = -1.000
 Average Recall     (AR) @[ IoU=0.50:0.95 | area=medium | maxDets=100 ] = 0.281
 Average Recall     (AR) @[ IoU=0.50:0.95 | area= large | maxDets=100 ] = 0.730
[I 2026-02-24 00:28:57,390] Trial 88 finished with value: 0.610254138446108 and parameters: {'alpha': 2.1787747205775077, 'mean_rho': 0.030123823890027383, 'variance_rho': 0.12375012408472563, 'std_bias': 4.756537390945563, 'hue_threshold': 21.70855895548276, 'value_ratio_min': 0.49196266846946257, 'value_ratio_max': 0.8574215021521352, 'saturation_diff_threshold': 28.302399703899923}. Best is trial 72 with value: 0.6466417287921127.
creating index...
index created!
Loading and preparing results...
DONE (t=0.01s)
creating index...
index created!
Running per image evaluation...
Evaluate annotation type *bbox*
DONE (t=2.17s).
Accumulating evaluation results...
DONE (t=0.35s).
 Average Precision  (AP) @[ IoU=0.50:0.95 | area=   all | maxDets=100 ] = 0.369
 Average Precision  (AP) @[ IoU=0.50      | area=   all | maxDets=100 ] = 0.607
 Average Precision  (AP) @[ IoU=0.75      | area=   all | maxDets=100 ] = 0.407
 Average Precision  (AP) @[ IoU=0.50:0.95 | area= small | maxDets=100 ] = -1.000
 Average Precision  (AP) @[ IoU=0.50:0.95 | area=medium | maxDets=100 ] = 0.234
 Average Precision  (AP) @[ IoU=0.50:0.95 | area= large | maxDets=100 ] = 0.527
 Average Recall     (AR) @[ IoU=0.50:0.95 | area=   all | maxDets=  1 ] = 0.251
 Average Recall     (AR) @[ IoU=0.50:0.95 | area=   all | maxDets= 10 ] = 0.479
 Average Recall     (AR) @[ IoU=0.50:0.95 | area=   all | maxDets=100 ] = 0.479
 Average Recall     (AR) @[ IoU=0.50:0.95 | area= small | maxDets=100 ] = -1.000
 Average Recall     (AR) @[ IoU=0.50:0.95 | area=medium | maxDets=100 ] = 0.353
 Average Recall     (AR) @[ IoU=0.50:0.95 | area= large | maxDets=100 ] = 0.626
[I 2026-02-24 00:36:10,564] Trial 99 finished with value: 0.6073855342925464 and parameters: {'alpha': 1.8761506307926379, 'mean_rho': 0.1237348367244758, 'variance_rho': 0.16978041271314387, 'std_bias': 4.560100049711464, 'hue_threshold': 14.887411789402773, 'value_ratio_min': 0.4358743254117407, 'value_ratio_max': 0.9570762210224973, 'saturation_diff_threshold': 30.0640217515775}. Best is trial 72 with value: 0.6466417287921127.
creating index...
index created!
Loading and preparing results...
DONE (t=0.01s)
creating index...
index created!
Running per image evaluation...
Evaluate annotation type *bbox*
DONE (t=1.95s).
Accumulating evaluation results...
DONE (t=0.30s).
 Average Precision  (AP) @[ IoU=0.50:0.95 | area=   all | maxDets=100 ] = 0.370
 Average Precision  (AP) @[ IoU=0.50      | area=   all | maxDets=100 ] = 0.631
 Average Precision  (AP) @[ IoU=0.75      | area=   all | maxDets=100 ] = 0.372
 Average Precision  (AP) @[ IoU=0.50:0.95 | area= small | maxDets=100 ] = -1.000
 Average Precision  (AP) @[ IoU=0.50:0.95 | area=medium | maxDets=100 ] = 0.201
 Average Precision  (AP) @[ IoU=0.50:0.95 | area= large | maxDets=100 ] = 0.570
 Average Recall     (AR) @[ IoU=0.50:0.95 | area=   all | maxDets=  1 ] = 0.254
 Average Recall     (AR) @[ IoU=0.50:0.95 | area=   all | maxDets= 10 ] = 0.476
 Average Recall     (AR) @[ IoU=0.50:0.95 | area=   all | maxDets=100 ] = 0.476
 Average Recall     (AR) @[ IoU=0.50:0.95 | area= small | maxDets=100 ] = -1.000
 Average Recall     (AR) @[ IoU=0.50:0.95 | area=medium | maxDets=100 ] = 0.306
 Average Recall     (AR) @[ IoU=0.50:0.95 | area= large | maxDets=100 ] = 0.673
[I 2026-02-24 00:42:57,369] Trial 107 finished with value: 0.6309809650081311 and parameters: {'alpha': 2.424810234429707, 'mean_rho': 0.07918933225041626, 'variance_rho': 0.09153724627447249, 'std_bias': 3.7613091991201575, 'hue_threshold': 13.001924080364706, 'value_ratio_min': 0.36199806390839356, 'value_ratio_max': 0.8720848736264207, 'saturation_diff_threshold': 29.352562794777175}. Best is trial 72 with value: 0.6466417287921127.
creating index...
index created!
Loading and preparing results...
DONE (t=0.01s)
creating index...
index created!
Running per image evaluation...
Evaluate annotation type *bbox*
DONE (t=1.94s).
Accumulating evaluation results...
DONE (t=0.32s).
 Average Precision  (AP) @[ IoU=0.50:0.95 | area=   all | maxDets=100 ] = 0.373
 Average Precision  (AP) @[ IoU=0.50      | area=   all | maxDets=100 ] = 0.633
 Average Precision  (AP) @[ IoU=0.75      | area=   all | maxDets=100 ] = 0.380
 Average Precision  (AP) @[ IoU=0.50:0.95 | area= small | maxDets=100 ] = -1.000
 Average Precision  (AP) @[ IoU=0.50:0.95 | area=medium | maxDets=100 ] = 0.198
 Average Precision  (AP) @[ IoU=0.50:0.95 | area= large | maxDets=100 ] = 0.579
 Average Recall     (AR) @[ IoU=0.50:0.95 | area=   all | maxDets=  1 ] = 0.257
 Average Recall     (AR) @[ IoU=0.50:0.95 | area=   all | maxDets= 10 ] = 0.471
 Average Recall     (AR) @[ IoU=0.50:0.95 | area=   all | maxDets=100 ] = 0.471
 Average Recall     (AR) @[ IoU=0.50:0.95 | area= small | maxDets=100 ] = -1.000
 Average Recall     (AR) @[ IoU=0.50:0.95 | area=medium | maxDets=100 ] = 0.292
 Average Recall     (AR) @[ IoU=0.50:0.95 | area= large | maxDets=100 ] = 0.679
[I 2026-02-24 00:49:50,711] Trial 115 finished with value: 0.6329657114560123 and parameters: {'alpha': 2.6237649814627964, 'mean_rho': 0.05732815755086679, 'variance_rho': 0.05433345635618008, 'std_bias': 3.6958330755610795, 'hue_threshold': 11.789426393387021, 'value_ratio_min': 0.3286229959916578, 'value_ratio_max': 0.861827708809321, 'saturation_diff_threshold': 33.152027335526455}. Best is trial 72 with value: 0.6466417287921127.
creating index...
index created!
Loading and preparing results...
DONE (t=0.01s)
creating index...
index created!
Running per image evaluation...
Evaluate annotation type *bbox*
DONE (t=1.71s).
Accumulating evaluation results...
DONE (t=0.29s).
 Average Precision  (AP) @[ IoU=0.50:0.95 | area=   all | maxDets=100 ] = 0.342
 Average Precision  (AP) @[ IoU=0.50      | area=   all | maxDets=100 ] = 0.624
 Average Precision  (AP) @[ IoU=0.75      | area=   all | maxDets=100 ] = 0.327
 Average Precision  (AP) @[ IoU=0.50:0.95 | area= small | maxDets=100 ] = -1.000
 Average Precision  (AP) @[ IoU=0.50:0.95 | area=medium | maxDets=100 ] = 0.197
 Average Precision  (AP) @[ IoU=0.50:0.95 | area= large | maxDets=100 ] = 0.508
 Average Recall     (AR) @[ IoU=0.50:0.95 | area=   all | maxDets=  1 ] = 0.243
 Average Recall     (AR) @[ IoU=0.50:0.95 | area=   all | maxDets= 10 ] = 0.438
 Average Recall     (AR) @[ IoU=0.50:0.95 | area=   all | maxDets=100 ] = 0.438
 Average Recall     (AR) @[ IoU=0.50:0.95 | area= small | maxDets=100 ] = -1.000
 Average Recall     (AR) @[ IoU=0.50:0.95 | area=medium | maxDets=100 ] = 0.287
 Average Recall     (AR) @[ IoU=0.50:0.95 | area= large | maxDets=100 ] = 0.614
[I 2026-02-24 00:56:47,154] Trial 123 finished with value: 0.6241560112728323 and parameters: {'alpha': 2.637996214999504, 'mean_rho': 0.05489047724152374, 'variance_rho': 0.05487800322736999, 'std_bias': 3.80444794392377, 'hue_threshold': 5.749659310810593, 'value_ratio_min': 0.3751772643393479, 'value_ratio_max': 0.8654683428758897, 'saturation_diff_threshold': 34.90147404113765}. Best is trial 72 with value: 0.6466417287921127.Best trial: 72. Best value: 0.646642:  56%|█████▌    | 14/25 [1:52:17<1:17:31, 422.89s/it]Best trial: 72. Best value: 0.646642:  56%|█████▌    | 14/25 [1:52:17<1:17:31, 422.89s/it]Best trial: 72. Best value: 0.646642:  60%|██████    | 15/25 [1:52:17<1:10:09, 420.95s/it]                                                                                          Best trial: 72. Best value: 0.646642:  60%|██████    | 15/25 [1:59:26<1:10:09, 420.95s/it]Best trial: 72. Best value: 0.646642:  60%|██████    | 15/25 [1:59:26<1:10:09, 420.95s/it]Best trial: 72. Best value: 0.646642:  64%|██████▍   | 16/25 [1:59:26<1:03:29, 423.31s/it]                                                                                          Best trial: 72. Best value: 0.646642:  64%|██████▍   | 16/25 [2:06:33<1:03:29, 423.31s/it]Best trial: 72. Best value: 0.646642:  64%|██████▍   | 16/25 [2:06:33<1:03:29, 423.31s/it]Best trial: 72. Best value: 0.646642:  68%|██████▊   | 17/25 [2:06:33<56:33, 424.24s/it]                                                                                          Best trial: 72. Best value: 0.646642:  68%|██████▊   | 17/25 [2:13:29<56:33, 424.24s/it]Best trial: 72. Best value: 0.646642:  68%|██████▊   | 17/25 [2:13:29<56:33, 424.24s/it]Best trial: 72. Best value: 0.646642:  72%|███████▏  | 18/25 [2:13:29<49:13, 421.88s/it]                                                                                        Best trial: 72. Best value: 0.646642:  72%|███████▏  | 18/25 [2:20:36<49:13, 421.88s/it]Best trial: 72. Best value: 0.646642:  72%|███████▏  | 18/25 [2:20:36<49:13, 421.88s/it]Best trial: 72. Best value: 0.646642:  76%|███████▌  | 19/25 [2:20:36<42:20, 423.49s/it]                                                                                        
creating index...
index created!
Loading and preparing results...
DONE (t=0.01s)
creating index...
index created!
Running per image evaluation...
Evaluate annotation type *bbox*
DONE (t=1.54s).
Accumulating evaluation results...
DONE (t=0.28s).
 Average Precision  (AP) @[ IoU=0.50:0.95 | area=   all | maxDets=100 ] = 0.132
 Average Precision  (AP) @[ IoU=0.50      | area=   all | maxDets=100 ] = 0.295
 Average Precision  (AP) @[ IoU=0.75      | area=   all | maxDets=100 ] = 0.106
 Average Precision  (AP) @[ IoU=0.50:0.95 | area= small | maxDets=100 ] = -1.000
 Average Precision  (AP) @[ IoU=0.50:0.95 | area=medium | maxDets=100 ] = 0.084
 Average Precision  (AP) @[ IoU=0.50:0.95 | area= large | maxDets=100 ] = 0.198
 Average Recall     (AR) @[ IoU=0.50:0.95 | area=   all | maxDets=  1 ] = 0.147
 Average Recall     (AR) @[ IoU=0.50:0.95 | area=   all | maxDets= 10 ] = 0.235
 Average Recall     (AR) @[ IoU=0.50:0.95 | area=   all | maxDets=100 ] = 0.235
 Average Recall     (AR) @[ IoU=0.50:0.95 | area= small | maxDets=100 ] = -1.000
 Average Recall     (AR) @[ IoU=0.50:0.95 | area=medium | maxDets=100 ] = 0.159
 Average Recall     (AR) @[ IoU=0.50:0.95 | area= large | maxDets=100 ] = 0.323
[I 2026-02-24 01:03:55,939] Trial 131 finished with value: 0.29525976575140467 and parameters: {'alpha': 2.7359368021265924, 'mean_rho': 0.06772920959189209, 'variance_rho': 0.37003465598240504, 'std_bias': 3.4588994598141882, 'hue_threshold': 7.0679757473237075, 'value_ratio_min': 0.686435163509304, 'value_ratio_max': 0.8481264617549519, 'saturation_diff_threshold': 39.74060938452931}. Best is trial 72 with value: 0.6466417287921127.
creating index...
index created!
Loading and preparing results...
DONE (t=0.02s)
creating index...
index created!
Running per image evaluation...
Evaluate annotation type *bbox*
DONE (t=1.88s).
Accumulating evaluation results...
DONE (t=0.34s).
 Average Precision  (AP) @[ IoU=0.50:0.95 | area=   all | maxDets=100 ] = 0.258
 Average Precision  (AP) @[ IoU=0.50      | area=   all | maxDets=100 ] = 0.575
 Average Precision  (AP) @[ IoU=0.75      | area=   all | maxDets=100 ] = 0.199
 Average Precision  (AP) @[ IoU=0.50:0.95 | area= small | maxDets=100 ] = -1.000
 Average Precision  (AP) @[ IoU=0.50:0.95 | area=medium | maxDets=100 ] = 0.201
 Average Precision  (AP) @[ IoU=0.50:0.95 | area= large | maxDets=100 ] = 0.332
 Average Recall     (AR) @[ IoU=0.50:0.95 | area=   all | maxDets=  1 ] = 0.216
 Average Recall     (AR) @[ IoU=0.50:0.95 | area=   all | maxDets= 10 ] = 0.391
 Average Recall     (AR) @[ IoU=0.50:0.95 | area=   all | maxDets=100 ] = 0.391
 Average Recall     (AR) @[ IoU=0.50:0.95 | area= small | maxDets=100 ] = -1.000
 Average Recall     (AR) @[ IoU=0.50:0.95 | area=medium | maxDets=100 ] = 0.317
 Average Recall     (AR) @[ IoU=0.50:0.95 | area= large | maxDets=100 ] = 0.477
[I 2026-02-24 01:11:02,367] Trial 139 finished with value: 0.5745066628454838 and parameters: {'alpha': 2.2679858627022127, 'mean_rho': 0.046594344802405666, 'variance_rho': 0.10052978010621712, 'std_bias': 2.333101870700075, 'hue_threshold': 8.444972056095546, 'value_ratio_min': 0.3427376047392495, 'value_ratio_max': 0.8594918334522539, 'saturation_diff_threshold': 36.57692976243091}. Best is trial 72 with value: 0.6466417287921127.
creating index...
index created!
Loading and preparing results...
DONE (t=0.01s)
creating index...
index created!
Running per image evaluation...
Evaluate annotation type *bbox*
DONE (t=1.81s).
Accumulating evaluation results...
DONE (t=0.34s).
 Average Precision  (AP) @[ IoU=0.50:0.95 | area=   all | maxDets=100 ] = 0.321
 Average Precision  (AP) @[ IoU=0.50      | area=   all | maxDets=100 ] = 0.551
 Average Precision  (AP) @[ IoU=0.75      | area=   all | maxDets=100 ] = 0.316
 Average Precision  (AP) @[ IoU=0.50:0.95 | area= small | maxDets=100 ] = -1.000
 Average Precision  (AP) @[ IoU=0.50:0.95 | area=medium | maxDets=100 ] = 0.136
 Average Precision  (AP) @[ IoU=0.50:0.95 | area= large | maxDets=100 ] = 0.552
 Average Recall     (AR) @[ IoU=0.50:0.95 | area=   all | maxDets=  1 ] = 0.235
 Average Recall     (AR) @[ IoU=0.50:0.95 | area=   all | maxDets= 10 ] = 0.421
 Average Recall     (AR) @[ IoU=0.50:0.95 | area=   all | maxDets=100 ] = 0.421
 Average Recall     (AR) @[ IoU=0.50:0.95 | area= small | maxDets=100 ] = -1.000
 Average Recall     (AR) @[ IoU=0.50:0.95 | area=medium | maxDets=100 ] = 0.219
 Average Recall     (AR) @[ IoU=0.50:0.95 | area= large | maxDets=100 ] = 0.654
[I 2026-02-24 01:17:58,741] Trial 146 finished with value: 0.5508997070501582 and parameters: {'alpha': 2.5614693793025762, 'mean_rho': 0.015515606653045284, 'variance_rho': 0.11399343976988165, 'std_bias': 3.1573663056589094, 'hue_threshold': 15.383888713451693, 'value_ratio_min': 0.34650052174094176, 'value_ratio_max': 0.8785184423798215, 'saturation_diff_threshold': 29.056605578273363}. Best is trial 72 with value: 0.6466417287921127.
creating index...
index created!
Loading and preparing results...
DONE (t=0.01s)
creating index...
index created!
Running per image evaluation...
Evaluate annotation type *bbox*
DONE (t=1.88s).
Accumulating evaluation results...
DONE (t=0.33s).
 Average Precision  (AP) @[ IoU=0.50:0.95 | area=   all | maxDets=100 ] = 0.346
 Average Precision  (AP) @[ IoU=0.50      | area=   all | maxDets=100 ] = 0.592
 Average Precision  (AP) @[ IoU=0.75      | area=   all | maxDets=100 ] = 0.333
 Average Precision  (AP) @[ IoU=0.50:0.95 | area= small | maxDets=100 ] = -1.000
 Average Precision  (AP) @[ IoU=0.50:0.95 | area=medium | maxDets=100 ] = 0.160
 Average Precision  (AP) @[ IoU=0.50:0.95 | area= large | maxDets=100 ] = 0.575
 Average Recall     (AR) @[ IoU=0.50:0.95 | area=   all | maxDets=  1 ] = 0.245
 Average Recall     (AR) @[ IoU=0.50:0.95 | area=   all | maxDets= 10 ] = 0.456
 Average Recall     (AR) @[ IoU=0.50:0.95 | area=   all | maxDets=100 ] = 0.456
 Average Recall     (AR) @[ IoU=0.50:0.95 | area= small | maxDets=100 ] = -1.000
 Average Recall     (AR) @[ IoU=0.50:0.95 | area=medium | maxDets=100 ] = 0.263
 Average Recall     (AR) @[ IoU=0.50:0.95 | area= large | maxDets=100 ] = 0.681
[I 2026-02-24 01:25:05,980] Trial 154 finished with value: 0.5917645325347487 and parameters: {'alpha': 2.5183433675191704, 'mean_rho': 0.05826225719546724, 'variance_rho': 0.13352106111190667, 'std_bias': 2.896034546092794, 'hue_threshold': 17.156349051131556, 'value_ratio_min': 0.3342271830600188, 'value_ratio_max': 0.88576811977336, 'saturation_diff_threshold': 32.4993950013802}. Best is trial 72 with value: 0.6466417287921127.
creating index...
index created!
Loading and preparing results...
DONE (t=0.02s)
creating index...
index created!
Running per image evaluation...
Evaluate annotation type *bbox*
DONE (t=1.74s).
Accumulating evaluation results...
DONE (t=0.29s).
 Average Precision  (AP) @[ IoU=0.50:0.95 | area=   all | maxDets=100 ] = 0.390
 Average Precision  (AP) @[ IoU=0.50      | area=   all | maxDets=100 ] = 0.639
 Average Precision  (AP) @[ IoU=0.75      | area=   all | maxDets=100 ] = 0.413
 Average Precision  (AP) @[ IoU=0.50:0.95 | area= small | maxDets=100 ] = -1.000
 Average Precision  (AP) @[ IoU=0.50:0.95 | area=medium | maxDets=100 ] = 0.243
 Average Precision  (AP) @[ IoU=0.50:0.95 | area= large | maxDets=100 ] = 0.560
 Average Recall     (AR) @[ IoU=0.50:0.95 | area=   all | maxDets=  1 ] = 0.258
 Average Recall     (AR) @[ IoU=0.50:0.95 | area=   all | maxDets= 10 ] = 0.496
 Average Recall     (AR) @[ IoU=0.50:0.95 | area=   all | maxDets=100 ] = 0.496
 Average Recall     (AR) @[ IoU=0.50:0.95 | area= small | maxDets=100 ] = -1.000
 Average Recall     (AR) @[ IoU=0.50:0.95 | area=medium | maxDets=100 ] = 0.349
 Average Recall     (AR) @[ IoU=0.50:0.95 | area= large | maxDets=100 ] = 0.667
