[I 2026-02-24 03:26:00,154] Trial 78 finished with value: 0.6066969465219997 and parameters: {'alpha': 2.950813193505921, 'mean_rho': 0.11010662887775055, 'variance_rho': 0.04545157623924671, 'std_bias': 2.3507365282933694, 'hue_threshold': 25.787730879989898, 'value_ratio_min': 0.43878798255817336, 'value_ratio_max': 0.976314640066136, 'saturation_diff_threshold': 20.36708787114399}. Best is trial 27 with value: 0.6218635226564296.Best trial: 27. Best value: 0.621864:  36%|███▌      | 9/25 [1:20:50<2:01:28, 455.55s/it]Best trial: 27. Best value: 0.621864:  36%|███▌      | 9/25 [1:20:50<2:01:28, 455.55s/it]Best trial: 27. Best value: 0.621864:  40%|████      | 10/25 [1:20:50<1:53:13, 452.89s/it]                                                                                          Best trial: 27. Best value: 0.621864:  40%|████      | 10/25 [1:28:03<1:53:13, 452.89s/it]Best trial: 27. Best value: 0.621864:  40%|████      | 10/25 [1:28:03<1:53:13, 452.89s/it]Best trial: 27. Best value: 0.621864:  44%|████▍     | 11/25 [1:28:03<1:44:17, 447.00s/it]                                                                                          Best trial: 27. Best value: 0.621864:  44%|████▍     | 11/25 [1:35:52<1:44:17, 447.00s/it]Best trial: 27. Best value: 0.621864:  44%|████▍     | 11/25 [1:35:52<1:44:17, 447.00s/it]Best trial: 27. Best value: 0.621864:  48%|████▊     | 12/25 [1:35:52<1:38:16, 453.59s/it]                                                                                          Best trial: 27. Best value: 0.621864:  48%|████▊     | 12/25 [1:43:06<1:38:16, 453.59s/it]Best trial: 27. Best value: 0.621864:  48%|████▊     | 12/25 [1:43:06<1:38:16, 453.59s/it]Best trial: 27. Best value: 0.621864:  52%|█████▏    | 13/25 [1:43:06<1:29:32, 447.70s/it]                                                                                          Best trial: 27. Best value: 0.621864:  52%|█████▏    | 13/25 [1:50:32<1:29:32, 447.70s/it]Best trial: 27. Best value: 0.621864:  52%|█████▏    | 13/25 [1:50:32<1:29:32, 447.70s/it]Best trial: 27. Best value: 0.621864:  56%|█████▌    | 14/25 [1:50:32<1:21:59, 447.22s/it]                                                                                          
creating index...
index created!
Loading and preparing results...
DONE (t=0.01s)
creating index...
index created!
Running per image evaluation...
Evaluate annotation type *bbox*
DONE (t=1.77s).
Accumulating evaluation results...
DONE (t=0.31s).
 Average Precision  (AP) @[ IoU=0.50:0.95 | area=   all | maxDets=100 ] = 0.273
 Average Precision  (AP) @[ IoU=0.50      | area=   all | maxDets=100 ] = 0.554
 Average Precision  (AP) @[ IoU=0.75      | area=   all | maxDets=100 ] = 0.232
 Average Precision  (AP) @[ IoU=0.50:0.95 | area= small | maxDets=100 ] = -1.000
 Average Precision  (AP) @[ IoU=0.50:0.95 | area=medium | maxDets=100 ] = 0.122
 Average Precision  (AP) @[ IoU=0.50:0.95 | area= large | maxDets=100 ] = 0.464
 Average Recall     (AR) @[ IoU=0.50:0.95 | area=   all | maxDets=  1 ] = 0.209
 Average Recall     (AR) @[ IoU=0.50:0.95 | area=   all | maxDets= 10 ] = 0.383
 Average Recall     (AR) @[ IoU=0.50:0.95 | area=   all | maxDets=100 ] = 0.383
 Average Recall     (AR) @[ IoU=0.50:0.95 | area= small | maxDets=100 ] = -1.000
 Average Recall     (AR) @[ IoU=0.50:0.95 | area=medium | maxDets=100 ] = 0.218
 Average Recall     (AR) @[ IoU=0.50:0.95 | area= large | maxDets=100 ] = 0.576
[I 2026-02-24 03:33:13,784] Trial 85 finished with value: 0.5544230841755805 and parameters: {'alpha': 2.604075399527422, 'mean_rho': 0.05600634467670435, 'variance_rho': 0.1694321951344965, 'std_bias': 2.644853944981287, 'hue_threshold': 28.95270329706443, 'value_ratio_min': 0.5046355644628507, 'value_ratio_max': 0.9684190217781581, 'saturation_diff_threshold': 16.787453468030794}. Best is trial 27 with value: 0.6218635226564296.
creating index...
index created!
Loading and preparing results...
DONE (t=0.02s)
creating index...
index created!
Running per image evaluation...
Evaluate annotation type *bbox*
DONE (t=1.84s).
Accumulating evaluation results...
DONE (t=0.56s).
 Average Precision  (AP) @[ IoU=0.50:0.95 | area=   all | maxDets=100 ] = 0.130
 Average Precision  (AP) @[ IoU=0.50      | area=   all | maxDets=100 ] = 0.288
 Average Precision  (AP) @[ IoU=0.75      | area=   all | maxDets=100 ] = 0.097
 Average Precision  (AP) @[ IoU=0.50:0.95 | area= small | maxDets=100 ] = -1.000
 Average Precision  (AP) @[ IoU=0.50:0.95 | area=medium | maxDets=100 ] = 0.064
 Average Precision  (AP) @[ IoU=0.50:0.95 | area= large | maxDets=100 ] = 0.223
 Average Recall     (AR) @[ IoU=0.50:0.95 | area=   all | maxDets=  1 ] = 0.133
 Average Recall     (AR) @[ IoU=0.50:0.95 | area=   all | maxDets= 10 ] = 0.232
 Average Recall     (AR) @[ IoU=0.50:0.95 | area=   all | maxDets=100 ] = 0.232
 Average Recall     (AR) @[ IoU=0.50:0.95 | area= small | maxDets=100 ] = -1.000
 Average Recall     (AR) @[ IoU=0.50:0.95 | area=medium | maxDets=100 ] = 0.134
 Average Recall     (AR) @[ IoU=0.50:0.95 | area= large | maxDets=100 ] = 0.346
[I 2026-02-24 03:41:02,450] Trial 92 finished with value: 0.2876420550861999 and parameters: {'alpha': 2.9573974952407633, 'mean_rho': 0.061953814943570176, 'variance_rho': 0.37526473437078045, 'std_bias': 2.1391324612223954, 'hue_threshold': 29.031910454594723, 'value_ratio_min': 0.40491138012051736, 'value_ratio_max': 0.9401632884539398, 'saturation_diff_threshold': 47.725073536130374}. Best is trial 27 with value: 0.6218635226564296.
creating index...
index created!
Loading and preparing results...
DONE (t=0.01s)
creating index...
index created!
Running per image evaluation...
Evaluate annotation type *bbox*
DONE (t=1.60s).
Accumulating evaluation results...
DONE (t=0.28s).
 Average Precision  (AP) @[ IoU=0.50:0.95 | area=   all | maxDets=100 ] = 0.304
 Average Precision  (AP) @[ IoU=0.50      | area=   all | maxDets=100 ] = 0.588
 Average Precision  (AP) @[ IoU=0.75      | area=   all | maxDets=100 ] = 0.274
 Average Precision  (AP) @[ IoU=0.50:0.95 | area= small | maxDets=100 ] = -1.000
 Average Precision  (AP) @[ IoU=0.50:0.95 | area=medium | maxDets=100 ] = 0.135
 Average Precision  (AP) @[ IoU=0.50:0.95 | area= large | maxDets=100 ] = 0.514
 Average Recall     (AR) @[ IoU=0.50:0.95 | area=   all | maxDets=  1 ] = 0.225
 Average Recall     (AR) @[ IoU=0.50:0.95 | area=   all | maxDets= 10 ] = 0.416
 Average Recall     (AR) @[ IoU=0.50:0.95 | area=   all | maxDets=100 ] = 0.416
 Average Recall     (AR) @[ IoU=0.50:0.95 | area= small | maxDets=100 ] = -1.000
 Average Recall     (AR) @[ IoU=0.50:0.95 | area=medium | maxDets=100 ] = 0.232
 Average Recall     (AR) @[ IoU=0.50:0.95 | area= large | maxDets=100 ] = 0.630
[I 2026-02-24 03:48:16,600] Trial 103 finished with value: 0.5875721925718358 and parameters: {'alpha': 3.0533692067773424, 'mean_rho': 0.10023734695927644, 'variance_rho': 0.08081244885596009, 'std_bias': 1.7125146892273189, 'hue_threshold': 26.95614700003345, 'value_ratio_min': 0.4295752342803644, 'value_ratio_max': 0.9148752168676453, 'saturation_diff_threshold': 41.98633287053018}. Best is trial 27 with value: 0.6218635226564296.
creating index...
index created!
Loading and preparing results...
DONE (t=0.01s)
creating index...
index created!
Running per image evaluation...
Evaluate annotation type *bbox*
DONE (t=1.59s).
Accumulating evaluation results...
DONE (t=0.26s).
 Average Precision  (AP) @[ IoU=0.50:0.95 | area=   all | maxDets=100 ] = 0.346
 Average Precision  (AP) @[ IoU=0.50      | area=   all | maxDets=100 ] = 0.600
 Average Precision  (AP) @[ IoU=0.75      | area=   all | maxDets=100 ] = 0.340
 Average Precision  (AP) @[ IoU=0.50:0.95 | area= small | maxDets=100 ] = -1.000
 Average Precision  (AP) @[ IoU=0.50:0.95 | area=medium | maxDets=100 ] = 0.141
 Average Precision  (AP) @[ IoU=0.50:0.95 | area= large | maxDets=100 ] = 0.601
 Average Recall     (AR) @[ IoU=0.50:0.95 | area=   all | maxDets=  1 ] = 0.246
 Average Recall     (AR) @[ IoU=0.50:0.95 | area=   all | maxDets= 10 ] = 0.455
 Average Recall     (AR) @[ IoU=0.50:0.95 | area=   all | maxDets=100 ] = 0.455
 Average Recall     (AR) @[ IoU=0.50:0.95 | area= small | maxDets=100 ] = -1.000
 Average Recall     (AR) @[ IoU=0.50:0.95 | area=medium | maxDets=100 ] = 0.228
 Average Recall     (AR) @[ IoU=0.50:0.95 | area= large | maxDets=100 ] = 0.718
[I 2026-02-24 03:55:42,697] Trial 110 finished with value: 0.6002120877194592 and parameters: {'alpha': 3.197990845629459, 'mean_rho': 0.027797250158211294, 'variance_rho': 0.0273448664992147, 'std_bias': 2.5485616607907318, 'hue_threshold': 25.11295965363384, 'value_ratio_min': 0.3799810439726151, 'value_ratio_max': 0.9140565205518822, 'saturation_diff_threshold': 45.43430575977705}. Best is trial 27 with value: 0.6218635226564296.
creating index...
index created!
Loading and preparing results...
DONE (t=0.02s)
creating index...
index created!
Running per image evaluation...
Evaluate annotation type *bbox*
DONE (t=1.70s).
Accumulating evaluation results...
DONE (t=0.28s).
 Average Precision  (AP) @[ IoU=0.50:0.95 | area=   all | maxDets=100 ] = 0.315
 Average Precision  (AP) @[ IoU=0.50      | area=   all | maxDets=100 ] = 0.607
 Average Precision  (AP) @[ IoU=0.75      | area=   all | maxDets=100 ] = 0.291
 Average Precision  (AP) @[ IoU=0.50:0.95 | area= small | maxDets=100 ] = -1.000
 Average Precision  (AP) @[ IoU=0.50:0.95 | area=medium | maxDets=100 ] = 0.186
 Average Precision  (AP) @[ IoU=0.50:0.95 | area= large | maxDets=100 ] = 0.469
 Average Recall     (AR) @[ IoU=0.50:0.95 | area=   all | maxDets=  1 ] = 0.216
 Average Recall     (AR) @[ IoU=0.50:0.95 | area=   all | maxDets= 10 ] = 0.427
 Average Recall     (AR) @[ IoU=0.50:0.95 | area=   all | maxDets=100 ] = 0.427
 Average Recall     (AR) @[ IoU=0.50:0.95 | area= small | maxDets=100 ] = -1.000
 Average Recall     (AR) @[ IoU=0.50:0.95 | area=medium | maxDets=100 ] = 0.292
 Average Recall     (AR) @[ IoU=0.50:0.95 | area= large | maxDets=100 ] = 0.584
[I 2026-02-24 04:02:59,664] Trial 118 finished with value: 0.6069219202113463 and parameters: {'alpha': 2.8169187900098893, 'mean_rho': 0.13212135541922307, 'variance_rho': 0.03835129452551188, 'std_bias': 2.245796788331426, 'hue_threshold': 29.511542788078, 'value_ratio_min': 0.49601554646842483, 'value_ratio_max': 0.9540275116365495, 'saturation_diff_threshold': 34.90013856056723}. Best is trial 27 with value: 0.6218635226564296.Best trial: 27. Best value: 0.621864:  56%|█████▌    | 14/25 [1:57:49<1:21:59, 447.22s/it]Best trial: 27. Best value: 0.621864:  56%|█████▌    | 14/25 [1:57:49<1:21:59, 447.22s/it]Best trial: 27. Best value: 0.621864:  60%|██████    | 15/25 [1:57:49<1:14:01, 444.13s/it]                                                                                          Best trial: 27. Best value: 0.621864:  60%|██████    | 15/25 [2:05:16<1:14:01, 444.13s/it]Best trial: 27. Best value: 0.621864:  60%|██████    | 15/25 [2:05:16<1:14:01, 444.13s/it]Best trial: 27. Best value: 0.621864:  64%|██████▍   | 16/25 [2:05:16<1:06:43, 444.88s/it]                                                                                          Best trial: 27. Best value: 0.621864:  64%|██████▍   | 16/25 [2:12:46<1:06:43, 444.88s/it]Best trial: 133. Best value: 0.624677:  64%|██████▍   | 16/25 [2:12:46<1:06:43, 444.88s/it]Best trial: 133. Best value: 0.624677:  68%|██████▊   | 17/25 [2:12:46<59:31, 446.47s/it]                                                                                           Best trial: 133. Best value: 0.624677:  68%|██████▊   | 17/25 [2:20:18<59:31, 446.47s/it]Best trial: 133. Best value: 0.624677:  68%|██████▊   | 17/25 [2:20:18<59:31, 446.47s/it]Best trial: 133. Best value: 0.624677:  72%|███████▏  | 18/25 [2:20:18<52:17, 448.25s/it]                                                                                         Best trial: 133. Best value: 0.624677:  72%|███████▏  | 18/25 [2:27:44<52:17, 448.25s/it]Best trial: 143. Best value: 0.627429:  72%|███████▏  | 18/25 [2:27:44<52:17, 448.25s/it]Best trial: 143. Best value: 0.627429:  76%|███████▌  | 19/25 [2:27:44<44:44, 447.38s/it]                                                                                         
creating index...
index created!
Loading and preparing results...
DONE (t=0.01s)
creating index...
index created!
Running per image evaluation...
Evaluate annotation type *bbox*
DONE (t=1.81s).
Accumulating evaluation results...
DONE (t=0.29s).
 Average Precision  (AP) @[ IoU=0.50:0.95 | area=   all | maxDets=100 ] = 0.355
 Average Precision  (AP) @[ IoU=0.50      | area=   all | maxDets=100 ] = 0.602
 Average Precision  (AP) @[ IoU=0.75      | area=   all | maxDets=100 ] = 0.363
 Average Precision  (AP) @[ IoU=0.50:0.95 | area= small | maxDets=100 ] = -1.000
 Average Precision  (AP) @[ IoU=0.50:0.95 | area=medium | maxDets=100 ] = 0.159
 Average Precision  (AP) @[ IoU=0.50:0.95 | area= large | maxDets=100 ] = 0.600
 Average Recall     (AR) @[ IoU=0.50:0.95 | area=   all | maxDets=  1 ] = 0.246
 Average Recall     (AR) @[ IoU=0.50:0.95 | area=   all | maxDets= 10 ] = 0.464
 Average Recall     (AR) @[ IoU=0.50:0.95 | area=   all | maxDets=100 ] = 0.464
 Average Recall     (AR) @[ IoU=0.50:0.95 | area= small | maxDets=100 ] = -1.000
 Average Recall     (AR) @[ IoU=0.50:0.95 | area=medium | maxDets=100 ] = 0.257
 Average Recall     (AR) @[ IoU=0.50:0.95 | area= large | maxDets=100 ] = 0.705
[I 2026-02-24 04:10:26,289] Trial 125 finished with value: 0.601804583282728 and parameters: {'alpha': 2.683861158509299, 'mean_rho': 0.12193126216882064, 'variance_rho': 0.037696706252820296, 'std_bias': 4.785652205674577, 'hue_threshold': 29.45007178885561, 'value_ratio_min': 0.3567024538155228, 'value_ratio_max': 0.9656969758365717, 'saturation_diff_threshold': 35.061418119919175}. Best is trial 27 with value: 0.6218635226564296.
creating index...
index created!
Loading and preparing results...
DONE (t=0.02s)
creating index...
index created!
Running per image evaluation...
Evaluate annotation type *bbox*
DONE (t=1.60s).
Accumulating evaluation results...
DONE (t=0.26s).
 Average Precision  (AP) @[ IoU=0.50:0.95 | area=   all | maxDets=100 ] = 0.349
 Average Precision  (AP) @[ IoU=0.50      | area=   all | maxDets=100 ] = 0.625
 Average Precision  (AP) @[ IoU=0.75      | area=   all | maxDets=100 ] = 0.348
 Average Precision  (AP) @[ IoU=0.50:0.95 | area= small | maxDets=100 ] = -1.000
 Average Precision  (AP) @[ IoU=0.50:0.95 | area=medium | maxDets=100 ] = 0.201
 Average Precision  (AP) @[ IoU=0.50:0.95 | area= large | maxDets=100 ] = 0.528
 Average Recall     (AR) @[ IoU=0.50:0.95 | area=   all | maxDets=  1 ] = 0.235
 Average Recall     (AR) @[ IoU=0.50:0.95 | area=   all | maxDets= 10 ] = 0.462
 Average Recall     (AR) @[ IoU=0.50:0.95 | area=   all | maxDets=100 ] = 0.462
 Average Recall     (AR) @[ IoU=0.50:0.95 | area= small | maxDets=100 ] = -1.000
 Average Recall     (AR) @[ IoU=0.50:0.95 | area=medium | maxDets=100 ] = 0.304
 Average Recall     (AR) @[ IoU=0.50:0.95 | area= large | maxDets=100 ] = 0.646
[I 2026-02-24 04:17:56,452] Trial 133 finished with value: 0.6246768843654953 and parameters: {'alpha': 2.382639261016028, 'mean_rho': 0.10713595222044191, 'variance_rho': 0.05248792625677527, 'std_bias': 3.8052678215777083, 'hue_threshold': 28.05698457935595, 'value_ratio_min': 0.4569745889258407, 'value_ratio_max': 0.9637558576754535, 'saturation_diff_threshold': 40.09017853911414}. Best is trial 133 with value: 0.6246768843654953.
creating index...
index created!
Loading and preparing results...
DONE (t=0.01s)
creating index...
index created!
Running per image evaluation...
Evaluate annotation type *bbox*
DONE (t=1.97s).
Accumulating evaluation results...
DONE (t=0.34s).
 Average Precision  (AP) @[ IoU=0.50:0.95 | area=   all | maxDets=100 ] = 0.332
 Average Precision  (AP) @[ IoU=0.50      | area=   all | maxDets=100 ] = 0.587
 Average Precision  (AP) @[ IoU=0.75      | area=   all | maxDets=100 ] = 0.339
 Average Precision  (AP) @[ IoU=0.50:0.95 | area= small | maxDets=100 ] = -1.000
 Average Precision  (AP) @[ IoU=0.50:0.95 | area=medium | maxDets=100 ] = 0.208
 Average Precision  (AP) @[ IoU=0.50:0.95 | area= large | maxDets=100 ] = 0.489
 Average Recall     (AR) @[ IoU=0.50:0.95 | area=   all | maxDets=  1 ] = 0.221
 Average Recall     (AR) @[ IoU=0.50:0.95 | area=   all | maxDets= 10 ] = 0.445
 Average Recall     (AR) @[ IoU=0.50:0.95 | area=   all | maxDets=100 ] = 0.445
 Average Recall     (AR) @[ IoU=0.50:0.95 | area= small | maxDets=100 ] = -1.000
 Average Recall     (AR) @[ IoU=0.50:0.95 | area=medium | maxDets=100 ] = 0.308
 Average Recall     (AR) @[ IoU=0.50:0.95 | area= large | maxDets=100 ] = 0.604
[I 2026-02-24 04:25:28,846] Trial 142 finished with value: 0.5872676751066676 and parameters: {'alpha': 2.38193986448045, 'mean_rho': 0.08785537292041387, 'variance_rho': 0.012681539112952264, 'std_bias': 4.083402608059098, 'hue_threshold': 28.08292840228667, 'value_ratio_min': 0.48718065911653297, 'value_ratio_max': 0.9627217492064478, 'saturation_diff_threshold': 39.15409408498884}. Best is trial 133 with value: 0.6246768843654953.
creating index...
index created!
Loading and preparing results...
DONE (t=0.02s)
creating index...
index created!
Running per image evaluation...
Evaluate annotation type *bbox*
DONE (t=1.82s).
Accumulating evaluation results...
DONE (t=0.56s).
 Average Precision  (AP) @[ IoU=0.50:0.95 | area=   all | maxDets=100 ] = 0.325
 Average Precision  (AP) @[ IoU=0.50      | area=   all | maxDets=100 ] = 0.596
 Average Precision  (AP) @[ IoU=0.75      | area=   all | maxDets=100 ] = 0.318
 Average Precision  (AP) @[ IoU=0.50:0.95 | area= small | maxDets=100 ] = -1.000
 Average Precision  (AP) @[ IoU=0.50:0.95 | area=medium | maxDets=100 ] = 0.206
 Average Precision  (AP) @[ IoU=0.50:0.95 | area= large | maxDets=100 ] = 0.477
 Average Recall     (AR) @[ IoU=0.50:0.95 | area=   all | maxDets=  1 ] = 0.219
 Average Recall     (AR) @[ IoU=0.50:0.95 | area=   all | maxDets= 10 ] = 0.438
 Average Recall     (AR) @[ IoU=0.50:0.95 | area=   all | maxDets=100 ] = 0.438
 Average Recall     (AR) @[ IoU=0.50:0.95 | area= small | maxDets=100 ] = -1.000
 Average Recall     (AR) @[ IoU=0.50:0.95 | area=medium | maxDets=100 ] = 0.310
 Average Recall     (AR) @[ IoU=0.50:0.95 | area= large | maxDets=100 ] = 0.587
[I 2026-02-24 04:32:54,208] Trial 150 finished with value: 0.5961752836502934 and parameters: {'alpha': 2.2855639427971353, 'mean_rho': 0.11183647012066444, 'variance_rho': 0.029428694759572716, 'std_bias': 3.8781055715768176, 'hue_threshold': 28.72716293355092, 'value_ratio_min': 0.5111036936151078, 'value_ratio_max': 0.9691253189641629, 'saturation_diff_threshold': 42.66497151548273}. Best is trial 143 with value: 0.6274292904394109.
creating index...
index created!
Loading and preparing results...
DONE (t=0.01s)
creating index...
index created!
Running per image evaluation...
Evaluate annotation type *bbox*
DONE (t=1.78s).
Accumulating evaluation results...
DONE (t=0.30s).
 Average Precision  (AP) @[ IoU=0.50:0.95 | area=   all | maxDets=100 ] = 0.311
 Average Precision  (AP) @[ IoU=0.50      | area=   all | maxDets=100 ] = 0.537
 Average Precision  (AP) @[ IoU=0.75      | area=   all | maxDets=100 ] = 0.300
 Average Precision  (AP) @[ IoU=0.50:0.95 | area= small | maxDets=100 ] = -1.000
 Average Precision  (AP) @[ IoU=0.50:0.95 | area=medium | maxDets=100 ] = 0.120
 Average Precision  (AP) @[ IoU=0.50:0.95 | area= large | maxDets=100 ] = 0.561
 Average Recall     (AR) @[ IoU=0.50:0.95 | area=   all | maxDets=  1 ] = 0.234
 Average Recall     (AR) @[ IoU=0.50:0.95 | area=   all | maxDets= 10 ] = 0.418
 Average Recall     (AR) @[ IoU=0.50:0.95 | area=   all | maxDets=100 ] = 0.418
 Average Recall     (AR) @[ IoU=0.50:0.95 | area= small | maxDets=100 ] = -1.000
 Average Recall     (AR) @[ IoU=0.50:0.95 | area=medium | maxDets=100 ] = 0.207
 Average Recall     (AR) @[ IoU=0.50:0.95 | area= large | maxDets=100 ] = 0.664
