[I 2026-02-23 23:04:13,881] A new study created in RDB with name: adaptive_no_temporal
Loading annotations and video...
Starting optimization for study 'adaptive_no_temporal'
Using temporal detector: False
Database: optuna_adaptive_no_temporal.db
Number of trials: 25

To run in parallel, execute this same command in multiple terminals.
--------------------------------------------------------------------------------
  0%|          | 0/25 [00:00<?, ?it/s]                                        0%|          | 0/25 [06:24<?, ?it/s]Best trial: 0. Best value: 0.144928:   0%|          | 0/25 [06:24<?, ?it/s]Best trial: 0. Best value: 0.144928:   4%|▍         | 1/25 [06:24<2:33:41, 384.25s/it]                                                                                      Best trial: 0. Best value: 0.144928:   4%|▍         | 1/25 [14:03<2:33:41, 384.25s/it]Best trial: 4. Best value: 0.577214:   4%|▍         | 1/25 [14:03<2:33:41, 384.25s/it]Best trial: 4. Best value: 0.577214:   8%|▊         | 2/25 [14:03<2:44:10, 428.30s/it]                                                                                      Best trial: 4. Best value: 0.577214:   8%|▊         | 2/25 [21:07<2:44:10, 428.30s/it]Best trial: 18. Best value: 0.581432:   8%|▊         | 2/25 [21:07<2:44:10, 428.30s/it]Best trial: 18. Best value: 0.581432:  12%|█▏        | 3/25 [21:07<2:36:23, 426.50s/it]                                                                                       Best trial: 18. Best value: 0.581432:  12%|█▏        | 3/25 [28:18<2:36:23, 426.50s/it]Best trial: 20. Best value: 0.620775:  12%|█▏        | 3/25 [28:18<2:36:23, 426.50s/it]Best trial: 20. Best value: 0.620775:  16%|█▌        | 4/25 [28:18<2:29:50, 428.11s/it]                                                                                       creating index...
index created!
Loading and preparing results...
DONE (t=0.01s)
creating index...
index created!
Running per image evaluation...
Evaluate annotation type *bbox*
DONE (t=1.80s).
Accumulating evaluation results...
DONE (t=0.32s).
 Average Precision  (AP) @[ IoU=0.50:0.95 | area=   all | maxDets=100 ] = 0.056
 Average Precision  (AP) @[ IoU=0.50      | area=   all | maxDets=100 ] = 0.145
 Average Precision  (AP) @[ IoU=0.75      | area=   all | maxDets=100 ] = 0.035
 Average Precision  (AP) @[ IoU=0.50:0.95 | area= small | maxDets=100 ] = -1.000
 Average Precision  (AP) @[ IoU=0.50:0.95 | area=medium | maxDets=100 ] = 0.047
 Average Precision  (AP) @[ IoU=0.50:0.95 | area= large | maxDets=100 ] = 0.073
 Average Recall     (AR) @[ IoU=0.50:0.95 | area=   all | maxDets=  1 ] = 0.096
 Average Recall     (AR) @[ IoU=0.50:0.95 | area=   all | maxDets= 10 ] = 0.158
 Average Recall     (AR) @[ IoU=0.50:0.95 | area=   all | maxDets=100 ] = 0.158
 Average Recall     (AR) @[ IoU=0.50:0.95 | area= small | maxDets=100 ] = -1.000
 Average Recall     (AR) @[ IoU=0.50:0.95 | area=medium | maxDets=100 ] = 0.123
 Average Recall     (AR) @[ IoU=0.50:0.95 | area= large | maxDets=100 ] = 0.199
[I 2026-02-23 23:10:38,122] Trial 0 finished with value: 0.14492755033837496 and parameters: {'alpha': 3.784781985486455, 'mean_rho': 0.3291537130354411, 'variance_rho': 0.3213951173178636, 'std_bias': 2.6923420581430473, 'hue_threshold': 19.299057836876642, 'value_ratio_min': 0.476422553020953, 'value_ratio_max': 0.8034245947311516, 'saturation_diff_threshold': 43.65015817010119}. Best is trial 0 with value: 0.14492755033837496.
creating index...
index created!
Loading and preparing results...
DONE (t=0.20s)
creating index...
index created!
Running per image evaluation...
Evaluate annotation type *bbox*
DONE (t=2.28s).
Accumulating evaluation results...
DONE (t=0.37s).
 Average Precision  (AP) @[ IoU=0.50:0.95 | area=   all | maxDets=100 ] = 0.127
 Average Precision  (AP) @[ IoU=0.50      | area=   all | maxDets=100 ] = 0.304
 Average Precision  (AP) @[ IoU=0.75      | area=   all | maxDets=100 ] = 0.086
 Average Precision  (AP) @[ IoU=0.50:0.95 | area= small | maxDets=100 ] = -1.000
 Average Precision  (AP) @[ IoU=0.50:0.95 | area=medium | maxDets=100 ] = 0.062
 Average Precision  (AP) @[ IoU=0.50:0.95 | area= large | maxDets=100 ] = 0.217
 Average Recall     (AR) @[ IoU=0.50:0.95 | area=   all | maxDets=  1 ] = 0.168
 Average Recall     (AR) @[ IoU=0.50:0.95 | area=   all | maxDets= 10 ] = 0.295
 Average Recall     (AR) @[ IoU=0.50:0.95 | area=   all | maxDets=100 ] = 0.295
 Average Recall     (AR) @[ IoU=0.50:0.95 | area= small | maxDets=100 ] = -1.000
 Average Recall     (AR) @[ IoU=0.50:0.95 | area=medium | maxDets=100 ] = 0.224
 Average Recall     (AR) @[ IoU=0.50:0.95 | area= large | maxDets=100 ] = 0.378
[I 2026-02-23 23:18:17,261] Trial 8 finished with value: 0.30439951215918104 and parameters: {'alpha': 2.697818329021984, 'mean_rho': 0.03660503173723059, 'variance_rho': 0.2446347017019968, 'std_bias': 1.0915977459403474, 'hue_threshold': 6.974607200103787, 'value_ratio_min': 0.6285126999186067, 'value_ratio_max': 0.9283637841364123, 'saturation_diff_threshold': 18.005686628139426}. Best is trial 4 with value: 0.5772143188656536.
creating index...
index created!
Loading and preparing results...
DONE (t=0.23s)
creating index...
index created!
Running per image evaluation...
Evaluate annotation type *bbox*
DONE (t=2.03s).
Accumulating evaluation results...
DONE (t=0.35s).
 Average Precision  (AP) @[ IoU=0.50:0.95 | area=   all | maxDets=100 ] = 0.326
 Average Precision  (AP) @[ IoU=0.50      | area=   all | maxDets=100 ] = 0.581
 Average Precision  (AP) @[ IoU=0.75      | area=   all | maxDets=100 ] = 0.337
 Average Precision  (AP) @[ IoU=0.50:0.95 | area= small | maxDets=100 ] = -1.000
 Average Precision  (AP) @[ IoU=0.50:0.95 | area=medium | maxDets=100 ] = 0.222
 Average Precision  (AP) @[ IoU=0.50:0.95 | area= large | maxDets=100 ] = 0.447
 Average Recall     (AR) @[ IoU=0.50:0.95 | area=   all | maxDets=  1 ] = 0.230
 Average Recall     (AR) @[ IoU=0.50:0.95 | area=   all | maxDets= 10 ] = 0.438
 Average Recall     (AR) @[ IoU=0.50:0.95 | area=   all | maxDets=100 ] = 0.438
 Average Recall     (AR) @[ IoU=0.50:0.95 | area= small | maxDets=100 ] = -1.000
 Average Recall     (AR) @[ IoU=0.50:0.95 | area=medium | maxDets=100 ] = 0.340
 Average Recall     (AR) @[ IoU=0.50:0.95 | area= large | maxDets=100 ] = 0.552
[I 2026-02-23 23:25:21,618] Trial 18 finished with value: 0.581432121852211 and parameters: {'alpha': 2.14320890655044, 'mean_rho': 0.3985514034271262, 'variance_rho': 0.08075913117550401, 'std_bias': 3.405058878894767, 'hue_threshold': 12.069212678254939, 'value_ratio_min': 0.3316371660603935, 'value_ratio_max': 0.9961723101704635, 'saturation_diff_threshold': 32.13480788469963}. Best is trial 18 with value: 0.581432121852211.
creating index...
index created!
Loading and preparing results...
DONE (t=0.02s)
creating index...
index created!
Running per image evaluation...
Evaluate annotation type *bbox*
DONE (t=1.91s).
Accumulating evaluation results...
DONE (t=0.34s).
 Average Precision  (AP) @[ IoU=0.50:0.95 | area=   all | maxDets=100 ] = 0.329
 Average Precision  (AP) @[ IoU=0.50      | area=   all | maxDets=100 ] = 0.530
 Average Precision  (AP) @[ IoU=0.75      | area=   all | maxDets=100 ] = 0.359
 Average Precision  (AP) @[ IoU=0.50:0.95 | area= small | maxDets=100 ] = -1.000
 Average Precision  (AP) @[ IoU=0.50:0.95 | area=medium | maxDets=100 ] = 0.217
 Average Precision  (AP) @[ IoU=0.50:0.95 | area= large | maxDets=100 ] = 0.459
 Average Recall     (AR) @[ IoU=0.50:0.95 | area=   all | maxDets=  1 ] = 0.229
 Average Recall     (AR) @[ IoU=0.50:0.95 | area=   all | maxDets= 10 ] = 0.448
 Average Recall     (AR) @[ IoU=0.50:0.95 | area=   all | maxDets=100 ] = 0.448
 Average Recall     (AR) @[ IoU=0.50:0.95 | area= small | maxDets=100 ] = -1.000
 Average Recall     (AR) @[ IoU=0.50:0.95 | area=medium | maxDets=100 ] = 0.347
 Average Recall     (AR) @[ IoU=0.50:0.95 | area= large | maxDets=100 ] = 0.564
[I 2026-02-23 23:32:32,196] Trial 24 finished with value: 0.5295012192407336 and parameters: {'alpha': 2.221230662430418, 'mean_rho': 0.2755729959479225, 'variance_rho': 0.005299019205888947, 'std_bias': 3.8350942204318157, 'hue_threshold': 14.528836777056997, 'value_ratio_min': 0.5586280897703534, 'value_ratio_max': 0.980022303857902, 'saturation_diff_threshold': 28.95768073704317}. Best is trial 20 with value: 0.6207753365503557.
creating index...
index created!
Loading and preparing results...
DONE (t=0.01s)
creating index...
index created!
Running per image evaluation...
Evaluate annotation type *bbox*
DONE (t=2.00s).
Accumulating evaluation results...
DONE (t=0.32s).
 Average Precision  (AP) @[ IoU=0.50:0.95 | area=   all | maxDets=100 ] = 0.286
 Average Precision  (AP) @[ IoU=0.50      | area=   all | maxDets=100 ] = 0.529
 Average Precision  (AP) @[ IoU=0.75      | area=   all | maxDets=100 ] = 0.270
 Average Precision  (AP) @[ IoU=0.50:0.95 | area= small | maxDets=100 ] = -1.000
 Average Precision  (AP) @[ IoU=0.50:0.95 | area=medium | maxDets=100 ] = 0.213
 Average Precision  (AP) @[ IoU=0.50:0.95 | area= large | maxDets=100 ] = 0.377
 Average Recall     (AR) @[ IoU=0.50:0.95 | area=   all | maxDets=  1 ] = 0.207
 Average Recall     (AR) @[ IoU=0.50:0.95 | area=   all | maxDets= 10 ] = 0.406
 Average Recall     (AR) @[ IoU=0.50:0.95 | area=   all | maxDets=100 ] = 0.406
 Average Recall     (AR) @[ IoU=0.50:0.95 | area= small | maxDets=100 ] = -1.000
 Average Recall     (AR) @[ IoU=0.50:0.95 | area=medium | maxDets=100 ] = 0.328
 Average Recall     (AR) @[ IoU=0.50:0.95 | area= large | maxDets=100 ] = 0.496
[I 2026-02-23 23:39:19,968] Trial 32 finished with value: 0.5288800912762512 and parameters: {'alpha': 1.7120585815367986, 'mean_rho': 0.14688115986309253, 'variance_rho': 0.05141909970034746, 'std_bias': 4.145192415701001, 'hue_threshold': 16.525945624988594, 'value_ratio_min': 0.42955538823650197, 'value_ratio_max': 0.9422007471809521, 'saturation_diff_threshold': 38.40949694084565}. Best is trial 30 with value: 0.6389572906776438.Best trial: 20. Best value: 0.620775:  16%|█▌        | 4/25 [35:06<2:29:50, 428.11s/it]Best trial: 30. Best value: 0.638957:  16%|█▌        | 4/25 [35:06<2:29:50, 428.11s/it]Best trial: 30. Best value: 0.638957:  20%|██        | 5/25 [35:06<2:20:15, 420.77s/it]                                                                                       Best trial: 30. Best value: 0.638957:  20%|██        | 5/25 [41:56<2:20:15, 420.77s/it]Best trial: 30. Best value: 0.638957:  20%|██        | 5/25 [41:56<2:20:15, 420.77s/it]Best trial: 30. Best value: 0.638957:  24%|██▍       | 6/25 [41:56<2:12:09, 417.36s/it]                                                                                       Best trial: 30. Best value: 0.638957:  24%|██▍       | 6/25 [48:29<2:12:09, 417.36s/it]Best trial: 30. Best value: 0.638957:  24%|██▍       | 6/25 [48:29<2:12:09, 417.36s/it]Best trial: 30. Best value: 0.638957:  28%|██▊       | 7/25 [48:29<2:02:47, 409.30s/it]                                                                                       Best trial: 30. Best value: 0.638957:  28%|██▊       | 7/25 [56:46<2:02:47, 409.30s/it]Best trial: 30. Best value: 0.638957:  28%|██▊       | 7/25 [56:46<2:02:47, 409.30s/it]Best trial: 30. Best value: 0.638957:  32%|███▏      | 8/25 [56:46<2:03:54, 437.31s/it]                                                                                       Best trial: 30. Best value: 0.638957:  32%|███▏      | 8/25 [1:03:54<2:03:54, 437.31s/it]Best trial: 30. Best value: 0.638957:  32%|███▏      | 8/25 [1:03:54<2:03:54, 437.31s/it]Best trial: 30. Best value: 0.638957:  36%|███▌      | 9/25 [1:03:54<1:55:47, 434.21s/it]                                                                                         
creating index...
index created!
Loading and preparing results...
DONE (t=0.01s)
creating index...
index created!
Running per image evaluation...
Evaluate annotation type *bbox*
DONE (t=1.76s).
Accumulating evaluation results...
DONE (t=0.31s).
 Average Precision  (AP) @[ IoU=0.50:0.95 | area=   all | maxDets=100 ] = 0.314
 Average Precision  (AP) @[ IoU=0.50      | area=   all | maxDets=100 ] = 0.577
 Average Precision  (AP) @[ IoU=0.75      | area=   all | maxDets=100 ] = 0.291
 Average Precision  (AP) @[ IoU=0.50:0.95 | area= small | maxDets=100 ] = -1.000
 Average Precision  (AP) @[ IoU=0.50:0.95 | area=medium | maxDets=100 ] = 0.160
 Average Precision  (AP) @[ IoU=0.50:0.95 | area= large | maxDets=100 ] = 0.499
 Average Recall     (AR) @[ IoU=0.50:0.95 | area=   all | maxDets=  1 ] = 0.231
 Average Recall     (AR) @[ IoU=0.50:0.95 | area=   all | maxDets= 10 ] = 0.425
 Average Recall     (AR) @[ IoU=0.50:0.95 | area=   all | maxDets=100 ] = 0.425
 Average Recall     (AR) @[ IoU=0.50:0.95 | area= small | maxDets=100 ] = -1.000
 Average Recall     (AR) @[ IoU=0.50:0.95 | area=medium | maxDets=100 ] = 0.265
 Average Recall     (AR) @[ IoU=0.50:0.95 | area= large | maxDets=100 ] = 0.610
[I 2026-02-23 23:46:10,698] Trial 40 finished with value: 0.5765311593666684 and parameters: {'alpha': 2.7267803310774625, 'mean_rho': 0.09529953455507308, 'variance_rho': 0.1344782442573413, 'std_bias': 2.6014908714091955, 'hue_threshold': 9.05480549456688, 'value_ratio_min': 0.3878640123695055, 'value_ratio_max': 0.9073687232099888, 'saturation_diff_threshold': 20.79949545637867}. Best is trial 30 with value: 0.6389572906776438.
creating index...
index created!
Loading and preparing results...
DONE (t=0.01s)
creating index...
index created!
Running per image evaluation...
Evaluate annotation type *bbox*
DONE (t=1.80s).
Accumulating evaluation results...
DONE (t=0.29s).
 Average Precision  (AP) @[ IoU=0.50:0.95 | area=   all | maxDets=100 ] = 0.363
 Average Precision  (AP) @[ IoU=0.50      | area=   all | maxDets=100 ] = 0.590
 Average Precision  (AP) @[ IoU=0.75      | area=   all | maxDets=100 ] = 0.377
 Average Precision  (AP) @[ IoU=0.50:0.95 | area= small | maxDets=100 ] = -1.000
 Average Precision  (AP) @[ IoU=0.50:0.95 | area=medium | maxDets=100 ] = 0.164
 Average Precision  (AP) @[ IoU=0.50:0.95 | area= large | maxDets=100 ] = 0.606
 Average Recall     (AR) @[ IoU=0.50:0.95 | area=   all | maxDets=  1 ] = 0.255
 Average Recall     (AR) @[ IoU=0.50:0.95 | area=   all | maxDets= 10 ] = 0.467
 Average Recall     (AR) @[ IoU=0.50:0.95 | area=   all | maxDets=100 ] = 0.467
 Average Recall     (AR) @[ IoU=0.50:0.95 | area= small | maxDets=100 ] = -1.000
 Average Recall     (AR) @[ IoU=0.50:0.95 | area=medium | maxDets=100 ] = 0.263
 Average Recall     (AR) @[ IoU=0.50:0.95 | area= large | maxDets=100 ] = 0.703
[I 2026-02-23 23:52:43,421] Trial 48 finished with value: 0.5904488895317729 and parameters: {'alpha': 2.492104302465836, 'mean_rho': 0.2746636546784119, 'variance_rho': 0.10847284959522825, 'std_bias': 4.672040377347416, 'hue_threshold': 18.489531654651753, 'value_ratio_min': 0.3700480466640301, 'value_ratio_max': 0.9834427263264474, 'saturation_diff_threshold': 30.229654044539238}. Best is trial 30 with value: 0.6389572906776438.
creating index...
index created!
Loading and preparing results...
DONE (t=0.03s)
creating index...
index created!
Running per image evaluation...
Evaluate annotation type *bbox*
DONE (t=2.32s).
Accumulating evaluation results...
DONE (t=0.60s).
 Average Precision  (AP) @[ IoU=0.50:0.95 | area=   all | maxDets=100 ] = 0.066
 Average Precision  (AP) @[ IoU=0.50      | area=   all | maxDets=100 ] = 0.187
 Average Precision  (AP) @[ IoU=0.75      | area=   all | maxDets=100 ] = 0.038
 Average Precision  (AP) @[ IoU=0.50:0.95 | area= small | maxDets=100 ] = -1.000
 Average Precision  (AP) @[ IoU=0.50:0.95 | area=medium | maxDets=100 ] = 0.044
 Average Precision  (AP) @[ IoU=0.50:0.95 | area= large | maxDets=100 ] = 0.090
 Average Recall     (AR) @[ IoU=0.50:0.95 | area=   all | maxDets=  1 ] = 0.080
 Average Recall     (AR) @[ IoU=0.50:0.95 | area=   all | maxDets= 10 ] = 0.165
 Average Recall     (AR) @[ IoU=0.50:0.95 | area=   all | maxDets=100 ] = 0.166
 Average Recall     (AR) @[ IoU=0.50:0.95 | area= small | maxDets=100 ] = -1.000
 Average Recall     (AR) @[ IoU=0.50:0.95 | area=medium | maxDets=100 ] = 0.153
 Average Recall     (AR) @[ IoU=0.50:0.95 | area= large | maxDets=100 ] = 0.181
[I 2026-02-24 00:01:00,711] Trial 56 finished with value: 0.18719950473115166 and parameters: {'alpha': 1.220114206311069, 'mean_rho': 0.060090685754960294, 'variance_rho': 0.026695631499509764, 'std_bias': 3.9158119359826116, 'hue_threshold': 12.816591871840334, 'value_ratio_min': 0.3343402084486644, 'value_ratio_max': 0.8929928604529292, 'saturation_diff_threshold': 25.504233385078834}. Best is trial 30 with value: 0.6389572906776438.
creating index...
index created!
Loading and preparing results...
DONE (t=0.01s)
creating index...
index created!
Running per image evaluation...
Evaluate annotation type *bbox*
DONE (t=1.58s).
Accumulating evaluation results...
DONE (t=0.36s).
 Average Precision  (AP) @[ IoU=0.50:0.95 | area=   all | maxDets=100 ] = 0.252
 Average Precision  (AP) @[ IoU=0.50      | area=   all | maxDets=100 ] = 0.439
 Average Precision  (AP) @[ IoU=0.75      | area=   all | maxDets=100 ] = 0.253
 Average Precision  (AP) @[ IoU=0.50:0.95 | area= small | maxDets=100 ] = -1.000
 Average Precision  (AP) @[ IoU=0.50:0.95 | area=medium | maxDets=100 ] = 0.101
 Average Precision  (AP) @[ IoU=0.50:0.95 | area= large | maxDets=100 ] = 0.463
 Average Recall     (AR) @[ IoU=0.50:0.95 | area=   all | maxDets=  1 ] = 0.218
 Average Recall     (AR) @[ IoU=0.50:0.95 | area=   all | maxDets= 10 ] = 0.372
 Average Recall     (AR) @[ IoU=0.50:0.95 | area=   all | maxDets=100 ] = 0.372
 Average Recall     (AR) @[ IoU=0.50:0.95 | area= small | maxDets=100 ] = -1.000
 Average Recall     (AR) @[ IoU=0.50:0.95 | area=medium | maxDets=100 ] = 0.178
 Average Recall     (AR) @[ IoU=0.50:0.95 | area= large | maxDets=100 ] = 0.599
[I 2026-02-24 00:08:08,083] Trial 64 finished with value: 0.4386125234387489 and parameters: {'alpha': 3.103531399316568, 'mean_rho': 0.16544166755388756, 'variance_rho': 0.07976770611290347, 'std_bias': 4.846738939259547, 'hue_threshold': 22.727896011170458, 'value_ratio_min': 0.3399896549655143, 'value_ratio_max': 0.8773426093716317, 'saturation_diff_threshold': 41.59389154801304}. Best is trial 30 with value: 0.6389572906776438.
creating index...
index created!
Loading and preparing results...
DONE (t=0.01s)
creating index...
index created!
Running per image evaluation...
Evaluate annotation type *bbox*
DONE (t=2.00s).
Accumulating evaluation results...
DONE (t=0.31s).
 Average Precision  (AP) @[ IoU=0.50:0.95 | area=   all | maxDets=100 ] = 0.283
 Average Precision  (AP) @[ IoU=0.50      | area=   all | maxDets=100 ] = 0.491
 Average Precision  (AP) @[ IoU=0.75      | area=   all | maxDets=100 ] = 0.297
 Average Precision  (AP) @[ IoU=0.50:0.95 | area= small | maxDets=100 ] = -1.000
 Average Precision  (AP) @[ IoU=0.50:0.95 | area=medium | maxDets=100 ] = 0.153
 Average Precision  (AP) @[ IoU=0.50:0.95 | area= large | maxDets=100 ] = 0.441
 Average Recall     (AR) @[ IoU=0.50:0.95 | area=   all | maxDets=  1 ] = 0.225
 Average Recall     (AR) @[ IoU=0.50:0.95 | area=   all | maxDets= 10 ] = 0.401
 Average Recall     (AR) @[ IoU=0.50:0.95 | area=   all | maxDets=100 ] = 0.401
 Average Recall     (AR) @[ IoU=0.50:0.95 | area= small | maxDets=100 ] = -1.000
 Average Recall     (AR) @[ IoU=0.50:0.95 | area=medium | maxDets=100 ] = 0.256
 Average Recall     (AR) @[ IoU=0.50:0.95 | area= large | maxDets=100 ] = 0.570
