[I 2026-02-24 01:22:44,605] Trial 152 finished with value: 0.610691320807077 and parameters: {'alpha': 2.557551974111859, 'mean_rho': 0.0604292640224516, 'variance_rho': 0.07310461733493517, 'std_bias': 3.9781948085198366, 'hue_threshold': 17.210022927693185, 'value_ratio_min': 0.33289506534978813, 'value_ratio_max': 0.8765804891596296, 'saturation_diff_threshold': 32.42914520567925}. Best is trial 72 with value: 0.6466417287921127.Best trial: 72. Best value: 0.646642:  76%|███████▌  | 19/25 [2:18:20<40:24, 404.16s/it]Best trial: 72. Best value: 0.646642:  76%|███████▌  | 19/25 [2:18:20<40:24, 404.16s/it]Best trial: 72. Best value: 0.646642:  80%|████████  | 20/25 [2:18:20<33:40, 404.00s/it]                                                                                        Best trial: 72. Best value: 0.646642:  80%|████████  | 20/25 [2:25:06<33:40, 404.00s/it]Best trial: 72. Best value: 0.646642:  80%|████████  | 20/25 [2:25:06<33:40, 404.00s/it]Best trial: 72. Best value: 0.646642:  84%|████████▍ | 21/25 [2:25:06<26:58, 404.70s/it]                                                                                        Best trial: 72. Best value: 0.646642:  84%|████████▍ | 21/25 [2:31:56<26:58, 404.70s/it]Best trial: 72. Best value: 0.646642:  84%|████████▍ | 21/25 [2:31:56<26:58, 404.70s/it]Best trial: 72. Best value: 0.646642:  88%|████████▊ | 22/25 [2:31:56<20:18, 406.33s/it]                                                                                        Best trial: 72. Best value: 0.646642:  88%|████████▊ | 22/25 [2:38:20<20:18, 406.33s/it]Best trial: 72. Best value: 0.646642:  88%|████████▊ | 22/25 [2:38:20<20:18, 406.33s/it]Best trial: 72. Best value: 0.646642:  92%|█████████▏| 23/25 [2:38:20<13:18, 399.38s/it]                                                                                        Best trial: 72. Best value: 0.646642:  92%|█████████▏| 23/25 [2:44:47<13:18, 399.38s/it]Best trial: 72. Best value: 0.646642:  92%|█████████▏| 23/25 [2:44:47<13:18, 399.38s/it]Best trial: 72. Best value: 0.646642:  96%|█████████▌| 24/25 [2:44:47<06:35, 395.77s/it]                                                                                        
creating index...
index created!
Loading and preparing results...
DONE (t=0.01s)
creating index...
index created!
Running per image evaluation...
Evaluate annotation type *bbox*
DONE (t=1.85s).
Accumulating evaluation results...
DONE (t=0.31s).
 Average Precision  (AP) @[ IoU=0.50:0.95 | area=   all | maxDets=100 ] = 0.363
 Average Precision  (AP) @[ IoU=0.50      | area=   all | maxDets=100 ] = 0.597
 Average Precision  (AP) @[ IoU=0.75      | area=   all | maxDets=100 ] = 0.367
 Average Precision  (AP) @[ IoU=0.50:0.95 | area= small | maxDets=100 ] = -1.000
 Average Precision  (AP) @[ IoU=0.50:0.95 | area=medium | maxDets=100 ] = 0.168
 Average Precision  (AP) @[ IoU=0.50:0.95 | area= large | maxDets=100 ] = 0.606
 Average Recall     (AR) @[ IoU=0.50:0.95 | area=   all | maxDets=  1 ] = 0.252
 Average Recall     (AR) @[ IoU=0.50:0.95 | area=   all | maxDets= 10 ] = 0.469
 Average Recall     (AR) @[ IoU=0.50:0.95 | area=   all | maxDets=100 ] = 0.469
 Average Recall     (AR) @[ IoU=0.50:0.95 | area= small | maxDets=100 ] = -1.000
 Average Recall     (AR) @[ IoU=0.50:0.95 | area=medium | maxDets=100 ] = 0.267
 Average Recall     (AR) @[ IoU=0.50:0.95 | area= large | maxDets=100 ] = 0.704
[I 2026-02-24 01:29:30,929] Trial 160 finished with value: 0.5966989588459343 and parameters: {'alpha': 2.3547769477368092, 'mean_rho': 0.060701634943403186, 'variance_rho': 0.13110781678206204, 'std_bias': 4.1909530206858046, 'hue_threshold': 16.639954437978, 'value_ratio_min': 0.31027627364352395, 'value_ratio_max': 0.8886667898889195, 'saturation_diff_threshold': 27.493310964518002}. Best is trial 72 with value: 0.6466417287921127.
creating index...
index created!
Loading and preparing results...
DONE (t=0.01s)
creating index...
index created!
Running per image evaluation...
Evaluate annotation type *bbox*
DONE (t=1.97s).
Accumulating evaluation results...
DONE (t=0.59s).
 Average Precision  (AP) @[ IoU=0.50:0.95 | area=   all | maxDets=100 ] = 0.326
 Average Precision  (AP) @[ IoU=0.50      | area=   all | maxDets=100 ] = 0.592
 Average Precision  (AP) @[ IoU=0.75      | area=   all | maxDets=100 ] = 0.326
 Average Precision  (AP) @[ IoU=0.50:0.95 | area= small | maxDets=100 ] = -1.000
 Average Precision  (AP) @[ IoU=0.50:0.95 | area=medium | maxDets=100 ] = 0.245
 Average Precision  (AP) @[ IoU=0.50:0.95 | area= large | maxDets=100 ] = 0.432
 Average Recall     (AR) @[ IoU=0.50:0.95 | area=   all | maxDets=  1 ] = 0.236
 Average Recall     (AR) @[ IoU=0.50:0.95 | area=   all | maxDets= 10 ] = 0.445
 Average Recall     (AR) @[ IoU=0.50:0.95 | area=   all | maxDets=100 ] = 0.445
 Average Recall     (AR) @[ IoU=0.50:0.95 | area= small | maxDets=100 ] = -1.000
 Average Recall     (AR) @[ IoU=0.50:0.95 | area=medium | maxDets=100 ] = 0.353
 Average Recall     (AR) @[ IoU=0.50:0.95 | area= large | maxDets=100 ] = 0.552
[I 2026-02-24 01:36:21,050] Trial 168 finished with value: 0.5920190567552811 and parameters: {'alpha': 2.0997067011161183, 'mean_rho': 0.1271543765285892, 'variance_rho': 0.04992068143023455, 'std_bias': 4.366254001962892, 'hue_threshold': 8.904415184778227, 'value_ratio_min': 0.3230205374475236, 'value_ratio_max': 0.8702138392921316, 'saturation_diff_threshold': 30.314440388888418}. Best is trial 72 with value: 0.6466417287921127.
creating index...
index created!
Loading and preparing results...
DONE (t=0.01s)
creating index...
index created!
Running per image evaluation...
Evaluate annotation type *bbox*
DONE (t=1.96s).
Accumulating evaluation results...
DONE (t=0.33s).
 Average Precision  (AP) @[ IoU=0.50:0.95 | area=   all | maxDets=100 ] = 0.363
 Average Precision  (AP) @[ IoU=0.50      | area=   all | maxDets=100 ] = 0.605
 Average Precision  (AP) @[ IoU=0.75      | area=   all | maxDets=100 ] = 0.382
 Average Precision  (AP) @[ IoU=0.50:0.95 | area= small | maxDets=100 ] = -1.000
 Average Precision  (AP) @[ IoU=0.50:0.95 | area=medium | maxDets=100 ] = 0.247
 Average Precision  (AP) @[ IoU=0.50:0.95 | area= large | maxDets=100 ] = 0.507
 Average Recall     (AR) @[ IoU=0.50:0.95 | area=   all | maxDets=  1 ] = 0.245
 Average Recall     (AR) @[ IoU=0.50:0.95 | area=   all | maxDets= 10 ] = 0.476
 Average Recall     (AR) @[ IoU=0.50:0.95 | area=   all | maxDets=100 ] = 0.476
 Average Recall     (AR) @[ IoU=0.50:0.95 | area= small | maxDets=100 ] = -1.000
 Average Recall     (AR) @[ IoU=0.50:0.95 | area=medium | maxDets=100 ] = 0.355
 Average Recall     (AR) @[ IoU=0.50:0.95 | area= large | maxDets=100 ] = 0.617
[I 2026-02-24 01:42:44,237] Trial 176 finished with value: 0.6053755363470886 and parameters: {'alpha': 2.206494157827418, 'mean_rho': 0.1403158327791467, 'variance_rho': 0.035957063427701566, 'std_bias': 3.847576278782266, 'hue_threshold': 18.631896011420256, 'value_ratio_min': 0.35598767167559303, 'value_ratio_max': 0.897273498215416, 'saturation_diff_threshold': 28.469392556239704}. Best is trial 72 with value: 0.6466417287921127.
creating index...
index created!
Loading and preparing results...
DONE (t=0.01s)
creating index...
index created!
Running per image evaluation...
Evaluate annotation type *bbox*
DONE (t=1.84s).
Accumulating evaluation results...
DONE (t=0.33s).
 Average Precision  (AP) @[ IoU=0.50:0.95 | area=   all | maxDets=100 ] = 0.401
 Average Precision  (AP) @[ IoU=0.50      | area=   all | maxDets=100 ] = 0.645
 Average Precision  (AP) @[ IoU=0.75      | area=   all | maxDets=100 ] = 0.418
 Average Precision  (AP) @[ IoU=0.50:0.95 | area= small | maxDets=100 ] = -1.000
 Average Precision  (AP) @[ IoU=0.50:0.95 | area=medium | maxDets=100 ] = 0.214
 Average Precision  (AP) @[ IoU=0.50:0.95 | area= large | maxDets=100 ] = 0.622
 Average Recall     (AR) @[ IoU=0.50:0.95 | area=   all | maxDets=  1 ] = 0.264
 Average Recall     (AR) @[ IoU=0.50:0.95 | area=   all | maxDets= 10 ] = 0.497
 Average Recall     (AR) @[ IoU=0.50:0.95 | area=   all | maxDets=100 ] = 0.497
 Average Recall     (AR) @[ IoU=0.50:0.95 | area= small | maxDets=100 ] = -1.000
 Average Recall     (AR) @[ IoU=0.50:0.95 | area=medium | maxDets=100 ] = 0.308
 Average Recall     (AR) @[ IoU=0.50:0.95 | area= large | maxDets=100 ] = 0.715
[I 2026-02-24 01:49:11,571] Trial 184 finished with value: 0.6452564003624289 and parameters: {'alpha': 2.427786018780409, 'mean_rho': 0.07323481860498612, 'variance_rho': 0.06479295494998866, 'std_bias': 4.444144980281904, 'hue_threshold': 16.166614250490593, 'value_ratio_min': 0.3365230552239962, 'value_ratio_max': 0.9366109536182821, 'saturation_diff_threshold': 29.13774126466331}. Best is trial 72 with value: 0.6466417287921127.
creating index...
index created!
Loading and preparing results...
DONE (t=0.01s)
creating index...
index created!
Running per image evaluation...
Evaluate annotation type *bbox*
DONE (t=1.55s).
Accumulating evaluation results...
DONE (t=0.28s).
 Average Precision  (AP) @[ IoU=0.50:0.95 | area=   all | maxDets=100 ] = 0.383
 Average Precision  (AP) @[ IoU=0.50      | area=   all | maxDets=100 ] = 0.620
 Average Precision  (AP) @[ IoU=0.75      | area=   all | maxDets=100 ] = 0.396
 Average Precision  (AP) @[ IoU=0.50:0.95 | area= small | maxDets=100 ] = -1.000
 Average Precision  (AP) @[ IoU=0.50:0.95 | area=medium | maxDets=100 ] = 0.189
 Average Precision  (AP) @[ IoU=0.50:0.95 | area= large | maxDets=100 ] = 0.615
 Average Recall     (AR) @[ IoU=0.50:0.95 | area=   all | maxDets=  1 ] = 0.257
 Average Recall     (AR) @[ IoU=0.50:0.95 | area=   all | maxDets= 10 ] = 0.480
 Average Recall     (AR) @[ IoU=0.50:0.95 | area=   all | maxDets=100 ] = 0.480
 Average Recall     (AR) @[ IoU=0.50:0.95 | area= small | maxDets=100 ] = -1.000
 Average Recall     (AR) @[ IoU=0.50:0.95 | area=medium | maxDets=100 ] = 0.280
 Average Recall     (AR) @[ IoU=0.50:0.95 | area= large | maxDets=100 ] = 0.712
[I 2026-02-24 01:55:42,100] Trial 192 finished with value: 0.6200550224536572 and parameters: {'alpha': 2.4328857007067697, 'mean_rho': 0.04886880698784121, 'variance_rho': 0.08003907988336209, 'std_bias': 4.483585311610302, 'hue_threshold': 14.5069710606949, 'value_ratio_min': 0.38419360115016643, 'value_ratio_max': 0.9462309038309988, 'saturation_diff_threshold': 29.539204875800152}. Best is trial 72 with value: 0.6466417287921127.Best trial: 72. Best value: 0.646642:  96%|█████████▌| 24/25 [2:51:17<06:35, 395.77s/it]Best trial: 72. Best value: 0.646642:  96%|█████████▌| 24/25 [2:51:17<06:35, 395.77s/it]Best trial: 72. Best value: 0.646642: 100%|██████████| 25/25 [2:51:17<00:00, 394.20s/it]Best trial: 72. Best value: 0.646642: 100%|██████████| 25/25 [2:51:17<00:00, 411.12s/it]


================================================================================
OPTIMIZATION COMPLETE
================================================================================

Best AP50: 0.6466

Best hyperparameters:
  alpha: 2.3395495784492826
  mean_rho: 0.08250304478944578
  variance_rho: 0.06958246671086901
  std_bias: 4.409579582318875
  hue_threshold: 17.15537190209033
  value_ratio_min: 0.3264487033390467
  value_ratio_max: 0.8717634229722113
  saturation_diff_threshold: 32.39150859974187

Total trials completed: 197
Results saved to: optuna_adaptive_no_temporal.db

To visualize results, use optuna-dashboard:
  optuna-dashboard sqlite:///optuna_adaptive_no_temporal.db
