[I 2026-02-24 03:24:19,989] Trial 74 finished with value: 0.4606160985677124 and parameters: {'alpha': 3.5602502041574287, 'mean_rho': 0.11110297020333783, 'variance_rho': 0.0734498681730378, 'std_bias': 3.0157593207075006, 'hue_threshold': 25.93423494093021, 'value_ratio_min': 0.331629326824906, 'value_ratio_max': 0.9787404946350823, 'saturation_diff_threshold': 21.037219470498368}. Best is trial 27 with value: 0.6218635226564296.Best trial: 27. Best value: 0.621864:  36%|███▌      | 9/25 [1:19:20<2:06:35, 474.69s/it]Best trial: 27. Best value: 0.621864:  36%|███▌      | 9/25 [1:19:20<2:06:35, 474.69s/it]Best trial: 27. Best value: 0.621864:  40%|████      | 10/25 [1:19:20<1:55:51, 463.40s/it]                                                                                          Best trial: 27. Best value: 0.621864:  40%|████      | 10/25 [1:26:56<1:55:51, 463.40s/it]Best trial: 27. Best value: 0.621864:  40%|████      | 10/25 [1:26:56<1:55:51, 463.40s/it]Best trial: 27. Best value: 0.621864:  44%|████▍     | 11/25 [1:26:56<1:47:36, 461.16s/it]                                                                                          Best trial: 27. Best value: 0.621864:  44%|████▍     | 11/25 [1:34:19<1:47:36, 461.16s/it]Best trial: 27. Best value: 0.621864:  44%|████▍     | 11/25 [1:34:19<1:47:36, 461.16s/it]Best trial: 27. Best value: 0.621864:  48%|████▊     | 12/25 [1:34:19<1:38:42, 455.61s/it]                                                                                          Best trial: 27. Best value: 0.621864:  48%|████▊     | 12/25 [1:41:47<1:38:42, 455.61s/it]Best trial: 27. Best value: 0.621864:  48%|████▊     | 12/25 [1:41:47<1:38:42, 455.61s/it]Best trial: 27. Best value: 0.621864:  52%|█████▏    | 13/25 [1:41:47<1:30:39, 453.26s/it]                                                                                          Best trial: 27. Best value: 0.621864:  52%|█████▏    | 13/25 [1:49:36<1:30:39, 453.26s/it]Best trial: 27. Best value: 0.621864:  52%|█████▏    | 13/25 [1:49:36<1:30:39, 453.26s/it]Best trial: 27. Best value: 0.621864:  56%|█████▌    | 14/25 [1:49:36<1:23:58, 458.08s/it]                                                                                          
creating index...
index created!
Loading and preparing results...
DONE (t=0.01s)
creating index...
index created!
Running per image evaluation...
Evaluate annotation type *bbox*
DONE (t=1.86s).
Accumulating evaluation results...
DONE (t=0.29s).
 Average Precision  (AP) @[ IoU=0.50:0.95 | area=   all | maxDets=100 ] = 0.307
 Average Precision  (AP) @[ IoU=0.50      | area=   all | maxDets=100 ] = 0.600
 Average Precision  (AP) @[ IoU=0.75      | area=   all | maxDets=100 ] = 0.279
 Average Precision  (AP) @[ IoU=0.50:0.95 | area= small | maxDets=100 ] = -1.000
 Average Precision  (AP) @[ IoU=0.50:0.95 | area=medium | maxDets=100 ] = 0.194
 Average Precision  (AP) @[ IoU=0.50:0.95 | area= large | maxDets=100 ] = 0.447
 Average Recall     (AR) @[ IoU=0.50:0.95 | area=   all | maxDets=  1 ] = 0.210
 Average Recall     (AR) @[ IoU=0.50:0.95 | area=   all | maxDets= 10 ] = 0.419
 Average Recall     (AR) @[ IoU=0.50:0.95 | area=   all | maxDets=100 ] = 0.419
 Average Recall     (AR) @[ IoU=0.50:0.95 | area= small | maxDets=100 ] = -1.000
 Average Recall     (AR) @[ IoU=0.50:0.95 | area=medium | maxDets=100 ] = 0.297
 Average Recall     (AR) @[ IoU=0.50:0.95 | area= large | maxDets=100 ] = 0.561
[I 2026-02-24 03:31:56,071] Trial 81 finished with value: 0.5995247697600397 and parameters: {'alpha': 2.632490994414511, 'mean_rho': 0.17837351713500466, 'variance_rho': 0.0442319057165576, 'std_bias': 2.3687439203570846, 'hue_threshold': 28.87361144034058, 'value_ratio_min': 0.4494679081833626, 'value_ratio_max': 0.9488325718101399, 'saturation_diff_threshold': 46.81040858825821}. Best is trial 27 with value: 0.6218635226564296.
creating index...
index created!
Loading and preparing results...
DONE (t=0.02s)
creating index...
index created!
Running per image evaluation...
Evaluate annotation type *bbox*
DONE (t=1.44s).
Accumulating evaluation results...
DONE (t=0.27s).
 Average Precision  (AP) @[ IoU=0.50:0.95 | area=   all | maxDets=100 ] = 0.213
 Average Precision  (AP) @[ IoU=0.50      | area=   all | maxDets=100 ] = 0.425
 Average Precision  (AP) @[ IoU=0.75      | area=   all | maxDets=100 ] = 0.178
 Average Precision  (AP) @[ IoU=0.50:0.95 | area= small | maxDets=100 ] = -1.000
 Average Precision  (AP) @[ IoU=0.50:0.95 | area=medium | maxDets=100 ] = 0.082
 Average Precision  (AP) @[ IoU=0.50:0.95 | area= large | maxDets=100 ] = 0.389
 Average Recall     (AR) @[ IoU=0.50:0.95 | area=   all | maxDets=  1 ] = 0.182
 Average Recall     (AR) @[ IoU=0.50:0.95 | area=   all | maxDets= 10 ] = 0.323
 Average Recall     (AR) @[ IoU=0.50:0.95 | area=   all | maxDets=100 ] = 0.323
 Average Recall     (AR) @[ IoU=0.50:0.95 | area= small | maxDets=100 ] = -1.000
 Average Recall     (AR) @[ IoU=0.50:0.95 | area=medium | maxDets=100 ] = 0.155
 Average Recall     (AR) @[ IoU=0.50:0.95 | area= large | maxDets=100 ] = 0.517
[I 2026-02-24 03:39:18,995] Trial 89 finished with value: 0.4250473122509156 and parameters: {'alpha': 2.956504191819937, 'mean_rho': 0.06124624272254638, 'variance_rho': 0.1649166130655792, 'std_bias': 2.6506100421029917, 'hue_threshold': 27.079191710969166, 'value_ratio_min': 0.43541220506587514, 'value_ratio_max': 0.9285202448665536, 'saturation_diff_threshold': 47.30787321594368}. Best is trial 27 with value: 0.6218635226564296.
creating index...
index created!
Loading and preparing results...
DONE (t=0.01s)
creating index...
index created!
Running per image evaluation...
Evaluate annotation type *bbox*
DONE (t=1.66s).
Accumulating evaluation results...
DONE (t=0.28s).
 Average Precision  (AP) @[ IoU=0.50:0.95 | area=   all | maxDets=100 ] = 0.247
 Average Precision  (AP) @[ IoU=0.50      | area=   all | maxDets=100 ] = 0.493
 Average Precision  (AP) @[ IoU=0.75      | area=   all | maxDets=100 ] = 0.206
 Average Precision  (AP) @[ IoU=0.50:0.95 | area= small | maxDets=100 ] = -1.000
 Average Precision  (AP) @[ IoU=0.50:0.95 | area=medium | maxDets=100 ] = 0.095
 Average Precision  (AP) @[ IoU=0.50:0.95 | area= large | maxDets=100 ] = 0.447
 Average Recall     (AR) @[ IoU=0.50:0.95 | area=   all | maxDets=  1 ] = 0.198
 Average Recall     (AR) @[ IoU=0.50:0.95 | area=   all | maxDets= 10 ] = 0.361
 Average Recall     (AR) @[ IoU=0.50:0.95 | area=   all | maxDets=100 ] = 0.361
 Average Recall     (AR) @[ IoU=0.50:0.95 | area= small | maxDets=100 ] = -1.000
 Average Recall     (AR) @[ IoU=0.50:0.95 | area=medium | maxDets=100 ] = 0.176
 Average Recall     (AR) @[ IoU=0.50:0.95 | area= large | maxDets=100 ] = 0.576
[I 2026-02-24 03:46:46,854] Trial 97 finished with value: 0.4926893826791915 and parameters: {'alpha': 3.2233347186841557, 'mean_rho': 0.09426302466271788, 'variance_rho': 0.10670421498713042, 'std_bias': 2.104318805573744, 'hue_threshold': 22.161424573576262, 'value_ratio_min': 0.40803872432855237, 'value_ratio_max': 0.9404079361463489, 'saturation_diff_threshold': 48.00259989946041}. Best is trial 27 with value: 0.6218635226564296.
creating index...
index created!
Loading and preparing results...
DONE (t=0.02s)
creating index...
index created!
Running per image evaluation...
Evaluate annotation type *bbox*
DONE (t=1.83s).
Accumulating evaluation results...
DONE (t=0.36s).
 Average Precision  (AP) @[ IoU=0.50:0.95 | area=   all | maxDets=100 ] = 0.127
 Average Precision  (AP) @[ IoU=0.50      | area=   all | maxDets=100 ] = 0.281
 Average Precision  (AP) @[ IoU=0.75      | area=   all | maxDets=100 ] = 0.095
 Average Precision  (AP) @[ IoU=0.50:0.95 | area= small | maxDets=100 ] = -1.000
 Average Precision  (AP) @[ IoU=0.50:0.95 | area=medium | maxDets=100 ] = 0.061
 Average Precision  (AP) @[ IoU=0.50:0.95 | area= large | maxDets=100 ] = 0.221
 Average Recall     (AR) @[ IoU=0.50:0.95 | area=   all | maxDets=  1 ] = 0.130
 Average Recall     (AR) @[ IoU=0.50:0.95 | area=   all | maxDets= 10 ] = 0.228
 Average Recall     (AR) @[ IoU=0.50:0.95 | area=   all | maxDets=100 ] = 0.228
 Average Recall     (AR) @[ IoU=0.50:0.95 | area= small | maxDets=100 ] = -1.000
 Average Recall     (AR) @[ IoU=0.50:0.95 | area=medium | maxDets=100 ] = 0.132
 Average Recall     (AR) @[ IoU=0.50:0.95 | area= large | maxDets=100 ] = 0.340
[I 2026-02-24 03:54:36,077] Trial 104 finished with value: 0.28124574708408057 and parameters: {'alpha': 3.047903737666946, 'mean_rho': 0.04699661014066281, 'variance_rho': 0.34906767474957473, 'std_bias': 1.711266342301477, 'hue_threshold': 26.71433444213809, 'value_ratio_min': 0.4270039434634005, 'value_ratio_max': 0.9134025671823672, 'saturation_diff_threshold': 43.77638551803311}. Best is trial 27 with value: 0.6218635226564296.
creating index...
index created!
Loading and preparing results...
DONE (t=0.01s)
creating index...
index created!
Running per image evaluation...
Evaluate annotation type *bbox*
DONE (t=1.74s).
Accumulating evaluation results...
DONE (t=0.33s).
 Average Precision  (AP) @[ IoU=0.50:0.95 | area=   all | maxDets=100 ] = 0.285
 Average Precision  (AP) @[ IoU=0.50      | area=   all | maxDets=100 ] = 0.556
 Average Precision  (AP) @[ IoU=0.75      | area=   all | maxDets=100 ] = 0.260
 Average Precision  (AP) @[ IoU=0.50:0.95 | area= small | maxDets=100 ] = -1.000
 Average Precision  (AP) @[ IoU=0.50:0.95 | area=medium | maxDets=100 ] = 0.187
 Average Precision  (AP) @[ IoU=0.50:0.95 | area= large | maxDets=100 ] = 0.407
 Average Recall     (AR) @[ IoU=0.50:0.95 | area=   all | maxDets=  1 ] = 0.205
 Average Recall     (AR) @[ IoU=0.50:0.95 | area=   all | maxDets= 10 ] = 0.401
 Average Recall     (AR) @[ IoU=0.50:0.95 | area=   all | maxDets=100 ] = 0.401
 Average Recall     (AR) @[ IoU=0.50:0.95 | area= small | maxDets=100 ] = -1.000
 Average Recall     (AR) @[ IoU=0.50:0.95 | area=medium | maxDets=100 ] = 0.290
 Average Recall     (AR) @[ IoU=0.50:0.95 | area= large | maxDets=100 ] = 0.529
[I 2026-02-24 04:02:06,719] Trial 113 finished with value: 0.5555663565942709 and parameters: {'alpha': 2.5512102552020273, 'mean_rho': 0.07868893588916832, 'variance_rho': 0.023594435786642165, 'std_bias': 2.5492668664440865, 'hue_threshold': 18.49770270603643, 'value_ratio_min': 0.49462083625347475, 'value_ratio_max': 0.9244955662126375, 'saturation_diff_threshold': 41.28235750326674}. Best is trial 27 with value: 0.6218635226564296.Best trial: 27. Best value: 0.621864:  56%|█████▌    | 14/25 [1:57:07<1:23:58, 458.08s/it]Best trial: 27. Best value: 0.621864:  56%|█████▌    | 14/25 [1:57:07<1:23:58, 458.08s/it]Best trial: 27. Best value: 0.621864:  60%|██████    | 15/25 [1:57:07<1:15:58, 455.84s/it]                                                                                          Best trial: 27. Best value: 0.621864:  60%|██████    | 15/25 [2:04:31<1:15:58, 455.84s/it]Best trial: 27. Best value: 0.621864:  60%|██████    | 15/25 [2:04:31<1:15:58, 455.84s/it]Best trial: 27. Best value: 0.621864:  64%|██████▍   | 16/25 [2:04:31<1:07:52, 452.48s/it]                                                                                          Best trial: 27. Best value: 0.621864:  64%|██████▍   | 16/25 [2:11:57<1:07:52, 452.48s/it]Best trial: 27. Best value: 0.621864:  64%|██████▍   | 16/25 [2:11:57<1:07:52, 452.48s/it]Best trial: 27. Best value: 0.621864:  68%|██████▊   | 17/25 [2:11:57<1:00:04, 450.57s/it]                                                                                          Best trial: 27. Best value: 0.621864:  68%|██████▊   | 17/25 [2:19:23<1:00:04, 450.57s/it]Best trial: 133. Best value: 0.624677:  68%|██████▊   | 17/25 [2:19:23<1:00:04, 450.57s/it]Best trial: 133. Best value: 0.624677:  72%|███████▏  | 18/25 [2:19:23<52:23, 449.09s/it]                                                                                           Best trial: 133. Best value: 0.624677:  72%|███████▏  | 18/25 [2:27:09<52:23, 449.09s/it]Best trial: 143. Best value: 0.627429:  72%|███████▏  | 18/25 [2:27:09<52:23, 449.09s/it]Best trial: 143. Best value: 0.627429:  76%|███████▌  | 19/25 [2:27:09<45:23, 453.99s/it]                                                                                         
creating index...
index created!
Loading and preparing results...
DONE (t=0.01s)
creating index...
index created!
Running per image evaluation...
Evaluate annotation type *bbox*
DONE (t=1.69s).
Accumulating evaluation results...
DONE (t=0.35s).
 Average Precision  (AP) @[ IoU=0.50:0.95 | area=   all | maxDets=100 ] = 0.345
 Average Precision  (AP) @[ IoU=0.50      | area=   all | maxDets=100 ] = 0.599
 Average Precision  (AP) @[ IoU=0.75      | area=   all | maxDets=100 ] = 0.339
 Average Precision  (AP) @[ IoU=0.50:0.95 | area= small | maxDets=100 ] = -1.000
 Average Precision  (AP) @[ IoU=0.50:0.95 | area=medium | maxDets=100 ] = 0.150
 Average Precision  (AP) @[ IoU=0.50:0.95 | area= large | maxDets=100 ] = 0.594
 Average Recall     (AR) @[ IoU=0.50:0.95 | area=   all | maxDets=  1 ] = 0.243
 Average Recall     (AR) @[ IoU=0.50:0.95 | area=   all | maxDets= 10 ] = 0.459
 Average Recall     (AR) @[ IoU=0.50:0.95 | area=   all | maxDets=100 ] = 0.459
 Average Recall     (AR) @[ IoU=0.50:0.95 | area= small | maxDets=100 ] = -1.000
 Average Recall     (AR) @[ IoU=0.50:0.95 | area=medium | maxDets=100 ] = 0.244
 Average Recall     (AR) @[ IoU=0.50:0.95 | area= large | maxDets=100 ] = 0.708
[I 2026-02-24 04:09:31,387] Trial 121 finished with value: 0.5994881974891881 and parameters: {'alpha': 2.812803842893615, 'mean_rho': 0.12392243537721288, 'variance_rho': 0.03761636027275328, 'std_bias': 4.335186942845944, 'hue_threshold': 29.27393017364643, 'value_ratio_min': 0.3957916142168412, 'value_ratio_max': 0.9450191585862383, 'saturation_diff_threshold': 45.712062972224714}. Best is trial 27 with value: 0.6218635226564296.
creating index...
index created!
Loading and preparing results...
DONE (t=0.02s)
creating index...
index created!
Running per image evaluation...
Evaluate annotation type *bbox*
DONE (t=1.69s).
Accumulating evaluation results...
DONE (t=0.33s).
 Average Precision  (AP) @[ IoU=0.50:0.95 | area=   all | maxDets=100 ] = 0.351
 Average Precision  (AP) @[ IoU=0.50      | area=   all | maxDets=100 ] = 0.603
 Average Precision  (AP) @[ IoU=0.75      | area=   all | maxDets=100 ] = 0.346
 Average Precision  (AP) @[ IoU=0.50:0.95 | area= small | maxDets=100 ] = -1.000
 Average Precision  (AP) @[ IoU=0.50:0.95 | area=medium | maxDets=100 ] = 0.157
 Average Precision  (AP) @[ IoU=0.50:0.95 | area= large | maxDets=100 ] = 0.598
 Average Recall     (AR) @[ IoU=0.50:0.95 | area=   all | maxDets=  1 ] = 0.240
 Average Recall     (AR) @[ IoU=0.50:0.95 | area=   all | maxDets= 10 ] = 0.461
 Average Recall     (AR) @[ IoU=0.50:0.95 | area=   all | maxDets=100 ] = 0.461
 Average Recall     (AR) @[ IoU=0.50:0.95 | area= small | maxDets=100 ] = -1.000
 Average Recall     (AR) @[ IoU=0.50:0.95 | area=medium | maxDets=100 ] = 0.249
 Average Recall     (AR) @[ IoU=0.50:0.95 | area= large | maxDets=100 ] = 0.706
[I 2026-02-24 04:16:57,515] Trial 130 finished with value: 0.603065863238257 and parameters: {'alpha': 2.6444378666178325, 'mean_rho': 0.13579571652735023, 'variance_rho': 0.0461070248328131, 'std_bias': 4.968403622456414, 'hue_threshold': 28.352514173361353, 'value_ratio_min': 0.45687549375639086, 'value_ratio_max': 0.9542705699001813, 'saturation_diff_threshold': 43.01569267355382}. Best is trial 27 with value: 0.6218635226564296.
creating index...
index created!
Loading and preparing results...
DONE (t=0.01s)
creating index...
index created!
Running per image evaluation...
Evaluate annotation type *bbox*
DONE (t=1.77s).
Accumulating evaluation results...
DONE (t=0.30s).
 Average Precision  (AP) @[ IoU=0.50:0.95 | area=   all | maxDets=100 ] = 0.340
 Average Precision  (AP) @[ IoU=0.50      | area=   all | maxDets=100 ] = 0.597
 Average Precision  (AP) @[ IoU=0.75      | area=   all | maxDets=100 ] = 0.348
 Average Precision  (AP) @[ IoU=0.50:0.95 | area= small | maxDets=100 ] = -1.000
 Average Precision  (AP) @[ IoU=0.50:0.95 | area=medium | maxDets=100 ] = 0.214
 Average Precision  (AP) @[ IoU=0.50:0.95 | area= large | maxDets=100 ] = 0.494
 Average Recall     (AR) @[ IoU=0.50:0.95 | area=   all | maxDets=  1 ] = 0.223
 Average Recall     (AR) @[ IoU=0.50:0.95 | area=   all | maxDets= 10 ] = 0.445
 Average Recall     (AR) @[ IoU=0.50:0.95 | area=   all | maxDets=100 ] = 0.445
 Average Recall     (AR) @[ IoU=0.50:0.95 | area= small | maxDets=100 ] = -1.000
 Average Recall     (AR) @[ IoU=0.50:0.95 | area=medium | maxDets=100 ] = 0.310
 Average Recall     (AR) @[ IoU=0.50:0.95 | area= large | maxDets=100 ] = 0.602
[I 2026-02-24 04:24:23,159] Trial 139 finished with value: 0.5970731706825189 and parameters: {'alpha': 2.402952846715137, 'mean_rho': 0.14302384053159783, 'variance_rho': 0.01435414922475375, 'std_bias': 4.2689125927996034, 'hue_threshold': 27.873352419417145, 'value_ratio_min': 0.46090519887416276, 'value_ratio_max': 0.9614372578015393, 'saturation_diff_threshold': 40.09014454946849}. Best is trial 133 with value: 0.6246768843654953.
creating index...
index created!
Loading and preparing results...
DONE (t=0.01s)
creating index...
index created!
Running per image evaluation...
Evaluate annotation type *bbox*
DONE (t=2.00s).
Accumulating evaluation results...
DONE (t=0.63s).
 Average Precision  (AP) @[ IoU=0.50:0.95 | area=   all | maxDets=100 ] = 0.298
 Average Precision  (AP) @[ IoU=0.50      | area=   all | maxDets=100 ] = 0.511
 Average Precision  (AP) @[ IoU=0.75      | area=   all | maxDets=100 ] = 0.305
 Average Precision  (AP) @[ IoU=0.50:0.95 | area= small | maxDets=100 ] = -1.000
 Average Precision  (AP) @[ IoU=0.50:0.95 | area=medium | maxDets=100 ] = 0.156
 Average Precision  (AP) @[ IoU=0.50:0.95 | area= large | maxDets=100 ] = 0.465
 Average Recall     (AR) @[ IoU=0.50:0.95 | area=   all | maxDets=  1 ] = 0.214
 Average Recall     (AR) @[ IoU=0.50:0.95 | area=   all | maxDets= 10 ] = 0.422
 Average Recall     (AR) @[ IoU=0.50:0.95 | area=   all | maxDets=100 ] = 0.422
 Average Recall     (AR) @[ IoU=0.50:0.95 | area= small | maxDets=100 ] = -1.000
 Average Recall     (AR) @[ IoU=0.50:0.95 | area=medium | maxDets=100 ] = 0.276
 Average Recall     (AR) @[ IoU=0.50:0.95 | area= large | maxDets=100 ] = 0.591
[I 2026-02-24 04:32:08,552] Trial 146 finished with value: 0.5114036843445747 and parameters: {'alpha': 2.359045149313687, 'mean_rho': 0.11504264982963013, 'variance_rho': 0.0019846615399214933, 'std_bias': 3.859566201814222, 'hue_threshold': 28.750038929822914, 'value_ratio_min': 0.4844313892201142, 'value_ratio_max': 0.9625779768919237, 'saturation_diff_threshold': 39.526277314901286}. Best is trial 143 with value: 0.6274292904394109.
creating index...
index created!
Loading and preparing results...
DONE (t=0.01s)
creating index...
index created!
Running per image evaluation...
Evaluate annotation type *bbox*
DONE (t=1.60s).
Accumulating evaluation results...
DONE (t=0.29s).
 Average Precision  (AP) @[ IoU=0.50:0.95 | area=   all | maxDets=100 ] = 0.324
 Average Precision  (AP) @[ IoU=0.50      | area=   all | maxDets=100 ] = 0.562
 Average Precision  (AP) @[ IoU=0.75      | area=   all | maxDets=100 ] = 0.316
 Average Precision  (AP) @[ IoU=0.50:0.95 | area= small | maxDets=100 ] = -1.000
 Average Precision  (AP) @[ IoU=0.50:0.95 | area=medium | maxDets=100 ] = 0.124
 Average Precision  (AP) @[ IoU=0.50:0.95 | area= large | maxDets=100 ] = 0.581
 Average Recall     (AR) @[ IoU=0.50:0.95 | area=   all | maxDets=  1 ] = 0.231
 Average Recall     (AR) @[ IoU=0.50:0.95 | area=   all | maxDets= 10 ] = 0.427
 Average Recall     (AR) @[ IoU=0.50:0.95 | area=   all | maxDets=100 ] = 0.427
 Average Recall     (AR) @[ IoU=0.50:0.95 | area= small | maxDets=100 ] = -1.000
 Average Recall     (AR) @[ IoU=0.50:0.95 | area=medium | maxDets=100 ] = 0.205
 Average Recall     (AR) @[ IoU=0.50:0.95 | area= large | maxDets=100 ] = 0.684
