[I 2026-02-23 23:04:44,514] Using an existing study with name 'adaptive_no_temporal' instead of creating a new one.
Loading annotations and video...
Starting optimization for study 'adaptive_no_temporal'
Using temporal detector: False
Database: optuna_adaptive_no_temporal.db
Number of trials: 25

To run in parallel, execute this same command in multiple terminals.
--------------------------------------------------------------------------------
  0%|          | 0/25 [00:00<?, ?it/s]                                        0%|          | 0/25 [06:45<?, ?it/s]Best trial: 1. Best value: 0.364664:   0%|          | 0/25 [06:45<?, ?it/s]Best trial: 1. Best value: 0.364664:   4%|▍         | 1/25 [06:45<2:42:15, 405.67s/it]                                                                                      Best trial: 1. Best value: 0.364664:   4%|▍         | 1/25 [17:57<2:42:15, 405.67s/it]Best trial: 4. Best value: 0.577214:   4%|▍         | 1/25 [17:57<2:42:15, 405.67s/it]Best trial: 4. Best value: 0.577214:   8%|▊         | 2/25 [17:57<3:35:27, 562.06s/it]                                                                                      Best trial: 4. Best value: 0.577214:   8%|▊         | 2/25 [25:25<3:35:27, 562.06s/it]Best trial: 20. Best value: 0.620775:   8%|▊         | 2/25 [25:25<3:35:27, 562.06s/it]Best trial: 20. Best value: 0.620775:  12%|█▏        | 3/25 [25:25<3:07:07, 510.33s/it]                                                                                       Best trial: 20. Best value: 0.620775:  12%|█▏        | 3/25 [32:28<3:07:07, 510.33s/it]Best trial: 30. Best value: 0.638957:  12%|█▏        | 3/25 [32:28<3:07:07, 510.33s/it]Best trial: 30. Best value: 0.638957:  16%|█▌        | 4/25 [32:28<2:46:32, 475.82s/it]                                                                                       creating index...
index created!
Loading and preparing results...
DONE (t=0.01s)
creating index...
index created!
Running per image evaluation...
Evaluate annotation type *bbox*
DONE (t=1.78s).
Accumulating evaluation results...
DONE (t=0.28s).
 Average Precision  (AP) @[ IoU=0.50:0.95 | area=   all | maxDets=100 ] = 0.181
 Average Precision  (AP) @[ IoU=0.50      | area=   all | maxDets=100 ] = 0.364
 Average Precision  (AP) @[ IoU=0.75      | area=   all | maxDets=100 ] = 0.164
 Average Precision  (AP) @[ IoU=0.50:0.95 | area= small | maxDets=100 ] = -1.000
 Average Precision  (AP) @[ IoU=0.50:0.95 | area=medium | maxDets=100 ] = 0.087
 Average Precision  (AP) @[ IoU=0.50:0.95 | area= large | maxDets=100 ] = 0.304
 Average Recall     (AR) @[ IoU=0.50:0.95 | area=   all | maxDets=  1 ] = 0.170
 Average Recall     (AR) @[ IoU=0.50:0.95 | area=   all | maxDets= 10 ] = 0.282
 Average Recall     (AR) @[ IoU=0.50:0.95 | area=   all | maxDets=100 ] = 0.282
 Average Recall     (AR) @[ IoU=0.50:0.95 | area= small | maxDets=100 ] = -1.000
 Average Recall     (AR) @[ IoU=0.50:0.95 | area=medium | maxDets=100 ] = 0.161
 Average Recall     (AR) @[ IoU=0.50:0.95 | area= large | maxDets=100 ] = 0.423
[I 2026-02-23 23:11:30,173] Trial 6 finished with value: 0.36359442426290356 and parameters: {'alpha': 3.714678221334096, 'mean_rho': 0.33089992773688554, 'variance_rho': 0.18191089758609277, 'std_bias': 1.979169437299515, 'hue_threshold': 29.095301995487635, 'value_ratio_min': 0.6965102010857586, 'value_ratio_max': 0.8995970833281127, 'saturation_diff_threshold': 45.1935644562243}. Best is trial 1 with value: 0.36466419005205847.
creating index...
index created!
Loading and preparing results...
DONE (t=0.05s)
creating index...
index created!
Running per image evaluation...
Evaluate annotation type *bbox*
DONE (t=3.35s).
Accumulating evaluation results...
DONE (t=0.66s).
 Average Precision  (AP) @[ IoU=0.50:0.95 | area=   all | maxDets=100 ] = 0.032
 Average Precision  (AP) @[ IoU=0.50      | area=   all | maxDets=100 ] = 0.087
 Average Precision  (AP) @[ IoU=0.75      | area=   all | maxDets=100 ] = 0.018
 Average Precision  (AP) @[ IoU=0.50:0.95 | area= small | maxDets=100 ] = -1.000
 Average Precision  (AP) @[ IoU=0.50:0.95 | area=medium | maxDets=100 ] = 0.029
 Average Precision  (AP) @[ IoU=0.50:0.95 | area= large | maxDets=100 ] = 0.043
 Average Recall     (AR) @[ IoU=0.50:0.95 | area=   all | maxDets=  1 ] = 0.103
 Average Recall     (AR) @[ IoU=0.50:0.95 | area=   all | maxDets= 10 ] = 0.164
 Average Recall     (AR) @[ IoU=0.50:0.95 | area=   all | maxDets=100 ] = 0.165
 Average Recall     (AR) @[ IoU=0.50:0.95 | area= small | maxDets=100 ] = -1.000
 Average Recall     (AR) @[ IoU=0.50:0.95 | area=medium | maxDets=100 ] = 0.200
 Average Recall     (AR) @[ IoU=0.50:0.95 | area= large | maxDets=100 ] = 0.124
[I 2026-02-23 23:22:41,716] Trial 11 finished with value: 0.08681457015443758 and parameters: {'alpha': 2.902564557628531, 'mean_rho': 0.37558945918767195, 'variance_rho': 0.10871107271495976, 'std_bias': 0.8469706863537996, 'hue_threshold': 21.68326593121417, 'value_ratio_min': 0.6768592226210605, 'value_ratio_max': 0.8632700375410233, 'saturation_diff_threshold': 40.60613204723627}. Best is trial 4 with value: 0.5772143188656536.
creating index...
index created!
Loading and preparing results...
DONE (t=0.01s)
creating index...
index created!
Running per image evaluation...
Evaluate annotation type *bbox*
DONE (t=1.99s).
Accumulating evaluation results...
DONE (t=0.29s).
 Average Precision  (AP) @[ IoU=0.50:0.95 | area=   all | maxDets=100 ] = 0.309
 Average Precision  (AP) @[ IoU=0.50      | area=   all | maxDets=100 ] = 0.526
 Average Precision  (AP) @[ IoU=0.75      | area=   all | maxDets=100 ] = 0.328
 Average Precision  (AP) @[ IoU=0.50:0.95 | area= small | maxDets=100 ] = -1.000
 Average Precision  (AP) @[ IoU=0.50:0.95 | area=medium | maxDets=100 ] = 0.218
 Average Precision  (AP) @[ IoU=0.50:0.95 | area= large | maxDets=100 ] = 0.421
 Average Recall     (AR) @[ IoU=0.50:0.95 | area=   all | maxDets=  1 ] = 0.216
 Average Recall     (AR) @[ IoU=0.50:0.95 | area=   all | maxDets= 10 ] = 0.427
 Average Recall     (AR) @[ IoU=0.50:0.95 | area=   all | maxDets=100 ] = 0.427
 Average Recall     (AR) @[ IoU=0.50:0.95 | area= small | maxDets=100 ] = -1.000
 Average Recall     (AR) @[ IoU=0.50:0.95 | area=medium | maxDets=100 ] = 0.343
 Average Recall     (AR) @[ IoU=0.50:0.95 | area= large | maxDets=100 ] = 0.525
[I 2026-02-23 23:30:10,491] Trial 23 finished with value: 0.5261946935366619 and parameters: {'alpha': 2.1642743899507826, 'mean_rho': 0.23415278209348805, 'variance_rho': 0.010894664028921357, 'std_bias': 3.7464623917578947, 'hue_threshold': 15.341953429592674, 'value_ratio_min': 0.5546461685909297, 'value_ratio_max': 0.969274529036747, 'saturation_diff_threshold': 33.1247823327549}. Best is trial 20 with value: 0.6207753365503557.
creating index...
index created!
Loading and preparing results...
DONE (t=0.01s)
creating index...
index created!
Running per image evaluation...
Evaluate annotation type *bbox*
DONE (t=1.87s).
Accumulating evaluation results...
DONE (t=0.35s).
 Average Precision  (AP) @[ IoU=0.50:0.95 | area=   all | maxDets=100 ] = 0.400
 Average Precision  (AP) @[ IoU=0.50      | area=   all | maxDets=100 ] = 0.639
 Average Precision  (AP) @[ IoU=0.75      | area=   all | maxDets=100 ] = 0.428
 Average Precision  (AP) @[ IoU=0.50:0.95 | area= small | maxDets=100 ] = -1.000
 Average Precision  (AP) @[ IoU=0.50:0.95 | area=medium | maxDets=100 ] = 0.236
 Average Precision  (AP) @[ IoU=0.50:0.95 | area= large | maxDets=100 ] = 0.587
 Average Recall     (AR) @[ IoU=0.50:0.95 | area=   all | maxDets=  1 ] = 0.261
 Average Recall     (AR) @[ IoU=0.50:0.95 | area=   all | maxDets= 10 ] = 0.497
 Average Recall     (AR) @[ IoU=0.50:0.95 | area=   all | maxDets=100 ] = 0.497
 Average Recall     (AR) @[ IoU=0.50:0.95 | area= small | maxDets=100 ] = -1.000
 Average Recall     (AR) @[ IoU=0.50:0.95 | area=medium | maxDets=100 ] = 0.336
 Average Recall     (AR) @[ IoU=0.50:0.95 | area= large | maxDets=100 ] = 0.684
[I 2026-02-23 23:37:13,403] Trial 30 finished with value: 0.6389572906776438 and parameters: {'alpha': 2.440711973297385, 'mean_rho': 0.13161407603874892, 'variance_rho': 0.05552425152759484, 'std_bias': 4.146706515888958, 'hue_threshold': 15.068469681656655, 'value_ratio_min': 0.41570878060657557, 'value_ratio_max': 0.9333017962596671, 'saturation_diff_threshold': 27.98278736873092}. Best is trial 30 with value: 0.6389572906776438.
creating index...
index created!
Loading and preparing results...
DONE (t=0.01s)
creating index...
index created!
Running per image evaluation...
Evaluate annotation type *bbox*
DONE (t=1.91s).
Accumulating evaluation results...
DONE (t=0.32s).
 Average Precision  (AP) @[ IoU=0.50:0.95 | area=   all | maxDets=100 ] = 0.390
 Average Precision  (AP) @[ IoU=0.50      | area=   all | maxDets=100 ] = 0.621
 Average Precision  (AP) @[ IoU=0.75      | area=   all | maxDets=100 ] = 0.409
 Average Precision  (AP) @[ IoU=0.50:0.95 | area= small | maxDets=100 ] = -1.000
 Average Precision  (AP) @[ IoU=0.50:0.95 | area=medium | maxDets=100 ] = 0.191
 Average Precision  (AP) @[ IoU=0.50:0.95 | area= large | maxDets=100 ] = 0.626
 Average Recall     (AR) @[ IoU=0.50:0.95 | area=   all | maxDets=  1 ] = 0.264
 Average Recall     (AR) @[ IoU=0.50:0.95 | area=   all | maxDets= 10 ] = 0.488
 Average Recall     (AR) @[ IoU=0.50:0.95 | area=   all | maxDets=100 ] = 0.488
 Average Recall     (AR) @[ IoU=0.50:0.95 | area= small | maxDets=100 ] = -1.000
 Average Recall     (AR) @[ IoU=0.50:0.95 | area=medium | maxDets=100 ] = 0.286
 Average Recall     (AR) @[ IoU=0.50:0.95 | area= large | maxDets=100 ] = 0.722
[I 2026-02-23 23:44:16,143] Trial 38 finished with value: 0.6212228659600472 and parameters: {'alpha': 2.633094271313271, 'mean_rho': 0.0884271571330872, 'variance_rho': 0.04902382928319213, 'std_bias': 4.256624410091652, 'hue_threshold': 16.839504998145223, 'value_ratio_min': 0.3050318302709515, 'value_ratio_max': 0.9125432031037213, 'saturation_diff_threshold': 37.311566022985886}. Best is trial 30 with value: 0.6389572906776438.Best trial: 30. Best value: 0.638957:  16%|█▌        | 4/25 [39:31<2:46:32, 475.82s/it]Best trial: 30. Best value: 0.638957:  16%|█▌        | 4/25 [39:31<2:46:32, 475.82s/it]Best trial: 30. Best value: 0.638957:  20%|██        | 5/25 [39:31<2:32:13, 456.67s/it]                                                                                       Best trial: 30. Best value: 0.638957:  20%|██        | 5/25 [46:29<2:32:13, 456.67s/it]Best trial: 30. Best value: 0.638957:  20%|██        | 5/25 [46:29<2:32:13, 456.67s/it]Best trial: 30. Best value: 0.638957:  24%|██▍       | 6/25 [46:29<2:20:27, 443.55s/it]                                                                                       Best trial: 30. Best value: 0.638957:  24%|██▍       | 6/25 [53:01<2:20:27, 443.55s/it]Best trial: 30. Best value: 0.638957:  24%|██▍       | 6/25 [53:01<2:20:27, 443.55s/it]Best trial: 30. Best value: 0.638957:  28%|██▊       | 7/25 [53:01<2:07:59, 426.61s/it]                                                                                       Best trial: 30. Best value: 0.638957:  28%|██▊       | 7/25 [1:00:04<2:07:59, 426.61s/it]Best trial: 30. Best value: 0.638957:  28%|██▊       | 7/25 [1:00:04<2:07:59, 426.61s/it]Best trial: 30. Best value: 0.638957:  32%|███▏      | 8/25 [1:00:04<2:00:30, 425.33s/it]                                                                                         Best trial: 30. Best value: 0.638957:  32%|███▏      | 8/25 [1:07:11<2:00:30, 425.33s/it]Best trial: 30. Best value: 0.638957:  32%|███▏      | 8/25 [1:07:11<2:00:30, 425.33s/it]Best trial: 30. Best value: 0.638957:  36%|███▌      | 9/25 [1:07:11<1:53:36, 426.04s/it]                                                                                         
creating index...
index created!
Loading and preparing results...
DONE (t=0.01s)
creating index...
index created!
Running per image evaluation...
Evaluate annotation type *bbox*
DONE (t=1.23s).
Accumulating evaluation results...
DONE (t=0.28s).
 Average Precision  (AP) @[ IoU=0.50:0.95 | area=   all | maxDets=100 ] = 0.050
 Average Precision  (AP) @[ IoU=0.50      | area=   all | maxDets=100 ] = 0.137
 Average Precision  (AP) @[ IoU=0.75      | area=   all | maxDets=100 ] = 0.031
 Average Precision  (AP) @[ IoU=0.50:0.95 | area= small | maxDets=100 ] = -1.000
 Average Precision  (AP) @[ IoU=0.50:0.95 | area=medium | maxDets=100 ] = 0.023
 Average Precision  (AP) @[ IoU=0.50:0.95 | area= large | maxDets=100 ] = 0.092
 Average Recall     (AR) @[ IoU=0.50:0.95 | area=   all | maxDets=  1 ] = 0.088
 Average Recall     (AR) @[ IoU=0.50:0.95 | area=   all | maxDets= 10 ] = 0.128
 Average Recall     (AR) @[ IoU=0.50:0.95 | area=   all | maxDets=100 ] = 0.128
 Average Recall     (AR) @[ IoU=0.50:0.95 | area= small | maxDets=100 ] = -1.000
 Average Recall     (AR) @[ IoU=0.50:0.95 | area=medium | maxDets=100 ] = 0.070
 Average Recall     (AR) @[ IoU=0.50:0.95 | area= large | maxDets=100 ] = 0.195
[I 2026-02-23 23:51:14,207] Trial 46 finished with value: 0.13666339312372497 and parameters: {'alpha': 4.077242133232981, 'mean_rho': 0.18301001211427922, 'variance_rho': 0.11117954416007272, 'std_bias': 4.639394186618149, 'hue_threshold': 19.855057650928313, 'value_ratio_min': 0.378168682135305, 'value_ratio_max': 0.9161958353876686, 'saturation_diff_threshold': 21.831762457615223}. Best is trial 30 with value: 0.6389572906776438.
creating index...
index created!
Loading and preparing results...
DONE (t=0.01s)
creating index...
index created!
Running per image evaluation...
Evaluate annotation type *bbox*
DONE (t=1.89s).
Accumulating evaluation results...
DONE (t=0.33s).
 Average Precision  (AP) @[ IoU=0.50:0.95 | area=   all | maxDets=100 ] = 0.397
 Average Precision  (AP) @[ IoU=0.50      | area=   all | maxDets=100 ] = 0.636
 Average Precision  (AP) @[ IoU=0.75      | area=   all | maxDets=100 ] = 0.421
 Average Precision  (AP) @[ IoU=0.50:0.95 | area= small | maxDets=100 ] = -1.000
 Average Precision  (AP) @[ IoU=0.50:0.95 | area=medium | maxDets=100 ] = 0.224
 Average Precision  (AP) @[ IoU=0.50:0.95 | area= large | maxDets=100 ] = 0.599
 Average Recall     (AR) @[ IoU=0.50:0.95 | area=   all | maxDets=  1 ] = 0.263
 Average Recall     (AR) @[ IoU=0.50:0.95 | area=   all | maxDets= 10 ] = 0.500
 Average Recall     (AR) @[ IoU=0.50:0.95 | area=   all | maxDets=100 ] = 0.500
 Average Recall     (AR) @[ IoU=0.50:0.95 | area= small | maxDets=100 ] = -1.000
 Average Recall     (AR) @[ IoU=0.50:0.95 | area=medium | maxDets=100 ] = 0.323
 Average Recall     (AR) @[ IoU=0.50:0.95 | area= large | maxDets=100 ] = 0.706
[I 2026-02-23 23:57:45,957] Trial 54 finished with value: 0.6356151515343094 and parameters: {'alpha': 2.5488817584161816, 'mean_rho': 0.06454828418824725, 'variance_rho': 0.02988614923279337, 'std_bias': 3.8970334620881997, 'hue_threshold': 17.539436768533744, 'value_ratio_min': 0.34229166319895943, 'value_ratio_max': 0.8904985050643934, 'saturation_diff_threshold': 29.747513224509213}. Best is trial 30 with value: 0.6389572906776438.
creating index...
index created!
Loading and preparing results...
DONE (t=0.01s)
creating index...
index created!
Running per image evaluation...
Evaluate annotation type *bbox*
DONE (t=1.83s).
Accumulating evaluation results...
DONE (t=0.33s).
 Average Precision  (AP) @[ IoU=0.50:0.95 | area=   all | maxDets=100 ] = 0.386
 Average Precision  (AP) @[ IoU=0.50      | area=   all | maxDets=100 ] = 0.605
 Average Precision  (AP) @[ IoU=0.75      | area=   all | maxDets=100 ] = 0.405
 Average Precision  (AP) @[ IoU=0.50:0.95 | area= small | maxDets=100 ] = -1.000
 Average Precision  (AP) @[ IoU=0.50:0.95 | area=medium | maxDets=100 ] = 0.172
 Average Precision  (AP) @[ IoU=0.50:0.95 | area= large | maxDets=100 ] = 0.648
 Average Recall     (AR) @[ IoU=0.50:0.95 | area=   all | maxDets=  1 ] = 0.271
 Average Recall     (AR) @[ IoU=0.50:0.95 | area=   all | maxDets= 10 ] = 0.491
 Average Recall     (AR) @[ IoU=0.50:0.95 | area=   all | maxDets=100 ] = 0.491
 Average Recall     (AR) @[ IoU=0.50:0.95 | area= small | maxDets=100 ] = -1.000
 Average Recall     (AR) @[ IoU=0.50:0.95 | area=medium | maxDets=100 ] = 0.260
 Average Recall     (AR) @[ IoU=0.50:0.95 | area= large | maxDets=100 ] = 0.758
[I 2026-02-24 00:04:48,550] Trial 62 finished with value: 0.6053388705206646 and parameters: {'alpha': 3.0899124378816554, 'mean_rho': 0.0631680488008663, 'variance_rho': 0.022133682616298382, 'std_bias': 3.9278643773310713, 'hue_threshold': 23.808323010583894, 'value_ratio_min': 0.3421753767624048, 'value_ratio_max': 0.8799912160092757, 'saturation_diff_threshold': 35.7067792773383}. Best is trial 30 with value: 0.6389572906776438.
creating index...
index created!
Loading and preparing results...
DONE (t=0.01s)
creating index...
index created!
Running per image evaluation...
Evaluate annotation type *bbox*
DONE (t=1.97s).
Accumulating evaluation results...
DONE (t=0.30s).
 Average Precision  (AP) @[ IoU=0.50:0.95 | area=   all | maxDets=100 ] = 0.383
 Average Precision  (AP) @[ IoU=0.50      | area=   all | maxDets=100 ] = 0.631
 Average Precision  (AP) @[ IoU=0.75      | area=   all | maxDets=100 ] = 0.391
 Average Precision  (AP) @[ IoU=0.50:0.95 | area= small | maxDets=100 ] = -1.000
 Average Precision  (AP) @[ IoU=0.50:0.95 | area=medium | maxDets=100 ] = 0.224
 Average Precision  (AP) @[ IoU=0.50:0.95 | area= large | maxDets=100 ] = 0.570
 Average Recall     (AR) @[ IoU=0.50:0.95 | area=   all | maxDets=  1 ] = 0.269
 Average Recall     (AR) @[ IoU=0.50:0.95 | area=   all | maxDets= 10 ] = 0.500
 Average Recall     (AR) @[ IoU=0.50:0.95 | area=   all | maxDets=100 ] = 0.500
 Average Recall     (AR) @[ IoU=0.50:0.95 | area= small | maxDets=100 ] = -1.000
 Average Recall     (AR) @[ IoU=0.50:0.95 | area=medium | maxDets=100 ] = 0.332
 Average Recall     (AR) @[ IoU=0.50:0.95 | area= large | maxDets=100 ] = 0.696
[I 2026-02-24 00:11:56,149] Trial 70 finished with value: 0.6311305369659481 and parameters: {'alpha': 1.9800636006486152, 'mean_rho': 0.003949277430906437, 'variance_rho': 0.06954264785237346, 'std_bias': 4.804778258561072, 'hue_threshold': 17.15377015544759, 'value_ratio_min': 0.3224543629411366, 'value_ratio_max': 0.8482835890282585, 'saturation_diff_threshold': 31.81297367411689}. Best is trial 30 with value: 0.6389572906776438.
creating index...
index created!
Loading and preparing results...
DONE (t=0.02s)
creating index...
index created!
Running per image evaluation...
Evaluate annotation type *bbox*
DONE (t=1.94s).
Accumulating evaluation results...
DONE (t=0.36s).
 Average Precision  (AP) @[ IoU=0.50:0.95 | area=   all | maxDets=100 ] = 0.128
 Average Precision  (AP) @[ IoU=0.50      | area=   all | maxDets=100 ] = 0.356
 Average Precision  (AP) @[ IoU=0.75      | area=   all | maxDets=100 ] = 0.074
 Average Precision  (AP) @[ IoU=0.50:0.95 | area= small | maxDets=100 ] = -1.000
 Average Precision  (AP) @[ IoU=0.50:0.95 | area=medium | maxDets=100 ] = 0.115
 Average Precision  (AP) @[ IoU=0.50:0.95 | area= large | maxDets=100 ] = 0.150
 Average Recall     (AR) @[ IoU=0.50:0.95 | area=   all | maxDets=  1 ] = 0.140
 Average Recall     (AR) @[ IoU=0.50:0.95 | area=   all | maxDets= 10 ] = 0.260
 Average Recall     (AR) @[ IoU=0.50:0.95 | area=   all | maxDets=100 ] = 0.260
 Average Recall     (AR) @[ IoU=0.50:0.95 | area= small | maxDets=100 ] = -1.000
 Average Recall     (AR) @[ IoU=0.50:0.95 | area=medium | maxDets=100 ] = 0.259
 Average Recall     (AR) @[ IoU=0.50:0.95 | area= large | maxDets=100 ] = 0.262
