[I 2026-02-24 01:27:48,772] Trial 158 finished with value: 0.6421040257322759 and parameters: {'alpha': 2.3203472050590244, 'mean_rho': 0.05837098800825151, 'variance_rho': 0.045923852690898964, 'std_bias': 4.1993834139704775, 'hue_threshold': 17.445921231808672, 'value_ratio_min': 0.32838145330390467, 'value_ratio_max': 0.8862880275211021, 'saturation_diff_threshold': 27.869266232798214}. Best is trial 72 with value: 0.6466417287921127.Best trial: 72. Best value: 0.646642:  76%|███████▌  | 19/25 [2:23:09<42:30, 425.10s/it]Best trial: 72. Best value: 0.646642:  76%|███████▌  | 19/25 [2:23:09<42:30, 425.10s/it]Best trial: 72. Best value: 0.646642:  80%|████████  | 20/25 [2:23:09<35:18, 423.68s/it]                                                                                        Best trial: 72. Best value: 0.646642:  80%|████████  | 20/25 [2:30:09<35:18, 423.68s/it]Best trial: 72. Best value: 0.646642:  80%|████████  | 20/25 [2:30:09<35:18, 423.68s/it]Best trial: 72. Best value: 0.646642:  84%|████████▍ | 21/25 [2:30:09<28:11, 422.78s/it]                                                                                        Best trial: 72. Best value: 0.646642:  84%|████████▍ | 21/25 [2:37:12<28:11, 422.78s/it]Best trial: 72. Best value: 0.646642:  84%|████████▍ | 21/25 [2:37:12<28:11, 422.78s/it]Best trial: 72. Best value: 0.646642:  88%|████████▊ | 22/25 [2:37:12<21:08, 422.79s/it]                                                                                        Best trial: 72. Best value: 0.646642:  88%|████████▊ | 22/25 [2:44:22<21:08, 422.79s/it]Best trial: 72. Best value: 0.646642:  88%|████████▊ | 22/25 [2:44:22<21:08, 422.79s/it]Best trial: 72. Best value: 0.646642:  92%|█████████▏| 23/25 [2:44:22<14:09, 424.85s/it]                                                                                        Best trial: 72. Best value: 0.646642:  92%|█████████▏| 23/25 [2:51:14<14:09, 424.85s/it]Best trial: 72. Best value: 0.646642:  92%|█████████▏| 23/25 [2:51:14<14:09, 424.85s/it]Best trial: 72. Best value: 0.646642:  96%|█████████▌| 24/25 [2:51:14<07:00, 420.93s/it]                                                                                        
creating index...
index created!
Loading and preparing results...
DONE (t=0.01s)
creating index...
index created!
Running per image evaluation...
Evaluate annotation type *bbox*
DONE (t=1.86s).
Accumulating evaluation results...
DONE (t=0.53s).
 Average Precision  (AP) @[ IoU=0.50:0.95 | area=   all | maxDets=100 ] = 0.376
 Average Precision  (AP) @[ IoU=0.50      | area=   all | maxDets=100 ] = 0.628
 Average Precision  (AP) @[ IoU=0.75      | area=   all | maxDets=100 ] = 0.406
 Average Precision  (AP) @[ IoU=0.50:0.95 | area= small | maxDets=100 ] = -1.000
 Average Precision  (AP) @[ IoU=0.50:0.95 | area=medium | maxDets=100 ] = 0.246
 Average Precision  (AP) @[ IoU=0.50:0.95 | area= large | maxDets=100 ] = 0.527
 Average Recall     (AR) @[ IoU=0.50:0.95 | area=   all | maxDets=  1 ] = 0.252
 Average Recall     (AR) @[ IoU=0.50:0.95 | area=   all | maxDets= 10 ] = 0.480
 Average Recall     (AR) @[ IoU=0.50:0.95 | area=   all | maxDets=100 ] = 0.480
 Average Recall     (AR) @[ IoU=0.50:0.95 | area= small | maxDets=100 ] = -1.000
 Average Recall     (AR) @[ IoU=0.50:0.95 | area=medium | maxDets=100 ] = 0.347
 Average Recall     (AR) @[ IoU=0.50:0.95 | area= large | maxDets=100 ] = 0.635
[I 2026-02-24 01:34:49,440] Trial 166 finished with value: 0.6283834376802174 and parameters: {'alpha': 2.351555303727215, 'mean_rho': 0.1255189396928347, 'variance_rho': 0.04255471099520325, 'std_bias': 4.213503382233147, 'hue_threshold': 11.051930139858058, 'value_ratio_min': 0.3720043845488951, 'value_ratio_max': 0.8925758136345125, 'saturation_diff_threshold': 26.61900513394249}. Best is trial 72 with value: 0.6466417287921127.
creating index...
index created!
Loading and preparing results...
DONE (t=0.01s)
creating index...
index created!
Running per image evaluation...
Evaluate annotation type *bbox*
DONE (t=2.08s).
Accumulating evaluation results...
DONE (t=0.33s).
 Average Precision  (AP) @[ IoU=0.50:0.95 | area=   all | maxDets=100 ] = 0.297
 Average Precision  (AP) @[ IoU=0.50      | area=   all | maxDets=100 ] = 0.568
 Average Precision  (AP) @[ IoU=0.75      | area=   all | maxDets=100 ] = 0.269
 Average Precision  (AP) @[ IoU=0.50:0.95 | area= small | maxDets=100 ] = -1.000
 Average Precision  (AP) @[ IoU=0.50:0.95 | area=medium | maxDets=100 ] = 0.233
 Average Precision  (AP) @[ IoU=0.50:0.95 | area= large | maxDets=100 ] = 0.385
 Average Recall     (AR) @[ IoU=0.50:0.95 | area=   all | maxDets=  1 ] = 0.224
 Average Recall     (AR) @[ IoU=0.50:0.95 | area=   all | maxDets= 10 ] = 0.417
 Average Recall     (AR) @[ IoU=0.50:0.95 | area=   all | maxDets=100 ] = 0.417
 Average Recall     (AR) @[ IoU=0.50:0.95 | area= small | maxDets=100 ] = -1.000
 Average Recall     (AR) @[ IoU=0.50:0.95 | area=medium | maxDets=100 ] = 0.343
 Average Recall     (AR) @[ IoU=0.50:0.95 | area= large | maxDets=100 ] = 0.503
[I 2026-02-24 01:41:52,256] Trial 174 finished with value: 0.5680404449793601 and parameters: {'alpha': 2.132348359217337, 'mean_rho': 0.10324639634636311, 'variance_rho': 0.03485081294250897, 'std_bias': 3.8484341572681275, 'hue_threshold': 9.021869036915493, 'value_ratio_min': 0.3545638318110531, 'value_ratio_max': 0.8642450954863972, 'saturation_diff_threshold': 30.330383213086485}. Best is trial 72 with value: 0.6466417287921127.
creating index...
index created!
Loading and preparing results...
DONE (t=0.01s)
creating index...
index created!
Running per image evaluation...
Evaluate annotation type *bbox*
DONE (t=2.01s).
Accumulating evaluation results...
DONE (t=0.34s).
 Average Precision  (AP) @[ IoU=0.50:0.95 | area=   all | maxDets=100 ] = 0.289
 Average Precision  (AP) @[ IoU=0.50      | area=   all | maxDets=100 ] = 0.541
 Average Precision  (AP) @[ IoU=0.75      | area=   all | maxDets=100 ] = 0.270
 Average Precision  (AP) @[ IoU=0.50:0.95 | area= small | maxDets=100 ] = -1.000
 Average Precision  (AP) @[ IoU=0.50:0.95 | area=medium | maxDets=100 ] = 0.206
 Average Precision  (AP) @[ IoU=0.50:0.95 | area= large | maxDets=100 ] = 0.388
 Average Recall     (AR) @[ IoU=0.50:0.95 | area=   all | maxDets=  1 ] = 0.206
 Average Recall     (AR) @[ IoU=0.50:0.95 | area=   all | maxDets= 10 ] = 0.415
 Average Recall     (AR) @[ IoU=0.50:0.95 | area=   all | maxDets=100 ] = 0.416
 Average Recall     (AR) @[ IoU=0.50:0.95 | area= small | maxDets=100 ] = -1.000
 Average Recall     (AR) @[ IoU=0.50:0.95 | area=medium | maxDets=100 ] = 0.328
 Average Recall     (AR) @[ IoU=0.50:0.95 | area= large | maxDets=100 ] = 0.517
[I 2026-02-24 01:49:01,906] Trial 183 finished with value: 0.5410576606028006 and parameters: {'alpha': 1.7623091933966928, 'mean_rho': 0.08383617402256865, 'variance_rho': 0.06200087044707338, 'std_bias': 3.6594054224791366, 'hue_threshold': 16.18655347995134, 'value_ratio_min': 0.3422772435916878, 'value_ratio_max': 0.9339963770966061, 'saturation_diff_threshold': 33.693865095791416}. Best is trial 72 with value: 0.6466417287921127.
creating index...
index created!
Loading and preparing results...
DONE (t=0.02s)
creating index...
index created!
Running per image evaluation...
Evaluate annotation type *bbox*
DONE (t=1.64s).
Accumulating evaluation results...
DONE (t=0.28s).
 Average Precision  (AP) @[ IoU=0.50:0.95 | area=   all | maxDets=100 ] = 0.387
 Average Precision  (AP) @[ IoU=0.50      | area=   all | maxDets=100 ] = 0.631
 Average Precision  (AP) @[ IoU=0.75      | area=   all | maxDets=100 ] = 0.403
 Average Precision  (AP) @[ IoU=0.50:0.95 | area= small | maxDets=100 ] = -1.000
 Average Precision  (AP) @[ IoU=0.50:0.95 | area=medium | maxDets=100 ] = 0.211
 Average Precision  (AP) @[ IoU=0.50:0.95 | area= large | maxDets=100 ] = 0.591
 Average Recall     (AR) @[ IoU=0.50:0.95 | area=   all | maxDets=  1 ] = 0.252
 Average Recall     (AR) @[ IoU=0.50:0.95 | area=   all | maxDets= 10 ] = 0.480
 Average Recall     (AR) @[ IoU=0.50:0.95 | area=   all | maxDets=100 ] = 0.480
 Average Recall     (AR) @[ IoU=0.50:0.95 | area= small | maxDets=100 ] = -1.000
 Average Recall     (AR) @[ IoU=0.50:0.95 | area=medium | maxDets=100 ] = 0.306
 Average Recall     (AR) @[ IoU=0.50:0.95 | area= large | maxDets=100 ] = 0.683
[I 2026-02-24 01:55:53,708] Trial 191 finished with value: 0.6309683646090372 and parameters: {'alpha': 2.4482054031315847, 'mean_rho': 0.07583423301937516, 'variance_rho': 0.07952403283053819, 'std_bias': 4.061057249191992, 'hue_threshold': 14.368213497712107, 'value_ratio_min': 0.544998706875611, 'value_ratio_max': 0.9204503352245826, 'saturation_diff_threshold': 33.44657834838349}. Best is trial 72 with value: 0.6466417287921127.
creating index...
index created!
Loading and preparing results...
DONE (t=0.01s)
creating index...
index created!
Running per image evaluation...
Evaluate annotation type *bbox*
DONE (t=1.29s).
Accumulating evaluation results...
DONE (t=0.20s).
 Average Precision  (AP) @[ IoU=0.50:0.95 | area=   all | maxDets=100 ] = 0.395
 Average Precision  (AP) @[ IoU=0.50      | area=   all | maxDets=100 ] = 0.645
 Average Precision  (AP) @[ IoU=0.75      | area=   all | maxDets=100 ] = 0.413
 Average Precision  (AP) @[ IoU=0.50:0.95 | area= small | maxDets=100 ] = -1.000
 Average Precision  (AP) @[ IoU=0.50:0.95 | area=medium | maxDets=100 ] = 0.222
 Average Precision  (AP) @[ IoU=0.50:0.95 | area= large | maxDets=100 ] = 0.597
 Average Recall     (AR) @[ IoU=0.50:0.95 | area=   all | maxDets=  1 ] = 0.257
 Average Recall     (AR) @[ IoU=0.50:0.95 | area=   all | maxDets= 10 ] = 0.495
 Average Recall     (AR) @[ IoU=0.50:0.95 | area=   all | maxDets=100 ] = 0.495
 Average Recall     (AR) @[ IoU=0.50:0.95 | area= small | maxDets=100 ] = -1.000
 Average Recall     (AR) @[ IoU=0.50:0.95 | area=medium | maxDets=100 ] = 0.322
 Average Recall     (AR) @[ IoU=0.50:0.95 | area= large | maxDets=100 ] = 0.697
[I 2026-02-24 02:01:31,564] Trial 197 finished with value: 0.6445939998054956 and parameters: {'alpha': 2.2571516270669516, 'mean_rho': 0.06735976565241551, 'variance_rho': 0.09505734147035869, 'std_bias': 4.059361034278561, 'hue_threshold': 16.924533504822342, 'value_ratio_min': 0.3617550896183748, 'value_ratio_max': 0.9400321420459534, 'saturation_diff_threshold': 31.755696678318238}. Best is trial 72 with value: 0.6466417287921127.Best trial: 72. Best value: 0.646642:  96%|█████████▌| 24/25 [2:56:52<07:00, 420.93s/it]Best trial: 72. Best value: 0.646642:  96%|█████████▌| 24/25 [2:56:52<07:00, 420.93s/it]Best trial: 72. Best value: 0.646642: 100%|██████████| 25/25 [2:56:52<00:00, 396.01s/it]Best trial: 72. Best value: 0.646642: 100%|██████████| 25/25 [2:56:52<00:00, 424.48s/it]


================================================================================
OPTIMIZATION COMPLETE
================================================================================

Best AP50: 0.6466

Best hyperparameters:
  alpha: 2.3395495784492826
  mean_rho: 0.08250304478944578
  variance_rho: 0.06958246671086901
  std_bias: 4.409579582318875
  hue_threshold: 17.15537190209033
  value_ratio_min: 0.3264487033390467
  value_ratio_max: 0.8717634229722113
  saturation_diff_threshold: 32.39150859974187

Total trials completed: 200
Results saved to: optuna_adaptive_no_temporal.db

To visualize results, use optuna-dashboard:
  optuna-dashboard sqlite:///optuna_adaptive_no_temporal.db
