[I 2026-02-24 04:40:12,587] Trial 158 finished with value: 0.5367131209989547 and parameters: {'alpha': 2.47345067585722, 'mean_rho': 0.0031220262560640874, 'variance_rho': 0.06790785891852857, 'std_bias': 4.288873450088763, 'hue_threshold': 27.21451134748811, 'value_ratio_min': 0.4686650737142832, 'value_ratio_max': 0.983076941622824, 'saturation_diff_threshold': 45.28229384224914}. Best is trial 143 with value: 0.6274292904394109.Best trial: 143. Best value: 0.627429:  76%|███████▌  | 19/25 [2:35:02<44:44, 447.38s/it]Best trial: 143. Best value: 0.627429:  76%|███████▌  | 19/25 [2:35:02<44:44, 447.38s/it]Best trial: 143. Best value: 0.627429:  80%|████████  | 20/25 [2:35:02<37:03, 444.68s/it]                                                                                         Best trial: 143. Best value: 0.627429:  80%|████████  | 20/25 [2:42:32<37:03, 444.68s/it]Best trial: 164. Best value: 0.63127:  80%|████████  | 20/25 [2:42:32<37:03, 444.68s/it] Best trial: 164. Best value: 0.63127:  84%|████████▍ | 21/25 [2:42:32<29:44, 446.08s/it]                                                                                        Best trial: 164. Best value: 0.63127:  84%|████████▍ | 21/25 [2:50:03<29:44, 446.08s/it]Best trial: 174. Best value: 0.638334:  84%|████████▍ | 21/25 [2:50:03<29:44, 446.08s/it]Best trial: 174. Best value: 0.638334:  88%|████████▊ | 22/25 [2:50:03<22:23, 447.68s/it]                                                                                         Best trial: 174. Best value: 0.638334:  88%|████████▊ | 22/25 [2:57:16<22:23, 447.68s/it]Best trial: 174. Best value: 0.638334:  88%|████████▊ | 22/25 [2:57:16<22:23, 447.68s/it]Best trial: 174. Best value: 0.638334:  92%|█████████▏| 23/25 [2:57:16<14:46, 443.37s/it]                                                                                         Best trial: 174. Best value: 0.638334:  92%|█████████▏| 23/25 [3:04:45<14:46, 443.37s/it]Best trial: 174. Best value: 0.638334:  92%|█████████▏| 23/25 [3:04:45<14:46, 443.37s/it]Best trial: 174. Best value: 0.638334:  96%|█████████▌| 24/25 [3:04:45<07:25, 445.02s/it]                                                                                         
creating index...
index created!
Loading and preparing results...
DONE (t=0.01s)
creating index...
index created!
Running per image evaluation...
Evaluate annotation type *bbox*
DONE (t=1.85s).
Accumulating evaluation results...
DONE (t=0.32s).
 Average Precision  (AP) @[ IoU=0.50:0.95 | area=   all | maxDets=100 ] = 0.322
 Average Precision  (AP) @[ IoU=0.50      | area=   all | maxDets=100 ] = 0.597
 Average Precision  (AP) @[ IoU=0.75      | area=   all | maxDets=100 ] = 0.295
 Average Precision  (AP) @[ IoU=0.50:0.95 | area= small | maxDets=100 ] = -1.000
 Average Precision  (AP) @[ IoU=0.50:0.95 | area=medium | maxDets=100 ] = 0.184
 Average Precision  (AP) @[ IoU=0.50:0.95 | area= large | maxDets=100 ] = 0.498
 Average Recall     (AR) @[ IoU=0.50:0.95 | area=   all | maxDets=  1 ] = 0.231
 Average Recall     (AR) @[ IoU=0.50:0.95 | area=   all | maxDets= 10 ] = 0.453
 Average Recall     (AR) @[ IoU=0.50:0.95 | area=   all | maxDets=100 ] = 0.453
 Average Recall     (AR) @[ IoU=0.50:0.95 | area= small | maxDets=100 ] = -1.000
 Average Recall     (AR) @[ IoU=0.50:0.95 | area=medium | maxDets=100 ] = 0.297
 Average Recall     (AR) @[ IoU=0.50:0.95 | area= large | maxDets=100 ] = 0.635
[I 2026-02-24 04:47:41,909] Trial 166 finished with value: 0.5966215376018255 and parameters: {'alpha': 2.118245172579961, 'mean_rho': 0.02064265401811901, 'variance_rho': 0.048788843460567506, 'std_bias': 4.076596294020571, 'hue_threshold': 26.226789678539355, 'value_ratio_min': 0.559126760576115, 'value_ratio_max': 0.8643070749488638, 'saturation_diff_threshold': 43.245017199160124}. Best is trial 164 with value: 0.6312701611987728.
creating index...
index created!
Loading and preparing results...
DONE (t=0.01s)
creating index...
index created!
Running per image evaluation...
Evaluate annotation type *bbox*
DONE (t=1.96s).
Accumulating evaluation results...
DONE (t=0.32s).
 Average Precision  (AP) @[ IoU=0.50:0.95 | area=   all | maxDets=100 ] = 0.361
 Average Precision  (AP) @[ IoU=0.50      | area=   all | maxDets=100 ] = 0.638
 Average Precision  (AP) @[ IoU=0.75      | area=   all | maxDets=100 ] = 0.348
 Average Precision  (AP) @[ IoU=0.50:0.95 | area= small | maxDets=100 ] = -1.000
 Average Precision  (AP) @[ IoU=0.50:0.95 | area=medium | maxDets=100 ] = 0.194
 Average Precision  (AP) @[ IoU=0.50:0.95 | area= large | maxDets=100 ] = 0.565
 Average Recall     (AR) @[ IoU=0.50:0.95 | area=   all | maxDets=  1 ] = 0.239
 Average Recall     (AR) @[ IoU=0.50:0.95 | area=   all | maxDets= 10 ] = 0.471
 Average Recall     (AR) @[ IoU=0.50:0.95 | area=   all | maxDets=100 ] = 0.471
 Average Recall     (AR) @[ IoU=0.50:0.95 | area= small | maxDets=100 ] = -1.000
 Average Recall     (AR) @[ IoU=0.50:0.95 | area=medium | maxDets=100 ] = 0.293
 Average Recall     (AR) @[ IoU=0.50:0.95 | area= large | maxDets=100 ] = 0.677
[I 2026-02-24 04:55:13,332] Trial 174 finished with value: 0.6383340437103443 and parameters: {'alpha': 2.1904220437120574, 'mean_rho': 0.026369759166805486, 'variance_rho': 0.05524728751430104, 'std_bias': 4.1980845221665035, 'hue_threshold': 29.588548040500115, 'value_ratio_min': 0.53419556368636, 'value_ratio_max': 0.9955003276991087, 'saturation_diff_threshold': 42.03931955575672}. Best is trial 174 with value: 0.6383340437103443.
creating index...
index created!
Loading and preparing results...
DONE (t=0.01s)
creating index...
index created!
Running per image evaluation...
Evaluate annotation type *bbox*
DONE (t=1.84s).
Accumulating evaluation results...
DONE (t=0.29s).
 Average Precision  (AP) @[ IoU=0.50:0.95 | area=   all | maxDets=100 ] = 0.349
 Average Precision  (AP) @[ IoU=0.50      | area=   all | maxDets=100 ] = 0.630
 Average Precision  (AP) @[ IoU=0.75      | area=   all | maxDets=100 ] = 0.337
 Average Precision  (AP) @[ IoU=0.50:0.95 | area= small | maxDets=100 ] = -1.000
 Average Precision  (AP) @[ IoU=0.50:0.95 | area=medium | maxDets=100 ] = 0.200
 Average Precision  (AP) @[ IoU=0.50:0.95 | area= large | maxDets=100 ] = 0.531
 Average Recall     (AR) @[ IoU=0.50:0.95 | area=   all | maxDets=  1 ] = 0.233
 Average Recall     (AR) @[ IoU=0.50:0.95 | area=   all | maxDets= 10 ] = 0.462
 Average Recall     (AR) @[ IoU=0.50:0.95 | area=   all | maxDets=100 ] = 0.462
 Average Recall     (AR) @[ IoU=0.50:0.95 | area= small | maxDets=100 ] = -1.000
 Average Recall     (AR) @[ IoU=0.50:0.95 | area=medium | maxDets=100 ] = 0.302
 Average Recall     (AR) @[ IoU=0.50:0.95 | area= large | maxDets=100 ] = 0.647
[I 2026-02-24 05:02:26,656] Trial 182 finished with value: 0.6303210648159575 and parameters: {'alpha': 2.1423380667645042, 'mean_rho': 0.034803792571542466, 'variance_rho': 0.058030042777952165, 'std_bias': 3.9703672778293018, 'hue_threshold': 29.13016614421222, 'value_ratio_min': 0.5544886946552304, 'value_ratio_max': 0.9967808615584335, 'saturation_diff_threshold': 42.064049756382786}. Best is trial 174 with value: 0.6383340437103443.
creating index...
index created!
Loading and preparing results...
DONE (t=0.01s)
creating index...
index created!
Running per image evaluation...
Evaluate annotation type *bbox*
DONE (t=1.96s).
Accumulating evaluation results...
DONE (t=0.36s).
 Average Precision  (AP) @[ IoU=0.50:0.95 | area=   all | maxDets=100 ] = 0.313
 Average Precision  (AP) @[ IoU=0.50      | area=   all | maxDets=100 ] = 0.599
 Average Precision  (AP) @[ IoU=0.75      | area=   all | maxDets=100 ] = 0.288
 Average Precision  (AP) @[ IoU=0.50:0.95 | area= small | maxDets=100 ] = -1.000
 Average Precision  (AP) @[ IoU=0.50:0.95 | area=medium | maxDets=100 ] = 0.188
 Average Precision  (AP) @[ IoU=0.50:0.95 | area= large | maxDets=100 ] = 0.467
 Average Recall     (AR) @[ IoU=0.50:0.95 | area=   all | maxDets=  1 ] = 0.219
 Average Recall     (AR) @[ IoU=0.50:0.95 | area=   all | maxDets= 10 ] = 0.429
 Average Recall     (AR) @[ IoU=0.50:0.95 | area=   all | maxDets=100 ] = 0.429
 Average Recall     (AR) @[ IoU=0.50:0.95 | area= small | maxDets=100 ] = -1.000
 Average Recall     (AR) @[ IoU=0.50:0.95 | area=medium | maxDets=100 ] = 0.296
 Average Recall     (AR) @[ IoU=0.50:0.95 | area= large | maxDets=100 ] = 0.584
[I 2026-02-24 05:09:55,537] Trial 190 finished with value: 0.5990712840686377 and parameters: {'alpha': 2.1128815900626, 'mean_rho': 0.03537437776641434, 'variance_rho': 0.06051298493150554, 'std_bias': 3.831144586463258, 'hue_threshold': 16.93451331490966, 'value_ratio_min': 0.5494567727547983, 'value_ratio_max': 0.9958736574055289, 'saturation_diff_threshold': 41.85410438425151}. Best is trial 174 with value: 0.6383340437103443.
creating index...
index created!
Loading and preparing results...
DONE (t=0.01s)
creating index...
index created!
Running per image evaluation...
Evaluate annotation type *bbox*
DONE (t=0.94s).
Accumulating evaluation results...
DONE (t=0.17s).
 Average Precision  (AP) @[ IoU=0.50:0.95 | area=   all | maxDets=100 ] = 0.354
 Average Precision  (AP) @[ IoU=0.50      | area=   all | maxDets=100 ] = 0.643
 Average Precision  (AP) @[ IoU=0.75      | area=   all | maxDets=100 ] = 0.344
 Average Precision  (AP) @[ IoU=0.50:0.95 | area= small | maxDets=100 ] = -1.000
 Average Precision  (AP) @[ IoU=0.50:0.95 | area=medium | maxDets=100 ] = 0.199
 Average Precision  (AP) @[ IoU=0.50:0.95 | area= large | maxDets=100 ] = 0.545
 Average Recall     (AR) @[ IoU=0.50:0.95 | area=   all | maxDets=  1 ] = 0.231
 Average Recall     (AR) @[ IoU=0.50:0.95 | area=   all | maxDets= 10 ] = 0.463
 Average Recall     (AR) @[ IoU=0.50:0.95 | area=   all | maxDets=100 ] = 0.463
 Average Recall     (AR) @[ IoU=0.50:0.95 | area= small | maxDets=100 ] = -1.000
 Average Recall     (AR) @[ IoU=0.50:0.95 | area=medium | maxDets=100 ] = 0.295
 Average Recall     (AR) @[ IoU=0.50:0.95 | area= large | maxDets=100 ] = 0.659
[I 2026-02-24 05:17:02,064] Trial 198 finished with value: 0.6427766266201851 and parameters: {'alpha': 2.0269755547094803, 'mean_rho': 0.014446489574370773, 'variance_rho': 0.07731410105502294, 'std_bias': 4.265794868174869, 'hue_threshold': 29.836572377107576, 'value_ratio_min': 0.5783956392246883, 'value_ratio_max': 0.9996963757331812, 'saturation_diff_threshold': 36.02740917756262}. Best is trial 193 with value: 0.6548727833910944.Best trial: 174. Best value: 0.638334:  96%|█████████▌| 24/25 [3:11:52<07:25, 445.02s/it]Best trial: 193. Best value: 0.654873:  96%|█████████▌| 24/25 [3:11:52<07:25, 445.02s/it]Best trial: 193. Best value: 0.654873: 100%|██████████| 25/25 [3:11:52<00:00, 439.47s/it]Best trial: 193. Best value: 0.654873: 100%|██████████| 25/25 [3:11:52<00:00, 460.49s/it]


================================================================================
OPTIMIZATION COMPLETE
================================================================================

Best AP50: 0.6549

Best hyperparameters:
  alpha: 2.0933154680482495
  mean_rho: 0.009115651856561206
  variance_rho: 0.07520599715083304
  std_bias: 4.207707917671822
  hue_threshold: 29.905532124564267
  value_ratio_min: 0.5078298592725248
  value_ratio_max: 0.9948932249196348
  saturation_diff_threshold: 37.1876589771072

Total trials completed: 200
Results saved to: optuna_adaptive_with_temporal.db

To visualize results, use optuna-dashboard:
  optuna-dashboard sqlite:///optuna_adaptive_with_temporal.db
