[I 2026-02-24 00:19:23,015] Trial 78 finished with value: 0.3555668451401628 and parameters: {'alpha': 1.5051322461009722, 'mean_rho': 0.04703352786827663, 'variance_rho': 0.06653793834127698, 'std_bias': 3.5971733293005705, 'hue_threshold': 19.214874321064123, 'value_ratio_min': 0.3242720604928437, 'value_ratio_max': 0.8369732963665576, 'saturation_diff_threshold': 31.635303839794627}. Best is trial 72 with value: 0.6466417287921127.Best trial: 30. Best value: 0.638957:  36%|███▌      | 9/25 [1:14:38<1:53:36, 426.04s/it]Best trial: 72. Best value: 0.646642:  36%|███▌      | 9/25 [1:14:38<1:53:36, 426.04s/it]Best trial: 72. Best value: 0.646642:  40%|████      | 10/25 [1:14:38<1:48:07, 432.48s/it]                                                                                          Best trial: 72. Best value: 0.646642:  40%|████      | 10/25 [1:21:27<1:48:07, 432.48s/it]Best trial: 72. Best value: 0.646642:  40%|████      | 10/25 [1:21:27<1:48:07, 432.48s/it]Best trial: 72. Best value: 0.646642:  44%|████▍     | 11/25 [1:21:27<1:39:12, 425.17s/it]                                                                                          Best trial: 72. Best value: 0.646642:  44%|████▍     | 11/25 [1:28:34<1:39:12, 425.17s/it]Best trial: 72. Best value: 0.646642:  44%|████▍     | 11/25 [1:28:34<1:39:12, 425.17s/it]Best trial: 72. Best value: 0.646642:  48%|████▊     | 12/25 [1:28:34<1:32:15, 425.80s/it]                                                                                          Best trial: 72. Best value: 0.646642:  48%|████▊     | 12/25 [1:35:38<1:32:15, 425.80s/it]Best trial: 72. Best value: 0.646642:  48%|████▊     | 12/25 [1:35:38<1:32:15, 425.80s/it]Best trial: 72. Best value: 0.646642:  52%|█████▏    | 13/25 [1:35:38<1:25:03, 425.28s/it]                                                                                          Best trial: 72. Best value: 0.646642:  52%|█████▏    | 13/25 [1:42:43<1:25:03, 425.28s/it]Best trial: 72. Best value: 0.646642:  52%|█████▏    | 13/25 [1:42:43<1:25:03, 425.28s/it]Best trial: 72. Best value: 0.646642:  56%|█████▌    | 14/25 [1:42:43<1:17:57, 425.27s/it]                                                                                          
creating index...
index created!
Loading and preparing results...
DONE (t=0.01s)
creating index...
index created!
Running per image evaluation...
Evaluate annotation type *bbox*
DONE (t=1.77s).
Accumulating evaluation results...
DONE (t=0.35s).
 Average Precision  (AP) @[ IoU=0.50:0.95 | area=   all | maxDets=100 ] = 0.371
 Average Precision  (AP) @[ IoU=0.50      | area=   all | maxDets=100 ] = 0.618
 Average Precision  (AP) @[ IoU=0.75      | area=   all | maxDets=100 ] = 0.383
 Average Precision  (AP) @[ IoU=0.50:0.95 | area= small | maxDets=100 ] = -1.000
 Average Precision  (AP) @[ IoU=0.50:0.95 | area=medium | maxDets=100 ] = 0.232
 Average Precision  (AP) @[ IoU=0.50:0.95 | area= large | maxDets=100 ] = 0.538
 Average Recall     (AR) @[ IoU=0.50:0.95 | area=   all | maxDets=  1 ] = 0.259
 Average Recall     (AR) @[ IoU=0.50:0.95 | area=   all | maxDets= 10 ] = 0.488
 Average Recall     (AR) @[ IoU=0.50:0.95 | area=   all | maxDets=100 ] = 0.488
 Average Recall     (AR) @[ IoU=0.50:0.95 | area= small | maxDets=100 ] = -1.000
 Average Recall     (AR) @[ IoU=0.50:0.95 | area=medium | maxDets=100 ] = 0.342
 Average Recall     (AR) @[ IoU=0.50:0.95 | area= large | maxDets=100 ] = 0.658
[I 2026-02-24 00:26:11,630] Trial 86 finished with value: 0.6178933604311442 and parameters: {'alpha': 2.128309877240488, 'mean_rho': 0.03503867971516533, 'variance_rho': 0.03989840452824556, 'std_bias': 4.789513897811453, 'hue_threshold': 15.939779566990532, 'value_ratio_min': 0.48803553080209006, 'value_ratio_max': 0.8550460770422998, 'saturation_diff_threshold': 34.19630451048622}. Best is trial 72 with value: 0.6466417287921127.
creating index...
index created!
Loading and preparing results...
DONE (t=0.01s)
creating index...
index created!
Running per image evaluation...
Evaluate annotation type *bbox*
DONE (t=1.93s).
Accumulating evaluation results...
DONE (t=0.36s).
 Average Precision  (AP) @[ IoU=0.50:0.95 | area=   all | maxDets=100 ] = 0.335
 Average Precision  (AP) @[ IoU=0.50      | area=   all | maxDets=100 ] = 0.584
 Average Precision  (AP) @[ IoU=0.75      | area=   all | maxDets=100 ] = 0.331
 Average Precision  (AP) @[ IoU=0.50:0.95 | area= small | maxDets=100 ] = -1.000
 Average Precision  (AP) @[ IoU=0.50:0.95 | area=medium | maxDets=100 ] = 0.173
 Average Precision  (AP) @[ IoU=0.50:0.95 | area= large | maxDets=100 ] = 0.529
 Average Recall     (AR) @[ IoU=0.50:0.95 | area=   all | maxDets=  1 ] = 0.238
 Average Recall     (AR) @[ IoU=0.50:0.95 | area=   all | maxDets= 10 ] = 0.449
 Average Recall     (AR) @[ IoU=0.50:0.95 | area=   all | maxDets=100 ] = 0.449
 Average Recall     (AR) @[ IoU=0.50:0.95 | area= small | maxDets=100 ] = -1.000
 Average Recall     (AR) @[ IoU=0.50:0.95 | area=medium | maxDets=100 ] = 0.287
 Average Recall     (AR) @[ IoU=0.50:0.95 | area= large | maxDets=100 ] = 0.636
[I 2026-02-24 00:33:18,886] Trial 94 finished with value: 0.5836759977665227 and parameters: {'alpha': 2.201141735260304, 'mean_rho': 0.1741051750016827, 'variance_rho': 0.2227685098848633, 'std_bias': 4.075295886086465, 'hue_threshold': 14.419631788387177, 'value_ratio_min': 0.4750959592421465, 'value_ratio_max': 0.886961705548151, 'saturation_diff_threshold': 27.03184194497563}. Best is trial 72 with value: 0.6466417287921127.
creating index...
index created!
Loading and preparing results...
DONE (t=0.01s)
creating index...
index created!
Running per image evaluation...
Evaluate annotation type *bbox*
DONE (t=2.02s).
Accumulating evaluation results...
DONE (t=0.35s).
 Average Precision  (AP) @[ IoU=0.50:0.95 | area=   all | maxDets=100 ] = 0.357
 Average Precision  (AP) @[ IoU=0.50      | area=   all | maxDets=100 ] = 0.607
 Average Precision  (AP) @[ IoU=0.75      | area=   all | maxDets=100 ] = 0.379
 Average Precision  (AP) @[ IoU=0.50:0.95 | area= small | maxDets=100 ] = -1.000
 Average Precision  (AP) @[ IoU=0.50:0.95 | area=medium | maxDets=100 ] = 0.222
 Average Precision  (AP) @[ IoU=0.50:0.95 | area= large | maxDets=100 ] = 0.512
 Average Recall     (AR) @[ IoU=0.50:0.95 | area=   all | maxDets=  1 ] = 0.249
 Average Recall     (AR) @[ IoU=0.50:0.95 | area=   all | maxDets= 10 ] = 0.471
 Average Recall     (AR) @[ IoU=0.50:0.95 | area=   all | maxDets=100 ] = 0.471
 Average Recall     (AR) @[ IoU=0.50:0.95 | area= small | maxDets=100 ] = -1.000
 Average Recall     (AR) @[ IoU=0.50:0.95 | area=medium | maxDets=100 ] = 0.346
 Average Recall     (AR) @[ IoU=0.50:0.95 | area= large | maxDets=100 ] = 0.616
[I 2026-02-24 00:40:22,973] Trial 102 finished with value: 0.6067047221704978 and parameters: {'alpha': 1.8971512739500518, 'mean_rho': 0.1100596951401578, 'variance_rho': 0.1772358291205155, 'std_bias': 4.547090134616193, 'hue_threshold': 12.76126351269581, 'value_ratio_min': 0.4016511873291254, 'value_ratio_max': 0.9018245854622061, 'saturation_diff_threshold': 29.671716819187072}. Best is trial 72 with value: 0.6466417287921127.
creating index...
index created!
Loading and preparing results...
DONE (t=0.01s)
creating index...
index created!
Running per image evaluation...
Evaluate annotation type *bbox*
DONE (t=1.84s).
Accumulating evaluation results...
DONE (t=0.34s).
 Average Precision  (AP) @[ IoU=0.50:0.95 | area=   all | maxDets=100 ] = 0.368
 Average Precision  (AP) @[ IoU=0.50      | area=   all | maxDets=100 ] = 0.623
 Average Precision  (AP) @[ IoU=0.75      | area=   all | maxDets=100 ] = 0.381
 Average Precision  (AP) @[ IoU=0.50:0.95 | area= small | maxDets=100 ] = -1.000
 Average Precision  (AP) @[ IoU=0.50:0.95 | area=medium | maxDets=100 ] = 0.197
 Average Precision  (AP) @[ IoU=0.50:0.95 | area= large | maxDets=100 ] = 0.567
 Average Recall     (AR) @[ IoU=0.50:0.95 | area=   all | maxDets=  1 ] = 0.250
 Average Recall     (AR) @[ IoU=0.50:0.95 | area=   all | maxDets= 10 ] = 0.468
 Average Recall     (AR) @[ IoU=0.50:0.95 | area=   all | maxDets=100 ] = 0.468
 Average Recall     (AR) @[ IoU=0.50:0.95 | area= small | maxDets=100 ] = -1.000
 Average Recall     (AR) @[ IoU=0.50:0.95 | area=medium | maxDets=100 ] = 0.297
 Average Recall     (AR) @[ IoU=0.50:0.95 | area= large | maxDets=100 ] = 0.667
[I 2026-02-24 00:47:28,207] Trial 110 finished with value: 0.6231424617402622 and parameters: {'alpha': 2.4154536848889947, 'mean_rho': 0.07653296249043254, 'variance_rho': 0.0918102185954597, 'std_bias': 4.284230256714709, 'hue_threshold': 10.361658430610031, 'value_ratio_min': 0.42083683741253797, 'value_ratio_max': 0.8725115095211132, 'saturation_diff_threshold': 24.27113487118553}. Best is trial 72 with value: 0.6466417287921127.
creating index...
index created!
Loading and preparing results...
DONE (t=0.02s)
creating index...
index created!
Running per image evaluation...
Evaluate annotation type *bbox*
DONE (t=1.94s).
Accumulating evaluation results...
DONE (t=0.44s).
 Average Precision  (AP) @[ IoU=0.50:0.95 | area=   all | maxDets=100 ] = 0.279
 Average Precision  (AP) @[ IoU=0.50      | area=   all | maxDets=100 ] = 0.563
 Average Precision  (AP) @[ IoU=0.75      | area=   all | maxDets=100 ] = 0.240
 Average Precision  (AP) @[ IoU=0.50:0.95 | area= small | maxDets=100 ] = -1.000
 Average Precision  (AP) @[ IoU=0.50:0.95 | area=medium | maxDets=100 ] = 0.189
 Average Precision  (AP) @[ IoU=0.50:0.95 | area= large | maxDets=100 ] = 0.385
 Average Recall     (AR) @[ IoU=0.50:0.95 | area=   all | maxDets=  1 ] = 0.228
 Average Recall     (AR) @[ IoU=0.50:0.95 | area=   all | maxDets= 10 ] = 0.412
 Average Recall     (AR) @[ IoU=0.50:0.95 | area=   all | maxDets=100 ] = 0.412
 Average Recall     (AR) @[ IoU=0.50:0.95 | area= small | maxDets=100 ] = -1.000
 Average Recall     (AR) @[ IoU=0.50:0.95 | area=medium | maxDets=100 ] = 0.314
 Average Recall     (AR) @[ IoU=0.50:0.95 | area= large | maxDets=100 ] = 0.526
[I 2026-02-24 00:54:33,407] Trial 119 finished with value: 0.5629643462672098 and parameters: {'alpha': 2.6666059227596426, 'mean_rho': 0.05589973562481685, 'variance_rho': 0.055327612466940075, 'std_bias': 1.7168204923022268, 'hue_threshold': 11.81024261341222, 'value_ratio_min': 0.33056291452223735, 'value_ratio_max': 0.8843141608400112, 'saturation_diff_threshold': 33.2844886956611}. Best is trial 72 with value: 0.6466417287921127.Best trial: 72. Best value: 0.646642:  56%|█████▌    | 14/25 [1:49:48<1:17:57, 425.27s/it]Best trial: 72. Best value: 0.646642:  56%|█████▌    | 14/25 [1:49:48<1:17:57, 425.27s/it]Best trial: 72. Best value: 0.646642:  60%|██████    | 15/25 [1:49:48<1:10:52, 425.25s/it]                                                                                          Best trial: 72. Best value: 0.646642:  60%|██████    | 15/25 [1:56:17<1:10:52, 425.25s/it]Best trial: 72. Best value: 0.646642:  60%|██████    | 15/25 [1:56:17<1:10:52, 425.25s/it]Best trial: 72. Best value: 0.646642:  64%|██████▍   | 16/25 [1:56:17<1:02:06, 414.08s/it]                                                                                          Best trial: 72. Best value: 0.646642:  64%|██████▍   | 16/25 [2:07:18<1:02:06, 414.08s/it]Best trial: 72. Best value: 0.646642:  64%|██████▍   | 16/25 [2:07:18<1:02:06, 414.08s/it]Best trial: 72. Best value: 0.646642:  68%|██████▊   | 17/25 [2:07:18<1:05:08, 488.58s/it]                                                                                          Best trial: 72. Best value: 0.646642:  68%|██████▊   | 17/25 [2:14:18<1:05:08, 488.58s/it]Best trial: 72. Best value: 0.646642:  68%|██████▊   | 17/25 [2:14:18<1:05:08, 488.58s/it]Best trial: 72. Best value: 0.646642:  72%|███████▏  | 18/25 [2:14:18<54:34, 467.85s/it]                                                                                          Best trial: 72. Best value: 0.646642:  72%|███████▏  | 18/25 [2:21:08<54:34, 467.85s/it]Best trial: 72. Best value: 0.646642:  72%|███████▏  | 18/25 [2:21:08<54:34, 467.85s/it]Best trial: 72. Best value: 0.646642:  76%|███████▌  | 19/25 [2:21:08<45:02, 450.35s/it]                                                                                        
creating index...
index created!
Loading and preparing results...
DONE (t=0.02s)
creating index...
index created!
Running per image evaluation...
Evaluate annotation type *bbox*
DONE (t=1.97s).
Accumulating evaluation results...
DONE (t=0.29s).
 Average Precision  (AP) @[ IoU=0.50:0.95 | area=   all | maxDets=100 ] = 0.337
 Average Precision  (AP) @[ IoU=0.50      | area=   all | maxDets=100 ] = 0.590
 Average Precision  (AP) @[ IoU=0.75      | area=   all | maxDets=100 ] = 0.323
 Average Precision  (AP) @[ IoU=0.50:0.95 | area= small | maxDets=100 ] = -1.000
 Average Precision  (AP) @[ IoU=0.50:0.95 | area=medium | maxDets=100 ] = 0.162
 Average Precision  (AP) @[ IoU=0.50:0.95 | area= large | maxDets=100 ] = 0.552
 Average Recall     (AR) @[ IoU=0.50:0.95 | area=   all | maxDets=  1 ] = 0.246
 Average Recall     (AR) @[ IoU=0.50:0.95 | area=   all | maxDets= 10 ] = 0.445
 Average Recall     (AR) @[ IoU=0.50:0.95 | area=   all | maxDets=100 ] = 0.445
 Average Recall     (AR) @[ IoU=0.50:0.95 | area= small | maxDets=100 ] = -1.000
 Average Recall     (AR) @[ IoU=0.50:0.95 | area=medium | maxDets=100 ] = 0.257
 Average Recall     (AR) @[ IoU=0.50:0.95 | area= large | maxDets=100 ] = 0.664
[I 2026-02-24 01:01:01,563] Trial 127 finished with value: 0.5901559109499976 and parameters: {'alpha': 2.7357024952472706, 'mean_rho': 0.09970767126259841, 'variance_rho': 0.08301913758201707, 'std_bias': 3.975028453119189, 'hue_threshold': 10.818496587794241, 'value_ratio_min': 0.39639778988246577, 'value_ratio_max': 0.8482691530544347, 'saturation_diff_threshold': 34.60485895810943}. Best is trial 72 with value: 0.6466417287921127.
creating index...
index created!
Loading and preparing results...
DONE (t=0.04s)
creating index...
index created!
Running per image evaluation...
Evaluate annotation type *bbox*
DONE (t=3.76s).
Accumulating evaluation results...
DONE (t=0.64s).
 Average Precision  (AP) @[ IoU=0.50:0.95 | area=   all | maxDets=100 ] = 0.023
 Average Precision  (AP) @[ IoU=0.50      | area=   all | maxDets=100 ] = 0.072
 Average Precision  (AP) @[ IoU=0.75      | area=   all | maxDets=100 ] = 0.012
 Average Precision  (AP) @[ IoU=0.50:0.95 | area= small | maxDets=100 ] = -1.000
 Average Precision  (AP) @[ IoU=0.50:0.95 | area=medium | maxDets=100 ] = 0.021
 Average Precision  (AP) @[ IoU=0.50:0.95 | area= large | maxDets=100 ] = 0.029
 Average Recall     (AR) @[ IoU=0.50:0.95 | area=   all | maxDets=  1 ] = 0.100
 Average Recall     (AR) @[ IoU=0.50:0.95 | area=   all | maxDets= 10 ] = 0.145
 Average Recall     (AR) @[ IoU=0.50:0.95 | area=   all | maxDets=100 ] = 0.146
 Average Recall     (AR) @[ IoU=0.50:0.95 | area= small | maxDets=100 ] = -1.000
 Average Recall     (AR) @[ IoU=0.50:0.95 | area=medium | maxDets=100 ] = 0.183
 Average Recall     (AR) @[ IoU=0.50:0.95 | area= large | maxDets=100 ] = 0.105
[I 2026-02-24 01:12:03,382] Trial 135 finished with value: 0.07198322146077334 and parameters: {'alpha': 2.942454330509569, 'mean_rho': 0.07082032111872692, 'variance_rho': 0.1599626410403521, 'std_bias': 0.4481509419864462, 'hue_threshold': 7.651487631670555, 'value_ratio_min': 0.40689732345970064, 'value_ratio_max': 0.8585080482692127, 'saturation_diff_threshold': 31.193581693806447}. Best is trial 72 with value: 0.6466417287921127.
creating index...
index created!
Loading and preparing results...
DONE (t=0.02s)
creating index...
index created!
Running per image evaluation...
Evaluate annotation type *bbox*
DONE (t=1.97s).
Accumulating evaluation results...
DONE (t=0.37s).
 Average Precision  (AP) @[ IoU=0.50:0.95 | area=   all | maxDets=100 ] = 0.320
 Average Precision  (AP) @[ IoU=0.50      | area=   all | maxDets=100 ] = 0.636
 Average Precision  (AP) @[ IoU=0.75      | area=   all | maxDets=100 ] = 0.281
 Average Precision  (AP) @[ IoU=0.50:0.95 | area= small | maxDets=100 ] = -1.000
 Average Precision  (AP) @[ IoU=0.50:0.95 | area=medium | maxDets=100 ] = 0.210
 Average Precision  (AP) @[ IoU=0.50:0.95 | area= large | maxDets=100 ] = 0.444
 Average Recall     (AR) @[ IoU=0.50:0.95 | area=   all | maxDets=  1 ] = 0.233
 Average Recall     (AR) @[ IoU=0.50:0.95 | area=   all | maxDets= 10 ] = 0.431
 Average Recall     (AR) @[ IoU=0.50:0.95 | area=   all | maxDets=100 ] = 0.431
 Average Recall     (AR) @[ IoU=0.50:0.95 | area= small | maxDets=100 ] = -1.000
 Average Recall     (AR) @[ IoU=0.50:0.95 | area=medium | maxDets=100 ] = 0.313
 Average Recall     (AR) @[ IoU=0.50:0.95 | area= large | maxDets=100 ] = 0.567
[I 2026-02-24 01:19:02,968] Trial 148 finished with value: 0.6358012467802967 and parameters: {'alpha': 2.327542467303184, 'mean_rho': 0.05994113069034311, 'variance_rho': 0.11572051340178692, 'std_bias': 3.1479469965102758, 'hue_threshold': 6.154386677456794, 'value_ratio_min': 0.34655776091406926, 'value_ratio_max': 0.8770941703391854, 'saturation_diff_threshold': 28.77166064792937}. Best is trial 72 with value: 0.6466417287921127.
creating index...
index created!
Loading and preparing results...
DONE (t=0.01s)
creating index...
index created!
Running per image evaluation...
Evaluate annotation type *bbox*
DONE (t=1.51s).
Accumulating evaluation results...
DONE (t=0.29s).
 Average Precision  (AP) @[ IoU=0.50:0.95 | area=   all | maxDets=100 ] = 0.076
 Average Precision  (AP) @[ IoU=0.50      | area=   all | maxDets=100 ] = 0.188
 Average Precision  (AP) @[ IoU=0.75      | area=   all | maxDets=100 ] = 0.053
 Average Precision  (AP) @[ IoU=0.50:0.95 | area= small | maxDets=100 ] = -1.000
 Average Precision  (AP) @[ IoU=0.50:0.95 | area=medium | maxDets=100 ] = 0.042
 Average Precision  (AP) @[ IoU=0.50:0.95 | area= large | maxDets=100 ] = 0.128
 Average Recall     (AR) @[ IoU=0.50:0.95 | area=   all | maxDets=  1 ] = 0.108
 Average Recall     (AR) @[ IoU=0.50:0.95 | area=   all | maxDets= 10 ] = 0.163
 Average Recall     (AR) @[ IoU=0.50:0.95 | area=   all | maxDets=100 ] = 0.163
 Average Recall     (AR) @[ IoU=0.50:0.95 | area= small | maxDets=100 ] = -1.000
 Average Recall     (AR) @[ IoU=0.50:0.95 | area=medium | maxDets=100 ] = 0.096
 Average Recall     (AR) @[ IoU=0.50:0.95 | area= large | maxDets=100 ] = 0.241
[I 2026-02-24 01:25:52,570] Trial 156 finished with value: 0.18757479652452483 and parameters: {'alpha': 3.9442145376579667, 'mean_rho': 0.06188503972034051, 'variance_rho': 0.13552977750778183, 'std_bias': 2.8359423069225413, 'hue_threshold': 6.4829299118347565, 'value_ratio_min': 0.3561280189397207, 'value_ratio_max': 0.8861253943798031, 'saturation_diff_threshold': 27.772776496964863}. Best is trial 72 with value: 0.6466417287921127.
creating index...
index created!
Loading and preparing results...
DONE (t=0.01s)
creating index...
index created!
Running per image evaluation...
Evaluate annotation type *bbox*
DONE (t=1.89s).
Accumulating evaluation results...
DONE (t=0.30s).
 Average Precision  (AP) @[ IoU=0.50:0.95 | area=   all | maxDets=100 ] = 0.352
 Average Precision  (AP) @[ IoU=0.50      | area=   all | maxDets=100 ] = 0.600
 Average Precision  (AP) @[ IoU=0.75      | area=   all | maxDets=100 ] = 0.378
 Average Precision  (AP) @[ IoU=0.50:0.95 | area= small | maxDets=100 ] = -1.000
 Average Precision  (AP) @[ IoU=0.50:0.95 | area=medium | maxDets=100 ] = 0.236
 Average Precision  (AP) @[ IoU=0.50:0.95 | area= large | maxDets=100 ] = 0.489
 Average Recall     (AR) @[ IoU=0.50:0.95 | area=   all | maxDets=  1 ] = 0.238
 Average Recall     (AR) @[ IoU=0.50:0.95 | area=   all | maxDets= 10 ] = 0.457
 Average Recall     (AR) @[ IoU=0.50:0.95 | area=   all | maxDets=100 ] = 0.457
 Average Recall     (AR) @[ IoU=0.50:0.95 | area= small | maxDets=100 ] = -1.000
 Average Recall     (AR) @[ IoU=0.50:0.95 | area=medium | maxDets=100 ] = 0.339
 Average Recall     (AR) @[ IoU=0.50:0.95 | area= large | maxDets=100 ] = 0.594
