[I 2026-02-24 02:05:35,619] Using an existing study with name 'adaptive_with_temporal' instead of creating a new one.
Loading annotations and video...
Starting optimization for study 'adaptive_with_temporal'
Using temporal detector: True
Database: optuna_adaptive_with_temporal.db
Number of trials: 25

To run in parallel, execute this same command in multiple terminals.
--------------------------------------------------------------------------------
  0%|          | 0/25 [00:00<?, ?it/s]                                        0%|          | 0/25 [07:26<?, ?it/s]Best trial: 6. Best value: 0.507345:   0%|          | 0/25 [07:26<?, ?it/s]Best trial: 6. Best value: 0.507345:   4%|▍         | 1/25 [07:26<2:58:25, 446.05s/it]                                                                                      Best trial: 6. Best value: 0.507345:   4%|▍         | 1/25 [14:40<2:58:25, 446.05s/it]Best trial: 12. Best value: 0.59836:   4%|▍         | 1/25 [14:40<2:58:25, 446.05s/it]Best trial: 12. Best value: 0.59836:   8%|▊         | 2/25 [14:40<2:48:25, 439.35s/it]                                                                                      Best trial: 12. Best value: 0.59836:   8%|▊         | 2/25 [22:40<2:48:25, 439.35s/it]Best trial: 12. Best value: 0.59836:   8%|▊         | 2/25 [22:40<2:48:25, 439.35s/it]Best trial: 12. Best value: 0.59836:  12%|█▏        | 3/25 [22:40<2:47:50, 457.75s/it]                                                                                      Best trial: 12. Best value: 0.59836:  12%|█▏        | 3/25 [29:58<2:47:50, 457.75s/it]Best trial: 12. Best value: 0.59836:  12%|█▏        | 3/25 [29:58<2:47:50, 457.75s/it]Best trial: 12. Best value: 0.59836:  16%|█▌        | 4/25 [29:58<2:37:27, 449.87s/it]                                                                                      creating index...
index created!
Loading and preparing results...
DONE (t=0.01s)
creating index...
index created!
Running per image evaluation...
Evaluate annotation type *bbox*
DONE (t=1.58s).
Accumulating evaluation results...
DONE (t=0.23s).
 Average Precision  (AP) @[ IoU=0.50:0.95 | area=   all | maxDets=100 ] = 0.038
 Average Precision  (AP) @[ IoU=0.50      | area=   all | maxDets=100 ] = 0.126
 Average Precision  (AP) @[ IoU=0.75      | area=   all | maxDets=100 ] = 0.016
 Average Precision  (AP) @[ IoU=0.50:0.95 | area= small | maxDets=100 ] = -1.000
 Average Precision  (AP) @[ IoU=0.50:0.95 | area=medium | maxDets=100 ] = 0.015
 Average Precision  (AP) @[ IoU=0.50:0.95 | area= large | maxDets=100 ] = 0.076
 Average Recall     (AR) @[ IoU=0.50:0.95 | area=   all | maxDets=  1 ] = 0.072
 Average Recall     (AR) @[ IoU=0.50:0.95 | area=   all | maxDets= 10 ] = 0.105
 Average Recall     (AR) @[ IoU=0.50:0.95 | area=   all | maxDets=100 ] = 0.105
 Average Recall     (AR) @[ IoU=0.50:0.95 | area= small | maxDets=100 ] = -1.000
 Average Recall     (AR) @[ IoU=0.50:0.95 | area=medium | maxDets=100 ] = 0.051
 Average Recall     (AR) @[ IoU=0.50:0.95 | area= large | maxDets=100 ] = 0.167
[I 2026-02-24 02:13:01,676] Trial 7 finished with value: 0.12642100342540652 and parameters: {'alpha': 4.8132614184548235, 'mean_rho': 0.296868588169164, 'variance_rho': 0.10578060604037225, 'std_bias': 4.106955661523754, 'hue_threshold': 24.284875990560113, 'value_ratio_min': 0.5096490338534083, 'value_ratio_max': 0.8946822420735719, 'saturation_diff_threshold': 37.69849116862929}. Best is trial 6 with value: 0.5073452909060291.
creating index...
index created!
Loading and preparing results...
DONE (t=0.01s)
creating index...
index created!
Running per image evaluation...
Evaluate annotation type *bbox*
DONE (t=2.12s).
Accumulating evaluation results...
DONE (t=0.27s).
 Average Precision  (AP) @[ IoU=0.50:0.95 | area=   all | maxDets=100 ] = 0.310
 Average Precision  (AP) @[ IoU=0.50      | area=   all | maxDets=100 ] = 0.598
 Average Precision  (AP) @[ IoU=0.75      | area=   all | maxDets=100 ] = 0.302
 Average Precision  (AP) @[ IoU=0.50:0.95 | area= small | maxDets=100 ] = -1.000
 Average Precision  (AP) @[ IoU=0.50:0.95 | area=medium | maxDets=100 ] = 0.172
 Average Precision  (AP) @[ IoU=0.50:0.95 | area= large | maxDets=100 ] = 0.476
 Average Recall     (AR) @[ IoU=0.50:0.95 | area=   all | maxDets=  1 ] = 0.222
 Average Recall     (AR) @[ IoU=0.50:0.95 | area=   all | maxDets= 10 ] = 0.425
 Average Recall     (AR) @[ IoU=0.50:0.95 | area=   all | maxDets=100 ] = 0.425
 Average Recall     (AR) @[ IoU=0.50:0.95 | area= small | maxDets=100 ] = -1.000
 Average Recall     (AR) @[ IoU=0.50:0.95 | area=medium | maxDets=100 ] = 0.281
 Average Recall     (AR) @[ IoU=0.50:0.95 | area= large | maxDets=100 ] = 0.593
[I 2026-02-24 02:20:16,339] Trial 12 finished with value: 0.5983602105526338 and parameters: {'alpha': 2.3900346288819065, 'mean_rho': 0.20043430558608355, 'variance_rho': 0.09561318340787206, 'std_bias': 2.8790895957535056, 'hue_threshold': 28.076797005491407, 'value_ratio_min': 0.34618894386886534, 'value_ratio_max': 0.9318549198242572, 'saturation_diff_threshold': 44.410031578379375}. Best is trial 12 with value: 0.5983602105526338.
creating index...
index created!
Loading and preparing results...
DONE (t=0.01s)
creating index...
index created!
Running per image evaluation...
Evaluate annotation type *bbox*
DONE (t=2.05s).
Accumulating evaluation results...
DONE (t=0.31s).
 Average Precision  (AP) @[ IoU=0.50:0.95 | area=   all | maxDets=100 ] = 0.168
 Average Precision  (AP) @[ IoU=0.50      | area=   all | maxDets=100 ] = 0.457
 Average Precision  (AP) @[ IoU=0.75      | area=   all | maxDets=100 ] = 0.099
 Average Precision  (AP) @[ IoU=0.50:0.95 | area= small | maxDets=100 ] = -1.000
 Average Precision  (AP) @[ IoU=0.50:0.95 | area=medium | maxDets=100 ] = 0.130
 Average Precision  (AP) @[ IoU=0.50:0.95 | area= large | maxDets=100 ] = 0.219
 Average Recall     (AR) @[ IoU=0.50:0.95 | area=   all | maxDets=  1 ] = 0.160
 Average Recall     (AR) @[ IoU=0.50:0.95 | area=   all | maxDets= 10 ] = 0.291
 Average Recall     (AR) @[ IoU=0.50:0.95 | area=   all | maxDets=100 ] = 0.292
 Average Recall     (AR) @[ IoU=0.50:0.95 | area= small | maxDets=100 ] = -1.000
 Average Recall     (AR) @[ IoU=0.50:0.95 | area=medium | maxDets=100 ] = 0.247
 Average Recall     (AR) @[ IoU=0.50:0.95 | area= large | maxDets=100 ] = 0.343
[I 2026-02-24 02:28:15,982] Trial 19 finished with value: 0.45695557911959933 and parameters: {'alpha': 1.9292728231270326, 'mean_rho': 0.12125556592631945, 'variance_rho': 0.2767967986089734, 'std_bias': 3.589875090476656, 'hue_threshold': 8.95632451965022, 'value_ratio_min': 0.33193837773028306, 'value_ratio_max': 0.8066181255101543, 'saturation_diff_threshold': 49.57353693628511}. Best is trial 12 with value: 0.5983602105526338.
creating index...
index created!
Loading and preparing results...
DONE (t=0.01s)
creating index...
index created!
Running per image evaluation...
Evaluate annotation type *bbox*
DONE (t=1.98s).
Accumulating evaluation results...
DONE (t=0.35s).
 Average Precision  (AP) @[ IoU=0.50:0.95 | area=   all | maxDets=100 ] = 0.292
 Average Precision  (AP) @[ IoU=0.50      | area=   all | maxDets=100 ] = 0.588
 Average Precision  (AP) @[ IoU=0.75      | area=   all | maxDets=100 ] = 0.264
 Average Precision  (AP) @[ IoU=0.50:0.95 | area= small | maxDets=100 ] = -1.000
 Average Precision  (AP) @[ IoU=0.50:0.95 | area=medium | maxDets=100 ] = 0.188
 Average Precision  (AP) @[ IoU=0.50:0.95 | area= large | maxDets=100 ] = 0.416
 Average Recall     (AR) @[ IoU=0.50:0.95 | area=   all | maxDets=  1 ] = 0.211
 Average Recall     (AR) @[ IoU=0.50:0.95 | area=   all | maxDets= 10 ] = 0.403
 Average Recall     (AR) @[ IoU=0.50:0.95 | area=   all | maxDets=100 ] = 0.403
 Average Recall     (AR) @[ IoU=0.50:0.95 | area= small | maxDets=100 ] = -1.000
 Average Recall     (AR) @[ IoU=0.50:0.95 | area=medium | maxDets=100 ] = 0.302
 Average Recall     (AR) @[ IoU=0.50:0.95 | area= large | maxDets=100 ] = 0.521
[I 2026-02-24 02:35:33,787] Trial 25 finished with value: 0.5877740567777765 and parameters: {'alpha': 2.714376343392335, 'mean_rho': 0.3923319240061285, 'variance_rho': 0.05259489692727984, 'std_bias': 2.291577004976022, 'hue_threshold': 29.310456123044776, 'value_ratio_min': 0.3922293073897379, 'value_ratio_max': 0.9437312698905034, 'saturation_diff_threshold': 18.961724415420694}. Best is trial 12 with value: 0.5983602105526338.
creating index...
index created!
Loading and preparing results...
DONE (t=0.01s)
creating index...
index created!
Running per image evaluation...
Evaluate annotation type *bbox*
DONE (t=2.04s).
Accumulating evaluation results...
DONE (t=0.31s).
 Average Precision  (AP) @[ IoU=0.50:0.95 | area=   all | maxDets=100 ] = 0.281
 Average Precision  (AP) @[ IoU=0.50      | area=   all | maxDets=100 ] = 0.571
 Average Precision  (AP) @[ IoU=0.75      | area=   all | maxDets=100 ] = 0.260
 Average Precision  (AP) @[ IoU=0.50:0.95 | area= small | maxDets=100 ] = -1.000
 Average Precision  (AP) @[ IoU=0.50:0.95 | area=medium | maxDets=100 ] = 0.161
 Average Precision  (AP) @[ IoU=0.50:0.95 | area= large | maxDets=100 ] = 0.431
 Average Recall     (AR) @[ IoU=0.50:0.95 | area=   all | maxDets=  1 ] = 0.212
 Average Recall     (AR) @[ IoU=0.50:0.95 | area=   all | maxDets= 10 ] = 0.406
 Average Recall     (AR) @[ IoU=0.50:0.95 | area=   all | maxDets=100 ] = 0.406
 Average Recall     (AR) @[ IoU=0.50:0.95 | area= small | maxDets=100 ] = -1.000
 Average Recall     (AR) @[ IoU=0.50:0.95 | area=medium | maxDets=100 ] = 0.283
 Average Recall     (AR) @[ IoU=0.50:0.95 | area= large | maxDets=100 ] = 0.547
[I 2026-02-24 02:42:54,337] Trial 32 finished with value: 0.5711969015110998 and parameters: {'alpha': 2.6876717889745407, 'mean_rho': 0.349448199989596, 'variance_rho': 0.0739471827257675, 'std_bias': 2.5110096986037416, 'hue_threshold': 29.831881417385464, 'value_ratio_min': 0.41653403215515433, 'value_ratio_max': 0.8809729420266001, 'saturation_diff_threshold': 22.997428869351232}. Best is trial 27 with value: 0.6218635226564296.Best trial: 12. Best value: 0.59836:  16%|█▌        | 4/25 [37:18<2:37:27, 449.87s/it]Best trial: 27. Best value: 0.621864:  16%|█▌        | 4/25 [37:18<2:37:27, 449.87s/it]Best trial: 27. Best value: 0.621864:  20%|██        | 5/25 [37:18<2:28:50, 446.51s/it]                                                                                       Best trial: 27. Best value: 0.621864:  20%|██        | 5/25 [44:30<2:28:50, 446.51s/it]Best trial: 27. Best value: 0.621864:  20%|██        | 5/25 [44:30<2:28:50, 446.51s/it]Best trial: 27. Best value: 0.621864:  24%|██▍       | 6/25 [44:30<2:19:51, 441.65s/it]                                                                                       Best trial: 27. Best value: 0.621864:  24%|██▍       | 6/25 [53:27<2:19:51, 441.65s/it]Best trial: 27. Best value: 0.621864:  24%|██▍       | 6/25 [53:27<2:19:51, 441.65s/it]Best trial: 27. Best value: 0.621864:  28%|██▊       | 7/25 [53:27<2:21:48, 472.69s/it]                                                                                       Best trial: 27. Best value: 0.621864:  28%|██▊       | 7/25 [1:00:37<2:21:48, 472.69s/it]Best trial: 27. Best value: 0.621864:  28%|██▊       | 7/25 [1:00:37<2:21:48, 472.69s/it]Best trial: 27. Best value: 0.621864:  32%|███▏      | 8/25 [1:00:37<2:10:06, 459.19s/it]                                                                                         Best trial: 27. Best value: 0.621864:  32%|███▏      | 8/25 [1:08:03<2:10:06, 459.19s/it]Best trial: 27. Best value: 0.621864:  32%|███▏      | 8/25 [1:08:03<2:10:06, 459.19s/it]Best trial: 27. Best value: 0.621864:  36%|███▌      | 9/25 [1:08:03<2:01:17, 454.86s/it]                                                                                         
creating index...
index created!
Loading and preparing results...
DONE (t=0.01s)
creating index...
index created!
Running per image evaluation...
Evaluate annotation type *bbox*
DONE (t=1.84s).
Accumulating evaluation results...
DONE (t=0.32s).
 Average Precision  (AP) @[ IoU=0.50:0.95 | area=   all | maxDets=100 ] = 0.245
 Average Precision  (AP) @[ IoU=0.50      | area=   all | maxDets=100 ] = 0.474
 Average Precision  (AP) @[ IoU=0.75      | area=   all | maxDets=100 ] = 0.221
 Average Precision  (AP) @[ IoU=0.50:0.95 | area= small | maxDets=100 ] = -1.000
 Average Precision  (AP) @[ IoU=0.50:0.95 | area=medium | maxDets=100 ] = 0.091
 Average Precision  (AP) @[ IoU=0.50:0.95 | area= large | maxDets=100 ] = 0.453
 Average Recall     (AR) @[ IoU=0.50:0.95 | area=   all | maxDets=  1 ] = 0.201
 Average Recall     (AR) @[ IoU=0.50:0.95 | area=   all | maxDets= 10 ] = 0.351
 Average Recall     (AR) @[ IoU=0.50:0.95 | area=   all | maxDets=100 ] = 0.351
 Average Recall     (AR) @[ IoU=0.50:0.95 | area= small | maxDets=100 ] = -1.000
 Average Recall     (AR) @[ IoU=0.50:0.95 | area=medium | maxDets=100 ] = 0.166
 Average Recall     (AR) @[ IoU=0.50:0.95 | area= large | maxDets=100 ] = 0.567
[I 2026-02-24 02:50:06,568] Trial 40 finished with value: 0.4736392145827227 and parameters: {'alpha': 3.1452979037359485, 'mean_rho': 0.23621446809070623, 'variance_rho': 0.1450857943839888, 'std_bias': 2.8211887464841023, 'hue_threshold': 24.32806197793244, 'value_ratio_min': 0.4244706938238645, 'value_ratio_max': 0.9218240598187825, 'saturation_diff_threshold': 34.13554340636}. Best is trial 27 with value: 0.6218635226564296.
creating index...
index created!
Loading and preparing results...
DONE (t=0.27s)
creating index...
index created!
Running per image evaluation...
Evaluate annotation type *bbox*
DONE (t=2.77s).
Accumulating evaluation results...
DONE (t=0.48s).
 Average Precision  (AP) @[ IoU=0.50:0.95 | area=   all | maxDets=100 ] = 0.095
 Average Precision  (AP) @[ IoU=0.50      | area=   all | maxDets=100 ] = 0.239
 Average Precision  (AP) @[ IoU=0.75      | area=   all | maxDets=100 ] = 0.058
 Average Precision  (AP) @[ IoU=0.50:0.95 | area= small | maxDets=100 ] = -1.000
 Average Precision  (AP) @[ IoU=0.50:0.95 | area=medium | maxDets=100 ] = 0.053
 Average Precision  (AP) @[ IoU=0.50:0.95 | area= large | maxDets=100 ] = 0.154
 Average Recall     (AR) @[ IoU=0.50:0.95 | area=   all | maxDets=  1 ] = 0.149
 Average Recall     (AR) @[ IoU=0.50:0.95 | area=   all | maxDets= 10 ] = 0.289
 Average Recall     (AR) @[ IoU=0.50:0.95 | area=   all | maxDets=100 ] = 0.289
 Average Recall     (AR) @[ IoU=0.50:0.95 | area= small | maxDets=100 ] = -1.000
 Average Recall     (AR) @[ IoU=0.50:0.95 | area=medium | maxDets=100 ] = 0.250
 Average Recall     (AR) @[ IoU=0.50:0.95 | area= large | maxDets=100 ] = 0.335
[I 2026-02-24 02:59:03,140] Trial 48 finished with value: 0.23940046748407426 and parameters: {'alpha': 2.4701674000397436, 'mean_rho': 0.282894960526029, 'variance_rho': 0.09584996039456732, 'std_bias': 1.505411070807375, 'hue_threshold': 27.682823364675247, 'value_ratio_min': 0.36133031529732185, 'value_ratio_max': 0.9621441712044327, 'saturation_diff_threshold': 14.689908382776096}. Best is trial 27 with value: 0.6218635226564296.
creating index...
index created!
Loading and preparing results...
DONE (t=0.02s)
creating index...
index created!
Running per image evaluation...
Evaluate annotation type *bbox*
DONE (t=1.85s).
Accumulating evaluation results...
DONE (t=0.32s).
 Average Precision  (AP) @[ IoU=0.50:0.95 | area=   all | maxDets=100 ] = 0.319
 Average Precision  (AP) @[ IoU=0.50      | area=   all | maxDets=100 ] = 0.597
 Average Precision  (AP) @[ IoU=0.75      | area=   all | maxDets=100 ] = 0.309
 Average Precision  (AP) @[ IoU=0.50:0.95 | area= small | maxDets=100 ] = -1.000
 Average Precision  (AP) @[ IoU=0.50:0.95 | area=medium | maxDets=100 ] = 0.171
 Average Precision  (AP) @[ IoU=0.50:0.95 | area= large | maxDets=100 ] = 0.497
 Average Recall     (AR) @[ IoU=0.50:0.95 | area=   all | maxDets=  1 ] = 0.228
 Average Recall     (AR) @[ IoU=0.50:0.95 | area=   all | maxDets= 10 ] = 0.425
 Average Recall     (AR) @[ IoU=0.50:0.95 | area=   all | maxDets=100 ] = 0.425
 Average Recall     (AR) @[ IoU=0.50:0.95 | area= small | maxDets=100 ] = -1.000
 Average Recall     (AR) @[ IoU=0.50:0.95 | area=medium | maxDets=100 ] = 0.269
 Average Recall     (AR) @[ IoU=0.50:0.95 | area= large | maxDets=100 ] = 0.606
[I 2026-02-24 03:06:13,448] Trial 56 finished with value: 0.5969627821327042 and parameters: {'alpha': 3.348381232656615, 'mean_rho': 0.15954312978764548, 'variance_rho': 0.031140429395314247, 'std_bias': 1.912796360503292, 'hue_threshold': 27.836475929961914, 'value_ratio_min': 0.4651808833105902, 'value_ratio_max': 0.9528115725251478, 'saturation_diff_threshold': 25.719628321119956}. Best is trial 27 with value: 0.6218635226564296.
creating index...
index created!
Loading and preparing results...
DONE (t=0.26s)
creating index...
index created!
Running per image evaluation...
Evaluate annotation type *bbox*
DONE (t=1.70s).
Accumulating evaluation results...
DONE (t=0.28s).
 Average Precision  (AP) @[ IoU=0.50:0.95 | area=   all | maxDets=100 ] = 0.316
 Average Precision  (AP) @[ IoU=0.50      | area=   all | maxDets=100 ] = 0.560
 Average Precision  (AP) @[ IoU=0.75      | area=   all | maxDets=100 ] = 0.317
 Average Precision  (AP) @[ IoU=0.50:0.95 | area= small | maxDets=100 ] = -1.000
 Average Precision  (AP) @[ IoU=0.50:0.95 | area=medium | maxDets=100 ] = 0.182
 Average Precision  (AP) @[ IoU=0.50:0.95 | area= large | maxDets=100 ] = 0.468
 Average Recall     (AR) @[ IoU=0.50:0.95 | area=   all | maxDets=  1 ] = 0.217
 Average Recall     (AR) @[ IoU=0.50:0.95 | area=   all | maxDets= 10 ] = 0.419
 Average Recall     (AR) @[ IoU=0.50:0.95 | area=   all | maxDets=100 ] = 0.419
 Average Recall     (AR) @[ IoU=0.50:0.95 | area= small | maxDets=100 ] = -1.000
 Average Recall     (AR) @[ IoU=0.50:0.95 | area=medium | maxDets=100 ] = 0.284
 Average Recall     (AR) @[ IoU=0.50:0.95 | area= large | maxDets=100 ] = 0.577
[I 2026-02-24 03:13:38,789] Trial 64 finished with value: 0.5603246181867523 and parameters: {'alpha': 3.376213392755349, 'mean_rho': 0.19817179997488915, 'variance_rho': 0.0067288392070333075, 'std_bias': 2.0043882522498606, 'hue_threshold': 29.935291056976226, 'value_ratio_min': 0.5263233906909839, 'value_ratio_max': 0.9986133782512543, 'saturation_diff_threshold': 25.342570767146032}. Best is trial 27 with value: 0.6218635226564296.
creating index...
index created!
Loading and preparing results...
DONE (t=0.05s)
creating index...
index created!
Running per image evaluation...
Evaluate annotation type *bbox*
DONE (t=2.95s).
Accumulating evaluation results...
DONE (t=0.68s).
 Average Precision  (AP) @[ IoU=0.50:0.95 | area=   all | maxDets=100 ] = 0.052
 Average Precision  (AP) @[ IoU=0.50      | area=   all | maxDets=100 ] = 0.121
 Average Precision  (AP) @[ IoU=0.75      | area=   all | maxDets=100 ] = 0.034
 Average Precision  (AP) @[ IoU=0.50:0.95 | area= small | maxDets=100 ] = -1.000
 Average Precision  (AP) @[ IoU=0.50:0.95 | area=medium | maxDets=100 ] = 0.022
 Average Precision  (AP) @[ IoU=0.50:0.95 | area= large | maxDets=100 ] = 0.088
 Average Recall     (AR) @[ IoU=0.50:0.95 | area=   all | maxDets=  1 ] = 0.075
 Average Recall     (AR) @[ IoU=0.50:0.95 | area=   all | maxDets= 10 ] = 0.167
 Average Recall     (AR) @[ IoU=0.50:0.95 | area=   all | maxDets=100 ] = 0.167
 Average Recall     (AR) @[ IoU=0.50:0.95 | area= small | maxDets=100 ] = -1.000
 Average Recall     (AR) @[ IoU=0.50:0.95 | area=medium | maxDets=100 ] = 0.131
 Average Recall     (AR) @[ IoU=0.50:0.95 | area= large | maxDets=100 ] = 0.209
