[I 2026-02-23 23:04:24,128] Using an existing study with name 'adaptive_no_temporal' instead of creating a new one.
Loading annotations and video...
Starting optimization for study 'adaptive_no_temporal'
Using temporal detector: False
Database: optuna_adaptive_no_temporal.db
Number of trials: 25

To run in parallel, execute this same command in multiple terminals.
--------------------------------------------------------------------------------
  0%|          | 0/25 [00:00<?, ?it/s]                                        0%|          | 0/25 [06:54<?, ?it/s]Best trial: 1. Best value: 0.364664:   0%|          | 0/25 [06:54<?, ?it/s]Best trial: 1. Best value: 0.364664:   4%|▍         | 1/25 [06:54<2:45:37, 414.08s/it]                                                                                      Best trial: 1. Best value: 0.364664:   4%|▍         | 1/25 [13:17<2:45:37, 414.08s/it]Best trial: 4. Best value: 0.577214:   4%|▍         | 1/25 [13:17<2:45:37, 414.08s/it]Best trial: 4. Best value: 0.577214:   8%|▊         | 2/25 [13:17<2:31:46, 395.94s/it]                                                                                      Best trial: 4. Best value: 0.577214:   8%|▊         | 2/25 [22:31<2:31:46, 395.94s/it]Best trial: 20. Best value: 0.620775:   8%|▊         | 2/25 [22:31<2:31:46, 395.94s/it]Best trial: 20. Best value: 0.620775:  12%|█▏        | 3/25 [22:31<2:51:36, 468.01s/it]                                                                                       Best trial: 20. Best value: 0.620775:  12%|█▏        | 3/25 [29:06<2:51:36, 468.01s/it]Best trial: 28. Best value: 0.627253:  12%|█▏        | 3/25 [29:06<2:51:36, 468.01s/it]Best trial: 28. Best value: 0.627253:  16%|█▌        | 4/25 [29:06<2:33:44, 439.24s/it]                                                                                       creating index...
index created!
Loading and preparing results...
DONE (t=0.01s)
creating index...
index created!
Running per image evaluation...
Evaluate annotation type *bbox*
DONE (t=1.80s).
Accumulating evaluation results...
DONE (t=0.33s).
 Average Precision  (AP) @[ IoU=0.50:0.95 | area=   all | maxDets=100 ] = 0.061
 Average Precision  (AP) @[ IoU=0.50      | area=   all | maxDets=100 ] = 0.161
 Average Precision  (AP) @[ IoU=0.75      | area=   all | maxDets=100 ] = 0.036
 Average Precision  (AP) @[ IoU=0.50:0.95 | area= small | maxDets=100 ] = -1.000
 Average Precision  (AP) @[ IoU=0.50:0.95 | area=medium | maxDets=100 ] = 0.036
 Average Precision  (AP) @[ IoU=0.50:0.95 | area= large | maxDets=100 ] = 0.107
 Average Recall     (AR) @[ IoU=0.50:0.95 | area=   all | maxDets=  1 ] = 0.092
 Average Recall     (AR) @[ IoU=0.50:0.95 | area=   all | maxDets= 10 ] = 0.162
 Average Recall     (AR) @[ IoU=0.50:0.95 | area=   all | maxDets=100 ] = 0.162
 Average Recall     (AR) @[ IoU=0.50:0.95 | area= small | maxDets=100 ] = -1.000
 Average Recall     (AR) @[ IoU=0.50:0.95 | area=medium | maxDets=100 ] = 0.117
 Average Recall     (AR) @[ IoU=0.50:0.95 | area= large | maxDets=100 ] = 0.213
[I 2026-02-23 23:11:18,211] Trial 2 finished with value: 0.160500575771941 and parameters: {'alpha': 3.214914281789853, 'mean_rho': 0.29304937109316487, 'variance_rho': 0.3004849580554881, 'std_bias': 4.848700751517924, 'hue_threshold': 6.767140180173641, 'value_ratio_min': 0.5733275352803044, 'value_ratio_max': 0.9556151841762438, 'saturation_diff_threshold': 42.71854058497891}. Best is trial 1 with value: 0.36466419005205847.
creating index...
index created!
Loading and preparing results...
DONE (t=0.01s)
creating index...
index created!
Running per image evaluation...
Evaluate annotation type *bbox*
DONE (t=1.55s).
Accumulating evaluation results...
DONE (t=0.22s).
 Average Precision  (AP) @[ IoU=0.50:0.95 | area=   all | maxDets=100 ] = 0.182
 Average Precision  (AP) @[ IoU=0.50      | area=   all | maxDets=100 ] = 0.362
 Average Precision  (AP) @[ IoU=0.75      | area=   all | maxDets=100 ] = 0.149
 Average Precision  (AP) @[ IoU=0.50:0.95 | area= small | maxDets=100 ] = -1.000
 Average Precision  (AP) @[ IoU=0.50:0.95 | area=medium | maxDets=100 ] = 0.065
 Average Precision  (AP) @[ IoU=0.50:0.95 | area= large | maxDets=100 ] = 0.355
 Average Recall     (AR) @[ IoU=0.50:0.95 | area=   all | maxDets=  1 ] = 0.180
 Average Recall     (AR) @[ IoU=0.50:0.95 | area=   all | maxDets= 10 ] = 0.295
 Average Recall     (AR) @[ IoU=0.50:0.95 | area=   all | maxDets=100 ] = 0.295
 Average Recall     (AR) @[ IoU=0.50:0.95 | area= small | maxDets=100 ] = -1.000
 Average Recall     (AR) @[ IoU=0.50:0.95 | area=medium | maxDets=100 ] = 0.128
 Average Recall     (AR) @[ IoU=0.50:0.95 | area= large | maxDets=100 ] = 0.489
[I 2026-02-23 23:17:41,463] Trial 10 finished with value: 0.36197007242788987 and parameters: {'alpha': 3.5145159490045192, 'mean_rho': 0.3276608614965365, 'variance_rho': 0.0777560052495279, 'std_bias': 4.975991432772361, 'hue_threshold': 25.594227297538414, 'value_ratio_min': 0.48411898080254767, 'value_ratio_max': 0.875488252037218, 'saturation_diff_threshold': 24.000967220171447}. Best is trial 4 with value: 0.5772143188656536.
creating index...
index created!
Loading and preparing results...
DONE (t=0.27s)
creating index...
index created!
Running per image evaluation...
Evaluate annotation type *bbox*
DONE (t=2.75s).
Accumulating evaluation results...
DONE (t=0.44s).
 Average Precision  (AP) @[ IoU=0.50:0.95 | area=   all | maxDets=100 ] = 0.099
 Average Precision  (AP) @[ IoU=0.50      | area=   all | maxDets=100 ] = 0.209
 Average Precision  (AP) @[ IoU=0.75      | area=   all | maxDets=100 ] = 0.087
 Average Precision  (AP) @[ IoU=0.50:0.95 | area= small | maxDets=100 ] = -1.000
 Average Precision  (AP) @[ IoU=0.50:0.95 | area=medium | maxDets=100 ] = 0.049
 Average Precision  (AP) @[ IoU=0.50:0.95 | area= large | maxDets=100 ] = 0.161
 Average Recall     (AR) @[ IoU=0.50:0.95 | area=   all | maxDets=  1 ] = 0.135
 Average Recall     (AR) @[ IoU=0.50:0.95 | area=   all | maxDets= 10 ] = 0.287
 Average Recall     (AR) @[ IoU=0.50:0.95 | area=   all | maxDets=100 ] = 0.287
 Average Recall     (AR) @[ IoU=0.50:0.95 | area= small | maxDets=100 ] = -1.000
 Average Recall     (AR) @[ IoU=0.50:0.95 | area=medium | maxDets=100 ] = 0.239
 Average Recall     (AR) @[ IoU=0.50:0.95 | area= large | maxDets=100 ] = 0.343
[I 2026-02-23 23:26:55,237] Trial 16 finished with value: 0.2093664682479556 and parameters: {'alpha': 1.6071895934817166, 'mean_rho': 0.04045131517594139, 'variance_rho': 0.25575560924760304, 'std_bias': 1.9366567164744826, 'hue_threshold': 25.346848603998666, 'value_ratio_min': 0.516910774989231, 'value_ratio_max': 0.9578521069008364, 'saturation_diff_threshold': 17.15881955792668}. Best is trial 20 with value: 0.6207753365503557.
creating index...
index created!
Loading and preparing results...
DONE (t=0.25s)
creating index...
index created!
Running per image evaluation...
Evaluate annotation type *bbox*
DONE (t=1.96s).
Accumulating evaluation results...
DONE (t=0.32s).
 Average Precision  (AP) @[ IoU=0.50:0.95 | area=   all | maxDets=100 ] = 0.378
 Average Precision  (AP) @[ IoU=0.50      | area=   all | maxDets=100 ] = 0.627
 Average Precision  (AP) @[ IoU=0.75      | area=   all | maxDets=100 ] = 0.403
 Average Precision  (AP) @[ IoU=0.50:0.95 | area= small | maxDets=100 ] = -1.000
 Average Precision  (AP) @[ IoU=0.50:0.95 | area=medium | maxDets=100 ] = 0.246
 Average Precision  (AP) @[ IoU=0.50:0.95 | area= large | maxDets=100 ] = 0.534
 Average Recall     (AR) @[ IoU=0.50:0.95 | area=   all | maxDets=  1 ] = 0.254
 Average Recall     (AR) @[ IoU=0.50:0.95 | area=   all | maxDets= 10 ] = 0.485
 Average Recall     (AR) @[ IoU=0.50:0.95 | area=   all | maxDets=100 ] = 0.485
 Average Recall     (AR) @[ IoU=0.50:0.95 | area= small | maxDets=100 ] = -1.000
 Average Recall     (AR) @[ IoU=0.50:0.95 | area=medium | maxDets=100 ] = 0.350
 Average Recall     (AR) @[ IoU=0.50:0.95 | area= large | maxDets=100 ] = 0.642
[I 2026-02-23 23:33:30,380] Trial 28 finished with value: 0.6272534500190091 and parameters: {'alpha': 2.2232171851610256, 'mean_rho': 0.1329404757378388, 'variance_rho': 0.06679057350888108, 'std_bias': 3.825432850369082, 'hue_threshold': 14.957503995277092, 'value_ratio_min': 0.301068802746944, 'value_ratio_max': 0.9772579596329333, 'saturation_diff_threshold': 31.880159728220114}. Best is trial 28 with value: 0.6272534500190091.
creating index...
index created!
Loading and preparing results...
DONE (t=0.02s)
creating index...
index created!
Running per image evaluation...
Evaluate annotation type *bbox*
DONE (t=1.95s).
Accumulating evaluation results...
DONE (t=0.33s).
 Average Precision  (AP) @[ IoU=0.50:0.95 | area=   all | maxDets=100 ] = 0.282
 Average Precision  (AP) @[ IoU=0.50      | area=   all | maxDets=100 ] = 0.530
 Average Precision  (AP) @[ IoU=0.75      | area=   all | maxDets=100 ] = 0.263
 Average Precision  (AP) @[ IoU=0.50:0.95 | area= small | maxDets=100 ] = -1.000
 Average Precision  (AP) @[ IoU=0.50:0.95 | area=medium | maxDets=100 ] = 0.216
 Average Precision  (AP) @[ IoU=0.50:0.95 | area= large | maxDets=100 ] = 0.368
 Average Recall     (AR) @[ IoU=0.50:0.95 | area=   all | maxDets=  1 ] = 0.210
 Average Recall     (AR) @[ IoU=0.50:0.95 | area=   all | maxDets= 10 ] = 0.409
 Average Recall     (AR) @[ IoU=0.50:0.95 | area=   all | maxDets=100 ] = 0.409
 Average Recall     (AR) @[ IoU=0.50:0.95 | area= small | maxDets=100 ] = -1.000
 Average Recall     (AR) @[ IoU=0.50:0.95 | area=medium | maxDets=100 ] = 0.333
 Average Recall     (AR) @[ IoU=0.50:0.95 | area= large | maxDets=100 ] = 0.496
[I 2026-02-23 23:40:26,578] Trial 33 finished with value: 0.5297888178204917 and parameters: {'alpha': 1.7976162666775435, 'mean_rho': 0.13126344081275854, 'variance_rho': 0.056119351138222716, 'std_bias': 4.174939933280398, 'hue_threshold': 9.055091010482279, 'value_ratio_min': 0.30252354440243384, 'value_ratio_max': 0.9405950219451366, 'saturation_diff_threshold': 38.219474439600575}. Best is trial 30 with value: 0.6389572906776438.Best trial: 28. Best value: 0.627253:  16%|█▌        | 4/25 [36:02<2:33:44, 439.24s/it]Best trial: 30. Best value: 0.638957:  16%|█▌        | 4/25 [36:02<2:33:44, 439.24s/it]Best trial: 30. Best value: 0.638957:  20%|██        | 5/25 [36:02<2:23:38, 430.93s/it]                                                                                       Best trial: 30. Best value: 0.638957:  20%|██        | 5/25 [42:37<2:23:38, 430.93s/it]Best trial: 30. Best value: 0.638957:  20%|██        | 5/25 [42:37<2:23:38, 430.93s/it]Best trial: 30. Best value: 0.638957:  24%|██▍       | 6/25 [42:37<2:12:38, 418.85s/it]                                                                                       Best trial: 30. Best value: 0.638957:  24%|██▍       | 6/25 [49:13<2:12:38, 418.85s/it]Best trial: 30. Best value: 0.638957:  24%|██▍       | 6/25 [49:13<2:12:38, 418.85s/it]Best trial: 30. Best value: 0.638957:  28%|██▊       | 7/25 [49:13<2:03:21, 411.21s/it]                                                                                       Best trial: 30. Best value: 0.638957:  28%|██▊       | 7/25 [57:34<2:03:21, 411.21s/it]Best trial: 30. Best value: 0.638957:  28%|██▊       | 7/25 [57:34<2:03:21, 411.21s/it]Best trial: 30. Best value: 0.638957:  32%|███▏      | 8/25 [57:34<2:04:35, 439.76s/it]                                                                                       Best trial: 30. Best value: 0.638957:  32%|███▏      | 8/25 [1:04:11<2:04:35, 439.76s/it]Best trial: 30. Best value: 0.638957:  32%|███▏      | 8/25 [1:04:11<2:04:35, 439.76s/it]Best trial: 30. Best value: 0.638957:  36%|███▌      | 9/25 [1:04:11<1:53:43, 426.48s/it]                                                                                         
creating index...
index created!
Loading and preparing results...
DONE (t=0.01s)
creating index...
index created!
Running per image evaluation...
Evaluate annotation type *bbox*
DONE (t=1.62s).
Accumulating evaluation results...
DONE (t=0.30s).
 Average Precision  (AP) @[ IoU=0.50:0.95 | area=   all | maxDets=100 ] = 0.294
 Average Precision  (AP) @[ IoU=0.50      | area=   all | maxDets=100 ] = 0.525
 Average Precision  (AP) @[ IoU=0.75      | area=   all | maxDets=100 ] = 0.282
 Average Precision  (AP) @[ IoU=0.50:0.95 | area= small | maxDets=100 ] = -1.000
 Average Precision  (AP) @[ IoU=0.50:0.95 | area=medium | maxDets=100 ] = 0.136
 Average Precision  (AP) @[ IoU=0.50:0.95 | area= large | maxDets=100 ] = 0.493
 Average Recall     (AR) @[ IoU=0.50:0.95 | area=   all | maxDets=  1 ] = 0.223
 Average Recall     (AR) @[ IoU=0.50:0.95 | area=   all | maxDets= 10 ] = 0.399
 Average Recall     (AR) @[ IoU=0.50:0.95 | area=   all | maxDets=100 ] = 0.399
 Average Recall     (AR) @[ IoU=0.50:0.95 | area= small | maxDets=100 ] = -1.000
 Average Recall     (AR) @[ IoU=0.50:0.95 | area=medium | maxDets=100 ] = 0.225
 Average Recall     (AR) @[ IoU=0.50:0.95 | area= large | maxDets=100 ] = 0.600
[I 2026-02-23 23:47:01,978] Trial 41 finished with value: 0.524590677197173 and parameters: {'alpha': 2.8282078886607755, 'mean_rho': 0.09272989763835658, 'variance_rho': 0.15362973370048363, 'std_bias': 2.725189845195167, 'hue_threshold': 20.945049666108158, 'value_ratio_min': 0.3872350049684332, 'value_ratio_max': 0.9123983274373766, 'saturation_diff_threshold': 21.675507202669642}. Best is trial 30 with value: 0.6389572906776438.
creating index...
index created!
Loading and preparing results...
DONE (t=0.01s)
creating index...
index created!
Running per image evaluation...
Evaluate annotation type *bbox*
DONE (t=1.90s).
Accumulating evaluation results...
DONE (t=0.35s).
 Average Precision  (AP) @[ IoU=0.50:0.95 | area=   all | maxDets=100 ] = 0.374
 Average Precision  (AP) @[ IoU=0.50      | area=   all | maxDets=100 ] = 0.607
 Average Precision  (AP) @[ IoU=0.75      | area=   all | maxDets=100 ] = 0.386
 Average Precision  (AP) @[ IoU=0.50:0.95 | area= small | maxDets=100 ] = -1.000
 Average Precision  (AP) @[ IoU=0.50:0.95 | area=medium | maxDets=100 ] = 0.178
 Average Precision  (AP) @[ IoU=0.50:0.95 | area= large | maxDets=100 ] = 0.613
 Average Recall     (AR) @[ IoU=0.50:0.95 | area=   all | maxDets=  1 ] = 0.255
 Average Recall     (AR) @[ IoU=0.50:0.95 | area=   all | maxDets= 10 ] = 0.479
 Average Recall     (AR) @[ IoU=0.50:0.95 | area=   all | maxDets=100 ] = 0.479
 Average Recall     (AR) @[ IoU=0.50:0.95 | area= small | maxDets=100 ] = -1.000
 Average Recall     (AR) @[ IoU=0.50:0.95 | area=medium | maxDets=100 ] = 0.281
 Average Recall     (AR) @[ IoU=0.50:0.95 | area= large | maxDets=100 ] = 0.710
[I 2026-02-23 23:53:37,465] Trial 49 finished with value: 0.6073173983884601 and parameters: {'alpha': 2.447248102094154, 'mean_rho': 0.1852554576965619, 'variance_rho': 0.10528650756383003, 'std_bias': 4.516841405132111, 'hue_threshold': 19.128170406165342, 'value_ratio_min': 0.3687448995237082, 'value_ratio_max': 0.889026189652283, 'saturation_diff_threshold': 28.96836007595392}. Best is trial 30 with value: 0.6389572906776438.
creating index...
index created!
Loading and preparing results...
DONE (t=0.02s)
creating index...
index created!
Running per image evaluation...
Evaluate annotation type *bbox*
DONE (t=2.54s).
Accumulating evaluation results...
DONE (t=0.58s).
 Average Precision  (AP) @[ IoU=0.50:0.95 | area=   all | maxDets=100 ] = 0.072
 Average Precision  (AP) @[ IoU=0.50      | area=   all | maxDets=100 ] = 0.172
 Average Precision  (AP) @[ IoU=0.75      | area=   all | maxDets=100 ] = 0.051
 Average Precision  (AP) @[ IoU=0.50:0.95 | area= small | maxDets=100 ] = -1.000
 Average Precision  (AP) @[ IoU=0.50:0.95 | area=medium | maxDets=100 ] = 0.037
 Average Precision  (AP) @[ IoU=0.50:0.95 | area= large | maxDets=100 ] = 0.113
 Average Recall     (AR) @[ IoU=0.50:0.95 | area=   all | maxDets=  1 ] = 0.076
 Average Recall     (AR) @[ IoU=0.50:0.95 | area=   all | maxDets= 10 ] = 0.180
 Average Recall     (AR) @[ IoU=0.50:0.95 | area=   all | maxDets=100 ] = 0.181
 Average Recall     (AR) @[ IoU=0.50:0.95 | area= small | maxDets=100 ] = -1.000
 Average Recall     (AR) @[ IoU=0.50:0.95 | area=medium | maxDets=100 ] = 0.148
 Average Recall     (AR) @[ IoU=0.50:0.95 | area= large | maxDets=100 ] = 0.218
[I 2026-02-24 00:01:58,335] Trial 57 finished with value: 0.17224944661742894 and parameters: {'alpha': 1.1779296173742653, 'mean_rho': 0.0517849064193167, 'variance_rho': 0.028722336564949366, 'std_bias': 3.8702973970306016, 'hue_threshold': 13.621561278468828, 'value_ratio_min': 0.462019073160246, 'value_ratio_max': 0.924974966964713, 'saturation_diff_threshold': 25.157860595729495}. Best is trial 30 with value: 0.6389572906776438.
creating index...
index created!
Loading and preparing results...
DONE (t=0.01s)
creating index...
index created!
Running per image evaluation...
Evaluate annotation type *bbox*
DONE (t=1.51s).
Accumulating evaluation results...
DONE (t=0.28s).
 Average Precision  (AP) @[ IoU=0.50:0.95 | area=   all | maxDets=100 ] = 0.113
 Average Precision  (AP) @[ IoU=0.50      | area=   all | maxDets=100 ] = 0.231
 Average Precision  (AP) @[ IoU=0.75      | area=   all | maxDets=100 ] = 0.089
 Average Precision  (AP) @[ IoU=0.50:0.95 | area= small | maxDets=100 ] = -1.000
 Average Precision  (AP) @[ IoU=0.50:0.95 | area=medium | maxDets=100 ] = 0.043
 Average Precision  (AP) @[ IoU=0.50:0.95 | area= large | maxDets=100 ] = 0.225
 Average Recall     (AR) @[ IoU=0.50:0.95 | area=   all | maxDets=  1 ] = 0.124
 Average Recall     (AR) @[ IoU=0.50:0.95 | area=   all | maxDets= 10 ] = 0.213
 Average Recall     (AR) @[ IoU=0.50:0.95 | area=   all | maxDets=100 ] = 0.213
 Average Recall     (AR) @[ IoU=0.50:0.95 | area= small | maxDets=100 ] = -1.000
 Average Recall     (AR) @[ IoU=0.50:0.95 | area=medium | maxDets=100 ] = 0.090
 Average Recall     (AR) @[ IoU=0.50:0.95 | area= large | maxDets=100 ] = 0.355
[I 2026-02-24 00:08:35,619] Trial 67 finished with value: 0.23119321067427198 and parameters: {'alpha': 3.364218701409147, 'mean_rho': 0.024893580631740533, 'variance_rho': 0.07531955495156636, 'std_bias': 4.901701358231747, 'hue_threshold': 17.133180542215317, 'value_ratio_min': 0.5106228603582391, 'value_ratio_max': 0.8817011888726176, 'saturation_diff_threshold': 35.79452848498858}. Best is trial 30 with value: 0.6389572906776438.
creating index...
index created!
Loading and preparing results...
DONE (t=0.01s)
creating index...
index created!
Running per image evaluation...
Evaluate annotation type *bbox*
DONE (t=1.85s).
Accumulating evaluation results...
DONE (t=0.31s).
 Average Precision  (AP) @[ IoU=0.50:0.95 | area=   all | maxDets=100 ] = 0.376
 Average Precision  (AP) @[ IoU=0.50      | area=   all | maxDets=100 ] = 0.620
 Average Precision  (AP) @[ IoU=0.75      | area=   all | maxDets=100 ] = 0.402
 Average Precision  (AP) @[ IoU=0.50:0.95 | area= small | maxDets=100 ] = -1.000
 Average Precision  (AP) @[ IoU=0.50:0.95 | area=medium | maxDets=100 ] = 0.219
 Average Precision  (AP) @[ IoU=0.50:0.95 | area= large | maxDets=100 ] = 0.558
 Average Recall     (AR) @[ IoU=0.50:0.95 | area=   all | maxDets=  1 ] = 0.260
 Average Recall     (AR) @[ IoU=0.50:0.95 | area=   all | maxDets= 10 ] = 0.485
 Average Recall     (AR) @[ IoU=0.50:0.95 | area=   all | maxDets=100 ] = 0.485
 Average Recall     (AR) @[ IoU=0.50:0.95 | area= small | maxDets=100 ] = -1.000
 Average Recall     (AR) @[ IoU=0.50:0.95 | area=medium | maxDets=100 ] = 0.325
 Average Recall     (AR) @[ IoU=0.50:0.95 | area= large | maxDets=100 ] = 0.671
