[I 2026-02-23 14:48:01,063] Trial 87 finished with value: 0.28116774936855454 and parameters: {'alpha': 5.124929380688807, 'std_bias': 4.081486421876657, 'opening_size': 3, 'closing_size': 15, 'dilate_size': 9, 'remove_small_blobs': 728, 'area_min': 879, 'area_max': 86254, 'aspect_ratio_min': 0.10308721410548297, 'aspect_ratio_max': 7.514003483769606, 'fill_ratio_min': 0.2892655728564462, 'n_frames': 2, 'temporal_threshold': 0.6261318842728121, 'merge_distance': 25}. Best is trial 79 with value: 0.3276770672641034.Best trial: 79. Best value: 0.327677:  36%|███▌      | 9/25 [51:29<1:12:30, 271.90s/it]Best trial: 79. Best value: 0.327677:  36%|███▌      | 9/25 [51:29<1:12:30, 271.90s/it]Best trial: 79. Best value: 0.327677:  40%|████      | 10/25 [51:29<1:05:26, 261.79s/it]                                                                                        Best trial: 79. Best value: 0.327677:  40%|████      | 10/25 [55:33<1:05:26, 261.79s/it]Best trial: 79. Best value: 0.327677:  40%|████      | 10/25 [55:33<1:05:26, 261.79s/it]Best trial: 79. Best value: 0.327677:  44%|████▍     | 11/25 [55:33<59:48, 256.30s/it]                                                                                        Best trial: 79. Best value: 0.327677:  44%|████▍     | 11/25 [59:39<59:48, 256.30s/it]Best trial: 101. Best value: 0.351274:  44%|████▍     | 11/25 [59:39<59:48, 256.30s/it]Best trial: 101. Best value: 0.351274:  48%|████▊     | 12/25 [59:39<54:51, 253.22s/it]                                                                                       Best trial: 101. Best value: 0.351274:  48%|████▊     | 12/25 [1:03:38<54:51, 253.22s/it]Best trial: 101. Best value: 0.351274:  48%|████▊     | 12/25 [1:03:38<54:51, 253.22s/it]Best trial: 101. Best value: 0.351274:  52%|█████▏    | 13/25 [1:03:38<49:47, 248.93s/it]                                                                                         Best trial: 101. Best value: 0.351274:  52%|█████▏    | 13/25 [1:08:38<49:47, 248.93s/it]Best trial: 101. Best value: 0.351274:  52%|█████▏    | 13/25 [1:08:38<49:47, 248.93s/it]Best trial: 101. Best value: 0.351274:  56%|█████▌    | 14/25 [1:08:38<48:26, 264.22s/it]                                                                                         
creating index...
index created!
Loading and preparing results...
DONE (t=0.01s)
creating index...
index created!
Running per image evaluation...
Evaluate annotation type *bbox*
DONE (t=2.31s).
Accumulating evaluation results...
DONE (t=0.35s).
 Average Precision  (AP) @[ IoU=0.50:0.95 | area=   all | maxDets=100 ] = 0.178
 Average Precision  (AP) @[ IoU=0.50      | area=   all | maxDets=100 ] = 0.309
 Average Precision  (AP) @[ IoU=0.75      | area=   all | maxDets=100 ] = 0.185
 Average Precision  (AP) @[ IoU=0.50:0.95 | area= small | maxDets=100 ] = -1.000
 Average Precision  (AP) @[ IoU=0.50:0.95 | area=medium | maxDets=100 ] = 0.013
 Average Precision  (AP) @[ IoU=0.50:0.95 | area= large | maxDets=100 ] = 0.394
 Average Recall     (AR) @[ IoU=0.50:0.95 | area=   all | maxDets=  1 ] = 0.144
 Average Recall     (AR) @[ IoU=0.50:0.95 | area=   all | maxDets= 10 ] = 0.247
 Average Recall     (AR) @[ IoU=0.50:0.95 | area=   all | maxDets=100 ] = 0.247
 Average Recall     (AR) @[ IoU=0.50:0.95 | area= small | maxDets=100 ] = -1.000
 Average Recall     (AR) @[ IoU=0.50:0.95 | area=medium | maxDets=100 ] = 0.042
 Average Recall     (AR) @[ IoU=0.50:0.95 | area= large | maxDets=100 ] = 0.485
[I 2026-02-23 14:52:04,919] Trial 95 finished with value: 0.30925634934823026 and parameters: {'alpha': 5.572057096705931, 'std_bias': 3.578283329459632, 'opening_size': 3, 'closing_size': 20, 'dilate_size': 9, 'remove_small_blobs': 529, 'area_min': 1800, 'area_max': 103136, 'aspect_ratio_min': 0.1304599094502431, 'aspect_ratio_max': 9.90521042256784, 'fill_ratio_min': 0.275617946522783, 'n_frames': 2, 'temporal_threshold': 0.5376125237401413, 'merge_distance': 10}. Best is trial 79 with value: 0.3276770672641034.
creating index...
index created!
Loading and preparing results...
DONE (t=0.02s)
creating index...
index created!
Running per image evaluation...
Evaluate annotation type *bbox*
DONE (t=2.31s).
Accumulating evaluation results...
DONE (t=0.30s).
 Average Precision  (AP) @[ IoU=0.50:0.95 | area=   all | maxDets=100 ] = 0.181
 Average Precision  (AP) @[ IoU=0.50      | area=   all | maxDets=100 ] = 0.332
 Average Precision  (AP) @[ IoU=0.75      | area=   all | maxDets=100 ] = 0.183
 Average Precision  (AP) @[ IoU=0.50:0.95 | area= small | maxDets=100 ] = -1.000
 Average Precision  (AP) @[ IoU=0.50:0.95 | area=medium | maxDets=100 ] = 0.018
 Average Precision  (AP) @[ IoU=0.50:0.95 | area= large | maxDets=100 ] = 0.394
 Average Recall     (AR) @[ IoU=0.50:0.95 | area=   all | maxDets=  1 ] = 0.140
 Average Recall     (AR) @[ IoU=0.50:0.95 | area=   all | maxDets= 10 ] = 0.254
 Average Recall     (AR) @[ IoU=0.50:0.95 | area=   all | maxDets=100 ] = 0.254
 Average Recall     (AR) @[ IoU=0.50:0.95 | area= small | maxDets=100 ] = -1.000
 Average Recall     (AR) @[ IoU=0.50:0.95 | area=medium | maxDets=100 ] = 0.052
 Average Recall     (AR) @[ IoU=0.50:0.95 | area= large | maxDets=100 ] = 0.489
[I 2026-02-23 14:56:11,090] Trial 102 finished with value: 0.33161426528269616 and parameters: {'alpha': 5.516145468318178, 'std_bias': 3.449653318621714, 'opening_size': 3, 'closing_size': 20, 'dilate_size': 9, 'remove_small_blobs': 568, 'area_min': 1700, 'area_max': 146723, 'aspect_ratio_min': 0.12816459658673562, 'aspect_ratio_max': 9.080663815099863, 'fill_ratio_min': 0.2626147191714686, 'n_frames': 2, 'temporal_threshold': 0.5958890809908273, 'merge_distance': 11}. Best is trial 101 with value: 0.35127376327781606.
creating index...
index created!
Loading and preparing results...
DONE (t=0.02s)
creating index...
index created!
Running per image evaluation...
Evaluate annotation type *bbox*
DONE (t=2.09s).
Accumulating evaluation results...
DONE (t=0.35s).
 Average Precision  (AP) @[ IoU=0.50:0.95 | area=   all | maxDets=100 ] = 0.176
 Average Precision  (AP) @[ IoU=0.50      | area=   all | maxDets=100 ] = 0.308
 Average Precision  (AP) @[ IoU=0.75      | area=   all | maxDets=100 ] = 0.184
 Average Precision  (AP) @[ IoU=0.50:0.95 | area= small | maxDets=100 ] = -1.000
 Average Precision  (AP) @[ IoU=0.50:0.95 | area=medium | maxDets=100 ] = 0.009
 Average Precision  (AP) @[ IoU=0.50:0.95 | area= large | maxDets=100 ] = 0.396
 Average Recall     (AR) @[ IoU=0.50:0.95 | area=   all | maxDets=  1 ] = 0.145
 Average Recall     (AR) @[ IoU=0.50:0.95 | area=   all | maxDets= 10 ] = 0.242
 Average Recall     (AR) @[ IoU=0.50:0.95 | area=   all | maxDets=100 ] = 0.242
 Average Recall     (AR) @[ IoU=0.50:0.95 | area= small | maxDets=100 ] = -1.000
 Average Recall     (AR) @[ IoU=0.50:0.95 | area=medium | maxDets=100 ] = 0.029
 Average Recall     (AR) @[ IoU=0.50:0.95 | area= large | maxDets=100 ] = 0.489
[I 2026-02-23 15:00:10,161] Trial 110 finished with value: 0.3075968666105462 and parameters: {'alpha': 5.5760192884165365, 'std_bias': 3.341895156824656, 'opening_size': 3, 'closing_size': 20, 'dilate_size': 7, 'remove_small_blobs': 533, 'area_min': 1972, 'area_max': 143946, 'aspect_ratio_min': 0.1338767882012308, 'aspect_ratio_max': 9.131921076614749, 'fill_ratio_min': 0.2621166772999154, 'n_frames': 2, 'temporal_threshold': 0.6198935943861015, 'merge_distance': 10}. Best is trial 101 with value: 0.35127376327781606.
creating index...
index created!
Loading and preparing results...
DONE (t=0.02s)
creating index...
index created!
Running per image evaluation...
Evaluate annotation type *bbox*
DONE (t=2.45s).
Accumulating evaluation results...
DONE (t=0.42s).
 Average Precision  (AP) @[ IoU=0.50:0.95 | area=   all | maxDets=100 ] = 0.170
 Average Precision  (AP) @[ IoU=0.50      | area=   all | maxDets=100 ] = 0.342
 Average Precision  (AP) @[ IoU=0.75      | area=   all | maxDets=100 ] = 0.158
 Average Precision  (AP) @[ IoU=0.50:0.95 | area= small | maxDets=100 ] = -1.000
 Average Precision  (AP) @[ IoU=0.50:0.95 | area=medium | maxDets=100 ] = 0.048
 Average Precision  (AP) @[ IoU=0.50:0.95 | area= large | maxDets=100 ] = 0.314
 Average Recall     (AR) @[ IoU=0.50:0.95 | area=   all | maxDets=  1 ] = 0.135
 Average Recall     (AR) @[ IoU=0.50:0.95 | area=   all | maxDets= 10 ] = 0.255
 Average Recall     (AR) @[ IoU=0.50:0.95 | area=   all | maxDets=100 ] = 0.255
 Average Recall     (AR) @[ IoU=0.50:0.95 | area= small | maxDets=100 ] = -1.000
 Average Recall     (AR) @[ IoU=0.50:0.95 | area=medium | maxDets=100 ] = 0.117
 Average Recall     (AR) @[ IoU=0.50:0.95 | area= large | maxDets=100 ] = 0.417
[I 2026-02-23 15:05:09,714] Trial 117 finished with value: 0.3417006621827598 and parameters: {'alpha': 4.530507881864376, 'std_bias': 3.2174078516379403, 'opening_size': 3, 'closing_size': 20, 'dilate_size': 9, 'remove_small_blobs': 177, 'area_min': 1990, 'area_max': 134786, 'aspect_ratio_min': 0.15020103565872778, 'aspect_ratio_max': 8.951694873875402, 'fill_ratio_min': 0.24892991789267263, 'n_frames': 2, 'temporal_threshold': 0.4463956448155618, 'merge_distance': 12}. Best is trial 101 with value: 0.35127376327781606.
creating index...
index created!
Loading and preparing results...
DONE (t=0.02s)
creating index...
index created!
Running per image evaluation...
Evaluate annotation type *bbox*
DONE (t=2.09s).
Accumulating evaluation results...
DONE (t=0.34s).
 Average Precision  (AP) @[ IoU=0.50:0.95 | area=   all | maxDets=100 ] = 0.169
 Average Precision  (AP) @[ IoU=0.50      | area=   all | maxDets=100 ] = 0.327
 Average Precision  (AP) @[ IoU=0.75      | area=   all | maxDets=100 ] = 0.159
 Average Precision  (AP) @[ IoU=0.50:0.95 | area= small | maxDets=100 ] = -1.000
 Average Precision  (AP) @[ IoU=0.50:0.95 | area=medium | maxDets=100 ] = 0.036
 Average Precision  (AP) @[ IoU=0.50:0.95 | area= large | maxDets=100 ] = 0.323
 Average Recall     (AR) @[ IoU=0.50:0.95 | area=   all | maxDets=  1 ] = 0.134
 Average Recall     (AR) @[ IoU=0.50:0.95 | area=   all | maxDets= 10 ] = 0.239
 Average Recall     (AR) @[ IoU=0.50:0.95 | area=   all | maxDets=100 ] = 0.239
 Average Recall     (AR) @[ IoU=0.50:0.95 | area= small | maxDets=100 ] = -1.000
 Average Recall     (AR) @[ IoU=0.50:0.95 | area=medium | maxDets=100 ] = 0.081
 Average Recall     (AR) @[ IoU=0.50:0.95 | area= large | maxDets=100 ] = 0.423
[I 2026-02-23 15:09:31,419] Trial 127 finished with value: 0.32672974628561147 and parameters: {'alpha': 4.566083201770625, 'std_bias': 3.0065677060293146, 'opening_size': 3, 'closing_size': 20, 'dilate_size': 5, 'remove_small_blobs': 217, 'area_min': 1922, 'area_max': 139508, 'aspect_ratio_min': 0.14819377079509843, 'aspect_ratio_max': 8.0256977469517, 'fill_ratio_min': 0.2498996987645468, 'n_frames': 2, 'temporal_threshold': 0.4564615681800064, 'merge_distance': 14}. Best is trial 101 with value: 0.35127376327781606.Best trial: 101. Best value: 0.351274:  56%|█████▌    | 14/25 [1:13:00<48:26, 264.22s/it]Best trial: 101. Best value: 0.351274:  56%|█████▌    | 14/25 [1:13:00<48:26, 264.22s/it]Best trial: 101. Best value: 0.351274:  60%|██████    | 15/25 [1:13:00<43:54, 263.46s/it]                                                                                         Best trial: 101. Best value: 0.351274:  60%|██████    | 15/25 [1:18:22<43:54, 263.46s/it]Best trial: 101. Best value: 0.351274:  60%|██████    | 15/25 [1:18:22<43:54, 263.46s/it]Best trial: 101. Best value: 0.351274:  64%|██████▍   | 16/25 [1:18:22<42:10, 281.22s/it]                                                                                         Best trial: 101. Best value: 0.351274:  64%|██████▍   | 16/25 [1:23:23<42:10, 281.22s/it]Best trial: 101. Best value: 0.351274:  64%|██████▍   | 16/25 [1:23:23<42:10, 281.22s/it]Best trial: 101. Best value: 0.351274:  68%|██████▊   | 17/25 [1:23:23<38:17, 287.17s/it]                                                                                         Best trial: 101. Best value: 0.351274:  68%|██████▊   | 17/25 [1:27:43<38:17, 287.17s/it]Best trial: 101. Best value: 0.351274:  68%|██████▊   | 17/25 [1:27:43<38:17, 287.17s/it]Best trial: 101. Best value: 0.351274:  72%|███████▏  | 18/25 [1:27:43<32:33, 279.07s/it]                                                                                         Best trial: 101. Best value: 0.351274:  72%|███████▏  | 18/25 [1:32:06<32:33, 279.07s/it]Best trial: 101. Best value: 0.351274:  72%|███████▏  | 18/25 [1:32:06<32:33, 279.07s/it]Best trial: 101. Best value: 0.351274:  76%|███████▌  | 19/25 [1:32:06<27:25, 274.28s/it]                                                                                         
creating index...
index created!
Loading and preparing results...
DONE (t=0.14s)
creating index...
index created!
Running per image evaluation...
Evaluate annotation type *bbox*
DONE (t=1.98s).
Accumulating evaluation results...
DONE (t=0.32s).
 Average Precision  (AP) @[ IoU=0.50:0.95 | area=   all | maxDets=100 ] = 0.155
 Average Precision  (AP) @[ IoU=0.50      | area=   all | maxDets=100 ] = 0.327
 Average Precision  (AP) @[ IoU=0.75      | area=   all | maxDets=100 ] = 0.132
 Average Precision  (AP) @[ IoU=0.50:0.95 | area= small | maxDets=100 ] = -1.000
 Average Precision  (AP) @[ IoU=0.50:0.95 | area=medium | maxDets=100 ] = 0.062
 Average Precision  (AP) @[ IoU=0.50:0.95 | area= large | maxDets=100 ] = 0.261
 Average Recall     (AR) @[ IoU=0.50:0.95 | area=   all | maxDets=  1 ] = 0.124
 Average Recall     (AR) @[ IoU=0.50:0.95 | area=   all | maxDets= 10 ] = 0.258
 Average Recall     (AR) @[ IoU=0.50:0.95 | area=   all | maxDets=100 ] = 0.258
 Average Recall     (AR) @[ IoU=0.50:0.95 | area= small | maxDets=100 ] = -1.000
 Average Recall     (AR) @[ IoU=0.50:0.95 | area=medium | maxDets=100 ] = 0.159
 Average Recall     (AR) @[ IoU=0.50:0.95 | area= large | maxDets=100 ] = 0.374
[I 2026-02-23 15:14:53,860] Trial 135 finished with value: 0.32676916796706107 and parameters: {'alpha': 4.134042839691805, 'std_bias': 2.9371467384619314, 'opening_size': 3, 'closing_size': 20, 'dilate_size': 9, 'remove_small_blobs': 163, 'area_min': 2000, 'area_max': 135621, 'aspect_ratio_min': 0.15336889909418758, 'aspect_ratio_max': 8.832526068854039, 'fill_ratio_min': 0.2201433820976109, 'n_frames': 2, 'temporal_threshold': 0.4219532579958539, 'merge_distance': 11}. Best is trial 101 with value: 0.35127376327781606.
creating index...
index created!
Loading and preparing results...
DONE (t=0.03s)
creating index...
index created!
Running per image evaluation...
Evaluate annotation type *bbox*
DONE (t=2.34s).
Accumulating evaluation results...
DONE (t=0.37s).
 Average Precision  (AP) @[ IoU=0.50:0.95 | area=   all | maxDets=100 ] = 0.154
 Average Precision  (AP) @[ IoU=0.50      | area=   all | maxDets=100 ] = 0.327
 Average Precision  (AP) @[ IoU=0.75      | area=   all | maxDets=100 ] = 0.134
 Average Precision  (AP) @[ IoU=0.50:0.95 | area= small | maxDets=100 ] = -1.000
 Average Precision  (AP) @[ IoU=0.50:0.95 | area=medium | maxDets=100 ] = 0.058
 Average Precision  (AP) @[ IoU=0.50:0.95 | area= large | maxDets=100 ] = 0.272
 Average Recall     (AR) @[ IoU=0.50:0.95 | area=   all | maxDets=  1 ] = 0.120
 Average Recall     (AR) @[ IoU=0.50:0.95 | area=   all | maxDets= 10 ] = 0.276
 Average Recall     (AR) @[ IoU=0.50:0.95 | area=   all | maxDets=100 ] = 0.276
 Average Recall     (AR) @[ IoU=0.50:0.95 | area= small | maxDets=100 ] = -1.000
 Average Recall     (AR) @[ IoU=0.50:0.95 | area=medium | maxDets=100 ] = 0.181
 Average Recall     (AR) @[ IoU=0.50:0.95 | area= large | maxDets=100 ] = 0.385
[I 2026-02-23 15:19:54,888] Trial 143 finished with value: 0.3269862343553294 and parameters: {'alpha': 3.855730487979158, 'std_bias': 3.309455055965556, 'opening_size': 3, 'closing_size': 20, 'dilate_size': 5, 'remove_small_blobs': 121, 'area_min': 1269, 'area_max': 131685, 'aspect_ratio_min': 0.1586889029772944, 'aspect_ratio_max': 8.395849614201083, 'fill_ratio_min': 0.258140060916787, 'n_frames': 2, 'temporal_threshold': 0.40484738316594027, 'merge_distance': 11}. Best is trial 101 with value: 0.35127376327781606.
creating index...
index created!
Loading and preparing results...
DONE (t=0.02s)
creating index...
index created!
Running per image evaluation...
Evaluate annotation type *bbox*
DONE (t=2.00s).
Accumulating evaluation results...
DONE (t=0.58s).
 Average Precision  (AP) @[ IoU=0.50:0.95 | area=   all | maxDets=100 ] = 0.132
 Average Precision  (AP) @[ IoU=0.50      | area=   all | maxDets=100 ] = 0.258
 Average Precision  (AP) @[ IoU=0.75      | area=   all | maxDets=100 ] = 0.110
 Average Precision  (AP) @[ IoU=0.50:0.95 | area= small | maxDets=100 ] = -1.000
 Average Precision  (AP) @[ IoU=0.50:0.95 | area=medium | maxDets=100 ] = 0.004
 Average Precision  (AP) @[ IoU=0.50:0.95 | area= large | maxDets=100 ] = 0.314
 Average Recall     (AR) @[ IoU=0.50:0.95 | area=   all | maxDets=  1 ] = 0.128
 Average Recall     (AR) @[ IoU=0.50:0.95 | area=   all | maxDets= 10 ] = 0.200
 Average Recall     (AR) @[ IoU=0.50:0.95 | area=   all | maxDets=100 ] = 0.200
 Average Recall     (AR) @[ IoU=0.50:0.95 | area= small | maxDets=100 ] = -1.000
 Average Recall     (AR) @[ IoU=0.50:0.95 | area=medium | maxDets=100 ] = 0.017
 Average Recall     (AR) @[ IoU=0.50:0.95 | area= large | maxDets=100 ] = 0.411
[I 2026-02-23 15:24:15,096] Trial 151 finished with value: 0.25765973254073726 and parameters: {'alpha': 4.736853184273625, 'std_bias': 3.09526139422494, 'opening_size': 5, 'closing_size': 20, 'dilate_size': 5, 'remove_small_blobs': 130, 'area_min': 1510, 'area_max': 125945, 'aspect_ratio_min': 0.13037369200512272, 'aspect_ratio_max': 7.002509500439589, 'fill_ratio_min': 0.22474867205760224, 'n_frames': 2, 'temporal_threshold': 0.48077315163824785, 'merge_distance': 13}. Best is trial 101 with value: 0.35127376327781606.
creating index...
index created!
Loading and preparing results...
DONE (t=0.02s)
creating index...
index created!
Running per image evaluation...
Evaluate annotation type *bbox*
DONE (t=2.30s).
Accumulating evaluation results...
DONE (t=0.45s).
 Average Precision  (AP) @[ IoU=0.50:0.95 | area=   all | maxDets=100 ] = 0.173
 Average Precision  (AP) @[ IoU=0.50      | area=   all | maxDets=100 ] = 0.345
 Average Precision  (AP) @[ IoU=0.75      | area=   all | maxDets=100 ] = 0.157
 Average Precision  (AP) @[ IoU=0.50:0.95 | area= small | maxDets=100 ] = -1.000
 Average Precision  (AP) @[ IoU=0.50:0.95 | area=medium | maxDets=100 ] = 0.046
 Average Precision  (AP) @[ IoU=0.50:0.95 | area= large | maxDets=100 ] = 0.326
 Average Recall     (AR) @[ IoU=0.50:0.95 | area=   all | maxDets=  1 ] = 0.137
 Average Recall     (AR) @[ IoU=0.50:0.95 | area=   all | maxDets= 10 ] = 0.262
 Average Recall     (AR) @[ IoU=0.50:0.95 | area=   all | maxDets=100 ] = 0.262
 Average Recall     (AR) @[ IoU=0.50:0.95 | area= small | maxDets=100 ] = -1.000
 Average Recall     (AR) @[ IoU=0.50:0.95 | area=medium | maxDets=100 ] = 0.116
 Average Recall     (AR) @[ IoU=0.50:0.95 | area= large | maxDets=100 ] = 0.431
[I 2026-02-23 15:28:38,228] Trial 159 finished with value: 0.3450920637244407 and parameters: {'alpha': 4.357518067872927, 'std_bias': 3.459754360472541, 'opening_size': 3, 'closing_size': 20, 'dilate_size': 5, 'remove_small_blobs': 249, 'area_min': 1448, 'area_max': 119771, 'aspect_ratio_min': 0.12788506084905032, 'aspect_ratio_max': 12.685149338317917, 'fill_ratio_min': 0.23207333243230016, 'n_frames': 2, 'temporal_threshold': 0.4313627601341173, 'merge_distance': 15}. Best is trial 101 with value: 0.35127376327781606.
creating index...
index created!
Loading and preparing results...
DONE (t=0.01s)
creating index...
index created!
Running per image evaluation...
Evaluate annotation type *bbox*
DONE (t=2.32s).
Accumulating evaluation results...
DONE (t=0.34s).
 Average Precision  (AP) @[ IoU=0.50:0.95 | area=   all | maxDets=100 ] = 0.160
 Average Precision  (AP) @[ IoU=0.50      | area=   all | maxDets=100 ] = 0.281
 Average Precision  (AP) @[ IoU=0.75      | area=   all | maxDets=100 ] = 0.158
 Average Precision  (AP) @[ IoU=0.50:0.95 | area= small | maxDets=100 ] = -1.000
 Average Precision  (AP) @[ IoU=0.50:0.95 | area=medium | maxDets=100 ] = 0.006
 Average Precision  (AP) @[ IoU=0.50:0.95 | area= large | maxDets=100 ] = 0.363
 Average Recall     (AR) @[ IoU=0.50:0.95 | area=   all | maxDets=  1 ] = 0.146
 Average Recall     (AR) @[ IoU=0.50:0.95 | area=   all | maxDets= 10 ] = 0.227
 Average Recall     (AR) @[ IoU=0.50:0.95 | area=   all | maxDets=100 ] = 0.228
 Average Recall     (AR) @[ IoU=0.50:0.95 | area= small | maxDets=100 ] = -1.000
 Average Recall     (AR) @[ IoU=0.50:0.95 | area=medium | maxDets=100 ] = 0.029
 Average Recall     (AR) @[ IoU=0.50:0.95 | area= large | maxDets=100 ] = 0.458
