[I 2026-02-23 13:33:29,909] Trial 153 finished with value: 0.12820111950818658 and parameters: {'alpha': 2.6115409616178415, 'std_bias': 1.0134343168139215, 'opening_size': 5, 'closing_size': 20, 'dilate_size': 9, 'remove_small_blobs': 513, 'area_min': 1491, 'area_max': 107260, 'aspect_ratio_min': 0.2365757930349543, 'aspect_ratio_max': 5.3824630553710175, 'fill_ratio_min': 0.2723980757658067, 'merge_distance': 16}. Best is trial 106 with value: 0.34930707775950676.Best trial: 106. Best value: 0.349307:  76%|███████▌  | 19/25 [1:21:12<23:23, 233.90s/it]Best trial: 106. Best value: 0.349307:  76%|███████▌  | 19/25 [1:21:12<23:23, 233.90s/it]Best trial: 106. Best value: 0.349307:  80%|████████  | 20/25 [1:21:12<20:16, 243.40s/it]                                                                                         Best trial: 106. Best value: 0.349307:  80%|████████  | 20/25 [1:25:46<20:16, 243.40s/it]Best trial: 106. Best value: 0.349307:  80%|████████  | 20/25 [1:25:46<20:16, 243.40s/it]Best trial: 106. Best value: 0.349307:  84%|████████▍ | 21/25 [1:25:46<16:50, 252.71s/it]                                                                                         Best trial: 106. Best value: 0.349307:  84%|████████▍ | 21/25 [1:29:54<16:50, 252.71s/it]Best trial: 106. Best value: 0.349307:  84%|████████▍ | 21/25 [1:29:54<16:50, 252.71s/it]Best trial: 106. Best value: 0.349307:  88%|████████▊ | 22/25 [1:29:54<12:34, 251.40s/it]                                                                                         Best trial: 106. Best value: 0.349307:  88%|████████▊ | 22/25 [1:33:59<12:34, 251.40s/it]Best trial: 106. Best value: 0.349307:  88%|████████▊ | 22/25 [1:33:59<12:34, 251.40s/it]Best trial: 106. Best value: 0.349307:  92%|█████████▏| 23/25 [1:33:59<08:18, 249.40s/it]                                                                                         Best trial: 106. Best value: 0.349307:  92%|█████████▏| 23/25 [1:37:45<08:18, 249.40s/it]Best trial: 106. Best value: 0.349307:  92%|█████████▏| 23/25 [1:37:45<08:18, 249.40s/it]Best trial: 106. Best value: 0.349307:  96%|█████████▌| 24/25 [1:37:45<04:02, 242.40s/it]                                                                                         
creating index...
index created!
Loading and preparing results...
DONE (t=0.03s)
creating index...
index created!
Running per image evaluation...
Evaluate annotation type *bbox*
DONE (t=2.55s).
Accumulating evaluation results...
DONE (t=0.55s).
 Average Precision  (AP) @[ IoU=0.50:0.95 | area=   all | maxDets=100 ] = 0.114
 Average Precision  (AP) @[ IoU=0.50      | area=   all | maxDets=100 ] = 0.259
 Average Precision  (AP) @[ IoU=0.75      | area=   all | maxDets=100 ] = 0.080
 Average Precision  (AP) @[ IoU=0.50:0.95 | area= small | maxDets=100 ] = -1.000
 Average Precision  (AP) @[ IoU=0.50:0.95 | area=medium | maxDets=100 ] = 0.078
 Average Precision  (AP) @[ IoU=0.50:0.95 | area= large | maxDets=100 ] = 0.160
 Average Recall     (AR) @[ IoU=0.50:0.95 | area=   all | maxDets=  1 ] = 0.101
 Average Recall     (AR) @[ IoU=0.50:0.95 | area=   all | maxDets= 10 ] = 0.261
 Average Recall     (AR) @[ IoU=0.50:0.95 | area=   all | maxDets=100 ] = 0.261
 Average Recall     (AR) @[ IoU=0.50:0.95 | area= small | maxDets=100 ] = -1.000
 Average Recall     (AR) @[ IoU=0.50:0.95 | area=medium | maxDets=100 ] = 0.243
 Average Recall     (AR) @[ IoU=0.50:0.95 | area= large | maxDets=100 ] = 0.283
[I 2026-02-23 13:38:04,332] Trial 161 finished with value: 0.25902287542931796 and parameters: {'alpha': 2.692504613637075, 'std_bias': 4.997068474200501, 'opening_size': 3, 'closing_size': 11, 'dilate_size': 9, 'remove_small_blobs': 535, 'area_min': 1443, 'area_max': 116988, 'aspect_ratio_min': 0.21579743791770428, 'aspect_ratio_max': 4.807862545939572, 'fill_ratio_min': 0.23278153408972246, 'merge_distance': 33}. Best is trial 106 with value: 0.34930707775950676.
creating index...
index created!
Loading and preparing results...
DONE (t=0.04s)
creating index...
index created!
Running per image evaluation...
Evaluate annotation type *bbox*
DONE (t=3.44s).
Accumulating evaluation results...
DONE (t=0.50s).
 Average Precision  (AP) @[ IoU=0.50:0.95 | area=   all | maxDets=100 ] = 0.081
 Average Precision  (AP) @[ IoU=0.50      | area=   all | maxDets=100 ] = 0.216
 Average Precision  (AP) @[ IoU=0.75      | area=   all | maxDets=100 ] = 0.047
 Average Precision  (AP) @[ IoU=0.50:0.95 | area= small | maxDets=100 ] = -1.000
 Average Precision  (AP) @[ IoU=0.50:0.95 | area=medium | maxDets=100 ] = 0.034
 Average Precision  (AP) @[ IoU=0.50:0.95 | area= large | maxDets=100 ] = 0.189
 Average Recall     (AR) @[ IoU=0.50:0.95 | area=   all | maxDets=  1 ] = 0.067
 Average Recall     (AR) @[ IoU=0.50:0.95 | area=   all | maxDets= 10 ] = 0.248
 Average Recall     (AR) @[ IoU=0.50:0.95 | area=   all | maxDets=100 ] = 0.248
 Average Recall     (AR) @[ IoU=0.50:0.95 | area= small | maxDets=100 ] = -1.000
 Average Recall     (AR) @[ IoU=0.50:0.95 | area=medium | maxDets=100 ] = 0.216
 Average Recall     (AR) @[ IoU=0.50:0.95 | area= large | maxDets=100 ] = 0.285
[I 2026-02-23 13:42:12,665] Trial 170 finished with value: 0.21632874968760069 and parameters: {'alpha': 2.3306076309549986, 'std_bias': 4.463378176769941, 'opening_size': 5, 'closing_size': 15, 'dilate_size': 9, 'remove_small_blobs': 608, 'area_min': 717, 'area_max': 142189, 'aspect_ratio_min': 0.20568436027828582, 'aspect_ratio_max': 6.508433303219959, 'fill_ratio_min': 0.20371340965955145, 'merge_distance': 29}. Best is trial 106 with value: 0.34930707775950676.
creating index...
index created!
Loading and preparing results...
DONE (t=0.03s)
creating index...
index created!
Running per image evaluation...
Evaluate annotation type *bbox*
DONE (t=2.54s).
Accumulating evaluation results...
DONE (t=0.38s).
 Average Precision  (AP) @[ IoU=0.50:0.95 | area=   all | maxDets=100 ] = 0.123
 Average Precision  (AP) @[ IoU=0.50      | area=   all | maxDets=100 ] = 0.315
 Average Precision  (AP) @[ IoU=0.75      | area=   all | maxDets=100 ] = 0.075
 Average Precision  (AP) @[ IoU=0.50:0.95 | area= small | maxDets=100 ] = -1.000
 Average Precision  (AP) @[ IoU=0.50:0.95 | area=medium | maxDets=100 ] = 0.083
 Average Precision  (AP) @[ IoU=0.50:0.95 | area= large | maxDets=100 ] = 0.173
 Average Recall     (AR) @[ IoU=0.50:0.95 | area=   all | maxDets=  1 ] = 0.109
 Average Recall     (AR) @[ IoU=0.50:0.95 | area=   all | maxDets= 10 ] = 0.247
 Average Recall     (AR) @[ IoU=0.50:0.95 | area=   all | maxDets=100 ] = 0.247
 Average Recall     (AR) @[ IoU=0.50:0.95 | area= small | maxDets=100 ] = -1.000
 Average Recall     (AR) @[ IoU=0.50:0.95 | area=medium | maxDets=100 ] = 0.234
 Average Recall     (AR) @[ IoU=0.50:0.95 | area= large | maxDets=100 ] = 0.262
[I 2026-02-23 13:46:17,412] Trial 178 finished with value: 0.3154930422131226 and parameters: {'alpha': 2.1443339273497117, 'std_bias': 4.288329166255074, 'opening_size': 5, 'closing_size': 15, 'dilate_size': 7, 'remove_small_blobs': 580, 'area_min': 1551, 'area_max': 113473, 'aspect_ratio_min': 0.24595981084947888, 'aspect_ratio_max': 4.2241266023242385, 'fill_ratio_min': 0.24138524180803844, 'merge_distance': 25}. Best is trial 106 with value: 0.34930707775950676.
creating index...
index created!
Loading and preparing results...
DONE (t=0.01s)
creating index...
index created!
Running per image evaluation...
Evaluate annotation type *bbox*
DONE (t=2.13s).
Accumulating evaluation results...
DONE (t=0.35s).
 Average Precision  (AP) @[ IoU=0.50:0.95 | area=   all | maxDets=100 ] = 0.157
 Average Precision  (AP) @[ IoU=0.50      | area=   all | maxDets=100 ] = 0.342
 Average Precision  (AP) @[ IoU=0.75      | area=   all | maxDets=100 ] = 0.123
 Average Precision  (AP) @[ IoU=0.50:0.95 | area= small | maxDets=100 ] = -1.000
 Average Precision  (AP) @[ IoU=0.50:0.95 | area=medium | maxDets=100 ] = 0.034
 Average Precision  (AP) @[ IoU=0.50:0.95 | area= large | maxDets=100 ] = 0.301
 Average Recall     (AR) @[ IoU=0.50:0.95 | area=   all | maxDets=  1 ] = 0.124
 Average Recall     (AR) @[ IoU=0.50:0.95 | area=   all | maxDets= 10 ] = 0.225
 Average Recall     (AR) @[ IoU=0.50:0.95 | area=   all | maxDets=100 ] = 0.226
 Average Recall     (AR) @[ IoU=0.50:0.95 | area= small | maxDets=100 ] = -1.000
 Average Recall     (AR) @[ IoU=0.50:0.95 | area=medium | maxDets=100 ] = 0.091
 Average Recall     (AR) @[ IoU=0.50:0.95 | area= large | maxDets=100 ] = 0.382
[I 2026-02-23 13:50:03,482] Trial 187 finished with value: 0.3422036271871002 and parameters: {'alpha': 3.0068733448619183, 'std_bias': 4.882911528026337, 'opening_size': 5, 'closing_size': 15, 'dilate_size': 7, 'remove_small_blobs': 553, 'area_min': 1516, 'area_max': 108726, 'aspect_ratio_min': 0.23909862912642357, 'aspect_ratio_max': 4.565953087895387, 'fill_ratio_min': 0.24462139847904577, 'merge_distance': 27}. Best is trial 106 with value: 0.34930707775950676.
creating index...
index created!
Loading and preparing results...
DONE (t=0.13s)
creating index...
index created!
Running per image evaluation...
Evaluate annotation type *bbox*
DONE (t=1.69s).
Accumulating evaluation results...
DONE (t=0.28s).
 Average Precision  (AP) @[ IoU=0.50:0.95 | area=   all | maxDets=100 ] = 0.149
 Average Precision  (AP) @[ IoU=0.50      | area=   all | maxDets=100 ] = 0.316
 Average Precision  (AP) @[ IoU=0.75      | area=   all | maxDets=100 ] = 0.122
 Average Precision  (AP) @[ IoU=0.50:0.95 | area= small | maxDets=100 ] = -1.000
 Average Precision  (AP) @[ IoU=0.50:0.95 | area=medium | maxDets=100 ] = 0.019
 Average Precision  (AP) @[ IoU=0.50:0.95 | area= large | maxDets=100 ] = 0.306
 Average Recall     (AR) @[ IoU=0.50:0.95 | area=   all | maxDets=  1 ] = 0.124
 Average Recall     (AR) @[ IoU=0.50:0.95 | area=   all | maxDets= 10 ] = 0.215
 Average Recall     (AR) @[ IoU=0.50:0.95 | area=   all | maxDets=100 ] = 0.215
 Average Recall     (AR) @[ IoU=0.50:0.95 | area= small | maxDets=100 ] = -1.000
 Average Recall     (AR) @[ IoU=0.50:0.95 | area=medium | maxDets=100 ] = 0.061
 Average Recall     (AR) @[ IoU=0.50:0.95 | area= large | maxDets=100 ] = 0.394
[I 2026-02-23 13:53:38,661] Trial 194 finished with value: 0.3160202940848413 and parameters: {'alpha': 3.285634797580767, 'std_bias': 4.715575004176074, 'opening_size': 5, 'closing_size': 15, 'dilate_size': 7, 'remove_small_blobs': 560, 'area_min': 1493, 'area_max': 105141, 'aspect_ratio_min': 0.2394920955642233, 'aspect_ratio_max': 4.677105497189098, 'fill_ratio_min': 0.24542186971333763, 'merge_distance': 26}. Best is trial 106 with value: 0.34930707775950676.Best trial: 106. Best value: 0.349307:  96%|█████████▌| 24/25 [1:41:20<04:02, 242.40s/it]Best trial: 106. Best value: 0.349307:  96%|█████████▌| 24/25 [1:41:20<04:02, 242.40s/it]Best trial: 106. Best value: 0.349307: 100%|██████████| 25/25 [1:41:20<00:00, 234.23s/it]Best trial: 106. Best value: 0.349307: 100%|██████████| 25/25 [1:41:20<00:00, 243.24s/it]


================================================================================
OPTIMIZATION COMPLETE
================================================================================

Best AP50: 0.3493

Best hyperparameters:
  alpha: 2.840026271930218
  std_bias: 4.769977313430562
  opening_size: 5
  closing_size: 15
  dilate_size: 9
  remove_small_blobs: 632
  area_min: 1550
  area_max: 109499
  aspect_ratio_min: 0.22118807684047892
  aspect_ratio_max: 4.474026431574192
  fill_ratio_min: 0.20821692159573382
  merge_distance: 28

Total trials completed: 200
Results saved to: optuna_still_no_temporal.db

To visualize results, use optuna-dashboard:
  optuna-dashboard sqlite:///optuna_still_no_temporal.db
