[I 2026-02-23 13:56:21,261] Using an existing study with name 'still_with_temporal' instead of creating a new one.
Loading annotations and video...
Starting optimization for study 'still_with_temporal'
Using temporal detector: True
Database: optuna_still_with_temporal.db
Number of trials: 25

To run in parallel, execute this same command in multiple terminals.
--------------------------------------------------------------------------------
  0%|          | 0/25 [00:00<?, ?it/s]                                        0%|          | 0/25 [03:46<?, ?it/s]Best trial: 2. Best value: 0.101767:   0%|          | 0/25 [03:46<?, ?it/s]Best trial: 2. Best value: 0.101767:   4%|▍         | 1/25 [03:46<1:30:27, 226.15s/it]                                                                                      Best trial: 2. Best value: 0.101767:   4%|▍         | 1/25 [08:04<1:30:27, 226.15s/it]Best trial: 5. Best value: 0.249888:   4%|▍         | 1/25 [08:04<1:30:27, 226.15s/it]Best trial: 5. Best value: 0.249888:   8%|▊         | 2/25 [08:04<1:33:57, 245.10s/it]                                                                                      Best trial: 5. Best value: 0.249888:   8%|▊         | 2/25 [12:38<1:33:57, 245.10s/it]Best trial: 5. Best value: 0.249888:   8%|▊         | 2/25 [12:38<1:33:57, 245.10s/it]Best trial: 5. Best value: 0.249888:  12%|█▏        | 3/25 [12:38<1:34:38, 258.09s/it]                                                                                      Best trial: 5. Best value: 0.249888:  12%|█▏        | 3/25 [17:00<1:34:38, 258.09s/it]Best trial: 22. Best value: 0.297792:  12%|█▏        | 3/25 [17:00<1:34:38, 258.09s/it]Best trial: 22. Best value: 0.297792:  16%|█▌        | 4/25 [17:00<1:30:57, 259.90s/it]                                                                                       creating index...
index created!
Loading and preparing results...
DONE (t=0.01s)
creating index...
index created!
Running per image evaluation...
Evaluate annotation type *bbox*
DONE (t=1.60s).
Accumulating evaluation results...
DONE (t=0.31s).
 Average Precision  (AP) @[ IoU=0.50:0.95 | area=   all | maxDets=100 ] = 0.043
 Average Precision  (AP) @[ IoU=0.50      | area=   all | maxDets=100 ] = 0.102
 Average Precision  (AP) @[ IoU=0.75      | area=   all | maxDets=100 ] = 0.028
 Average Precision  (AP) @[ IoU=0.50:0.95 | area= small | maxDets=100 ] = -1.000
 Average Precision  (AP) @[ IoU=0.50:0.95 | area=medium | maxDets=100 ] = 0.001
 Average Precision  (AP) @[ IoU=0.50:0.95 | area= large | maxDets=100 ] = 0.122
 Average Recall     (AR) @[ IoU=0.50:0.95 | area=   all | maxDets=  1 ] = 0.075
 Average Recall     (AR) @[ IoU=0.50:0.95 | area=   all | maxDets= 10 ] = 0.112
 Average Recall     (AR) @[ IoU=0.50:0.95 | area=   all | maxDets=100 ] = 0.112
 Average Recall     (AR) @[ IoU=0.50:0.95 | area= small | maxDets=100 ] = -1.000
 Average Recall     (AR) @[ IoU=0.50:0.95 | area=medium | maxDets=100 ] = 0.004
 Average Recall     (AR) @[ IoU=0.50:0.95 | area= large | maxDets=100 ] = 0.238
[I 2026-02-23 14:00:07,403] Trial 2 finished with value: 0.1017665496929058 and parameters: {'alpha': 5.468819837827207, 'std_bias': 3.488114651310925, 'opening_size': 5, 'closing_size': 7, 'dilate_size': 7, 'remove_small_blobs': 898, 'area_min': 1518, 'area_max': 74164, 'aspect_ratio_min': 0.22663759262893982, 'aspect_ratio_max': 12.492805166853831, 'fill_ratio_min': 0.19927191401236916, 'n_frames': 3, 'temporal_threshold': 0.5660517721673164, 'merge_distance': 24}. Best is trial 2 with value: 0.1017665496929058.
creating index...
index created!
Loading and preparing results...
DONE (t=0.02s)
creating index...
index created!
Running per image evaluation...
Evaluate annotation type *bbox*
DONE (t=2.12s).
Accumulating evaluation results...
DONE (t=0.28s).
 Average Precision  (AP) @[ IoU=0.50:0.95 | area=   all | maxDets=100 ] = 0.066
 Average Precision  (AP) @[ IoU=0.50      | area=   all | maxDets=100 ] = 0.146
 Average Precision  (AP) @[ IoU=0.75      | area=   all | maxDets=100 ] = 0.051
 Average Precision  (AP) @[ IoU=0.50:0.95 | area= small | maxDets=100 ] = -1.000
 Average Precision  (AP) @[ IoU=0.50:0.95 | area=medium | maxDets=100 ] = 0.002
 Average Precision  (AP) @[ IoU=0.50:0.95 | area= large | maxDets=100 ] = 0.180
 Average Recall     (AR) @[ IoU=0.50:0.95 | area=   all | maxDets=  1 ] = 0.080
 Average Recall     (AR) @[ IoU=0.50:0.95 | area=   all | maxDets= 10 ] = 0.143
 Average Recall     (AR) @[ IoU=0.50:0.95 | area=   all | maxDets=100 ] = 0.143
 Average Recall     (AR) @[ IoU=0.50:0.95 | area= small | maxDets=100 ] = -1.000
 Average Recall     (AR) @[ IoU=0.50:0.95 | area=medium | maxDets=100 ] = 0.011
 Average Recall     (AR) @[ IoU=0.50:0.95 | area= large | maxDets=100 ] = 0.296
[I 2026-02-23 14:04:25,773] Trial 8 finished with value: 0.14569229241763687 and parameters: {'alpha': 4.393117928577326, 'std_bias': 1.8131836298509363, 'opening_size': 7, 'closing_size': 5, 'dilate_size': 7, 'remove_small_blobs': 419, 'area_min': 792, 'area_max': 77200, 'aspect_ratio_min': 0.17791674658457035, 'aspect_ratio_max': 12.900673929287223, 'fill_ratio_min': 0.26154257325146707, 'n_frames': 2, 'temporal_threshold': 0.3365134528900393, 'merge_distance': 42}. Best is trial 5 with value: 0.24988831893878444.
creating index...
index created!
Loading and preparing results...
DONE (t=0.03s)
creating index...
index created!
Running per image evaluation...
Evaluate annotation type *bbox*
DONE (t=2.80s).
Accumulating evaluation results...
DONE (t=0.48s).
 Average Precision  (AP) @[ IoU=0.50:0.95 | area=   all | maxDets=100 ] = 0.049
 Average Precision  (AP) @[ IoU=0.50      | area=   all | maxDets=100 ] = 0.130
 Average Precision  (AP) @[ IoU=0.75      | area=   all | maxDets=100 ] = 0.033
 Average Precision  (AP) @[ IoU=0.50:0.95 | area= small | maxDets=100 ] = -1.000
 Average Precision  (AP) @[ IoU=0.50:0.95 | area=medium | maxDets=100 ] = 0.039
 Average Precision  (AP) @[ IoU=0.50:0.95 | area= large | maxDets=100 ] = 0.057
 Average Recall     (AR) @[ IoU=0.50:0.95 | area=   all | maxDets=  1 ] = 0.068
 Average Recall     (AR) @[ IoU=0.50:0.95 | area=   all | maxDets= 10 ] = 0.182
 Average Recall     (AR) @[ IoU=0.50:0.95 | area=   all | maxDets=100 ] = 0.182
 Average Recall     (AR) @[ IoU=0.50:0.95 | area= small | maxDets=100 ] = -1.000
 Average Recall     (AR) @[ IoU=0.50:0.95 | area=medium | maxDets=100 ] = 0.214
 Average Recall     (AR) @[ IoU=0.50:0.95 | area= large | maxDets=100 ] = 0.146
[I 2026-02-23 14:08:59,331] Trial 17 finished with value: 0.12974756649991384 and parameters: {'alpha': 1.3667596323574633, 'std_bias': 4.996619372862163, 'opening_size': 5, 'closing_size': 15, 'dilate_size': 7, 'remove_small_blobs': 707, 'area_min': 1585, 'area_max': 146364, 'aspect_ratio_min': 0.19811208686232007, 'aspect_ratio_max': 5.696348962023356, 'fill_ratio_min': 0.29738508042279144, 'n_frames': 2, 'temporal_threshold': 0.4199870128731157, 'merge_distance': 37}. Best is trial 5 with value: 0.24988831893878444.
creating index...
index created!
Loading and preparing results...
DONE (t=0.01s)
creating index...
index created!
Running per image evaluation...
Evaluate annotation type *bbox*
DONE (t=2.30s).
Accumulating evaluation results...
DONE (t=0.41s).
 Average Precision  (AP) @[ IoU=0.50:0.95 | area=   all | maxDets=100 ] = 0.136
 Average Precision  (AP) @[ IoU=0.50      | area=   all | maxDets=100 ] = 0.292
 Average Precision  (AP) @[ IoU=0.75      | area=   all | maxDets=100 ] = 0.117
 Average Precision  (AP) @[ IoU=0.50:0.95 | area= small | maxDets=100 ] = -1.000
 Average Precision  (AP) @[ IoU=0.50:0.95 | area=medium | maxDets=100 ] = 0.036
 Average Precision  (AP) @[ IoU=0.50:0.95 | area= large | maxDets=100 ] = 0.256
 Average Recall     (AR) @[ IoU=0.50:0.95 | area=   all | maxDets=  1 ] = 0.117
 Average Recall     (AR) @[ IoU=0.50:0.95 | area=   all | maxDets= 10 ] = 0.208
 Average Recall     (AR) @[ IoU=0.50:0.95 | area=   all | maxDets=100 ] = 0.208
 Average Recall     (AR) @[ IoU=0.50:0.95 | area= small | maxDets=100 ] = -1.000
 Average Recall     (AR) @[ IoU=0.50:0.95 | area=medium | maxDets=100 ] = 0.094
 Average Recall     (AR) @[ IoU=0.50:0.95 | area= large | maxDets=100 ] = 0.341
[I 2026-02-23 14:13:22,004] Trial 24 finished with value: 0.2915403679752373 and parameters: {'alpha': 4.872032801302397, 'std_bias': 2.0914248585677075, 'opening_size': 3, 'closing_size': 20, 'dilate_size': 9, 'remove_small_blobs': 606, 'area_min': 1759, 'area_max': 95944, 'aspect_ratio_min': 0.24917813753483783, 'aspect_ratio_max': 4.408513412959579, 'fill_ratio_min': 0.29981620542253395, 'n_frames': 3, 'temporal_threshold': 0.5900827292886219, 'merge_distance': 27}. Best is trial 22 with value: 0.297791625355221.
creating index...
index created!
Loading and preparing results...
DONE (t=0.02s)
creating index...
index created!
Running per image evaluation...
Evaluate annotation type *bbox*
DONE (t=2.29s).
Accumulating evaluation results...
DONE (t=0.40s).
 Average Precision  (AP) @[ IoU=0.50:0.95 | area=   all | maxDets=100 ] = 0.137
 Average Precision  (AP) @[ IoU=0.50      | area=   all | maxDets=100 ] = 0.291
 Average Precision  (AP) @[ IoU=0.75      | area=   all | maxDets=100 ] = 0.120
 Average Precision  (AP) @[ IoU=0.50:0.95 | area= small | maxDets=100 ] = -1.000
 Average Precision  (AP) @[ IoU=0.50:0.95 | area=medium | maxDets=100 ] = 0.038
 Average Precision  (AP) @[ IoU=0.50:0.95 | area= large | maxDets=100 ] = 0.256
 Average Recall     (AR) @[ IoU=0.50:0.95 | area=   all | maxDets=  1 ] = 0.116
 Average Recall     (AR) @[ IoU=0.50:0.95 | area=   all | maxDets= 10 ] = 0.209
 Average Recall     (AR) @[ IoU=0.50:0.95 | area=   all | maxDets=100 ] = 0.209
 Average Recall     (AR) @[ IoU=0.50:0.95 | area= small | maxDets=100 ] = -1.000
 Average Recall     (AR) @[ IoU=0.50:0.95 | area=medium | maxDets=100 ] = 0.095
 Average Recall     (AR) @[ IoU=0.50:0.95 | area= large | maxDets=100 ] = 0.342
[I 2026-02-23 14:17:46,237] Trial 31 finished with value: 0.290873205527167 and parameters: {'alpha': 4.806095746444722, 'std_bias': 2.2910997923216025, 'opening_size': 3, 'closing_size': 20, 'dilate_size': 9, 'remove_small_blobs': 582, 'area_min': 1745, 'area_max': 91495, 'aspect_ratio_min': 0.21168530760083015, 'aspect_ratio_max': 5.6889567430318575, 'fill_ratio_min': 0.27106562585561605, 'n_frames': 3, 'temporal_threshold': 0.5292005155011882, 'merge_distance': 35}. Best is trial 26 with value: 0.31031001014171766.Best trial: 22. Best value: 0.297792:  16%|█▌        | 4/25 [21:24<1:30:57, 259.90s/it]Best trial: 26. Best value: 0.31031:  16%|█▌        | 4/25 [21:24<1:30:57, 259.90s/it] Best trial: 26. Best value: 0.31031:  20%|██        | 5/25 [21:24<1:27:09, 261.46s/it]                                                                                      Best trial: 26. Best value: 0.31031:  20%|██        | 5/25 [26:04<1:27:09, 261.46s/it]Best trial: 38. Best value: 0.321173:  20%|██        | 5/25 [26:04<1:27:09, 261.46s/it]Best trial: 38. Best value: 0.321173:  24%|██▍       | 6/25 [26:04<1:24:41, 267.46s/it]                                                                                       Best trial: 38. Best value: 0.321173:  24%|██▍       | 6/25 [30:18<1:24:41, 267.46s/it]Best trial: 38. Best value: 0.321173:  24%|██▍       | 6/25 [30:18<1:24:41, 267.46s/it]Best trial: 38. Best value: 0.321173:  28%|██▊       | 7/25 [30:18<1:18:58, 263.25s/it]                                                                                       Best trial: 38. Best value: 0.321173:  28%|██▊       | 7/25 [34:14<1:18:58, 263.25s/it]Best trial: 38. Best value: 0.321173:  28%|██▊       | 7/25 [34:14<1:18:58, 263.25s/it]Best trial: 38. Best value: 0.321173:  32%|███▏      | 8/25 [34:14<1:12:04, 254.39s/it]                                                                                       Best trial: 38. Best value: 0.321173:  32%|███▏      | 8/25 [38:14<1:12:04, 254.39s/it]Best trial: 38. Best value: 0.321173:  32%|███▏      | 8/25 [38:14<1:12:04, 254.39s/it]Best trial: 38. Best value: 0.321173:  36%|███▌      | 9/25 [38:14<1:06:39, 249.96s/it]                                                                                       
creating index...
index created!
Loading and preparing results...
DONE (t=0.02s)
creating index...
index created!
Running per image evaluation...
Evaluate annotation type *bbox*
DONE (t=2.49s).
Accumulating evaluation results...
DONE (t=0.37s).
 Average Precision  (AP) @[ IoU=0.50:0.95 | area=   all | maxDets=100 ] = 0.151
 Average Precision  (AP) @[ IoU=0.50      | area=   all | maxDets=100 ] = 0.321
 Average Precision  (AP) @[ IoU=0.75      | area=   all | maxDets=100 ] = 0.128
 Average Precision  (AP) @[ IoU=0.50:0.95 | area= small | maxDets=100 ] = -1.000
 Average Precision  (AP) @[ IoU=0.50:0.95 | area=medium | maxDets=100 ] = 0.068
 Average Precision  (AP) @[ IoU=0.50:0.95 | area= large | maxDets=100 ] = 0.246
 Average Recall     (AR) @[ IoU=0.50:0.95 | area=   all | maxDets=  1 ] = 0.124
 Average Recall     (AR) @[ IoU=0.50:0.95 | area=   all | maxDets= 10 ] = 0.252
 Average Recall     (AR) @[ IoU=0.50:0.95 | area=   all | maxDets=100 ] = 0.252
 Average Recall     (AR) @[ IoU=0.50:0.95 | area= small | maxDets=100 ] = -1.000
 Average Recall     (AR) @[ IoU=0.50:0.95 | area=medium | maxDets=100 ] = 0.166
 Average Recall     (AR) @[ IoU=0.50:0.95 | area= large | maxDets=100 ] = 0.352
[I 2026-02-23 14:22:25,319] Trial 38 finished with value: 0.32117286645295584 and parameters: {'alpha': 3.609429207259105, 'std_bias': 4.01695064491135, 'opening_size': 3, 'closing_size': 20, 'dilate_size': 9, 'remove_small_blobs': 531, 'area_min': 1878, 'area_max': 104710, 'aspect_ratio_min': 0.23347367164482888, 'aspect_ratio_max': 9.70167674223811, 'fill_ratio_min': 0.23772500960089943, 'n_frames': 3, 'temporal_threshold': 0.6037660318648514, 'merge_distance': 31}. Best is trial 38 with value: 0.32117286645295584.
creating index...
index created!
Loading and preparing results...
DONE (t=0.02s)
creating index...
index created!
Running per image evaluation...
Evaluate annotation type *bbox*
DONE (t=2.10s).
Accumulating evaluation results...
DONE (t=0.29s).
 Average Precision  (AP) @[ IoU=0.50:0.95 | area=   all | maxDets=100 ] = 0.107
 Average Precision  (AP) @[ IoU=0.50      | area=   all | maxDets=100 ] = 0.239
 Average Precision  (AP) @[ IoU=0.75      | area=   all | maxDets=100 ] = 0.077
 Average Precision  (AP) @[ IoU=0.50:0.95 | area= small | maxDets=100 ] = -1.000
 Average Precision  (AP) @[ IoU=0.50:0.95 | area=medium | maxDets=100 ] = 0.003
 Average Precision  (AP) @[ IoU=0.50:0.95 | area= large | maxDets=100 ] = 0.248
 Average Recall     (AR) @[ IoU=0.50:0.95 | area=   all | maxDets=  1 ] = 0.112
 Average Recall     (AR) @[ IoU=0.50:0.95 | area=   all | maxDets= 10 ] = 0.168
 Average Recall     (AR) @[ IoU=0.50:0.95 | area=   all | maxDets=100 ] = 0.168
 Average Recall     (AR) @[ IoU=0.50:0.95 | area= small | maxDets=100 ] = -1.000
 Average Recall     (AR) @[ IoU=0.50:0.95 | area=medium | maxDets=100 ] = 0.017
 Average Recall     (AR) @[ IoU=0.50:0.95 | area= large | maxDets=100 ] = 0.342
[I 2026-02-23 14:26:39,930] Trial 46 finished with value: 0.2386467914794399 and parameters: {'alpha': 4.287903495209906, 'std_bias': 2.819560184333663, 'opening_size': 5, 'closing_size': 17, 'dilate_size': 5, 'remove_small_blobs': 420, 'area_min': 1482, 'area_max': 141671, 'aspect_ratio_min': 0.23211052455943496, 'aspect_ratio_max': 11.724432566282122, 'fill_ratio_min': 0.19107436863706795, 'n_frames': 3, 'temporal_threshold': 0.6131703887212837, 'merge_distance': 23}. Best is trial 38 with value: 0.32117286645295584.
creating index...
index created!
Loading and preparing results...
DONE (t=0.01s)
creating index...
index created!
Running per image evaluation...
Evaluate annotation type *bbox*
DONE (t=1.62s).
Accumulating evaluation results...
DONE (t=0.29s).
 Average Precision  (AP) @[ IoU=0.50:0.95 | area=   all | maxDets=100 ] = 0.133
 Average Precision  (AP) @[ IoU=0.50      | area=   all | maxDets=100 ] = 0.245
 Average Precision  (AP) @[ IoU=0.75      | area=   all | maxDets=100 ] = 0.122
 Average Precision  (AP) @[ IoU=0.50:0.95 | area= small | maxDets=100 ] = -1.000
 Average Precision  (AP) @[ IoU=0.50:0.95 | area=medium | maxDets=100 ] = 0.003
 Average Precision  (AP) @[ IoU=0.50:0.95 | area= large | maxDets=100 ] = 0.316
 Average Recall     (AR) @[ IoU=0.50:0.95 | area=   all | maxDets=  1 ] = 0.132
 Average Recall     (AR) @[ IoU=0.50:0.95 | area=   all | maxDets= 10 ] = 0.189
 Average Recall     (AR) @[ IoU=0.50:0.95 | area=   all | maxDets=100 ] = 0.189
 Average Recall     (AR) @[ IoU=0.50:0.95 | area= small | maxDets=100 ] = -1.000
 Average Recall     (AR) @[ IoU=0.50:0.95 | area=medium | maxDets=100 ] = 0.007
 Average Recall     (AR) @[ IoU=0.50:0.95 | area= large | maxDets=100 ] = 0.401
[I 2026-02-23 14:30:35,357] Trial 54 finished with value: 0.24485401035993218 and parameters: {'alpha': 6.088131123152912, 'std_bias': 3.1102354973474506, 'opening_size': 3, 'closing_size': 9, 'dilate_size': 9, 'remove_small_blobs': 750, 'area_min': 1882, 'area_max': 83669, 'aspect_ratio_min': 0.2408379922139989, 'aspect_ratio_max': 8.599780680684221, 'fill_ratio_min': 0.2556560129520974, 'n_frames': 3, 'temporal_threshold': 0.643401447825299, 'merge_distance': 46}. Best is trial 38 with value: 0.32117286645295584.
creating index...
index created!
Loading and preparing results...
DONE (t=0.01s)
creating index...
index created!
Running per image evaluation...
Evaluate annotation type *bbox*
DONE (t=1.67s).
Accumulating evaluation results...
DONE (t=0.26s).
 Average Precision  (AP) @[ IoU=0.50:0.95 | area=   all | maxDets=100 ] = 0.113
 Average Precision  (AP) @[ IoU=0.50      | area=   all | maxDets=100 ] = 0.214
 Average Precision  (AP) @[ IoU=0.75      | area=   all | maxDets=100 ] = 0.100
 Average Precision  (AP) @[ IoU=0.50:0.95 | area= small | maxDets=100 ] = -1.000
 Average Precision  (AP) @[ IoU=0.50:0.95 | area=medium | maxDets=100 ] = 0.002
 Average Precision  (AP) @[ IoU=0.50:0.95 | area= large | maxDets=100 ] = 0.289
 Average Recall     (AR) @[ IoU=0.50:0.95 | area=   all | maxDets=  1 ] = 0.126
 Average Recall     (AR) @[ IoU=0.50:0.95 | area=   all | maxDets= 10 ] = 0.180
 Average Recall     (AR) @[ IoU=0.50:0.95 | area=   all | maxDets=100 ] = 0.180
 Average Recall     (AR) @[ IoU=0.50:0.95 | area= small | maxDets=100 ] = -1.000
 Average Recall     (AR) @[ IoU=0.50:0.95 | area=medium | maxDets=100 ] = 0.008
 Average Recall     (AR) @[ IoU=0.50:0.95 | area= large | maxDets=100 ] = 0.379
[I 2026-02-23 14:34:35,575] Trial 62 finished with value: 0.21396940780264717 and parameters: {'alpha': 5.256416395780378, 'std_bias': 4.210290680692629, 'opening_size': 3, 'closing_size': 7, 'dilate_size': 7, 'remove_small_blobs': 602, 'area_min': 1728, 'area_max': 77499, 'aspect_ratio_min': 0.16435964180300433, 'aspect_ratio_max': 4.9692923557490385, 'fill_ratio_min': 0.283534406228753, 'n_frames': 3, 'temporal_threshold': 0.6672661707161125, 'merge_distance': 35}. Best is trial 38 with value: 0.32117286645295584.
creating index...
index created!
Loading and preparing results...
DONE (t=0.03s)
creating index...
index created!
Running per image evaluation...
Evaluate annotation type *bbox*
DONE (t=2.63s).
Accumulating evaluation results...
DONE (t=0.44s).
 Average Precision  (AP) @[ IoU=0.50:0.95 | area=   all | maxDets=100 ] = 0.078
 Average Precision  (AP) @[ IoU=0.50      | area=   all | maxDets=100 ] = 0.214
 Average Precision  (AP) @[ IoU=0.75      | area=   all | maxDets=100 ] = 0.042
 Average Precision  (AP) @[ IoU=0.50:0.95 | area= small | maxDets=100 ] = -1.000
 Average Precision  (AP) @[ IoU=0.50:0.95 | area=medium | maxDets=100 ] = 0.067
 Average Precision  (AP) @[ IoU=0.50:0.95 | area= large | maxDets=100 ] = 0.096
 Average Recall     (AR) @[ IoU=0.50:0.95 | area=   all | maxDets=  1 ] = 0.085
 Average Recall     (AR) @[ IoU=0.50:0.95 | area=   all | maxDets= 10 ] = 0.207
 Average Recall     (AR) @[ IoU=0.50:0.95 | area=   all | maxDets=100 ] = 0.207
 Average Recall     (AR) @[ IoU=0.50:0.95 | area= small | maxDets=100 ] = -1.000
 Average Recall     (AR) @[ IoU=0.50:0.95 | area=medium | maxDets=100 ] = 0.213
 Average Recall     (AR) @[ IoU=0.50:0.95 | area= large | maxDets=100 ] = 0.200
