[I 2026-02-23 13:56:10,930] A new study created in RDB with name: still_with_temporal
Loading annotations and video...
Starting optimization for study 'still_with_temporal'
Using temporal detector: True
Database: optuna_still_with_temporal.db
Number of trials: 25

To run in parallel, execute this same command in multiple terminals.
--------------------------------------------------------------------------------
  0%|          | 0/25 [00:00<?, ?it/s]                                        0%|          | 0/25 [04:20<?, ?it/s]Best trial: 5. Best value: 0.249888:   0%|          | 0/25 [04:20<?, ?it/s]Best trial: 5. Best value: 0.249888:   4%|▍         | 1/25 [04:20<1:44:12, 260.51s/it]                                                                                      Best trial: 5. Best value: 0.249888:   4%|▍         | 1/25 [10:30<1:44:12, 260.51s/it]Best trial: 5. Best value: 0.249888:   4%|▍         | 1/25 [10:30<1:44:12, 260.51s/it]Best trial: 5. Best value: 0.249888:   8%|▊         | 2/25 [10:30<2:04:37, 325.09s/it]                                                                                      Best trial: 5. Best value: 0.249888:   8%|▊         | 2/25 [14:44<2:04:37, 325.09s/it]Best trial: 22. Best value: 0.297792:   8%|▊         | 2/25 [14:44<2:04:37, 325.09s/it]Best trial: 22. Best value: 0.297792:  12%|█▏        | 3/25 [14:44<1:47:09, 292.27s/it]                                                                                       Best trial: 22. Best value: 0.297792:  12%|█▏        | 3/25 [18:58<1:47:09, 292.27s/it]Best trial: 26. Best value: 0.31031:  12%|█▏        | 3/25 [18:58<1:47:09, 292.27s/it] Best trial: 26. Best value: 0.31031:  16%|█▌        | 4/25 [18:58<1:37:04, 277.36s/it]                                                                                      creating index...
index created!
Loading and preparing results...
DONE (t=0.02s)
creating index...
index created!
Running per image evaluation...
Evaluate annotation type *bbox*
DONE (t=2.07s).
Accumulating evaluation results...
DONE (t=0.36s).
 Average Precision  (AP) @[ IoU=0.50:0.95 | area=   all | maxDets=100 ] = 0.082
 Average Precision  (AP) @[ IoU=0.50      | area=   all | maxDets=100 ] = 0.243
 Average Precision  (AP) @[ IoU=0.75      | area=   all | maxDets=100 ] = 0.029
 Average Precision  (AP) @[ IoU=0.50:0.95 | area= small | maxDets=100 ] = -1.000
 Average Precision  (AP) @[ IoU=0.50:0.95 | area=medium | maxDets=100 ] = 0.037
 Average Precision  (AP) @[ IoU=0.50:0.95 | area= large | maxDets=100 ] = 0.135
 Average Recall     (AR) @[ IoU=0.50:0.95 | area=   all | maxDets=  1 ] = 0.084
 Average Recall     (AR) @[ IoU=0.50:0.95 | area=   all | maxDets= 10 ] = 0.164
 Average Recall     (AR) @[ IoU=0.50:0.95 | area=   all | maxDets=100 ] = 0.164
 Average Recall     (AR) @[ IoU=0.50:0.95 | area= small | maxDets=100 ] = -1.000
 Average Recall     (AR) @[ IoU=0.50:0.95 | area=medium | maxDets=100 ] = 0.113
 Average Recall     (AR) @[ IoU=0.50:0.95 | area= large | maxDets=100 ] = 0.223
[I 2026-02-23 14:00:31,433] Trial 0 finished with value: 0.24312037323241786 and parameters: {'alpha': 4.17621255033885, 'std_bias': 1.0128714716980531, 'opening_size': 3, 'closing_size': 3, 'dilate_size': 9, 'remove_small_blobs': 872, 'area_min': 1969, 'area_max': 118625, 'aspect_ratio_min': 0.14543777496618937, 'aspect_ratio_max': 11.177974809072124, 'fill_ratio_min': 0.21092261915596455, 'n_frames': 3, 'temporal_threshold': 0.31303053101898504, 'merge_distance': 33}. Best is trial 5 with value: 0.24988831893878444.
creating index...
index created!
Loading and preparing results...
DONE (t=0.02s)
creating index...
index created!
Running per image evaluation...
Evaluate annotation type *bbox*
DONE (t=2.33s).
Accumulating evaluation results...
DONE (t=0.57s).
 Average Precision  (AP) @[ IoU=0.50:0.95 | area=   all | maxDets=100 ] = 0.110
 Average Precision  (AP) @[ IoU=0.50      | area=   all | maxDets=100 ] = 0.248
 Average Precision  (AP) @[ IoU=0.75      | area=   all | maxDets=100 ] = 0.076
 Average Precision  (AP) @[ IoU=0.50:0.95 | area= small | maxDets=100 ] = -1.000
 Average Precision  (AP) @[ IoU=0.50:0.95 | area=medium | maxDets=100 ] = 0.015
 Average Precision  (AP) @[ IoU=0.50:0.95 | area= large | maxDets=100 ] = 0.234
 Average Recall     (AR) @[ IoU=0.50:0.95 | area=   all | maxDets=  1 ] = 0.104
 Average Recall     (AR) @[ IoU=0.50:0.95 | area=   all | maxDets= 10 ] = 0.182
 Average Recall     (AR) @[ IoU=0.50:0.95 | area=   all | maxDets=100 ] = 0.182
 Average Recall     (AR) @[ IoU=0.50:0.95 | area= small | maxDets=100 ] = -1.000
 Average Recall     (AR) @[ IoU=0.50:0.95 | area=medium | maxDets=100 ] = 0.059
 Average Recall     (AR) @[ IoU=0.50:0.95 | area= large | maxDets=100 ] = 0.326
[I 2026-02-23 14:06:41,735] Trial 10 finished with value: 0.2479374943745252 and parameters: {'alpha': 4.976058877640752, 'std_bias': 1.1104552942624324, 'opening_size': 3, 'closing_size': 11, 'dilate_size': 9, 'remove_small_blobs': 192, 'area_min': 1791, 'area_max': 97951, 'aspect_ratio_min': 0.22990558360858984, 'aspect_ratio_max': 7.161219655090364, 'fill_ratio_min': 0.1319973022047075, 'n_frames': 3, 'temporal_threshold': 0.6928197387661349, 'merge_distance': 19}. Best is trial 5 with value: 0.24988831893878444.
creating index...
index created!
Loading and preparing results...
DONE (t=0.02s)
creating index...
index created!
Running per image evaluation...
Evaluate annotation type *bbox*
DONE (t=0.74s).
Accumulating evaluation results...
DONE (t=0.31s).
 Average Precision  (AP) @[ IoU=0.50:0.95 | area=   all | maxDets=100 ] = 0.139
 Average Precision  (AP) @[ IoU=0.50      | area=   all | maxDets=100 ] = 0.298
 Average Precision  (AP) @[ IoU=0.75      | area=   all | maxDets=100 ] = 0.115
 Average Precision  (AP) @[ IoU=0.50:0.95 | area= small | maxDets=100 ] = -1.000
 Average Precision  (AP) @[ IoU=0.50:0.95 | area=medium | maxDets=100 ] = 0.025
 Average Precision  (AP) @[ IoU=0.50:0.95 | area= large | maxDets=100 ] = 0.280
 Average Recall     (AR) @[ IoU=0.50:0.95 | area=   all | maxDets=  1 ] = 0.116
 Average Recall     (AR) @[ IoU=0.50:0.95 | area=   all | maxDets= 10 ] = 0.205
 Average Recall     (AR) @[ IoU=0.50:0.95 | area=   all | maxDets=100 ] = 0.205
 Average Recall     (AR) @[ IoU=0.50:0.95 | area= small | maxDets=100 ] = -1.000
 Average Recall     (AR) @[ IoU=0.50:0.95 | area=medium | maxDets=100 ] = 0.067
 Average Recall     (AR) @[ IoU=0.50:0.95 | area= large | maxDets=100 ] = 0.365
[I 2026-02-23 14:10:54,941] Trial 22 finished with value: 0.297791625355221 and parameters: {'alpha': 5.273455480372685, 'std_bias': 2.2117491830538034, 'opening_size': 3, 'closing_size': 20, 'dilate_size': 9, 'remove_small_blobs': 631, 'area_min': 1636, 'area_max': 95984, 'aspect_ratio_min': 0.24534648256597708, 'aspect_ratio_max': 5.467863431826837, 'fill_ratio_min': 0.28214424874508726, 'n_frames': 3, 'temporal_threshold': 0.593143251933919, 'merge_distance': 33}. Best is trial 22 with value: 0.297791625355221.
creating index...
index created!
Loading and preparing results...
DONE (t=0.02s)
creating index...
index created!
Running per image evaluation...
Evaluate annotation type *bbox*
DONE (t=2.26s).
Accumulating evaluation results...
DONE (t=0.36s).
 Average Precision  (AP) @[ IoU=0.50:0.95 | area=   all | maxDets=100 ] = 0.102
 Average Precision  (AP) @[ IoU=0.50      | area=   all | maxDets=100 ] = 0.225
 Average Precision  (AP) @[ IoU=0.75      | area=   all | maxDets=100 ] = 0.085
 Average Precision  (AP) @[ IoU=0.50:0.95 | area= small | maxDets=100 ] = -1.000
 Average Precision  (AP) @[ IoU=0.50:0.95 | area=medium | maxDets=100 ] = 0.021
 Average Precision  (AP) @[ IoU=0.50:0.95 | area= large | maxDets=100 ] = 0.236
 Average Recall     (AR) @[ IoU=0.50:0.95 | area=   all | maxDets=  1 ] = 0.084
 Average Recall     (AR) @[ IoU=0.50:0.95 | area=   all | maxDets= 10 ] = 0.220
 Average Recall     (AR) @[ IoU=0.50:0.95 | area=   all | maxDets=100 ] = 0.220
 Average Recall     (AR) @[ IoU=0.50:0.95 | area= small | maxDets=100 ] = -1.000
 Average Recall     (AR) @[ IoU=0.50:0.95 | area=medium | maxDets=100 ] = 0.119
 Average Recall     (AR) @[ IoU=0.50:0.95 | area= large | maxDets=100 ] = 0.336
[I 2026-02-23 14:15:09,451] Trial 27 finished with value: 0.22467196899222694 and parameters: {'alpha': 4.8744888360626035, 'std_bias': 2.2546148586101893, 'opening_size': 3, 'closing_size': 20, 'dilate_size': 9, 'remove_small_blobs': 628, 'area_min': 828, 'area_max': 94790, 'aspect_ratio_min': 0.2174036566500874, 'aspect_ratio_max': 4.186458322139136, 'fill_ratio_min': 0.27554368632212906, 'n_frames': 2, 'temporal_threshold': 0.5386873631844744, 'merge_distance': 35}. Best is trial 26 with value: 0.31031001014171766.
creating index...
index created!
Loading and preparing results...
DONE (t=0.23s)
creating index...
index created!
Running per image evaluation...
Evaluate annotation type *bbox*
DONE (t=3.20s).
Accumulating evaluation results...
DONE (t=0.43s).
 Average Precision  (AP) @[ IoU=0.50:0.95 | area=   all | maxDets=100 ] = 0.103
 Average Precision  (AP) @[ IoU=0.50      | area=   all | maxDets=100 ] = 0.222
 Average Precision  (AP) @[ IoU=0.75      | area=   all | maxDets=100 ] = 0.089
 Average Precision  (AP) @[ IoU=0.50:0.95 | area= small | maxDets=100 ] = -1.000
 Average Precision  (AP) @[ IoU=0.50:0.95 | area=medium | maxDets=100 ] = 0.038
 Average Precision  (AP) @[ IoU=0.50:0.95 | area= large | maxDets=100 ] = 0.230
 Average Recall     (AR) @[ IoU=0.50:0.95 | area=   all | maxDets=  1 ] = 0.085
 Average Recall     (AR) @[ IoU=0.50:0.95 | area=   all | maxDets= 10 ] = 0.271
 Average Recall     (AR) @[ IoU=0.50:0.95 | area=   all | maxDets=100 ] = 0.272
 Average Recall     (AR) @[ IoU=0.50:0.95 | area= small | maxDets=100 ] = -1.000
 Average Recall     (AR) @[ IoU=0.50:0.95 | area=medium | maxDets=100 ] = 0.203
 Average Recall     (AR) @[ IoU=0.50:0.95 | area= large | maxDets=100 ] = 0.351
[I 2026-02-23 14:19:34,190] Trial 34 finished with value: 0.2216944043179745 and parameters: {'alpha': 3.647680932853461, 'std_bias': 3.9585424725110365, 'opening_size': 3, 'closing_size': 20, 'dilate_size': 7, 'remove_small_blobs': 530, 'area_min': 702, 'area_max': 107928, 'aspect_ratio_min': 0.21397332891935383, 'aspect_ratio_max': 9.24477236566312, 'fill_ratio_min': 0.2670539588858783, 'n_frames': 2, 'temporal_threshold': 0.5193621942975277, 'merge_distance': 29}. Best is trial 26 with value: 0.31031001014171766.Best trial: 26. Best value: 0.31031:  16%|█▌        | 4/25 [23:23<1:37:04, 277.36s/it]Best trial: 26. Best value: 0.31031:  16%|█▌        | 4/25 [23:23<1:37:04, 277.36s/it]Best trial: 26. Best value: 0.31031:  20%|██        | 5/25 [23:23<1:30:56, 272.81s/it]                                                                                      Best trial: 26. Best value: 0.31031:  20%|██        | 5/25 [27:38<1:30:56, 272.81s/it]Best trial: 38. Best value: 0.321173:  20%|██        | 5/25 [27:38<1:30:56, 272.81s/it]Best trial: 38. Best value: 0.321173:  24%|██▍       | 6/25 [27:38<1:24:30, 266.89s/it]                                                                                       Best trial: 38. Best value: 0.321173:  24%|██▍       | 6/25 [32:14<1:24:30, 266.89s/it]Best trial: 38. Best value: 0.321173:  24%|██▍       | 6/25 [32:14<1:24:30, 266.89s/it]Best trial: 38. Best value: 0.321173:  28%|██▊       | 7/25 [32:14<1:20:55, 269.75s/it]                                                                                       Best trial: 38. Best value: 0.321173:  28%|██▊       | 7/25 [37:14<1:20:55, 269.75s/it]Best trial: 38. Best value: 0.321173:  28%|██▊       | 7/25 [37:14<1:20:55, 269.75s/it]Best trial: 38. Best value: 0.321173:  32%|███▏      | 8/25 [37:14<1:19:09, 279.36s/it]                                                                                       Best trial: 38. Best value: 0.321173:  32%|███▏      | 8/25 [41:55<1:19:09, 279.36s/it]Best trial: 38. Best value: 0.321173:  32%|███▏      | 8/25 [41:55<1:19:09, 279.36s/it]Best trial: 38. Best value: 0.321173:  36%|███▌      | 9/25 [41:55<1:14:40, 280.06s/it]                                                                                       
creating index...
index created!
Loading and preparing results...
DONE (t=0.01s)
creating index...
index created!
Running per image evaluation...
Evaluate annotation type *bbox*
DONE (t=1.92s).
Accumulating evaluation results...
DONE (t=0.25s).
 Average Precision  (AP) @[ IoU=0.50:0.95 | area=   all | maxDets=100 ] = 0.049
 Average Precision  (AP) @[ IoU=0.50      | area=   all | maxDets=100 ] = 0.116
 Average Precision  (AP) @[ IoU=0.75      | area=   all | maxDets=100 ] = 0.034
 Average Precision  (AP) @[ IoU=0.50:0.95 | area= small | maxDets=100 ] = -1.000
 Average Precision  (AP) @[ IoU=0.50:0.95 | area=medium | maxDets=100 ] = 0.001
 Average Precision  (AP) @[ IoU=0.50:0.95 | area= large | maxDets=100 ] = 0.128
 Average Recall     (AR) @[ IoU=0.50:0.95 | area=   all | maxDets=  1 ] = 0.078
 Average Recall     (AR) @[ IoU=0.50:0.95 | area=   all | maxDets= 10 ] = 0.117
 Average Recall     (AR) @[ IoU=0.50:0.95 | area=   all | maxDets=100 ] = 0.117
 Average Recall     (AR) @[ IoU=0.50:0.95 | area= small | maxDets=100 ] = -1.000
 Average Recall     (AR) @[ IoU=0.50:0.95 | area=medium | maxDets=100 ] = 0.006
 Average Recall     (AR) @[ IoU=0.50:0.95 | area= large | maxDets=100 ] = 0.246
[I 2026-02-23 14:23:49,582] Trial 42 finished with value: 0.11638902397764579 and parameters: {'alpha': 4.30894407469873, 'std_bias': 2.7917143784195466, 'opening_size': 5, 'closing_size': 3, 'dilate_size': 5, 'remove_small_blobs': 799, 'area_min': 1507, 'area_max': 68474, 'aspect_ratio_min': 0.22576600196070618, 'aspect_ratio_max': 10.065178960807229, 'fill_ratio_min': 0.23151368012986587, 'n_frames': 3, 'temporal_threshold': 0.6049577239972227, 'merge_distance': 23}. Best is trial 38 with value: 0.32117286645295584.
creating index...
index created!
Loading and preparing results...
DONE (t=0.01s)
creating index...
index created!
Running per image evaluation...
Evaluate annotation type *bbox*
DONE (t=1.73s).
Accumulating evaluation results...
DONE (t=0.36s).
 Average Precision  (AP) @[ IoU=0.50:0.95 | area=   all | maxDets=100 ] = 0.125
 Average Precision  (AP) @[ IoU=0.50      | area=   all | maxDets=100 ] = 0.252
 Average Precision  (AP) @[ IoU=0.75      | area=   all | maxDets=100 ] = 0.103
 Average Precision  (AP) @[ IoU=0.50:0.95 | area= small | maxDets=100 ] = -1.000
 Average Precision  (AP) @[ IoU=0.50:0.95 | area=medium | maxDets=100 ] = 0.004
 Average Precision  (AP) @[ IoU=0.50:0.95 | area= large | maxDets=100 ] = 0.285
 Average Recall     (AR) @[ IoU=0.50:0.95 | area=   all | maxDets=  1 ] = 0.111
 Average Recall     (AR) @[ IoU=0.50:0.95 | area=   all | maxDets= 10 ] = 0.181
 Average Recall     (AR) @[ IoU=0.50:0.95 | area=   all | maxDets=100 ] = 0.181
 Average Recall     (AR) @[ IoU=0.50:0.95 | area= small | maxDets=100 ] = -1.000
 Average Recall     (AR) @[ IoU=0.50:0.95 | area=medium | maxDets=100 ] = 0.013
 Average Recall     (AR) @[ IoU=0.50:0.95 | area= large | maxDets=100 ] = 0.375
[I 2026-02-23 14:28:25,221] Trial 51 finished with value: 0.25205813628715146 and parameters: {'alpha': 6.210443820979132, 'std_bias': 1.286004592697135, 'opening_size': 3, 'closing_size': 17, 'dilate_size': 9, 'remove_small_blobs': 393, 'area_min': 1884, 'area_max': 142135, 'aspect_ratio_min': 0.23643173223690422, 'aspect_ratio_max': 11.52663428920439, 'fill_ratio_min': 0.2073129441693495, 'n_frames': 3, 'temporal_threshold': 0.5825465360359, 'merge_distance': 33}. Best is trial 38 with value: 0.32117286645295584.
creating index...
index created!
Loading and preparing results...
DONE (t=0.03s)
creating index...
index created!
Running per image evaluation...
Evaluate annotation type *bbox*
DONE (t=2.21s).
Accumulating evaluation results...
DONE (t=0.50s).
 Average Precision  (AP) @[ IoU=0.50:0.95 | area=   all | maxDets=100 ] = 0.117
 Average Precision  (AP) @[ IoU=0.50      | area=   all | maxDets=100 ] = 0.270
 Average Precision  (AP) @[ IoU=0.75      | area=   all | maxDets=100 ] = 0.072
 Average Precision  (AP) @[ IoU=0.50:0.95 | area= small | maxDets=100 ] = -1.000
 Average Precision  (AP) @[ IoU=0.50:0.95 | area=medium | maxDets=100 ] = 0.037
 Average Precision  (AP) @[ IoU=0.50:0.95 | area= large | maxDets=100 ] = 0.211
 Average Recall     (AR) @[ IoU=0.50:0.95 | area=   all | maxDets=  1 ] = 0.112
 Average Recall     (AR) @[ IoU=0.50:0.95 | area=   all | maxDets= 10 ] = 0.206
 Average Recall     (AR) @[ IoU=0.50:0.95 | area=   all | maxDets=100 ] = 0.206
 Average Recall     (AR) @[ IoU=0.50:0.95 | area= small | maxDets=100 ] = -1.000
 Average Recall     (AR) @[ IoU=0.50:0.95 | area=medium | maxDets=100 ] = 0.117
 Average Recall     (AR) @[ IoU=0.50:0.95 | area= large | maxDets=100 ] = 0.309
[I 2026-02-23 14:33:25,167] Trial 58 finished with value: 0.27006941760380887 and parameters: {'alpha': 3.8843956824744934, 'std_bias': 1.895813253325915, 'opening_size': 3, 'closing_size': 7, 'dilate_size': 9, 'remove_small_blobs': 583, 'area_min': 1778, 'area_max': 90991, 'aspect_ratio_min': 0.2419497527113532, 'aspect_ratio_max': 5.047963219688243, 'fill_ratio_min': 0.25361642725827316, 'n_frames': 3, 'temporal_threshold': 0.6400275704286937, 'merge_distance': 34}. Best is trial 38 with value: 0.32117286645295584.
creating index...
index created!
Loading and preparing results...
DONE (t=0.02s)
creating index...
index created!
Running per image evaluation...
Evaluate annotation type *bbox*
DONE (t=2.42s).
Accumulating evaluation results...
DONE (t=0.31s).
 Average Precision  (AP) @[ IoU=0.50:0.95 | area=   all | maxDets=100 ] = 0.107
 Average Precision  (AP) @[ IoU=0.50      | area=   all | maxDets=100 ] = 0.248
 Average Precision  (AP) @[ IoU=0.75      | area=   all | maxDets=100 ] = 0.075
 Average Precision  (AP) @[ IoU=0.50:0.95 | area= small | maxDets=100 ] = -1.000
 Average Precision  (AP) @[ IoU=0.50:0.95 | area=medium | maxDets=100 ] = 0.062
 Average Precision  (AP) @[ IoU=0.50:0.95 | area= large | maxDets=100 ] = 0.164
 Average Recall     (AR) @[ IoU=0.50:0.95 | area=   all | maxDets=  1 ] = 0.111
 Average Recall     (AR) @[ IoU=0.50:0.95 | area=   all | maxDets= 10 ] = 0.220
 Average Recall     (AR) @[ IoU=0.50:0.95 | area=   all | maxDets=100 ] = 0.220
 Average Recall     (AR) @[ IoU=0.50:0.95 | area= small | maxDets=100 ] = -1.000
 Average Recall     (AR) @[ IoU=0.50:0.95 | area=medium | maxDets=100 ] = 0.180
 Average Recall     (AR) @[ IoU=0.50:0.95 | area= large | maxDets=100 ] = 0.266
[I 2026-02-23 14:38:06,767] Trial 66 finished with value: 0.2481393150884363 and parameters: {'alpha': 3.005534110736086, 'std_bias': 3.375417658688401, 'opening_size': 3, 'closing_size': 5, 'dilate_size': 7, 'remove_small_blobs': 701, 'area_min': 1558, 'area_max': 79586, 'aspect_ratio_min': 0.18703187545114625, 'aspect_ratio_max': 6.123840471942181, 'fill_ratio_min': 0.28413408452499556, 'n_frames': 2, 'temporal_threshold': 0.5468825955583748, 'merge_distance': 36}. Best is trial 38 with value: 0.32117286645295584.
creating index...
index created!
Loading and preparing results...
DONE (t=0.01s)
creating index...
index created!
Running per image evaluation...
Evaluate annotation type *bbox*
DONE (t=1.63s).
Accumulating evaluation results...
DONE (t=0.28s).
 Average Precision  (AP) @[ IoU=0.50:0.95 | area=   all | maxDets=100 ] = 0.049
 Average Precision  (AP) @[ IoU=0.50      | area=   all | maxDets=100 ] = 0.112
 Average Precision  (AP) @[ IoU=0.75      | area=   all | maxDets=100 ] = 0.036
 Average Precision  (AP) @[ IoU=0.50:0.95 | area= small | maxDets=100 ] = -1.000
 Average Precision  (AP) @[ IoU=0.50:0.95 | area=medium | maxDets=100 ] = 0.001
 Average Precision  (AP) @[ IoU=0.50:0.95 | area= large | maxDets=100 ] = 0.147
 Average Recall     (AR) @[ IoU=0.50:0.95 | area=   all | maxDets=  1 ] = 0.078
 Average Recall     (AR) @[ IoU=0.50:0.95 | area=   all | maxDets= 10 ] = 0.130
 Average Recall     (AR) @[ IoU=0.50:0.95 | area=   all | maxDets=100 ] = 0.130
 Average Recall     (AR) @[ IoU=0.50:0.95 | area= small | maxDets=100 ] = -1.000
 Average Recall     (AR) @[ IoU=0.50:0.95 | area=medium | maxDets=100 ] = 0.008
 Average Recall     (AR) @[ IoU=0.50:0.95 | area= large | maxDets=100 ] = 0.272
