[I 2026-02-23 12:12:37,452] Using an existing study with name 'still_no_temporal' instead of creating a new one.
Loading annotations and video...
Starting optimization for study 'still_no_temporal'
Using temporal detector: False
Database: optuna_still_no_temporal.db
Number of trials: 25

To run in parallel, execute this same command in multiple terminals.
--------------------------------------------------------------------------------
  0%|      0%|          | 0/25 [02:55                                        0%|          | 0/25 [03:51<?, ?it/s]Best trial: 4. Best value: 0.27257:   0%|          | 0/25 [03:51<?, ?it/s]Best trial: 4. Best value: 0.27257:   4%|▍         | 1/25 [03:51<1:32:37, 231.56s/it]                                                                                     Best trial: 4. Best value: 0.27257:   4%|▍         | 1/25 [08:49<1:32:37, 231.56s/it]Best trial: 4. Best value: 0.27257:   4%|▍         | 1/25 [08:49<1:32:37, 231.56s/it]Best trial: 4. Best value: 0.27257:   8%|▊         | 2/25 [08:49<1:43:44, 270.61s/it]                                                                                     Best trial: 4. Best value: 0.27257:   8%|▊         | 2/25 [12:07<1:43:44, 270.61s/it]Best trial: 4. Best value: 0.27257:   8%|▊         | 2/25 [12:07<1:43:44, 270.61s/it]Best trial: 4. Best value: 0.27257:  12%|█▏        | 3/25 [12:07<1:27:01, 237.35s/it]                                                                                     Best trial: 4. Best value: 0.27257:  12%|█▏        | 3/25 [15:21<1:27:01, 237.35s/it]Best trial: 25. Best value: 0.291943:  12%|█▏        | 3/25 [15:21<1:27:01, 237.35s/it]Best trial: 25. Best value: 0.291943:  16%|█▌        | 4/25 [15:21<1:17:07, 220.37s/it]                                                                                       creating index...
index created!
Loading and preparing results...
DONE (t=0.03s)
creating index...
index created!
Running per image evaluation...
Evaluate annotation type *bbox*
DONE (t=2.57s).
Accumulating evaluation results...
DONE (t=0.58s).
 Average Precision  (AP) @[ IoU=0.50:0.95 | area=   all | maxDets=100 ] = 0.066
 Average Precision  (AP) @[ IoU=0.50      | area=   all | maxDets=100 ] = 0.178
 Average Precision  (AP) @[ IoU=0.75      | area=   all | maxDets=100 ] = 0.034
 Average Precision  (AP) @[ IoU=0.50:0.95 | area= small | maxDets=100 ] = -1.000
 Average Precision  (AP) @[ IoU=0.50:0.95 | area=medium | maxDets=100 ] = 0.006
 Average Precision  (AP) @[ IoU=0.50:0.95 | area= large | maxDets=100 ] = 0.186
 Average Recall     (AR) @[ IoU=0.50:0.95 | area=   all | maxDets=  1 ] = 0.073
 Average Recall     (AR) @[ IoU=0.50:0.95 | area=   all | maxDets= 10 ] = 0.159
 Average Recall     (AR) @[ IoU=0.50:0.95 | area=   all | maxDets=100 ] = 0.159
 Average Recall     (AR) @[ IoU=0.50:0.95 | area= small | maxDets=100 ] = -1.000
 Average Recall     (AR) @[ IoU=0.50:0.95 | area=medium | maxDets=100 ] = 0.061
 Average Recall     (AR) @[ IoU=0.50:0.95 | area= large | maxDets=100 ] = 0.274
[I 2026-02-23 12:16:29,012] Trial 5 finished with value: 0.1780890458996105 and parameters: {'alpha': 2.384796732449613, 'std_bias': 3.682919546144974, 'opening_size': 7, 'closing_size': 15, 'dilate_size': 5, 'remove_small_blobs': 819, 'area_min': 917, 'area_max': 88379, 'aspect_ratio_min': 0.14408430234614564, 'aspect_ratio_max': 7.981025757520392, 'fill_ratio_min': 0.13861950150747568, 'merge_distance': 14}. Best is trial 4 with value: 0.2725697418499596.
creating index...
index created!
Loading and preparing results...
DONE (t=0.03s)
creating index...
index created!
Running per image evaluation...
Evaluate annotation type *bbox*
DONE (t=3.05s).
Accumulating evaluation results...
DONE (t=0.38s).
 Average Precision  (AP) @[ IoU=0.50:0.95 | area=   all | maxDets=100 ] = 0.021
 Average Precision  (AP) @[ IoU=0.50      | area=   all | maxDets=100 ] = 0.044
 Average Precision  (AP) @[ IoU=0.75      | area=   all | maxDets=100 ] = 0.017
 Average Precision  (AP) @[ IoU=0.50:0.95 | area= small | maxDets=100 ] = -1.000
 Average Precision  (AP) @[ IoU=0.50:0.95 | area=medium | maxDets=100 ] = 0.022
 Average Precision  (AP) @[ IoU=0.50:0.95 | area= large | maxDets=100 ] = 0.015
 Average Recall     (AR) @[ IoU=0.50:0.95 | area=   all | maxDets=  1 ] = 0.050
 Average Recall     (AR) @[ IoU=0.50:0.95 | area=   all | maxDets= 10 ] = 0.125
 Average Recall     (AR) @[ IoU=0.50:0.95 | area=   all | maxDets=100 ] = 0.125
 Average Recall     (AR) @[ IoU=0.50:0.95 | area= small | maxDets=100 ] = -1.000
 Average Recall     (AR) @[ IoU=0.50:0.95 | area=medium | maxDets=100 ] = 0.176
 Average Recall     (AR) @[ IoU=0.50:0.95 | area= large | maxDets=100 ] = 0.067
[I 2026-02-23 12:21:26,968] Trial 13 finished with value: 0.043963275892966364 and parameters: {'alpha': 1.231676094721316, 'std_bias': 1.803470768896459, 'opening_size': 5, 'closing_size': 3, 'dilate_size': 7, 'remove_small_blobs': 922, 'area_min': 1791, 'area_max': 88532, 'aspect_ratio_min': 0.2498416481640513, 'aspect_ratio_max': 9.537475050601593, 'fill_ratio_min': 0.1973687856173285, 'merge_distance': 16}. Best is trial 4 with value: 0.2725697418499596.
creating index...
index created!
Loading and preparing results...
DONE (t=0.01s)
creating index...
index created!
Running per image evaluation...
Evaluate annotation type *bbox*
DONE (t=2.28s).
Accumulating evaluation results...
DONE (t=0.36s).
 Average Precision  (AP) @[ IoU=0.50:0.95 | area=   all | maxDets=100 ] = 0.102
 Average Precision  (AP) @[ IoU=0.50      | area=   all | maxDets=100 ] = 0.191
 Average Precision  (AP) @[ IoU=0.75      | area=   all | maxDets=100 ] = 0.098
 Average Precision  (AP) @[ IoU=0.50:0.95 | area= small | maxDets=100 ] = -1.000
 Average Precision  (AP) @[ IoU=0.50:0.95 | area=medium | maxDets=100 ] = 0.002
 Average Precision  (AP) @[ IoU=0.50:0.95 | area= large | maxDets=100 ] = 0.295
 Average Recall     (AR) @[ IoU=0.50:0.95 | area=   all | maxDets=  1 ] = 0.117
 Average Recall     (AR) @[ IoU=0.50:0.95 | area=   all | maxDets= 10 ] = 0.198
 Average Recall     (AR) @[ IoU=0.50:0.95 | area=   all | maxDets=100 ] = 0.198
 Average Recall     (AR) @[ IoU=0.50:0.95 | area= small | maxDets=100 ] = -1.000
 Average Recall     (AR) @[ IoU=0.50:0.95 | area=medium | maxDets=100 ] = 0.011
 Average Recall     (AR) @[ IoU=0.50:0.95 | area= large | maxDets=100 ] = 0.415
[I 2026-02-23 12:24:44,729] Trial 21 finished with value: 0.1913724820048019 and parameters: {'alpha': 5.130554066830296, 'std_bias': 4.650898853316129, 'opening_size': 5, 'closing_size': 9, 'dilate_size': 7, 'remove_small_blobs': 956, 'area_min': 567, 'area_max': 108096, 'aspect_ratio_min': 0.10157514915220352, 'aspect_ratio_max': 10.532670474282188, 'fill_ratio_min': 0.1804508301613662, 'merge_distance': 27}. Best is trial 4 with value: 0.2725697418499596.
creating index...
index created!
Loading and preparing results...
DONE (t=0.01s)
creating index...
index created!
Running per image evaluation...
Evaluate annotation type *bbox*
DONE (t=1.40s).
Accumulating evaluation results...
DONE (t=0.24s).
 Average Precision  (AP) @[ IoU=0.50:0.95 | area=   all | maxDets=100 ] = 0.135
 Average Precision  (AP) @[ IoU=0.50      | area=   all | maxDets=100 ] = 0.233
 Average Precision  (AP) @[ IoU=0.75      | area=   all | maxDets=100 ] = 0.126
 Average Precision  (AP) @[ IoU=0.50:0.95 | area= small | maxDets=100 ] = -1.000
 Average Precision  (AP) @[ IoU=0.50:0.95 | area=medium | maxDets=100 ] = 0.004
 Average Precision  (AP) @[ IoU=0.50:0.95 | area= large | maxDets=100 ] = 0.328
 Average Recall     (AR) @[ IoU=0.50:0.95 | area=   all | maxDets=  1 ] = 0.132
 Average Recall     (AR) @[ IoU=0.50:0.95 | area=   all | maxDets= 10 ] = 0.198
 Average Recall     (AR) @[ IoU=0.50:0.95 | area=   all | maxDets=100 ] = 0.198
 Average Recall     (AR) @[ IoU=0.50:0.95 | area= small | maxDets=100 ] = -1.000
 Average Recall     (AR) @[ IoU=0.50:0.95 | area=medium | maxDets=100 ] = 0.011
 Average Recall     (AR) @[ IoU=0.50:0.95 | area= large | maxDets=100 ] = 0.415
[I 2026-02-23 12:27:59,069] Trial 29 finished with value: 0.23349477000527838 and parameters: {'alpha': 6.95131951523144, 'std_bias': 2.9809851260697116, 'opening_size': 3, 'closing_size': 7, 'dilate_size': 7, 'remove_small_blobs': 857, 'area_min': 1530, 'area_max': 149919, 'aspect_ratio_min': 0.1405775849632328, 'aspect_ratio_max': 8.259135052230393, 'fill_ratio_min': 0.2228465378985293, 'merge_distance': 43}. Best is trial 25 with value: 0.2919433882459592.
creating index...
index created!
Loading and preparing results...
DONE (t=0.18s)
creating index...
index created!
Running per image evaluation...
Evaluate annotation type *bbox*
DONE (t=2.83s).
Accumulating evaluation results...
DONE (t=0.43s).
 Average Precision  (AP) @[ IoU=0.50:0.95 | area=   all | maxDets=100 ] = 0.114
 Average Precision  (AP) @[ IoU=0.50      | area=   all | maxDets=100 ] = 0.266
 Average Precision  (AP) @[ IoU=0.75      | area=   all | maxDets=100 ] = 0.074
 Average Precision  (AP) @[ IoU=0.50:0.95 | area= small | maxDets=100 ] = -1.000
 Average Precision  (AP) @[ IoU=0.50:0.95 | area=medium | maxDets=100 ] = 0.084
 Average Precision  (AP) @[ IoU=0.50:0.95 | area= large | maxDets=100 ] = 0.154
 Average Recall     (AR) @[ IoU=0.50:0.95 | area=   all | maxDets=  1 ] = 0.106
 Average Recall     (AR) @[ IoU=0.50:0.95 | area=   all | maxDets= 10 ] = 0.258
 Average Recall     (AR) @[ IoU=0.50:0.95 | area=   all | maxDets=100 ] = 0.258
 Average Recall     (AR) @[ IoU=0.50:0.95 | area= small | maxDets=100 ] = -1.000
 Average Recall     (AR) @[ IoU=0.50:0.95 | area=medium | maxDets=100 ] = 0.246
 Average Recall     (AR) @[ IoU=0.50:0.95 | area= large | maxDets=100 ] = 0.273
[I 2026-02-23 12:32:14,754] Trial 35 finished with value: 0.26586454510481977 and parameters: {'alpha': 2.7217520574224805, 'std_bias': 3.99632363016371, 'opening_size': 3, 'closing_size': 5, 'dilate_size': 9, 'remove_small_blobs': 784, 'area_min': 1822, 'area_max': 136321, 'aspect_ratio_min': 0.1247137050501493, 'aspect_ratio_max': 9.032564037270879, 'fill_ratio_min': 0.10206654627143547, 'merge_distance': 20}. Best is trial 25 with value: 0.2919433882459592.Best trial: 25. Best value: 0.291943:  16%|█▌        | 4/25 [19:37<1:17:07, 220.37s/it]Best trial: 25. Best value: 0.291943:  16%|█▌        | 4/25 [19:37<1:17:07, 220.37s/it]Best trial: 25. Best value: 0.291943:  20%|██        | 5/25 [19:37<1:17:42, 233.10s/it]                                                                                       Best trial: 25. Best value: 0.291943:  20%|██        | 5/25 [24:15<1:17:42, 233.10s/it]Best trial: 45. Best value: 0.29937:  20%|██        | 5/25 [24:15<1:17:42, 233.10s/it] Best trial: 45. Best value: 0.29937:  24%|██▍       | 6/25 [24:15<1:18:43, 248.61s/it]                                                                                      Best trial: 45. Best value: 0.29937:  24%|██▍       | 6/25 [28:46<1:18:43, 248.61s/it]Best trial: 53. Best value: 0.30211:  24%|██▍       | 6/25 [28:46<1:18:43, 248.61s/it]Best trial: 53. Best value: 0.30211:  28%|██▊       | 7/25 [28:46<1:16:45, 255.85s/it]                                                                                      Best trial: 53. Best value: 0.30211:  28%|██▊       | 7/25 [32:42<1:16:45, 255.85s/it]Best trial: 58. Best value: 0.305409:  28%|██▊       | 7/25 [32:42<1:16:45, 255.85s/it]Best trial: 58. Best value: 0.305409:  32%|███▏      | 8/25 [32:42<1:10:39, 249.36s/it]                                                                                       Best trial: 58. Best value: 0.305409:  32%|███▏      | 8/25 [36:43<1:10:39, 249.36s/it]Best trial: 59. Best value: 0.308346:  32%|███▏      | 8/25 [36:43<1:10:39, 249.36s/it]Best trial: 59. Best value: 0.308346:  36%|███▌      | 9/25 [36:43<1:05:47, 246.73s/it]                                                                                       
creating index...
index created!
Loading and preparing results...
DONE (t=0.03s)
creating index...
index created!
Running per image evaluation...
Evaluate annotation type *bbox*
DONE (t=2.50s).
Accumulating evaluation results...
DONE (t=0.43s).
 Average Precision  (AP) @[ IoU=0.50:0.95 | area=   all | maxDets=100 ] = 0.085
 Average Precision  (AP) @[ IoU=0.50      | area=   all | maxDets=100 ] = 0.234
 Average Precision  (AP) @[ IoU=0.75      | area=   all | maxDets=100 ] = 0.051
 Average Precision  (AP) @[ IoU=0.50:0.95 | area= small | maxDets=100 ] = -1.000
 Average Precision  (AP) @[ IoU=0.50:0.95 | area=medium | maxDets=100 ] = 0.069
 Average Precision  (AP) @[ IoU=0.50:0.95 | area= large | maxDets=100 ] = 0.107
 Average Recall     (AR) @[ IoU=0.50:0.95 | area=   all | maxDets=  1 ] = 0.096
 Average Recall     (AR) @[ IoU=0.50:0.95 | area=   all | maxDets= 10 ] = 0.229
 Average Recall     (AR) @[ IoU=0.50:0.95 | area=   all | maxDets=100 ] = 0.229
 Average Recall     (AR) @[ IoU=0.50:0.95 | area= small | maxDets=100 ] = -1.000
 Average Recall     (AR) @[ IoU=0.50:0.95 | area=medium | maxDets=100 ] = 0.247
 Average Recall     (AR) @[ IoU=0.50:0.95 | area= large | maxDets=100 ] = 0.208
[I 2026-02-23 12:36:53,446] Trial 43 finished with value: 0.23368151749172084 and parameters: {'alpha': 1.8628997806190752, 'std_bias': 3.9994292262529916, 'opening_size': 5, 'closing_size': 11, 'dilate_size': 9, 'remove_small_blobs': 495, 'area_min': 1830, 'area_max': 139311, 'aspect_ratio_min': 0.11790264228982093, 'aspect_ratio_max': 11.886773643624675, 'fill_ratio_min': 0.12264816986375568, 'merge_distance': 21}. Best is trial 45 with value: 0.2993697420232575.
creating index...
index created!
Loading and preparing results...
DONE (t=0.02s)
creating index...
index created!
Running per image evaluation...
Evaluate annotation type *bbox*
DONE (t=2.13s).
Accumulating evaluation results...
DONE (t=0.51s).
 Average Precision  (AP) @[ IoU=0.50:0.95 | area=   all | maxDets=100 ] = 0.137
 Average Precision  (AP) @[ IoU=0.50      | area=   all | maxDets=100 ] = 0.295
 Average Precision  (AP) @[ IoU=0.75      | area=   all | maxDets=100 ] = 0.103
 Average Precision  (AP) @[ IoU=0.50:0.95 | area= small | maxDets=100 ] = -1.000
 Average Precision  (AP) @[ IoU=0.50:0.95 | area=medium | maxDets=100 ] = 0.024
 Average Precision  (AP) @[ IoU=0.50:0.95 | area= large | maxDets=100 ] = 0.269
 Average Recall     (AR) @[ IoU=0.50:0.95 | area=   all | maxDets=  1 ] = 0.118
 Average Recall     (AR) @[ IoU=0.50:0.95 | area=   all | maxDets= 10 ] = 0.199
 Average Recall     (AR) @[ IoU=0.50:0.95 | area=   all | maxDets=100 ] = 0.199
 Average Recall     (AR) @[ IoU=0.50:0.95 | area= small | maxDets=100 ] = -1.000
 Average Recall     (AR) @[ IoU=0.50:0.95 | area=medium | maxDets=100 ] = 0.060
 Average Recall     (AR) @[ IoU=0.50:0.95 | area= large | maxDets=100 ] = 0.359
[I 2026-02-23 12:41:24,212] Trial 52 finished with value: 0.2950726259860101 and parameters: {'alpha': 3.2870373200894503, 'std_bias': 3.519481756594892, 'opening_size': 5, 'closing_size': 13, 'dilate_size': 9, 'remove_small_blobs': 253, 'area_min': 1939, 'area_max': 130227, 'aspect_ratio_min': 0.1098914367265518, 'aspect_ratio_max': 14.11340895538537, 'fill_ratio_min': 0.15323978644426334, 'merge_distance': 34}. Best is trial 53 with value: 0.30210954318543926.
creating index...
index created!
Loading and preparing results...
DONE (t=0.02s)
creating index...
index created!
Running per image evaluation...
Evaluate annotation type *bbox*
DONE (t=1.80s).
Accumulating evaluation results...
DONE (t=0.50s).
 Average Precision  (AP) @[ IoU=0.50:0.95 | area=   all | maxDets=100 ] = 0.141
 Average Precision  (AP) @[ IoU=0.50      | area=   all | maxDets=100 ] = 0.279
 Average Precision  (AP) @[ IoU=0.75      | area=   all | maxDets=100 ] = 0.115
 Average Precision  (AP) @[ IoU=0.50:0.95 | area= small | maxDets=100 ] = -1.000
 Average Precision  (AP) @[ IoU=0.50:0.95 | area=medium | maxDets=100 ] = 0.009
 Average Precision  (AP) @[ IoU=0.50:0.95 | area= large | maxDets=100 ] = 0.304
 Average Recall     (AR) @[ IoU=0.50:0.95 | area=   all | maxDets=  1 ] = 0.126
 Average Recall     (AR) @[ IoU=0.50:0.95 | area=   all | maxDets= 10 ] = 0.196
 Average Recall     (AR) @[ IoU=0.50:0.95 | area=   all | maxDets=100 ] = 0.196
 Average Recall     (AR) @[ IoU=0.50:0.95 | area= small | maxDets=100 ] = -1.000
 Average Recall     (AR) @[ IoU=0.50:0.95 | area=medium | maxDets=100 ] = 0.027
 Average Recall     (AR) @[ IoU=0.50:0.95 | area= large | maxDets=100 ] = 0.392
[I 2026-02-23 12:45:19,666] Trial 61 finished with value: 0.2792434206155929 and parameters: {'alpha': 3.852654546122329, 'std_bias': 3.6095632796433446, 'opening_size': 5, 'closing_size': 17, 'dilate_size': 5, 'remove_small_blobs': 219, 'area_min': 1713, 'area_max': 116220, 'aspect_ratio_min': 0.13485578287040947, 'aspect_ratio_max': 13.015348582346826, 'fill_ratio_min': 0.13513780907411588, 'merge_distance': 38}. Best is trial 58 with value: 0.3054088232400746.
creating index...
index created!
Loading and preparing results...
DONE (t=0.02s)
creating index...
index created!
Running per image evaluation...
Evaluate annotation type *bbox*
DONE (t=1.92s).
Accumulating evaluation results...
DONE (t=0.34s).
 Average Precision  (AP) @[ IoU=0.50:0.95 | area=   all | maxDets=100 ] = 0.092
 Average Precision  (AP) @[ IoU=0.50      | area=   all | maxDets=100 ] = 0.237
 Average Precision  (AP) @[ IoU=0.75      | area=   all | maxDets=100 ] = 0.053
 Average Precision  (AP) @[ IoU=0.50:0.95 | area= small | maxDets=100 ] = -1.000
 Average Precision  (AP) @[ IoU=0.50:0.95 | area=medium | maxDets=100 ] = 0.007
 Average Precision  (AP) @[ IoU=0.50:0.95 | area= large | maxDets=100 ] = 0.200
 Average Recall     (AR) @[ IoU=0.50:0.95 | area=   all | maxDets=  1 ] = 0.090
 Average Recall     (AR) @[ IoU=0.50:0.95 | area=   all | maxDets= 10 ] = 0.146
 Average Recall     (AR) @[ IoU=0.50:0.95 | area=   all | maxDets=100 ] = 0.146
 Average Recall     (AR) @[ IoU=0.50:0.95 | area= small | maxDets=100 ] = -1.000
 Average Recall     (AR) @[ IoU=0.50:0.95 | area=medium | maxDets=100 ] = 0.027
 Average Recall     (AR) @[ IoU=0.50:0.95 | area= large | maxDets=100 ] = 0.283
[I 2026-02-23 12:49:20,615] Trial 68 finished with value: 0.2365207206840577 and parameters: {'alpha': 2.974280340766227, 'std_bias': 2.30544943231536, 'opening_size': 7, 'closing_size': 20, 'dilate_size': 5, 'remove_small_blobs': 286, 'area_min': 1637, 'area_max': 122268, 'aspect_ratio_min': 0.1063909839836185, 'aspect_ratio_max': 12.573125475541783, 'fill_ratio_min': 0.16453697053087696, 'merge_distance': 37}. Best is trial 59 with value: 0.30834572496878.
creating index...
index created!
Loading and preparing results...
DONE (t=0.03s)
creating index...
index created!
Running per image evaluation...
Evaluate annotation type *bbox*
DONE (t=2.29s).
Accumulating evaluation results...
DONE (t=0.37s).
 Average Precision  (AP) @[ IoU=0.50:0.95 | area=   all | maxDets=100 ] = 0.111
 Average Precision  (AP) @[ IoU=0.50      | area=   all | maxDets=100 ] = 0.298
 Average Precision  (AP) @[ IoU=0.75      | area=   all | maxDets=100 ] = 0.063
 Average Precision  (AP) @[ IoU=0.50:0.95 | area= small | maxDets=100 ] = -1.000
 Average Precision  (AP) @[ IoU=0.50:0.95 | area=medium | maxDets=100 ] = 0.059
 Average Precision  (AP) @[ IoU=0.50:0.95 | area= large | maxDets=100 ] = 0.171
 Average Recall     (AR) @[ IoU=0.50:0.95 | area=   all | maxDets=  1 ] = 0.102
 Average Recall     (AR) @[ IoU=0.50:0.95 | area=   all | maxDets= 10 ] = 0.211
 Average Recall     (AR) @[ IoU=0.50:0.95 | area=   all | maxDets=100 ] = 0.211
 Average Recall     (AR) @[ IoU=0.50:0.95 | area= small | maxDets=100 ] = -1.000
 Average Recall     (AR) @[ IoU=0.50:0.95 | area=medium | maxDets=100 ] = 0.170
 Average Recall     (AR) @[ IoU=0.50:0.95 | area= large | maxDets=100 ] = 0.259
