[I 2026-02-23 12:55:26,314] Trial 80 finished with value: 0.2659508116951136 and parameters: {'alpha': 2.2583239297202553, 'std_bias': 3.718900952215603, 'opening_size': 5, 'closing_size': 13, 'dilate_size': 9, 'remove_small_blobs': 406, 'area_min': 1509, 'area_max': 132661, 'aspect_ratio_min': 0.17755230875124312, 'aspect_ratio_max': 11.249935821908936, 'fill_ratio_min': 0.19060148067386198, 'merge_distance': 50}. Best is trial 76 with value: 0.3361603336157239.Best trial: 70. Best value: 0.309838:  36%|███▌      | 9/25 [43:13<1:08:35, 257.24s/it]Best trial: 76. Best value: 0.33616:  36%|███▌      | 9/25 [43:13<1:08:35, 257.24s/it] Best trial: 76. Best value: 0.33616:  40%|████      | 10/25 [43:13<1:05:53, 263.56s/it]                                                                                       Best trial: 76. Best value: 0.33616:  40%|████      | 10/25 [47:17<1:05:53, 263.56s/it]Best trial: 76. Best value: 0.33616:  40%|████      | 10/25 [47:17<1:05:53, 263.56s/it]Best trial: 76. Best value: 0.33616:  44%|████▍     | 11/25 [47:17<1:00:03, 257.40s/it]                                                                                       Best trial: 76. Best value: 0.33616:  44%|████▍     | 11/25 [51:48<1:00:03, 257.40s/it]Best trial: 76. Best value: 0.33616:  44%|████▍     | 11/25 [51:48<1:00:03, 257.40s/it]Best trial: 76. Best value: 0.33616:  48%|████▊     | 12/25 [51:48<56:40, 261.61s/it]                                                                                       Best trial: 76. Best value: 0.33616:  48%|████▊     | 12/25 [55:46<56:40, 261.61s/it]Best trial: 104. Best value: 0.342331:  48%|████▊     | 12/25 [55:46<56:40, 261.61s/it]Best trial: 104. Best value: 0.342331:  52%|█████▏    | 13/25 [55:46<50:52, 254.42s/it]                                                                                       Best trial: 104. Best value: 0.342331:  52%|█████▏    | 13/25 [59:41<50:52, 254.42s/it]Best trial: 106. Best value: 0.349307:  52%|█████▏    | 13/25 [59:41<50:52, 254.42s/it]Best trial: 106. Best value: 0.349307:  56%|█████▌    | 14/25 [59:41<45:33, 248.52s/it]                                                                                       
creating index...
index created!
Loading and preparing results...
DONE (t=0.02s)
creating index...
index created!
Running per image evaluation...
Evaluate annotation type *bbox*
DONE (t=2.54s).
Accumulating evaluation results...
DONE (t=0.41s).
 Average Precision  (AP) @[ IoU=0.50:0.95 | area=   all | maxDets=100 ] = 0.139
 Average Precision  (AP) @[ IoU=0.50      | area=   all | maxDets=100 ] = 0.332
 Average Precision  (AP) @[ IoU=0.75      | area=   all | maxDets=100 ] = 0.091
 Average Precision  (AP) @[ IoU=0.50:0.95 | area= small | maxDets=100 ] = -1.000
 Average Precision  (AP) @[ IoU=0.50:0.95 | area=medium | maxDets=100 ] = 0.064
 Average Precision  (AP) @[ IoU=0.50:0.95 | area= large | maxDets=100 ] = 0.230
 Average Recall     (AR) @[ IoU=0.50:0.95 | area=   all | maxDets=  1 ] = 0.126
 Average Recall     (AR) @[ IoU=0.50:0.95 | area=   all | maxDets= 10 ] = 0.236
 Average Recall     (AR) @[ IoU=0.50:0.95 | area=   all | maxDets=100 ] = 0.236
 Average Recall     (AR) @[ IoU=0.50:0.95 | area= small | maxDets=100 ] = -1.000
 Average Recall     (AR) @[ IoU=0.50:0.95 | area=medium | maxDets=100 ] = 0.169
 Average Recall     (AR) @[ IoU=0.50:0.95 | area= large | maxDets=100 ] = 0.314
[I 2026-02-23 12:59:29,757] Trial 88 finished with value: 0.33228316968021954 and parameters: {'alpha': 2.5125653401564083, 'std_bias': 4.485037961747624, 'opening_size': 5, 'closing_size': 15, 'dilate_size': 9, 'remove_small_blobs': 558, 'area_min': 1862, 'area_max': 113328, 'aspect_ratio_min': 0.21044716196822977, 'aspect_ratio_max': 13.361307379915674, 'fill_ratio_min': 0.11587912070697154, 'merge_distance': 30}. Best is trial 76 with value: 0.3361603336157239.
creating index...
index created!
Loading and preparing results...
DONE (t=0.04s)
creating index...
index created!
Running per image evaluation...
Evaluate annotation type *bbox*
DONE (t=2.84s).
Accumulating evaluation results...
DONE (t=0.46s).
 Average Precision  (AP) @[ IoU=0.50:0.95 | area=   all | maxDets=100 ] = 0.044
 Average Precision  (AP) @[ IoU=0.50      | area=   all | maxDets=100 ] = 0.117
 Average Precision  (AP) @[ IoU=0.75      | area=   all | maxDets=100 ] = 0.031
 Average Precision  (AP) @[ IoU=0.50:0.95 | area= small | maxDets=100 ] = -1.000
 Average Precision  (AP) @[ IoU=0.50:0.95 | area=medium | maxDets=100 ] = 0.035
 Average Precision  (AP) @[ IoU=0.50:0.95 | area= large | maxDets=100 ] = 0.052
 Average Recall     (AR) @[ IoU=0.50:0.95 | area=   all | maxDets=  1 ] = 0.066
 Average Recall     (AR) @[ IoU=0.50:0.95 | area=   all | maxDets= 10 ] = 0.165
 Average Recall     (AR) @[ IoU=0.50:0.95 | area=   all | maxDets=100 ] = 0.165
 Average Recall     (AR) @[ IoU=0.50:0.95 | area= small | maxDets=100 ] = -1.000
 Average Recall     (AR) @[ IoU=0.50:0.95 | area=medium | maxDets=100 ] = 0.192
 Average Recall     (AR) @[ IoU=0.50:0.95 | area= large | maxDets=100 ] = 0.134
[I 2026-02-23 13:04:01,000] Trial 96 finished with value: 0.11673281889357558 and parameters: {'alpha': 1.4817095530641622, 'std_bias': 4.449983472619646, 'opening_size': 5, 'closing_size': 15, 'dilate_size': 9, 'remove_small_blobs': 666, 'area_min': 1754, 'area_max': 105415, 'aspect_ratio_min': 0.19671272781340185, 'aspect_ratio_max': 13.523124632421021, 'fill_ratio_min': 0.13164998639959946, 'merge_distance': 43}. Best is trial 76 with value: 0.3361603336157239.
creating index...
index created!
Loading and preparing results...
DONE (t=0.02s)
creating index...
index created!
Running per image evaluation...
Evaluate annotation type *bbox*
DONE (t=2.52s).
Accumulating evaluation results...
DONE (t=0.49s).
 Average Precision  (AP) @[ IoU=0.50:0.95 | area=   all | maxDets=100 ] = 0.150
 Average Precision  (AP) @[ IoU=0.50      | area=   all | maxDets=100 ] = 0.342
 Average Precision  (AP) @[ IoU=0.75      | area=   all | maxDets=100 ] = 0.106
 Average Precision  (AP) @[ IoU=0.50:0.95 | area= small | maxDets=100 ] = -1.000
 Average Precision  (AP) @[ IoU=0.50:0.95 | area=medium | maxDets=100 ] = 0.049
 Average Precision  (AP) @[ IoU=0.50:0.95 | area= large | maxDets=100 ] = 0.269
 Average Recall     (AR) @[ IoU=0.50:0.95 | area=   all | maxDets=  1 ] = 0.124
 Average Recall     (AR) @[ IoU=0.50:0.95 | area=   all | maxDets= 10 ] = 0.234
 Average Recall     (AR) @[ IoU=0.50:0.95 | area=   all | maxDets=100 ] = 0.234
 Average Recall     (AR) @[ IoU=0.50:0.95 | area= small | maxDets=100 ] = -1.000
 Average Recall     (AR) @[ IoU=0.50:0.95 | area=medium | maxDets=100 ] = 0.128
 Average Recall     (AR) @[ IoU=0.50:0.95 | area= large | maxDets=100 ] = 0.357
[I 2026-02-23 13:07:58,856] Trial 104 finished with value: 0.34233056466366363 and parameters: {'alpha': 2.831553194534725, 'std_bias': 4.716537513690652, 'opening_size': 5, 'closing_size': 15, 'dilate_size': 9, 'remove_small_blobs': 562, 'area_min': 1581, 'area_max': 110666, 'aspect_ratio_min': 0.22101929249035407, 'aspect_ratio_max': 14.396609961442481, 'fill_ratio_min': 0.1574807045040441, 'merge_distance': 28}. Best is trial 104 with value: 0.34233056466366363.
creating index...
index created!
Loading and preparing results...
DONE (t=0.03s)
creating index...
index created!
Running per image evaluation...
Evaluate annotation type *bbox*
DONE (t=2.92s).
Accumulating evaluation results...
DONE (t=0.43s).
 Average Precision  (AP) @[ IoU=0.50:0.95 | area=   all | maxDets=100 ] = 0.141
 Average Precision  (AP) @[ IoU=0.50      | area=   all | maxDets=100 ] = 0.324
 Average Precision  (AP) @[ IoU=0.75      | area=   all | maxDets=100 ] = 0.099
 Average Precision  (AP) @[ IoU=0.50:0.95 | area= small | maxDets=100 ] = -1.000
 Average Precision  (AP) @[ IoU=0.50:0.95 | area=medium | maxDets=100 ] = 0.037
 Average Precision  (AP) @[ IoU=0.50:0.95 | area= large | maxDets=100 ] = 0.270
 Average Recall     (AR) @[ IoU=0.50:0.95 | area=   all | maxDets=  1 ] = 0.119
 Average Recall     (AR) @[ IoU=0.50:0.95 | area=   all | maxDets= 10 ] = 0.233
 Average Recall     (AR) @[ IoU=0.50:0.95 | area=   all | maxDets=100 ] = 0.233
 Average Recall     (AR) @[ IoU=0.50:0.95 | area= small | maxDets=100 ] = -1.000
 Average Recall     (AR) @[ IoU=0.50:0.95 | area=medium | maxDets=100 ] = 0.124
 Average Recall     (AR) @[ IoU=0.50:0.95 | area= large | maxDets=100 ] = 0.359
[I 2026-02-23 13:11:53,739] Trial 111 finished with value: 0.32424406641548864 and parameters: {'alpha': 2.8576279255062498, 'std_bias': 4.800762878863285, 'opening_size': 5, 'closing_size': 15, 'dilate_size': 9, 'remove_small_blobs': 627, 'area_min': 1373, 'area_max': 110288, 'aspect_ratio_min': 0.23040995824725966, 'aspect_ratio_max': 14.37470359639926, 'fill_ratio_min': 0.20597701716636505, 'merge_distance': 28}. Best is trial 106 with value: 0.34930707775950676.
creating index...
index created!
Loading and preparing results...
DONE (t=0.02s)
creating index...
index created!
Running per image evaluation...
Evaluate annotation type *bbox*
DONE (t=2.80s).
Accumulating evaluation results...
DONE (t=0.41s).
 Average Precision  (AP) @[ IoU=0.50:0.95 | area=   all | maxDets=100 ] = 0.136
 Average Precision  (AP) @[ IoU=0.50      | area=   all | maxDets=100 ] = 0.315
 Average Precision  (AP) @[ IoU=0.75      | area=   all | maxDets=100 ] = 0.094
 Average Precision  (AP) @[ IoU=0.50:0.95 | area= small | maxDets=100 ] = -1.000
 Average Precision  (AP) @[ IoU=0.50:0.95 | area=medium | maxDets=100 ] = 0.036
 Average Precision  (AP) @[ IoU=0.50:0.95 | area= large | maxDets=100 ] = 0.268
 Average Recall     (AR) @[ IoU=0.50:0.95 | area=   all | maxDets=  1 ] = 0.118
 Average Recall     (AR) @[ IoU=0.50:0.95 | area=   all | maxDets= 10 ] = 0.236
 Average Recall     (AR) @[ IoU=0.50:0.95 | area=   all | maxDets=100 ] = 0.236
 Average Recall     (AR) @[ IoU=0.50:0.95 | area= small | maxDets=100 ] = -1.000
 Average Recall     (AR) @[ IoU=0.50:0.95 | area=medium | maxDets=100 ] = 0.133
 Average Recall     (AR) @[ IoU=0.50:0.95 | area= large | maxDets=100 ] = 0.356
[I 2026-02-23 13:15:47,031] Trial 119 finished with value: 0.31511081608484226 and parameters: {'alpha': 2.8186367916519153, 'std_bias': 4.860613057492411, 'opening_size': 5, 'closing_size': 15, 'dilate_size': 9, 'remove_small_blobs': 733, 'area_min': 1273, 'area_max': 107179, 'aspect_ratio_min': 0.2316962637135656, 'aspect_ratio_max': 14.861067445715836, 'fill_ratio_min': 0.21915943833982449, 'merge_distance': 28}. Best is trial 106 with value: 0.34930707775950676.Best trial: 106. Best value: 0.349307:  56%|█████▌    | 14/25 [1:03:34<45:33, 248.52s/it]Best trial: 106. Best value: 0.349307:  56%|█████▌    | 14/25 [1:03:34<45:33, 248.52s/it]Best trial: 106. Best value: 0.349307:  60%|██████    | 15/25 [1:03:34<40:39, 243.92s/it]                                                                                         Best trial: 106. Best value: 0.349307:  60%|██████    | 15/25 [1:07:53<40:39, 243.92s/it]Best trial: 106. Best value: 0.349307:  60%|██████    | 15/25 [1:07:53<40:39, 243.92s/it]Best trial: 106. Best value: 0.349307:  64%|██████▍   | 16/25 [1:07:53<37:14, 248.30s/it]                                                                                         Best trial: 106. Best value: 0.349307:  64%|██████▍   | 16/25 [1:11:47<37:14, 248.30s/it]Best trial: 106. Best value: 0.349307:  64%|██████▍   | 16/25 [1:11:47<37:14, 248.30s/it]Best trial: 106. Best value: 0.349307:  68%|██████▊   | 17/25 [1:11:47<32:33, 244.19s/it]                                                                                         Best trial: 106. Best value: 0.349307:  68%|██████▊   | 17/25 [1:15:59<32:33, 244.19s/it]Best trial: 106. Best value: 0.349307:  68%|██████▊   | 17/25 [1:15:59<32:33, 244.19s/it]Best trial: 106. Best value: 0.349307:  72%|███████▏  | 18/25 [1:15:59<28:46, 246.63s/it]                                                                                         Best trial: 106. Best value: 0.349307:  72%|███████▏  | 18/25 [1:19:50<28:46, 246.63s/it]Best trial: 106. Best value: 0.349307:  72%|███████▏  | 18/25 [1:19:50<28:46, 246.63s/it]Best trial: 106. Best value: 0.349307:  76%|███████▌  | 19/25 [1:19:50<24:11, 241.91s/it]                                                                                         
creating index...
index created!
Loading and preparing results...
DONE (t=0.02s)
creating index...
index created!
Running per image evaluation...
Evaluate annotation type *bbox*
DONE (t=2.83s).
Accumulating evaluation results...
DONE (t=0.43s).
 Average Precision  (AP) @[ IoU=0.50:0.95 | area=   all | maxDets=100 ] = 0.105
 Average Precision  (AP) @[ IoU=0.50      | area=   all | maxDets=100 ] = 0.272
 Average Precision  (AP) @[ IoU=0.75      | area=   all | maxDets=100 ] = 0.061
 Average Precision  (AP) @[ IoU=0.50:0.95 | area= small | maxDets=100 ] = -1.000
 Average Precision  (AP) @[ IoU=0.50:0.95 | area=medium | maxDets=100 ] = 0.035
 Average Precision  (AP) @[ IoU=0.50:0.95 | area= large | maxDets=100 ] = 0.217
 Average Recall     (AR) @[ IoU=0.50:0.95 | area=   all | maxDets=  1 ] = 0.108
 Average Recall     (AR) @[ IoU=0.50:0.95 | area=   all | maxDets= 10 ] = 0.233
 Average Recall     (AR) @[ IoU=0.50:0.95 | area=   all | maxDets=100 ] = 0.233
 Average Recall     (AR) @[ IoU=0.50:0.95 | area= small | maxDets=100 ] = -1.000
 Average Recall     (AR) @[ IoU=0.50:0.95 | area=medium | maxDets=100 ] = 0.168
 Average Recall     (AR) @[ IoU=0.50:0.95 | area= large | maxDets=100 ] = 0.308
[I 2026-02-23 13:20:05,507] Trial 127 finished with value: 0.2723558609258303 and parameters: {'alpha': 2.3373102144220685, 'std_bias': 4.9563971633019746, 'opening_size': 5, 'closing_size': 7, 'dilate_size': 9, 'remove_small_blobs': 568, 'area_min': 1175, 'area_max': 104007, 'aspect_ratio_min': 0.2452733395483805, 'aspect_ratio_max': 4.112779365932491, 'fill_ratio_min': 0.19739463124057796, 'merge_distance': 26}. Best is trial 106 with value: 0.34930707775950676.
creating index...
index created!
Loading and preparing results...
DONE (t=0.13s)
creating index...
index created!
Running per image evaluation...
Evaluate annotation type *bbox*
DONE (t=2.17s).
Accumulating evaluation results...
DONE (t=0.40s).
 Average Precision  (AP) @[ IoU=0.50:0.95 | area=   all | maxDets=100 ] = 0.155
 Average Precision  (AP) @[ IoU=0.50      | area=   all | maxDets=100 ] = 0.347
 Average Precision  (AP) @[ IoU=0.75      | area=   all | maxDets=100 ] = 0.114
 Average Precision  (AP) @[ IoU=0.50:0.95 | area= small | maxDets=100 ] = -1.000
 Average Precision  (AP) @[ IoU=0.50:0.95 | area=medium | maxDets=100 ] = 0.041
 Average Precision  (AP) @[ IoU=0.50:0.95 | area= large | maxDets=100 ] = 0.287
 Average Recall     (AR) @[ IoU=0.50:0.95 | area=   all | maxDets=  1 ] = 0.123
 Average Recall     (AR) @[ IoU=0.50:0.95 | area=   all | maxDets= 10 ] = 0.226
 Average Recall     (AR) @[ IoU=0.50:0.95 | area=   all | maxDets=100 ] = 0.226
 Average Recall     (AR) @[ IoU=0.50:0.95 | area= small | maxDets=100 ] = -1.000
 Average Recall     (AR) @[ IoU=0.50:0.95 | area=medium | maxDets=100 ] = 0.102
 Average Recall     (AR) @[ IoU=0.50:0.95 | area= large | maxDets=100 ] = 0.370
[I 2026-02-23 13:24:00,117] Trial 135 finished with value: 0.34695560769881384 and parameters: {'alpha': 3.1027721303122, 'std_bias': 4.3387776745204425, 'opening_size': 5, 'closing_size': 15, 'dilate_size': 9, 'remove_small_blobs': 603, 'area_min': 1537, 'area_max': 114545, 'aspect_ratio_min': 0.24229438147633067, 'aspect_ratio_max': 4.879240978429491, 'fill_ratio_min': 0.2551885632935859, 'merge_distance': 30}. Best is trial 106 with value: 0.34930707775950676.
creating index...
index created!
Loading and preparing results...
DONE (t=0.02s)
creating index...
index created!
Running per image evaluation...
Evaluate annotation type *bbox*
DONE (t=2.86s).
Accumulating evaluation results...
DONE (t=0.43s).
 Average Precision  (AP) @[ IoU=0.50:0.95 | area=   all | maxDets=100 ] = 0.075
 Average Precision  (AP) @[ IoU=0.50      | area=   all | maxDets=100 ] = 0.214
 Average Precision  (AP) @[ IoU=0.75      | area=   all | maxDets=100 ] = 0.039
 Average Precision  (AP) @[ IoU=0.50:0.95 | area= small | maxDets=100 ] = -1.000
 Average Precision  (AP) @[ IoU=0.50:0.95 | area=medium | maxDets=100 ] = 0.060
 Average Precision  (AP) @[ IoU=0.50:0.95 | area= large | maxDets=100 ] = 0.098
 Average Recall     (AR) @[ IoU=0.50:0.95 | area=   all | maxDets=  1 ] = 0.091
 Average Recall     (AR) @[ IoU=0.50:0.95 | area=   all | maxDets= 10 ] = 0.227
 Average Recall     (AR) @[ IoU=0.50:0.95 | area=   all | maxDets=100 ] = 0.227
 Average Recall     (AR) @[ IoU=0.50:0.95 | area= small | maxDets=100 ] = -1.000
 Average Recall     (AR) @[ IoU=0.50:0.95 | area=medium | maxDets=100 ] = 0.254
 Average Recall     (AR) @[ IoU=0.50:0.95 | area= large | maxDets=100 ] = 0.196
[I 2026-02-23 13:28:12,448] Trial 143 finished with value: 0.2139560154420818 and parameters: {'alpha': 1.7713873575055192, 'std_bias': 4.362557345934808, 'opening_size': 5, 'closing_size': 7, 'dilate_size': 9, 'remove_small_blobs': 883, 'area_min': 1574, 'area_max': 119398, 'aspect_ratio_min': 0.24131340463022297, 'aspect_ratio_max': 5.589457047288068, 'fill_ratio_min': 0.24718211135269413, 'merge_distance': 19}. Best is trial 106 with value: 0.34930707775950676.
creating index...
index created!
Loading and preparing results...
DONE (t=0.02s)
creating index...
index created!
Running per image evaluation...
Evaluate annotation type *bbox*
DONE (t=2.40s).
Accumulating evaluation results...
DONE (t=0.51s).
 Average Precision  (AP) @[ IoU=0.50:0.95 | area=   all | maxDets=100 ] = 0.134
 Average Precision  (AP) @[ IoU=0.50      | area=   all | maxDets=100 ] = 0.302
 Average Precision  (AP) @[ IoU=0.75      | area=   all | maxDets=100 ] = 0.106
 Average Precision  (AP) @[ IoU=0.50:0.95 | area= small | maxDets=100 ] = -1.000
 Average Precision  (AP) @[ IoU=0.50:0.95 | area=medium | maxDets=100 ] = 0.019
 Average Precision  (AP) @[ IoU=0.50:0.95 | area= large | maxDets=100 ] = 0.284
 Average Recall     (AR) @[ IoU=0.50:0.95 | area=   all | maxDets=  1 ] = 0.119
 Average Recall     (AR) @[ IoU=0.50:0.95 | area=   all | maxDets= 10 ] = 0.212
 Average Recall     (AR) @[ IoU=0.50:0.95 | area=   all | maxDets=100 ] = 0.213
 Average Recall     (AR) @[ IoU=0.50:0.95 | area= small | maxDets=100 ] = -1.000
 Average Recall     (AR) @[ IoU=0.50:0.95 | area=medium | maxDets=100 ] = 0.071
 Average Recall     (AR) @[ IoU=0.50:0.95 | area= large | maxDets=100 ] = 0.378
[I 2026-02-23 13:32:03,349] Trial 151 finished with value: 0.3024625505829287 and parameters: {'alpha': 3.1250776633526236, 'std_bias': 4.614107032525487, 'opening_size': 5, 'closing_size': 9, 'dilate_size': 9, 'remove_small_blobs': 546, 'area_min': 1410, 'area_max': 107153, 'aspect_ratio_min': 0.2242888501187151, 'aspect_ratio_max': 5.24797332897625, 'fill_ratio_min': 0.19069741278523575, 'merge_distance': 17}. Best is trial 106 with value: 0.34930707775950676.
creating index...
index created!
Loading and preparing results...
DONE (t=0.04s)
creating index...
index created!
Running per image evaluation...
Evaluate annotation type *bbox*
DONE (t=2.88s).
Accumulating evaluation results...
DONE (t=0.41s).
 Average Precision  (AP) @[ IoU=0.50:0.95 | area=   all | maxDets=100 ] = 0.034
 Average Precision  (AP) @[ IoU=0.50      | area=   all | maxDets=100 ] = 0.102
 Average Precision  (AP) @[ IoU=0.75      | area=   all | maxDets=100 ] = 0.021
 Average Precision  (AP) @[ IoU=0.50:0.95 | area= small | maxDets=100 ] = -1.000
 Average Precision  (AP) @[ IoU=0.50:0.95 | area=medium | maxDets=100 ] = 0.033
 Average Precision  (AP) @[ IoU=0.50:0.95 | area= large | maxDets=100 ] = 0.038
 Average Recall     (AR) @[ IoU=0.50:0.95 | area=   all | maxDets=  1 ] = 0.061
 Average Recall     (AR) @[ IoU=0.50:0.95 | area=   all | maxDets= 10 ] = 0.163
 Average Recall     (AR) @[ IoU=0.50:0.95 | area=   all | maxDets=100 ] = 0.164
 Average Recall     (AR) @[ IoU=0.50:0.95 | area= small | maxDets=100 ] = -1.000
 Average Recall     (AR) @[ IoU=0.50:0.95 | area=medium | maxDets=100 ] = 0.195
 Average Recall     (AR) @[ IoU=0.50:0.95 | area= large | maxDets=100 ] = 0.128
