[I 2026-02-23 12:12:17,670] Using an existing study with name 'still_no_temporal' instead of creating a new one.
Loading annotations and video...
Starting optimization for study 'still_no_temporal'
Using temporal detector: False
Database: optuna_still_no_temporal.db
Number of trials: 25

To run in parallel, execute this same command in multiple terminals.
--------------------------------------------------------------------------------
  0%|          | 0/25 [00:00<?, ?it/s]                                        0%|          | 0/25 [05:15<?, ?it/s]Best trial: 4. Best value: 0.27257:   0%|          | 0/25 [05:15<?, ?it/s]Best trial: 4. Best value: 0.27257:   4%|▍         | 1/25 [05:15<2:06:05, 315.25s/it]                                                                                     Best trial: 4. Best value: 0.27257:   4%|▍         | 1/25 [08:53<2:06:05, 315.25s/it]Best trial: 4. Best value: 0.27257:   4%|▍         | 1/25 [08:53<2:06:05, 315.25s/it]Best trial: 4. Best value: 0.27257:   8%|▊         | 2/25 [08:53<1:38:53, 257.99s/it]                                                                                     Best trial: 4. Best value: 0.27257:   8%|▊         | 2/25 [12:12<1:38:53, 257.99s/it]Best trial: 4. Best value: 0.27257:   8%|▊         | 2/25 [12:12<1:38:53, 257.99s/it]Best trial: 4. Best value: 0.27257:  12%|█▏        | 3/25 [12:12<1:24:46, 231.21s/it]                                                                                     Best trial: 4. Best value: 0.27257:  12%|█▏        | 3/25 [15:33<1:24:46, 231.21s/it]Best trial: 25. Best value: 0.291943:  12%|█▏        | 3/25 [15:33<1:24:46, 231.21s/it]Best trial: 25. Best value: 0.291943:  16%|█▌        | 4/25 [15:33<1:16:48, 219.45s/it]                                                                                       creating index...
index created!
Loading and preparing results...
DONE (t=0.04s)
creating index...
index created!
Running per image evaluation...
Evaluate annotation type *bbox*
DONE (t=4.14s).
Accumulating evaluation results...
DONE (t=0.73s).
 Average Precision  (AP) @[ IoU=0.50:0.95 | area=   all | maxDets=100 ] = 0.006
 Average Precision  (AP) @[ IoU=0.50      | area=   all | maxDets=100 ] = 0.014
 Average Precision  (AP) @[ IoU=0.75      | area=   all | maxDets=100 ] = 0.005
 Average Precision  (AP) @[ IoU=0.50:0.95 | area= small | maxDets=100 ] = -1.000
 Average Precision  (AP) @[ IoU=0.50:0.95 | area=medium | maxDets=100 ] = 0.006
 Average Precision  (AP) @[ IoU=0.50:0.95 | area= large | maxDets=100 ] = 0.009
 Average Recall     (AR) @[ IoU=0.50:0.95 | area=   all | maxDets=  1 ] = 0.011
 Average Recall     (AR) @[ IoU=0.50:0.95 | area=   all | maxDets= 10 ] = 0.079
 Average Recall     (AR) @[ IoU=0.50:0.95 | area=   all | maxDets=100 ] = 0.079
 Average Recall     (AR) @[ IoU=0.50:0.95 | area= small | maxDets=100 ] = -1.000
 Average Recall     (AR) @[ IoU=0.50:0.95 | area=medium | maxDets=100 ] = 0.113
 Average Recall     (AR) @[ IoU=0.50:0.95 | area= large | maxDets=100 ] = 0.040
[I 2026-02-23 12:17:32,911] Trial 1 finished with value: 0.013926535647762785 and parameters: {'alpha': 1.0440881244594402, 'std_bias': 0.3774960561413204, 'opening_size': 7, 'closing_size': 15, 'dilate_size': 5, 'remove_small_blobs': 439, 'area_min': 1070, 'area_max': 62475, 'aspect_ratio_min': 0.12039976293485563, 'aspect_ratio_max': 12.574770315154485, 'fill_ratio_min': 0.26424051112678304, 'merge_distance': 32}. Best is trial 4 with value: 0.2725697418499596.
creating index...
index created!
Loading and preparing results...
DONE (t=0.03s)
creating index...
index created!
Running per image evaluation...
Evaluate annotation type *bbox*
DONE (t=2.31s).
Accumulating evaluation results...
DONE (t=0.34s).
 Average Precision  (AP) @[ IoU=0.50:0.95 | area=   all | maxDets=100 ] = 0.039
 Average Precision  (AP) @[ IoU=0.50      | area=   all | maxDets=100 ] = 0.094
 Average Precision  (AP) @[ IoU=0.75      | area=   all | maxDets=100 ] = 0.028
 Average Precision  (AP) @[ IoU=0.50:0.95 | area= small | maxDets=100 ] = -1.000
 Average Precision  (AP) @[ IoU=0.50:0.95 | area=medium | maxDets=100 ] = 0.001
 Average Precision  (AP) @[ IoU=0.50:0.95 | area= large | maxDets=100 ] = 0.118
 Average Recall     (AR) @[ IoU=0.50:0.95 | area=   all | maxDets=  1 ] = 0.060
 Average Recall     (AR) @[ IoU=0.50:0.95 | area=   all | maxDets= 10 ] = 0.106
 Average Recall     (AR) @[ IoU=0.50:0.95 | area=   all | maxDets=100 ] = 0.107
 Average Recall     (AR) @[ IoU=0.50:0.95 | area= small | maxDets=100 ] = -1.000
 Average Recall     (AR) @[ IoU=0.50:0.95 | area=medium | maxDets=100 ] = 0.006
 Average Recall     (AR) @[ IoU=0.50:0.95 | area= large | maxDets=100 ] = 0.224
[I 2026-02-23 12:21:10,843] Trial 14 finished with value: 0.0935623650337722 and parameters: {'alpha': 6.868864179250684, 'std_bias': 0.12710814646072766, 'opening_size': 7, 'closing_size': 7, 'dilate_size': 5, 'remove_small_blobs': 731, 'area_min': 766, 'area_max': 77373, 'aspect_ratio_min': 0.2381840860102493, 'aspect_ratio_max': 6.732347457699849, 'fill_ratio_min': 0.14037436579181106, 'merge_distance': 35}. Best is trial 4 with value: 0.2725697418499596.
creating index...
index created!
Loading and preparing results...
DONE (t=0.01s)
creating index...
index created!
Running per image evaluation...
Evaluate annotation type *bbox*
DONE (t=2.07s).
Accumulating evaluation results...
DONE (t=0.32s).
 Average Precision  (AP) @[ IoU=0.50:0.95 | area=   all | maxDets=100 ] = 0.101
 Average Precision  (AP) @[ IoU=0.50      | area=   all | maxDets=100 ] = 0.191
 Average Precision  (AP) @[ IoU=0.75      | area=   all | maxDets=100 ] = 0.096
 Average Precision  (AP) @[ IoU=0.50:0.95 | area= small | maxDets=100 ] = -1.000
 Average Precision  (AP) @[ IoU=0.50:0.95 | area=medium | maxDets=100 ] = 0.002
 Average Precision  (AP) @[ IoU=0.50:0.95 | area= large | maxDets=100 ] = 0.294
 Average Recall     (AR) @[ IoU=0.50:0.95 | area=   all | maxDets=  1 ] = 0.118
 Average Recall     (AR) @[ IoU=0.50:0.95 | area=   all | maxDets= 10 ] = 0.198
 Average Recall     (AR) @[ IoU=0.50:0.95 | area=   all | maxDets=100 ] = 0.198
 Average Recall     (AR) @[ IoU=0.50:0.95 | area= small | maxDets=100 ] = -1.000
 Average Recall     (AR) @[ IoU=0.50:0.95 | area=medium | maxDets=100 ] = 0.011
 Average Recall     (AR) @[ IoU=0.50:0.95 | area= large | maxDets=100 ] = 0.417
[I 2026-02-23 12:24:30,185] Trial 20 finished with value: 0.19053039910689087 and parameters: {'alpha': 5.0926624604697786, 'std_bias': 4.992037675516223, 'opening_size': 5, 'closing_size': 9, 'dilate_size': 7, 'remove_small_blobs': 943, 'area_min': 508, 'area_max': 107368, 'aspect_ratio_min': 0.10008955089183637, 'aspect_ratio_max': 10.558910755100015, 'fill_ratio_min': 0.18457124389040064, 'merge_distance': 27}. Best is trial 4 with value: 0.2725697418499596.
creating index...
index created!
Loading and preparing results...
DONE (t=0.01s)
creating index...
index created!
Running per image evaluation...
Evaluate annotation type *bbox*
DONE (t=1.97s).
Accumulating evaluation results...
DONE (t=0.33s).
 Average Precision  (AP) @[ IoU=0.50:0.95 | area=   all | maxDets=100 ] = 0.137
 Average Precision  (AP) @[ IoU=0.50      | area=   all | maxDets=100 ] = 0.233
 Average Precision  (AP) @[ IoU=0.75      | area=   all | maxDets=100 ] = 0.130
 Average Precision  (AP) @[ IoU=0.50:0.95 | area= small | maxDets=100 ] = -1.000
 Average Precision  (AP) @[ IoU=0.50:0.95 | area=medium | maxDets=100 ] = 0.003
 Average Precision  (AP) @[ IoU=0.50:0.95 | area= large | maxDets=100 ] = 0.335
 Average Recall     (AR) @[ IoU=0.50:0.95 | area=   all | maxDets=  1 ] = 0.133
 Average Recall     (AR) @[ IoU=0.50:0.95 | area=   all | maxDets= 10 ] = 0.201
 Average Recall     (AR) @[ IoU=0.50:0.95 | area=   all | maxDets=100 ] = 0.201
 Average Recall     (AR) @[ IoU=0.50:0.95 | area= small | maxDets=100 ] = -1.000
 Average Recall     (AR) @[ IoU=0.50:0.95 | area=medium | maxDets=100 ] = 0.011
 Average Recall     (AR) @[ IoU=0.50:0.95 | area= large | maxDets=100 ] = 0.421
[I 2026-02-23 12:27:51,590] Trial 28 finished with value: 0.23285581224326563 and parameters: {'alpha': 6.88135844572293, 'std_bias': 2.7143764235816494, 'opening_size': 3, 'closing_size': 5, 'dilate_size': 7, 'remove_small_blobs': 837, 'area_min': 1554, 'area_max': 149472, 'aspect_ratio_min': 0.18765981806016524, 'aspect_ratio_max': 14.84473298998305, 'fill_ratio_min': 0.23064999237749428, 'merge_distance': 25}. Best is trial 25 with value: 0.2919433882459592.
creating index...
index created!
Loading and preparing results...
DONE (t=0.02s)
creating index...
index created!
Running per image evaluation...
Evaluate annotation type *bbox*
DONE (t=2.81s).
Accumulating evaluation results...
DONE (t=0.37s).
 Average Precision  (AP) @[ IoU=0.50:0.95 | area=   all | maxDets=100 ] = 0.104
 Average Precision  (AP) @[ IoU=0.50      | area=   all | maxDets=100 ] = 0.261
 Average Precision  (AP) @[ IoU=0.75      | area=   all | maxDets=100 ] = 0.063
 Average Precision  (AP) @[ IoU=0.50:0.95 | area= small | maxDets=100 ] = -1.000
 Average Precision  (AP) @[ IoU=0.50:0.95 | area=medium | maxDets=100 ] = 0.090
 Average Precision  (AP) @[ IoU=0.50:0.95 | area= large | maxDets=100 ] = 0.128
 Average Recall     (AR) @[ IoU=0.50:0.95 | area=   all | maxDets=  1 ] = 0.100
 Average Recall     (AR) @[ IoU=0.50:0.95 | area=   all | maxDets= 10 ] = 0.250
 Average Recall     (AR) @[ IoU=0.50:0.95 | area=   all | maxDets=100 ] = 0.250
 Average Recall     (AR) @[ IoU=0.50:0.95 | area= small | maxDets=100 ] = -1.000
 Average Recall     (AR) @[ IoU=0.50:0.95 | area=medium | maxDets=100 ] = 0.256
 Average Recall     (AR) @[ IoU=0.50:0.95 | area= large | maxDets=100 ] = 0.242
[I 2026-02-23 12:32:02,682] Trial 34 finished with value: 0.26082755128530694 and parameters: {'alpha': 2.4773583777643893, 'std_bias': 4.057355067828075, 'opening_size': 3, 'closing_size': 11, 'dilate_size': 7, 'remove_small_blobs': 846, 'area_min': 1802, 'area_max': 140196, 'aspect_ratio_min': 0.11880786732649284, 'aspect_ratio_max': 8.897197523930153, 'fill_ratio_min': 0.10174852396947255, 'merge_distance': 21}. Best is trial 25 with value: 0.2919433882459592.Best trial: 25. Best value: 0.291943:  16%|█▌        | 4/25 [19:44<1:16:48, 219.45s/it]Best trial: 25. Best value: 0.291943:  16%|█▌        | 4/25 [19:44<1:16:48, 219.45s/it]Best trial: 25. Best value: 0.291943:  20%|██        | 5/25 [19:44<1:16:57, 230.86s/it]                                                                                       Best trial: 25. Best value: 0.291943:  20%|██        | 5/25 [24:33<1:16:57, 230.86s/it]Best trial: 45. Best value: 0.29937:  20%|██        | 5/25 [24:33<1:16:57, 230.86s/it] Best trial: 45. Best value: 0.29937:  24%|██▍       | 6/25 [24:33<1:19:19, 250.48s/it]                                                                                      Best trial: 45. Best value: 0.29937:  24%|██▍       | 6/25 [28:44<1:19:19, 250.48s/it]Best trial: 45. Best value: 0.29937:  24%|██▍       | 6/25 [28:44<1:19:19, 250.48s/it]Best trial: 45. Best value: 0.29937:  28%|██▊       | 7/25 [28:44<1:15:12, 250.71s/it]                                                                                      Best trial: 45. Best value: 0.29937:  28%|██▊       | 7/25 [33:10<1:15:12, 250.71s/it]Best trial: 59. Best value: 0.308346:  28%|██▊       | 7/25 [33:10<1:15:12, 250.71s/it]Best trial: 59. Best value: 0.308346:  32%|███▏      | 8/25 [33:10<1:12:24, 255.58s/it]                                                                                       Best trial: 59. Best value: 0.308346:  32%|███▏      | 8/25 [37:30<1:12:24, 255.58s/it]Best trial: 70. Best value: 0.309838:  32%|███▏      | 8/25 [37:30<1:12:24, 255.58s/it]Best trial: 70. Best value: 0.309838:  36%|███▌      | 9/25 [37:30<1:08:30, 256.91s/it]                                                                                       
creating index...
index created!
Loading and preparing results...
DONE (t=0.02s)
creating index...
index created!
Running per image evaluation...
Evaluate annotation type *bbox*
DONE (t=2.33s).
Accumulating evaluation results...
DONE (t=0.33s).
 Average Precision  (AP) @[ IoU=0.50:0.95 | area=   all | maxDets=100 ] = 0.084
 Average Precision  (AP) @[ IoU=0.50      | area=   all | maxDets=100 ] = 0.223
 Average Precision  (AP) @[ IoU=0.75      | area=   all | maxDets=100 ] = 0.055
 Average Precision  (AP) @[ IoU=0.50:0.95 | area= small | maxDets=100 ] = -1.000
 Average Precision  (AP) @[ IoU=0.50:0.95 | area=medium | maxDets=100 ] = 0.072
 Average Precision  (AP) @[ IoU=0.50:0.95 | area= large | maxDets=100 ] = 0.099
 Average Recall     (AR) @[ IoU=0.50:0.95 | area=   all | maxDets=  1 ] = 0.093
 Average Recall     (AR) @[ IoU=0.50:0.95 | area=   all | maxDets= 10 ] = 0.227
 Average Recall     (AR) @[ IoU=0.50:0.95 | area=   all | maxDets=100 ] = 0.227
 Average Recall     (AR) @[ IoU=0.50:0.95 | area= small | maxDets=100 ] = -1.000
 Average Recall     (AR) @[ IoU=0.50:0.95 | area=medium | maxDets=100 ] = 0.253
 Average Recall     (AR) @[ IoU=0.50:0.95 | area= large | maxDets=100 ] = 0.196
[I 2026-02-23 12:36:51,259] Trial 42 finished with value: 0.2232520832428125 and parameters: {'alpha': 1.714178200164138, 'std_bias': 4.3766501238341515, 'opening_size': 5, 'closing_size': 11, 'dilate_size': 9, 'remove_small_blobs': 449, 'area_min': 1863, 'area_max': 135807, 'aspect_ratio_min': 0.12132114868039508, 'aspect_ratio_max': 11.844309670995848, 'fill_ratio_min': 0.12222987174500761, 'merge_distance': 21}. Best is trial 45 with value: 0.2993697420232575.
creating index...
index created!
Loading and preparing results...
DONE (t=0.03s)
creating index...
index created!
Running per image evaluation...
Evaluate annotation type *bbox*
DONE (t=1.85s).
Accumulating evaluation results...
DONE (t=0.43s).
 Average Precision  (AP) @[ IoU=0.50:0.95 | area=   all | maxDets=100 ] = 0.135
 Average Precision  (AP) @[ IoU=0.50      | area=   all | maxDets=100 ] = 0.285
 Average Precision  (AP) @[ IoU=0.75      | area=   all | maxDets=100 ] = 0.104
 Average Precision  (AP) @[ IoU=0.50:0.95 | area= small | maxDets=100 ] = -1.000
 Average Precision  (AP) @[ IoU=0.50:0.95 | area=medium | maxDets=100 ] = 0.018
 Average Precision  (AP) @[ IoU=0.50:0.95 | area= large | maxDets=100 ] = 0.275
 Average Recall     (AR) @[ IoU=0.50:0.95 | area=   all | maxDets=  1 ] = 0.118
 Average Recall     (AR) @[ IoU=0.50:0.95 | area=   all | maxDets= 10 ] = 0.197
 Average Recall     (AR) @[ IoU=0.50:0.95 | area=   all | maxDets=100 ] = 0.197
 Average Recall     (AR) @[ IoU=0.50:0.95 | area= small | maxDets=100 ] = -1.000
 Average Recall     (AR) @[ IoU=0.50:0.95 | area=medium | maxDets=100 ] = 0.053
 Average Recall     (AR) @[ IoU=0.50:0.95 | area= large | maxDets=100 ] = 0.364
[I 2026-02-23 12:41:02,450] Trial 51 finished with value: 0.28481009413712743 and parameters: {'alpha': 3.445168710102603, 'std_bias': 3.406694603761945, 'opening_size': 5, 'closing_size': 13, 'dilate_size': 9, 'remove_small_blobs': 317, 'area_min': 1913, 'area_max': 128185, 'aspect_ratio_min': 0.1110604041393185, 'aspect_ratio_max': 13.803620549202684, 'fill_ratio_min': 0.14971007186399254, 'merge_distance': 34}. Best is trial 45 with value: 0.2993697420232575.
creating index...
index created!
Loading and preparing results...
DONE (t=0.02s)
creating index...
index created!
Running per image evaluation...
Evaluate annotation type *bbox*
DONE (t=2.06s).
Accumulating evaluation results...
DONE (t=0.45s).
 Average Precision  (AP) @[ IoU=0.50:0.95 | area=   all | maxDets=100 ] = 0.137
 Average Precision  (AP) @[ IoU=0.50      | area=   all | maxDets=100 ] = 0.308
 Average Precision  (AP) @[ IoU=0.75      | area=   all | maxDets=100 ] = 0.096
 Average Precision  (AP) @[ IoU=0.50:0.95 | area= small | maxDets=100 ] = -1.000
 Average Precision  (AP) @[ IoU=0.50:0.95 | area=medium | maxDets=100 ] = 0.032
 Average Precision  (AP) @[ IoU=0.50:0.95 | area= large | maxDets=100 ] = 0.259
 Average Recall     (AR) @[ IoU=0.50:0.95 | area=   all | maxDets=  1 ] = 0.113
 Average Recall     (AR) @[ IoU=0.50:0.95 | area=   all | maxDets= 10 ] = 0.202
 Average Recall     (AR) @[ IoU=0.50:0.95 | area=   all | maxDets=100 ] = 0.202
 Average Recall     (AR) @[ IoU=0.50:0.95 | area= small | maxDets=100 ] = -1.000
 Average Recall     (AR) @[ IoU=0.50:0.95 | area=medium | maxDets=100 ] = 0.080
 Average Recall     (AR) @[ IoU=0.50:0.95 | area= large | maxDets=100 ] = 0.343
[I 2026-02-23 12:45:28,457] Trial 59 finished with value: 0.30834572496878 and parameters: {'alpha': 3.1402880950818894, 'std_bias': 3.565497057814106, 'opening_size': 5, 'closing_size': 13, 'dilate_size': 9, 'remove_small_blobs': 285, 'area_min': 1698, 'area_max': 116316, 'aspect_ratio_min': 0.1109727474772569, 'aspect_ratio_max': 12.944109354930227, 'fill_ratio_min': 0.13582330858375796, 'merge_distance': 38}. Best is trial 59 with value: 0.30834572496878.
creating index...
index created!
Loading and preparing results...
DONE (t=0.03s)
creating index...
index created!
Running per image evaluation...
Evaluate annotation type *bbox*
DONE (t=2.41s).
Accumulating evaluation results...
DONE (t=0.40s).
 Average Precision  (AP) @[ IoU=0.50:0.95 | area=   all | maxDets=100 ] = 0.139
 Average Precision  (AP) @[ IoU=0.50      | area=   all | maxDets=100 ] = 0.310
 Average Precision  (AP) @[ IoU=0.75      | area=   all | maxDets=100 ] = 0.101
 Average Precision  (AP) @[ IoU=0.50:0.95 | area= small | maxDets=100 ] = -1.000
 Average Precision  (AP) @[ IoU=0.50:0.95 | area=medium | maxDets=100 ] = 0.032
 Average Precision  (AP) @[ IoU=0.50:0.95 | area= large | maxDets=100 ] = 0.269
 Average Recall     (AR) @[ IoU=0.50:0.95 | area=   all | maxDets=  1 ] = 0.114
 Average Recall     (AR) @[ IoU=0.50:0.95 | area=   all | maxDets= 10 ] = 0.215
 Average Recall     (AR) @[ IoU=0.50:0.95 | area=   all | maxDets=100 ] = 0.215
 Average Recall     (AR) @[ IoU=0.50:0.95 | area= small | maxDets=100 ] = -1.000
 Average Recall     (AR) @[ IoU=0.50:0.95 | area=medium | maxDets=100 ] = 0.093
 Average Recall     (AR) @[ IoU=0.50:0.95 | area= large | maxDets=100 ] = 0.357
[I 2026-02-23 12:49:48,267] Trial 70 finished with value: 0.3098383146195337 and parameters: {'alpha': 3.017152984994519, 'std_bias': 4.222202725301355, 'opening_size': 5, 'closing_size': 13, 'dilate_size': 9, 'remove_small_blobs': 297, 'area_min': 1435, 'area_max': 122567, 'aspect_ratio_min': 0.17662816164153616, 'aspect_ratio_max': 13.317575924436005, 'fill_ratio_min': 0.17000677830447608, 'merge_distance': 37}. Best is trial 70 with value: 0.3098383146195337.
creating index...
index created!
Loading and preparing results...
DONE (t=0.03s)
creating index...
index created!
Running per image evaluation...
Evaluate annotation type *bbox*
DONE (t=2.51s).
Accumulating evaluation results...
DONE (t=0.37s).
 Average Precision  (AP) @[ IoU=0.50:0.95 | area=   all | maxDets=100 ] = 0.103
 Average Precision  (AP) @[ IoU=0.50      | area=   all | maxDets=100 ] = 0.270
 Average Precision  (AP) @[ IoU=0.75      | area=   all | maxDets=100 ] = 0.060
 Average Precision  (AP) @[ IoU=0.50:0.95 | area= small | maxDets=100 ] = -1.000
 Average Precision  (AP) @[ IoU=0.50:0.95 | area=medium | maxDets=100 ] = 0.049
 Average Precision  (AP) @[ IoU=0.50:0.95 | area= large | maxDets=100 ] = 0.181
 Average Recall     (AR) @[ IoU=0.50:0.95 | area=   all | maxDets=  1 ] = 0.097
 Average Recall     (AR) @[ IoU=0.50:0.95 | area=   all | maxDets= 10 ] = 0.232
 Average Recall     (AR) @[ IoU=0.50:0.95 | area=   all | maxDets=100 ] = 0.232
 Average Recall     (AR) @[ IoU=0.50:0.95 | area= small | maxDets=100 ] = -1.000
 Average Recall     (AR) @[ IoU=0.50:0.95 | area=medium | maxDets=100 ] = 0.200
 Average Recall     (AR) @[ IoU=0.50:0.95 | area= large | maxDets=100 ] = 0.269
