[I 2026-02-23 13:33:40,103] Trial 155 finished with value: 0.23677201597415226 and parameters: {'alpha': 2.6738569140624664, 'std_bias': 4.6750744211957755, 'opening_size': 7, 'closing_size': 9, 'dilate_size': 9, 'remove_small_blobs': 545, 'area_min': 1419, 'area_max': 101043, 'aspect_ratio_min': 0.23679357835771245, 'aspect_ratio_max': 5.431365701845006, 'fill_ratio_min': 0.27010427108551394, 'merge_distance': 32}. Best is trial 106 with value: 0.34930707775950676.Best trial: 106. Best value: 0.349307:  76%|███████▌  | 19/25 [1:21:12<24:34, 245.68s/it]Best trial: 106. Best value: 0.349307:  76%|███████▌  | 19/25 [1:21:12<24:34, 245.68s/it]Best trial: 106. Best value: 0.349307:  80%|████████  | 20/25 [1:21:12<20:13, 242.62s/it]                                                                                         Best trial: 106. Best value: 0.349307:  80%|████████  | 20/25 [1:25:32<20:13, 242.62s/it]Best trial: 106. Best value: 0.349307:  80%|████████  | 20/25 [1:25:32<20:13, 242.62s/it]Best trial: 106. Best value: 0.349307:  84%|████████▍ | 21/25 [1:25:32<16:31, 247.88s/it]                                                                                         Best trial: 106. Best value: 0.349307:  84%|████████▍ | 21/25 [1:29:36<16:31, 247.88s/it]Best trial: 106. Best value: 0.349307:  84%|████████▍ | 21/25 [1:29:36<16:31, 247.88s/it]Best trial: 106. Best value: 0.349307:  88%|████████▊ | 22/25 [1:29:36<12:20, 246.73s/it]                                                                                         Best trial: 106. Best value: 0.349307:  88%|████████▊ | 22/25 [1:33:38<12:20, 246.73s/it]Best trial: 106. Best value: 0.349307:  88%|████████▊ | 22/25 [1:33:38<12:20, 246.73s/it]Best trial: 106. Best value: 0.349307:  92%|█████████▏| 23/25 [1:33:38<08:10, 245.49s/it]                                                                                         Best trial: 106. Best value: 0.349307:  92%|█████████▏| 23/25 [1:37:22<08:10, 245.49s/it]Best trial: 106. Best value: 0.349307:  92%|█████████▏| 23/25 [1:37:22<08:10, 245.49s/it]Best trial: 106. Best value: 0.349307:  96%|█████████▌| 24/25 [1:37:22<03:58, 238.83s/it]                                                                                         
creating index...
index created!
Loading and preparing results...
DONE (t=0.04s)
creating index...
index created!
Running per image evaluation...
Evaluate annotation type *bbox*
DONE (t=2.92s).
Accumulating evaluation results...
DONE (t=0.44s).
 Average Precision  (AP) @[ IoU=0.50:0.95 | area=   all | maxDets=100 ] = 0.105
 Average Precision  (AP) @[ IoU=0.50      | area=   all | maxDets=100 ] = 0.249
 Average Precision  (AP) @[ IoU=0.75      | area=   all | maxDets=100 ] = 0.068
 Average Precision  (AP) @[ IoU=0.50:0.95 | area= small | maxDets=100 ] = -1.000
 Average Precision  (AP) @[ IoU=0.50:0.95 | area=medium | maxDets=100 ] = 0.080
 Average Precision  (AP) @[ IoU=0.50:0.95 | area= large | maxDets=100 ] = 0.140
 Average Recall     (AR) @[ IoU=0.50:0.95 | area=   all | maxDets=  1 ] = 0.096
 Average Recall     (AR) @[ IoU=0.50:0.95 | area=   all | maxDets= 10 ] = 0.247
 Average Recall     (AR) @[ IoU=0.50:0.95 | area=   all | maxDets=100 ] = 0.247
 Average Recall     (AR) @[ IoU=0.50:0.95 | area= small | maxDets=100 ] = -1.000
 Average Recall     (AR) @[ IoU=0.50:0.95 | area=medium | maxDets=100 ] = 0.242
 Average Recall     (AR) @[ IoU=0.50:0.95 | area= large | maxDets=100 ] = 0.253
[I 2026-02-23 13:38:00,256] Trial 162 finished with value: 0.24858995451493793 and parameters: {'alpha': 2.509287931781287, 'std_bias': 4.999650988131685, 'opening_size': 3, 'closing_size': 11, 'dilate_size': 9, 'remove_small_blobs': 678, 'area_min': 1627, 'area_max': 116960, 'aspect_ratio_min': 0.22238116125420787, 'aspect_ratio_max': 4.872890346427264, 'fill_ratio_min': 0.24988244602820017, 'merge_distance': 33}. Best is trial 106 with value: 0.34930707775950676.
creating index...
index created!
Loading and preparing results...
DONE (t=0.03s)
creating index...
index created!
Running per image evaluation...
Evaluate annotation type *bbox*
DONE (t=2.24s).
Accumulating evaluation results...
DONE (t=0.31s).
 Average Precision  (AP) @[ IoU=0.50:0.95 | area=   all | maxDets=100 ] = 0.124
 Average Precision  (AP) @[ IoU=0.50      | area=   all | maxDets=100 ] = 0.317
 Average Precision  (AP) @[ IoU=0.75      | area=   all | maxDets=100 ] = 0.073
 Average Precision  (AP) @[ IoU=0.50:0.95 | area= small | maxDets=100 ] = -1.000
 Average Precision  (AP) @[ IoU=0.50:0.95 | area=medium | maxDets=100 ] = 0.066
 Average Precision  (AP) @[ IoU=0.50:0.95 | area= large | maxDets=100 ] = 0.204
 Average Recall     (AR) @[ IoU=0.50:0.95 | area=   all | maxDets=  1 ] = 0.112
 Average Recall     (AR) @[ IoU=0.50:0.95 | area=   all | maxDets= 10 ] = 0.246
 Average Recall     (AR) @[ IoU=0.50:0.95 | area=   all | maxDets=100 ] = 0.246
 Average Recall     (AR) @[ IoU=0.50:0.95 | area= small | maxDets=100 ] = -1.000
 Average Recall     (AR) @[ IoU=0.50:0.95 | area=medium | maxDets=100 ] = 0.209
 Average Recall     (AR) @[ IoU=0.50:0.95 | area= large | maxDets=100 ] = 0.289
[I 2026-02-23 13:42:04,312] Trial 169 finished with value: 0.31749677955559796 and parameters: {'alpha': 2.3480051576557552, 'std_bias': 4.481909496252716, 'opening_size': 5, 'closing_size': 15, 'dilate_size': 9, 'remove_small_blobs': 604, 'area_min': 1470, 'area_max': 111821, 'aspect_ratio_min': 0.20777601363593295, 'aspect_ratio_max': 6.456530615118517, 'fill_ratio_min': 0.19494385869826303, 'merge_distance': 29}. Best is trial 106 with value: 0.34930707775950676.
creating index...
index created!
Loading and preparing results...
DONE (t=0.02s)
creating index...
index created!
Running per image evaluation...
Evaluate annotation type *bbox*
DONE (t=2.33s).
Accumulating evaluation results...
DONE (t=0.36s).
 Average Precision  (AP) @[ IoU=0.50:0.95 | area=   all | maxDets=100 ] = 0.121
 Average Precision  (AP) @[ IoU=0.50      | area=   all | maxDets=100 ] = 0.309
 Average Precision  (AP) @[ IoU=0.75      | area=   all | maxDets=100 ] = 0.073
 Average Precision  (AP) @[ IoU=0.50:0.95 | area= small | maxDets=100 ] = -1.000
 Average Precision  (AP) @[ IoU=0.50:0.95 | area=medium | maxDets=100 ] = 0.082
 Average Precision  (AP) @[ IoU=0.50:0.95 | area= large | maxDets=100 ] = 0.168
 Average Recall     (AR) @[ IoU=0.50:0.95 | area=   all | maxDets=  1 ] = 0.107
 Average Recall     (AR) @[ IoU=0.50:0.95 | area=   all | maxDets= 10 ] = 0.246
 Average Recall     (AR) @[ IoU=0.50:0.95 | area=   all | maxDets=100 ] = 0.246
 Average Recall     (AR) @[ IoU=0.50:0.95 | area= small | maxDets=100 ] = -1.000
 Average Recall     (AR) @[ IoU=0.50:0.95 | area=medium | maxDets=100 ] = 0.236
 Average Recall     (AR) @[ IoU=0.50:0.95 | area= large | maxDets=100 ] = 0.258
[I 2026-02-23 13:46:06,913] Trial 177 finished with value: 0.3088374619400977 and parameters: {'alpha': 2.100162597349139, 'std_bias': 4.42074717691302, 'opening_size': 5, 'closing_size': 15, 'dilate_size': 7, 'remove_small_blobs': 574, 'area_min': 1550, 'area_max': 113751, 'aspect_ratio_min': 0.2054330381777411, 'aspect_ratio_max': 4.279821820295219, 'fill_ratio_min': 0.24093799148209544, 'merge_distance': 27}. Best is trial 106 with value: 0.34930707775950676.
creating index...
index created!
Loading and preparing results...
DONE (t=0.19s)
creating index...
index created!
Running per image evaluation...
Evaluate annotation type *bbox*
DONE (t=1.80s).
Accumulating evaluation results...
DONE (t=0.29s).
 Average Precision  (AP) @[ IoU=0.50:0.95 | area=   all | maxDets=100 ] = 0.157
 Average Precision  (AP) @[ IoU=0.50      | area=   all | maxDets=100 ] = 0.347
 Average Precision  (AP) @[ IoU=0.75      | area=   all | maxDets=100 ] = 0.119
 Average Precision  (AP) @[ IoU=0.50:0.95 | area= small | maxDets=100 ] = -1.000
 Average Precision  (AP) @[ IoU=0.50:0.95 | area=medium | maxDets=100 ] = 0.037
 Average Precision  (AP) @[ IoU=0.50:0.95 | area= large | maxDets=100 ] = 0.296
 Average Recall     (AR) @[ IoU=0.50:0.95 | area=   all | maxDets=  1 ] = 0.125
 Average Recall     (AR) @[ IoU=0.50:0.95 | area=   all | maxDets= 10 ] = 0.228
 Average Recall     (AR) @[ IoU=0.50:0.95 | area=   all | maxDets=100 ] = 0.228
 Average Recall     (AR) @[ IoU=0.50:0.95 | area= small | maxDets=100 ] = -1.000
 Average Recall     (AR) @[ IoU=0.50:0.95 | area=medium | maxDets=100 ] = 0.098
 Average Recall     (AR) @[ IoU=0.50:0.95 | area= large | maxDets=100 ] = 0.378
[I 2026-02-23 13:49:50,198] Trial 186 finished with value: 0.3472601340256369 and parameters: {'alpha': 2.953618141139213, 'std_bias': 4.878053079598619, 'opening_size': 5, 'closing_size': 15, 'dilate_size': 7, 'remove_small_blobs': 588, 'area_min': 1504, 'area_max': 108420, 'aspect_ratio_min': 0.245255774466722, 'aspect_ratio_max': 4.5664046681234005, 'fill_ratio_min': 0.2436932673640838, 'merge_distance': 25}. Best is trial 106 with value: 0.34930707775950676.
creating index...
index created!
Loading and preparing results...
DONE (t=0.02s)
creating index...
index created!
Running per image evaluation...
Evaluate annotation type *bbox*
DONE (t=1.99s).
Accumulating evaluation results...
DONE (t=0.30s).
 Average Precision  (AP) @[ IoU=0.50:0.95 | area=   all | maxDets=100 ] = 0.151
 Average Precision  (AP) @[ IoU=0.50      | area=   all | maxDets=100 ] = 0.318
 Average Precision  (AP) @[ IoU=0.75      | area=   all | maxDets=100 ] = 0.122
 Average Precision  (AP) @[ IoU=0.50:0.95 | area= small | maxDets=100 ] = -1.000
 Average Precision  (AP) @[ IoU=0.50:0.95 | area=medium | maxDets=100 ] = 0.021
 Average Precision  (AP) @[ IoU=0.50:0.95 | area= large | maxDets=100 ] = 0.306
 Average Recall     (AR) @[ IoU=0.50:0.95 | area=   all | maxDets=  1 ] = 0.126
 Average Recall     (AR) @[ IoU=0.50:0.95 | area=   all | maxDets= 10 ] = 0.217
 Average Recall     (AR) @[ IoU=0.50:0.95 | area=   all | maxDets=100 ] = 0.217
 Average Recall     (AR) @[ IoU=0.50:0.95 | area= small | maxDets=100 ] = -1.000
 Average Recall     (AR) @[ IoU=0.50:0.95 | area=medium | maxDets=100 ] = 0.064
 Average Recall     (AR) @[ IoU=0.50:0.95 | area= large | maxDets=100 ] = 0.395
[I 2026-02-23 13:53:24,281] Trial 193 finished with value: 0.31828325074509467 and parameters: {'alpha': 3.262643672327935, 'std_bias': 4.745348601692331, 'opening_size': 5, 'closing_size': 15, 'dilate_size': 7, 'remove_small_blobs': 557, 'area_min': 1509, 'area_max': 104572, 'aspect_ratio_min': 0.23952341060875917, 'aspect_ratio_max': 5.063043356089484, 'fill_ratio_min': 0.2487973785075671, 'merge_distance': 26}. Best is trial 106 with value: 0.34930707775950676.Best trial: 106. Best value: 0.349307:  96%|█████████▌| 24/25 [1:40:56<03:58, 238.83s/it]Best trial: 106. Best value: 0.349307:  96%|█████████▌| 24/25 [1:40:56<03:58, 238.83s/it]Best trial: 106. Best value: 0.349307: 100%|██████████| 25/25 [1:40:56<00:00, 231.41s/it]Best trial: 106. Best value: 0.349307: 100%|██████████| 25/25 [1:40:56<00:00, 242.25s/it]


================================================================================
OPTIMIZATION COMPLETE
================================================================================

Best AP50: 0.3493

Best hyperparameters:
  alpha: 2.840026271930218
  std_bias: 4.769977313430562
  opening_size: 5
  closing_size: 15
  dilate_size: 9
  remove_small_blobs: 632
  area_min: 1550
  area_max: 109499
  aspect_ratio_min: 0.22118807684047892
  aspect_ratio_max: 4.474026431574192
  fill_ratio_min: 0.20821692159573382
  merge_distance: 28

Total trials completed: 200
Results saved to: optuna_still_no_temporal.db

To visualize results, use optuna-dashboard:
  optuna-dashboard sqlite:///optuna_still_no_temporal.db
