[I 2026-02-23 15:26:12,803] Trial 155 finished with value: 0.2754956980024941 and parameters: {'alpha': 4.770678059200722, 'std_bias': 3.501693406858606, 'opening_size': 3, 'closing_size': 5, 'dilate_size': 5, 'remove_small_blobs': 250, 'area_min': 1447, 'area_max': 121285, 'aspect_ratio_min': 0.1442980544931907, 'aspect_ratio_max': 7.043966857694114, 'fill_ratio_min': 0.26849163998148606, 'n_frames': 2, 'temporal_threshold': 0.4780945967943295, 'merge_distance': 15}. Best is trial 101 with value: 0.35127376327781606.Best trial: 101. Best value: 0.351274:  76%|███████▌  | 19/25 [1:29:46<28:21, 283.51s/it]Best trial: 101. Best value: 0.351274:  76%|███████▌  | 19/25 [1:29:46<28:21, 283.51s/it]Best trial: 101. Best value: 0.351274:  80%|████████  | 20/25 [1:29:46<23:16, 279.22s/it]                                                                                         Best trial: 101. Best value: 0.351274:  80%|████████  | 20/25 [1:34:16<23:16, 279.22s/it]Best trial: 101. Best value: 0.351274:  80%|████████  | 20/25 [1:34:16<23:16, 279.22s/it]Best trial: 101. Best value: 0.351274:  84%|████████▍ | 21/25 [1:34:16<18:25, 276.39s/it]                                                                                         Best trial: 101. Best value: 0.351274:  84%|████████▍ | 21/25 [1:38:35<18:25, 276.39s/it]Best trial: 169. Best value: 0.35257:  84%|████████▍ | 21/25 [1:38:35<18:25, 276.39s/it] Best trial: 169. Best value: 0.35257:  88%|████████▊ | 22/25 [1:38:35<13:33, 271.13s/it]                                                                                        Best trial: 169. Best value: 0.35257:  88%|████████▊ | 22/25 [1:42:34<13:33, 271.13s/it]Best trial: 172. Best value: 0.353745:  88%|████████▊ | 22/25 [1:42:34<13:33, 271.13s/it]Best trial: 172. Best value: 0.353745:  92%|█████████▏| 23/25 [1:42:34<08:42, 261.44s/it]                                                                                         Best trial: 172. Best value: 0.353745:  92%|█████████▏| 23/25 [1:46:53<08:42, 261.44s/it]Best trial: 172. Best value: 0.353745:  92%|█████████▏| 23/25 [1:46:53<08:42, 261.44s/it]Best trial: 172. Best value: 0.353745:  96%|█████████▌| 24/25 [1:46:53<04:20, 260.77s/it]                                                                                         
creating index...
index created!
Loading and preparing results...
DONE (t=0.23s)
creating index...
index created!
Running per image evaluation...
Evaluate annotation type *bbox*
DONE (t=1.96s).
Accumulating evaluation results...
DONE (t=0.27s).
 Average Precision  (AP) @[ IoU=0.50:0.95 | area=   all | maxDets=100 ] = 0.154
 Average Precision  (AP) @[ IoU=0.50      | area=   all | maxDets=100 ] = 0.275
 Average Precision  (AP) @[ IoU=0.75      | area=   all | maxDets=100 ] = 0.151
 Average Precision  (AP) @[ IoU=0.50:0.95 | area= small | maxDets=100 ] = -1.000
 Average Precision  (AP) @[ IoU=0.50:0.95 | area=medium | maxDets=100 ] = 0.006
 Average Precision  (AP) @[ IoU=0.50:0.95 | area= large | maxDets=100 ] = 0.354
 Average Recall     (AR) @[ IoU=0.50:0.95 | area=   all | maxDets=  1 ] = 0.142
 Average Recall     (AR) @[ IoU=0.50:0.95 | area=   all | maxDets= 10 ] = 0.225
 Average Recall     (AR) @[ IoU=0.50:0.95 | area=   all | maxDets=100 ] = 0.225
 Average Recall     (AR) @[ IoU=0.50:0.95 | area= small | maxDets=100 ] = -1.000
 Average Recall     (AR) @[ IoU=0.50:0.95 | area=medium | maxDets=100 ] = 0.031
 Average Recall     (AR) @[ IoU=0.50:0.95 | area= large | maxDets=100 ] = 0.449
[I 2026-02-23 15:30:42,608] Trial 163 finished with value: 0.2751358749336471 and parameters: {'alpha': 4.374931955624955, 'std_bias': 3.5239015531024016, 'opening_size': 3, 'closing_size': 3, 'dilate_size': 5, 'remove_small_blobs': 325, 'area_min': 1478, 'area_max': 147340, 'aspect_ratio_min': 0.12725297086233558, 'aspect_ratio_max': 7.302903765591593, 'fill_ratio_min': 0.25363041460444263, 'n_frames': 2, 'temporal_threshold': 0.38402802424346, 'merge_distance': 12}. Best is trial 101 with value: 0.35127376327781606.
creating index...
index created!
Loading and preparing results...
DONE (t=0.01s)
creating index...
index created!
Running per image evaluation...
Evaluate annotation type *bbox*
DONE (t=2.12s).
Accumulating evaluation results...
DONE (t=0.32s).
 Average Precision  (AP) @[ IoU=0.50:0.95 | area=   all | maxDets=100 ] = 0.176
 Average Precision  (AP) @[ IoU=0.50      | area=   all | maxDets=100 ] = 0.335
 Average Precision  (AP) @[ IoU=0.75      | area=   all | maxDets=100 ] = 0.167
 Average Precision  (AP) @[ IoU=0.50:0.95 | area= small | maxDets=100 ] = -1.000
 Average Precision  (AP) @[ IoU=0.50:0.95 | area=medium | maxDets=100 ] = 0.036
 Average Precision  (AP) @[ IoU=0.50:0.95 | area= large | maxDets=100 ] = 0.346
 Average Recall     (AR) @[ IoU=0.50:0.95 | area=   all | maxDets=  1 ] = 0.134
 Average Recall     (AR) @[ IoU=0.50:0.95 | area=   all | maxDets= 10 ] = 0.255
 Average Recall     (AR) @[ IoU=0.50:0.95 | area=   all | maxDets=100 ] = 0.255
 Average Recall     (AR) @[ IoU=0.50:0.95 | area= small | maxDets=100 ] = -1.000
 Average Recall     (AR) @[ IoU=0.50:0.95 | area=medium | maxDets=100 ] = 0.089
 Average Recall     (AR) @[ IoU=0.50:0.95 | area= large | maxDets=100 ] = 0.448
[I 2026-02-23 15:35:01,458] Trial 171 finished with value: 0.3354293998233023 and parameters: {'alpha': 4.643225212721867, 'std_bias': 3.2692389540250284, 'opening_size': 3, 'closing_size': 20, 'dilate_size': 5, 'remove_small_blobs': 274, 'area_min': 1543, 'area_max': 142217, 'aspect_ratio_min': 0.13520753554723608, 'aspect_ratio_max': 12.671353424708485, 'fill_ratio_min': 0.23419837619143377, 'n_frames': 2, 'temporal_threshold': 0.49453397385842546, 'merge_distance': 17}. Best is trial 169 with value: 0.3525701249879627.
creating index...
index created!
Loading and preparing results...
DONE (t=0.01s)
creating index...
index created!
Running per image evaluation...
Evaluate annotation type *bbox*
DONE (t=1.71s).
Accumulating evaluation results...
DONE (t=0.29s).
 Average Precision  (AP) @[ IoU=0.50:0.95 | area=   all | maxDets=100 ] = 0.082
 Average Precision  (AP) @[ IoU=0.50      | area=   all | maxDets=100 ] = 0.194
 Average Precision  (AP) @[ IoU=0.75      | area=   all | maxDets=100 ] = 0.066
 Average Precision  (AP) @[ IoU=0.50:0.95 | area= small | maxDets=100 ] = -1.000
 Average Precision  (AP) @[ IoU=0.50:0.95 | area=medium | maxDets=100 ] = 0.001
 Average Precision  (AP) @[ IoU=0.50:0.95 | area= large | maxDets=100 ] = 0.219
 Average Recall     (AR) @[ IoU=0.50:0.95 | area=   all | maxDets=  1 ] = 0.095
 Average Recall     (AR) @[ IoU=0.50:0.95 | area=   all | maxDets= 10 ] = 0.154
 Average Recall     (AR) @[ IoU=0.50:0.95 | area=   all | maxDets=100 ] = 0.154
 Average Recall     (AR) @[ IoU=0.50:0.95 | area= small | maxDets=100 ] = -1.000
 Average Recall     (AR) @[ IoU=0.50:0.95 | area=medium | maxDets=100 ] = 0.008
 Average Recall     (AR) @[ IoU=0.50:0.95 | area= large | maxDets=100 ] = 0.323
[I 2026-02-23 15:39:00,274] Trial 179 finished with value: 0.19388054721130413 and parameters: {'alpha': 4.624622212085892, 'std_bias': 3.8041969651044982, 'opening_size': 7, 'closing_size': 20, 'dilate_size': 5, 'remove_small_blobs': 251, 'area_min': 1573, 'area_max': 116063, 'aspect_ratio_min': 0.1338424425971912, 'aspect_ratio_max': 13.213650492914367, 'fill_ratio_min': 0.20081016415454475, 'n_frames': 2, 'temporal_threshold': 0.3240891788368392, 'merge_distance': 17}. Best is trial 172 with value: 0.3537450675064908.
creating index...
index created!
Loading and preparing results...
DONE (t=0.02s)
creating index...
index created!
Running per image evaluation...
Evaluate annotation type *bbox*
DONE (t=2.06s).
Accumulating evaluation results...
DONE (t=0.37s).
 Average Precision  (AP) @[ IoU=0.50:0.95 | area=   all | maxDets=100 ] = 0.182
 Average Precision  (AP) @[ IoU=0.50      | area=   all | maxDets=100 ] = 0.352
 Average Precision  (AP) @[ IoU=0.75      | area=   all | maxDets=100 ] = 0.168
 Average Precision  (AP) @[ IoU=0.50:0.95 | area= small | maxDets=100 ] = -1.000
 Average Precision  (AP) @[ IoU=0.50:0.95 | area=medium | maxDets=100 ] = 0.049
 Average Precision  (AP) @[ IoU=0.50:0.95 | area= large | maxDets=100 ] = 0.341
 Average Recall     (AR) @[ IoU=0.50:0.95 | area=   all | maxDets=  1 ] = 0.139
 Average Recall     (AR) @[ IoU=0.50:0.95 | area=   all | maxDets= 10 ] = 0.269
 Average Recall     (AR) @[ IoU=0.50:0.95 | area=   all | maxDets=100 ] = 0.269
 Average Recall     (AR) @[ IoU=0.50:0.95 | area= small | maxDets=100 ] = -1.000
 Average Recall     (AR) @[ IoU=0.50:0.95 | area=medium | maxDets=100 ] = 0.115
 Average Recall     (AR) @[ IoU=0.50:0.95 | area= large | maxDets=100 ] = 0.447
[I 2026-02-23 15:43:19,500] Trial 185 finished with value: 0.3522478910814242 and parameters: {'alpha': 4.26437751741206, 'std_bias': 3.7594866643987475, 'opening_size': 3, 'closing_size': 20, 'dilate_size': 5, 'remove_small_blobs': 312, 'area_min': 1539, 'area_max': 145275, 'aspect_ratio_min': 0.14102182291061474, 'aspect_ratio_max': 13.214892531026848, 'fill_ratio_min': 0.22937661587344857, 'n_frames': 2, 'temporal_threshold': 0.49222640292424025, 'merge_distance': 19}. Best is trial 172 with value: 0.3537450675064908.
creating index...
index created!
Loading and preparing results...
DONE (t=0.01s)
creating index...
index created!
Running per image evaluation...
Evaluate annotation type *bbox*
DONE (t=1.86s).
Accumulating evaluation results...
DONE (t=0.51s).
 Average Precision  (AP) @[ IoU=0.50:0.95 | area=   all | maxDets=100 ] = 0.191
 Average Precision  (AP) @[ IoU=0.50      | area=   all | maxDets=100 ] = 0.337
 Average Precision  (AP) @[ IoU=0.75      | area=   all | maxDets=100 ] = 0.193
 Average Precision  (AP) @[ IoU=0.50:0.95 | area= small | maxDets=100 ] = -1.000
 Average Precision  (AP) @[ IoU=0.50:0.95 | area=medium | maxDets=100 ] = 0.030
 Average Precision  (AP) @[ IoU=0.50:0.95 | area= large | maxDets=100 ] = 0.387
 Average Recall     (AR) @[ IoU=0.50:0.95 | area=   all | maxDets=  1 ] = 0.143
 Average Recall     (AR) @[ IoU=0.50:0.95 | area=   all | maxDets= 10 ] = 0.260
 Average Recall     (AR) @[ IoU=0.50:0.95 | area=   all | maxDets=100 ] = 0.260
 Average Recall     (AR) @[ IoU=0.50:0.95 | area= small | maxDets=100 ] = -1.000
 Average Recall     (AR) @[ IoU=0.50:0.95 | area=medium | maxDets=100 ] = 0.065
 Average Recall     (AR) @[ IoU=0.50:0.95 | area= large | maxDets=100 ] = 0.487
[I 2026-02-23 15:47:14,078] Trial 193 finished with value: 0.3368820354087152 and parameters: {'alpha': 4.8699014394689195, 'std_bias': 3.701358978965347, 'opening_size': 3, 'closing_size': 20, 'dilate_size': 5, 'remove_small_blobs': 378, 'area_min': 1627, 'area_max': 145360, 'aspect_ratio_min': 0.12500757374595092, 'aspect_ratio_max': 13.720029223324614, 'fill_ratio_min': 0.1957784051232067, 'n_frames': 2, 'temporal_threshold': 0.46710866758433456, 'merge_distance': 20}. Best is trial 172 with value: 0.3537450675064908.Best trial: 172. Best value: 0.353745:  96%|█████████▌| 24/25 [1:50:47<04:20, 260.77s/it]Best trial: 172. Best value: 0.353745:  96%|█████████▌| 24/25 [1:50:47<04:20, 260.77s/it]Best trial: 172. Best value: 0.353745: 100%|██████████| 25/25 [1:50:47<00:00, 252.91s/it]Best trial: 172. Best value: 0.353745: 100%|██████████| 25/25 [1:50:47<00:00, 265.91s/it]


================================================================================
OPTIMIZATION COMPLETE
================================================================================

Best AP50: 0.3537

Best hyperparameters:
  alpha: 4.049088355666574
  std_bias: 3.7680655357242996
  opening_size: 3
  closing_size: 20
  dilate_size: 5
  remove_small_blobs: 288
  area_min: 1540
  area_max: 143124
  aspect_ratio_min: 0.13507964293428992
  aspect_ratio_max: 13.066208281183668
  fill_ratio_min: 0.21296140430694807
  n_frames: 2
  temporal_threshold: 0.4929262041892487
  merge_distance: 16

Total trials completed: 198
Results saved to: optuna_still_with_temporal.db

To visualize results, use optuna-dashboard:
  optuna-dashboard sqlite:///optuna_still_with_temporal.db
