[I 2026-02-23 15:27:25,269] Trial 156 finished with value: 0.32587766732883444 and parameters: {'alpha': 4.7724477819971245, 'std_bias': 3.1304014744250157, 'opening_size': 3, 'closing_size': 20, 'dilate_size': 5, 'remove_small_blobs': 323, 'area_min': 1512, 'area_max': 143031, 'aspect_ratio_min': 0.1103470288776524, 'aspect_ratio_max': 14.392734815059635, 'fill_ratio_min': 0.23025694381538608, 'n_frames': 2, 'temporal_threshold': 0.48242037240518043, 'merge_distance': 15}. Best is trial 101 with value: 0.35127376327781606.Best trial: 101. Best value: 0.351274:  76%|███████▌  | 19/25 [1:31:09<28:31, 285.26s/it]Best trial: 101. Best value: 0.351274:  76%|███████▌  | 19/25 [1:31:09<28:31, 285.26s/it]Best trial: 101. Best value: 0.351274:  80%|████████  | 20/25 [1:31:09<23:03, 276.67s/it]                                                                                         Best trial: 101. Best value: 0.351274:  80%|████████  | 20/25 [1:35:31<23:03, 276.67s/it]Best trial: 101. Best value: 0.351274:  80%|████████  | 20/25 [1:35:31<23:03, 276.67s/it]Best trial: 101. Best value: 0.351274:  84%|████████▍ | 21/25 [1:35:31<18:09, 272.31s/it]                                                                                         Best trial: 101. Best value: 0.351274:  84%|████████▍ | 21/25 [1:39:59<18:09, 272.31s/it]Best trial: 172. Best value: 0.353745:  84%|████████▍ | 21/25 [1:39:59<18:09, 272.31s/it]Best trial: 172. Best value: 0.353745:  88%|████████▊ | 22/25 [1:39:59<13:33, 271.13s/it]                                                                                         Best trial: 172. Best value: 0.353745:  88%|████████▊ | 22/25 [1:44:06<13:33, 271.13s/it]Best trial: 172. Best value: 0.353745:  88%|████████▊ | 22/25 [1:44:06<13:33, 271.13s/it]Best trial: 172. Best value: 0.353745:  92%|█████████▏| 23/25 [1:44:06<08:47, 263.97s/it]                                                                                         Best trial: 172. Best value: 0.353745:  92%|█████████▏| 23/25 [1:48:16<08:47, 263.97s/it]Best trial: 172. Best value: 0.353745:  92%|█████████▏| 23/25 [1:48:16<08:47, 263.97s/it]Best trial: 172. Best value: 0.353745:  96%|█████████▌| 24/25 [1:48:16<04:19, 259.69s/it]                                                                                         
creating index...
index created!
Loading and preparing results...
DONE (t=0.02s)
creating index...
index created!
Running per image evaluation...
Evaluate annotation type *bbox*
DONE (t=2.20s).
Accumulating evaluation results...
DONE (t=0.38s).
 Average Precision  (AP) @[ IoU=0.50:0.95 | area=   all | maxDets=100 ] = 0.175
 Average Precision  (AP) @[ IoU=0.50      | area=   all | maxDets=100 ] = 0.347
 Average Precision  (AP) @[ IoU=0.75      | area=   all | maxDets=100 ] = 0.158
 Average Precision  (AP) @[ IoU=0.50:0.95 | area= small | maxDets=100 ] = -1.000
 Average Precision  (AP) @[ IoU=0.50:0.95 | area=medium | maxDets=100 ] = 0.044
 Average Precision  (AP) @[ IoU=0.50:0.95 | area= large | maxDets=100 ] = 0.333
 Average Recall     (AR) @[ IoU=0.50:0.95 | area=   all | maxDets=  1 ] = 0.137
 Average Recall     (AR) @[ IoU=0.50:0.95 | area=   all | maxDets= 10 ] = 0.263
 Average Recall     (AR) @[ IoU=0.50:0.95 | area=   all | maxDets=100 ] = 0.263
 Average Recall     (AR) @[ IoU=0.50:0.95 | area= small | maxDets=100 ] = -1.000
 Average Recall     (AR) @[ IoU=0.50:0.95 | area=medium | maxDets=100 ] = 0.113
 Average Recall     (AR) @[ IoU=0.50:0.95 | area= large | maxDets=100 ] = 0.438
[I 2026-02-23 15:31:47,420] Trial 164 finished with value: 0.34700944366810127 and parameters: {'alpha': 4.376209224774389, 'std_bias': 3.488922651302635, 'opening_size': 3, 'closing_size': 20, 'dilate_size': 5, 'remove_small_blobs': 304, 'area_min': 1477, 'area_max': 147337, 'aspect_ratio_min': 0.17033398543103007, 'aspect_ratio_max': 7.2457898073116835, 'fill_ratio_min': 0.2523471504491678, 'n_frames': 2, 'temporal_threshold': 0.3605269877935931, 'merge_distance': 12}. Best is trial 101 with value: 0.35127376327781606.
creating index...
index created!
Loading and preparing results...
DONE (t=0.03s)
creating index...
index created!
Running per image evaluation...
Evaluate annotation type *bbox*
DONE (t=2.41s).
Accumulating evaluation results...
DONE (t=0.36s).
 Average Precision  (AP) @[ IoU=0.50:0.95 | area=   all | maxDets=100 ] = 0.178
 Average Precision  (AP) @[ IoU=0.50      | area=   all | maxDets=100 ] = 0.354
 Average Precision  (AP) @[ IoU=0.75      | area=   all | maxDets=100 ] = 0.163
 Average Precision  (AP) @[ IoU=0.50:0.95 | area= small | maxDets=100 ] = -1.000
 Average Precision  (AP) @[ IoU=0.50:0.95 | area=medium | maxDets=100 ] = 0.058
 Average Precision  (AP) @[ IoU=0.50:0.95 | area= large | maxDets=100 ] = 0.320
 Average Recall     (AR) @[ IoU=0.50:0.95 | area=   all | maxDets=  1 ] = 0.137
 Average Recall     (AR) @[ IoU=0.50:0.95 | area=   all | maxDets= 10 ] = 0.274
 Average Recall     (AR) @[ IoU=0.50:0.95 | area=   all | maxDets=100 ] = 0.274
 Average Recall     (AR) @[ IoU=0.50:0.95 | area= small | maxDets=100 ] = -1.000
 Average Recall     (AR) @[ IoU=0.50:0.95 | area=medium | maxDets=100 ] = 0.140
 Average Recall     (AR) @[ IoU=0.50:0.95 | area= large | maxDets=100 ] = 0.429
[I 2026-02-23 15:36:15,766] Trial 172 finished with value: 0.3537450675064908 and parameters: {'alpha': 4.049088355666574, 'std_bias': 3.7680655357242996, 'opening_size': 3, 'closing_size': 20, 'dilate_size': 5, 'remove_small_blobs': 288, 'area_min': 1540, 'area_max': 143124, 'aspect_ratio_min': 0.13507964293428992, 'aspect_ratio_max': 13.066208281183668, 'fill_ratio_min': 0.21296140430694807, 'n_frames': 2, 'temporal_threshold': 0.4929262041892487, 'merge_distance': 16}. Best is trial 172 with value: 0.3537450675064908.
creating index...
index created!
Loading and preparing results...
DONE (t=0.02s)
creating index...
index created!
Running per image evaluation...
Evaluate annotation type *bbox*
DONE (t=1.84s).
Accumulating evaluation results...
DONE (t=0.30s).
 Average Precision  (AP) @[ IoU=0.50:0.95 | area=   all | maxDets=100 ] = 0.060
 Average Precision  (AP) @[ IoU=0.50      | area=   all | maxDets=100 ] = 0.147
 Average Precision  (AP) @[ IoU=0.75      | area=   all | maxDets=100 ] = 0.047
 Average Precision  (AP) @[ IoU=0.50:0.95 | area= small | maxDets=100 ] = -1.000
 Average Precision  (AP) @[ IoU=0.50:0.95 | area=medium | maxDets=100 ] = 0.001
 Average Precision  (AP) @[ IoU=0.50:0.95 | area= large | maxDets=100 ] = 0.168
 Average Recall     (AR) @[ IoU=0.50:0.95 | area=   all | maxDets=  1 ] = 0.080
 Average Recall     (AR) @[ IoU=0.50:0.95 | area=   all | maxDets= 10 ] = 0.136
 Average Recall     (AR) @[ IoU=0.50:0.95 | area=   all | maxDets=100 ] = 0.136
 Average Recall     (AR) @[ IoU=0.50:0.95 | area= small | maxDets=100 ] = -1.000
 Average Recall     (AR) @[ IoU=0.50:0.95 | area=medium | maxDets=100 ] = 0.005
 Average Recall     (AR) @[ IoU=0.50:0.95 | area= large | maxDets=100 ] = 0.287
[I 2026-02-23 15:40:23,049] Trial 180 finished with value: 0.14676022656655827 and parameters: {'alpha': 4.638785025366308, 'std_bias': 3.8011274141935876, 'opening_size': 7, 'closing_size': 9, 'dilate_size': 5, 'remove_small_blobs': 252, 'area_min': 1564, 'area_max': 142340, 'aspect_ratio_min': 0.13532019427348704, 'aspect_ratio_max': 13.319459181933158, 'fill_ratio_min': 0.19698560325235207, 'n_frames': 2, 'temporal_threshold': 0.32188387386793305, 'merge_distance': 17}. Best is trial 172 with value: 0.3537450675064908.
creating index...
index created!
Loading and preparing results...
DONE (t=0.02s)
creating index...
index created!
Running per image evaluation...
Evaluate annotation type *bbox*
DONE (t=2.16s).
Accumulating evaluation results...
DONE (t=0.31s).
 Average Precision  (AP) @[ IoU=0.50:0.95 | area=   all | maxDets=100 ] = 0.171
 Average Precision  (AP) @[ IoU=0.50      | area=   all | maxDets=100 ] = 0.340
 Average Precision  (AP) @[ IoU=0.75      | area=   all | maxDets=100 ] = 0.158
 Average Precision  (AP) @[ IoU=0.50:0.95 | area= small | maxDets=100 ] = -1.000
 Average Precision  (AP) @[ IoU=0.50:0.95 | area=medium | maxDets=100 ] = 0.030
 Average Precision  (AP) @[ IoU=0.50:0.95 | area= large | maxDets=100 ] = 0.342
 Average Recall     (AR) @[ IoU=0.50:0.95 | area=   all | maxDets=  1 ] = 0.130
 Average Recall     (AR) @[ IoU=0.50:0.95 | area=   all | maxDets= 10 ] = 0.241
 Average Recall     (AR) @[ IoU=0.50:0.95 | area=   all | maxDets=100 ] = 0.241
 Average Recall     (AR) @[ IoU=0.50:0.95 | area= small | maxDets=100 ] = -1.000
 Average Recall     (AR) @[ IoU=0.50:0.95 | area=medium | maxDets=100 ] = 0.073
 Average Recall     (AR) @[ IoU=0.50:0.95 | area= large | maxDets=100 ] = 0.435
[I 2026-02-23 15:44:32,749] Trial 188 finished with value: 0.3399197223624923 and parameters: {'alpha': 4.89763037612879, 'std_bias': 3.688927743338821, 'opening_size': 3, 'closing_size': 20, 'dilate_size': 5, 'remove_small_blobs': 300, 'area_min': 1516, 'area_max': 145109, 'aspect_ratio_min': 0.141282676065681, 'aspect_ratio_max': 13.029963936365586, 'fill_ratio_min': 0.2234432632242082, 'n_frames': 2, 'temporal_threshold': 0.3331609297846015, 'merge_distance': 19}. Best is trial 172 with value: 0.3537450675064908.
creating index...
index created!
Loading and preparing results...
DONE (t=0.16s)
creating index...
index created!
Running per image evaluation...
Evaluate annotation type *bbox*
DONE (t=1.52s).
Accumulating evaluation results...
DONE (t=0.28s).
 Average Precision  (AP) @[ IoU=0.50:0.95 | area=   all | maxDets=100 ] = 0.195
 Average Precision  (AP) @[ IoU=0.50      | area=   all | maxDets=100 ] = 0.342
 Average Precision  (AP) @[ IoU=0.75      | area=   all | maxDets=100 ] = 0.195
 Average Precision  (AP) @[ IoU=0.50:0.95 | area= small | maxDets=100 ] = -1.000
 Average Precision  (AP) @[ IoU=0.50:0.95 | area=medium | maxDets=100 ] = 0.026
 Average Precision  (AP) @[ IoU=0.50:0.95 | area= large | maxDets=100 ] = 0.406
 Average Recall     (AR) @[ IoU=0.50:0.95 | area=   all | maxDets=  1 ] = 0.148
 Average Recall     (AR) @[ IoU=0.50:0.95 | area=   all | maxDets= 10 ] = 0.264
 Average Recall     (AR) @[ IoU=0.50:0.95 | area=   all | maxDets=100 ] = 0.264
 Average Recall     (AR) @[ IoU=0.50:0.95 | area= small | maxDets=100 ] = -1.000
 Average Recall     (AR) @[ IoU=0.50:0.95 | area=medium | maxDets=100 ] = 0.059
 Average Recall     (AR) @[ IoU=0.50:0.95 | area= large | maxDets=100 ] = 0.503
[I 2026-02-23 15:48:17,237] Trial 195 finished with value: 0.3419526241599805 and parameters: {'alpha': 4.949012584389539, 'std_bias': 3.934941561123756, 'opening_size': 3, 'closing_size': 20, 'dilate_size': 5, 'remove_small_blobs': 354, 'area_min': 1493, 'area_max': 144927, 'aspect_ratio_min': 0.1413947349528743, 'aspect_ratio_max': 14.150792451988682, 'fill_ratio_min': 0.1957930899242062, 'n_frames': 2, 'temporal_threshold': 0.4989223763601008, 'merge_distance': 21}. Best is trial 172 with value: 0.3537450675064908.Best trial: 172. Best value: 0.353745:  96%|█████████▌| 24/25 [1:52:01<04:19, 259.69s/it]Best trial: 172. Best value: 0.353745:  96%|█████████▌| 24/25 [1:52:01<04:19, 259.69s/it]Best trial: 172. Best value: 0.353745: 100%|██████████| 25/25 [1:52:01<00:00, 249.12s/it]Best trial: 172. Best value: 0.353745: 100%|██████████| 25/25 [1:52:01<00:00, 268.85s/it]


================================================================================
OPTIMIZATION COMPLETE
================================================================================

Best AP50: 0.3537

Best hyperparameters:
  alpha: 4.049088355666574
  std_bias: 3.7680655357242996
  opening_size: 3
  closing_size: 20
  dilate_size: 5
  remove_small_blobs: 288
  area_min: 1540
  area_max: 143124
  aspect_ratio_min: 0.13507964293428992
  aspect_ratio_max: 13.066208281183668
  fill_ratio_min: 0.21296140430694807
  n_frames: 2
  temporal_threshold: 0.4929262041892487
  merge_distance: 16

Total trials completed: 199
Results saved to: optuna_still_with_temporal.db

To visualize results, use optuna-dashboard:
  optuna-dashboard sqlite:///optuna_still_with_temporal.db
