[I 2026-02-23 12:12:32,604] Using an existing study with name 'still_no_temporal' instead of creating a new one.
Loading annotations and video...
Starting optimization for study 'still_no_temporal'
Using temporal detector: False
Database: optuna_still_no_temporal.db
Number of trials: 25

To run in parallel, execute this same command in multiple terminals.
--------------------------------------------------------------------------------
  0%|          | 0/25 [00:00<?, ?it/s]                                        0%|          | 0/25 [03:26<?, ?it/s]Best trial: 4. Best value: 0.27257:   0%|          | 0/25 [03:26<?, ?it/s]Best trial: 4. Best value: 0.27257:   4%|▍         | 1/25 [03:26<1:22:33, 206.39s/it]                                                                                     Best trial: 4. Best value: 0.27257:   4%|▍         | 1/25 [08:21<1:22:33, 206.39s/it]Best trial: 4. Best value: 0.27257:   4%|▍         | 1/25 [08:21<1:22:33, 206.39s/it]Best trial: 4. Best value: 0.27257:   8%|▊         | 2/25 [08:21<1:39:12, 258.81s/it]                                                                                     Best trial: 4. Best value: 0.27257:   8%|▊         | 2/25 [11:31<1:39:12, 258.81s/it]Best trial: 4. Best value: 0.27257:   8%|▊         | 2/25 [11:31<1:39:12, 258.81s/it]Best trial: 4. Best value: 0.27257:  12%|█▏        | 3/25 [11:31<1:23:14, 227.01s/it]                                                                                     Best trial: 4. Best value: 0.27257:  12%|█▏        | 3/25 [16:01<1:23:14, 227.01s/it]Best trial: 25. Best value: 0.291943:  12%|█▏        | 3/25 [16:02<1:23:14, 227.01s/it]Best trial: 25. Best value: 0.291943:  16%|█▌        | 4/25 [16:02<1:25:31, 244.35s/it]                                                                                       creating index...
index created!
Loading and preparing results...
DONE (t=0.02s)
creating index...
index created!
Running per image evaluation...
Evaluate annotation type *bbox*
DONE (t=1.69s).
Accumulating evaluation results...
DONE (t=0.25s).
 Average Precision  (AP) @[ IoU=0.50:0.95 | area=   all | maxDets=100 ] = 0.123
 Average Precision  (AP) @[ IoU=0.50      | area=   all | maxDets=100 ] = 0.273
 Average Precision  (AP) @[ IoU=0.75      | area=   all | maxDets=100 ] = 0.089
 Average Precision  (AP) @[ IoU=0.50:0.95 | area= small | maxDets=100 ] = -1.000
 Average Precision  (AP) @[ IoU=0.50:0.95 | area=medium | maxDets=100 ] = 0.013
 Average Precision  (AP) @[ IoU=0.50:0.95 | area= large | maxDets=100 ] = 0.288
 Average Recall     (AR) @[ IoU=0.50:0.95 | area=   all | maxDets=  1 ] = 0.104
 Average Recall     (AR) @[ IoU=0.50:0.95 | area=   all | maxDets= 10 ] = 0.212
 Average Recall     (AR) @[ IoU=0.50:0.95 | area=   all | maxDets=100 ] = 0.212
 Average Recall     (AR) @[ IoU=0.50:0.95 | area= small | maxDets=100 ] = -1.000
 Average Recall     (AR) @[ IoU=0.50:0.95 | area=medium | maxDets=100 ] = 0.069
 Average Recall     (AR) @[ IoU=0.50:0.95 | area= large | maxDets=100 ] = 0.378
[I 2026-02-23 12:15:58,998] Trial 4 finished with value: 0.2725697418499596 and parameters: {'alpha': 2.966246578136631, 'std_bias': 4.576102802804801, 'opening_size': 5, 'closing_size': 9, 'dilate_size': 7, 'remove_small_blobs': 987, 'area_min': 659, 'area_max': 147880, 'aspect_ratio_min': 0.11211288777980957, 'aspect_ratio_max': 8.60319133845363, 'fill_ratio_min': 0.12383921859471769, 'merge_distance': 27}. Best is trial 4 with value: 0.2725697418499596.
creating index...
index created!
Loading and preparing results...
DONE (t=0.04s)
creating index...
index created!
Running per image evaluation...
Evaluate annotation type *bbox*
DONE (t=3.42s).
Accumulating evaluation results...
DONE (t=0.53s).
 Average Precision  (AP) @[ IoU=0.50:0.95 | area=   all | maxDets=100 ] = 0.013
 Average Precision  (AP) @[ IoU=0.50      | area=   all | maxDets=100 ] = 0.045
 Average Precision  (AP) @[ IoU=0.75      | area=   all | maxDets=100 ] = 0.005
 Average Precision  (AP) @[ IoU=0.50:0.95 | area= small | maxDets=100 ] = -1.000
 Average Precision  (AP) @[ IoU=0.50:0.95 | area=medium | maxDets=100 ] = 0.005
 Average Precision  (AP) @[ IoU=0.50:0.95 | area= large | maxDets=100 ] = 0.025
 Average Recall     (AR) @[ IoU=0.50:0.95 | area=   all | maxDets=  1 ] = 0.042
 Average Recall     (AR) @[ IoU=0.50:0.95 | area=   all | maxDets= 10 ] = 0.089
 Average Recall     (AR) @[ IoU=0.50:0.95 | area=   all | maxDets=100 ] = 0.091
 Average Recall     (AR) @[ IoU=0.50:0.95 | area= small | maxDets=100 ] = -1.000
 Average Recall     (AR) @[ IoU=0.50:0.95 | area=medium | maxDets=100 ] = 0.081
 Average Recall     (AR) @[ IoU=0.50:0.95 | area= large | maxDets=100 ] = 0.102
[I 2026-02-23 12:20:54,513] Trial 9 finished with value: 0.044834364900159726 and parameters: {'alpha': 2.012439925694347, 'std_bias': 0.2957843341332961, 'opening_size': 7, 'closing_size': 3, 'dilate_size': 7, 'remove_small_blobs': 652, 'area_min': 1324, 'area_max': 58933, 'aspect_ratio_min': 0.16643964514182308, 'aspect_ratio_max': 6.389771876402671, 'fill_ratio_min': 0.11102223386584452, 'merge_distance': 23}. Best is trial 4 with value: 0.2725697418499596.
creating index...
index created!
Loading and preparing results...
DONE (t=0.00s)
creating index...
index created!
Running per image evaluation...
Evaluate annotation type *bbox*
DONE (t=1.68s).
Accumulating evaluation results...
DONE (t=0.29s).
 Average Precision  (AP) @[ IoU=0.50:0.95 | area=   all | maxDets=100 ] = 0.073
 Average Precision  (AP) @[ IoU=0.50      | area=   all | maxDets=100 ] = 0.150
 Average Precision  (AP) @[ IoU=0.75      | area=   all | maxDets=100 ] = 0.061
 Average Precision  (AP) @[ IoU=0.50:0.95 | area= small | maxDets=100 ] = -1.000
 Average Precision  (AP) @[ IoU=0.50:0.95 | area=medium | maxDets=100 ] = 0.001
 Average Precision  (AP) @[ IoU=0.50:0.95 | area= large | maxDets=100 ] = 0.187
 Average Recall     (AR) @[ IoU=0.50:0.95 | area=   all | maxDets=  1 ] = 0.101
 Average Recall     (AR) @[ IoU=0.50:0.95 | area=   all | maxDets= 10 ] = 0.152
 Average Recall     (AR) @[ IoU=0.50:0.95 | area=   all | maxDets=100 ] = 0.152
 Average Recall     (AR) @[ IoU=0.50:0.95 | area= small | maxDets=100 ] = -1.000
 Average Recall     (AR) @[ IoU=0.50:0.95 | area=medium | maxDets=100 ] = 0.007
 Average Recall     (AR) @[ IoU=0.50:0.95 | area= large | maxDets=100 ] = 0.319
[I 2026-02-23 12:24:03,682] Trial 18 finished with value: 0.15025825454816957 and parameters: {'alpha': 5.419257324056246, 'std_bias': 4.986812210581495, 'opening_size': 5, 'closing_size': 9, 'dilate_size': 7, 'remove_small_blobs': 987, 'area_min': 1976, 'area_max': 112058, 'aspect_ratio_min': 0.23225864328828402, 'aspect_ratio_max': 10.012669247087006, 'fill_ratio_min': 0.182753990468436, 'merge_distance': 31}. Best is trial 4 with value: 0.2725697418499596.
creating index...
index created!
Loading and preparing results...
DONE (t=0.21s)
creating index...
index created!
Running per image evaluation...
Evaluate annotation type *bbox*
DONE (t=4.27s).
Accumulating evaluation results...
DONE (t=0.61s).
 Average Precision  (AP) @[ IoU=0.50:0.95 | area=   all | maxDets=100 ] = 0.038
 Average Precision  (AP) @[ IoU=0.50      | area=   all | maxDets=100 ] = 0.113
 Average Precision  (AP) @[ IoU=0.75      | area=   all | maxDets=100 ] = 0.019
 Average Precision  (AP) @[ IoU=0.50:0.95 | area= small | maxDets=100 ] = -1.000
 Average Precision  (AP) @[ IoU=0.50:0.95 | area=medium | maxDets=100 ] = 0.027
 Average Precision  (AP) @[ IoU=0.50:0.95 | area= large | maxDets=100 ] = 0.060
 Average Recall     (AR) @[ IoU=0.50:0.95 | area=   all | maxDets=  1 ] = 0.059
 Average Recall     (AR) @[ IoU=0.50:0.95 | area=   all | maxDets= 10 ] = 0.182
 Average Recall     (AR) @[ IoU=0.50:0.95 | area=   all | maxDets=100 ] = 0.182
 Average Recall     (AR) @[ IoU=0.50:0.95 | area= small | maxDets=100 ] = -1.000
 Average Recall     (AR) @[ IoU=0.50:0.95 | area=medium | maxDets=100 ] = 0.222
 Average Recall     (AR) @[ IoU=0.50:0.95 | area= large | maxDets=100 ] = 0.136
[I 2026-02-23 12:28:34,600] Trial 26 finished with value: 0.11275611834655418 and parameters: {'alpha': 2.706604911340623, 'std_bias': 2.7771015489131794, 'opening_size': 3, 'closing_size': 5, 'dilate_size': 7, 'remove_small_blobs': 818, 'area_min': 517, 'area_max': 52475, 'aspect_ratio_min': 0.10234463215016634, 'aspect_ratio_max': 7.8950746054542895, 'fill_ratio_min': 0.10118680333231223, 'merge_distance': 26}. Best is trial 25 with value: 0.2919433882459592.
creating index...
index created!
Loading and preparing results...
DONE (t=0.01s)
creating index...
index created!
Running per image evaluation...
Evaluate annotation type *bbox*
DONE (t=2.06s).
Accumulating evaluation results...
DONE (t=0.49s).
 Average Precision  (AP) @[ IoU=0.50:0.95 | area=   all | maxDets=100 ] = 0.135
 Average Precision  (AP) @[ IoU=0.50      | area=   all | maxDets=100 ] = 0.280
 Average Precision  (AP) @[ IoU=0.75      | area=   all | maxDets=100 ] = 0.111
 Average Precision  (AP) @[ IoU=0.50:0.95 | area= small | maxDets=100 ] = -1.000
 Average Precision  (AP) @[ IoU=0.50:0.95 | area=medium | maxDets=100 ] = 0.011
 Average Precision  (AP) @[ IoU=0.50:0.95 | area= large | maxDets=100 ] = 0.292
 Average Recall     (AR) @[ IoU=0.50:0.95 | area=   all | maxDets=  1 ] = 0.122
 Average Recall     (AR) @[ IoU=0.50:0.95 | area=   all | maxDets= 10 ] = 0.204
 Average Recall     (AR) @[ IoU=0.50:0.95 | area=   all | maxDets=100 ] = 0.204
 Average Recall     (AR) @[ IoU=0.50:0.95 | area= small | maxDets=100 ] = -1.000
 Average Recall     (AR) @[ IoU=0.50:0.95 | area=medium | maxDets=100 ] = 0.042
 Average Recall     (AR) @[ IoU=0.50:0.95 | area= large | maxDets=100 ] = 0.393
[I 2026-02-23 12:32:27,828] Trial 37 finished with value: 0.27973672966072705 and parameters: {'alpha': 3.50421547628951, 'std_bias': 3.9887644061910663, 'opening_size': 5, 'closing_size': 11, 'dilate_size': 9, 'remove_small_blobs': 471, 'area_min': 1797, 'area_max': 139025, 'aspect_ratio_min': 0.12457952775040301, 'aspect_ratio_max': 9.062700792289354, 'fill_ratio_min': 0.12045534012239786, 'merge_distance': 20}. Best is trial 25 with value: 0.2919433882459592.Best trial: 25. Best value: 0.291943:  16%|█▌        | 4/25 [19:55<1:25:31, 244.35s/it]Best trial: 25. Best value: 0.291943:  16%|█▌        | 4/25 [19:55<1:25:31, 244.35s/it]Best trial: 25. Best value: 0.291943:  20%|██        | 5/25 [19:55<1:20:06, 240.33s/it]                                                                                       Best trial: 25. Best value: 0.291943:  20%|██        | 5/25 [24:00<1:20:06, 240.33s/it]Best trial: 45. Best value: 0.29937:  20%|██        | 5/25 [24:00<1:20:06, 240.33s/it] Best trial: 45. Best value: 0.29937:  24%|██▍       | 6/25 [24:00<1:16:39, 242.09s/it]                                                                                      Best trial: 45. Best value: 0.29937:  24%|██▍       | 6/25 [28:10<1:16:39, 242.09s/it]Best trial: 45. Best value: 0.29937:  24%|██▍       | 6/25 [28:10<1:16:39, 242.09s/it]Best trial: 45. Best value: 0.29937:  28%|██▊       | 7/25 [28:10<1:13:20, 244.50s/it]                                                                                      Best trial: 45. Best value: 0.29937:  28%|██▊       | 7/25 [32:33<1:13:20, 244.50s/it]Best trial: 58. Best value: 0.305409:  28%|██▊       | 7/25 [32:33<1:13:20, 244.50s/it]Best trial: 58. Best value: 0.305409:  32%|███▏      | 8/25 [32:33<1:11:00, 250.59s/it]                                                                                       Best trial: 58. Best value: 0.305409:  32%|███▏      | 8/25 [36:33<1:11:00, 250.59s/it]Best trial: 59. Best value: 0.308346:  32%|███▏      | 8/25 [36:33<1:11:00, 250.59s/it]Best trial: 59. Best value: 0.308346:  36%|███▌      | 9/25 [36:33<1:05:55, 247.24s/it]                                                                                       
creating index...
index created!
Loading and preparing results...
DONE (t=0.02s)
creating index...
index created!
Running per image evaluation...
Evaluate annotation type *bbox*
DONE (t=1.92s).
Accumulating evaluation results...
DONE (t=0.43s).
 Average Precision  (AP) @[ IoU=0.50:0.95 | area=   all | maxDets=100 ] = 0.139
 Average Precision  (AP) @[ IoU=0.50      | area=   all | maxDets=100 ] = 0.299
 Average Precision  (AP) @[ IoU=0.75      | area=   all | maxDets=100 ] = 0.102
 Average Precision  (AP) @[ IoU=0.50:0.95 | area= small | maxDets=100 ] = -1.000
 Average Precision  (AP) @[ IoU=0.50:0.95 | area=medium | maxDets=100 ] = 0.027
 Average Precision  (AP) @[ IoU=0.50:0.95 | area= large | maxDets=100 ] = 0.270
 Average Recall     (AR) @[ IoU=0.50:0.95 | area=   all | maxDets=  1 ] = 0.117
 Average Recall     (AR) @[ IoU=0.50:0.95 | area=   all | maxDets= 10 ] = 0.201
 Average Recall     (AR) @[ IoU=0.50:0.95 | area=   all | maxDets=100 ] = 0.201
 Average Recall     (AR) @[ IoU=0.50:0.95 | area= small | maxDets=100 ] = -1.000
 Average Recall     (AR) @[ IoU=0.50:0.95 | area=medium | maxDets=100 ] = 0.066
 Average Recall     (AR) @[ IoU=0.50:0.95 | area= large | maxDets=100 ] = 0.358
[I 2026-02-23 12:36:33,312] Trial 45 finished with value: 0.2993697420232575 and parameters: {'alpha': 3.198903805958716, 'std_bias': 3.6971463971531073, 'opening_size': 5, 'closing_size': 13, 'dilate_size': 9, 'remove_small_blobs': 447, 'area_min': 1906, 'area_max': 129652, 'aspect_ratio_min': 0.1132784333319008, 'aspect_ratio_max': 11.666813240710917, 'fill_ratio_min': 0.12054932262218494, 'merge_distance': 35}. Best is trial 45 with value: 0.2993697420232575.
creating index...
index created!
Loading and preparing results...
DONE (t=0.02s)
creating index...
index created!
Running per image evaluation...
Evaluate annotation type *bbox*
DONE (t=2.14s).
Accumulating evaluation results...
DONE (t=0.34s).
 Average Precision  (AP) @[ IoU=0.50:0.95 | area=   all | maxDets=100 ] = 0.134
 Average Precision  (AP) @[ IoU=0.50      | area=   all | maxDets=100 ] = 0.286
 Average Precision  (AP) @[ IoU=0.75      | area=   all | maxDets=100 ] = 0.104
 Average Precision  (AP) @[ IoU=0.50:0.95 | area= small | maxDets=100 ] = -1.000
 Average Precision  (AP) @[ IoU=0.50:0.95 | area=medium | maxDets=100 ] = 0.020
 Average Precision  (AP) @[ IoU=0.50:0.95 | area= large | maxDets=100 ] = 0.270
 Average Recall     (AR) @[ IoU=0.50:0.95 | area=   all | maxDets=  1 ] = 0.117
 Average Recall     (AR) @[ IoU=0.50:0.95 | area=   all | maxDets= 10 ] = 0.196
 Average Recall     (AR) @[ IoU=0.50:0.95 | area=   all | maxDets=100 ] = 0.196
 Average Recall     (AR) @[ IoU=0.50:0.95 | area= small | maxDets=100 ] = -1.000
 Average Recall     (AR) @[ IoU=0.50:0.95 | area=medium | maxDets=100 ] = 0.055
 Average Recall     (AR) @[ IoU=0.50:0.95 | area= large | maxDets=100 ] = 0.359
[I 2026-02-23 12:40:42,784] Trial 50 finished with value: 0.28610133570834606 and parameters: {'alpha': 3.4185221809753297, 'std_bias': 3.2687356465205486, 'opening_size': 5, 'closing_size': 13, 'dilate_size': 9, 'remove_small_blobs': 380, 'area_min': 1916, 'area_max': 127955, 'aspect_ratio_min': 0.11282410442713259, 'aspect_ratio_max': 14.079893814221915, 'fill_ratio_min': 0.15286903268320143, 'merge_distance': 35}. Best is trial 45 with value: 0.2993697420232575.
creating index...
index created!
Loading and preparing results...
DONE (t=0.01s)
creating index...
index created!
Running per image evaluation...
Evaluate annotation type *bbox*
DONE (t=2.32s).
Accumulating evaluation results...
DONE (t=0.35s).
 Average Precision  (AP) @[ IoU=0.50:0.95 | area=   all | maxDets=100 ] = 0.137
 Average Precision  (AP) @[ IoU=0.50      | area=   all | maxDets=100 ] = 0.305
 Average Precision  (AP) @[ IoU=0.75      | area=   all | maxDets=100 ] = 0.098
 Average Precision  (AP) @[ IoU=0.50:0.95 | area= small | maxDets=100 ] = -1.000
 Average Precision  (AP) @[ IoU=0.50:0.95 | area=medium | maxDets=100 ] = 0.031
 Average Precision  (AP) @[ IoU=0.50:0.95 | area= large | maxDets=100 ] = 0.262
 Average Recall     (AR) @[ IoU=0.50:0.95 | area=   all | maxDets=  1 ] = 0.114
 Average Recall     (AR) @[ IoU=0.50:0.95 | area=   all | maxDets= 10 ] = 0.202
 Average Recall     (AR) @[ IoU=0.50:0.95 | area=   all | maxDets=100 ] = 0.203
 Average Recall     (AR) @[ IoU=0.50:0.95 | area= small | maxDets=100 ] = -1.000
 Average Recall     (AR) @[ IoU=0.50:0.95 | area=medium | maxDets=100 ] = 0.076
 Average Recall     (AR) @[ IoU=0.50:0.95 | area= large | maxDets=100 ] = 0.349
[I 2026-02-23 12:45:06,406] Trial 58 finished with value: 0.3054088232400746 and parameters: {'alpha': 3.202812888050812, 'std_bias': 3.507053272191652, 'opening_size': 5, 'closing_size': 13, 'dilate_size': 9, 'remove_small_blobs': 351, 'area_min': 1724, 'area_max': 117598, 'aspect_ratio_min': 0.11018858201800937, 'aspect_ratio_max': 12.895656798002777, 'fill_ratio_min': 0.15053185091237128, 'merge_distance': 38}. Best is trial 58 with value: 0.3054088232400746.
creating index...
index created!
Loading and preparing results...
DONE (t=0.02s)
creating index...
index created!
Running per image evaluation...
Evaluate annotation type *bbox*
DONE (t=1.83s).
Accumulating evaluation results...
DONE (t=0.28s).
 Average Precision  (AP) @[ IoU=0.50:0.95 | area=   all | maxDets=100 ] = 0.082
 Average Precision  (AP) @[ IoU=0.50      | area=   all | maxDets=100 ] = 0.183
 Average Precision  (AP) @[ IoU=0.75      | area=   all | maxDets=100 ] = 0.066
 Average Precision  (AP) @[ IoU=0.50:0.95 | area= small | maxDets=100 ] = -1.000
 Average Precision  (AP) @[ IoU=0.50:0.95 | area=medium | maxDets=100 ] = 0.002
 Average Precision  (AP) @[ IoU=0.50:0.95 | area= large | maxDets=100 ] = 0.202
 Average Recall     (AR) @[ IoU=0.50:0.95 | area=   all | maxDets=  1 ] = 0.093
 Average Recall     (AR) @[ IoU=0.50:0.95 | area=   all | maxDets= 10 ] = 0.145
 Average Recall     (AR) @[ IoU=0.50:0.95 | area=   all | maxDets=100 ] = 0.146
 Average Recall     (AR) @[ IoU=0.50:0.95 | area= small | maxDets=100 ] = -1.000
 Average Recall     (AR) @[ IoU=0.50:0.95 | area=medium | maxDets=100 ] = 0.007
 Average Recall     (AR) @[ IoU=0.50:0.95 | area= large | maxDets=100 ] = 0.306
[I 2026-02-23 12:49:06,269] Trial 66 finished with value: 0.18280304769647127 and parameters: {'alpha': 4.076726080722985, 'std_bias': 2.36277729691495, 'opening_size': 7, 'closing_size': 17, 'dilate_size': 5, 'remove_small_blobs': 219, 'area_min': 1685, 'area_max': 121019, 'aspect_ratio_min': 0.13410561774347454, 'aspect_ratio_max': 13.03427306376564, 'fill_ratio_min': 0.16257530837693682, 'merge_distance': 37}. Best is trial 59 with value: 0.30834572496878.
creating index...
index created!
Loading and preparing results...
DONE (t=0.02s)
creating index...
index created!
Running per image evaluation...
Evaluate annotation type *bbox*
DONE (t=2.43s).
Accumulating evaluation results...
DONE (t=0.40s).
 Average Precision  (AP) @[ IoU=0.50:0.95 | area=   all | maxDets=100 ] = 0.078
 Average Precision  (AP) @[ IoU=0.50      | area=   all | maxDets=100 ] = 0.214
 Average Precision  (AP) @[ IoU=0.75      | area=   all | maxDets=100 ] = 0.045
 Average Precision  (AP) @[ IoU=0.50:0.95 | area= small | maxDets=100 ] = -1.000
 Average Precision  (AP) @[ IoU=0.50:0.95 | area=medium | maxDets=100 ] = 0.058
 Average Precision  (AP) @[ IoU=0.50:0.95 | area= large | maxDets=100 ] = 0.106
 Average Recall     (AR) @[ IoU=0.50:0.95 | area=   all | maxDets=  1 ] = 0.089
 Average Recall     (AR) @[ IoU=0.50:0.95 | area=   all | maxDets= 10 ] = 0.205
 Average Recall     (AR) @[ IoU=0.50:0.95 | area=   all | maxDets=100 ] = 0.205
 Average Recall     (AR) @[ IoU=0.50:0.95 | area= small | maxDets=100 ] = -1.000
 Average Recall     (AR) @[ IoU=0.50:0.95 | area=medium | maxDets=100 ] = 0.209
 Average Recall     (AR) @[ IoU=0.50:0.95 | area= large | maxDets=100 ] = 0.200
