[I 2026-02-23 13:36:20,985] Trial 158 finished with value: 0.10230969536708252 and parameters: {'alpha': 2.5499902205001685, 'std_bias': 0.5754324807653912, 'opening_size': 5, 'closing_size': 20, 'dilate_size': 9, 'remove_small_blobs': 800, 'area_min': 1634, 'area_max': 116205, 'aspect_ratio_min': 0.21550737578969195, 'aspect_ratio_max': 4.845671961092718, 'fill_ratio_min': 0.2705168260184962, 'merge_distance': 30}. Best is trial 106 with value: 0.34930707775950676.Best trial: 106. Best value: 0.349307:  76%|███████▌  | 19/25 [1:24:08<24:11, 241.91s/it]Best trial: 106. Best value: 0.349307:  76%|███████▌  | 19/25 [1:24:08<24:11, 241.91s/it]Best trial: 106. Best value: 0.349307:  80%|████████  | 20/25 [1:24:08<20:33, 246.63s/it]                                                                                         Best trial: 106. Best value: 0.349307:  80%|████████  | 20/25 [1:28:08<20:33, 246.63s/it]Best trial: 106. Best value: 0.349307:  80%|████████  | 20/25 [1:28:08<20:33, 246.63s/it]Best trial: 106. Best value: 0.349307:  84%|████████▍ | 21/25 [1:28:08<16:19, 244.75s/it]                                                                                         Best trial: 106. Best value: 0.349307:  84%|████████▍ | 21/25 [1:32:12<16:19, 244.75s/it]Best trial: 106. Best value: 0.349307:  84%|████████▍ | 21/25 [1:32:12<16:19, 244.75s/it]Best trial: 106. Best value: 0.349307:  88%|████████▊ | 22/25 [1:32:12<12:13, 244.46s/it]                                                                                         Best trial: 106. Best value: 0.349307:  88%|████████▊ | 22/25 [1:36:12<12:13, 244.46s/it]Best trial: 106. Best value: 0.349307:  88%|████████▊ | 22/25 [1:36:12<12:13, 244.46s/it]Best trial: 106. Best value: 0.349307:  92%|█████████▏| 23/25 [1:36:12<08:06, 243.02s/it]                                                                                         Best trial: 106. Best value: 0.349307:  92%|█████████▏| 23/25 [1:40:02<08:06, 243.02s/it]Best trial: 106. Best value: 0.349307:  92%|█████████▏| 23/25 [1:40:02<08:06, 243.02s/it]Best trial: 106. Best value: 0.349307:  96%|█████████▌| 24/25 [1:40:02<03:59, 239.19s/it]                                                                                         
creating index...
index created!
Loading and preparing results...
DONE (t=0.02s)
creating index...
index created!
Running per image evaluation...
Evaluate annotation type *bbox*
DONE (t=2.35s).
Accumulating evaluation results...
DONE (t=0.34s).
 Average Precision  (AP) @[ IoU=0.50:0.95 | area=   all | maxDets=100 ] = 0.130
 Average Precision  (AP) @[ IoU=0.50      | area=   all | maxDets=100 ] = 0.329
 Average Precision  (AP) @[ IoU=0.75      | area=   all | maxDets=100 ] = 0.077
 Average Precision  (AP) @[ IoU=0.50:0.95 | area= small | maxDets=100 ] = -1.000
 Average Precision  (AP) @[ IoU=0.50:0.95 | area=medium | maxDets=100 ] = 0.074
 Average Precision  (AP) @[ IoU=0.50:0.95 | area= large | maxDets=100 ] = 0.201
 Average Recall     (AR) @[ IoU=0.50:0.95 | area=   all | maxDets=  1 ] = 0.119
 Average Recall     (AR) @[ IoU=0.50:0.95 | area=   all | maxDets= 10 ] = 0.242
 Average Recall     (AR) @[ IoU=0.50:0.95 | area=   all | maxDets=100 ] = 0.242
 Average Recall     (AR) @[ IoU=0.50:0.95 | area= small | maxDets=100 ] = -1.000
 Average Recall     (AR) @[ IoU=0.50:0.95 | area=medium | maxDets=100 ] = 0.205
 Average Recall     (AR) @[ IoU=0.50:0.95 | area= large | maxDets=100 ] = 0.285
[I 2026-02-23 13:40:21,366] Trial 166 finished with value: 0.3288745627107206 and parameters: {'alpha': 2.242713947011016, 'std_bias': 4.479507427626693, 'opening_size': 5, 'closing_size': 15, 'dilate_size': 7, 'remove_small_blobs': 648, 'area_min': 1667, 'area_max': 111818, 'aspect_ratio_min': 0.24968749046898384, 'aspect_ratio_max': 4.865679016968315, 'fill_ratio_min': 0.23126467106240342, 'merge_distance': 24}. Best is trial 106 with value: 0.34930707775950676.
creating index...
index created!
Loading and preparing results...
DONE (t=0.17s)
creating index...
index created!
Running per image evaluation...
Evaluate annotation type *bbox*
DONE (t=2.33s).
Accumulating evaluation results...
DONE (t=0.34s).
 Average Precision  (AP) @[ IoU=0.50:0.95 | area=   all | maxDets=100 ] = 0.133
 Average Precision  (AP) @[ IoU=0.50      | area=   all | maxDets=100 ] = 0.333
 Average Precision  (AP) @[ IoU=0.75      | area=   all | maxDets=100 ] = 0.079
 Average Precision  (AP) @[ IoU=0.50:0.95 | area= small | maxDets=100 ] = -1.000
 Average Precision  (AP) @[ IoU=0.50:0.95 | area=medium | maxDets=100 ] = 0.072
 Average Precision  (AP) @[ IoU=0.50:0.95 | area= large | maxDets=100 ] = 0.209
 Average Recall     (AR) @[ IoU=0.50:0.95 | area=   all | maxDets=  1 ] = 0.120
 Average Recall     (AR) @[ IoU=0.50:0.95 | area=   all | maxDets= 10 ] = 0.245
 Average Recall     (AR) @[ IoU=0.50:0.95 | area=   all | maxDets=100 ] = 0.245
 Average Recall     (AR) @[ IoU=0.50:0.95 | area= small | maxDets=100 ] = -1.000
 Average Recall     (AR) @[ IoU=0.50:0.95 | area=medium | maxDets=100 ] = 0.203
 Average Recall     (AR) @[ IoU=0.50:0.95 | area= large | maxDets=100 ] = 0.293
[I 2026-02-23 13:44:25,124] Trial 174 finished with value: 0.333310267645079 and parameters: {'alpha': 2.2979825408071735, 'std_bias': 4.500991899221636, 'opening_size': 5, 'closing_size': 15, 'dilate_size': 7, 'remove_small_blobs': 608, 'area_min': 1552, 'area_max': 112039, 'aspect_ratio_min': 0.2464326458358082, 'aspect_ratio_max': 4.542506537292657, 'fill_ratio_min': 0.24147178574716624, 'merge_distance': 25}. Best is trial 106 with value: 0.34930707775950676.
creating index...
index created!
Loading and preparing results...
DONE (t=0.02s)
creating index...
index created!
Running per image evaluation...
Evaluate annotation type *bbox*
DONE (t=2.23s).
Accumulating evaluation results...
DONE (t=0.33s).
 Average Precision  (AP) @[ IoU=0.50:0.95 | area=   all | maxDets=100 ] = 0.142
 Average Precision  (AP) @[ IoU=0.50      | area=   all | maxDets=100 ] = 0.339
 Average Precision  (AP) @[ IoU=0.75      | area=   all | maxDets=100 ] = 0.092
 Average Precision  (AP) @[ IoU=0.50:0.95 | area= small | maxDets=100 ] = -1.000
 Average Precision  (AP) @[ IoU=0.50:0.95 | area=medium | maxDets=100 ] = 0.064
 Average Precision  (AP) @[ IoU=0.50:0.95 | area= large | maxDets=100 ] = 0.235
 Average Recall     (AR) @[ IoU=0.50:0.95 | area=   all | maxDets=  1 ] = 0.127
 Average Recall     (AR) @[ IoU=0.50:0.95 | area=   all | maxDets= 10 ] = 0.243
 Average Recall     (AR) @[ IoU=0.50:0.95 | area=   all | maxDets=100 ] = 0.244
 Average Recall     (AR) @[ IoU=0.50:0.95 | area= small | maxDets=100 ] = -1.000
 Average Recall     (AR) @[ IoU=0.50:0.95 | area=medium | maxDets=100 ] = 0.177
 Average Recall     (AR) @[ IoU=0.50:0.95 | area= large | maxDets=100 ] = 0.320
[I 2026-02-23 13:48:24,801] Trial 182 finished with value: 0.338817970148275 and parameters: {'alpha': 2.410137776141158, 'std_bias': 4.867295291825526, 'opening_size': 5, 'closing_size': 15, 'dilate_size': 7, 'remove_small_blobs': 580, 'area_min': 1551, 'area_max': 108825, 'aspect_ratio_min': 0.24581143474483622, 'aspect_ratio_max': 4.64818232101096, 'fill_ratio_min': 0.24148179045107304, 'merge_distance': 26}. Best is trial 106 with value: 0.34930707775950676.
creating index...
index created!
Loading and preparing results...
DONE (t=0.02s)
creating index...
index created!
Running per image evaluation...
Evaluate annotation type *bbox*
DONE (t=2.05s).
Accumulating evaluation results...
DONE (t=0.47s).
 Average Precision  (AP) @[ IoU=0.50:0.95 | area=   all | maxDets=100 ] = 0.157
 Average Precision  (AP) @[ IoU=0.50      | area=   all | maxDets=100 ] = 0.342
 Average Precision  (AP) @[ IoU=0.75      | area=   all | maxDets=100 ] = 0.123
 Average Precision  (AP) @[ IoU=0.50:0.95 | area= small | maxDets=100 ] = -1.000
 Average Precision  (AP) @[ IoU=0.50:0.95 | area=medium | maxDets=100 ] = 0.034
 Average Precision  (AP) @[ IoU=0.50:0.95 | area= large | maxDets=100 ] = 0.300
 Average Recall     (AR) @[ IoU=0.50:0.95 | area=   all | maxDets=  1 ] = 0.124
 Average Recall     (AR) @[ IoU=0.50:0.95 | area=   all | maxDets= 10 ] = 0.225
 Average Recall     (AR) @[ IoU=0.50:0.95 | area=   all | maxDets=100 ] = 0.225
 Average Recall     (AR) @[ IoU=0.50:0.95 | area= small | maxDets=100 ] = -1.000
 Average Recall     (AR) @[ IoU=0.50:0.95 | area=medium | maxDets=100 ] = 0.092
 Average Recall     (AR) @[ IoU=0.50:0.95 | area= large | maxDets=100 ] = 0.381
[I 2026-02-23 13:52:15,046] Trial 190 finished with value: 0.3419721496623196 and parameters: {'alpha': 2.9924066138441967, 'std_bias': 4.874605522663316, 'opening_size': 5, 'closing_size': 15, 'dilate_size': 7, 'remove_small_blobs': 563, 'area_min': 1509, 'area_max': 108651, 'aspect_ratio_min': 0.24006744939982808, 'aspect_ratio_max': 4.669665731599115, 'fill_ratio_min': 0.17574176131186714, 'merge_distance': 27}. Best is trial 106 with value: 0.34930707775950676.
creating index...
index created!
Loading and preparing results...
DONE (t=0.01s)
creating index...
index created!
Running per image evaluation...
Evaluate annotation type *bbox*
DONE (t=1.47s).
Accumulating evaluation results...
DONE (t=0.38s).
 Average Precision  (AP) @[ IoU=0.50:0.95 | area=   all | maxDets=100 ] = 0.151
 Average Precision  (AP) @[ IoU=0.50      | area=   all | maxDets=100 ] = 0.319
 Average Precision  (AP) @[ IoU=0.75      | area=   all | maxDets=100 ] = 0.122
 Average Precision  (AP) @[ IoU=0.50:0.95 | area= small | maxDets=100 ] = -1.000
 Average Precision  (AP) @[ IoU=0.50:0.95 | area=medium | maxDets=100 ] = 0.022
 Average Precision  (AP) @[ IoU=0.50:0.95 | area= large | maxDets=100 ] = 0.306
 Average Recall     (AR) @[ IoU=0.50:0.95 | area=   all | maxDets=  1 ] = 0.126
 Average Recall     (AR) @[ IoU=0.50:0.95 | area=   all | maxDets= 10 ] = 0.217
 Average Recall     (AR) @[ IoU=0.50:0.95 | area=   all | maxDets=100 ] = 0.217
 Average Recall     (AR) @[ IoU=0.50:0.95 | area= small | maxDets=100 ] = -1.000
 Average Recall     (AR) @[ IoU=0.50:0.95 | area=medium | maxDets=100 ] = 0.065
 Average Recall     (AR) @[ IoU=0.50:0.95 | area= large | maxDets=100 ] = 0.394
[I 2026-02-23 13:55:30,813] Trial 197 finished with value: 0.3193771328335615 and parameters: {'alpha': 3.2459159527557238, 'std_bias': 4.730144412383318, 'opening_size': 5, 'closing_size': 15, 'dilate_size': 7, 'remove_small_blobs': 558, 'area_min': 1507, 'area_max': 105423, 'aspect_ratio_min': 0.23871676930377178, 'aspect_ratio_max': 4.987861462243027, 'fill_ratio_min': 0.1850794809729236, 'merge_distance': 26}. Best is trial 106 with value: 0.34930707775950676.Best trial: 106. Best value: 0.349307:  96%|█████████▌| 24/25 [1:43:18<03:59, 239.19s/it]Best trial: 106. Best value: 0.349307:  96%|█████████▌| 24/25 [1:43:18<03:59, 239.19s/it]Best trial: 106. Best value: 0.349307: 100%|██████████| 25/25 [1:43:18<00:00, 226.16s/it]Best trial: 106. Best value: 0.349307: 100%|██████████| 25/25 [1:43:18<00:00, 247.93s/it]


================================================================================
OPTIMIZATION COMPLETE
================================================================================

Best AP50: 0.3493

Best hyperparameters:
  alpha: 2.840026271930218
  std_bias: 4.769977313430562
  opening_size: 5
  closing_size: 15
  dilate_size: 9
  remove_small_blobs: 632
  area_min: 1550
  area_max: 109499
  aspect_ratio_min: 0.22118807684047892
  aspect_ratio_max: 4.474026431574192
  fill_ratio_min: 0.20821692159573382
  merge_distance: 28

Total trials completed: 200
Results saved to: optuna_still_no_temporal.db

To visualize results, use optuna-dashboard:
  optuna-dashboard sqlite:///optuna_still_no_temporal.db
