[I 2026-02-23 13:56:16,073] Using an existing study with name 'still_with_temporal' instead of creating a new one.
Loading annotations and video...
Starting optimization for study 'still_with_temporal'
Using temporal detector: True
Database: optuna_still_with_temporal.db
Number of trials: 25

To run in parallel, execute this same command in multiple terminals.
--------------------------------------------------------------------------------
  0%|          | 0/25 [00:00<?, ?it/s]                                        0%|          | 0/25 [04:44<?, ?it/s]Best trial: 5. Best value: 0.249888:   0%|          | 0/25 [04:44<?, ?it/s]Best trial: 5. Best value: 0.249888:   4%|▍         | 1/25 [04:44<1:53:51, 284.65s/it]                                                                                      Best trial: 5. Best value: 0.249888:   4%|▍         | 1/25 [10:19<1:53:51, 284.65s/it]Best trial: 5. Best value: 0.249888:   4%|▍         | 1/25 [10:19<1:53:51, 284.65s/it]Best trial: 5. Best value: 0.249888:   8%|▊         | 2/25 [10:19<2:00:22, 314.03s/it]                                                                                      Best trial: 5. Best value: 0.249888:   8%|▊         | 2/25 [14:17<2:00:22, 314.03s/it]Best trial: 21. Best value: 0.282063:   8%|▊         | 2/25 [14:17<2:00:22, 314.03s/it]Best trial: 21. Best value: 0.282063:  12%|█▏        | 3/25 [14:17<1:42:31, 279.59s/it]                                                                                       Best trial: 21. Best value: 0.282063:  12%|█▏        | 3/25 [18:19<1:42:31, 279.59s/it]Best trial: 25. Best value: 0.307283:  12%|█▏        | 3/25 [18:19<1:42:31, 279.59s/it]Best trial: 25. Best value: 0.307283:  16%|█▌        | 4/25 [18:19<1:32:39, 264.76s/it]                                                                                       creating index...
index created!
Loading and preparing results...
DONE (t=0.02s)
creating index...
index created!
Running per image evaluation...
Evaluate annotation type *bbox*
DONE (t=1.87s).
Accumulating evaluation results...
DONE (t=0.27s).
 Average Precision  (AP) @[ IoU=0.50:0.95 | area=   all | maxDets=100 ] = 0.071
 Average Precision  (AP) @[ IoU=0.50      | area=   all | maxDets=100 ] = 0.171
 Average Precision  (AP) @[ IoU=0.75      | area=   all | maxDets=100 ] = 0.038
 Average Precision  (AP) @[ IoU=0.50:0.95 | area= small | maxDets=100 ] = -1.000
 Average Precision  (AP) @[ IoU=0.50:0.95 | area=medium | maxDets=100 ] = 0.002
 Average Precision  (AP) @[ IoU=0.50:0.95 | area= large | maxDets=100 ] = 0.180
 Average Recall     (AR) @[ IoU=0.50:0.95 | area=   all | maxDets=  1 ] = 0.086
 Average Recall     (AR) @[ IoU=0.50:0.95 | area=   all | maxDets= 10 ] = 0.129
 Average Recall     (AR) @[ IoU=0.50:0.95 | area=   all | maxDets=100 ] = 0.129
 Average Recall     (AR) @[ IoU=0.50:0.95 | area= small | maxDets=100 ] = -1.000
 Average Recall     (AR) @[ IoU=0.50:0.95 | area=medium | maxDets=100 ] = 0.008
 Average Recall     (AR) @[ IoU=0.50:0.95 | area= large | maxDets=100 ] = 0.270
[I 2026-02-23 14:01:00,715] Trial 1 finished with value: 0.17075034112800838 and parameters: {'alpha': 5.946869351509516, 'std_bias': 0.024435340098690195, 'opening_size': 5, 'closing_size': 3, 'dilate_size': 5, 'remove_small_blobs': 320, 'area_min': 1092, 'area_max': 81703, 'aspect_ratio_min': 0.22000775490829227, 'aspect_ratio_max': 10.998916485318002, 'fill_ratio_min': 0.1996204510111338, 'n_frames': 3, 'temporal_threshold': 0.4617850676959702, 'merge_distance': 31}. Best is trial 5 with value: 0.24988831893878444.
creating index...
index created!
Loading and preparing results...
DONE (t=0.03s)
creating index...
index created!
Running per image evaluation...
Evaluate annotation type *bbox*
DONE (t=2.51s).
Accumulating evaluation results...
DONE (t=0.33s).
 Average Precision  (AP) @[ IoU=0.50:0.95 | area=   all | maxDets=100 ] = 0.012
 Average Precision  (AP) @[ IoU=0.50      | area=   all | maxDets=100 ] = 0.027
 Average Precision  (AP) @[ IoU=0.75      | area=   all | maxDets=100 ] = 0.013
 Average Precision  (AP) @[ IoU=0.50:0.95 | area= small | maxDets=100 ] = -1.000
 Average Precision  (AP) @[ IoU=0.50:0.95 | area=medium | maxDets=100 ] = 0.012
 Average Precision  (AP) @[ IoU=0.50:0.95 | area= large | maxDets=100 ] = 0.011
 Average Recall     (AR) @[ IoU=0.50:0.95 | area=   all | maxDets=  1 ] = 0.020
 Average Recall     (AR) @[ IoU=0.50:0.95 | area=   all | maxDets= 10 ] = 0.067
 Average Recall     (AR) @[ IoU=0.50:0.95 | area=   all | maxDets=100 ] = 0.068
 Average Recall     (AR) @[ IoU=0.50:0.95 | area= small | maxDets=100 ] = -1.000
 Average Recall     (AR) @[ IoU=0.50:0.95 | area=medium | maxDets=100 ] = 0.094
 Average Recall     (AR) @[ IoU=0.50:0.95 | area= large | maxDets=100 ] = 0.037
[I 2026-02-23 14:06:35,330] Trial 12 finished with value: 0.02701138780157039 and parameters: {'alpha': 1.3610255855143367, 'std_bias': 4.451358458465711, 'opening_size': 3, 'closing_size': 17, 'dilate_size': 7, 'remove_small_blobs': 449, 'area_min': 2000, 'area_max': 63756, 'aspect_ratio_min': 0.17405552328666832, 'aspect_ratio_max': 7.832661612525609, 'fill_ratio_min': 0.2526475983908382, 'n_frames': 2, 'temporal_threshold': 0.6465583769272971, 'merge_distance': 18}. Best is trial 5 with value: 0.24988831893878444.
creating index...
index created!
Loading and preparing results...
DONE (t=0.02s)
creating index...
index created!
Running per image evaluation...
Evaluate annotation type *bbox*
DONE (t=2.18s).
Accumulating evaluation results...
DONE (t=0.37s).
 Average Precision  (AP) @[ IoU=0.50:0.95 | area=   all | maxDets=100 ] = 0.150
 Average Precision  (AP) @[ IoU=0.50      | area=   all | maxDets=100 ] = 0.282
 Average Precision  (AP) @[ IoU=0.75      | area=   all | maxDets=100 ] = 0.141
 Average Precision  (AP) @[ IoU=0.50:0.95 | area= small | maxDets=100 ] = -1.000
 Average Precision  (AP) @[ IoU=0.50:0.95 | area=medium | maxDets=100 ] = 0.010
 Average Precision  (AP) @[ IoU=0.50:0.95 | area= large | maxDets=100 ] = 0.370
 Average Recall     (AR) @[ IoU=0.50:0.95 | area=   all | maxDets=  1 ] = 0.116
 Average Recall     (AR) @[ IoU=0.50:0.95 | area=   all | maxDets= 10 ] = 0.242
 Average Recall     (AR) @[ IoU=0.50:0.95 | area=   all | maxDets=100 ] = 0.243
 Average Recall     (AR) @[ IoU=0.50:0.95 | area= small | maxDets=100 ] = -1.000
 Average Recall     (AR) @[ IoU=0.50:0.95 | area=medium | maxDets=100 ] = 0.057
 Average Recall     (AR) @[ IoU=0.50:0.95 | area= large | maxDets=100 ] = 0.459
[I 2026-02-23 14:10:33,931] Trial 21 finished with value: 0.2820629361217095 and parameters: {'alpha': 4.9837887151063125, 'std_bias': 3.247131791917875, 'opening_size': 3, 'closing_size': 13, 'dilate_size': 7, 'remove_small_blobs': 670, 'area_min': 945, 'area_max': 145884, 'aspect_ratio_min': 0.23961127996716636, 'aspect_ratio_max': 4.114918722580935, 'fill_ratio_min': 0.2913991699908465, 'n_frames': 2, 'temporal_threshold': 0.40625174762084326, 'merge_distance': 10}. Best is trial 21 with value: 0.2820629361217095.
creating index...
index created!
Loading and preparing results...
DONE (t=0.02s)
creating index...
index created!
Running per image evaluation...
Evaluate annotation type *bbox*
DONE (t=2.56s).
Accumulating evaluation results...
DONE (t=0.38s).
 Average Precision  (AP) @[ IoU=0.50:0.95 | area=   all | maxDets=100 ] = 0.164
 Average Precision  (AP) @[ IoU=0.50      | area=   all | maxDets=100 ] = 0.307
 Average Precision  (AP) @[ IoU=0.75      | area=   all | maxDets=100 ] = 0.155
 Average Precision  (AP) @[ IoU=0.50:0.95 | area= small | maxDets=100 ] = -1.000
 Average Precision  (AP) @[ IoU=0.50:0.95 | area=medium | maxDets=100 ] = 0.019
 Average Precision  (AP) @[ IoU=0.50:0.95 | area= large | maxDets=100 ] = 0.375
 Average Recall     (AR) @[ IoU=0.50:0.95 | area=   all | maxDets=  1 ] = 0.120
 Average Recall     (AR) @[ IoU=0.50:0.95 | area=   all | maxDets= 10 ] = 0.264
 Average Recall     (AR) @[ IoU=0.50:0.95 | area=   all | maxDets=100 ] = 0.264
 Average Recall     (AR) @[ IoU=0.50:0.95 | area= small | maxDets=100 ] = -1.000
 Average Recall     (AR) @[ IoU=0.50:0.95 | area=medium | maxDets=100 ] = 0.082
 Average Recall     (AR) @[ IoU=0.50:0.95 | area= large | maxDets=100 ] = 0.475
[I 2026-02-23 14:14:35,948] Trial 25 finished with value: 0.3072830249020437 and parameters: {'alpha': 4.955098090843952, 'std_bias': 3.5241791068908856, 'opening_size': 3, 'closing_size': 20, 'dilate_size': 7, 'remove_small_blobs': 621, 'area_min': 879, 'area_max': 147785, 'aspect_ratio_min': 0.2429444325841525, 'aspect_ratio_max': 9.76039967608775, 'fill_ratio_min': 0.29227835792545054, 'n_frames': 2, 'temporal_threshold': 0.536885763515681, 'merge_distance': 25}. Best is trial 25 with value: 0.3072830249020437.
creating index...
index created!
Loading and preparing results...
DONE (t=0.03s)
creating index...
index created!
Running per image evaluation...
Evaluate annotation type *bbox*
DONE (t=3.47s).
Accumulating evaluation results...
DONE (t=0.55s).
 Average Precision  (AP) @[ IoU=0.50:0.95 | area=   all | maxDets=100 ] = 0.057
 Average Precision  (AP) @[ IoU=0.50      | area=   all | maxDets=100 ] = 0.159
 Average Precision  (AP) @[ IoU=0.75      | area=   all | maxDets=100 ] = 0.028
 Average Precision  (AP) @[ IoU=0.50:0.95 | area= small | maxDets=100 ] = -1.000
 Average Precision  (AP) @[ IoU=0.50:0.95 | area=medium | maxDets=100 ] = 0.022
 Average Precision  (AP) @[ IoU=0.50:0.95 | area= large | maxDets=100 ] = 0.130
 Average Recall     (AR) @[ IoU=0.50:0.95 | area=   all | maxDets=  1 ] = 0.047
 Average Recall     (AR) @[ IoU=0.50:0.95 | area=   all | maxDets= 10 ] = 0.201
 Average Recall     (AR) @[ IoU=0.50:0.95 | area=   all | maxDets=100 ] = 0.203
 Average Recall     (AR) @[ IoU=0.50:0.95 | area= small | maxDets=100 ] = -1.000
 Average Recall     (AR) @[ IoU=0.50:0.95 | area=medium | maxDets=100 ] = 0.178
 Average Recall     (AR) @[ IoU=0.50:0.95 | area= large | maxDets=100 ] = 0.231
[I 2026-02-23 14:19:36,435] Trial 32 finished with value: 0.1585564929073126 and parameters: {'alpha': 3.574550445865789, 'std_bias': 2.260946776448258, 'opening_size': 3, 'closing_size': 20, 'dilate_size': 9, 'remove_small_blobs': 556, 'area_min': 698, 'area_max': 106628, 'aspect_ratio_min': 0.21794515879556856, 'aspect_ratio_max': 9.688599562569312, 'fill_ratio_min': 0.26989579017404564, 'n_frames': 3, 'temporal_threshold': 0.5250329606217446, 'merge_distance': 26}. Best is trial 26 with value: 0.31031001014171766.Best trial: 25. Best value: 0.307283:  16%|█▌        | 4/25 [23:20<1:32:39, 264.76s/it]Best trial: 26. Best value: 0.31031:  16%|█▌        | 4/25 [23:20<1:32:39, 264.76s/it] Best trial: 26. Best value: 0.31031:  20%|██        | 5/25 [23:20<1:32:32, 277.64s/it]                                                                                      Best trial: 26. Best value: 0.31031:  20%|██        | 5/25 [27:22<1:32:32, 277.64s/it]Best trial: 38. Best value: 0.321173:  20%|██        | 5/25 [27:22<1:32:32, 277.64s/it]Best trial: 38. Best value: 0.321173:  24%|██▍       | 6/25 [27:22<1:24:08, 265.69s/it]                                                                                       Best trial: 38. Best value: 0.321173:  24%|██▍       | 6/25 [32:45<1:24:08, 265.69s/it]Best trial: 38. Best value: 0.321173:  24%|██▍       | 6/25 [32:45<1:24:08, 265.69s/it]Best trial: 38. Best value: 0.321173:  28%|██▊       | 7/25 [32:45<1:25:17, 284.31s/it]                                                                                       Best trial: 38. Best value: 0.321173:  28%|██▊       | 7/25 [37:26<1:25:17, 284.31s/it]Best trial: 38. Best value: 0.321173:  28%|██▊       | 7/25 [37:26<1:25:17, 284.31s/it]Best trial: 38. Best value: 0.321173:  32%|███▏      | 8/25 [37:26<1:20:15, 283.27s/it]                                                                                       Best trial: 38. Best value: 0.321173:  32%|███▏      | 8/25 [41:53<1:20:15, 283.27s/it]Best trial: 38. Best value: 0.321173:  32%|███▏      | 8/25 [41:53<1:20:15, 283.27s/it]Best trial: 38. Best value: 0.321173:  36%|███▌      | 9/25 [41:53<1:14:08, 278.02s/it]                                                                                       
creating index...
index created!
Loading and preparing results...
DONE (t=0.01s)
creating index...
index created!
Running per image evaluation...
Evaluate annotation type *bbox*
DONE (t=1.65s).
Accumulating evaluation results...
DONE (t=0.45s).
 Average Precision  (AP) @[ IoU=0.50:0.95 | area=   all | maxDets=100 ] = 0.033
 Average Precision  (AP) @[ IoU=0.50      | area=   all | maxDets=100 ] = 0.084
 Average Precision  (AP) @[ IoU=0.75      | area=   all | maxDets=100 ] = 0.021
 Average Precision  (AP) @[ IoU=0.50:0.95 | area= small | maxDets=100 ] = -1.000
 Average Precision  (AP) @[ IoU=0.50:0.95 | area=medium | maxDets=100 ] = 0.000
 Average Precision  (AP) @[ IoU=0.50:0.95 | area= large | maxDets=100 ] = 0.097
 Average Recall     (AR) @[ IoU=0.50:0.95 | area=   all | maxDets=  1 ] = 0.059
 Average Recall     (AR) @[ IoU=0.50:0.95 | area=   all | maxDets= 10 ] = 0.096
 Average Recall     (AR) @[ IoU=0.50:0.95 | area=   all | maxDets=100 ] = 0.097
 Average Recall     (AR) @[ IoU=0.50:0.95 | area= small | maxDets=100 ] = -1.000
 Average Recall     (AR) @[ IoU=0.50:0.95 | area=medium | maxDets=100 ] = 0.003
 Average Recall     (AR) @[ IoU=0.50:0.95 | area= large | maxDets=100 ] = 0.207
[I 2026-02-23 14:23:38,928] Trial 43 finished with value: 0.08367457595330119 and parameters: {'alpha': 5.50776309952612, 'std_bias': 2.5991190999500566, 'opening_size': 5, 'closing_size': 3, 'dilate_size': 5, 'remove_small_blobs': 831, 'area_min': 1170, 'area_max': 70918, 'aspect_ratio_min': 0.22786991211572535, 'aspect_ratio_max': 6.367127160014453, 'fill_ratio_min': 0.229983775472587, 'n_frames': 3, 'temporal_threshold': 0.6019590871048932, 'merge_distance': 23}. Best is trial 38 with value: 0.32117286645295584.
creating index...
index created!
Loading and preparing results...
DONE (t=0.02s)
creating index...
index created!
Running per image evaluation...
Evaluate annotation type *bbox*
DONE (t=2.58s).
Accumulating evaluation results...
DONE (t=0.32s).
 Average Precision  (AP) @[ IoU=0.50:0.95 | area=   all | maxDets=100 ] = 0.073
 Average Precision  (AP) @[ IoU=0.50      | area=   all | maxDets=100 ] = 0.205
 Average Precision  (AP) @[ IoU=0.75      | area=   all | maxDets=100 ] = 0.036
 Average Precision  (AP) @[ IoU=0.50:0.95 | area= small | maxDets=100 ] = -1.000
 Average Precision  (AP) @[ IoU=0.50:0.95 | area=medium | maxDets=100 ] = 0.032
 Average Precision  (AP) @[ IoU=0.50:0.95 | area= large | maxDets=100 ] = 0.119
 Average Recall     (AR) @[ IoU=0.50:0.95 | area=   all | maxDets=  1 ] = 0.080
 Average Recall     (AR) @[ IoU=0.50:0.95 | area=   all | maxDets= 10 ] = 0.167
 Average Recall     (AR) @[ IoU=0.50:0.95 | area=   all | maxDets=100 ] = 0.167
 Average Recall     (AR) @[ IoU=0.50:0.95 | area= small | maxDets=100 ] = -1.000
 Average Recall     (AR) @[ IoU=0.50:0.95 | area=medium | maxDets=100 ] = 0.130
 Average Recall     (AR) @[ IoU=0.50:0.95 | area= large | maxDets=100 ] = 0.210
[I 2026-02-23 14:29:01,590] Trial 49 finished with value: 0.2054259378695325 and parameters: {'alpha': 4.3915996487280475, 'std_bias': 0.273467306410486, 'opening_size': 3, 'closing_size': 17, 'dilate_size': 9, 'remove_small_blobs': 369, 'area_min': 1814, 'area_max': 83750, 'aspect_ratio_min': 0.23767500143821996, 'aspect_ratio_max': 11.814491918936213, 'fill_ratio_min': 0.186503437710204, 'n_frames': 3, 'temporal_threshold': 0.5893160958627006, 'merge_distance': 24}. Best is trial 38 with value: 0.32117286645295584.
creating index...
index created!
Loading and preparing results...
DONE (t=0.01s)
creating index...
index created!
Running per image evaluation...
Evaluate annotation type *bbox*
DONE (t=2.06s).
Accumulating evaluation results...
DONE (t=0.31s).
 Average Precision  (AP) @[ IoU=0.50:0.95 | area=   all | maxDets=100 ] = 0.120
 Average Precision  (AP) @[ IoU=0.50      | area=   all | maxDets=100 ] = 0.270
 Average Precision  (AP) @[ IoU=0.75      | area=   all | maxDets=100 ] = 0.093
 Average Precision  (AP) @[ IoU=0.50:0.95 | area= small | maxDets=100 ] = -1.000
 Average Precision  (AP) @[ IoU=0.50:0.95 | area=medium | maxDets=100 ] = 0.018
 Average Precision  (AP) @[ IoU=0.50:0.95 | area= large | maxDets=100 ] = 0.250
 Average Recall     (AR) @[ IoU=0.50:0.95 | area=   all | maxDets=  1 ] = 0.110
 Average Recall     (AR) @[ IoU=0.50:0.95 | area=   all | maxDets= 10 ] = 0.188
 Average Recall     (AR) @[ IoU=0.50:0.95 | area=   all | maxDets=100 ] = 0.188
 Average Recall     (AR) @[ IoU=0.50:0.95 | area= small | maxDets=100 ] = -1.000
 Average Recall     (AR) @[ IoU=0.50:0.95 | area=medium | maxDets=100 ] = 0.061
 Average Recall     (AR) @[ IoU=0.50:0.95 | area= large | maxDets=100 ] = 0.335
[I 2026-02-23 14:33:42,625] Trial 59 finished with value: 0.26952337620872496 and parameters: {'alpha': 4.6775707261749675, 'std_bias': 1.8887124817076515, 'opening_size': 3, 'closing_size': 7, 'dilate_size': 9, 'remove_small_blobs': 587, 'area_min': 1752, 'area_max': 90139, 'aspect_ratio_min': 0.24566664982849082, 'aspect_ratio_max': 4.96227680483875, 'fill_ratio_min': 0.2543158954909496, 'n_frames': 3, 'temporal_threshold': 0.6329864683131541, 'merge_distance': 46}. Best is trial 38 with value: 0.32117286645295584.
creating index...
index created!
Loading and preparing results...
DONE (t=0.02s)
creating index...
index created!
Running per image evaluation...
Evaluate annotation type *bbox*
DONE (t=2.31s).
Accumulating evaluation results...
DONE (t=0.36s).
 Average Precision  (AP) @[ IoU=0.50:0.95 | area=   all | maxDets=100 ] = 0.076
 Average Precision  (AP) @[ IoU=0.50      | area=   all | maxDets=100 ] = 0.182
 Average Precision  (AP) @[ IoU=0.75      | area=   all | maxDets=100 ] = 0.049
 Average Precision  (AP) @[ IoU=0.50:0.95 | area= small | maxDets=100 ] = -1.000
 Average Precision  (AP) @[ IoU=0.50:0.95 | area=medium | maxDets=100 ] = 0.004
 Average Precision  (AP) @[ IoU=0.50:0.95 | area= large | maxDets=100 ] = 0.177
 Average Recall     (AR) @[ IoU=0.50:0.95 | area=   all | maxDets=  1 ] = 0.088
 Average Recall     (AR) @[ IoU=0.50:0.95 | area=   all | maxDets= 10 ] = 0.142
 Average Recall     (AR) @[ IoU=0.50:0.95 | area=   all | maxDets=100 ] = 0.142
 Average Recall     (AR) @[ IoU=0.50:0.95 | area= small | maxDets=100 ] = -1.000
 Average Recall     (AR) @[ IoU=0.50:0.95 | area=medium | maxDets=100 ] = 0.026
 Average Recall     (AR) @[ IoU=0.50:0.95 | area= large | maxDets=100 ] = 0.278
[I 2026-02-23 14:38:09,101] Trial 67 finished with value: 0.18240779849386388 and parameters: {'alpha': 3.1122362115055253, 'std_bias': 2.4314124555094203, 'opening_size': 7, 'closing_size': 5, 'dilate_size': 7, 'remove_small_blobs': 702, 'area_min': 1565, 'area_max': 101971, 'aspect_ratio_min': 0.17005847159716345, 'aspect_ratio_max': 4.757575457508383, 'fill_ratio_min': 0.2821442578593579, 'n_frames': 2, 'temporal_threshold': 0.5470611901340782, 'merge_distance': 28}. Best is trial 38 with value: 0.32117286645295584.
creating index...
index created!
Loading and preparing results...
DONE (t=0.02s)
creating index...
index created!
Running per image evaluation...
Evaluate annotation type *bbox*
DONE (t=2.15s).
Accumulating evaluation results...
DONE (t=0.30s).
 Average Precision  (AP) @[ IoU=0.50:0.95 | area=   all | maxDets=100 ] = 0.153
 Average Precision  (AP) @[ IoU=0.50      | area=   all | maxDets=100 ] = 0.291
 Average Precision  (AP) @[ IoU=0.75      | area=   all | maxDets=100 ] = 0.143
 Average Precision  (AP) @[ IoU=0.50:0.95 | area= small | maxDets=100 ] = -1.000
 Average Precision  (AP) @[ IoU=0.50:0.95 | area=medium | maxDets=100 ] = 0.016
 Average Precision  (AP) @[ IoU=0.50:0.95 | area= large | maxDets=100 ] = 0.328
 Average Recall     (AR) @[ IoU=0.50:0.95 | area=   all | maxDets=  1 ] = 0.124
 Average Recall     (AR) @[ IoU=0.50:0.95 | area=   all | maxDets= 10 ] = 0.217
 Average Recall     (AR) @[ IoU=0.50:0.95 | area=   all | maxDets=100 ] = 0.217
 Average Recall     (AR) @[ IoU=0.50:0.95 | area= small | maxDets=100 ] = -1.000
 Average Recall     (AR) @[ IoU=0.50:0.95 | area=medium | maxDets=100 ] = 0.042
 Average Recall     (AR) @[ IoU=0.50:0.95 | area= large | maxDets=100 ] = 0.420
