[I 2026-02-23 13:56:26,248] Using an existing study with name 'still_with_temporal' instead of creating a new one.
Loading annotations and video...
Starting optimization for study 'still_with_temporal'
Using temporal detector: True
Database: optuna_still_with_temporal.db
Number of trials: 25

To run in parallel, execute this same command in multiple terminals.
--------------------------------------------------------------------------------
  0%|          | 0/25 [00:00<?, ?it/s]                                        0%|          | 0/25 [05:20<?, ?it/s]Best trial: 5. Best value: 0.249888:   0%|          | 0/25 [05:20<?, ?it/s]Best trial: 5. Best value: 0.249888:   4%|▍         | 1/25 [05:20<2:08:00, 320.02s/it]                                                                                      Best trial: 5. Best value: 0.249888:   4%|▍         | 1/25 [09:03<2:08:00, 320.02s/it]Best trial: 5. Best value: 0.249888:   4%|▍         | 1/25 [09:03<2:08:00, 320.02s/it]Best trial: 5. Best value: 0.249888:   8%|▊         | 2/25 [09:03<1:40:55, 263.27s/it]                                                                                      Best trial: 5. Best value: 0.249888:   8%|▊         | 2/25 [14:33<1:40:55, 263.27s/it]Best trial: 22. Best value: 0.297792:   8%|▊         | 2/25 [14:33<1:40:55, 263.27s/it]Best trial: 22. Best value: 0.297792:  12%|█▏        | 3/25 [14:33<1:47:44, 293.86s/it]                                                                                       Best trial: 22. Best value: 0.297792:  12%|█▏        | 3/25 [18:44<1:47:44, 293.86s/it]Best trial: 26. Best value: 0.31031:  12%|█▏        | 3/25 [18:44<1:47:44, 293.86s/it] Best trial: 26. Best value: 0.31031:  16%|█▌        | 4/25 [18:44<1:36:50, 276.69s/it]                                                                                      creating index...
index created!
Loading and preparing results...
DONE (t=0.03s)
creating index...
index created!
Running per image evaluation...
Evaluate annotation type *bbox*
DONE (t=2.46s).
Accumulating evaluation results...
DONE (t=0.36s).
 Average Precision  (AP) @[ IoU=0.50:0.95 | area=   all | maxDets=100 ] = 0.078
 Average Precision  (AP) @[ IoU=0.50      | area=   all | maxDets=100 ] = 0.182
 Average Precision  (AP) @[ IoU=0.75      | area=   all | maxDets=100 ] = 0.049
 Average Precision  (AP) @[ IoU=0.50:0.95 | area= small | maxDets=100 ] = -1.000
 Average Precision  (AP) @[ IoU=0.50:0.95 | area=medium | maxDets=100 ] = 0.004
 Average Precision  (AP) @[ IoU=0.50:0.95 | area= large | maxDets=100 ] = 0.182
 Average Recall     (AR) @[ IoU=0.50:0.95 | area=   all | maxDets=  1 ] = 0.088
 Average Recall     (AR) @[ IoU=0.50:0.95 | area=   all | maxDets= 10 ] = 0.145
 Average Recall     (AR) @[ IoU=0.50:0.95 | area=   all | maxDets=100 ] = 0.145
 Average Recall     (AR) @[ IoU=0.50:0.95 | area= small | maxDets=100 ] = -1.000
 Average Recall     (AR) @[ IoU=0.50:0.95 | area=medium | maxDets=100 ] = 0.027
 Average Recall     (AR) @[ IoU=0.50:0.95 | area= large | maxDets=100 ] = 0.283
[I 2026-02-23 14:01:46,271] Trial 3 finished with value: 0.18218789338376679 and parameters: {'alpha': 2.735073615252114, 'std_bias': 2.891328917951774, 'opening_size': 7, 'closing_size': 7, 'dilate_size': 5, 'remove_small_blobs': 196, 'area_min': 1415, 'area_max': 138894, 'aspect_ratio_min': 0.19514200768831658, 'aspect_ratio_max': 14.764855016499675, 'fill_ratio_min': 0.1180543935893454, 'n_frames': 2, 'temporal_threshold': 0.623501977025787, 'merge_distance': 21}. Best is trial 5 with value: 0.24988831893878444.
creating index...
index created!
Loading and preparing results...
DONE (t=0.00s)
creating index...
index created!
Running per image evaluation...
Evaluate annotation type *bbox*
DONE (t=1.41s).
Accumulating evaluation results...
DONE (t=0.21s).
 Average Precision  (AP) @[ IoU=0.50:0.95 | area=   all | maxDets=100 ] = 0.043
 Average Precision  (AP) @[ IoU=0.50      | area=   all | maxDets=100 ] = 0.102
 Average Precision  (AP) @[ IoU=0.75      | area=   all | maxDets=100 ] = 0.033
 Average Precision  (AP) @[ IoU=0.50:0.95 | area= small | maxDets=100 ] = -1.000
 Average Precision  (AP) @[ IoU=0.50:0.95 | area=medium | maxDets=100 ] = 0.001
 Average Precision  (AP) @[ IoU=0.50:0.95 | area= large | maxDets=100 ] = 0.149
 Average Recall     (AR) @[ IoU=0.50:0.95 | area=   all | maxDets=  1 ] = 0.065
 Average Recall     (AR) @[ IoU=0.50:0.95 | area=   all | maxDets= 10 ] = 0.121
 Average Recall     (AR) @[ IoU=0.50:0.95 | area=   all | maxDets=100 ] = 0.121
 Average Recall     (AR) @[ IoU=0.50:0.95 | area= small | maxDets=100 ] = -1.000
 Average Recall     (AR) @[ IoU=0.50:0.95 | area=medium | maxDets=100 ] = 0.006
 Average Recall     (AR) @[ IoU=0.50:0.95 | area= large | maxDets=100 ] = 0.255
[I 2026-02-23 14:05:29,818] Trial 13 finished with value: 0.10174081170246337 and parameters: {'alpha': 6.688409755200075, 'std_bias': 4.755174690929061, 'opening_size': 5, 'closing_size': 7, 'dilate_size': 7, 'remove_small_blobs': 730, 'area_min': 524, 'area_max': 124296, 'aspect_ratio_min': 0.14814779958682486, 'aspect_ratio_max': 8.032663949545341, 'fill_ratio_min': 0.12149274665284074, 'n_frames': 3, 'temporal_threshold': 0.3190645051154857, 'merge_distance': 12}. Best is trial 5 with value: 0.24988831893878444.
creating index...
index created!
Loading and preparing results...
DONE (t=0.05s)
creating index...
index created!
Running per image evaluation...
Evaluate annotation type *bbox*
DONE (t=3.75s).
Accumulating evaluation results...
DONE (t=0.63s).
 Average Precision  (AP) @[ IoU=0.50:0.95 | area=   all | maxDets=100 ] = 0.002
 Average Precision  (AP) @[ IoU=0.50      | area=   all | maxDets=100 ] = 0.006
 Average Precision  (AP) @[ IoU=0.75      | area=   all | maxDets=100 ] = 0.000
 Average Precision  (AP) @[ IoU=0.50:0.95 | area= small | maxDets=100 ] = -1.000
 Average Precision  (AP) @[ IoU=0.50:0.95 | area=medium | maxDets=100 ] = 0.001
 Average Precision  (AP) @[ IoU=0.50:0.95 | area= large | maxDets=100 ] = 0.003
 Average Recall     (AR) @[ IoU=0.50:0.95 | area=   all | maxDets=  1 ] = 0.003
 Average Recall     (AR) @[ IoU=0.50:0.95 | area=   all | maxDets= 10 ] = 0.030
 Average Recall     (AR) @[ IoU=0.50:0.95 | area=   all | maxDets=100 ] = 0.032
 Average Recall     (AR) @[ IoU=0.50:0.95 | area= small | maxDets=100 ] = -1.000
 Average Recall     (AR) @[ IoU=0.50:0.95 | area=medium | maxDets=100 ] = 0.044
 Average Recall     (AR) @[ IoU=0.50:0.95 | area= large | maxDets=100 ] = 0.018
[I 2026-02-23 14:11:00,076] Trial 18 finished with value: 0.005583796895566216 and parameters: {'alpha': 1.0682699445983848, 'std_bias': 3.506659190706517, 'opening_size': 3, 'closing_size': 13, 'dilate_size': 7, 'remove_small_blobs': 683, 'area_min': 1114, 'area_max': 148673, 'aspect_ratio_min': 0.24795640343532355, 'aspect_ratio_max': 4.102613267274121, 'fill_ratio_min': 0.29175604189830084, 'n_frames': 2, 'temporal_threshold': 0.419089318398615, 'merge_distance': 17}. Best is trial 22 with value: 0.297791625355221.
creating index...
index created!
Loading and preparing results...
DONE (t=0.14s)
creating index...
index created!
Running per image evaluation...
Evaluate annotation type *bbox*
DONE (t=2.39s).
Accumulating evaluation results...
DONE (t=0.39s).
 Average Precision  (AP) @[ IoU=0.50:0.95 | area=   all | maxDets=100 ] = 0.108
 Average Precision  (AP) @[ IoU=0.50      | area=   all | maxDets=100 ] = 0.239
 Average Precision  (AP) @[ IoU=0.75      | area=   all | maxDets=100 ] = 0.092
 Average Precision  (AP) @[ IoU=0.50:0.95 | area= small | maxDets=100 ] = -1.000
 Average Precision  (AP) @[ IoU=0.50:0.95 | area=medium | maxDets=100 ] = 0.022
 Average Precision  (AP) @[ IoU=0.50:0.95 | area= large | maxDets=100 ] = 0.246
 Average Recall     (AR) @[ IoU=0.50:0.95 | area=   all | maxDets=  1 ] = 0.088
 Average Recall     (AR) @[ IoU=0.50:0.95 | area=   all | maxDets= 10 ] = 0.222
 Average Recall     (AR) @[ IoU=0.50:0.95 | area=   all | maxDets=100 ] = 0.222
 Average Recall     (AR) @[ IoU=0.50:0.95 | area= small | maxDets=100 ] = -1.000
 Average Recall     (AR) @[ IoU=0.50:0.95 | area=medium | maxDets=100 ] = 0.117
 Average Recall     (AR) @[ IoU=0.50:0.95 | area= large | maxDets=100 ] = 0.344
[I 2026-02-23 14:15:10,439] Trial 28 finished with value: 0.23936634589893246 and parameters: {'alpha': 4.88226462901943, 'std_bias': 2.2038835273951944, 'opening_size': 3, 'closing_size': 20, 'dilate_size': 9, 'remove_small_blobs': 632, 'area_min': 918, 'area_max': 100892, 'aspect_ratio_min': 0.21353951771270357, 'aspect_ratio_max': 4.22204402035436, 'fill_ratio_min': 0.2751137724484138, 'n_frames': 2, 'temporal_threshold': 0.5606894700048022, 'merge_distance': 27}. Best is trial 26 with value: 0.31031001014171766.
creating index...
index created!
Loading and preparing results...
DONE (t=0.02s)
creating index...
index created!
Running per image evaluation...
Evaluate annotation type *bbox*
DONE (t=2.17s).
Accumulating evaluation results...
DONE (t=0.36s).
 Average Precision  (AP) @[ IoU=0.50:0.95 | area=   all | maxDets=100 ] = 0.080
 Average Precision  (AP) @[ IoU=0.50      | area=   all | maxDets=100 ] = 0.180
 Average Precision  (AP) @[ IoU=0.75      | area=   all | maxDets=100 ] = 0.058
 Average Precision  (AP) @[ IoU=0.50:0.95 | area= small | maxDets=100 ] = -1.000
 Average Precision  (AP) @[ IoU=0.50:0.95 | area=medium | maxDets=100 ] = 0.001
 Average Precision  (AP) @[ IoU=0.50:0.95 | area= large | maxDets=100 ] = 0.228
 Average Recall     (AR) @[ IoU=0.50:0.95 | area=   all | maxDets=  1 ] = 0.076
 Average Recall     (AR) @[ IoU=0.50:0.95 | area=   all | maxDets= 10 ] = 0.151
 Average Recall     (AR) @[ IoU=0.50:0.95 | area=   all | maxDets=100 ] = 0.152
 Average Recall     (AR) @[ IoU=0.50:0.95 | area= small | maxDets=100 ] = -1.000
 Average Recall     (AR) @[ IoU=0.50:0.95 | area=medium | maxDets=100 ] = 0.012
 Average Recall     (AR) @[ IoU=0.50:0.95 | area= large | maxDets=100 ] = 0.313
[I 2026-02-23 14:19:24,735] Trial 35 finished with value: 0.17979287545233652 and parameters: {'alpha': 3.445021668521844, 'std_bias': 3.8416296399040366, 'opening_size': 7, 'closing_size': 20, 'dilate_size': 7, 'remove_small_blobs': 544, 'area_min': 687, 'area_max': 109589, 'aspect_ratio_min': 0.20738248350767238, 'aspect_ratio_max': 9.257218181456368, 'fill_ratio_min': 0.26456664787805684, 'n_frames': 3, 'temporal_threshold': 0.5220819438789724, 'merge_distance': 49}. Best is trial 26 with value: 0.31031001014171766.Best trial: 26. Best value: 0.31031:  16%|█▌        | 4/25 [22:58<1:36:50, 276.69s/it]Best trial: 26. Best value: 0.31031:  16%|█▌        | 4/25 [22:58<1:36:50, 276.69s/it]Best trial: 26. Best value: 0.31031:  20%|██        | 5/25 [22:58<1:29:32, 268.61s/it]                                                                                      Best trial: 26. Best value: 0.31031:  20%|██        | 5/25 [27:26<1:29:32, 268.61s/it]Best trial: 38. Best value: 0.321173:  20%|██        | 5/25 [27:26<1:29:32, 268.61s/it]Best trial: 38. Best value: 0.321173:  24%|██▍       | 6/25 [27:26<1:25:00, 268.46s/it]                                                                                       Best trial: 38. Best value: 0.321173:  24%|██▍       | 6/25 [32:37<1:25:00, 268.46s/it]Best trial: 38. Best value: 0.321173:  24%|██▍       | 6/25 [32:37<1:25:00, 268.46s/it]Best trial: 38. Best value: 0.321173:  28%|██▊       | 7/25 [32:37<1:24:42, 282.36s/it]                                                                                       Best trial: 38. Best value: 0.321173:  28%|██▊       | 7/25 [36:39<1:24:42, 282.36s/it]Best trial: 38. Best value: 0.321173:  28%|██▊       | 7/25 [36:39<1:24:42, 282.36s/it]Best trial: 38. Best value: 0.321173:  32%|███▏      | 8/25 [36:39<1:16:23, 269.60s/it]                                                                                       Best trial: 38. Best value: 0.321173:  32%|███▏      | 8/25 [41:04<1:16:23, 269.60s/it]Best trial: 38. Best value: 0.321173:  32%|███▏      | 8/25 [41:04<1:16:23, 269.60s/it]Best trial: 38. Best value: 0.321173:  36%|███▌      | 9/25 [41:04<1:11:28, 268.01s/it]                                                                                       
creating index...
index created!
Loading and preparing results...
DONE (t=0.03s)
creating index...
index created!
Running per image evaluation...
Evaluate annotation type *bbox*
DONE (t=2.13s).
Accumulating evaluation results...
DONE (t=0.40s).
 Average Precision  (AP) @[ IoU=0.50:0.95 | area=   all | maxDets=100 ] = 0.099
 Average Precision  (AP) @[ IoU=0.50      | area=   all | maxDets=100 ] = 0.222
 Average Precision  (AP) @[ IoU=0.75      | area=   all | maxDets=100 ] = 0.070
 Average Precision  (AP) @[ IoU=0.50:0.95 | area= small | maxDets=100 ] = -1.000
 Average Precision  (AP) @[ IoU=0.50:0.95 | area=medium | maxDets=100 ] = 0.003
 Average Precision  (AP) @[ IoU=0.50:0.95 | area= large | maxDets=100 ] = 0.244
 Average Recall     (AR) @[ IoU=0.50:0.95 | area=   all | maxDets=  1 ] = 0.101
 Average Recall     (AR) @[ IoU=0.50:0.95 | area=   all | maxDets= 10 ] = 0.170
 Average Recall     (AR) @[ IoU=0.50:0.95 | area=   all | maxDets=100 ] = 0.171
 Average Recall     (AR) @[ IoU=0.50:0.95 | area= small | maxDets=100 ] = -1.000
 Average Recall     (AR) @[ IoU=0.50:0.95 | area=medium | maxDets=100 ] = 0.019
 Average Recall     (AR) @[ IoU=0.50:0.95 | area= large | maxDets=100 ] = 0.346
[I 2026-02-23 14:23:52,883] Trial 40 finished with value: 0.2222930445107206 and parameters: {'alpha': 4.297626294667581, 'std_bias': 2.6344527700937066, 'opening_size': 5, 'closing_size': 3, 'dilate_size': 9, 'remove_small_blobs': 505, 'area_min': 1191, 'area_max': 107951, 'aspect_ratio_min': 0.2273899774919461, 'aspect_ratio_max': 6.7470696654824565, 'fill_ratio_min': 0.23479798695865364, 'n_frames': 3, 'temporal_threshold': 0.6012317938075818, 'merge_distance': 30}. Best is trial 38 with value: 0.32117286645295584.
creating index...
index created!
Loading and preparing results...
DONE (t=0.02s)
creating index...
index created!
Running per image evaluation...
Evaluate annotation type *bbox*
DONE (t=2.50s).
Accumulating evaluation results...
DONE (t=0.39s).
 Average Precision  (AP) @[ IoU=0.50:0.95 | area=   all | maxDets=100 ] = 0.079
 Average Precision  (AP) @[ IoU=0.50      | area=   all | maxDets=100 ] = 0.224
 Average Precision  (AP) @[ IoU=0.75      | area=   all | maxDets=100 ] = 0.038
 Average Precision  (AP) @[ IoU=0.50:0.95 | area= small | maxDets=100 ] = -1.000
 Average Precision  (AP) @[ IoU=0.50:0.95 | area=medium | maxDets=100 ] = 0.029
 Average Precision  (AP) @[ IoU=0.50:0.95 | area= large | maxDets=100 ] = 0.138
 Average Recall     (AR) @[ IoU=0.50:0.95 | area=   all | maxDets=  1 ] = 0.083
 Average Recall     (AR) @[ IoU=0.50:0.95 | area=   all | maxDets= 10 ] = 0.162
 Average Recall     (AR) @[ IoU=0.50:0.95 | area=   all | maxDets=100 ] = 0.162
 Average Recall     (AR) @[ IoU=0.50:0.95 | area= small | maxDets=100 ] = -1.000
 Average Recall     (AR) @[ IoU=0.50:0.95 | area=medium | maxDets=100 ] = 0.105
 Average Recall     (AR) @[ IoU=0.50:0.95 | area= large | maxDets=100 ] = 0.229
[I 2026-02-23 14:29:03,871] Trial 52 finished with value: 0.22394673458676073 and parameters: {'alpha': 4.622497774110883, 'std_bias': 0.051696741037508875, 'opening_size': 3, 'closing_size': 17, 'dilate_size': 9, 'remove_small_blobs': 403, 'area_min': 1869, 'area_max': 141177, 'aspect_ratio_min': 0.23675306688203274, 'aspect_ratio_max': 8.60345767329654, 'fill_ratio_min': 0.1884760567364267, 'n_frames': 3, 'temporal_threshold': 0.5827545817901726, 'merge_distance': 33}. Best is trial 38 with value: 0.32117286645295584.
creating index...
index created!
Loading and preparing results...
DONE (t=0.01s)
creating index...
index created!
Running per image evaluation...
Evaluate annotation type *bbox*
DONE (t=1.45s).
Accumulating evaluation results...
DONE (t=0.35s).
 Average Precision  (AP) @[ IoU=0.50:0.95 | area=   all | maxDets=100 ] = 0.125
 Average Precision  (AP) @[ IoU=0.50      | area=   all | maxDets=100 ] = 0.235
 Average Precision  (AP) @[ IoU=0.75      | area=   all | maxDets=100 ] = 0.111
 Average Precision  (AP) @[ IoU=0.50:0.95 | area= small | maxDets=100 ] = -1.000
 Average Precision  (AP) @[ IoU=0.50:0.95 | area=medium | maxDets=100 ] = 0.002
 Average Precision  (AP) @[ IoU=0.50:0.95 | area= large | maxDets=100 ] = 0.312
 Average Recall     (AR) @[ IoU=0.50:0.95 | area=   all | maxDets=  1 ] = 0.134
 Average Recall     (AR) @[ IoU=0.50:0.95 | area=   all | maxDets= 10 ] = 0.191
 Average Recall     (AR) @[ IoU=0.50:0.95 | area=   all | maxDets=100 ] = 0.191
 Average Recall     (AR) @[ IoU=0.50:0.95 | area= small | maxDets=100 ] = -1.000
 Average Recall     (AR) @[ IoU=0.50:0.95 | area=medium | maxDets=100 ] = 0.008
 Average Recall     (AR) @[ IoU=0.50:0.95 | area= large | maxDets=100 ] = 0.403
[I 2026-02-23 14:33:06,171] Trial 60 finished with value: 0.23456666962599781 and parameters: {'alpha': 5.25637219620056, 'std_bias': 4.185241867019084, 'opening_size': 3, 'closing_size': 7, 'dilate_size': 7, 'remove_small_blobs': 594, 'area_min': 1727, 'area_max': 92187, 'aspect_ratio_min': 0.24506417634867694, 'aspect_ratio_max': 5.055604015272319, 'fill_ratio_min': 0.25384609251057566, 'n_frames': 3, 'temporal_threshold': 0.6382802760548091, 'merge_distance': 39}. Best is trial 38 with value: 0.32117286645295584.
creating index...
index created!
Loading and preparing results...
DONE (t=0.02s)
creating index...
index created!
Running per image evaluation...
Evaluate annotation type *bbox*
DONE (t=2.23s).
Accumulating evaluation results...
DONE (t=0.42s).
 Average Precision  (AP) @[ IoU=0.50:0.95 | area=   all | maxDets=100 ] = 0.117
 Average Precision  (AP) @[ IoU=0.50      | area=   all | maxDets=100 ] = 0.271
 Average Precision  (AP) @[ IoU=0.75      | area=   all | maxDets=100 ] = 0.075
 Average Precision  (AP) @[ IoU=0.50:0.95 | area= small | maxDets=100 ] = -1.000
 Average Precision  (AP) @[ IoU=0.50:0.95 | area=medium | maxDets=100 ] = 0.017
 Average Precision  (AP) @[ IoU=0.50:0.95 | area= large | maxDets=100 ] = 0.243
 Average Recall     (AR) @[ IoU=0.50:0.95 | area=   all | maxDets=  1 ] = 0.108
 Average Recall     (AR) @[ IoU=0.50:0.95 | area=   all | maxDets= 10 ] = 0.190
 Average Recall     (AR) @[ IoU=0.50:0.95 | area=   all | maxDets=100 ] = 0.190
 Average Recall     (AR) @[ IoU=0.50:0.95 | area= small | maxDets=100 ] = -1.000
 Average Recall     (AR) @[ IoU=0.50:0.95 | area=medium | maxDets=100 ] = 0.068
 Average Recall     (AR) @[ IoU=0.50:0.95 | area= large | maxDets=100 ] = 0.332
[I 2026-02-23 14:37:30,684] Trial 65 finished with value: 0.27131919869533955 and parameters: {'alpha': 4.042877479960186, 'std_bias': 1.786026377213691, 'opening_size': 3, 'closing_size': 5, 'dilate_size': 7, 'remove_small_blobs': 704, 'area_min': 1598, 'area_max': 100915, 'aspect_ratio_min': 0.16343296023536039, 'aspect_ratio_max': 5.239636473975346, 'fill_ratio_min': 0.2817246687487389, 'n_frames': 2, 'temporal_threshold': 0.6690023599173082, 'merge_distance': 33}. Best is trial 38 with value: 0.32117286645295584.
creating index...
index created!
Loading and preparing results...
DONE (t=0.02s)
creating index...
index created!
Running per image evaluation...
Evaluate annotation type *bbox*
DONE (t=2.41s).
Accumulating evaluation results...
DONE (t=0.33s).
 Average Precision  (AP) @[ IoU=0.50:0.95 | area=   all | maxDets=100 ] = 0.093
 Average Precision  (AP) @[ IoU=0.50      | area=   all | maxDets=100 ] = 0.241
 Average Precision  (AP) @[ IoU=0.75      | area=   all | maxDets=100 ] = 0.051
 Average Precision  (AP) @[ IoU=0.50:0.95 | area= small | maxDets=100 ] = -1.000
 Average Precision  (AP) @[ IoU=0.50:0.95 | area=medium | maxDets=100 ] = 0.009
 Average Precision  (AP) @[ IoU=0.50:0.95 | area= large | maxDets=100 ] = 0.201
 Average Recall     (AR) @[ IoU=0.50:0.95 | area=   all | maxDets=  1 ] = 0.087
 Average Recall     (AR) @[ IoU=0.50:0.95 | area=   all | maxDets= 10 ] = 0.151
 Average Recall     (AR) @[ IoU=0.50:0.95 | area=   all | maxDets=100 ] = 0.151
 Average Recall     (AR) @[ IoU=0.50:0.95 | area= small | maxDets=100 ] = -1.000
 Average Recall     (AR) @[ IoU=0.50:0.95 | area=medium | maxDets=100 ] = 0.038
 Average Recall     (AR) @[ IoU=0.50:0.95 | area= large | maxDets=100 ] = 0.281
