[I 2026-02-23 15:33:10,908] Trial 167 finished with value: 0.28148945736999187 and parameters: {'alpha': 4.376394908619451, 'std_bias': 3.63471260492642, 'opening_size': 3, 'closing_size': 3, 'dilate_size': 5, 'remove_small_blobs': 293, 'area_min': 1550, 'area_max': 147915, 'aspect_ratio_min': 0.13157020049534737, 'aspect_ratio_max': 12.692852768933726, 'fill_ratio_min': 0.212438212003902, 'n_frames': 2, 'temporal_threshold': 0.43243480160712605, 'merge_distance': 16}. Best is trial 101 with value: 0.35127376327781606.Best trial: 101. Best value: 0.351274:  76%|███████▌  | 19/25 [1:36:39<27:25, 274.28s/it]Best trial: 101. Best value: 0.351274:  76%|███████▌  | 19/25 [1:36:39<27:25, 274.28s/it]Best trial: 101. Best value: 0.351274:  80%|████████  | 20/25 [1:36:39<22:49, 273.80s/it]                                                                                         Best trial: 101. Best value: 0.351274:  80%|████████  | 20/25 [1:40:50<22:49, 273.80s/it]Best trial: 172. Best value: 0.353745:  80%|████████  | 20/25 [1:40:50<22:49, 273.80s/it]Best trial: 172. Best value: 0.353745:  84%|████████▍ | 21/25 [1:40:50<17:48, 267.04s/it]                                                                                         Best trial: 172. Best value: 0.353745:  84%|████████▍ | 21/25 [1:45:17<17:48, 267.04s/it]Best trial: 172. Best value: 0.353745:  84%|████████▍ | 21/25 [1:45:17<17:48, 267.04s/it]Best trial: 172. Best value: 0.353745:  88%|████████▊ | 22/25 [1:45:17<13:20, 266.80s/it]                                                                                         Best trial: 172. Best value: 0.353745:  88%|████████▊ | 22/25 [1:49:31<13:20, 266.80s/it]Best trial: 172. Best value: 0.353745:  88%|████████▊ | 22/25 [1:49:31<13:20, 266.80s/it]Best trial: 172. Best value: 0.353745:  92%|█████████▏| 23/25 [1:49:31<08:46, 263.13s/it]                                                                                         Best trial: 172. Best value: 0.353745:  92%|█████████▏| 23/25 [1:52:59<08:46, 263.13s/it]Best trial: 197. Best value: 0.359416:  92%|█████████▏| 23/25 [1:52:59<08:46, 263.13s/it]Best trial: 197. Best value: 0.359416:  96%|█████████▌| 24/25 [1:52:59<04:06, 246.46s/it]                                                                                         
creating index...
index created!
Loading and preparing results...
DONE (t=0.01s)
creating index...
index created!
Running per image evaluation...
Evaluate annotation type *bbox*
DONE (t=2.05s).
Accumulating evaluation results...
DONE (t=0.33s).
 Average Precision  (AP) @[ IoU=0.50:0.95 | area=   all | maxDets=100 ] = 0.074
 Average Precision  (AP) @[ IoU=0.50      | area=   all | maxDets=100 ] = 0.171
 Average Precision  (AP) @[ IoU=0.75      | area=   all | maxDets=100 ] = 0.057
 Average Precision  (AP) @[ IoU=0.50:0.95 | area= small | maxDets=100 ] = -1.000
 Average Precision  (AP) @[ IoU=0.50:0.95 | area=medium | maxDets=100 ] = 0.001
 Average Precision  (AP) @[ IoU=0.50:0.95 | area= large | maxDets=100 ] = 0.193
 Average Recall     (AR) @[ IoU=0.50:0.95 | area=   all | maxDets=  1 ] = 0.090
 Average Recall     (AR) @[ IoU=0.50:0.95 | area=   all | maxDets= 10 ] = 0.150
 Average Recall     (AR) @[ IoU=0.50:0.95 | area=   all | maxDets=100 ] = 0.150
 Average Recall     (AR) @[ IoU=0.50:0.95 | area= small | maxDets=100 ] = -1.000
 Average Recall     (AR) @[ IoU=0.50:0.95 | area=medium | maxDets=100 ] = 0.008
 Average Recall     (AR) @[ IoU=0.50:0.95 | area= large | maxDets=100 ] = 0.315
[I 2026-02-23 15:37:22,163] Trial 175 finished with value: 0.17107655201819874 and parameters: {'alpha': 4.016954140634577, 'std_bias': 3.8776962176461396, 'opening_size': 7, 'closing_size': 20, 'dilate_size': 5, 'remove_small_blobs': 255, 'area_min': 1592, 'area_max': 144090, 'aspect_ratio_min': 0.18640348024556375, 'aspect_ratio_max': 12.216971958529811, 'fill_ratio_min': 0.24371842434887497, 'n_frames': 2, 'temporal_threshold': 0.35753947528141355, 'merge_distance': 17}. Best is trial 172 with value: 0.3537450675064908.
creating index...
index created!
Loading and preparing results...
DONE (t=0.03s)
creating index...
index created!
Running per image evaluation...
Evaluate annotation type *bbox*
DONE (t=2.20s).
Accumulating evaluation results...
DONE (t=0.37s).
 Average Precision  (AP) @[ IoU=0.50:0.95 | area=   all | maxDets=100 ] = 0.169
 Average Precision  (AP) @[ IoU=0.50      | area=   all | maxDets=100 ] = 0.305
 Average Precision  (AP) @[ IoU=0.75      | area=   all | maxDets=100 ] = 0.164
 Average Precision  (AP) @[ IoU=0.50:0.95 | area= small | maxDets=100 ] = -1.000
 Average Precision  (AP) @[ IoU=0.50:0.95 | area=medium | maxDets=100 ] = 0.016
 Average Precision  (AP) @[ IoU=0.50:0.95 | area= large | maxDets=100 ] = 0.368
 Average Recall     (AR) @[ IoU=0.50:0.95 | area=   all | maxDets=  1 ] = 0.140
 Average Recall     (AR) @[ IoU=0.50:0.95 | area=   all | maxDets= 10 ] = 0.243
 Average Recall     (AR) @[ IoU=0.50:0.95 | area=   all | maxDets=100 ] = 0.243
 Average Recall     (AR) @[ IoU=0.50:0.95 | area= small | maxDets=100 ] = -1.000
 Average Recall     (AR) @[ IoU=0.50:0.95 | area=medium | maxDets=100 ] = 0.053
 Average Recall     (AR) @[ IoU=0.50:0.95 | area= large | maxDets=100 ] = 0.464
[I 2026-02-23 15:41:48,417] Trial 183 finished with value: 0.3050428140472282 and parameters: {'alpha': 4.263056706668259, 'std_bias': 3.8069337605549998, 'opening_size': 3, 'closing_size': 9, 'dilate_size': 5, 'remove_small_blobs': 309, 'area_min': 1523, 'area_max': 115525, 'aspect_ratio_min': 0.13561374602644227, 'aspect_ratio_max': 13.249546021827122, 'fill_ratio_min': 0.20243317881418055, 'n_frames': 2, 'temporal_threshold': 0.4893239074862658, 'merge_distance': 12}. Best is trial 172 with value: 0.3537450675064908.
creating index...
index created!
Loading and preparing results...
DONE (t=0.02s)
creating index...
index created!
Running per image evaluation...
Evaluate annotation type *bbox*
DONE (t=2.48s).
Accumulating evaluation results...
DONE (t=0.35s).
 Average Precision  (AP) @[ IoU=0.50:0.95 | area=   all | maxDets=100 ] = 0.182
 Average Precision  (AP) @[ IoU=0.50      | area=   all | maxDets=100 ] = 0.351
 Average Precision  (AP) @[ IoU=0.75      | area=   all | maxDets=100 ] = 0.170
 Average Precision  (AP) @[ IoU=0.50:0.95 | area= small | maxDets=100 ] = -1.000
 Average Precision  (AP) @[ IoU=0.50:0.95 | area=medium | maxDets=100 ] = 0.041
 Average Precision  (AP) @[ IoU=0.50:0.95 | area= large | maxDets=100 ] = 0.352
 Average Recall     (AR) @[ IoU=0.50:0.95 | area=   all | maxDets=  1 ] = 0.139
 Average Recall     (AR) @[ IoU=0.50:0.95 | area=   all | maxDets= 10 ] = 0.267
 Average Recall     (AR) @[ IoU=0.50:0.95 | area=   all | maxDets=100 ] = 0.268
 Average Recall     (AR) @[ IoU=0.50:0.95 | area= small | maxDets=100 ] = -1.000
 Average Recall     (AR) @[ IoU=0.50:0.95 | area=medium | maxDets=100 ] = 0.104
 Average Recall     (AR) @[ IoU=0.50:0.95 | area= large | maxDets=100 ] = 0.457
[I 2026-02-23 15:46:02,982] Trial 191 finished with value: 0.35127064987439854 and parameters: {'alpha': 4.439044485508089, 'std_bias': 3.605405291993858, 'opening_size': 3, 'closing_size': 20, 'dilate_size': 5, 'remove_small_blobs': 231, 'area_min': 1499, 'area_max': 145144, 'aspect_ratio_min': 0.1249952362286286, 'aspect_ratio_max': 12.995880963424952, 'fill_ratio_min': 0.19675081507250833, 'n_frames': 2, 'temporal_threshold': 0.49537678637715926, 'merge_distance': 14}. Best is trial 172 with value: 0.3537450675064908.
creating index...
index created!
Loading and preparing results...
DONE (t=0.01s)
creating index...
index created!
Running per image evaluation...
Evaluate annotation type *bbox*
DONE (t=1.28s).
Accumulating evaluation results...
DONE (t=0.19s).
 Average Precision  (AP) @[ IoU=0.50:0.95 | area=   all | maxDets=100 ] = 0.189
 Average Precision  (AP) @[ IoU=0.50      | area=   all | maxDets=100 ] = 0.359
 Average Precision  (AP) @[ IoU=0.75      | area=   all | maxDets=100 ] = 0.173
 Average Precision  (AP) @[ IoU=0.50:0.95 | area= small | maxDets=100 ] = -1.000
 Average Precision  (AP) @[ IoU=0.50:0.95 | area=medium | maxDets=100 ] = 0.049
 Average Precision  (AP) @[ IoU=0.50:0.95 | area= large | maxDets=100 ] = 0.353
 Average Recall     (AR) @[ IoU=0.50:0.95 | area=   all | maxDets=  1 ] = 0.142
 Average Recall     (AR) @[ IoU=0.50:0.95 | area=   all | maxDets= 10 ] = 0.270
 Average Recall     (AR) @[ IoU=0.50:0.95 | area=   all | maxDets=100 ] = 0.270
 Average Recall     (AR) @[ IoU=0.50:0.95 | area= small | maxDets=100 ] = -1.000
 Average Recall     (AR) @[ IoU=0.50:0.95 | area=medium | maxDets=100 ] = 0.108
 Average Recall     (AR) @[ IoU=0.50:0.95 | area= large | maxDets=100 ] = 0.459
[I 2026-02-23 15:49:30,569] Trial 197 finished with value: 0.3594158789676991 and parameters: {'alpha': 4.2821679242235335, 'std_bias': 3.949447531925557, 'opening_size': 3, 'closing_size': 20, 'dilate_size': 5, 'remove_small_blobs': 348, 'area_min': 1621, 'area_max': 149999, 'aspect_ratio_min': 0.1251467890700137, 'aspect_ratio_max': 13.574064103435132, 'fill_ratio_min': 0.19163024932108572, 'n_frames': 2, 'temporal_threshold': 0.5156808226966183, 'merge_distance': 20}. Best is trial 197 with value: 0.3594158789676991.
creating index...
index created!
Loading and preparing results...
DONE (t=0.01s)
creating index...
index created!
Running per image evaluation...
Evaluate annotation type *bbox*
DONE (t=1.04s).
Accumulating evaluation results...
DONE (t=0.15s).
 Average Precision  (AP) @[ IoU=0.50:0.95 | area=   all | maxDets=100 ] = 0.191
 Average Precision  (AP) @[ IoU=0.50      | area=   all | maxDets=100 ] = 0.349
 Average Precision  (AP) @[ IoU=0.75      | area=   all | maxDets=100 ] = 0.189
 Average Precision  (AP) @[ IoU=0.50:0.95 | area= small | maxDets=100 ] = -1.000
 Average Precision  (AP) @[ IoU=0.50:0.95 | area=medium | maxDets=100 ] = 0.041
 Average Precision  (AP) @[ IoU=0.50:0.95 | area= large | maxDets=100 ] = 0.368
 Average Recall     (AR) @[ IoU=0.50:0.95 | area=   all | maxDets=  1 ] = 0.146
 Average Recall     (AR) @[ IoU=0.50:0.95 | area=   all | maxDets= 10 ] = 0.262
 Average Recall     (AR) @[ IoU=0.50:0.95 | area=   all | maxDets=100 ] = 0.262
 Average Recall     (AR) @[ IoU=0.50:0.95 | area= small | maxDets=100 ] = -1.000
 Average Recall     (AR) @[ IoU=0.50:0.95 | area=medium | maxDets=100 ] = 0.082
 Average Recall     (AR) @[ IoU=0.50:0.95 | area= large | maxDets=100 ] = 0.471
[I 2026-02-23 15:52:03,411] Trial 199 finished with value: 0.34890094555030043 and parameters: {'alpha': 4.28365985183495, 'std_bias': 4.200385224335237, 'opening_size': 3, 'closing_size': 20, 'dilate_size': 5, 'remove_small_blobs': 343, 'area_min': 1961, 'area_max': 148464, 'aspect_ratio_min': 0.12066687628531195, 'aspect_ratio_max': 14.328096971045102, 'fill_ratio_min': 0.1826204795171314, 'n_frames': 2, 'temporal_threshold': 0.49923651645231293, 'merge_distance': 21}. Best is trial 197 with value: 0.3594158789676991.Best trial: 197. Best value: 0.359416:  96%|█████████▌| 24/25 [1:55:32<04:06, 246.46s/it]Best trial: 197. Best value: 0.359416:  96%|█████████▌| 24/25 [1:55:32<04:06, 246.46s/it]Best trial: 197. Best value: 0.359416: 100%|██████████| 25/25 [1:55:32<00:00, 218.37s/it]Best trial: 197. Best value: 0.359416: 100%|██████████| 25/25 [1:55:32<00:00, 277.28s/it]


================================================================================
OPTIMIZATION COMPLETE
================================================================================

Best AP50: 0.3594

Best hyperparameters:
  alpha: 4.2821679242235335
  std_bias: 3.949447531925557
  opening_size: 3
  closing_size: 20
  dilate_size: 5
  remove_small_blobs: 348
  area_min: 1621
  area_max: 149999
  aspect_ratio_min: 0.1251467890700137
  aspect_ratio_max: 13.574064103435132
  fill_ratio_min: 0.19163024932108572
  n_frames: 2
  temporal_threshold: 0.5156808226966183
  merge_distance: 20

Total trials completed: 200
Results saved to: optuna_still_with_temporal.db

To visualize results, use optuna-dashboard:
  optuna-dashboard sqlite:///optuna_still_with_temporal.db
