[I 2026-02-23 12:12:42,524] Using an existing study with name 'still_no_temporal' instead of creating a new one.
Loading annotations and video...
Starting optimization for study 'still_no_temporal'
Using temporal detector: False
Database: optuna_still_no_temporal.db
Number of trials: 25

To run in parallel, execute this same command in multiple terminals.
--------------------------------------------------------------------------------
  0%|          | 0/25 [00:00<?, ?it/s]                                        0%|          | 0/25 [03:21<?, ?it/s]Best trial: 4. Best value: 0.27257:   0%|          | 0/25 [03:21<?, ?it/s]Best trial: 4. Best value: 0.27257:   4%|▍         | 1/25 [03:21<1:20:32, 201.34s/it]                                                                                     Best trial: 4. Best value: 0.27257:   4%|▍         | 1/25 [07:46<1:20:32, 201.34s/it]Best trial: 4. Best value: 0.27257:   4%|▍         | 1/25 [07:46<1:20:32, 201.34s/it]Best trial: 4. Best value: 0.27257:   8%|▊         | 2/25 [07:46<1:31:31, 238.78s/it]                                                                                     Best trial: 4. Best value: 0.27257:   8%|▊         | 2/25 [11:05<1:31:31, 238.78s/it]Best trial: 4. Best value: 0.27257:   8%|▊         | 2/25 [11:05<1:31:31, 238.78s/it]Best trial: 4. Best value: 0.27257:  12%|█▏        | 3/25 [11:05<1:20:57, 220.77s/it]                                                                                     Best trial: 4. Best value: 0.27257:  12%|█▏        | 3/25 [15:04<1:20:57, 220.77s/it]Best trial: 25. Best value: 0.291943:  12%|█▏        | 3/25 [15:04<1:20:57, 220.77s/it]Best trial: 25. Best value: 0.291943:  16%|█▌        | 4/25 [15:04<1:19:47, 227.96s/it]                                                                                       creating index...
index created!
Loading and preparing results...
DONE (t=0.01s)
creating index...
index created!
Running per image evaluation...
Evaluate annotation type *bbox*
DONE (t=1.67s).
Accumulating evaluation results...
DONE (t=0.30s).
 Average Precision  (AP) @[ IoU=0.50:0.95 | area=   all | maxDets=100 ] = 0.064
 Average Precision  (AP) @[ IoU=0.50      | area=   all | maxDets=100 ] = 0.144
 Average Precision  (AP) @[ IoU=0.75      | area=   all | maxDets=100 ] = 0.052
 Average Precision  (AP) @[ IoU=0.50:0.95 | area= small | maxDets=100 ] = -1.000
 Average Precision  (AP) @[ IoU=0.50:0.95 | area=medium | maxDets=100 ] = 0.001
 Average Precision  (AP) @[ IoU=0.50:0.95 | area= large | maxDets=100 ] = 0.193
 Average Recall     (AR) @[ IoU=0.50:0.95 | area=   all | maxDets=  1 ] = 0.082
 Average Recall     (AR) @[ IoU=0.50:0.95 | area=   all | maxDets= 10 ] = 0.149
 Average Recall     (AR) @[ IoU=0.50:0.95 | area=   all | maxDets=100 ] = 0.150
 Average Recall     (AR) @[ IoU=0.50:0.95 | area= small | maxDets=100 ] = -1.000
 Average Recall     (AR) @[ IoU=0.50:0.95 | area=medium | maxDets=100 ] = 0.009
 Average Recall     (AR) @[ IoU=0.50:0.95 | area= large | maxDets=100 ] = 0.313
[I 2026-02-23 12:16:03,854] Trial 6 finished with value: 0.14441550230752376 and parameters: {'alpha': 5.969739081987042, 'std_bias': 3.480747881496844, 'opening_size': 7, 'closing_size': 20, 'dilate_size': 9, 'remove_small_blobs': 658, 'area_min': 951, 'area_max': 106171, 'aspect_ratio_min': 0.12108915148057978, 'aspect_ratio_max': 8.260298549680064, 'fill_ratio_min': 0.26435536101485235, 'merge_distance': 30}. Best is trial 4 with value: 0.2725697418499596.
creating index...
index created!
Loading and preparing results...
DONE (t=0.03s)
creating index...
index created!
Running per image evaluation...
Evaluate annotation type *bbox*
DONE (t=2.51s).
Accumulating evaluation results...
DONE (t=0.47s).
 Average Precision  (AP) @[ IoU=0.50:0.95 | area=   all | maxDets=100 ] = 0.036
 Average Precision  (AP) @[ IoU=0.50      | area=   all | maxDets=100 ] = 0.111
 Average Precision  (AP) @[ IoU=0.75      | area=   all | maxDets=100 ] = 0.019
 Average Precision  (AP) @[ IoU=0.50:0.95 | area= small | maxDets=100 ] = -1.000
 Average Precision  (AP) @[ IoU=0.50:0.95 | area=medium | maxDets=100 ] = 0.033
 Average Precision  (AP) @[ IoU=0.50:0.95 | area= large | maxDets=100 ] = 0.044
 Average Recall     (AR) @[ IoU=0.50:0.95 | area=   all | maxDets=  1 ] = 0.075
 Average Recall     (AR) @[ IoU=0.50:0.95 | area=   all | maxDets= 10 ] = 0.138
 Average Recall     (AR) @[ IoU=0.50:0.95 | area=   all | maxDets=100 ] = 0.138
 Average Recall     (AR) @[ IoU=0.50:0.95 | area= small | maxDets=100 ] = -1.000
 Average Recall     (AR) @[ IoU=0.50:0.95 | area=medium | maxDets=100 ] = 0.138
 Average Recall     (AR) @[ IoU=0.50:0.95 | area= large | maxDets=100 ] = 0.139
[I 2026-02-23 12:20:28,858] Trial 10 finished with value: 0.11104096745079653 and parameters: {'alpha': 3.6249482109493485, 'std_bias': 0.046376922878960114, 'opening_size': 3, 'closing_size': 11, 'dilate_size': 7, 'remove_small_blobs': 708, 'area_min': 1697, 'area_max': 82505, 'aspect_ratio_min': 0.10721755433262314, 'aspect_ratio_max': 12.52496833337306, 'fill_ratio_min': 0.29023690917199585, 'merge_distance': 49}. Best is trial 4 with value: 0.2725697418499596.
creating index...
index created!
Loading and preparing results...
DONE (t=0.01s)
creating index...
index created!
Running per image evaluation...
Evaluate annotation type *bbox*
DONE (t=1.53s).
Accumulating evaluation results...
DONE (t=0.48s).
 Average Precision  (AP) @[ IoU=0.50:0.95 | area=   all | maxDets=100 ] = 0.077
 Average Precision  (AP) @[ IoU=0.50      | area=   all | maxDets=100 ] = 0.159
 Average Precision  (AP) @[ IoU=0.75      | area=   all | maxDets=100 ] = 0.069
 Average Precision  (AP) @[ IoU=0.50:0.95 | area= small | maxDets=100 ] = -1.000
 Average Precision  (AP) @[ IoU=0.50:0.95 | area=medium | maxDets=100 ] = 0.001
 Average Precision  (AP) @[ IoU=0.50:0.95 | area= large | maxDets=100 ] = 0.231
 Average Recall     (AR) @[ IoU=0.50:0.95 | area=   all | maxDets=  1 ] = 0.093
 Average Recall     (AR) @[ IoU=0.50:0.95 | area=   all | maxDets= 10 ] = 0.177
 Average Recall     (AR) @[ IoU=0.50:0.95 | area=   all | maxDets=100 ] = 0.177
 Average Recall     (AR) @[ IoU=0.50:0.95 | area= small | maxDets=100 ] = -1.000
 Average Recall     (AR) @[ IoU=0.50:0.95 | area=medium | maxDets=100 ] = 0.011
 Average Recall     (AR) @[ IoU=0.50:0.95 | area= large | maxDets=100 ] = 0.369
[I 2026-02-23 12:23:48,208] Trial 17 finished with value: 0.15930234298515156 and parameters: {'alpha': 4.972904128849388, 'std_bias': 4.9610188784675, 'opening_size': 5, 'closing_size': 9, 'dilate_size': 7, 'remove_small_blobs': 996, 'area_min': 510, 'area_max': 110632, 'aspect_ratio_min': 0.23260041097316692, 'aspect_ratio_max': 10.485828952787339, 'fill_ratio_min': 0.18504671576359888, 'merge_distance': 10}. Best is trial 4 with value: 0.2725697418499596.
creating index...
index created!
Loading and preparing results...
DONE (t=0.03s)
creating index...
index created!
Running per image evaluation...
Evaluate annotation type *bbox*
DONE (t=2.92s).
Accumulating evaluation results...
DONE (t=0.40s).
 Average Precision  (AP) @[ IoU=0.50:0.95 | area=   all | maxDets=100 ] = 0.113
 Average Precision  (AP) @[ IoU=0.50      | area=   all | maxDets=100 ] = 0.292
 Average Precision  (AP) @[ IoU=0.75      | area=   all | maxDets=100 ] = 0.065
 Average Precision  (AP) @[ IoU=0.50:0.95 | area= small | maxDets=100 ] = -1.000
 Average Precision  (AP) @[ IoU=0.50:0.95 | area=medium | maxDets=100 ] = 0.026
 Average Precision  (AP) @[ IoU=0.50:0.95 | area= large | maxDets=100 ] = 0.219
 Average Recall     (AR) @[ IoU=0.50:0.95 | area=   all | maxDets=  1 ] = 0.106
 Average Recall     (AR) @[ IoU=0.50:0.95 | area=   all | maxDets= 10 ] = 0.187
 Average Recall     (AR) @[ IoU=0.50:0.95 | area=   all | maxDets=100 ] = 0.188
 Average Recall     (AR) @[ IoU=0.50:0.95 | area= small | maxDets=100 ] = -1.000
 Average Recall     (AR) @[ IoU=0.50:0.95 | area=medium | maxDets=100 ] = 0.084
 Average Recall     (AR) @[ IoU=0.50:0.95 | area= large | maxDets=100 ] = 0.309
[I 2026-02-23 12:27:47,165] Trial 25 finished with value: 0.2919433882459592 and parameters: {'alpha': 2.8050718962637715, 'std_bias': 2.7639046889929357, 'opening_size': 5, 'closing_size': 5, 'dilate_size': 7, 'remove_small_blobs': 856, 'area_min': 1599, 'area_max': 149147, 'aspect_ratio_min': 0.10611340898438468, 'aspect_ratio_max': 14.771396221159428, 'fill_ratio_min': 0.1065409437617128, 'merge_distance': 26}. Best is trial 25 with value: 0.2919433882459592.
creating index...
index created!
Loading and preparing results...
DONE (t=0.02s)
creating index...
index created!
Running per image evaluation...
Evaluate annotation type *bbox*
DONE (t=2.07s).
Accumulating evaluation results...
DONE (t=0.34s).
 Average Precision  (AP) @[ IoU=0.50:0.95 | area=   all | maxDets=100 ] = 0.087
 Average Precision  (AP) @[ IoU=0.50      | area=   all | maxDets=100 ] = 0.241
 Average Precision  (AP) @[ IoU=0.75      | area=   all | maxDets=100 ] = 0.045
 Average Precision  (AP) @[ IoU=0.50:0.95 | area= small | maxDets=100 ] = -1.000
 Average Precision  (AP) @[ IoU=0.50:0.95 | area=medium | maxDets=100 ] = 0.070
 Average Precision  (AP) @[ IoU=0.50:0.95 | area= large | maxDets=100 ] = 0.115
 Average Recall     (AR) @[ IoU=0.50:0.95 | area=   all | maxDets=  1 ] = 0.096
 Average Recall     (AR) @[ IoU=0.50:0.95 | area=   all | maxDets= 10 ] = 0.226
 Average Recall     (AR) @[ IoU=0.50:0.95 | area=   all | maxDets=100 ] = 0.226
 Average Recall     (AR) @[ IoU=0.50:0.95 | area= small | maxDets=100 ] = -1.000
 Average Recall     (AR) @[ IoU=0.50:0.95 | area=medium | maxDets=100 ] = 0.231
 Average Recall     (AR) @[ IoU=0.50:0.95 | area= large | maxDets=100 ] = 0.221
[I 2026-02-23 12:31:52,875] Trial 33 finished with value: 0.24061888812209734 and parameters: {'alpha': 2.6599279382938295, 'std_bias': 2.585348722056263, 'opening_size': 3, 'closing_size': 5, 'dilate_size': 7, 'remove_small_blobs': 831, 'area_min': 1638, 'area_max': 144704, 'aspect_ratio_min': 0.13280597959157175, 'aspect_ratio_max': 8.307614594345328, 'fill_ratio_min': 0.1038469770521869, 'merge_distance': 20}. Best is trial 25 with value: 0.2919433882459592.Best trial: 25. Best value: 0.291943:  16%|█▌        | 4/25 [19:10<1:19:47, 227.96s/it]Best trial: 25. Best value: 0.291943:  16%|█▌        | 4/25 [19:10<1:19:47, 227.96s/it]Best trial: 25. Best value: 0.291943:  20%|██        | 5/25 [19:10<1:18:07, 234.36s/it]                                                                                       Best trial: 25. Best value: 0.291943:  20%|██        | 5/25 [22:24<1:18:07, 234.36s/it]Best trial: 25. Best value: 0.291943:  20%|██        | 5/25 [22:24<1:18:07, 234.36s/it]Best trial: 25. Best value: 0.291943:  24%|██▍       | 6/25 [22:24<1:09:55, 220.82s/it]                                                                                       Best trial: 25. Best value: 0.291943:  24%|██▍       | 6/25 [26:49<1:09:55, 220.82s/it]Best trial: 45. Best value: 0.29937:  24%|██▍       | 6/25 [26:49<1:09:55, 220.82s/it] Best trial: 45. Best value: 0.29937:  28%|██▊       | 7/25 [26:49<1:10:34, 235.27s/it]                                                                                      Best trial: 45. Best value: 0.29937:  28%|██▊       | 7/25 [30:48<1:10:34, 235.27s/it]Best trial: 53. Best value: 0.30211:  28%|██▊       | 7/25 [30:48<1:10:34, 235.27s/it]Best trial: 53. Best value: 0.30211:  32%|███▏      | 8/25 [30:48<1:06:56, 236.26s/it]                                                                                      Best trial: 53. Best value: 0.30211:  32%|███▏      | 8/25 [34:47<1:06:56, 236.26s/it]Best trial: 59. Best value: 0.308346:  32%|███▏      | 8/25 [34:47<1:06:56, 236.26s/it]Best trial: 59. Best value: 0.308346:  36%|███▌      | 9/25 [34:47<1:03:14, 237.19s/it]                                                                                       
creating index...
index created!
Loading and preparing results...
DONE (t=0.00s)
creating index...
index created!
Running per image evaluation...
Evaluate annotation type *bbox*
DONE (t=1.24s).
Accumulating evaluation results...
DONE (t=0.16s).
 Average Precision  (AP) @[ IoU=0.50:0.95 | area=   all | maxDets=100 ] = 0.074
 Average Precision  (AP) @[ IoU=0.50      | area=   all | maxDets=100 ] = 0.160
 Average Precision  (AP) @[ IoU=0.75      | area=   all | maxDets=100 ] = 0.061
 Average Precision  (AP) @[ IoU=0.50:0.95 | area= small | maxDets=100 ] = -1.000
 Average Precision  (AP) @[ IoU=0.50:0.95 | area=medium | maxDets=100 ] = 0.002
 Average Precision  (AP) @[ IoU=0.50:0.95 | area= large | maxDets=100 ] = 0.193
 Average Recall     (AR) @[ IoU=0.50:0.95 | area=   all | maxDets=  1 ] = 0.099
 Average Recall     (AR) @[ IoU=0.50:0.95 | area=   all | maxDets= 10 ] = 0.149
 Average Recall     (AR) @[ IoU=0.50:0.95 | area=   all | maxDets=100 ] = 0.149
 Average Recall     (AR) @[ IoU=0.50:0.95 | area= small | maxDets=100 ] = -1.000
 Average Recall     (AR) @[ IoU=0.50:0.95 | area=medium | maxDets=100 ] = 0.007
 Average Recall     (AR) @[ IoU=0.50:0.95 | area= large | maxDets=100 ] = 0.313
[I 2026-02-23 12:35:07,420] Trial 41 finished with value: 0.16019205917366994 and parameters: {'alpha': 6.271293512210719, 'std_bias': 3.9437172328690564, 'opening_size': 5, 'closing_size': 5, 'dilate_size': 9, 'remove_small_blobs': 441, 'area_min': 1826, 'area_max': 138193, 'aspect_ratio_min': 0.11815482585969181, 'aspect_ratio_max': 11.744157953859958, 'fill_ratio_min': 0.12254968707787835, 'merge_distance': 33}. Best is trial 25 with value: 0.2919433882459592.
creating index...
index created!
Loading and preparing results...
DONE (t=0.01s)
creating index...
index created!
Running per image evaluation...
Evaluate annotation type *bbox*
DONE (t=2.29s).
Accumulating evaluation results...
DONE (t=0.34s).
 Average Precision  (AP) @[ IoU=0.50:0.95 | area=   all | maxDets=100 ] = 0.131
 Average Precision  (AP) @[ IoU=0.50      | area=   all | maxDets=100 ] = 0.293
 Average Precision  (AP) @[ IoU=0.75      | area=   all | maxDets=100 ] = 0.089
 Average Precision  (AP) @[ IoU=0.50:0.95 | area= small | maxDets=100 ] = -1.000
 Average Precision  (AP) @[ IoU=0.50:0.95 | area=medium | maxDets=100 ] = 0.027
 Average Precision  (AP) @[ IoU=0.50:0.95 | area= large | maxDets=100 ] = 0.252
 Average Recall     (AR) @[ IoU=0.50:0.95 | area=   all | maxDets=  1 ] = 0.112
 Average Recall     (AR) @[ IoU=0.50:0.95 | area=   all | maxDets= 10 ] = 0.193
 Average Recall     (AR) @[ IoU=0.50:0.95 | area=   all | maxDets=100 ] = 0.193
 Average Recall     (AR) @[ IoU=0.50:0.95 | area= small | maxDets=100 ] = -1.000
 Average Recall     (AR) @[ IoU=0.50:0.95 | area=medium | maxDets=100 ] = 0.070
 Average Recall     (AR) @[ IoU=0.50:0.95 | area= large | maxDets=100 ] = 0.336
[I 2026-02-23 12:39:32,438] Trial 49 finished with value: 0.29345092700814857 and parameters: {'alpha': 3.142146679629513, 'std_bias': 3.3502572781205675, 'opening_size': 5, 'closing_size': 13, 'dilate_size': 9, 'remove_small_blobs': 346, 'area_min': 1910, 'area_max': 127986, 'aspect_ratio_min': 0.1118275356357285, 'aspect_ratio_max': 14.05442558984867, 'fill_ratio_min': 0.1502047885556509, 'merge_distance': 35}. Best is trial 45 with value: 0.2993697420232575.
creating index...
index created!
Loading and preparing results...
DONE (t=0.02s)
creating index...
index created!
Running per image evaluation...
Evaluate annotation type *bbox*
DONE (t=2.55s).
Accumulating evaluation results...
DONE (t=0.35s).
 Average Precision  (AP) @[ IoU=0.50:0.95 | area=   all | maxDets=100 ] = 0.135
 Average Precision  (AP) @[ IoU=0.50      | area=   all | maxDets=100 ] = 0.279
 Average Precision  (AP) @[ IoU=0.75      | area=   all | maxDets=100 ] = 0.109
 Average Precision  (AP) @[ IoU=0.50:0.95 | area= small | maxDets=100 ] = -1.000
 Average Precision  (AP) @[ IoU=0.50:0.95 | area=medium | maxDets=100 ] = 0.008
 Average Precision  (AP) @[ IoU=0.50:0.95 | area= large | maxDets=100 ] = 0.297
 Average Recall     (AR) @[ IoU=0.50:0.95 | area=   all | maxDets=  1 ] = 0.124
 Average Recall     (AR) @[ IoU=0.50:0.95 | area=   all | maxDets= 10 ] = 0.206
 Average Recall     (AR) @[ IoU=0.50:0.95 | area=   all | maxDets=100 ] = 0.206
 Average Recall     (AR) @[ IoU=0.50:0.95 | area= small | maxDets=100 ] = -1.000
 Average Recall     (AR) @[ IoU=0.50:0.95 | area=medium | maxDets=100 ] = 0.040
 Average Recall     (AR) @[ IoU=0.50:0.95 | area= large | maxDets=100 ] = 0.398
[I 2026-02-23 12:43:30,800] Trial 57 finished with value: 0.2787517200353031 and parameters: {'alpha': 3.837763176793455, 'std_bias': 3.5850629016082074, 'opening_size': 5, 'closing_size': 13, 'dilate_size': 9, 'remove_small_blobs': 364, 'area_min': 1692, 'area_max': 116254, 'aspect_ratio_min': 0.11018195759895535, 'aspect_ratio_max': 14.273189774498261, 'fill_ratio_min': 0.14639479989688808, 'merge_distance': 12}. Best is trial 53 with value: 0.30210954318543926.
creating index...
index created!
Loading and preparing results...
DONE (t=0.16s)
creating index...
index created!
Running per image evaluation...
Evaluate annotation type *bbox*
DONE (t=2.27s).
Accumulating evaluation results...
DONE (t=0.38s).
 Average Precision  (AP) @[ IoU=0.50:0.95 | area=   all | maxDets=100 ] = 0.092
 Average Precision  (AP) @[ IoU=0.50      | area=   all | maxDets=100 ] = 0.238
 Average Precision  (AP) @[ IoU=0.75      | area=   all | maxDets=100 ] = 0.052
 Average Precision  (AP) @[ IoU=0.50:0.95 | area= small | maxDets=100 ] = -1.000
 Average Precision  (AP) @[ IoU=0.50:0.95 | area=medium | maxDets=100 ] = 0.007
 Average Precision  (AP) @[ IoU=0.50:0.95 | area= large | maxDets=100 ] = 0.203
 Average Recall     (AR) @[ IoU=0.50:0.95 | area=   all | maxDets=  1 ] = 0.088
 Average Recall     (AR) @[ IoU=0.50:0.95 | area=   all | maxDets= 10 ] = 0.148
 Average Recall     (AR) @[ IoU=0.50:0.95 | area=   all | maxDets=100 ] = 0.148
 Average Recall     (AR) @[ IoU=0.50:0.95 | area= small | maxDets=100 ] = -1.000
 Average Recall     (AR) @[ IoU=0.50:0.95 | area=medium | maxDets=100 ] = 0.030
 Average Recall     (AR) @[ IoU=0.50:0.95 | area= large | maxDets=100 ] = 0.285
[I 2026-02-23 12:47:30,036] Trial 65 finished with value: 0.23831430546664364 and parameters: {'alpha': 3.00651711483448, 'std_bias': 2.2423414424970605, 'opening_size': 7, 'closing_size': 20, 'dilate_size': 5, 'remove_small_blobs': 273, 'area_min': 1440, 'area_max': 121553, 'aspect_ratio_min': 0.13646723667394905, 'aspect_ratio_max': 12.872240327582892, 'fill_ratio_min': 0.13399916311271576, 'merge_distance': 38}. Best is trial 59 with value: 0.30834572496878.
creating index...
index created!
Loading and preparing results...
DONE (t=0.02s)
creating index...
index created!
Running per image evaluation...
Evaluate annotation type *bbox*
DONE (t=2.02s).
Accumulating evaluation results...
DONE (t=0.34s).
 Average Precision  (AP) @[ IoU=0.50:0.95 | area=   all | maxDets=100 ] = 0.120
 Average Precision  (AP) @[ IoU=0.50      | area=   all | maxDets=100 ] = 0.282
 Average Precision  (AP) @[ IoU=0.75      | area=   all | maxDets=100 ] = 0.076
 Average Precision  (AP) @[ IoU=0.50:0.95 | area= small | maxDets=100 ] = -1.000
 Average Precision  (AP) @[ IoU=0.50:0.95 | area=medium | maxDets=100 ] = 0.032
 Average Precision  (AP) @[ IoU=0.50:0.95 | area= large | maxDets=100 ] = 0.224
 Average Recall     (AR) @[ IoU=0.50:0.95 | area=   all | maxDets=  1 ] = 0.110
 Average Recall     (AR) @[ IoU=0.50:0.95 | area=   all | maxDets= 10 ] = 0.183
 Average Recall     (AR) @[ IoU=0.50:0.95 | area=   all | maxDets=100 ] = 0.183
 Average Recall     (AR) @[ IoU=0.50:0.95 | area= small | maxDets=100 ] = -1.000
 Average Recall     (AR) @[ IoU=0.50:0.95 | area=medium | maxDets=100 ] = 0.078
 Average Recall     (AR) @[ IoU=0.50:0.95 | area= large | maxDets=100 ] = 0.304
