[I 2026-02-23 14:39:02,573] Trial 68 finished with value: 0.21366961420994035 and parameters: {'alpha': 3.0939311960521727, 'std_bias': 2.3789008103366367, 'opening_size': 3, 'closing_size': 20, 'dilate_size': 7, 'remove_small_blobs': 668, 'area_min': 1654, 'area_max': 100912, 'aspect_ratio_min': 0.24954400190271958, 'aspect_ratio_max': 6.042952075485385, 'fill_ratio_min': 0.2821398133730794, 'n_frames': 2, 'temporal_threshold': 0.5629451810395415, 'merge_distance': 36}. Best is trial 38 with value: 0.32117286645295584.Best trial: 38. Best value: 0.321173:  36%|███▌      | 9/25 [42:41<1:06:39, 249.96s/it]Best trial: 38. Best value: 0.321173:  36%|███▌      | 9/25 [42:41<1:06:39, 249.96s/it]Best trial: 38. Best value: 0.321173:  40%|████      | 10/25 [42:41<1:03:48, 255.22s/it]                                                                                        Best trial: 38. Best value: 0.321173:  40%|████      | 10/25 [46:54<1:03:48, 255.22s/it]Best trial: 38. Best value: 0.321173:  40%|████      | 10/25 [46:54<1:03:48, 255.22s/it]Best trial: 38. Best value: 0.321173:  44%|████▍     | 11/25 [46:54<59:25, 254.66s/it]                                                                                        Best trial: 38. Best value: 0.321173:  44%|████▍     | 11/25 [50:42<59:25, 254.66s/it]Best trial: 79. Best value: 0.327677:  44%|████▍     | 11/25 [50:42<59:25, 254.66s/it]Best trial: 79. Best value: 0.327677:  48%|████▊     | 12/25 [50:42<53:26, 246.63s/it]                                                                                      Best trial: 79. Best value: 0.327677:  48%|████▊     | 12/25 [54:40<53:26, 246.63s/it]Best trial: 79. Best value: 0.327677:  48%|████▊     | 12/25 [54:40<53:26, 246.63s/it]Best trial: 79. Best value: 0.327677:  52%|█████▏    | 13/25 [54:40<48:46, 243.87s/it]                                                                                      Best trial: 79. Best value: 0.327677:  52%|█████▏    | 13/25 [58:31<48:46, 243.87s/it]Best trial: 79. Best value: 0.327677:  52%|█████▏    | 13/25 [58:31<48:46, 243.87s/it]Best trial: 79. Best value: 0.327677:  56%|█████▌    | 14/25 [58:31<44:01, 240.10s/it]                                                                                      
creating index...
index created!
Loading and preparing results...
DONE (t=0.15s)
creating index...
index created!
Running per image evaluation...
Evaluate annotation type *bbox*
DONE (t=2.21s).
Accumulating evaluation results...
DONE (t=0.37s).
 Average Precision  (AP) @[ IoU=0.50:0.95 | area=   all | maxDets=100 ] = 0.130
 Average Precision  (AP) @[ IoU=0.50      | area=   all | maxDets=100 ] = 0.276
 Average Precision  (AP) @[ IoU=0.75      | area=   all | maxDets=100 ] = 0.111
 Average Precision  (AP) @[ IoU=0.50:0.95 | area= small | maxDets=100 ] = -1.000
 Average Precision  (AP) @[ IoU=0.50:0.95 | area=medium | maxDets=100 ] = 0.036
 Average Precision  (AP) @[ IoU=0.50:0.95 | area= large | maxDets=100 ] = 0.243
 Average Recall     (AR) @[ IoU=0.50:0.95 | area=   all | maxDets=  1 ] = 0.110
 Average Recall     (AR) @[ IoU=0.50:0.95 | area=   all | maxDets= 10 ] = 0.212
 Average Recall     (AR) @[ IoU=0.50:0.95 | area=   all | maxDets=100 ] = 0.212
 Average Recall     (AR) @[ IoU=0.50:0.95 | area= small | maxDets=100 ] = -1.000
 Average Recall     (AR) @[ IoU=0.50:0.95 | area=medium | maxDets=100 ] = 0.101
 Average Recall     (AR) @[ IoU=0.50:0.95 | area= large | maxDets=100 ] = 0.341
[I 2026-02-23 14:43:15,957] Trial 76 finished with value: 0.27577741951155055 and parameters: {'alpha': 4.90666273163414, 'std_bias': 2.0603425011696066, 'opening_size': 3, 'closing_size': 20, 'dilate_size': 9, 'remove_small_blobs': 650, 'area_min': 1666, 'area_max': 95237, 'aspect_ratio_min': 0.24982539996491404, 'aspect_ratio_max': 10.795866741404081, 'fill_ratio_min': 0.29881216267753824, 'n_frames': 2, 'temporal_threshold': 0.5704184763040209, 'merge_distance': 41}. Best is trial 38 with value: 0.32117286645295584.
creating index...
index created!
Loading and preparing results...
DONE (t=0.01s)
creating index...
index created!
Running per image evaluation...
Evaluate annotation type *bbox*
DONE (t=1.73s).
Accumulating evaluation results...
DONE (t=0.30s).
 Average Precision  (AP) @[ IoU=0.50:0.95 | area=   all | maxDets=100 ] = 0.173
 Average Precision  (AP) @[ IoU=0.50      | area=   all | maxDets=100 ] = 0.290
 Average Precision  (AP) @[ IoU=0.75      | area=   all | maxDets=100 ] = 0.175
 Average Precision  (AP) @[ IoU=0.50:0.95 | area= small | maxDets=100 ] = -1.000
 Average Precision  (AP) @[ IoU=0.50:0.95 | area=medium | maxDets=100 ] = 0.005
 Average Precision  (AP) @[ IoU=0.50:0.95 | area= large | maxDets=100 ] = 0.420
 Average Recall     (AR) @[ IoU=0.50:0.95 | area=   all | maxDets=  1 ] = 0.139
 Average Recall     (AR) @[ IoU=0.50:0.95 | area=   all | maxDets= 10 ] = 0.242
 Average Recall     (AR) @[ IoU=0.50:0.95 | area=   all | maxDets=100 ] = 0.242
 Average Recall     (AR) @[ IoU=0.50:0.95 | area= small | maxDets=100 ] = -1.000
 Average Recall     (AR) @[ IoU=0.50:0.95 | area=medium | maxDets=100 ] = 0.021
 Average Recall     (AR) @[ IoU=0.50:0.95 | area= large | maxDets=100 ] = 0.500
[I 2026-02-23 14:47:04,219] Trial 84 finished with value: 0.29000343656699884 and parameters: {'alpha': 5.733411606508085, 'std_bias': 3.733771822952189, 'opening_size': 3, 'closing_size': 15, 'dilate_size': 9, 'remove_small_blobs': 633, 'area_min': 1314, 'area_max': 128025, 'aspect_ratio_min': 0.23305028770702998, 'aspect_ratio_max': 5.601628465784024, 'fill_ratio_min': 0.29071861804000754, 'n_frames': 2, 'temporal_threshold': 0.5036679190786176, 'merge_distance': 44}. Best is trial 79 with value: 0.3276770672641034.
creating index...
index created!
Loading and preparing results...
DONE (t=0.02s)
creating index...
index created!
Running per image evaluation...
Evaluate annotation type *bbox*
DONE (t=1.74s).
Accumulating evaluation results...
DONE (t=0.28s).
 Average Precision  (AP) @[ IoU=0.50:0.95 | area=   all | maxDets=100 ] = 0.167
 Average Precision  (AP) @[ IoU=0.50      | area=   all | maxDets=100 ] = 0.288
 Average Precision  (AP) @[ IoU=0.75      | area=   all | maxDets=100 ] = 0.167
 Average Precision  (AP) @[ IoU=0.50:0.95 | area= small | maxDets=100 ] = -1.000
 Average Precision  (AP) @[ IoU=0.50:0.95 | area=medium | maxDets=100 ] = 0.007
 Average Precision  (AP) @[ IoU=0.50:0.95 | area= large | maxDets=100 ] = 0.390
 Average Recall     (AR) @[ IoU=0.50:0.95 | area=   all | maxDets=  1 ] = 0.142
 Average Recall     (AR) @[ IoU=0.50:0.95 | area=   all | maxDets= 10 ] = 0.232
 Average Recall     (AR) @[ IoU=0.50:0.95 | area=   all | maxDets=100 ] = 0.232
 Average Recall     (AR) @[ IoU=0.50:0.95 | area= small | maxDets=100 ] = -1.000
 Average Recall     (AR) @[ IoU=0.50:0.95 | area=medium | maxDets=100 ] = 0.026
 Average Recall     (AR) @[ IoU=0.50:0.95 | area= large | maxDets=100 ] = 0.471
[I 2026-02-23 14:51:01,738] Trial 92 finished with value: 0.2883898422407787 and parameters: {'alpha': 5.241800706616533, 'std_bias': 3.573309042823462, 'opening_size': 3, 'closing_size': 11, 'dilate_size': 9, 'remove_small_blobs': 731, 'area_min': 1814, 'area_max': 86192, 'aspect_ratio_min': 0.2338053857754249, 'aspect_ratio_max': 7.4804089031037115, 'fill_ratio_min': 0.2744574271756957, 'n_frames': 2, 'temporal_threshold': 0.5403933355051718, 'merge_distance': 26}. Best is trial 79 with value: 0.3276770672641034.
creating index...
index created!
Loading and preparing results...
DONE (t=0.01s)
creating index...
index created!
Running per image evaluation...
Evaluate annotation type *bbox*
DONE (t=2.21s).
Accumulating evaluation results...
DONE (t=0.33s).
 Average Precision  (AP) @[ IoU=0.50:0.95 | area=   all | maxDets=100 ] = 0.158
 Average Precision  (AP) @[ IoU=0.50      | area=   all | maxDets=100 ] = 0.260
 Average Precision  (AP) @[ IoU=0.75      | area=   all | maxDets=100 ] = 0.155
 Average Precision  (AP) @[ IoU=0.50:0.95 | area= small | maxDets=100 ] = -1.000
 Average Precision  (AP) @[ IoU=0.50:0.95 | area=medium | maxDets=100 ] = 0.003
 Average Precision  (AP) @[ IoU=0.50:0.95 | area= large | maxDets=100 ] = 0.446
 Average Recall     (AR) @[ IoU=0.50:0.95 | area=   all | maxDets=  1 ] = 0.111
 Average Recall     (AR) @[ IoU=0.50:0.95 | area=   all | maxDets= 10 ] = 0.256
 Average Recall     (AR) @[ IoU=0.50:0.95 | area=   all | maxDets=100 ] = 0.256
 Average Recall     (AR) @[ IoU=0.50:0.95 | area= small | maxDets=100 ] = -1.000
 Average Recall     (AR) @[ IoU=0.50:0.95 | area=medium | maxDets=100 ] = 0.023
 Average Recall     (AR) @[ IoU=0.50:0.95 | area= large | maxDets=100 ] = 0.526
[I 2026-02-23 14:54:53,145] Trial 100 finished with value: 0.2595905607427803 and parameters: {'alpha': 5.577834101622467, 'std_bias': 4.359610481360942, 'opening_size': 3, 'closing_size': 11, 'dilate_size': 9, 'remove_small_blobs': 525, 'area_min': 757, 'area_max': 104155, 'aspect_ratio_min': 0.24036146903271702, 'aspect_ratio_max': 8.985856835958893, 'fill_ratio_min': 0.29423213449181723, 'n_frames': 2, 'temporal_threshold': 0.4738302544248433, 'merge_distance': 30}. Best is trial 79 with value: 0.3276770672641034.
creating index...
index created!
Loading and preparing results...
DONE (t=0.01s)
creating index...
index created!
Running per image evaluation...
Evaluate annotation type *bbox*
DONE (t=1.98s).
Accumulating evaluation results...
DONE (t=0.34s).
 Average Precision  (AP) @[ IoU=0.50:0.95 | area=   all | maxDets=100 ] = 0.179
 Average Precision  (AP) @[ IoU=0.50      | area=   all | maxDets=100 ] = 0.305
 Average Precision  (AP) @[ IoU=0.75      | area=   all | maxDets=100 ] = 0.187
 Average Precision  (AP) @[ IoU=0.50:0.95 | area= small | maxDets=100 ] = -1.000
 Average Precision  (AP) @[ IoU=0.50:0.95 | area=medium | maxDets=100 ] = 0.010
 Average Precision  (AP) @[ IoU=0.50:0.95 | area= large | maxDets=100 ] = 0.406
 Average Recall     (AR) @[ IoU=0.50:0.95 | area=   all | maxDets=  1 ] = 0.147
 Average Recall     (AR) @[ IoU=0.50:0.95 | area=   all | maxDets= 10 ] = 0.247
 Average Recall     (AR) @[ IoU=0.50:0.95 | area=   all | maxDets=100 ] = 0.247
 Average Recall     (AR) @[ IoU=0.50:0.95 | area= small | maxDets=100 ] = -1.000
 Average Recall     (AR) @[ IoU=0.50:0.95 | area=medium | maxDets=100 ] = 0.035
 Average Recall     (AR) @[ IoU=0.50:0.95 | area= large | maxDets=100 ] = 0.493
[I 2026-02-23 14:58:59,511] Trial 108 finished with value: 0.3051785978508849 and parameters: {'alpha': 5.619964363371688, 'std_bias': 3.8144364681813627, 'opening_size': 3, 'closing_size': 20, 'dilate_size': 9, 'remove_small_blobs': 298, 'area_min': 1784, 'area_max': 98633, 'aspect_ratio_min': 0.13846006190515384, 'aspect_ratio_max': 10.742117464571056, 'fill_ratio_min': 0.2617517538153279, 'n_frames': 2, 'temporal_threshold': 0.5558767735936316, 'merge_distance': 10}. Best is trial 101 with value: 0.35127376327781606.Best trial: 79. Best value: 0.327677:  56%|█████▌    | 14/25 [1:02:38<44:01, 240.10s/it]Best trial: 101. Best value: 0.351274:  56%|█████▌    | 14/25 [1:02:38<44:01, 240.10s/it]Best trial: 101. Best value: 0.351274:  60%|██████    | 15/25 [1:02:38<40:19, 242.00s/it]                                                                                         Best trial: 101. Best value: 0.351274:  60%|██████    | 15/25 [1:07:15<40:19, 242.00s/it]Best trial: 101. Best value: 0.351274:  60%|██████    | 15/25 [1:07:15<40:19, 242.00s/it]Best trial: 101. Best value: 0.351274:  64%|██████▍   | 16/25 [1:07:15<37:53, 252.60s/it]                                                                                         Best trial: 101. Best value: 0.351274:  64%|██████▍   | 16/25 [1:11:53<37:53, 252.60s/it]Best trial: 101. Best value: 0.351274:  64%|██████▍   | 16/25 [1:11:53<37:53, 252.60s/it]Best trial: 101. Best value: 0.351274:  68%|██████▊   | 17/25 [1:11:53<34:41, 260.13s/it]                                                                                         Best trial: 101. Best value: 0.351274:  68%|██████▊   | 17/25 [1:16:30<34:41, 260.13s/it]Best trial: 101. Best value: 0.351274:  68%|██████▊   | 17/25 [1:16:30<34:41, 260.13s/it]Best trial: 101. Best value: 0.351274:  72%|███████▏  | 18/25 [1:16:30<30:57, 265.42s/it]                                                                                         Best trial: 101. Best value: 0.351274:  72%|███████▏  | 18/25 [1:21:09<30:57, 265.42s/it]Best trial: 101. Best value: 0.351274:  72%|███████▏  | 18/25 [1:21:09<30:57, 265.42s/it]Best trial: 101. Best value: 0.351274:  76%|███████▌  | 19/25 [1:21:09<26:56, 269.48s/it]                                                                                         
creating index...
index created!
Loading and preparing results...
DONE (t=0.03s)
creating index...
index created!
Running per image evaluation...
Evaluate annotation type *bbox*
DONE (t=2.14s).
Accumulating evaluation results...
DONE (t=0.52s).
 Average Precision  (AP) @[ IoU=0.50:0.95 | area=   all | maxDets=100 ] = 0.166
 Average Precision  (AP) @[ IoU=0.50      | area=   all | maxDets=100 ] = 0.337
 Average Precision  (AP) @[ IoU=0.75      | area=   all | maxDets=100 ] = 0.154
 Average Precision  (AP) @[ IoU=0.50:0.95 | area= small | maxDets=100 ] = -1.000
 Average Precision  (AP) @[ IoU=0.50:0.95 | area=medium | maxDets=100 ] = 0.058
 Average Precision  (AP) @[ IoU=0.50:0.95 | area= large | maxDets=100 ] = 0.291
 Average Recall     (AR) @[ IoU=0.50:0.95 | area=   all | maxDets=  1 ] = 0.136
 Average Recall     (AR) @[ IoU=0.50:0.95 | area=   all | maxDets= 10 ] = 0.259
 Average Recall     (AR) @[ IoU=0.50:0.95 | area=   all | maxDets=100 ] = 0.259
 Average Recall     (AR) @[ IoU=0.50:0.95 | area= small | maxDets=100 ] = -1.000
 Average Recall     (AR) @[ IoU=0.50:0.95 | area=medium | maxDets=100 ] = 0.138
 Average Recall     (AR) @[ IoU=0.50:0.95 | area= large | maxDets=100 ] = 0.400
[I 2026-02-23 15:03:36,751] Trial 116 finished with value: 0.3372984574777453 and parameters: {'alpha': 4.1670740351477615, 'std_bias': 3.3217478699471945, 'opening_size': 3, 'closing_size': 20, 'dilate_size': 7, 'remove_small_blobs': 246, 'area_min': 1938, 'area_max': 119387, 'aspect_ratio_min': 0.12142440103436769, 'aspect_ratio_max': 8.098717864996686, 'fill_ratio_min': 0.2438383529054158, 'n_frames': 2, 'temporal_threshold': 0.4670909302271439, 'merge_distance': 12}. Best is trial 101 with value: 0.35127376327781606.
creating index...
index created!
Loading and preparing results...
DONE (t=0.02s)
creating index...
index created!
Running per image evaluation...
Evaluate annotation type *bbox*
DONE (t=1.91s).
Accumulating evaluation results...
DONE (t=0.43s).
 Average Precision  (AP) @[ IoU=0.50:0.95 | area=   all | maxDets=100 ] = 0.166
 Average Precision  (AP) @[ IoU=0.50      | area=   all | maxDets=100 ] = 0.304
 Average Precision  (AP) @[ IoU=0.75      | area=   all | maxDets=100 ] = 0.166
 Average Precision  (AP) @[ IoU=0.50:0.95 | area= small | maxDets=100 ] = -1.000
 Average Precision  (AP) @[ IoU=0.50:0.95 | area=medium | maxDets=100 ] = 0.021
 Average Precision  (AP) @[ IoU=0.50:0.95 | area= large | maxDets=100 ] = 0.345
 Average Recall     (AR) @[ IoU=0.50:0.95 | area=   all | maxDets=  1 ] = 0.137
 Average Recall     (AR) @[ IoU=0.50:0.95 | area=   all | maxDets= 10 ] = 0.237
 Average Recall     (AR) @[ IoU=0.50:0.95 | area=   all | maxDets=100 ] = 0.237
 Average Recall     (AR) @[ IoU=0.50:0.95 | area= small | maxDets=100 ] = -1.000
 Average Recall     (AR) @[ IoU=0.50:0.95 | area=medium | maxDets=100 ] = 0.060
 Average Recall     (AR) @[ IoU=0.50:0.95 | area= large | maxDets=100 ] = 0.444
[I 2026-02-23 15:08:14,395] Trial 123 finished with value: 0.3037735922437002 and parameters: {'alpha': 4.553822568767825, 'std_bias': 3.216896832335286, 'opening_size': 3, 'closing_size': 13, 'dilate_size': 7, 'remove_small_blobs': 227, 'area_min': 1929, 'area_max': 138270, 'aspect_ratio_min': 0.14971987894097274, 'aspect_ratio_max': 8.151631555439193, 'fill_ratio_min': 0.2474910003717748, 'n_frames': 2, 'temporal_threshold': 0.4951203033210554, 'merge_distance': 13}. Best is trial 101 with value: 0.35127376327781606.
creating index...
index created!
Loading and preparing results...
DONE (t=0.03s)
creating index...
index created!
Running per image evaluation...
Evaluate annotation type *bbox*
DONE (t=2.33s).
Accumulating evaluation results...
DONE (t=0.34s).
 Average Precision  (AP) @[ IoU=0.50:0.95 | area=   all | maxDets=100 ] = 0.160
 Average Precision  (AP) @[ IoU=0.50      | area=   all | maxDets=100 ] = 0.333
 Average Precision  (AP) @[ IoU=0.75      | area=   all | maxDets=100 ] = 0.144
 Average Precision  (AP) @[ IoU=0.50:0.95 | area= small | maxDets=100 ] = -1.000
 Average Precision  (AP) @[ IoU=0.50:0.95 | area=medium | maxDets=100 ] = 0.051
 Average Precision  (AP) @[ IoU=0.50:0.95 | area= large | maxDets=100 ] = 0.291
 Average Recall     (AR) @[ IoU=0.50:0.95 | area=   all | maxDets=  1 ] = 0.123
 Average Recall     (AR) @[ IoU=0.50:0.95 | area=   all | maxDets= 10 ] = 0.265
 Average Recall     (AR) @[ IoU=0.50:0.95 | area=   all | maxDets=100 ] = 0.265
 Average Recall     (AR) @[ IoU=0.50:0.95 | area= small | maxDets=100 ] = -1.000
 Average Recall     (AR) @[ IoU=0.50:0.95 | area=medium | maxDets=100 ] = 0.147
 Average Recall     (AR) @[ IoU=0.50:0.95 | area= large | maxDets=100 ] = 0.402
[I 2026-02-23 15:12:52,122] Trial 131 finished with value: 0.3329436693400872 and parameters: {'alpha': 4.168029389935054, 'std_bias': 3.0244708237452804, 'opening_size': 3, 'closing_size': 20, 'dilate_size': 5, 'remove_small_blobs': 166, 'area_min': 1363, 'area_max': 136341, 'aspect_ratio_min': 0.15521545526988773, 'aspect_ratio_max': 7.882465444552993, 'fill_ratio_min': 0.22097322168903244, 'n_frames': 2, 'temporal_threshold': 0.4148006779613495, 'merge_distance': 14}. Best is trial 101 with value: 0.35127376327781606.
creating index...
index created!
Loading and preparing results...
DONE (t=0.02s)
creating index...
index created!
Running per image evaluation...
Evaluate annotation type *bbox*
DONE (t=2.42s).
Accumulating evaluation results...
DONE (t=0.36s).
 Average Precision  (AP) @[ IoU=0.50:0.95 | area=   all | maxDets=100 ] = 0.156
 Average Precision  (AP) @[ IoU=0.50      | area=   all | maxDets=100 ] = 0.331
 Average Precision  (AP) @[ IoU=0.75      | area=   all | maxDets=100 ] = 0.138
 Average Precision  (AP) @[ IoU=0.50:0.95 | area= small | maxDets=100 ] = -1.000
 Average Precision  (AP) @[ IoU=0.50:0.95 | area=medium | maxDets=100 ] = 0.052
 Average Precision  (AP) @[ IoU=0.50:0.95 | area= large | maxDets=100 ] = 0.282
 Average Recall     (AR) @[ IoU=0.50:0.95 | area=   all | maxDets=  1 ] = 0.122
 Average Recall     (AR) @[ IoU=0.50:0.95 | area=   all | maxDets= 10 ] = 0.262
 Average Recall     (AR) @[ IoU=0.50:0.95 | area=   all | maxDets=100 ] = 0.262
 Average Recall     (AR) @[ IoU=0.50:0.95 | area= small | maxDets=100 ] = -1.000
 Average Recall     (AR) @[ IoU=0.50:0.95 | area=medium | maxDets=100 ] = 0.149
 Average Recall     (AR) @[ IoU=0.50:0.95 | area= large | maxDets=100 ] = 0.393
[I 2026-02-23 15:17:31,073] Trial 139 finished with value: 0.330889676572643 and parameters: {'alpha': 4.1825841965748545, 'std_bias': 2.84605727847721, 'opening_size': 3, 'closing_size': 20, 'dilate_size': 5, 'remove_small_blobs': 165, 'area_min': 1375, 'area_max': 130562, 'aspect_ratio_min': 0.13871377555520525, 'aspect_ratio_max': 7.739640236421519, 'fill_ratio_min': 0.25791136147166827, 'n_frames': 2, 'temporal_threshold': 0.42176321173376646, 'merge_distance': 11}. Best is trial 101 with value: 0.35127376327781606.
creating index...
index created!
Loading and preparing results...
DONE (t=0.02s)
creating index...
index created!
Running per image evaluation...
Evaluate annotation type *bbox*
DONE (t=2.17s).
Accumulating evaluation results...
DONE (t=0.35s).
 Average Precision  (AP) @[ IoU=0.50:0.95 | area=   all | maxDets=100 ] = 0.158
 Average Precision  (AP) @[ IoU=0.50      | area=   all | maxDets=100 ] = 0.304
 Average Precision  (AP) @[ IoU=0.75      | area=   all | maxDets=100 ] = 0.135
 Average Precision  (AP) @[ IoU=0.50:0.95 | area= small | maxDets=100 ] = -1.000
 Average Precision  (AP) @[ IoU=0.50:0.95 | area=medium | maxDets=100 ] = 0.007
 Average Precision  (AP) @[ IoU=0.50:0.95 | area= large | maxDets=100 ] = 0.365
 Average Recall     (AR) @[ IoU=0.50:0.95 | area=   all | maxDets=  1 ] = 0.135
 Average Recall     (AR) @[ IoU=0.50:0.95 | area=   all | maxDets= 10 ] = 0.228
 Average Recall     (AR) @[ IoU=0.50:0.95 | area=   all | maxDets=100 ] = 0.229
 Average Recall     (AR) @[ IoU=0.50:0.95 | area= small | maxDets=100 ] = -1.000
 Average Recall     (AR) @[ IoU=0.50:0.95 | area=medium | maxDets=100 ] = 0.032
 Average Recall     (AR) @[ IoU=0.50:0.95 | area= large | maxDets=100 ] = 0.456
