[I 2026-02-23 13:37:17,809] Trial 160 finished with value: 0.2149145990637029 and parameters: {'alpha': 2.5346840909635238, 'std_bias': 4.735434979103621, 'opening_size': 3, 'closing_size': 20, 'dilate_size': 9, 'remove_small_blobs': 650, 'area_min': 1641, 'area_max': 116883, 'aspect_ratio_min': 0.24988197738326767, 'aspect_ratio_max': 4.898121100574732, 'fill_ratio_min': 0.2506727311197404, 'merge_distance': 24}. Best is trial 106 with value: 0.34930707775950676.Best trial: 106. Best value: 0.349307:  76%|███████▌  | 19/25 [1:24:40<25:14, 252.48s/it]Best trial: 106. Best value: 0.349307:  76%|███████▌  | 19/25 [1:24:40<25:14, 252.48s/it]Best trial: 106. Best value: 0.349307:  80%|████████  | 20/25 [1:24:40<21:14, 254.97s/it]                                                                                         Best trial: 106. Best value: 0.349307:  80%|████████  | 20/25 [1:28:46<21:14, 254.97s/it]Best trial: 106. Best value: 0.349307:  80%|████████  | 20/25 [1:28:46<21:14, 254.97s/it]Best trial: 106. Best value: 0.349307:  84%|████████▍ | 21/25 [1:28:46<16:49, 252.46s/it]                                                                                         Best trial: 106. Best value: 0.349307:  84%|████████▍ | 21/25 [1:32:57<16:49, 252.46s/it]Best trial: 106. Best value: 0.349307:  84%|████████▍ | 21/25 [1:32:57<16:49, 252.46s/it]Best trial: 106. Best value: 0.349307:  88%|████████▊ | 22/25 [1:32:57<12:35, 251.85s/it]                                                                                         Best trial: 106. Best value: 0.349307:  88%|████████▊ | 22/25 [1:37:00<12:35, 251.85s/it]Best trial: 106. Best value: 0.349307:  88%|████████▊ | 22/25 [1:37:00<12:35, 251.85s/it]Best trial: 106. Best value: 0.349307:  92%|█████████▏| 23/25 [1:37:00<08:18, 249.11s/it]                                                                                         Best trial: 106. Best value: 0.349307:  92%|█████████▏| 23/25 [1:40:45<08:18, 249.11s/it]Best trial: 106. Best value: 0.349307:  92%|█████████▏| 23/25 [1:40:45<08:18, 249.11s/it]Best trial: 106. Best value: 0.349307:  96%|█████████▌| 24/25 [1:40:45<04:02, 242.02s/it]                                                                                         
creating index...
index created!
Loading and preparing results...
DONE (t=0.02s)
creating index...
index created!
Running per image evaluation...
Evaluate annotation type *bbox*
DONE (t=2.39s).
Accumulating evaluation results...
DONE (t=0.40s).
 Average Precision  (AP) @[ IoU=0.50:0.95 | area=   all | maxDets=100 ] = 0.134
 Average Precision  (AP) @[ IoU=0.50      | area=   all | maxDets=100 ] = 0.330
 Average Precision  (AP) @[ IoU=0.75      | area=   all | maxDets=100 ] = 0.081
 Average Precision  (AP) @[ IoU=0.50:0.95 | area= small | maxDets=100 ] = -1.000
 Average Precision  (AP) @[ IoU=0.50:0.95 | area=medium | maxDets=100 ] = 0.078
 Average Precision  (AP) @[ IoU=0.50:0.95 | area= large | maxDets=100 ] = 0.204
 Average Recall     (AR) @[ IoU=0.50:0.95 | area=   all | maxDets=  1 ] = 0.122
 Average Recall     (AR) @[ IoU=0.50:0.95 | area=   all | maxDets= 10 ] = 0.238
 Average Recall     (AR) @[ IoU=0.50:0.95 | area=   all | maxDets=100 ] = 0.238
 Average Recall     (AR) @[ IoU=0.50:0.95 | area= small | maxDets=100 ] = -1.000
 Average Recall     (AR) @[ IoU=0.50:0.95 | area=medium | maxDets=100 ] = 0.198
 Average Recall     (AR) @[ IoU=0.50:0.95 | area= large | maxDets=100 ] = 0.284
[I 2026-02-23 13:41:24,432] Trial 168 finished with value: 0.3302361556148205 and parameters: {'alpha': 2.235123820016699, 'std_bias': 4.992559508416758, 'opening_size': 5, 'closing_size': 15, 'dilate_size': 9, 'remove_small_blobs': 605, 'area_min': 1964, 'area_max': 111996, 'aspect_ratio_min': 0.20782536570946966, 'aspect_ratio_max': 4.294214123852002, 'fill_ratio_min': 0.2408955643196927, 'merge_distance': 27}. Best is trial 106 with value: 0.34930707775950676.
creating index...
index created!
Loading and preparing results...
DONE (t=0.02s)
creating index...
index created!
Running per image evaluation...
Evaluate annotation type *bbox*
DONE (t=2.37s).
Accumulating evaluation results...
DONE (t=0.37s).
 Average Precision  (AP) @[ IoU=0.50:0.95 | area=   all | maxDets=100 ] = 0.118
 Average Precision  (AP) @[ IoU=0.50      | area=   all | maxDets=100 ] = 0.303
 Average Precision  (AP) @[ IoU=0.75      | area=   all | maxDets=100 ] = 0.071
 Average Precision  (AP) @[ IoU=0.50:0.95 | area= small | maxDets=100 ] = -1.000
 Average Precision  (AP) @[ IoU=0.50:0.95 | area=medium | maxDets=100 ] = 0.080
 Average Precision  (AP) @[ IoU=0.50:0.95 | area= large | maxDets=100 ] = 0.167
 Average Recall     (AR) @[ IoU=0.50:0.95 | area=   all | maxDets=  1 ] = 0.107
 Average Recall     (AR) @[ IoU=0.50:0.95 | area=   all | maxDets= 10 ] = 0.248
 Average Recall     (AR) @[ IoU=0.50:0.95 | area=   all | maxDets=100 ] = 0.248
 Average Recall     (AR) @[ IoU=0.50:0.95 | area= small | maxDets=100 ] = -1.000
 Average Recall     (AR) @[ IoU=0.50:0.95 | area=medium | maxDets=100 ] = 0.239
 Average Recall     (AR) @[ IoU=0.50:0.95 | area= large | maxDets=100 ] = 0.258
[I 2026-02-23 13:45:34,874] Trial 176 finished with value: 0.3034008877050548 and parameters: {'alpha': 2.100363922757056, 'std_bias': 4.4270806951746025, 'opening_size': 5, 'closing_size': 15, 'dilate_size': 7, 'remove_small_blobs': 581, 'area_min': 1477, 'area_max': 113985, 'aspect_ratio_min': 0.20519985140528013, 'aspect_ratio_max': 4.250227402335499, 'fill_ratio_min': 0.24168992179198462, 'merge_distance': 27}. Best is trial 106 with value: 0.34930707775950676.
creating index...
index created!
Loading and preparing results...
DONE (t=0.02s)
creating index...
index created!
Running per image evaluation...
Evaluate annotation type *bbox*
DONE (t=2.50s).
Accumulating evaluation results...
DONE (t=0.35s).
 Average Precision  (AP) @[ IoU=0.50:0.95 | area=   all | maxDets=100 ] = 0.127
 Average Precision  (AP) @[ IoU=0.50      | area=   all | maxDets=100 ] = 0.321
 Average Precision  (AP) @[ IoU=0.75      | area=   all | maxDets=100 ] = 0.077
 Average Precision  (AP) @[ IoU=0.50:0.95 | area= small | maxDets=100 ] = -1.000
 Average Precision  (AP) @[ IoU=0.50:0.95 | area=medium | maxDets=100 ] = 0.083
 Average Precision  (AP) @[ IoU=0.50:0.95 | area= large | maxDets=100 ] = 0.184
 Average Recall     (AR) @[ IoU=0.50:0.95 | area=   all | maxDets=  1 ] = 0.112
 Average Recall     (AR) @[ IoU=0.50:0.95 | area=   all | maxDets= 10 ] = 0.253
 Average Recall     (AR) @[ IoU=0.50:0.95 | area=   all | maxDets=100 ] = 0.253
 Average Recall     (AR) @[ IoU=0.50:0.95 | area= small | maxDets=100 ] = -1.000
 Average Recall     (AR) @[ IoU=0.50:0.95 | area=medium | maxDets=100 ] = 0.237
 Average Recall     (AR) @[ IoU=0.50:0.95 | area= large | maxDets=100 ] = 0.270
[I 2026-02-23 13:49:37,596] Trial 184 finished with value: 0.3207865545246643 and parameters: {'alpha': 2.0716056585467157, 'std_bias': 4.8667939995654566, 'opening_size': 5, 'closing_size': 15, 'dilate_size': 7, 'remove_small_blobs': 642, 'area_min': 1537, 'area_max': 108750, 'aspect_ratio_min': 0.2457576111637759, 'aspect_ratio_max': 4.573969423611764, 'fill_ratio_min': 0.23040744167545457, 'merge_distance': 27}. Best is trial 106 with value: 0.34930707775950676.
creating index...
index created!
Loading and preparing results...
DONE (t=0.18s)
creating index...
index created!
Running per image evaluation...
Evaluate annotation type *bbox*
DONE (t=2.16s).
Accumulating evaluation results...
DONE (t=0.31s).
 Average Precision  (AP) @[ IoU=0.50:0.95 | area=   all | maxDets=100 ] = 0.155
 Average Precision  (AP) @[ IoU=0.50      | area=   all | maxDets=100 ] = 0.341
 Average Precision  (AP) @[ IoU=0.75      | area=   all | maxDets=100 ] = 0.115
 Average Precision  (AP) @[ IoU=0.50:0.95 | area= small | maxDets=100 ] = -1.000
 Average Precision  (AP) @[ IoU=0.50:0.95 | area=medium | maxDets=100 ] = 0.036
 Average Precision  (AP) @[ IoU=0.50:0.95 | area= large | maxDets=100 ] = 0.293
 Average Recall     (AR) @[ IoU=0.50:0.95 | area=   all | maxDets=  1 ] = 0.124
 Average Recall     (AR) @[ IoU=0.50:0.95 | area=   all | maxDets= 10 ] = 0.224
 Average Recall     (AR) @[ IoU=0.50:0.95 | area=   all | maxDets=100 ] = 0.225
 Average Recall     (AR) @[ IoU=0.50:0.95 | area= small | maxDets=100 ] = -1.000
 Average Recall     (AR) @[ IoU=0.50:0.95 | area=medium | maxDets=100 ] = 0.096
 Average Recall     (AR) @[ IoU=0.50:0.95 | area= large | maxDets=100 ] = 0.374
[I 2026-02-23 13:53:23,050] Trial 192 finished with value: 0.3413054915024398 and parameters: {'alpha': 2.98293101115481, 'std_bias': 4.7504735491371175, 'opening_size': 5, 'closing_size': 15, 'dilate_size': 7, 'remove_small_blobs': 558, 'area_min': 1508, 'area_max': 105082, 'aspect_ratio_min': 0.23912729140306913, 'aspect_ratio_max': 4.702952221797256, 'fill_ratio_min': 0.24559474132933473, 'merge_distance': 26}. Best is trial 106 with value: 0.34930707775950676.
creating index...
index created!
Loading and preparing results...
DONE (t=0.01s)
creating index...
index created!
Running per image evaluation...
Evaluate annotation type *bbox*
DONE (t=1.01s).
Accumulating evaluation results...
DONE (t=0.17s).
 Average Precision  (AP) @[ IoU=0.50:0.95 | area=   all | maxDets=100 ] = 0.154
 Average Precision  (AP) @[ IoU=0.50      | area=   all | maxDets=100 ] = 0.343
 Average Precision  (AP) @[ IoU=0.75      | area=   all | maxDets=100 ] = 0.113
 Average Precision  (AP) @[ IoU=0.50:0.95 | area= small | maxDets=100 ] = -1.000
 Average Precision  (AP) @[ IoU=0.50:0.95 | area=medium | maxDets=100 ] = 0.038
 Average Precision  (AP) @[ IoU=0.50:0.95 | area= large | maxDets=100 ] = 0.289
 Average Recall     (AR) @[ IoU=0.50:0.95 | area=   all | maxDets=  1 ] = 0.125
 Average Recall     (AR) @[ IoU=0.50:0.95 | area=   all | maxDets= 10 ] = 0.227
 Average Recall     (AR) @[ IoU=0.50:0.95 | area=   all | maxDets=100 ] = 0.227
 Average Recall     (AR) @[ IoU=0.50:0.95 | area= small | maxDets=100 ] = -1.000
 Average Recall     (AR) @[ IoU=0.50:0.95 | area=medium | maxDets=100 ] = 0.101
 Average Recall     (AR) @[ IoU=0.50:0.95 | area= large | maxDets=100 ] = 0.372
[I 2026-02-23 13:56:09,401] Trial 199 finished with value: 0.34340462790525045 and parameters: {'alpha': 2.9387450129279733, 'std_bias': 4.716491493028157, 'opening_size': 5, 'closing_size': 15, 'dilate_size': 7, 'remove_small_blobs': 555, 'area_min': 1514, 'area_max': 105722, 'aspect_ratio_min': 0.2388460444912788, 'aspect_ratio_max': 5.032316609224097, 'fill_ratio_min': 0.2448017070455344, 'merge_distance': 25}. Best is trial 106 with value: 0.34930707775950676.Best trial: 106. Best value: 0.349307:  96%|█████████▌| 24/25 [1:43:31<04:02, 242.02s/it]Best trial: 106. Best value: 0.349307:  96%|█████████▌| 24/25 [1:43:31<04:02, 242.02s/it]Best trial: 106. Best value: 0.349307: 100%|██████████| 25/25 [1:43:31<00:00, 219.31s/it]Best trial: 106. Best value: 0.349307: 100%|██████████| 25/25 [1:43:31<00:00, 248.48s/it]


================================================================================
OPTIMIZATION COMPLETE
================================================================================

Best AP50: 0.3493

Best hyperparameters:
  alpha: 2.840026271930218
  std_bias: 4.769977313430562
  opening_size: 5
  closing_size: 15
  dilate_size: 9
  remove_small_blobs: 632
  area_min: 1550
  area_max: 109499
  aspect_ratio_min: 0.22118807684047892
  aspect_ratio_max: 4.474026431574192
  fill_ratio_min: 0.20821692159573382
  merge_distance: 28

Total trials completed: 200
Results saved to: optuna_still_no_temporal.db

To visualize results, use optuna-dashboard:
  optuna-dashboard sqlite:///optuna_still_no_temporal.db
