[I 2026-02-23 12:54:15,357] Trial 79 finished with value: 0.26967133597700277 and parameters: {'alpha': 2.2815139246664993, 'std_bias': 4.170190358143667, 'opening_size': 5, 'closing_size': 13, 'dilate_size': 9, 'remove_small_blobs': 406, 'area_min': 1320, 'area_max': 133317, 'aspect_ratio_min': 0.17030651773817654, 'aspect_ratio_max': 13.42855185040002, 'fill_ratio_min': 0.19152839019657536, 'merge_distance': 41}. Best is trial 76 with value: 0.3361603336157239.Best trial: 70. Best value: 0.309838:  36%|███▌      | 9/25 [41:57<1:08:30, 256.91s/it]Best trial: 76. Best value: 0.33616:  36%|███▌      | 9/25 [41:57<1:08:30, 256.91s/it] Best trial: 76. Best value: 0.33616:  40%|████      | 10/25 [41:57<1:05:00, 260.05s/it]                                                                                       Best trial: 76. Best value: 0.33616:  40%|████      | 10/25 [45:36<1:05:00, 260.05s/it]Best trial: 76. Best value: 0.33616:  40%|████      | 10/25 [45:36<1:05:00, 260.05s/it]Best trial: 76. Best value: 0.33616:  44%|████▍     | 11/25 [45:36<57:44, 247.45s/it]                                                                                       Best trial: 76. Best value: 0.33616:  44%|████▍     | 11/25 [49:17<57:44, 247.45s/it]Best trial: 76. Best value: 0.33616:  44%|████▍     | 11/25 [49:17<57:44, 247.45s/it]Best trial: 76. Best value: 0.33616:  48%|████▊     | 12/25 [49:17<51:53, 239.50s/it]                                                                                     Best trial: 76. Best value: 0.33616:  48%|████▊     | 12/25 [53:12<51:53, 239.50s/it]Best trial: 76. Best value: 0.33616:  48%|████▊     | 12/25 [53:12<51:53, 239.50s/it]Best trial: 76. Best value: 0.33616:  52%|█████▏    | 13/25 [53:12<47:37, 238.14s/it]                                                                                     Best trial: 76. Best value: 0.33616:  52%|█████▏    | 13/25 [57:06<47:37, 238.14s/it]Best trial: 106. Best value: 0.349307:  52%|█████▏    | 13/25 [57:06<47:37, 238.14s/it]Best trial: 106. Best value: 0.349307:  56%|█████▌    | 14/25 [57:06<43:23, 236.73s/it]                                                                                       
creating index...
index created!
Loading and preparing results...
DONE (t=0.01s)
creating index...
index created!
Running per image evaluation...
Evaluate annotation type *bbox*
DONE (t=2.09s).
Accumulating evaluation results...
DONE (t=0.34s).
 Average Precision  (AP) @[ IoU=0.50:0.95 | area=   all | maxDets=100 ] = 0.149
 Average Precision  (AP) @[ IoU=0.50      | area=   all | maxDets=100 ] = 0.300
 Average Precision  (AP) @[ IoU=0.75      | area=   all | maxDets=100 ] = 0.126
 Average Precision  (AP) @[ IoU=0.50:0.95 | area= small | maxDets=100 ] = -1.000
 Average Precision  (AP) @[ IoU=0.50:0.95 | area=medium | maxDets=100 ] = 0.014
 Average Precision  (AP) @[ IoU=0.50:0.95 | area= large | maxDets=100 ] = 0.315
 Average Recall     (AR) @[ IoU=0.50:0.95 | area=   all | maxDets=  1 ] = 0.132
 Average Recall     (AR) @[ IoU=0.50:0.95 | area=   all | maxDets= 10 ] = 0.211
 Average Recall     (AR) @[ IoU=0.50:0.95 | area=   all | maxDets=100 ] = 0.211
 Average Recall     (AR) @[ IoU=0.50:0.95 | area= small | maxDets=100 ] = -1.000
 Average Recall     (AR) @[ IoU=0.50:0.95 | area=medium | maxDets=100 ] = 0.043
 Average Recall     (AR) @[ IoU=0.50:0.95 | area= large | maxDets=100 ] = 0.407
[I 2026-02-23 12:57:54,261] Trial 87 finished with value: 0.2998261813588668 and parameters: {'alpha': 3.6432733525210734, 'std_bias': 4.543955826491374, 'opening_size': 5, 'closing_size': 15, 'dilate_size': 9, 'remove_small_blobs': 585, 'area_min': 1863, 'area_max': 100148, 'aspect_ratio_min': 0.20890536007703386, 'aspect_ratio_max': 11.411745828903378, 'fill_ratio_min': 0.12820429104424702, 'merge_distance': 31}. Best is trial 76 with value: 0.3361603336157239.
creating index...
index created!
Loading and preparing results...
DONE (t=0.02s)
creating index...
index created!
Running per image evaluation...
Evaluate annotation type *bbox*
DONE (t=1.92s).
Accumulating evaluation results...
DONE (t=0.33s).
 Average Precision  (AP) @[ IoU=0.50:0.95 | area=   all | maxDets=100 ] = 0.148
 Average Precision  (AP) @[ IoU=0.50      | area=   all | maxDets=100 ] = 0.302
 Average Precision  (AP) @[ IoU=0.75      | area=   all | maxDets=100 ] = 0.124
 Average Precision  (AP) @[ IoU=0.50:0.95 | area= small | maxDets=100 ] = -1.000
 Average Precision  (AP) @[ IoU=0.50:0.95 | area=medium | maxDets=100 ] = 0.015
 Average Precision  (AP) @[ IoU=0.50:0.95 | area= large | maxDets=100 ] = 0.311
 Average Recall     (AR) @[ IoU=0.50:0.95 | area=   all | maxDets=  1 ] = 0.128
 Average Recall     (AR) @[ IoU=0.50:0.95 | area=   all | maxDets= 10 ] = 0.211
 Average Recall     (AR) @[ IoU=0.50:0.95 | area=   all | maxDets=100 ] = 0.211
 Average Recall     (AR) @[ IoU=0.50:0.95 | area= small | maxDets=100 ] = -1.000
 Average Recall     (AR) @[ IoU=0.50:0.95 | area=medium | maxDets=100 ] = 0.046
 Average Recall     (AR) @[ IoU=0.50:0.95 | area= large | maxDets=100 ] = 0.402
[I 2026-02-23 13:01:35,576] Trial 90 finished with value: 0.301533176658369 and parameters: {'alpha': 3.5897927856907703, 'std_bias': 4.53059052437221, 'opening_size': 5, 'closing_size': 15, 'dilate_size': 9, 'remove_small_blobs': 548, 'area_min': 1750, 'area_max': 96666, 'aspect_ratio_min': 0.20848662117977618, 'aspect_ratio_max': 11.372944199384488, 'fill_ratio_min': 0.12888103383954902, 'merge_distance': 31}. Best is trial 76 with value: 0.3361603336157239.
creating index...
index created!
Loading and preparing results...
DONE (t=0.16s)
creating index...
index created!
Running per image evaluation...
Evaluate annotation type *bbox*
DONE (t=2.18s).
Accumulating evaluation results...
DONE (t=0.31s).
 Average Precision  (AP) @[ IoU=0.50:0.95 | area=   all | maxDets=100 ] = 0.134
 Average Precision  (AP) @[ IoU=0.50      | area=   all | maxDets=100 ] = 0.307
 Average Precision  (AP) @[ IoU=0.75      | area=   all | maxDets=100 ] = 0.090
 Average Precision  (AP) @[ IoU=0.50:0.95 | area= small | maxDets=100 ] = -1.000
 Average Precision  (AP) @[ IoU=0.50:0.95 | area=medium | maxDets=100 ] = 0.053
 Average Precision  (AP) @[ IoU=0.50:0.95 | area= large | maxDets=100 ] = 0.232
 Average Recall     (AR) @[ IoU=0.50:0.95 | area=   all | maxDets=  1 ] = 0.117
 Average Recall     (AR) @[ IoU=0.50:0.95 | area=   all | maxDets= 10 ] = 0.225
 Average Recall     (AR) @[ IoU=0.50:0.95 | area=   all | maxDets=100 ] = 0.225
 Average Recall     (AR) @[ IoU=0.50:0.95 | area= small | maxDets=100 ] = -1.000
 Average Recall     (AR) @[ IoU=0.50:0.95 | area=medium | maxDets=100 ] = 0.148
 Average Recall     (AR) @[ IoU=0.50:0.95 | area= large | maxDets=100 ] = 0.315
[I 2026-02-23 13:05:30,567] Trial 98 finished with value: 0.30683302871104196 and parameters: {'alpha': 2.6250813360594525, 'std_bias': 4.615980911735837, 'opening_size': 5, 'closing_size': 15, 'dilate_size': 9, 'remove_small_blobs': 631, 'area_min': 1557, 'area_max': 94486, 'aspect_ratio_min': 0.2215138369506436, 'aspect_ratio_max': 10.148909023929578, 'fill_ratio_min': 0.20879942438080193, 'merge_distance': 43}. Best is trial 76 with value: 0.3361603336157239.
creating index...
index created!
Loading and preparing results...
DONE (t=0.02s)
creating index...
index created!
Running per image evaluation...
Evaluate annotation type *bbox*
DONE (t=2.15s).
Accumulating evaluation results...
DONE (t=0.36s).
 Average Precision  (AP) @[ IoU=0.50:0.95 | area=   all | maxDets=100 ] = 0.150
 Average Precision  (AP) @[ IoU=0.50      | area=   all | maxDets=100 ] = 0.336
 Average Precision  (AP) @[ IoU=0.75      | area=   all | maxDets=100 ] = 0.110
 Average Precision  (AP) @[ IoU=0.50:0.95 | area= small | maxDets=100 ] = -1.000
 Average Precision  (AP) @[ IoU=0.50:0.95 | area=medium | maxDets=100 ] = 0.047
 Average Precision  (AP) @[ IoU=0.50:0.95 | area= large | maxDets=100 ] = 0.270
 Average Recall     (AR) @[ IoU=0.50:0.95 | area=   all | maxDets=  1 ] = 0.122
 Average Recall     (AR) @[ IoU=0.50:0.95 | area=   all | maxDets= 10 ] = 0.230
 Average Recall     (AR) @[ IoU=0.50:0.95 | area=   all | maxDets=100 ] = 0.230
 Average Recall     (AR) @[ IoU=0.50:0.95 | area= small | maxDets=100 ] = -1.000
 Average Recall     (AR) @[ IoU=0.50:0.95 | area=medium | maxDets=100 ] = 0.123
 Average Recall     (AR) @[ IoU=0.50:0.95 | area= large | maxDets=100 ] = 0.355
[I 2026-02-23 13:09:24,020] Trial 105 finished with value: 0.3357088493336132 and parameters: {'alpha': 2.8506056771748374, 'std_bias': 4.76878764705728, 'opening_size': 5, 'closing_size': 15, 'dilate_size': 9, 'remove_small_blobs': 559, 'area_min': 1567, 'area_max': 109998, 'aspect_ratio_min': 0.2204456694323478, 'aspect_ratio_max': 14.499799688520074, 'fill_ratio_min': 0.19961040546161546, 'merge_distance': 36}. Best is trial 106 with value: 0.34930707775950676.
creating index...
index created!
Loading and preparing results...
DONE (t=0.02s)
creating index...
index created!
Running per image evaluation...
Evaluate annotation type *bbox*
DONE (t=2.45s).
Accumulating evaluation results...
DONE (t=0.47s).
 Average Precision  (AP) @[ IoU=0.50:0.95 | area=   all | maxDets=100 ] = 0.141
 Average Precision  (AP) @[ IoU=0.50      | area=   all | maxDets=100 ] = 0.325
 Average Precision  (AP) @[ IoU=0.75      | area=   all | maxDets=100 ] = 0.100
 Average Precision  (AP) @[ IoU=0.50:0.95 | area= small | maxDets=100 ] = -1.000
 Average Precision  (AP) @[ IoU=0.50:0.95 | area=medium | maxDets=100 ] = 0.039
 Average Precision  (AP) @[ IoU=0.50:0.95 | area= large | maxDets=100 ] = 0.270
 Average Recall     (AR) @[ IoU=0.50:0.95 | area=   all | maxDets=  1 ] = 0.120
 Average Recall     (AR) @[ IoU=0.50:0.95 | area=   all | maxDets= 10 ] = 0.234
 Average Recall     (AR) @[ IoU=0.50:0.95 | area=   all | maxDets=100 ] = 0.234
 Average Recall     (AR) @[ IoU=0.50:0.95 | area= small | maxDets=100 ] = -1.000
 Average Recall     (AR) @[ IoU=0.50:0.95 | area=medium | maxDets=100 ] = 0.127
 Average Recall     (AR) @[ IoU=0.50:0.95 | area= large | maxDets=100 ] = 0.359
[I 2026-02-23 13:13:12,102] Trial 114 finished with value: 0.3248281973850647 and parameters: {'alpha': 2.848005136455582, 'std_bias': 4.821005959496312, 'opening_size': 5, 'closing_size': 15, 'dilate_size': 9, 'remove_small_blobs': 746, 'area_min': 1388, 'area_max': 109706, 'aspect_ratio_min': 0.23807964866409245, 'aspect_ratio_max': 14.64833617055898, 'fill_ratio_min': 0.2141625046456557, 'merge_distance': 28}. Best is trial 106 with value: 0.34930707775950676.Best trial: 106. Best value: 0.349307:  56%|█████▌    | 14/25 [1:00:54<43:23, 236.73s/it]Best trial: 106. Best value: 0.349307:  56%|█████▌    | 14/25 [1:00:54<43:23, 236.73s/it]Best trial: 106. Best value: 0.349307:  60%|██████    | 15/25 [1:00:54<39:01, 234.12s/it]                                                                                         Best trial: 106. Best value: 0.349307:  60%|██████    | 15/25 [1:04:46<39:01, 234.12s/it]Best trial: 106. Best value: 0.349307:  60%|██████    | 15/25 [1:04:46<39:01, 234.12s/it]Best trial: 106. Best value: 0.349307:  64%|██████▍   | 16/25 [1:04:46<35:02, 233.56s/it]                                                                                         Best trial: 106. Best value: 0.349307:  64%|██████▍   | 16/25 [1:09:02<35:02, 233.56s/it]Best trial: 106. Best value: 0.349307:  64%|██████▍   | 16/25 [1:09:02<35:02, 233.56s/it]Best trial: 106. Best value: 0.349307:  68%|██████▊   | 17/25 [1:09:02<32:01, 240.16s/it]                                                                                         Best trial: 106. Best value: 0.349307:  68%|██████▊   | 17/25 [1:13:19<32:01, 240.16s/it]Best trial: 106. Best value: 0.349307:  68%|██████▊   | 17/25 [1:13:19<32:01, 240.16s/it]Best trial: 106. Best value: 0.349307:  72%|███████▏  | 18/25 [1:13:19<28:36, 245.19s/it]                                                                                         Best trial: 106. Best value: 0.349307:  72%|███████▏  | 18/25 [1:16:46<28:36, 245.19s/it]Best trial: 106. Best value: 0.349307:  72%|███████▏  | 18/25 [1:16:46<28:36, 245.19s/it]Best trial: 106. Best value: 0.349307:  76%|███████▌  | 19/25 [1:16:46<23:23, 233.90s/it]                                                                                         
creating index...
index created!
Loading and preparing results...
DONE (t=0.02s)
creating index...
index created!
Running per image evaluation...
Evaluate annotation type *bbox*
DONE (t=2.52s).
Accumulating evaluation results...
DONE (t=0.42s).
 Average Precision  (AP) @[ IoU=0.50:0.95 | area=   all | maxDets=100 ] = 0.133
 Average Precision  (AP) @[ IoU=0.50      | area=   all | maxDets=100 ] = 0.319
 Average Precision  (AP) @[ IoU=0.75      | area=   all | maxDets=100 ] = 0.085
 Average Precision  (AP) @[ IoU=0.50:0.95 | area= small | maxDets=100 ] = -1.000
 Average Precision  (AP) @[ IoU=0.50:0.95 | area=medium | maxDets=100 ] = 0.063
 Average Precision  (AP) @[ IoU=0.50:0.95 | area= large | maxDets=100 ] = 0.225
 Average Recall     (AR) @[ IoU=0.50:0.95 | area=   all | maxDets=  1 ] = 0.121
 Average Recall     (AR) @[ IoU=0.50:0.95 | area=   all | maxDets= 10 ] = 0.251
 Average Recall     (AR) @[ IoU=0.50:0.95 | area=   all | maxDets=100 ] = 0.251
 Average Recall     (AR) @[ IoU=0.50:0.95 | area= small | maxDets=100 ] = -1.000
 Average Recall     (AR) @[ IoU=0.50:0.95 | area=medium | maxDets=100 ] = 0.198
 Average Recall     (AR) @[ IoU=0.50:0.95 | area= large | maxDets=100 ] = 0.313
[I 2026-02-23 13:17:04,376] Trial 121 finished with value: 0.3187655088074076 and parameters: {'alpha': 2.4140080424300736, 'std_bias': 4.862825504350456, 'opening_size': 5, 'closing_size': 15, 'dilate_size': 9, 'remove_small_blobs': 773, 'area_min': 1463, 'area_max': 104593, 'aspect_ratio_min': 0.23237675100712968, 'aspect_ratio_max': 14.925948143301774, 'fill_ratio_min': 0.22066213104099042, 'merge_distance': 26}. Best is trial 106 with value: 0.34930707775950676.
creating index...
index created!
Loading and preparing results...
DONE (t=0.02s)
creating index...
index created!
Running per image evaluation...
Evaluate annotation type *bbox*
DONE (t=2.53s).
Accumulating evaluation results...
DONE (t=0.37s).
 Average Precision  (AP) @[ IoU=0.50:0.95 | area=   all | maxDets=100 ] = 0.114
 Average Precision  (AP) @[ IoU=0.50      | area=   all | maxDets=100 ] = 0.296
 Average Precision  (AP) @[ IoU=0.75      | area=   all | maxDets=100 ] = 0.068
 Average Precision  (AP) @[ IoU=0.50:0.95 | area= small | maxDets=100 ] = -1.000
 Average Precision  (AP) @[ IoU=0.50:0.95 | area=medium | maxDets=100 ] = 0.076
 Average Precision  (AP) @[ IoU=0.50:0.95 | area= large | maxDets=100 ] = 0.167
 Average Recall     (AR) @[ IoU=0.50:0.95 | area=   all | maxDets=  1 ] = 0.104
 Average Recall     (AR) @[ IoU=0.50:0.95 | area=   all | maxDets= 10 ] = 0.256
 Average Recall     (AR) @[ IoU=0.50:0.95 | area=   all | maxDets=100 ] = 0.256
 Average Recall     (AR) @[ IoU=0.50:0.95 | area= small | maxDets=100 ] = -1.000
 Average Recall     (AR) @[ IoU=0.50:0.95 | area=medium | maxDets=100 ] = 0.256
 Average Recall     (AR) @[ IoU=0.50:0.95 | area= large | maxDets=100 ] = 0.256
[I 2026-02-23 13:21:19,875] Trial 130 finished with value: 0.2963275827801294 and parameters: {'alpha': 2.024997538661196, 'std_bias': 4.917385388235003, 'opening_size': 5, 'closing_size': 15, 'dilate_size': 9, 'remove_small_blobs': 574, 'area_min': 1534, 'area_max': 114356, 'aspect_ratio_min': 0.24785143396485224, 'aspect_ratio_max': 4.654138184412668, 'fill_ratio_min': 0.20032512463168636, 'merge_distance': 24}. Best is trial 106 with value: 0.34930707775950676.
creating index...
index created!
Loading and preparing results...
DONE (t=0.02s)
creating index...
index created!
Running per image evaluation...
Evaluate annotation type *bbox*
DONE (t=2.60s).
Accumulating evaluation results...
DONE (t=0.36s).
 Average Precision  (AP) @[ IoU=0.50:0.95 | area=   all | maxDets=100 ] = 0.133
 Average Precision  (AP) @[ IoU=0.50      | area=   all | maxDets=100 ] = 0.328
 Average Precision  (AP) @[ IoU=0.75      | area=   all | maxDets=100 ] = 0.082
 Average Precision  (AP) @[ IoU=0.50:0.95 | area= small | maxDets=100 ] = -1.000
 Average Precision  (AP) @[ IoU=0.50:0.95 | area=medium | maxDets=100 ] = 0.053
 Average Precision  (AP) @[ IoU=0.50:0.95 | area= large | maxDets=100 ] = 0.227
 Average Recall     (AR) @[ IoU=0.50:0.95 | area=   all | maxDets=  1 ] = 0.123
 Average Recall     (AR) @[ IoU=0.50:0.95 | area=   all | maxDets= 10 ] = 0.222
 Average Recall     (AR) @[ IoU=0.50:0.95 | area=   all | maxDets=100 ] = 0.222
 Average Recall     (AR) @[ IoU=0.50:0.95 | area= small | maxDets=100 ] = -1.000
 Average Recall     (AR) @[ IoU=0.50:0.95 | area=medium | maxDets=100 ] = 0.141
 Average Recall     (AR) @[ IoU=0.50:0.95 | area= large | maxDets=100 ] = 0.317
[I 2026-02-23 13:25:36,789] Trial 138 finished with value: 0.32794165990473095 and parameters: {'alpha': 2.4831620415254303, 'std_bias': 4.363769226511989, 'opening_size': 5, 'closing_size': 7, 'dilate_size': 9, 'remove_small_blobs': 492, 'area_min': 1574, 'area_max': 112461, 'aspect_ratio_min': 0.21669379914432557, 'aspect_ratio_max': 5.843598026226917, 'fill_ratio_min': 0.26282857981280167, 'merge_distance': 22}. Best is trial 106 with value: 0.34930707775950676.
creating index...
index created!
Loading and preparing results...
DONE (t=0.01s)
creating index...
index created!
Running per image evaluation...
Evaluate annotation type *bbox*
DONE (t=1.80s).
Accumulating evaluation results...
DONE (t=0.28s).
 Average Precision  (AP) @[ IoU=0.50:0.95 | area=   all | maxDets=100 ] = 0.112
 Average Precision  (AP) @[ IoU=0.50      | area=   all | maxDets=100 ] = 0.212
 Average Precision  (AP) @[ IoU=0.75      | area=   all | maxDets=100 ] = 0.103
 Average Precision  (AP) @[ IoU=0.50:0.95 | area= small | maxDets=100 ] = -1.000
 Average Precision  (AP) @[ IoU=0.50:0.95 | area=medium | maxDets=100 ] = 0.003
 Average Precision  (AP) @[ IoU=0.50:0.95 | area= large | maxDets=100 ] = 0.288
 Average Recall     (AR) @[ IoU=0.50:0.95 | area=   all | maxDets=  1 ] = 0.121
 Average Recall     (AR) @[ IoU=0.50:0.95 | area=   all | maxDets= 10 ] = 0.195
 Average Recall     (AR) @[ IoU=0.50:0.95 | area=   all | maxDets=100 ] = 0.196
 Average Recall     (AR) @[ IoU=0.50:0.95 | area= small | maxDets=100 ] = -1.000
 Average Recall     (AR) @[ IoU=0.50:0.95 | area=medium | maxDets=100 ] = 0.014
 Average Recall     (AR) @[ IoU=0.50:0.95 | area= large | maxDets=100 ] = 0.408
[I 2026-02-23 13:29:04,366] Trial 145 finished with value: 0.21207356883101822 and parameters: {'alpha': 4.756771586575763, 'std_bias': 4.110143851016349, 'opening_size': 5, 'closing_size': 7, 'dilate_size': 9, 'remove_small_blobs': 607, 'area_min': 1507, 'area_max': 118898, 'aspect_ratio_min': 0.2428350433644926, 'aspect_ratio_max': 4.46561105029435, 'fill_ratio_min': 0.25400486113070625, 'merge_distance': 18}. Best is trial 106 with value: 0.34930707775950676.
creating index...
index created!
Loading and preparing results...
DONE (t=0.18s)
creating index...
index created!
Running per image evaluation...
Evaluate annotation type *bbox*
DONE (t=3.01s).
Accumulating evaluation results...
DONE (t=0.44s).
 Average Precision  (AP) @[ IoU=0.50:0.95 | area=   all | maxDets=100 ] = 0.041
 Average Precision  (AP) @[ IoU=0.50      | area=   all | maxDets=100 ] = 0.128
 Average Precision  (AP) @[ IoU=0.75      | area=   all | maxDets=100 ] = 0.024
 Average Precision  (AP) @[ IoU=0.50:0.95 | area= small | maxDets=100 ] = -1.000
 Average Precision  (AP) @[ IoU=0.50:0.95 | area=medium | maxDets=100 ] = 0.033
 Average Precision  (AP) @[ IoU=0.50:0.95 | area= large | maxDets=100 ] = 0.054
 Average Recall     (AR) @[ IoU=0.50:0.95 | area=   all | maxDets=  1 ] = 0.064
 Average Recall     (AR) @[ IoU=0.50:0.95 | area=   all | maxDets= 10 ] = 0.184
 Average Recall     (AR) @[ IoU=0.50:0.95 | area=   all | maxDets=100 ] = 0.185
 Average Recall     (AR) @[ IoU=0.50:0.95 | area= small | maxDets=100 ] = -1.000
 Average Recall     (AR) @[ IoU=0.50:0.95 | area=medium | maxDets=100 ] = 0.212
 Average Recall     (AR) @[ IoU=0.50:0.95 | area= large | maxDets=100 ] = 0.154
