[I 2026-02-23 12:12:28,036] Using an existing study with name 'still_no_temporal' instead of creating a new one.
Loading annotations and video...
Starting optimization for study 'still_no_temporal'
Using temporal detector: False
Database: optuna_still_no_temporal.db
Number of trials: 25

To run in parallel, execute this same command in multiple terminals.
--------------------------------------------------------------------------------
  0%|          | 0/25 [00:00<?, ?it/s]                                        0%|          | 0/25 [03:50<?, ?it/s]Best trial: 4. Best value: 0.27257:   0%|          | 0/25 [03:50<?, ?it/s]Best trial: 4. Best value: 0.27257:   4%|▍         | 1/25 [03:50<1:32:02, 230.10s/it]                                                                                     Best trial: 4. Best value: 0.27257:   4%|▍         | 1/25 [10:55<1:32:02, 230.10s/it]Best trial: 4. Best value: 0.27257:   4%|▍         | 1/25 [10:55<1:32:02, 230.10s/it]Best trial: 4. Best value: 0.27257:   8%|▊         | 2/25 [10:55<2:12:11, 344.83s/it]                                                                                     Best trial: 4. Best value: 0.27257:   8%|▊         | 2/25 [14:12<2:12:11, 344.83s/it]Best trial: 4. Best value: 0.27257:   8%|▊         | 2/25 [14:12<2:12:11, 344.83s/it]Best trial: 4. Best value: 0.27257:  12%|█▏        | 3/25 [14:12<1:41:47, 277.60s/it]                                                                                     Best trial: 4. Best value: 0.27257:  12%|█▏        | 3/25 [17:20<1:41:47, 277.60s/it]Best trial: 25. Best value: 0.291943:  12%|█▏        | 3/25 [17:20<1:41:47, 277.60s/it]Best trial: 25. Best value: 0.291943:  16%|█▌        | 4/25 [17:20<1:24:42, 242.02s/it]                                                                                       creating index...
index created!
Loading and preparing results...
DONE (t=0.02s)
creating index...
index created!
Running per image evaluation...
Evaluate annotation type *bbox*
DONE (t=2.24s).
Accumulating evaluation results...
DONE (t=0.34s).
 Average Precision  (AP) @[ IoU=0.50:0.95 | area=   all | maxDets=100 ] = 0.078
 Average Precision  (AP) @[ IoU=0.50      | area=   all | maxDets=100 ] = 0.222
 Average Precision  (AP) @[ IoU=0.75      | area=   all | maxDets=100 ] = 0.041
 Average Precision  (AP) @[ IoU=0.50:0.95 | area= small | maxDets=100 ] = -1.000
 Average Precision  (AP) @[ IoU=0.50:0.95 | area=medium | maxDets=100 ] = 0.005
 Average Precision  (AP) @[ IoU=0.50:0.95 | area= large | maxDets=100 ] = 0.188
 Average Recall     (AR) @[ IoU=0.50:0.95 | area=   all | maxDets=  1 ] = 0.075
 Average Recall     (AR) @[ IoU=0.50:0.95 | area=   all | maxDets= 10 ] = 0.145
 Average Recall     (AR) @[ IoU=0.50:0.95 | area=   all | maxDets=100 ] = 0.145
 Average Recall     (AR) @[ IoU=0.50:0.95 | area= small | maxDets=100 ] = -1.000
 Average Recall     (AR) @[ IoU=0.50:0.95 | area=medium | maxDets=100 ] = 0.037
 Average Recall     (AR) @[ IoU=0.50:0.95 | area= large | maxDets=100 ] = 0.270
[I 2026-02-23 12:16:18,133] Trial 3 finished with value: 0.2219843797305153 and parameters: {'alpha': 3.159632344423839, 'std_bias': 1.378615687917455, 'opening_size': 7, 'closing_size': 20, 'dilate_size': 7, 'remove_small_blobs': 698, 'area_min': 1339, 'area_max': 149369, 'aspect_ratio_min': 0.16437387263152717, 'aspect_ratio_max': 5.508511195178061, 'fill_ratio_min': 0.27946678690714444, 'merge_distance': 21}. Best is trial 4 with value: 0.2725697418499596.
creating index...
index created!
Loading and preparing results...
DONE (t=0.03s)
creating index...
index created!
Running per image evaluation...
Evaluate annotation type *bbox*
DONE (t=2.86s).
Accumulating evaluation results...
DONE (t=0.58s).
 Average Precision  (AP) @[ IoU=0.50:0.95 | area=   all | maxDets=100 ] = 0.090
 Average Precision  (AP) @[ IoU=0.50      | area=   all | maxDets=100 ] = 0.203
 Average Precision  (AP) @[ IoU=0.75      | area=   all | maxDets=100 ] = 0.065
 Average Precision  (AP) @[ IoU=0.50:0.95 | area= small | maxDets=100 ] = -1.000
 Average Precision  (AP) @[ IoU=0.50:0.95 | area=medium | maxDets=100 ] = 0.006
 Average Precision  (AP) @[ IoU=0.50:0.95 | area= large | maxDets=100 ] = 0.240
 Average Recall     (AR) @[ IoU=0.50:0.95 | area=   all | maxDets=  1 ] = 0.077
 Average Recall     (AR) @[ IoU=0.50:0.95 | area=   all | maxDets= 10 ] = 0.182
 Average Recall     (AR) @[ IoU=0.50:0.95 | area=   all | maxDets=100 ] = 0.182
 Average Recall     (AR) @[ IoU=0.50:0.95 | area= small | maxDets=100 ] = -1.000
 Average Recall     (AR) @[ IoU=0.50:0.95 | area=medium | maxDets=100 ] = 0.055
 Average Recall     (AR) @[ IoU=0.50:0.95 | area= large | maxDets=100 ] = 0.330
[I 2026-02-23 12:23:23,283] Trial 11 finished with value: 0.20327508696095953 and parameters: {'alpha': 5.676263212824754, 'std_bias': 0.8235233533548719, 'opening_size': 3, 'closing_size': 13, 'dilate_size': 9, 'remove_small_blobs': 109, 'area_min': 950, 'area_max': 108337, 'aspect_ratio_min': 0.16552333803975455, 'aspect_ratio_max': 4.361381264360105, 'fill_ratio_min': 0.19615269557648352, 'merge_distance': 32}. Best is trial 4 with value: 0.2725697418499596.
creating index...
index created!
Loading and preparing results...
DONE (t=0.01s)
creating index...
index created!
Running per image evaluation...
Evaluate annotation type *bbox*
DONE (t=1.21s).
Accumulating evaluation results...
DONE (t=0.32s).
 Average Precision  (AP) @[ IoU=0.50:0.95 | area=   all | maxDets=100 ] = 0.075
 Average Precision  (AP) @[ IoU=0.50      | area=   all | maxDets=100 ] = 0.145
 Average Precision  (AP) @[ IoU=0.75      | area=   all | maxDets=100 ] = 0.068
 Average Precision  (AP) @[ IoU=0.50:0.95 | area= small | maxDets=100 ] = -1.000
 Average Precision  (AP) @[ IoU=0.50:0.95 | area=medium | maxDets=100 ] = 0.001
 Average Precision  (AP) @[ IoU=0.50:0.95 | area= large | maxDets=100 ] = 0.224
 Average Recall     (AR) @[ IoU=0.50:0.95 | area=   all | maxDets=  1 ] = 0.105
 Average Recall     (AR) @[ IoU=0.50:0.95 | area=   all | maxDets= 10 ] = 0.168
 Average Recall     (AR) @[ IoU=0.50:0.95 | area=   all | maxDets=100 ] = 0.168
 Average Recall     (AR) @[ IoU=0.50:0.95 | area= small | maxDets=100 ] = -1.000
 Average Recall     (AR) @[ IoU=0.50:0.95 | area=medium | maxDets=100 ] = 0.010
 Average Recall     (AR) @[ IoU=0.50:0.95 | area= large | maxDets=100 ] = 0.351
[I 2026-02-23 12:26:40,888] Trial 24 finished with value: 0.14528261111822285 and parameters: {'alpha': 5.445030196078916, 'std_bias': 4.929025215392098, 'opening_size': 5, 'closing_size': 9, 'dilate_size': 7, 'remove_small_blobs': 987, 'area_min': 508, 'area_max': 51685, 'aspect_ratio_min': 0.10262104467347921, 'aspect_ratio_max': 10.929628878927499, 'fill_ratio_min': 0.16697437046943875, 'merge_distance': 25}. Best is trial 4 with value: 0.2725697418499596.
creating index...
index created!
Loading and preparing results...
DONE (t=0.01s)
creating index...
index created!
Running per image evaluation...
Evaluate annotation type *bbox*
DONE (t=1.68s).
Accumulating evaluation results...
DONE (t=0.48s).
 Average Precision  (AP) @[ IoU=0.50:0.95 | area=   all | maxDets=100 ] = 0.152
 Average Precision  (AP) @[ IoU=0.50      | area=   all | maxDets=100 ] = 0.258
 Average Precision  (AP) @[ IoU=0.75      | area=   all | maxDets=100 ] = 0.149
 Average Precision  (AP) @[ IoU=0.50:0.95 | area= small | maxDets=100 ] = -1.000
 Average Precision  (AP) @[ IoU=0.50:0.95 | area=medium | maxDets=100 ] = 0.004
 Average Precision  (AP) @[ IoU=0.50:0.95 | area= large | maxDets=100 ] = 0.358
 Average Recall     (AR) @[ IoU=0.50:0.95 | area=   all | maxDets=  1 ] = 0.139
 Average Recall     (AR) @[ IoU=0.50:0.95 | area=   all | maxDets= 10 ] = 0.209
 Average Recall     (AR) @[ IoU=0.50:0.95 | area=   all | maxDets=100 ] = 0.209
 Average Recall     (AR) @[ IoU=0.50:0.95 | area= small | maxDets=100 ] = -1.000
 Average Recall     (AR) @[ IoU=0.50:0.95 | area=medium | maxDets=100 ] = 0.012
 Average Recall     (AR) @[ IoU=0.50:0.95 | area= large | maxDets=100 ] = 0.437
[I 2026-02-23 12:29:48,344] Trial 32 finished with value: 0.2576244330148923 and parameters: {'alpha': 6.5988206276282515, 'std_bias': 2.873062049518397, 'opening_size': 3, 'closing_size': 5, 'dilate_size': 7, 'remove_small_blobs': 810, 'area_min': 1603, 'area_max': 147930, 'aspect_ratio_min': 0.18683424349887373, 'aspect_ratio_max': 14.68206144108272, 'fill_ratio_min': 0.22907697493305668, 'merge_distance': 42}. Best is trial 25 with value: 0.2919433882459592.
creating index...
index created!
Loading and preparing results...
DONE (t=0.00s)
creating index...
index created!
Running per image evaluation...
Evaluate annotation type *bbox*
DONE (t=1.60s).
Accumulating evaluation results...
DONE (t=0.42s).
 Average Precision  (AP) @[ IoU=0.50:0.95 | area=   all | maxDets=100 ] = 0.167
 Average Precision  (AP) @[ IoU=0.50      | area=   all | maxDets=100 ] = 0.266
 Average Precision  (AP) @[ IoU=0.75      | area=   all | maxDets=100 ] = 0.173
 Average Precision  (AP) @[ IoU=0.50:0.95 | area= small | maxDets=100 ] = -1.000
 Average Precision  (AP) @[ IoU=0.50:0.95 | area=medium | maxDets=100 ] = 0.004
 Average Precision  (AP) @[ IoU=0.50:0.95 | area= large | maxDets=100 ] = 0.402
 Average Recall     (AR) @[ IoU=0.50:0.95 | area=   all | maxDets=  1 ] = 0.155
 Average Recall     (AR) @[ IoU=0.50:0.95 | area=   all | maxDets= 10 ] = 0.231
 Average Recall     (AR) @[ IoU=0.50:0.95 | area=   all | maxDets=100 ] = 0.231
 Average Recall     (AR) @[ IoU=0.50:0.95 | area= small | maxDets=100 ] = -1.000
 Average Recall     (AR) @[ IoU=0.50:0.95 | area=medium | maxDets=100 ] = 0.011
 Average Recall     (AR) @[ IoU=0.50:0.95 | area= large | maxDets=100 ] = 0.487
[I 2026-02-23 12:33:10,552] Trial 40 finished with value: 0.26571303121752143 and parameters: {'alpha': 6.187177673154111, 'std_bias': 3.9289503478579175, 'opening_size': 3, 'closing_size': 5, 'dilate_size': 9, 'remove_small_blobs': 469, 'area_min': 1751, 'area_max': 138434, 'aspect_ratio_min': 0.1236077618722558, 'aspect_ratio_max': 11.750966749607967, 'fill_ratio_min': 0.12177324852537826, 'merge_distance': 21}. Best is trial 25 with value: 0.2919433882459592.Best trial: 25. Best value: 0.291943:  16%|█▌        | 4/25 [20:42<1:24:42, 242.02s/it]Best trial: 25. Best value: 0.291943:  16%|█▌        | 4/25 [20:42<1:24:42, 242.02s/it]Best trial: 25. Best value: 0.291943:  20%|██        | 5/25 [20:42<1:15:53, 227.66s/it]                                                                                       Best trial: 25. Best value: 0.291943:  20%|██        | 5/25 [24:51<1:15:53, 227.66s/it]Best trial: 45. Best value: 0.29937:  20%|██        | 5/25 [24:51<1:15:53, 227.66s/it] Best trial: 45. Best value: 0.29937:  24%|██▍       | 6/25 [24:51<1:14:25, 235.02s/it]                                                                                      Best trial: 45. Best value: 0.29937:  24%|██▍       | 6/25 [28:58<1:14:25, 235.02s/it]Best trial: 53. Best value: 0.30211:  24%|██▍       | 6/25 [28:58<1:14:25, 235.02s/it]Best trial: 53. Best value: 0.30211:  28%|██▊       | 7/25 [28:58<1:11:38, 238.81s/it]                                                                                      Best trial: 53. Best value: 0.30211:  28%|██▊       | 7/25 [32:55<1:11:38, 238.81s/it]Best trial: 58. Best value: 0.305409:  28%|██▊       | 7/25 [32:55<1:11:38, 238.81s/it]Best trial: 58. Best value: 0.305409:  32%|███▏      | 8/25 [32:55<1:07:28, 238.15s/it]                                                                                       Best trial: 58. Best value: 0.305409:  32%|███▏      | 8/25 [37:03<1:07:28, 238.15s/it]Best trial: 59. Best value: 0.308346:  32%|███▏      | 8/25 [37:03<1:07:28, 238.15s/it]Best trial: 59. Best value: 0.308346:  36%|███▌      | 9/25 [37:03<1:04:20, 241.30s/it]                                                                                       
creating index...
index created!
Loading and preparing results...
DONE (t=0.02s)
creating index...
index created!
Running per image evaluation...
Evaluate annotation type *bbox*
DONE (t=2.03s).
Accumulating evaluation results...
DONE (t=0.52s).
 Average Precision  (AP) @[ IoU=0.50:0.95 | area=   all | maxDets=100 ] = 0.137
 Average Precision  (AP) @[ IoU=0.50      | area=   all | maxDets=100 ] = 0.290
 Average Precision  (AP) @[ IoU=0.75      | area=   all | maxDets=100 ] = 0.104
 Average Precision  (AP) @[ IoU=0.50:0.95 | area= small | maxDets=100 ] = -1.000
 Average Precision  (AP) @[ IoU=0.50:0.95 | area=medium | maxDets=100 ] = 0.022
 Average Precision  (AP) @[ IoU=0.50:0.95 | area= large | maxDets=100 ] = 0.272
 Average Recall     (AR) @[ IoU=0.50:0.95 | area=   all | maxDets=  1 ] = 0.117
 Average Recall     (AR) @[ IoU=0.50:0.95 | area=   all | maxDets= 10 ] = 0.198
 Average Recall     (AR) @[ IoU=0.50:0.95 | area=   all | maxDets=100 ] = 0.198
 Average Recall     (AR) @[ IoU=0.50:0.95 | area= small | maxDets=100 ] = -1.000
 Average Recall     (AR) @[ IoU=0.50:0.95 | area=medium | maxDets=100 ] = 0.058
 Average Recall     (AR) @[ IoU=0.50:0.95 | area= large | maxDets=100 ] = 0.361
[I 2026-02-23 12:37:19,843] Trial 46 finished with value: 0.29026233270072443 and parameters: {'alpha': 3.383041978061623, 'std_bias': 3.38292920311059, 'opening_size': 5, 'closing_size': 13, 'dilate_size': 9, 'remove_small_blobs': 352, 'area_min': 1887, 'area_max': 128673, 'aspect_ratio_min': 0.11281154433703793, 'aspect_ratio_max': 13.899304202791663, 'fill_ratio_min': 0.14624970708160473, 'merge_distance': 35}. Best is trial 45 with value: 0.2993697420232575.
creating index...
index created!
Loading and preparing results...
DONE (t=0.02s)
creating index...
index created!
Running per image evaluation...
Evaluate annotation type *bbox*
DONE (t=2.08s).
Accumulating evaluation results...
DONE (t=0.27s).
 Average Precision  (AP) @[ IoU=0.50:0.95 | area=   all | maxDets=100 ] = 0.139
 Average Precision  (AP) @[ IoU=0.50      | area=   all | maxDets=100 ] = 0.302
 Average Precision  (AP) @[ IoU=0.75      | area=   all | maxDets=100 ] = 0.105
 Average Precision  (AP) @[ IoU=0.50:0.95 | area= small | maxDets=100 ] = -1.000
 Average Precision  (AP) @[ IoU=0.50:0.95 | area=medium | maxDets=100 ] = 0.027
 Average Precision  (AP) @[ IoU=0.50:0.95 | area= large | maxDets=100 ] = 0.271
 Average Recall     (AR) @[ IoU=0.50:0.95 | area=   all | maxDets=  1 ] = 0.116
 Average Recall     (AR) @[ IoU=0.50:0.95 | area=   all | maxDets= 10 ] = 0.204
 Average Recall     (AR) @[ IoU=0.50:0.95 | area=   all | maxDets=100 ] = 0.204
 Average Recall     (AR) @[ IoU=0.50:0.95 | area= small | maxDets=100 ] = -1.000
 Average Recall     (AR) @[ IoU=0.50:0.95 | area=medium | maxDets=100 ] = 0.068
 Average Recall     (AR) @[ IoU=0.50:0.95 | area= large | maxDets=100 ] = 0.362
[I 2026-02-23 12:41:26,477] Trial 54 finished with value: 0.30169024830465097 and parameters: {'alpha': 3.3395667913003937, 'std_bias': 3.379450322133782, 'opening_size': 5, 'closing_size': 13, 'dilate_size': 9, 'remove_small_blobs': 356, 'area_min': 1690, 'area_max': 129057, 'aspect_ratio_min': 0.11094958039994303, 'aspect_ratio_max': 14.181809837251915, 'fill_ratio_min': 0.14016868601067162, 'merge_distance': 38}. Best is trial 53 with value: 0.30210954318543926.
creating index...
index created!
Loading and preparing results...
DONE (t=0.02s)
creating index...
index created!
Running per image evaluation...
Evaluate annotation type *bbox*
DONE (t=1.88s).
Accumulating evaluation results...
DONE (t=0.34s).
 Average Precision  (AP) @[ IoU=0.50:0.95 | area=   all | maxDets=100 ] = 0.086
 Average Precision  (AP) @[ IoU=0.50      | area=   all | maxDets=100 ] = 0.189
 Average Precision  (AP) @[ IoU=0.75      | area=   all | maxDets=100 ] = 0.066
 Average Precision  (AP) @[ IoU=0.50:0.95 | area= small | maxDets=100 ] = -1.000
 Average Precision  (AP) @[ IoU=0.50:0.95 | area=medium | maxDets=100 ] = 0.002
 Average Precision  (AP) @[ IoU=0.50:0.95 | area= large | maxDets=100 ] = 0.204
 Average Recall     (AR) @[ IoU=0.50:0.95 | area=   all | maxDets=  1 ] = 0.094
 Average Recall     (AR) @[ IoU=0.50:0.95 | area=   all | maxDets= 10 ] = 0.147
 Average Recall     (AR) @[ IoU=0.50:0.95 | area=   all | maxDets=100 ] = 0.147
 Average Recall     (AR) @[ IoU=0.50:0.95 | area= small | maxDets=100 ] = -1.000
 Average Recall     (AR) @[ IoU=0.50:0.95 | area=medium | maxDets=100 ] = 0.009
 Average Recall     (AR) @[ IoU=0.50:0.95 | area= large | maxDets=100 ] = 0.307
[I 2026-02-23 12:45:23,207] Trial 62 finished with value: 0.18940345878445494 and parameters: {'alpha': 3.8399903871078838, 'std_bias': 2.3485066319357815, 'opening_size': 7, 'closing_size': 17, 'dilate_size': 5, 'remove_small_blobs': 248, 'area_min': 1728, 'area_max': 117854, 'aspect_ratio_min': 0.13775144112787208, 'aspect_ratio_max': 12.84704184475602, 'fill_ratio_min': 0.16472725881193745, 'merge_distance': 39}. Best is trial 58 with value: 0.3054088232400746.
creating index...
index created!
Loading and preparing results...
DONE (t=0.02s)
creating index...
index created!
Running per image evaluation...
Evaluate annotation type *bbox*
DONE (t=2.02s).
Accumulating evaluation results...
DONE (t=0.31s).
 Average Precision  (AP) @[ IoU=0.50:0.95 | area=   all | maxDets=100 ] = 0.117
 Average Precision  (AP) @[ IoU=0.50      | area=   all | maxDets=100 ] = 0.290
 Average Precision  (AP) @[ IoU=0.75      | area=   all | maxDets=100 ] = 0.076
 Average Precision  (AP) @[ IoU=0.50:0.95 | area= small | maxDets=100 ] = -1.000
 Average Precision  (AP) @[ IoU=0.50:0.95 | area=medium | maxDets=100 ] = 0.046
 Average Precision  (AP) @[ IoU=0.50:0.95 | area= large | maxDets=100 ] = 0.207
 Average Recall     (AR) @[ IoU=0.50:0.95 | area=   all | maxDets=  1 ] = 0.103
 Average Recall     (AR) @[ IoU=0.50:0.95 | area=   all | maxDets= 10 ] = 0.211
 Average Recall     (AR) @[ IoU=0.50:0.95 | area=   all | maxDets=100 ] = 0.211
 Average Recall     (AR) @[ IoU=0.50:0.95 | area= small | maxDets=100 ] = -1.000
 Average Recall     (AR) @[ IoU=0.50:0.95 | area=medium | maxDets=100 ] = 0.139
 Average Recall     (AR) @[ IoU=0.50:0.95 | area= large | maxDets=100 ] = 0.293
[I 2026-02-23 12:49:31,435] Trial 69 finished with value: 0.2899275109703034 and parameters: {'alpha': 2.9721675289696687, 'std_bias': 3.0869033869281535, 'opening_size': 5, 'closing_size': 20, 'dilate_size': 9, 'remove_small_blobs': 310, 'area_min': 1660, 'area_max': 122656, 'aspect_ratio_min': 0.10679206489973297, 'aspect_ratio_max': 12.421321844614031, 'fill_ratio_min': 0.16753219436864336, 'merge_distance': 45}. Best is trial 59 with value: 0.30834572496878.
creating index...
index created!
Loading and preparing results...
DONE (t=0.01s)
creating index...
index created!
Running per image evaluation...
Evaluate annotation type *bbox*
DONE (t=2.21s).
Accumulating evaluation results...
DONE (t=0.36s).
 Average Precision  (AP) @[ IoU=0.50:0.95 | area=   all | maxDets=100 ] = 0.128
 Average Precision  (AP) @[ IoU=0.50      | area=   all | maxDets=100 ] = 0.328
 Average Precision  (AP) @[ IoU=0.75      | area=   all | maxDets=100 ] = 0.077
 Average Precision  (AP) @[ IoU=0.50:0.95 | area= small | maxDets=100 ] = -1.000
 Average Precision  (AP) @[ IoU=0.50:0.95 | area=medium | maxDets=100 ] = 0.072
 Average Precision  (AP) @[ IoU=0.50:0.95 | area= large | maxDets=100 ] = 0.200
 Average Recall     (AR) @[ IoU=0.50:0.95 | area=   all | maxDets=  1 ] = 0.120
 Average Recall     (AR) @[ IoU=0.50:0.95 | area=   all | maxDets= 10 ] = 0.232
 Average Recall     (AR) @[ IoU=0.50:0.95 | area=   all | maxDets=100 ] = 0.232
 Average Recall     (AR) @[ IoU=0.50:0.95 | area= small | maxDets=100 ] = -1.000
 Average Recall     (AR) @[ IoU=0.50:0.95 | area=medium | maxDets=100 ] = 0.187
 Average Recall     (AR) @[ IoU=0.50:0.95 | area= large | maxDets=100 ] = 0.284
