[I 2026-02-23 13:56:36,660] Using an existing study with name 'still_with_temporal' instead of creating a new one.
Loading annotations and video...
Starting optimization for study 'still_with_temporal'
Using temporal detector: True
Database: optuna_still_with_temporal.db
Number of trials: 25

To run in parallel, execute this same command in multiple terminals.
--------------------------------------------------------------------------------
  0%|          | 0/25 [00:00<?, ?it/s]                                        0%|          | 0/25 [03:38<?, ?it/s]Best trial: 5. Best value: 0.249888:   0%|          | 0/25 [03:38<?, ?it/s]Best trial: 5. Best value: 0.249888:   4%|▍         | 1/25 [03:38<1:27:14, 218.12s/it]                                                                                      Best trial: 5. Best value: 0.249888:   4%|▍         | 1/25 [07:46<1:27:14, 218.12s/it]Best trial: 5. Best value: 0.249888:   4%|▍         | 1/25 [07:46<1:27:14, 218.12s/it]Best trial: 5. Best value: 0.249888:   8%|▊         | 2/25 [07:46<1:30:28, 236.01s/it]                                                                                      Best trial: 5. Best value: 0.249888:   8%|▊         | 2/25 [11:38<1:30:28, 236.01s/it]Best trial: 5. Best value: 0.249888:   8%|▊         | 2/25 [11:38<1:30:28, 236.01s/it]Best trial: 5. Best value: 0.249888:  12%|█▏        | 3/25 [11:38<1:25:49, 234.08s/it]                                                                                      Best trial: 5. Best value: 0.249888:  12%|█▏        | 3/25 [15:48<1:25:49, 234.08s/it]Best trial: 22. Best value: 0.297792:  12%|█▏        | 3/25 [15:48<1:25:49, 234.08s/it]Best trial: 22. Best value: 0.297792:  16%|█▌        | 4/25 [15:48<1:24:10, 240.50s/it]                                                                                       creating index...
index created!
Loading and preparing results...
DONE (t=0.12s)
creating index...
index created!
Running per image evaluation...
Evaluate annotation type *bbox*
DONE (t=1.29s).
Accumulating evaluation results...
DONE (t=0.27s).
 Average Precision  (AP) @[ IoU=0.50:0.95 | area=   all | maxDets=100 ] = 0.150
 Average Precision  (AP) @[ IoU=0.50      | area=   all | maxDets=100 ] = 0.250
 Average Precision  (AP) @[ IoU=0.75      | area=   all | maxDets=100 ] = 0.143
 Average Precision  (AP) @[ IoU=0.50:0.95 | area= small | maxDets=100 ] = -1.000
 Average Precision  (AP) @[ IoU=0.50:0.95 | area=medium | maxDets=100 ] = 0.003
 Average Precision  (AP) @[ IoU=0.50:0.95 | area= large | maxDets=100 ] = 0.370
 Average Recall     (AR) @[ IoU=0.50:0.95 | area=   all | maxDets=  1 ] = 0.155
 Average Recall     (AR) @[ IoU=0.50:0.95 | area=   all | maxDets= 10 ] = 0.223
 Average Recall     (AR) @[ IoU=0.50:0.95 | area=   all | maxDets=100 ] = 0.223
 Average Recall     (AR) @[ IoU=0.50:0.95 | area= small | maxDets=100 ] = -1.000
 Average Recall     (AR) @[ IoU=0.50:0.95 | area=medium | maxDets=100 ] = 0.012
 Average Recall     (AR) @[ IoU=0.50:0.95 | area= large | maxDets=100 ] = 0.468
[I 2026-02-23 14:00:14,774] Trial 5 finished with value: 0.24988831893878444 and parameters: {'alpha': 6.4491081527984235, 'std_bias': 4.703992836335788, 'opening_size': 3, 'closing_size': 15, 'dilate_size': 7, 'remove_small_blobs': 753, 'area_min': 1352, 'area_max': 136452, 'aspect_ratio_min': 0.24667926649880914, 'aspect_ratio_max': 14.967926885422894, 'fill_ratio_min': 0.2929724982987624, 'n_frames': 2, 'temporal_threshold': 0.5913963022901092, 'merge_distance': 25}. Best is trial 5 with value: 0.24988831893878444.
creating index...
index created!
Loading and preparing results...
DONE (t=0.02s)
creating index...
index created!
Running per image evaluation...
Evaluate annotation type *bbox*
DONE (t=2.02s).
Accumulating evaluation results...
DONE (t=0.34s).
 Average Precision  (AP) @[ IoU=0.50:0.95 | area=   all | maxDets=100 ] = 0.101
 Average Precision  (AP) @[ IoU=0.50      | area=   all | maxDets=100 ] = 0.209
 Average Precision  (AP) @[ IoU=0.75      | area=   all | maxDets=100 ] = 0.078
 Average Precision  (AP) @[ IoU=0.50:0.95 | area= small | maxDets=100 ] = -1.000
 Average Precision  (AP) @[ IoU=0.50:0.95 | area=medium | maxDets=100 ] = 0.003
 Average Precision  (AP) @[ IoU=0.50:0.95 | area= large | maxDets=100 ] = 0.245
 Average Recall     (AR) @[ IoU=0.50:0.95 | area=   all | maxDets=  1 ] = 0.107
 Average Recall     (AR) @[ IoU=0.50:0.95 | area=   all | maxDets= 10 ] = 0.162
 Average Recall     (AR) @[ IoU=0.50:0.95 | area=   all | maxDets=100 ] = 0.162
 Average Recall     (AR) @[ IoU=0.50:0.95 | area= small | maxDets=100 ] = -1.000
 Average Recall     (AR) @[ IoU=0.50:0.95 | area=medium | maxDets=100 ] = 0.014
 Average Recall     (AR) @[ IoU=0.50:0.95 | area= large | maxDets=100 ] = 0.334
[I 2026-02-23 14:04:23,319] Trial 9 finished with value: 0.20918579342016538 and parameters: {'alpha': 5.7153711251140535, 'std_bias': 1.5069427527401387, 'opening_size': 3, 'closing_size': 9, 'dilate_size': 9, 'remove_small_blobs': 969, 'area_min': 1805, 'area_max': 59456, 'aspect_ratio_min': 0.12294224324482456, 'aspect_ratio_max': 7.892005057150536, 'fill_ratio_min': 0.24418726478590158, 'n_frames': 3, 'temporal_threshold': 0.686956104322486, 'merge_distance': 20}. Best is trial 5 with value: 0.24988831893878444.
creating index...
index created!
Loading and preparing results...
DONE (t=0.01s)
creating index...
index created!
Running per image evaluation...
Evaluate annotation type *bbox*
DONE (t=1.20s).
Accumulating evaluation results...
DONE (t=0.23s).
 Average Precision  (AP) @[ IoU=0.50:0.95 | area=   all | maxDets=100 ] = 0.048
 Average Precision  (AP) @[ IoU=0.50      | area=   all | maxDets=100 ] = 0.130
 Average Precision  (AP) @[ IoU=0.75      | area=   all | maxDets=100 ] = 0.032
 Average Precision  (AP) @[ IoU=0.50:0.95 | area= small | maxDets=100 ] = -1.000
 Average Precision  (AP) @[ IoU=0.50:0.95 | area=medium | maxDets=100 ] = 0.000
 Average Precision  (AP) @[ IoU=0.50:0.95 | area= large | maxDets=100 ] = 0.132
 Average Recall     (AR) @[ IoU=0.50:0.95 | area=   all | maxDets=  1 ] = 0.077
 Average Recall     (AR) @[ IoU=0.50:0.95 | area=   all | maxDets= 10 ] = 0.114
 Average Recall     (AR) @[ IoU=0.50:0.95 | area=   all | maxDets=100 ] = 0.114
 Average Recall     (AR) @[ IoU=0.50:0.95 | area= small | maxDets=100 ] = -1.000
 Average Recall     (AR) @[ IoU=0.50:0.95 | area=medium | maxDets=100 ] = 0.003
 Average Recall     (AR) @[ IoU=0.50:0.95 | area= large | maxDets=100 ] = 0.242
[I 2026-02-23 14:08:15,105] Trial 16 finished with value: 0.13017540449414905 and parameters: {'alpha': 5.931285903162934, 'std_bias': 4.8256357879456155, 'opening_size': 7, 'closing_size': 11, 'dilate_size': 9, 'remove_small_blobs': 348, 'area_min': 1628, 'area_max': 127429, 'aspect_ratio_min': 0.24974313741528584, 'aspect_ratio_max': 5.7525205543298625, 'fill_ratio_min': 0.16104993231958373, 'n_frames': 3, 'temporal_threshold': 0.3687813598124037, 'merge_distance': 42}. Best is trial 5 with value: 0.24988831893878444.
creating index...
index created!
Loading and preparing results...
DONE (t=0.01s)
creating index...
index created!
Running per image evaluation...
Evaluate annotation type *bbox*
DONE (t=1.78s).
Accumulating evaluation results...
DONE (t=0.30s).
 Average Precision  (AP) @[ IoU=0.50:0.95 | area=   all | maxDets=100 ] = 0.137
 Average Precision  (AP) @[ IoU=0.50      | area=   all | maxDets=100 ] = 0.290
 Average Precision  (AP) @[ IoU=0.75      | area=   all | maxDets=100 ] = 0.118
 Average Precision  (AP) @[ IoU=0.50:0.95 | area= small | maxDets=100 ] = -1.000
 Average Precision  (AP) @[ IoU=0.50:0.95 | area=medium | maxDets=100 ] = 0.041
 Average Precision  (AP) @[ IoU=0.50:0.95 | area= large | maxDets=100 ] = 0.252
 Average Recall     (AR) @[ IoU=0.50:0.95 | area=   all | maxDets=  1 ] = 0.113
 Average Recall     (AR) @[ IoU=0.50:0.95 | area=   all | maxDets= 10 ] = 0.219
 Average Recall     (AR) @[ IoU=0.50:0.95 | area=   all | maxDets=100 ] = 0.219
 Average Recall     (AR) @[ IoU=0.50:0.95 | area= small | maxDets=100 ] = -1.000
 Average Recall     (AR) @[ IoU=0.50:0.95 | area=medium | maxDets=100 ] = 0.107
 Average Recall     (AR) @[ IoU=0.50:0.95 | area= large | maxDets=100 ] = 0.348
[I 2026-02-23 14:12:25,446] Trial 23 finished with value: 0.29037946485129 and parameters: {'alpha': 4.844567672851363, 'std_bias': 2.2690579542697917, 'opening_size': 3, 'closing_size': 20, 'dilate_size': 9, 'remove_small_blobs': 651, 'area_min': 1685, 'area_max': 97314, 'aspect_ratio_min': 0.24924543081248912, 'aspect_ratio_max': 4.396872349108823, 'fill_ratio_min': 0.2987270031771183, 'n_frames': 2, 'temporal_threshold': 0.568466466021401, 'merge_distance': 35}. Best is trial 22 with value: 0.297791625355221.
creating index...
index created!
Loading and preparing results...
DONE (t=0.02s)
creating index...
index created!
Running per image evaluation...
Evaluate annotation type *bbox*
DONE (t=1.91s).
Accumulating evaluation results...
DONE (t=0.32s).
 Average Precision  (AP) @[ IoU=0.50:0.95 | area=   all | maxDets=100 ] = 0.136
 Average Precision  (AP) @[ IoU=0.50      | area=   all | maxDets=100 ] = 0.283
 Average Precision  (AP) @[ IoU=0.75      | area=   all | maxDets=100 ] = 0.121
 Average Precision  (AP) @[ IoU=0.50:0.95 | area= small | maxDets=100 ] = -1.000
 Average Precision  (AP) @[ IoU=0.50:0.95 | area=medium | maxDets=100 ] = 0.035
 Average Precision  (AP) @[ IoU=0.50:0.95 | area= large | maxDets=100 ] = 0.257
 Average Recall     (AR) @[ IoU=0.50:0.95 | area=   all | maxDets=  1 ] = 0.116
 Average Recall     (AR) @[ IoU=0.50:0.95 | area=   all | maxDets= 10 ] = 0.211
 Average Recall     (AR) @[ IoU=0.50:0.95 | area=   all | maxDets=100 ] = 0.211
 Average Recall     (AR) @[ IoU=0.50:0.95 | area= small | maxDets=100 ] = -1.000
 Average Recall     (AR) @[ IoU=0.50:0.95 | area=medium | maxDets=100 ] = 0.090
 Average Recall     (AR) @[ IoU=0.50:0.95 | area= large | maxDets=100 ] = 0.352
[I 2026-02-23 14:16:38,064] Trial 30 finished with value: 0.28274521407410524 and parameters: {'alpha': 5.104681815778928, 'std_bias': 2.154231382413408, 'opening_size': 3, 'closing_size': 20, 'dilate_size': 9, 'remove_small_blobs': 557, 'area_min': 1704, 'area_max': 88729, 'aspect_ratio_min': 0.21440370101992934, 'aspect_ratio_max': 5.3098103430418755, 'fill_ratio_min': 0.2736413773750289, 'n_frames': 2, 'temporal_threshold': 0.522918441542346, 'merge_distance': 37}. Best is trial 26 with value: 0.31031001014171766.Best trial: 22. Best value: 0.297792:  16%|█▌        | 4/25 [20:01<1:24:10, 240.50s/it]Best trial: 26. Best value: 0.31031:  16%|█▌        | 4/25 [20:01<1:24:10, 240.50s/it] Best trial: 26. Best value: 0.31031:  20%|██        | 5/25 [20:01<1:21:37, 244.88s/it]                                                                                      Best trial: 26. Best value: 0.31031:  20%|██        | 5/25 [24:16<1:21:37, 244.88s/it]Best trial: 26. Best value: 0.31031:  20%|██        | 5/25 [24:16<1:21:37, 244.88s/it]Best trial: 26. Best value: 0.31031:  24%|██▍       | 6/25 [24:16<1:18:40, 248.44s/it]                                                                                      Best trial: 26. Best value: 0.31031:  24%|██▍       | 6/25 [29:02<1:18:40, 248.44s/it]Best trial: 38. Best value: 0.321173:  24%|██▍       | 6/25 [29:02<1:18:40, 248.44s/it]Best trial: 38. Best value: 0.321173:  28%|██▊       | 7/25 [29:02<1:18:08, 260.49s/it]                                                                                       Best trial: 38. Best value: 0.321173:  28%|██▊       | 7/25 [33:41<1:18:08, 260.49s/it]Best trial: 38. Best value: 0.321173:  28%|██▊       | 7/25 [33:41<1:18:08, 260.49s/it]Best trial: 38. Best value: 0.321173:  32%|███▏      | 8/25 [33:41<1:15:31, 266.55s/it]                                                                                       Best trial: 38. Best value: 0.321173:  32%|███▏      | 8/25 [38:33<1:15:31, 266.55s/it]Best trial: 38. Best value: 0.321173:  32%|███▏      | 8/25 [38:33<1:15:31, 266.55s/it]Best trial: 38. Best value: 0.321173:  36%|███▌      | 9/25 [38:33<1:13:11, 274.48s/it]                                                                                       
creating index...
index created!
Loading and preparing results...
DONE (t=0.03s)
creating index...
index created!
Running per image evaluation...
Evaluate annotation type *bbox*
DONE (t=2.65s).
Accumulating evaluation results...
DONE (t=0.54s).
 Average Precision  (AP) @[ IoU=0.50:0.95 | area=   all | maxDets=100 ] = 0.096
 Average Precision  (AP) @[ IoU=0.50      | area=   all | maxDets=100 ] = 0.254
 Average Precision  (AP) @[ IoU=0.75      | area=   all | maxDets=100 ] = 0.050
 Average Precision  (AP) @[ IoU=0.50:0.95 | area= small | maxDets=100 ] = -1.000
 Average Precision  (AP) @[ IoU=0.50:0.95 | area=medium | maxDets=100 ] = 0.016
 Average Precision  (AP) @[ IoU=0.50:0.95 | area= large | maxDets=100 ] = 0.221
 Average Recall     (AR) @[ IoU=0.50:0.95 | area=   all | maxDets=  1 ] = 0.077
 Average Recall     (AR) @[ IoU=0.50:0.95 | area=   all | maxDets= 10 ] = 0.181
 Average Recall     (AR) @[ IoU=0.50:0.95 | area=   all | maxDets=100 ] = 0.181
 Average Recall     (AR) @[ IoU=0.50:0.95 | area= small | maxDets=100 ] = -1.000
 Average Recall     (AR) @[ IoU=0.50:0.95 | area=medium | maxDets=100 ] = 0.082
 Average Recall     (AR) @[ IoU=0.50:0.95 | area= large | maxDets=100 ] = 0.296
[I 2026-02-23 14:20:53,447] Trial 37 finished with value: 0.2536334789230075 and parameters: {'alpha': 3.5288396710369883, 'std_bias': 2.586934704167244, 'opening_size': 5, 'closing_size': 20, 'dilate_size': 5, 'remove_small_blobs': 806, 'area_min': 693, 'area_max': 110776, 'aspect_ratio_min': 0.23699531870922816, 'aspect_ratio_max': 9.606176282854491, 'fill_ratio_min': 0.23041782897426777, 'n_frames': 3, 'temporal_threshold': 0.4894849041692413, 'merge_distance': 31}. Best is trial 26 with value: 0.31031001014171766.
creating index...
index created!
Loading and preparing results...
DONE (t=0.03s)
creating index...
index created!
Running per image evaluation...
Evaluate annotation type *bbox*
DONE (t=2.46s).
Accumulating evaluation results...
DONE (t=0.37s).
 Average Precision  (AP) @[ IoU=0.50:0.95 | area=   all | maxDets=100 ] = 0.061
 Average Precision  (AP) @[ IoU=0.50      | area=   all | maxDets=100 ] = 0.175
 Average Precision  (AP) @[ IoU=0.75      | area=   all | maxDets=100 ] = 0.024
 Average Precision  (AP) @[ IoU=0.50:0.95 | area= small | maxDets=100 ] = -1.000
 Average Precision  (AP) @[ IoU=0.50:0.95 | area=medium | maxDets=100 ] = 0.005
 Average Precision  (AP) @[ IoU=0.50:0.95 | area= large | maxDets=100 ] = 0.143
 Average Recall     (AR) @[ IoU=0.50:0.95 | area=   all | maxDets=  1 ] = 0.074
 Average Recall     (AR) @[ IoU=0.50:0.95 | area=   all | maxDets= 10 ] = 0.115
 Average Recall     (AR) @[ IoU=0.50:0.95 | area=   all | maxDets=100 ] = 0.115
 Average Recall     (AR) @[ IoU=0.50:0.95 | area= small | maxDets=100 ] = -1.000
 Average Recall     (AR) @[ IoU=0.50:0.95 | area=medium | maxDets=100 ] = 0.037
 Average Recall     (AR) @[ IoU=0.50:0.95 | area= large | maxDets=100 ] = 0.206
[I 2026-02-23 14:25:38,718] Trial 45 finished with value: 0.17488547204288754 and parameters: {'alpha': 4.404186853610266, 'std_bias': 0.29492929886500585, 'opening_size': 5, 'closing_size': 17, 'dilate_size': 9, 'remove_small_blobs': 453, 'area_min': 1475, 'area_max': 50439, 'aspect_ratio_min': 0.22546946184142425, 'aspect_ratio_max': 7.0146208210959395, 'fill_ratio_min': 0.19230309770052217, 'n_frames': 3, 'temporal_threshold': 0.6034484971947842, 'merge_distance': 23}. Best is trial 38 with value: 0.32117286645295584.
creating index...
index created!
Loading and preparing results...
DONE (t=0.02s)
creating index...
index created!
Running per image evaluation...
Evaluate annotation type *bbox*
DONE (t=2.17s).
Accumulating evaluation results...
DONE (t=0.36s).
 Average Precision  (AP) @[ IoU=0.50:0.95 | area=   all | maxDets=100 ] = 0.119
 Average Precision  (AP) @[ IoU=0.50      | area=   all | maxDets=100 ] = 0.236
 Average Precision  (AP) @[ IoU=0.75      | area=   all | maxDets=100 ] = 0.100
 Average Precision  (AP) @[ IoU=0.50:0.95 | area= small | maxDets=100 ] = -1.000
 Average Precision  (AP) @[ IoU=0.50:0.95 | area=medium | maxDets=100 ] = 0.002
 Average Precision  (AP) @[ IoU=0.50:0.95 | area= large | maxDets=100 ] = 0.287
 Average Recall     (AR) @[ IoU=0.50:0.95 | area=   all | maxDets=  1 ] = 0.117
 Average Recall     (AR) @[ IoU=0.50:0.95 | area=   all | maxDets= 10 ] = 0.178
 Average Recall     (AR) @[ IoU=0.50:0.95 | area=   all | maxDets=100 ] = 0.178
 Average Recall     (AR) @[ IoU=0.50:0.95 | area= small | maxDets=100 ] = -1.000
 Average Recall     (AR) @[ IoU=0.50:0.95 | area=medium | maxDets=100 ] = 0.008
 Average Recall     (AR) @[ IoU=0.50:0.95 | area= large | maxDets=100 ] = 0.376
[I 2026-02-23 14:30:18,265] Trial 53 finished with value: 0.23572005891143397 and parameters: {'alpha': 6.095971062533123, 'std_bias': 1.3047705943332217, 'opening_size': 3, 'closing_size': 9, 'dilate_size': 9, 'remove_small_blobs': 412, 'area_min': 1890, 'area_max': 143121, 'aspect_ratio_min': 0.23665569712150786, 'aspect_ratio_max': 11.882999643033326, 'fill_ratio_min': 0.2566022209093044, 'n_frames': 3, 'temporal_threshold': 0.6357801878324809, 'merge_distance': 21}. Best is trial 38 with value: 0.32117286645295584.
creating index...
index created!
Loading and preparing results...
DONE (t=0.02s)
creating index...
index created!
Running per image evaluation...
Evaluate annotation type *bbox*
DONE (t=2.15s).
Accumulating evaluation results...
DONE (t=0.33s).
 Average Precision  (AP) @[ IoU=0.50:0.95 | area=   all | maxDets=100 ] = 0.115
 Average Precision  (AP) @[ IoU=0.50      | area=   all | maxDets=100 ] = 0.265
 Average Precision  (AP) @[ IoU=0.75      | area=   all | maxDets=100 ] = 0.079
 Average Precision  (AP) @[ IoU=0.50:0.95 | area= small | maxDets=100 ] = -1.000
 Average Precision  (AP) @[ IoU=0.50:0.95 | area=medium | maxDets=100 ] = 0.020
 Average Precision  (AP) @[ IoU=0.50:0.95 | area= large | maxDets=100 ] = 0.234
 Average Recall     (AR) @[ IoU=0.50:0.95 | area=   all | maxDets=  1 ] = 0.108
 Average Recall     (AR) @[ IoU=0.50:0.95 | area=   all | maxDets= 10 ] = 0.184
 Average Recall     (AR) @[ IoU=0.50:0.95 | area=   all | maxDets=100 ] = 0.184
 Average Recall     (AR) @[ IoU=0.50:0.95 | area= small | maxDets=100 ] = -1.000
 Average Recall     (AR) @[ IoU=0.50:0.95 | area=medium | maxDets=100 ] = 0.067
 Average Recall     (AR) @[ IoU=0.50:0.95 | area= large | maxDets=100 ] = 0.321
[I 2026-02-23 14:35:10,200] Trial 61 finished with value: 0.265162171430328 and parameters: {'alpha': 3.851071259620501, 'std_bias': 1.865164605266159, 'opening_size': 3, 'closing_size': 7, 'dilate_size': 7, 'remove_small_blobs': 578, 'area_min': 1738, 'area_max': 91967, 'aspect_ratio_min': 0.24378821568338438, 'aspect_ratio_max': 4.973638951563042, 'fill_ratio_min': 0.2824630343293676, 'n_frames': 3, 'temporal_threshold': 0.668937814556561, 'merge_distance': 45}. Best is trial 38 with value: 0.32117286645295584.
creating index...
index created!
Loading and preparing results...
DONE (t=0.02s)
creating index...
index created!
Running per image evaluation...
Evaluate annotation type *bbox*
DONE (t=2.71s).
Accumulating evaluation results...
DONE (t=0.32s).
 Average Precision  (AP) @[ IoU=0.50:0.95 | area=   all | maxDets=100 ] = 0.059
 Average Precision  (AP) @[ IoU=0.50      | area=   all | maxDets=100 ] = 0.173
 Average Precision  (AP) @[ IoU=0.75      | area=   all | maxDets=100 ] = 0.031
 Average Precision  (AP) @[ IoU=0.50:0.95 | area= small | maxDets=100 ] = -1.000
 Average Precision  (AP) @[ IoU=0.50:0.95 | area=medium | maxDets=100 ] = 0.049
 Average Precision  (AP) @[ IoU=0.50:0.95 | area= large | maxDets=100 ] = 0.074
 Average Recall     (AR) @[ IoU=0.50:0.95 | area=   all | maxDets=  1 ] = 0.067
 Average Recall     (AR) @[ IoU=0.50:0.95 | area=   all | maxDets= 10 ] = 0.182
 Average Recall     (AR) @[ IoU=0.50:0.95 | area=   all | maxDets=100 ] = 0.182
 Average Recall     (AR) @[ IoU=0.50:0.95 | area= small | maxDets=100 ] = -1.000
 Average Recall     (AR) @[ IoU=0.50:0.95 | area=medium | maxDets=100 ] = 0.195
 Average Recall     (AR) @[ IoU=0.50:0.95 | area= large | maxDets=100 ] = 0.167
