[I 2026-02-23 15:28:16,871] Trial 157 finished with value: 0.34851719069646214 and parameters: {'alpha': 4.357656822862991, 'std_bias': 3.5299237711991456, 'opening_size': 3, 'closing_size': 20, 'dilate_size': 5, 'remove_small_blobs': 243, 'area_min': 1515, 'area_max': 142575, 'aspect_ratio_min': 0.12900651508525698, 'aspect_ratio_max': 8.64734540650251, 'fill_ratio_min': 0.22427471881367086, 'n_frames': 2, 'temporal_threshold': 0.48003202734834993, 'merge_distance': 15}. Best is trial 101 with value: 0.35127376327781606.Best trial: 101. Best value: 0.351274:  76%|███████▌  | 19/25 [1:31:35<28:04, 280.75s/it]Best trial: 101. Best value: 0.351274:  76%|███████▌  | 19/25 [1:31:35<28:04, 280.75s/it]Best trial: 101. Best value: 0.351274:  80%|████████  | 20/25 [1:31:35<22:59, 275.97s/it]                                                                                         Best trial: 101. Best value: 0.351274:  80%|████████  | 20/25 [1:36:07<22:59, 275.97s/it]Best trial: 101. Best value: 0.351274:  80%|████████  | 20/25 [1:36:07<22:59, 275.97s/it]Best trial: 101. Best value: 0.351274:  84%|████████▍ | 21/25 [1:36:07<18:19, 274.89s/it]                                                                                         Best trial: 101. Best value: 0.351274:  84%|████████▍ | 21/25 [1:40:09<18:19, 274.89s/it]Best trial: 172. Best value: 0.353745:  84%|████████▍ | 21/25 [1:40:09<18:19, 274.89s/it]Best trial: 172. Best value: 0.353745:  88%|████████▊ | 22/25 [1:40:09<13:15, 265.01s/it]                                                                                         Best trial: 172. Best value: 0.353745:  88%|████████▊ | 22/25 [1:44:40<13:15, 265.01s/it]Best trial: 172. Best value: 0.353745:  88%|████████▊ | 22/25 [1:44:40<13:15, 265.01s/it]Best trial: 172. Best value: 0.353745:  92%|█████████▏| 23/25 [1:44:40<08:53, 266.98s/it]                                                                                         Best trial: 172. Best value: 0.353745:  92%|█████████▏| 23/25 [1:48:45<08:53, 266.98s/it]Best trial: 172. Best value: 0.353745:  92%|█████████▏| 23/25 [1:48:45<08:53, 266.98s/it]Best trial: 172. Best value: 0.353745:  96%|█████████▌| 24/25 [1:48:45<04:20, 260.30s/it]                                                                                         
creating index...
index created!
Loading and preparing results...
DONE (t=0.02s)
creating index...
index created!
Running per image evaluation...
Evaluate annotation type *bbox*
DONE (t=2.23s).
Accumulating evaluation results...
DONE (t=0.36s).
 Average Precision  (AP) @[ IoU=0.50:0.95 | area=   all | maxDets=100 ] = 0.155
 Average Precision  (AP) @[ IoU=0.50      | area=   all | maxDets=100 ] = 0.279
 Average Precision  (AP) @[ IoU=0.75      | area=   all | maxDets=100 ] = 0.153
 Average Precision  (AP) @[ IoU=0.50:0.95 | area= small | maxDets=100 ] = -1.000
 Average Precision  (AP) @[ IoU=0.50:0.95 | area=medium | maxDets=100 ] = 0.006
 Average Precision  (AP) @[ IoU=0.50:0.95 | area= large | maxDets=100 ] = 0.356
 Average Recall     (AR) @[ IoU=0.50:0.95 | area=   all | maxDets=  1 ] = 0.142
 Average Recall     (AR) @[ IoU=0.50:0.95 | area=   all | maxDets= 10 ] = 0.226
 Average Recall     (AR) @[ IoU=0.50:0.95 | area=   all | maxDets=100 ] = 0.226
 Average Recall     (AR) @[ IoU=0.50:0.95 | area= small | maxDets=100 ] = -1.000
 Average Recall     (AR) @[ IoU=0.50:0.95 | area=medium | maxDets=100 ] = 0.032
 Average Recall     (AR) @[ IoU=0.50:0.95 | area= large | maxDets=100 ] = 0.452
[I 2026-02-23 15:32:49,230] Trial 165 finished with value: 0.27860711026783824 and parameters: {'alpha': 4.366657730411923, 'std_bias': 3.539266081946585, 'opening_size': 3, 'closing_size': 3, 'dilate_size': 5, 'remove_small_blobs': 291, 'area_min': 1477, 'area_max': 147289, 'aspect_ratio_min': 0.17127933208999999, 'aspect_ratio_max': 7.355415237962084, 'fill_ratio_min': 0.21398508492379462, 'n_frames': 2, 'temporal_threshold': 0.3404544722438775, 'merge_distance': 12}. Best is trial 101 with value: 0.35127376327781606.
creating index...
index created!
Loading and preparing results...
DONE (t=0.01s)
creating index...
index created!
Running per image evaluation...
Evaluate annotation type *bbox*
DONE (t=1.93s).
Accumulating evaluation results...
DONE (t=0.36s).
 Average Precision  (AP) @[ IoU=0.50:0.95 | area=   all | maxDets=100 ] = 0.062
 Average Precision  (AP) @[ IoU=0.50      | area=   all | maxDets=100 ] = 0.157
 Average Precision  (AP) @[ IoU=0.75      | area=   all | maxDets=100 ] = 0.046
 Average Precision  (AP) @[ IoU=0.50:0.95 | area= small | maxDets=100 ] = -1.000
 Average Precision  (AP) @[ IoU=0.50:0.95 | area=medium | maxDets=100 ] = 0.001
 Average Precision  (AP) @[ IoU=0.50:0.95 | area= large | maxDets=100 ] = 0.167
 Average Recall     (AR) @[ IoU=0.50:0.95 | area=   all | maxDets=  1 ] = 0.081
 Average Recall     (AR) @[ IoU=0.50:0.95 | area=   all | maxDets= 10 ] = 0.140
 Average Recall     (AR) @[ IoU=0.50:0.95 | area=   all | maxDets=100 ] = 0.140
 Average Recall     (AR) @[ IoU=0.50:0.95 | area= small | maxDets=100 ] = -1.000
 Average Recall     (AR) @[ IoU=0.50:0.95 | area=medium | maxDets=100 ] = 0.007
 Average Recall     (AR) @[ IoU=0.50:0.95 | area= large | maxDets=100 ] = 0.294
[I 2026-02-23 15:36:51,181] Trial 173 finished with value: 0.15657509610779605 and parameters: {'alpha': 4.638626506056599, 'std_bias': 3.7528864453627, 'opening_size': 7, 'closing_size': 20, 'dilate_size': 5, 'remove_small_blobs': 250, 'area_min': 1556, 'area_max': 143039, 'aspect_ratio_min': 0.18346236618624023, 'aspect_ratio_max': 12.276266640205753, 'fill_ratio_min': 0.2094359605198032, 'n_frames': 2, 'temporal_threshold': 0.3539623306382463, 'merge_distance': 17}. Best is trial 172 with value: 0.3537450675064908.
creating index...
index created!
Loading and preparing results...
DONE (t=0.02s)
creating index...
index created!
Running per image evaluation...
Evaluate annotation type *bbox*
DONE (t=2.00s).
Accumulating evaluation results...
DONE (t=0.35s).
 Average Precision  (AP) @[ IoU=0.50:0.95 | area=   all | maxDets=100 ] = 0.169
 Average Precision  (AP) @[ IoU=0.50      | area=   all | maxDets=100 ] = 0.317
 Average Precision  (AP) @[ IoU=0.75      | area=   all | maxDets=100 ] = 0.163
 Average Precision  (AP) @[ IoU=0.50:0.95 | area= small | maxDets=100 ] = -1.000
 Average Precision  (AP) @[ IoU=0.50:0.95 | area=medium | maxDets=100 ] = 0.022
 Average Precision  (AP) @[ IoU=0.50:0.95 | area= large | maxDets=100 ] = 0.353
 Average Recall     (AR) @[ IoU=0.50:0.95 | area=   all | maxDets=  1 ] = 0.138
 Average Recall     (AR) @[ IoU=0.50:0.95 | area=   all | maxDets= 10 ] = 0.241
 Average Recall     (AR) @[ IoU=0.50:0.95 | area=   all | maxDets=100 ] = 0.241
 Average Recall     (AR) @[ IoU=0.50:0.95 | area= small | maxDets=100 ] = -1.000
 Average Recall     (AR) @[ IoU=0.50:0.95 | area=medium | maxDets=100 ] = 0.062
 Average Recall     (AR) @[ IoU=0.50:0.95 | area= large | maxDets=100 ] = 0.449
[I 2026-02-23 15:41:22,763] Trial 181 finished with value: 0.3172876209024932 and parameters: {'alpha': 4.046838572699673, 'std_bias': 3.83250039858932, 'opening_size': 3, 'closing_size': 9, 'dilate_size': 5, 'remove_small_blobs': 312, 'area_min': 1531, 'area_max': 116526, 'aspect_ratio_min': 0.1358162776216963, 'aspect_ratio_max': 13.26711148098262, 'fill_ratio_min': 0.22385774262519317, 'n_frames': 2, 'temporal_threshold': 0.48623952755697686, 'merge_distance': 20}. Best is trial 172 with value: 0.3537450675064908.
creating index...
index created!
Loading and preparing results...
DONE (t=0.03s)
creating index...
index created!
Running per image evaluation...
Evaluate annotation type *bbox*
DONE (t=1.98s).
Accumulating evaluation results...
DONE (t=0.54s).
 Average Precision  (AP) @[ IoU=0.50:0.95 | area=   all | maxDets=100 ] = 0.178
 Average Precision  (AP) @[ IoU=0.50      | area=   all | maxDets=100 ] = 0.329
 Average Precision  (AP) @[ IoU=0.75      | area=   all | maxDets=100 ] = 0.174
 Average Precision  (AP) @[ IoU=0.50:0.95 | area= small | maxDets=100 ] = -1.000
 Average Precision  (AP) @[ IoU=0.50:0.95 | area=medium | maxDets=100 ] = 0.028
 Average Precision  (AP) @[ IoU=0.50:0.95 | area= large | maxDets=100 ] = 0.365
 Average Recall     (AR) @[ IoU=0.50:0.95 | area=   all | maxDets=  1 ] = 0.136
 Average Recall     (AR) @[ IoU=0.50:0.95 | area=   all | maxDets= 10 ] = 0.253
 Average Recall     (AR) @[ IoU=0.50:0.95 | area=   all | maxDets=100 ] = 0.253
 Average Recall     (AR) @[ IoU=0.50:0.95 | area= small | maxDets=100 ] = -1.000
 Average Recall     (AR) @[ IoU=0.50:0.95 | area=medium | maxDets=100 ] = 0.072
 Average Recall     (AR) @[ IoU=0.50:0.95 | area= large | maxDets=100 ] = 0.462
[I 2026-02-23 15:45:27,487] Trial 189 finished with value: 0.3294264088019731 and parameters: {'alpha': 4.872220856402525, 'std_bias': 3.3873895913699843, 'opening_size': 3, 'closing_size': 20, 'dilate_size': 5, 'remove_small_blobs': 358, 'area_min': 1517, 'area_max': 113796, 'aspect_ratio_min': 0.1404631673981993, 'aspect_ratio_max': 13.817509785609907, 'fill_ratio_min': 0.22773032160961718, 'n_frames': 2, 'temporal_threshold': 0.49242415357576724, 'merge_distance': 14}. Best is trial 172 with value: 0.3537450675064908.
creating index...
index created!
Loading and preparing results...
DONE (t=0.01s)
creating index...
index created!
Running per image evaluation...
Evaluate annotation type *bbox*
DONE (t=1.32s).
Accumulating evaluation results...
DONE (t=0.35s).
 Average Precision  (AP) @[ IoU=0.50:0.95 | area=   all | maxDets=100 ] = 0.186
 Average Precision  (AP) @[ IoU=0.50      | area=   all | maxDets=100 ] = 0.330
 Average Precision  (AP) @[ IoU=0.75      | area=   all | maxDets=100 ] = 0.187
 Average Precision  (AP) @[ IoU=0.50:0.95 | area= small | maxDets=100 ] = -1.000
 Average Precision  (AP) @[ IoU=0.50:0.95 | area=medium | maxDets=100 ] = 0.026
 Average Precision  (AP) @[ IoU=0.50:0.95 | area= large | maxDets=100 ] = 0.382
 Average Recall     (AR) @[ IoU=0.50:0.95 | area=   all | maxDets=  1 ] = 0.143
 Average Recall     (AR) @[ IoU=0.50:0.95 | area=   all | maxDets= 10 ] = 0.261
 Average Recall     (AR) @[ IoU=0.50:0.95 | area=   all | maxDets=100 ] = 0.262
 Average Recall     (AR) @[ IoU=0.50:0.95 | area= small | maxDets=100 ] = -1.000
 Average Recall     (AR) @[ IoU=0.50:0.95 | area=medium | maxDets=100 ] = 0.073
 Average Recall     (AR) @[ IoU=0.50:0.95 | area= large | maxDets=100 ] = 0.480
[I 2026-02-23 15:49:05,269] Trial 196 finished with value: 0.3301994715737435 and parameters: {'alpha': 4.451449959372244, 'std_bias': 3.918200898230907, 'opening_size': 3, 'closing_size': 17, 'dilate_size': 5, 'remove_small_blobs': 342, 'area_min': 1631, 'area_max': 145143, 'aspect_ratio_min': 0.12398754863062289, 'aspect_ratio_max': 14.682890086485662, 'fill_ratio_min': 0.19214601283325222, 'n_frames': 2, 'temporal_threshold': 0.5173531675778239, 'merge_distance': 19}. Best is trial 172 with value: 0.3537450675064908.Best trial: 172. Best value: 0.353745:  96%|█████████▌| 24/25 [1:52:23<04:20, 260.30s/it]Best trial: 172. Best value: 0.353745:  96%|█████████▌| 24/25 [1:52:23<04:20, 260.30s/it]Best trial: 172. Best value: 0.353745: 100%|██████████| 25/25 [1:52:23<00:00, 247.54s/it]Best trial: 172. Best value: 0.353745: 100%|██████████| 25/25 [1:52:23<00:00, 269.74s/it]


================================================================================
OPTIMIZATION COMPLETE
================================================================================

Best AP50: 0.3537

Best hyperparameters:
  alpha: 4.049088355666574
  std_bias: 3.7680655357242996
  opening_size: 3
  closing_size: 20
  dilate_size: 5
  remove_small_blobs: 288
  area_min: 1540
  area_max: 143124
  aspect_ratio_min: 0.13507964293428992
  aspect_ratio_max: 13.066208281183668
  fill_ratio_min: 0.21296140430694807
  n_frames: 2
  temporal_threshold: 0.4929262041892487
  merge_distance: 16

Total trials completed: 199
Results saved to: optuna_still_with_temporal.db

To visualize results, use optuna-dashboard:
  optuna-dashboard sqlite:///optuna_still_with_temporal.db
