[I 2026-02-23 12:49:41,337] Trial 71 finished with value: 0.2708781147263781 and parameters: {'alpha': 4.259229658512667, 'std_bias': 3.0130638440546598, 'opening_size': 5, 'closing_size': 13, 'dilate_size': 9, 'remove_small_blobs': 407, 'area_min': 1422, 'area_max': 122875, 'aspect_ratio_min': 0.10681563681851682, 'aspect_ratio_max': 12.223630079105579, 'fill_ratio_min': 0.16163822093477961, 'merge_distance': 29}. Best is trial 59 with value: 0.30834572496878.Best trial: 59. Best value: 0.308346:  36%|███▌      | 9/25 [37:18<1:02:43, 235.21s/it]Best trial: 59. Best value: 0.308346:  36%|███▌      | 9/25 [37:18<1:02:43, 235.21s/it]Best trial: 59. Best value: 0.308346:  40%|████      | 10/25 [37:18<58:54, 235.62s/it]                                                                                       Best trial: 59. Best value: 0.308346:  40%|████      | 10/25 [41:27<58:54, 235.62s/it]Best trial: 76. Best value: 0.33616:  40%|████      | 10/25 [41:27<58:54, 235.62s/it] Best trial: 76. Best value: 0.33616:  44%|████▍     | 11/25 [41:27<55:55, 239.70s/it]                                                                                     Best trial: 76. Best value: 0.33616:  44%|████▍     | 11/25 [45:41<55:55, 239.70s/it]Best trial: 76. Best value: 0.33616:  44%|████▍     | 11/25 [45:41<55:55, 239.70s/it]Best trial: 76. Best value: 0.33616:  48%|████▊     | 12/25 [45:41<52:52, 244.07s/it]                                                                                     Best trial: 76. Best value: 0.33616:  48%|████▊     | 12/25 [49:44<52:52, 244.07s/it]Best trial: 76. Best value: 0.33616:  48%|████▊     | 12/25 [49:44<52:52, 244.07s/it]Best trial: 76. Best value: 0.33616:  52%|█████▏    | 13/25 [49:44<48:43, 243.65s/it]                                                                                     Best trial: 76. Best value: 0.33616:  52%|█████▏    | 13/25 [53:44<48:43, 243.65s/it]Best trial: 76. Best value: 0.33616:  52%|█████▏    | 13/25 [53:44<48:43, 243.65s/it]Best trial: 76. Best value: 0.33616:  56%|█████▌    | 14/25 [53:44<44:26, 242.38s/it]                                                                                     
creating index...
index created!
Loading and preparing results...
DONE (t=0.02s)
creating index...
index created!
Running per image evaluation...
Evaluate annotation type *bbox*
DONE (t=2.30s).
Accumulating evaluation results...
DONE (t=0.39s).
 Average Precision  (AP) @[ IoU=0.50:0.95 | area=   all | maxDets=100 ] = 0.113
 Average Precision  (AP) @[ IoU=0.50      | area=   all | maxDets=100 ] = 0.297
 Average Precision  (AP) @[ IoU=0.75      | area=   all | maxDets=100 ] = 0.067
 Average Precision  (AP) @[ IoU=0.50:0.95 | area= small | maxDets=100 ] = -1.000
 Average Precision  (AP) @[ IoU=0.50:0.95 | area=medium | maxDets=100 ] = 0.069
 Average Precision  (AP) @[ IoU=0.50:0.95 | area= large | maxDets=100 ] = 0.169
 Average Recall     (AR) @[ IoU=0.50:0.95 | area=   all | maxDets=  1 ] = 0.101
 Average Recall     (AR) @[ IoU=0.50:0.95 | area=   all | maxDets= 10 ] = 0.237
 Average Recall     (AR) @[ IoU=0.50:0.95 | area=   all | maxDets=100 ] = 0.237
 Average Recall     (AR) @[ IoU=0.50:0.95 | area= small | maxDets=100 ] = -1.000
 Average Recall     (AR) @[ IoU=0.50:0.95 | area=medium | maxDets=100 ] = 0.216
 Average Recall     (AR) @[ IoU=0.50:0.95 | area= large | maxDets=100 ] = 0.262
[I 2026-02-23 12:53:50,283] Trial 78 finished with value: 0.29726933502551556 and parameters: {'alpha': 2.3029413249724566, 'std_bias': 3.7329976387407453, 'opening_size': 5, 'closing_size': 15, 'dilate_size': 9, 'remove_small_blobs': 600, 'area_min': 1605, 'area_max': 133296, 'aspect_ratio_min': 0.11780229845831663, 'aspect_ratio_max': 14.538943401841326, 'fill_ratio_min': 0.11018342354467338, 'merge_distance': 32}. Best is trial 76 with value: 0.3361603336157239.
creating index...
index created!
Loading and preparing results...
DONE (t=0.14s)
creating index...
index created!
Running per image evaluation...
Evaluate annotation type *bbox*
DONE (t=2.22s).
Accumulating evaluation results...
DONE (t=0.37s).
 Average Precision  (AP) @[ IoU=0.50:0.95 | area=   all | maxDets=100 ] = 0.094
 Average Precision  (AP) @[ IoU=0.50      | area=   all | maxDets=100 ] = 0.242
 Average Precision  (AP) @[ IoU=0.75      | area=   all | maxDets=100 ] = 0.056
 Average Precision  (AP) @[ IoU=0.50:0.95 | area= small | maxDets=100 ] = -1.000
 Average Precision  (AP) @[ IoU=0.50:0.95 | area=medium | maxDets=100 ] = 0.056
 Average Precision  (AP) @[ IoU=0.50:0.95 | area= large | maxDets=100 ] = 0.156
 Average Recall     (AR) @[ IoU=0.50:0.95 | area=   all | maxDets=  1 ] = 0.092
 Average Recall     (AR) @[ IoU=0.50:0.95 | area=   all | maxDets= 10 ] = 0.235
 Average Recall     (AR) @[ IoU=0.50:0.95 | area=   all | maxDets=100 ] = 0.235
 Average Recall     (AR) @[ IoU=0.50:0.95 | area= small | maxDets=100 ] = -1.000
 Average Recall     (AR) @[ IoU=0.50:0.95 | area=medium | maxDets=100 ] = 0.228
 Average Recall     (AR) @[ IoU=0.50:0.95 | area= large | maxDets=100 ] = 0.244
[I 2026-02-23 12:58:04,361] Trial 84 finished with value: 0.24223462593893283 and parameters: {'alpha': 2.1796836783987255, 'std_bias': 4.194486366981948, 'opening_size': 5, 'closing_size': 15, 'dilate_size': 9, 'remove_small_blobs': 561, 'area_min': 1306, 'area_max': 101909, 'aspect_ratio_min': 0.21319528206410643, 'aspect_ratio_max': 11.25836932973706, 'fill_ratio_min': 0.11510469656013675, 'merge_distance': 40}. Best is trial 76 with value: 0.3361603336157239.
creating index...
index created!
Loading and preparing results...
DONE (t=0.03s)
creating index...
index created!
Running per image evaluation...
Evaluate annotation type *bbox*
DONE (t=2.59s).
Accumulating evaluation results...
DONE (t=0.49s).
 Average Precision  (AP) @[ IoU=0.50:0.95 | area=   all | maxDets=100 ] = 0.105
 Average Precision  (AP) @[ IoU=0.50      | area=   all | maxDets=100 ] = 0.256
 Average Precision  (AP) @[ IoU=0.75      | area=   all | maxDets=100 ] = 0.066
 Average Precision  (AP) @[ IoU=0.50:0.95 | area= small | maxDets=100 ] = -1.000
 Average Precision  (AP) @[ IoU=0.50:0.95 | area=medium | maxDets=100 ] = 0.034
 Average Precision  (AP) @[ IoU=0.50:0.95 | area= large | maxDets=100 ] = 0.232
 Average Recall     (AR) @[ IoU=0.50:0.95 | area=   all | maxDets=  1 ] = 0.099
 Average Recall     (AR) @[ IoU=0.50:0.95 | area=   all | maxDets= 10 ] = 0.240
 Average Recall     (AR) @[ IoU=0.50:0.95 | area=   all | maxDets=100 ] = 0.240
 Average Recall     (AR) @[ IoU=0.50:0.95 | area= small | maxDets=100 ] = -1.000
 Average Recall     (AR) @[ IoU=0.50:0.95 | area=medium | maxDets=100 ] = 0.172
 Average Recall     (AR) @[ IoU=0.50:0.95 | area= large | maxDets=100 ] = 0.319
[I 2026-02-23 13:02:07,034] Trial 92 finished with value: 0.25611439942803044 and parameters: {'alpha': 2.6305188458862103, 'std_bias': 4.4724772586117485, 'opening_size': 5, 'closing_size': 15, 'dilate_size': 9, 'remove_small_blobs': 533, 'area_min': 1046, 'area_max': 97389, 'aspect_ratio_min': 0.2106010701600559, 'aspect_ratio_max': 13.514374233045901, 'fill_ratio_min': 0.12804273192853716, 'merge_distance': 31}. Best is trial 76 with value: 0.3361603336157239.
creating index...
index created!
Loading and preparing results...
DONE (t=0.02s)
creating index...
index created!
Running per image evaluation...
Evaluate annotation type *bbox*
DONE (t=2.50s).
Accumulating evaluation results...
DONE (t=0.35s).
 Average Precision  (AP) @[ IoU=0.50:0.95 | area=   all | maxDets=100 ] = 0.134
 Average Precision  (AP) @[ IoU=0.50      | area=   all | maxDets=100 ] = 0.320
 Average Precision  (AP) @[ IoU=0.75      | area=   all | maxDets=100 ] = 0.089
 Average Precision  (AP) @[ IoU=0.50:0.95 | area= small | maxDets=100 ] = -1.000
 Average Precision  (AP) @[ IoU=0.50:0.95 | area=medium | maxDets=100 ] = 0.052
 Average Precision  (AP) @[ IoU=0.50:0.95 | area= large | maxDets=100 ] = 0.242
 Average Recall     (AR) @[ IoU=0.50:0.95 | area=   all | maxDets=  1 ] = 0.117
 Average Recall     (AR) @[ IoU=0.50:0.95 | area=   all | maxDets= 10 ] = 0.245
 Average Recall     (AR) @[ IoU=0.50:0.95 | area=   all | maxDets=100 ] = 0.246
 Average Recall     (AR) @[ IoU=0.50:0.95 | area= small | maxDets=100 ] = -1.000
 Average Recall     (AR) @[ IoU=0.50:0.95 | area=medium | maxDets=100 ] = 0.173
 Average Recall     (AR) @[ IoU=0.50:0.95 | area= large | maxDets=100 ] = 0.331
[I 2026-02-23 13:06:06,474] Trial 101 finished with value: 0.3201964222795592 and parameters: {'alpha': 2.5640277234855806, 'std_bias': 4.752172606528632, 'opening_size': 5, 'closing_size': 15, 'dilate_size': 9, 'remove_small_blobs': 618, 'area_min': 1373, 'area_max': 109465, 'aspect_ratio_min': 0.2213235396572935, 'aspect_ratio_max': 14.36668404930946, 'fill_ratio_min': 0.20963296438582185, 'merge_distance': 28}. Best is trial 76 with value: 0.3361603336157239.
creating index...
index created!
Loading and preparing results...
DONE (t=0.02s)
creating index...
index created!
Running per image evaluation...
Evaluate annotation type *bbox*
DONE (t=2.42s).
Accumulating evaluation results...
DONE (t=0.40s).
 Average Precision  (AP) @[ IoU=0.50:0.95 | area=   all | maxDets=100 ] = 0.145
 Average Precision  (AP) @[ IoU=0.50      | area=   all | maxDets=100 ] = 0.338
 Average Precision  (AP) @[ IoU=0.75      | area=   all | maxDets=100 ] = 0.101
 Average Precision  (AP) @[ IoU=0.50:0.95 | area= small | maxDets=100 ] = -1.000
 Average Precision  (AP) @[ IoU=0.50:0.95 | area=medium | maxDets=100 ] = 0.045
 Average Precision  (AP) @[ IoU=0.50:0.95 | area= large | maxDets=100 ] = 0.266
 Average Recall     (AR) @[ IoU=0.50:0.95 | area=   all | maxDets=  1 ] = 0.122
 Average Recall     (AR) @[ IoU=0.50:0.95 | area=   all | maxDets= 10 ] = 0.235
 Average Recall     (AR) @[ IoU=0.50:0.95 | area=   all | maxDets=100 ] = 0.235
 Average Recall     (AR) @[ IoU=0.50:0.95 | area= small | maxDets=100 ] = -1.000
 Average Recall     (AR) @[ IoU=0.50:0.95 | area=medium | maxDets=100 ] = 0.131
 Average Recall     (AR) @[ IoU=0.50:0.95 | area= large | maxDets=100 ] = 0.355
[I 2026-02-23 13:10:00,032] Trial 108 finished with value: 0.33820408071725644 and parameters: {'alpha': 2.812490731118478, 'std_bias': 4.690027244462822, 'opening_size': 5, 'closing_size': 15, 'dilate_size': 9, 'remove_small_blobs': 629, 'area_min': 1465, 'area_max': 110966, 'aspect_ratio_min': 0.2184420564698542, 'aspect_ratio_max': 12.06268684457124, 'fill_ratio_min': 0.21402777519635374, 'merge_distance': 28}. Best is trial 106 with value: 0.34930707775950676.Best trial: 76. Best value: 0.33616:  56%|█████▌    | 14/25 [57:37<44:26, 242.38s/it]Best trial: 106. Best value: 0.349307:  56%|█████▌    | 14/25 [57:37<44:26, 242.38s/it]Best trial: 106. Best value: 0.349307:  60%|██████    | 15/25 [57:37<39:57, 239.72s/it]                                                                                       Best trial: 106. Best value: 0.349307:  60%|██████    | 15/25 [1:01:30<39:57, 239.72s/it]Best trial: 106. Best value: 0.349307:  60%|██████    | 15/25 [1:01:30<39:57, 239.72s/it]Best trial: 106. Best value: 0.349307:  64%|██████▍   | 16/25 [1:01:30<35:39, 237.73s/it]                                                                                         Best trial: 106. Best value: 0.349307:  64%|██████▍   | 16/25 [1:05:27<35:39, 237.73s/it]Best trial: 106. Best value: 0.349307:  64%|██████▍   | 16/25 [1:05:27<35:39, 237.73s/it]Best trial: 106. Best value: 0.349307:  68%|██████▊   | 17/25 [1:05:27<31:38, 237.37s/it]                                                                                         Best trial: 106. Best value: 0.349307:  68%|██████▊   | 17/25 [1:09:31<31:38, 237.37s/it]Best trial: 106. Best value: 0.349307:  68%|██████▊   | 17/25 [1:09:31<31:38, 237.37s/it]Best trial: 106. Best value: 0.349307:  72%|███████▏  | 18/25 [1:09:31<27:56, 239.50s/it]                                                                                         Best trial: 106. Best value: 0.349307:  72%|███████▏  | 18/25 [1:13:47<27:56, 239.50s/it]Best trial: 106. Best value: 0.349307:  72%|███████▏  | 18/25 [1:13:47<27:56, 239.50s/it]Best trial: 106. Best value: 0.349307:  76%|███████▌  | 19/25 [1:13:47<24:27, 244.52s/it]                                                                                         
creating index...
index created!
Loading and preparing results...
DONE (t=0.03s)
creating index...
index created!
Running per image evaluation...
Evaluate annotation type *bbox*
DONE (t=2.64s).
Accumulating evaluation results...
DONE (t=0.37s).
 Average Precision  (AP) @[ IoU=0.50:0.95 | area=   all | maxDets=100 ] = 0.140
 Average Precision  (AP) @[ IoU=0.50      | area=   all | maxDets=100 ] = 0.325
 Average Precision  (AP) @[ IoU=0.75      | area=   all | maxDets=100 ] = 0.096
 Average Precision  (AP) @[ IoU=0.50:0.95 | area= small | maxDets=100 ] = -1.000
 Average Precision  (AP) @[ IoU=0.50:0.95 | area=medium | maxDets=100 ] = 0.040
 Average Precision  (AP) @[ IoU=0.50:0.95 | area= large | maxDets=100 ] = 0.265
 Average Recall     (AR) @[ IoU=0.50:0.95 | area=   all | maxDets=  1 ] = 0.120
 Average Recall     (AR) @[ IoU=0.50:0.95 | area=   all | maxDets= 10 ] = 0.235
 Average Recall     (AR) @[ IoU=0.50:0.95 | area=   all | maxDets=100 ] = 0.235
 Average Recall     (AR) @[ IoU=0.50:0.95 | area= small | maxDets=100 ] = -1.000
 Average Recall     (AR) @[ IoU=0.50:0.95 | area=medium | maxDets=100 ] = 0.131
 Average Recall     (AR) @[ IoU=0.50:0.95 | area= large | maxDets=100 ] = 0.355
[I 2026-02-23 13:13:53,142] Trial 116 finished with value: 0.325261757764058 and parameters: {'alpha': 2.804431305814955, 'std_bias': 4.774445606214941, 'opening_size': 5, 'closing_size': 15, 'dilate_size': 9, 'remove_small_blobs': 747, 'area_min': 1373, 'area_max': 109156, 'aspect_ratio_min': 0.2305679671557239, 'aspect_ratio_max': 14.695732367024045, 'fill_ratio_min': 0.21548593370668914, 'merge_distance': 28}. Best is trial 106 with value: 0.34930707775950676.
creating index...
index created!
Loading and preparing results...
DONE (t=0.03s)
creating index...
index created!
Running per image evaluation...
Evaluate annotation type *bbox*
DONE (t=2.41s).
Accumulating evaluation results...
DONE (t=0.38s).
 Average Precision  (AP) @[ IoU=0.50:0.95 | area=   all | maxDets=100 ] = 0.132
 Average Precision  (AP) @[ IoU=0.50      | area=   all | maxDets=100 ] = 0.321
 Average Precision  (AP) @[ IoU=0.75      | area=   all | maxDets=100 ] = 0.084
 Average Precision  (AP) @[ IoU=0.50:0.95 | area= small | maxDets=100 ] = -1.000
 Average Precision  (AP) @[ IoU=0.50:0.95 | area=medium | maxDets=100 ] = 0.067
 Average Precision  (AP) @[ IoU=0.50:0.95 | area= large | maxDets=100 ] = 0.218
 Average Recall     (AR) @[ IoU=0.50:0.95 | area=   all | maxDets=  1 ] = 0.121
 Average Recall     (AR) @[ IoU=0.50:0.95 | area=   all | maxDets= 10 ] = 0.251
 Average Recall     (AR) @[ IoU=0.50:0.95 | area=   all | maxDets=100 ] = 0.251
 Average Recall     (AR) @[ IoU=0.50:0.95 | area= small | maxDets=100 ] = -1.000
 Average Recall     (AR) @[ IoU=0.50:0.95 | area=medium | maxDets=100 ] = 0.206
 Average Recall     (AR) @[ IoU=0.50:0.95 | area= large | maxDets=100 ] = 0.303
[I 2026-02-23 13:17:49,665] Trial 124 finished with value: 0.32129506562876237 and parameters: {'alpha': 2.368702335122407, 'std_bias': 4.9368876393993055, 'opening_size': 5, 'closing_size': 15, 'dilate_size': 9, 'remove_small_blobs': 756, 'area_min': 1459, 'area_max': 103060, 'aspect_ratio_min': 0.22754084729997032, 'aspect_ratio_max': 4.065724948358727, 'fill_ratio_min': 0.23742607628303197, 'merge_distance': 25}. Best is trial 106 with value: 0.34930707775950676.
creating index...
index created!
Loading and preparing results...
DONE (t=0.01s)
creating index...
index created!
Running per image evaluation...
Evaluate annotation type *bbox*
DONE (t=2.28s).
Accumulating evaluation results...
DONE (t=0.36s).
 Average Precision  (AP) @[ IoU=0.50:0.95 | area=   all | maxDets=100 ] = 0.141
 Average Precision  (AP) @[ IoU=0.50      | area=   all | maxDets=100 ] = 0.335
 Average Precision  (AP) @[ IoU=0.75      | area=   all | maxDets=100 ] = 0.090
 Average Precision  (AP) @[ IoU=0.50:0.95 | area= small | maxDets=100 ] = -1.000
 Average Precision  (AP) @[ IoU=0.50:0.95 | area=medium | maxDets=100 ] = 0.048
 Average Precision  (AP) @[ IoU=0.50:0.95 | area= large | maxDets=100 ] = 0.250
 Average Recall     (AR) @[ IoU=0.50:0.95 | area=   all | maxDets=  1 ] = 0.127
 Average Recall     (AR) @[ IoU=0.50:0.95 | area=   all | maxDets= 10 ] = 0.224
 Average Recall     (AR) @[ IoU=0.50:0.95 | area=   all | maxDets=100 ] = 0.224
 Average Recall     (AR) @[ IoU=0.50:0.95 | area= small | maxDets=100 ] = -1.000
 Average Recall     (AR) @[ IoU=0.50:0.95 | area=medium | maxDets=100 ] = 0.126
 Average Recall     (AR) @[ IoU=0.50:0.95 | area= large | maxDets=100 ] = 0.338
[I 2026-02-23 13:21:54,129] Trial 132 finished with value: 0.33498008795661244 and parameters: {'alpha': 2.5161646620777507, 'std_bias': 4.984010373422546, 'opening_size': 5, 'closing_size': 7, 'dilate_size': 9, 'remove_small_blobs': 565, 'area_min': 1540, 'area_max': 114704, 'aspect_ratio_min': 0.24766985458168733, 'aspect_ratio_max': 4.971826839484693, 'fill_ratio_min': 0.1987224316028668, 'merge_distance': 30}. Best is trial 106 with value: 0.34930707775950676.
creating index...
index created!
Loading and preparing results...
DONE (t=0.02s)
creating index...
index created!
Running per image evaluation...
Evaluate annotation type *bbox*
DONE (t=2.35s).
Accumulating evaluation results...
DONE (t=0.47s).
 Average Precision  (AP) @[ IoU=0.50:0.95 | area=   all | maxDets=100 ] = 0.131
 Average Precision  (AP) @[ IoU=0.50      | area=   all | maxDets=100 ] = 0.331
 Average Precision  (AP) @[ IoU=0.75      | area=   all | maxDets=100 ] = 0.077
 Average Precision  (AP) @[ IoU=0.50:0.95 | area= small | maxDets=100 ] = -1.000
 Average Precision  (AP) @[ IoU=0.50:0.95 | area=medium | maxDets=100 ] = 0.051
 Average Precision  (AP) @[ IoU=0.50:0.95 | area= large | maxDets=100 ] = 0.226
 Average Recall     (AR) @[ IoU=0.50:0.95 | area=   all | maxDets=  1 ] = 0.123
 Average Recall     (AR) @[ IoU=0.50:0.95 | area=   all | maxDets= 10 ] = 0.222
 Average Recall     (AR) @[ IoU=0.50:0.95 | area=   all | maxDets=100 ] = 0.223
 Average Recall     (AR) @[ IoU=0.50:0.95 | area= small | maxDets=100 ] = -1.000
 Average Recall     (AR) @[ IoU=0.50:0.95 | area=medium | maxDets=100 ] = 0.142
 Average Recall     (AR) @[ IoU=0.50:0.95 | area= large | maxDets=100 ] = 0.316
[I 2026-02-23 13:26:10,340] Trial 140 finished with value: 0.33146415401023055 and parameters: {'alpha': 2.4845946380840593, 'std_bias': 4.352143783329204, 'opening_size': 5, 'closing_size': 7, 'dilate_size': 9, 'remove_small_blobs': 481, 'area_min': 1575, 'area_max': 113057, 'aspect_ratio_min': 0.21642092076137887, 'aspect_ratio_max': 5.712944346384711, 'fill_ratio_min': 0.2481680856219165, 'merge_distance': 18}. Best is trial 106 with value: 0.34930707775950676.
creating index...
index created!
Loading and preparing results...
DONE (t=0.02s)
creating index...
index created!
Running per image evaluation...
Evaluate annotation type *bbox*
DONE (t=2.01s).
Accumulating evaluation results...
DONE (t=0.50s).
 Average Precision  (AP) @[ IoU=0.50:0.95 | area=   all | maxDets=100 ] = 0.136
 Average Precision  (AP) @[ IoU=0.50      | area=   all | maxDets=100 ] = 0.309
 Average Precision  (AP) @[ IoU=0.75      | area=   all | maxDets=100 ] = 0.106
 Average Precision  (AP) @[ IoU=0.50:0.95 | area= small | maxDets=100 ] = -1.000
 Average Precision  (AP) @[ IoU=0.50:0.95 | area=medium | maxDets=100 ] = 0.020
 Average Precision  (AP) @[ IoU=0.50:0.95 | area= large | maxDets=100 ] = 0.281
 Average Recall     (AR) @[ IoU=0.50:0.95 | area=   all | maxDets=  1 ] = 0.116
 Average Recall     (AR) @[ IoU=0.50:0.95 | area=   all | maxDets= 10 ] = 0.209
 Average Recall     (AR) @[ IoU=0.50:0.95 | area=   all | maxDets=100 ] = 0.210
 Average Recall     (AR) @[ IoU=0.50:0.95 | area= small | maxDets=100 ] = -1.000
 Average Recall     (AR) @[ IoU=0.50:0.95 | area=medium | maxDets=100 ] = 0.070
 Average Recall     (AR) @[ IoU=0.50:0.95 | area= large | maxDets=100 ] = 0.372
