[I 2026-02-23 15:30:26,736] Trial 161 finished with value: 0.27955973907839976 and parameters: {'alpha': 4.387400360066997, 'std_bias': 3.5265513860007864, 'opening_size': 3, 'closing_size': 5, 'dilate_size': 5, 'remove_small_blobs': 317, 'area_min': 1482, 'area_max': 120133, 'aspect_ratio_min': 0.16847276648710682, 'aspect_ratio_max': 8.073275883324873, 'fill_ratio_min': 0.22688348555759377, 'n_frames': 2, 'temporal_threshold': 0.3650254681783537, 'merge_distance': 15}. Best is trial 101 with value: 0.35127376327781606.Best trial: 101. Best value: 0.351274:  76%|███████▌  | 19/25 [1:33:39<27:49, 278.28s/it]Best trial: 101. Best value: 0.351274:  76%|███████▌  | 19/25 [1:33:39<27:49, 278.28s/it]Best trial: 101. Best value: 0.351274:  80%|████████  | 20/25 [1:33:39<22:57, 275.56s/it]                                                                                         Best trial: 101. Best value: 0.351274:  80%|████████  | 20/25 [1:37:57<22:57, 275.56s/it]Best trial: 169. Best value: 0.35257:  80%|████████  | 20/25 [1:37:57<22:57, 275.56s/it] Best trial: 169. Best value: 0.35257:  84%|████████▍ | 21/25 [1:37:57<18:01, 270.31s/it]                                                                                        Best trial: 169. Best value: 0.35257:  84%|████████▍ | 21/25 [1:42:35<18:01, 270.31s/it]Best trial: 172. Best value: 0.353745:  84%|████████▍ | 21/25 [1:42:35<18:01, 270.31s/it]Best trial: 172. Best value: 0.353745:  88%|████████▊ | 22/25 [1:42:35<13:37, 272.54s/it]                                                                                         Best trial: 172. Best value: 0.353745:  88%|████████▊ | 22/25 [1:46:54<13:37, 272.54s/it]Best trial: 172. Best value: 0.353745:  88%|████████▊ | 22/25 [1:46:54<13:37, 272.54s/it]Best trial: 172. Best value: 0.353745:  92%|█████████▏| 23/25 [1:46:54<08:56, 268.44s/it]                                                                                         Best trial: 172. Best value: 0.353745:  92%|█████████▏| 23/25 [1:50:48<08:56, 268.44s/it]Best trial: 172. Best value: 0.353745:  92%|█████████▏| 23/25 [1:50:48<08:56, 268.44s/it]Best trial: 172. Best value: 0.353745:  96%|█████████▌| 24/25 [1:50:48<04:18, 258.19s/it]                                                                                         
creating index...
index created!
Loading and preparing results...
DONE (t=0.02s)
creating index...
index created!
Running per image evaluation...
Evaluate annotation type *bbox*
DONE (t=2.10s).
Accumulating evaluation results...
DONE (t=0.31s).
 Average Precision  (AP) @[ IoU=0.50:0.95 | area=   all | maxDets=100 ] = 0.181
 Average Precision  (AP) @[ IoU=0.50      | area=   all | maxDets=100 ] = 0.353
 Average Precision  (AP) @[ IoU=0.75      | area=   all | maxDets=100 ] = 0.168
 Average Precision  (AP) @[ IoU=0.50:0.95 | area= small | maxDets=100 ] = -1.000
 Average Precision  (AP) @[ IoU=0.50:0.95 | area=medium | maxDets=100 ] = 0.047
 Average Precision  (AP) @[ IoU=0.50:0.95 | area= large | maxDets=100 ] = 0.342
 Average Recall     (AR) @[ IoU=0.50:0.95 | area=   all | maxDets=  1 ] = 0.139
 Average Recall     (AR) @[ IoU=0.50:0.95 | area=   all | maxDets= 10 ] = 0.267
 Average Recall     (AR) @[ IoU=0.50:0.95 | area=   all | maxDets=100 ] = 0.267
 Average Recall     (AR) @[ IoU=0.50:0.95 | area= small | maxDets=100 ] = -1.000
 Average Recall     (AR) @[ IoU=0.50:0.95 | area=medium | maxDets=100 ] = 0.112
 Average Recall     (AR) @[ IoU=0.50:0.95 | area= large | maxDets=100 ] = 0.448
[I 2026-02-23 15:34:44,793] Trial 169 finished with value: 0.3525701249879627 and parameters: {'alpha': 4.327458437081497, 'std_bias': 3.6563950681805952, 'opening_size': 3, 'closing_size': 20, 'dilate_size': 5, 'remove_small_blobs': 292, 'area_min': 1553, 'area_max': 142818, 'aspect_ratio_min': 0.14174373088817963, 'aspect_ratio_max': 13.806964433495924, 'fill_ratio_min': 0.20315701112940288, 'n_frames': 2, 'temporal_threshold': 0.3605857613529497, 'merge_distance': 16}. Best is trial 169 with value: 0.3525701249879627.
creating index...
index created!
Loading and preparing results...
DONE (t=0.02s)
creating index...
index created!
Running per image evaluation...
Evaluate annotation type *bbox*
DONE (t=2.00s).
Accumulating evaluation results...
DONE (t=0.36s).
 Average Precision  (AP) @[ IoU=0.50:0.95 | area=   all | maxDets=100 ] = 0.149
 Average Precision  (AP) @[ IoU=0.50      | area=   all | maxDets=100 ] = 0.313
 Average Precision  (AP) @[ IoU=0.75      | area=   all | maxDets=100 ] = 0.125
 Average Precision  (AP) @[ IoU=0.50:0.95 | area= small | maxDets=100 ] = -1.000
 Average Precision  (AP) @[ IoU=0.50:0.95 | area=medium | maxDets=100 ] = 0.025
 Average Precision  (AP) @[ IoU=0.50:0.95 | area= large | maxDets=100 ] = 0.303
 Average Recall     (AR) @[ IoU=0.50:0.95 | area=   all | maxDets=  1 ] = 0.126
 Average Recall     (AR) @[ IoU=0.50:0.95 | area=   all | maxDets= 10 ] = 0.221
 Average Recall     (AR) @[ IoU=0.50:0.95 | area=   all | maxDets=100 ] = 0.221
 Average Recall     (AR) @[ IoU=0.50:0.95 | area= small | maxDets=100 ] = -1.000
 Average Recall     (AR) @[ IoU=0.50:0.95 | area=medium | maxDets=100 ] = 0.072
 Average Recall     (AR) @[ IoU=0.50:0.95 | area= large | maxDets=100 ] = 0.394
[I 2026-02-23 15:39:22,527] Trial 177 finished with value: 0.3133925991096483 and parameters: {'alpha': 4.031013263254161, 'std_bias': 3.8234933895981293, 'opening_size': 3, 'closing_size': 9, 'dilate_size': 5, 'remove_small_blobs': 253, 'area_min': 1573, 'area_max': 116901, 'aspect_ratio_min': 0.135271330598558, 'aspect_ratio_max': 12.203012163393446, 'fill_ratio_min': 0.2041525792189575, 'n_frames': 2, 'temporal_threshold': 0.3121338136183478, 'merge_distance': 17}. Best is trial 172 with value: 0.3537450675064908.
creating index...
index created!
Loading and preparing results...
DONE (t=0.03s)
creating index...
index created!
Running per image evaluation...
Evaluate annotation type *bbox*
DONE (t=1.90s).
Accumulating evaluation results...
DONE (t=0.57s).
 Average Precision  (AP) @[ IoU=0.50:0.95 | area=   all | maxDets=100 ] = 0.180
 Average Precision  (AP) @[ IoU=0.50      | area=   all | maxDets=100 ] = 0.351
 Average Precision  (AP) @[ IoU=0.75      | area=   all | maxDets=100 ] = 0.166
 Average Precision  (AP) @[ IoU=0.50:0.95 | area= small | maxDets=100 ] = -1.000
 Average Precision  (AP) @[ IoU=0.50:0.95 | area=medium | maxDets=100 ] = 0.051
 Average Precision  (AP) @[ IoU=0.50:0.95 | area= large | maxDets=100 ] = 0.333
 Average Recall     (AR) @[ IoU=0.50:0.95 | area=   all | maxDets=  1 ] = 0.137
 Average Recall     (AR) @[ IoU=0.50:0.95 | area=   all | maxDets= 10 ] = 0.268
 Average Recall     (AR) @[ IoU=0.50:0.95 | area=   all | maxDets=100 ] = 0.268
 Average Recall     (AR) @[ IoU=0.50:0.95 | area= small | maxDets=100 ] = -1.000
 Average Recall     (AR) @[ IoU=0.50:0.95 | area=medium | maxDets=100 ] = 0.119
 Average Recall     (AR) @[ IoU=0.50:0.95 | area= large | maxDets=100 ] = 0.440
[I 2026-02-23 15:43:41,411] Trial 187 finished with value: 0.35058783442068114 and parameters: {'alpha': 4.251657603174555, 'std_bias': 3.6918535141934856, 'opening_size': 3, 'closing_size': 20, 'dilate_size': 5, 'remove_small_blobs': 307, 'area_min': 1518, 'area_max': 145089, 'aspect_ratio_min': 0.12471007875144587, 'aspect_ratio_max': 13.739622317125027, 'fill_ratio_min': 0.19476969823492876, 'n_frames': 2, 'temporal_threshold': 0.4925605024156312, 'merge_distance': 20}. Best is trial 172 with value: 0.3537450675064908.
creating index...
index created!
Loading and preparing results...
DONE (t=0.01s)
creating index...
index created!
Running per image evaluation...
Evaluate annotation type *bbox*
DONE (t=1.45s).
Accumulating evaluation results...
DONE (t=0.37s).
 Average Precision  (AP) @[ IoU=0.50:0.95 | area=   all | maxDets=100 ] = 0.185
 Average Precision  (AP) @[ IoU=0.50      | area=   all | maxDets=100 ] = 0.340
 Average Precision  (AP) @[ IoU=0.75      | area=   all | maxDets=100 ] = 0.181
 Average Precision  (AP) @[ IoU=0.50:0.95 | area= small | maxDets=100 ] = -1.000
 Average Precision  (AP) @[ IoU=0.50:0.95 | area=medium | maxDets=100 ] = 0.038
 Average Precision  (AP) @[ IoU=0.50:0.95 | area= large | maxDets=100 ] = 0.357
 Average Recall     (AR) @[ IoU=0.50:0.95 | area=   all | maxDets=  1 ] = 0.141
 Average Recall     (AR) @[ IoU=0.50:0.95 | area=   all | maxDets= 10 ] = 0.256
 Average Recall     (AR) @[ IoU=0.50:0.95 | area=   all | maxDets=100 ] = 0.256
 Average Recall     (AR) @[ IoU=0.50:0.95 | area= small | maxDets=100 ] = -1.000
 Average Recall     (AR) @[ IoU=0.50:0.95 | area=medium | maxDets=100 ] = 0.080
 Average Recall     (AR) @[ IoU=0.50:0.95 | area= large | maxDets=100 ] = 0.460
[I 2026-02-23 15:47:35,708] Trial 194 finished with value: 0.3399798730256994 and parameters: {'alpha': 4.442305902142583, 'std_bias': 3.721414634944583, 'opening_size': 3, 'closing_size': 20, 'dilate_size': 5, 'remove_small_blobs': 365, 'area_min': 1897, 'area_max': 149408, 'aspect_ratio_min': 0.12594541140350618, 'aspect_ratio_max': 13.56379776709013, 'fill_ratio_min': 0.19502051066436274, 'n_frames': 2, 'temporal_threshold': 0.4689727444115721, 'merge_distance': 19}. Best is trial 172 with value: 0.3537450675064908.
creating index...
index created!
Loading and preparing results...
DONE (t=0.01s)
creating index...
index created!
Running per image evaluation...
Evaluate annotation type *bbox*
DONE (t=1.26s).
Accumulating evaluation results...
DONE (t=0.18s).
 Average Precision  (AP) @[ IoU=0.50:0.95 | area=   all | maxDets=100 ] = 0.180
 Average Precision  (AP) @[ IoU=0.50      | area=   all | maxDets=100 ] = 0.332
 Average Precision  (AP) @[ IoU=0.75      | area=   all | maxDets=100 ] = 0.178
 Average Precision  (AP) @[ IoU=0.50:0.95 | area= small | maxDets=100 ] = -1.000
 Average Precision  (AP) @[ IoU=0.50:0.95 | area=medium | maxDets=100 ] = 0.030
 Average Precision  (AP) @[ IoU=0.50:0.95 | area= large | maxDets=100 ] = 0.364
 Average Recall     (AR) @[ IoU=0.50:0.95 | area=   all | maxDets=  1 ] = 0.140
 Average Recall     (AR) @[ IoU=0.50:0.95 | area=   all | maxDets= 10 ] = 0.261
 Average Recall     (AR) @[ IoU=0.50:0.95 | area=   all | maxDets=100 ] = 0.261
 Average Recall     (AR) @[ IoU=0.50:0.95 | area= small | maxDets=100 ] = -1.000
 Average Recall     (AR) @[ IoU=0.50:0.95 | area=medium | maxDets=100 ] = 0.084
 Average Recall     (AR) @[ IoU=0.50:0.95 | area= large | maxDets=100 ] = 0.466
[I 2026-02-23 15:50:38,782] Trial 198 finished with value: 0.3318663698884745 and parameters: {'alpha': 4.427323137543413, 'std_bias': 3.62459135115033, 'opening_size': 3, 'closing_size': 17, 'dilate_size': 5, 'remove_small_blobs': 339, 'area_min': 1490, 'area_max': 149804, 'aspect_ratio_min': 0.12009072932299009, 'aspect_ratio_max': 14.599056974492473, 'fill_ratio_min': 0.19117933277800753, 'n_frames': 2, 'temporal_threshold': 0.501954486404058, 'merge_distance': 19}. Best is trial 197 with value: 0.3594158789676991.Best trial: 172. Best value: 0.353745:  96%|█████████▌| 24/25 [1:53:51<04:18, 258.19s/it]Best trial: 197. Best value: 0.359416:  96%|█████████▌| 24/25 [1:53:51<04:18, 258.19s/it]Best trial: 197. Best value: 0.359416: 100%|██████████| 25/25 [1:53:51<00:00, 235.66s/it]Best trial: 197. Best value: 0.359416: 100%|██████████| 25/25 [1:53:51<00:00, 273.27s/it]


================================================================================
OPTIMIZATION COMPLETE
================================================================================

Best AP50: 0.3594

Best hyperparameters:
  alpha: 4.2821679242235335
  std_bias: 3.949447531925557
  opening_size: 3
  closing_size: 20
  dilate_size: 5
  remove_small_blobs: 348
  area_min: 1621
  area_max: 149999
  aspect_ratio_min: 0.1251467890700137
  aspect_ratio_max: 13.574064103435132
  fill_ratio_min: 0.19163024932108572
  n_frames: 2
  temporal_threshold: 0.5156808226966183
  merge_distance: 20

Total trials completed: 200
Results saved to: optuna_still_with_temporal.db

To visualize results, use optuna-dashboard:
  optuna-dashboard sqlite:///optuna_still_with_temporal.db
