[I 2026-02-23 13:56:47,048] Using an existing study with name 'still_with_temporal' instead of creating a new one.
Loading annotations and video...
Starting optimization for study 'still_with_temporal'
Using temporal detector: True
Database: optuna_still_with_temporal.db
Number of trials: 25

To run in parallel, execute this same command in multiple terminals.
--------------------------------------------------------------------------------
  0%|          | 0/25 [00:00<?, ?it/s]                                        0%|          | 0/25 [06:58<?, ?it/s]Best trial: 5. Best value: 0.249888:   0%|          | 0/25 [06:58<?, ?it/s]Best trial: 5. Best value: 0.249888:   4%|▍         | 1/25 [06:58<2:47:19, 418.33s/it]                                                                                      Best trial: 5. Best value: 0.249888:   4%|▍         | 1/25 [14:04<2:47:19, 418.33s/it]Best trial: 21. Best value: 0.282063:   4%|▍         | 1/25 [14:04<2:47:19, 418.33s/it]Best trial: 21. Best value: 0.282063:   8%|▊         | 2/25 [14:04<2:42:14, 423.23s/it]                                                                                       Best trial: 21. Best value: 0.282063:   8%|▊         | 2/25 [18:01<2:42:14, 423.23s/it]Best trial: 26. Best value: 0.31031:   8%|▊         | 2/25 [18:01<2:42:14, 423.23s/it] Best trial: 26. Best value: 0.31031:  12%|█▏        | 3/25 [18:01<2:03:59, 338.18s/it]                                                                                      Best trial: 26. Best value: 0.31031:  12%|█▏        | 3/25 [22:39<2:03:59, 338.18s/it]Best trial: 26. Best value: 0.31031:  12%|█▏        | 3/25 [22:39<2:03:59, 338.18s/it]Best trial: 26. Best value: 0.31031:  16%|█▌        | 4/25 [22:39<1:50:01, 314.34s/it]                                                                                      creating index...
index created!
Loading and preparing results...
DONE (t=0.04s)
creating index...
index created!
Running per image evaluation...
Evaluate annotation type *bbox*
DONE (t=3.84s).
Accumulating evaluation results...
DONE (t=0.49s).
 Average Precision  (AP) @[ IoU=0.50:0.95 | area=   all | maxDets=100 ] = 0.016
 Average Precision  (AP) @[ IoU=0.50      | area=   all | maxDets=100 ] = 0.048
 Average Precision  (AP) @[ IoU=0.75      | area=   all | maxDets=100 ] = 0.015
 Average Precision  (AP) @[ IoU=0.50:0.95 | area= small | maxDets=100 ] = -1.000
 Average Precision  (AP) @[ IoU=0.50:0.95 | area=medium | maxDets=100 ] = 0.008
 Average Precision  (AP) @[ IoU=0.50:0.95 | area= large | maxDets=100 ] = 0.025
 Average Recall     (AR) @[ IoU=0.50:0.95 | area=   all | maxDets=  1 ] = 0.018
 Average Recall     (AR) @[ IoU=0.50:0.95 | area=   all | maxDets= 10 ] = 0.089
 Average Recall     (AR) @[ IoU=0.50:0.95 | area=   all | maxDets=100 ] = 0.091
 Average Recall     (AR) @[ IoU=0.50:0.95 | area= small | maxDets=100 ] = -1.000
 Average Recall     (AR) @[ IoU=0.50:0.95 | area=medium | maxDets=100 ] = 0.089
 Average Recall     (AR) @[ IoU=0.50:0.95 | area= large | maxDets=100 ] = 0.094
[I 2026-02-23 14:03:45,391] Trial 7 finished with value: 0.047594777069303824 and parameters: {'alpha': 2.9039857840821846, 'std_bias': 0.8851916948285377, 'opening_size': 3, 'closing_size': 15, 'dilate_size': 9, 'remove_small_blobs': 267, 'area_min': 530, 'area_max': 109844, 'aspect_ratio_min': 0.11434840851101676, 'aspect_ratio_max': 7.616549691480173, 'fill_ratio_min': 0.16165490013897027, 'n_frames': 2, 'temporal_threshold': 0.5760800888079084, 'merge_distance': 48}. Best is trial 5 with value: 0.24988831893878444.
creating index...
index created!
Loading and preparing results...
DONE (t=0.02s)
creating index...
index created!
Running per image evaluation...
Evaluate annotation type *bbox*
DONE (t=2.54s).
Accumulating evaluation results...
DONE (t=0.45s).
 Average Precision  (AP) @[ IoU=0.50:0.95 | area=   all | maxDets=100 ] = 0.015
 Average Precision  (AP) @[ IoU=0.50      | area=   all | maxDets=100 ] = 0.039
 Average Precision  (AP) @[ IoU=0.75      | area=   all | maxDets=100 ] = 0.015
 Average Precision  (AP) @[ IoU=0.50:0.95 | area= small | maxDets=100 ] = -1.000
 Average Precision  (AP) @[ IoU=0.50:0.95 | area=medium | maxDets=100 ] = 0.009
 Average Precision  (AP) @[ IoU=0.50:0.95 | area= large | maxDets=100 ] = 0.018
 Average Recall     (AR) @[ IoU=0.50:0.95 | area=   all | maxDets=  1 ] = 0.017
 Average Recall     (AR) @[ IoU=0.50:0.95 | area=   all | maxDets= 10 ] = 0.078
 Average Recall     (AR) @[ IoU=0.50:0.95 | area=   all | maxDets=100 ] = 0.078
 Average Recall     (AR) @[ IoU=0.50:0.95 | area= small | maxDets=100 ] = -1.000
 Average Recall     (AR) @[ IoU=0.50:0.95 | area=medium | maxDets=100 ] = 0.091
 Average Recall     (AR) @[ IoU=0.50:0.95 | area= large | maxDets=100 ] = 0.063
[I 2026-02-23 14:10:52,049] Trial 15 finished with value: 0.03888413395661296 and parameters: {'alpha': 1.603667555778682, 'std_bias': 2.832435005762395, 'opening_size': 3, 'closing_size': 13, 'dilate_size': 5, 'remove_small_blobs': 212, 'area_min': 1334, 'area_max': 83313, 'aspect_ratio_min': 0.18894366313519184, 'aspect_ratio_max': 13.960336499399437, 'fill_ratio_min': 0.10850354991707445, 'n_frames': 3, 'temporal_threshold': 0.6900152635727236, 'merge_distance': 40}. Best is trial 21 with value: 0.2820629361217095.
creating index...
index created!
Loading and preparing results...
DONE (t=0.02s)
creating index...
index created!
Running per image evaluation...
Evaluate annotation type *bbox*
DONE (t=1.96s).
Accumulating evaluation results...
DONE (t=0.30s).
 Average Precision  (AP) @[ IoU=0.50:0.95 | area=   all | maxDets=100 ] = 0.164
 Average Precision  (AP) @[ IoU=0.50      | area=   all | maxDets=100 ] = 0.310
 Average Precision  (AP) @[ IoU=0.75      | area=   all | maxDets=100 ] = 0.158
 Average Precision  (AP) @[ IoU=0.50:0.95 | area= small | maxDets=100 ] = -1.000
 Average Precision  (AP) @[ IoU=0.50:0.95 | area=medium | maxDets=100 ] = 0.020
 Average Precision  (AP) @[ IoU=0.50:0.95 | area= large | maxDets=100 ] = 0.381
 Average Recall     (AR) @[ IoU=0.50:0.95 | area=   all | maxDets=  1 ] = 0.120
 Average Recall     (AR) @[ IoU=0.50:0.95 | area=   all | maxDets= 10 ] = 0.266
 Average Recall     (AR) @[ IoU=0.50:0.95 | area=   all | maxDets=100 ] = 0.267
 Average Recall     (AR) @[ IoU=0.50:0.95 | area= small | maxDets=100 ] = -1.000
 Average Recall     (AR) @[ IoU=0.50:0.95 | area=medium | maxDets=100 ] = 0.088
 Average Recall     (AR) @[ IoU=0.50:0.95 | area= large | maxDets=100 ] = 0.474
[I 2026-02-23 14:14:49,008] Trial 26 finished with value: 0.31031001014171766 and parameters: {'alpha': 4.944630018689629, 'std_bias': 3.6988497157992484, 'opening_size': 3, 'closing_size': 20, 'dilate_size': 7, 'remove_small_blobs': 612, 'area_min': 908, 'area_max': 146134, 'aspect_ratio_min': 0.24764518572896504, 'aspect_ratio_max': 4.183053847759328, 'fill_ratio_min': 0.2933924902872785, 'n_frames': 2, 'temporal_threshold': 0.549590425688646, 'merge_distance': 10}. Best is trial 26 with value: 0.31031001014171766.
creating index...
index created!
Loading and preparing results...
DONE (t=0.03s)
creating index...
index created!
Running per image evaluation...
Evaluate annotation type *bbox*
DONE (t=3.42s).
Accumulating evaluation results...
DONE (t=0.51s).
 Average Precision  (AP) @[ IoU=0.50:0.95 | area=   all | maxDets=100 ] = 0.088
 Average Precision  (AP) @[ IoU=0.50      | area=   all | maxDets=100 ] = 0.203
 Average Precision  (AP) @[ IoU=0.75      | area=   all | maxDets=100 ] = 0.067
 Average Precision  (AP) @[ IoU=0.50:0.95 | area= small | maxDets=100 ] = -1.000
 Average Precision  (AP) @[ IoU=0.50:0.95 | area=medium | maxDets=100 ] = 0.034
 Average Precision  (AP) @[ IoU=0.50:0.95 | area= large | maxDets=100 ] = 0.176
 Average Recall     (AR) @[ IoU=0.50:0.95 | area=   all | maxDets=  1 ] = 0.073
 Average Recall     (AR) @[ IoU=0.50:0.95 | area=   all | maxDets= 10 ] = 0.254
 Average Recall     (AR) @[ IoU=0.50:0.95 | area=   all | maxDets=100 ] = 0.254
 Average Recall     (AR) @[ IoU=0.50:0.95 | area= small | maxDets=100 ] = -1.000
 Average Recall     (AR) @[ IoU=0.50:0.95 | area=medium | maxDets=100 ] = 0.215
 Average Recall     (AR) @[ IoU=0.50:0.95 | area= large | maxDets=100 ] = 0.301
[I 2026-02-23 14:19:26,812] Trial 33 finished with value: 0.20281583364815875 and parameters: {'alpha': 3.536563704290662, 'std_bias': 3.889417083036528, 'opening_size': 3, 'closing_size': 20, 'dilate_size': 9, 'remove_small_blobs': 540, 'area_min': 793, 'area_max': 89507, 'aspect_ratio_min': 0.20922788982648732, 'aspect_ratio_max': 9.411481377481287, 'fill_ratio_min': 0.266601833115283, 'n_frames': 2, 'temporal_threshold': 0.5260022667631847, 'merge_distance': 29}. Best is trial 26 with value: 0.31031001014171766.
creating index...
index created!
Loading and preparing results...
DONE (t=0.02s)
creating index...
index created!
Running per image evaluation...
Evaluate annotation type *bbox*
DONE (t=2.09s).
Accumulating evaluation results...
DONE (t=0.31s).
 Average Precision  (AP) @[ IoU=0.50:0.95 | area=   all | maxDets=100 ] = 0.042
 Average Precision  (AP) @[ IoU=0.50      | area=   all | maxDets=100 ] = 0.101
 Average Precision  (AP) @[ IoU=0.75      | area=   all | maxDets=100 ] = 0.032
 Average Precision  (AP) @[ IoU=0.50:0.95 | area= small | maxDets=100 ] = -1.000
 Average Precision  (AP) @[ IoU=0.50:0.95 | area=medium | maxDets=100 ] = 0.001
 Average Precision  (AP) @[ IoU=0.50:0.95 | area= large | maxDets=100 ] = 0.114
 Average Recall     (AR) @[ IoU=0.50:0.95 | area=   all | maxDets=  1 ] = 0.066
 Average Recall     (AR) @[ IoU=0.50:0.95 | area=   all | maxDets= 10 ] = 0.108
 Average Recall     (AR) @[ IoU=0.50:0.95 | area=   all | maxDets=100 ] = 0.108
 Average Recall     (AR) @[ IoU=0.50:0.95 | area= small | maxDets=100 ] = -1.000
 Average Recall     (AR) @[ IoU=0.50:0.95 | area=medium | maxDets=100 ] = 0.004
 Average Recall     (AR) @[ IoU=0.50:0.95 | area= large | maxDets=100 ] = 0.228
[I 2026-02-23 14:23:33,607] Trial 41 finished with value: 0.10093739094485323 and parameters: {'alpha': 5.55674448126309, 'std_bias': 1.6603558611708475, 'opening_size': 5, 'closing_size': 3, 'dilate_size': 5, 'remove_small_blobs': 812, 'area_min': 1481, 'area_max': 105553, 'aspect_ratio_min': 0.22504344180428426, 'aspect_ratio_max': 6.563537592358607, 'fill_ratio_min': 0.24069204274107053, 'n_frames': 3, 'temporal_threshold': 0.6123292220263034, 'merge_distance': 31}. Best is trial 38 with value: 0.32117286645295584.Best trial: 26. Best value: 0.31031:  16%|█▌        | 4/25 [26:46<1:50:01, 314.34s/it]Best trial: 38. Best value: 0.321173:  16%|█▌        | 4/25 [26:46<1:50:01, 314.34s/it]Best trial: 38. Best value: 0.321173:  20%|██        | 5/25 [26:46<1:36:39, 289.99s/it]                                                                                       Best trial: 38. Best value: 0.321173:  20%|██        | 5/25 [31:32<1:36:39, 289.99s/it]Best trial: 38. Best value: 0.321173:  20%|██        | 5/25 [31:32<1:36:39, 289.99s/it]Best trial: 38. Best value: 0.321173:  24%|██▍       | 6/25 [31:32<1:31:24, 288.67s/it]                                                                                       Best trial: 38. Best value: 0.321173:  24%|██▍       | 6/25 [35:59<1:31:24, 288.67s/it]Best trial: 38. Best value: 0.321173:  24%|██▍       | 6/25 [35:59<1:31:24, 288.67s/it]Best trial: 38. Best value: 0.321173:  28%|██▊       | 7/25 [35:59<1:24:25, 281.39s/it]                                                                                       Best trial: 38. Best value: 0.321173:  28%|██▊       | 7/25 [40:23<1:24:25, 281.39s/it]Best trial: 38. Best value: 0.321173:  28%|██▊       | 7/25 [40:23<1:24:25, 281.39s/it]Best trial: 38. Best value: 0.321173:  32%|███▏      | 8/25 [40:23<1:18:10, 275.89s/it]                                                                                       Best trial: 38. Best value: 0.321173:  32%|███▏      | 8/25 [44:38<1:18:10, 275.89s/it]Best trial: 38. Best value: 0.321173:  32%|███▏      | 8/25 [44:38<1:18:10, 275.89s/it]Best trial: 38. Best value: 0.321173:  36%|███▌      | 9/25 [44:38<1:11:49, 269.35s/it]                                                                                       
creating index...
index created!
Loading and preparing results...
DONE (t=0.02s)
creating index...
index created!
Running per image evaluation...
Evaluate annotation type *bbox*
DONE (t=2.28s).
Accumulating evaluation results...
DONE (t=0.31s).
 Average Precision  (AP) @[ IoU=0.50:0.95 | area=   all | maxDets=100 ] = 0.128
 Average Precision  (AP) @[ IoU=0.50      | area=   all | maxDets=100 ] = 0.283
 Average Precision  (AP) @[ IoU=0.75      | area=   all | maxDets=100 ] = 0.098
 Average Precision  (AP) @[ IoU=0.50:0.95 | area= small | maxDets=100 ] = -1.000
 Average Precision  (AP) @[ IoU=0.50:0.95 | area=medium | maxDets=100 ] = 0.042
 Average Precision  (AP) @[ IoU=0.50:0.95 | area= large | maxDets=100 ] = 0.232
 Average Recall     (AR) @[ IoU=0.50:0.95 | area=   all | maxDets=  1 ] = 0.121
 Average Recall     (AR) @[ IoU=0.50:0.95 | area=   all | maxDets= 10 ] = 0.215
 Average Recall     (AR) @[ IoU=0.50:0.95 | area=   all | maxDets=100 ] = 0.215
 Average Recall     (AR) @[ IoU=0.50:0.95 | area= small | maxDets=100 ] = -1.000
 Average Recall     (AR) @[ IoU=0.50:0.95 | area=medium | maxDets=100 ] = 0.119
 Average Recall     (AR) @[ IoU=0.50:0.95 | area= large | maxDets=100 ] = 0.327
[I 2026-02-23 14:28:19,731] Trial 48 finished with value: 0.28256557608167954 and parameters: {'alpha': 4.2263170672766, 'std_bias': 2.7352488306957676, 'opening_size': 3, 'closing_size': 17, 'dilate_size': 9, 'remove_small_blobs': 428, 'area_min': 1857, 'area_max': 72336, 'aspect_ratio_min': 0.2253850545075369, 'aspect_ratio_max': 11.619851462659584, 'fill_ratio_min': 0.18287468323188225, 'n_frames': 3, 'temporal_threshold': 0.5917577366382365, 'merge_distance': 22}. Best is trial 38 with value: 0.32117286645295584.
creating index...
index created!
Loading and preparing results...
DONE (t=0.02s)
creating index...
index created!
Running per image evaluation...
Evaluate annotation type *bbox*
DONE (t=1.98s).
Accumulating evaluation results...
DONE (t=0.28s).
 Average Precision  (AP) @[ IoU=0.50:0.95 | area=   all | maxDets=100 ] = 0.116
 Average Precision  (AP) @[ IoU=0.50      | area=   all | maxDets=100 ] = 0.228
 Average Precision  (AP) @[ IoU=0.75      | area=   all | maxDets=100 ] = 0.096
 Average Precision  (AP) @[ IoU=0.50:0.95 | area= small | maxDets=100 ] = -1.000
 Average Precision  (AP) @[ IoU=0.50:0.95 | area=medium | maxDets=100 ] = 0.002
 Average Precision  (AP) @[ IoU=0.50:0.95 | area= large | maxDets=100 ] = 0.276
 Average Recall     (AR) @[ IoU=0.50:0.95 | area=   all | maxDets=  1 ] = 0.113
 Average Recall     (AR) @[ IoU=0.50:0.95 | area=   all | maxDets= 10 ] = 0.169
 Average Recall     (AR) @[ IoU=0.50:0.95 | area=   all | maxDets=100 ] = 0.169
 Average Recall     (AR) @[ IoU=0.50:0.95 | area= small | maxDets=100 ] = -1.000
 Average Recall     (AR) @[ IoU=0.50:0.95 | area=medium | maxDets=100 ] = 0.008
 Average Recall     (AR) @[ IoU=0.50:0.95 | area= large | maxDets=100 ] = 0.357
[I 2026-02-23 14:32:46,135] Trial 56 finished with value: 0.22836901966957396 and parameters: {'alpha': 6.122910390906556, 'std_bias': 1.289691778169895, 'opening_size': 3, 'closing_size': 9, 'dilate_size': 9, 'remove_small_blobs': 587, 'area_min': 1923, 'area_max': 114708, 'aspect_ratio_min': 0.2409393695886797, 'aspect_ratio_max': 8.543986567212803, 'fill_ratio_min': 0.2560404906044261, 'n_frames': 3, 'temporal_threshold': 0.6351834663905986, 'merge_distance': 46}. Best is trial 38 with value: 0.32117286645295584.
creating index...
index created!
Loading and preparing results...
DONE (t=0.01s)
creating index...
index created!
Running per image evaluation...
Evaluate annotation type *bbox*
DONE (t=2.15s).
Accumulating evaluation results...
DONE (t=0.32s).
 Average Precision  (AP) @[ IoU=0.50:0.95 | area=   all | maxDets=100 ] = 0.122
 Average Precision  (AP) @[ IoU=0.50      | area=   all | maxDets=100 ] = 0.255
 Average Precision  (AP) @[ IoU=0.75      | area=   all | maxDets=100 ] = 0.100
 Average Precision  (AP) @[ IoU=0.50:0.95 | area= small | maxDets=100 ] = -1.000
 Average Precision  (AP) @[ IoU=0.50:0.95 | area=medium | maxDets=100 ] = 0.010
 Average Precision  (AP) @[ IoU=0.50:0.95 | area= large | maxDets=100 ] = 0.269
 Average Recall     (AR) @[ IoU=0.50:0.95 | area=   all | maxDets=  1 ] = 0.111
 Average Recall     (AR) @[ IoU=0.50:0.95 | area=   all | maxDets= 10 ] = 0.189
 Average Recall     (AR) @[ IoU=0.50:0.95 | area=   all | maxDets=100 ] = 0.190
 Average Recall     (AR) @[ IoU=0.50:0.95 | area= small | maxDets=100 ] = -1.000
 Average Recall     (AR) @[ IoU=0.50:0.95 | area=medium | maxDets=100 ] = 0.046
 Average Recall     (AR) @[ IoU=0.50:0.95 | area= large | maxDets=100 ] = 0.356
[I 2026-02-23 14:37:10,251] Trial 64 finished with value: 0.254650014413965 and parameters: {'alpha': 4.67194214849957, 'std_bias': 1.8467427759004373, 'opening_size': 3, 'closing_size': 7, 'dilate_size': 7, 'remove_small_blobs': 589, 'area_min': 1743, 'area_max': 92392, 'aspect_ratio_min': 0.17766745774040907, 'aspect_ratio_max': 5.18457326341736, 'fill_ratio_min': 0.2825719389354112, 'n_frames': 2, 'temporal_threshold': 0.5454741607967178, 'merge_distance': 34}. Best is trial 38 with value: 0.32117286645295584.
creating index...
index created!
Loading and preparing results...
DONE (t=0.01s)
creating index...
index created!
Running per image evaluation...
Evaluate annotation type *bbox*
DONE (t=2.37s).
Accumulating evaluation results...
DONE (t=0.33s).
 Average Precision  (AP) @[ IoU=0.50:0.95 | area=   all | maxDets=100 ] = 0.088
 Average Precision  (AP) @[ IoU=0.50      | area=   all | maxDets=100 ] = 0.232
 Average Precision  (AP) @[ IoU=0.75      | area=   all | maxDets=100 ] = 0.049
 Average Precision  (AP) @[ IoU=0.50:0.95 | area= small | maxDets=100 ] = -1.000
 Average Precision  (AP) @[ IoU=0.50:0.95 | area=medium | maxDets=100 ] = 0.007
 Average Precision  (AP) @[ IoU=0.50:0.95 | area= large | maxDets=100 ] = 0.198
 Average Recall     (AR) @[ IoU=0.50:0.95 | area=   all | maxDets=  1 ] = 0.086
 Average Recall     (AR) @[ IoU=0.50:0.95 | area=   all | maxDets= 10 ] = 0.147
 Average Recall     (AR) @[ IoU=0.50:0.95 | area=   all | maxDets=100 ] = 0.147
 Average Recall     (AR) @[ IoU=0.50:0.95 | area= small | maxDets=100 ] = -1.000
 Average Recall     (AR) @[ IoU=0.50:0.95 | area=medium | maxDets=100 ] = 0.034
 Average Recall     (AR) @[ IoU=0.50:0.95 | area= large | maxDets=100 ] = 0.277
[I 2026-02-23 14:41:25,211] Trial 72 finished with value: 0.23152632034820264 and parameters: {'alpha': 3.102357438715388, 'std_bias': 2.489377699314614, 'opening_size': 7, 'closing_size': 20, 'dilate_size': 9, 'remove_small_blobs': 663, 'area_min': 1617, 'area_max': 101164, 'aspect_ratio_min': 0.24881708300276947, 'aspect_ratio_max': 4.519758008531992, 'fill_ratio_min': 0.29876730401638063, 'n_frames': 2, 'temporal_threshold': 0.5739107632330432, 'merge_distance': 36}. Best is trial 38 with value: 0.32117286645295584.
creating index...
index created!
Loading and preparing results...
DONE (t=0.19s)
creating index...
index created!
Running per image evaluation...
Evaluate annotation type *bbox*
DONE (t=2.41s).
Accumulating evaluation results...
DONE (t=0.43s).
 Average Precision  (AP) @[ IoU=0.50:0.95 | area=   all | maxDets=100 ] = 0.108
 Average Precision  (AP) @[ IoU=0.50      | area=   all | maxDets=100 ] = 0.241
 Average Precision  (AP) @[ IoU=0.75      | area=   all | maxDets=100 ] = 0.088
 Average Precision  (AP) @[ IoU=0.50:0.95 | area= small | maxDets=100 ] = -1.000
 Average Precision  (AP) @[ IoU=0.50:0.95 | area=medium | maxDets=100 ] = 0.025
 Average Precision  (AP) @[ IoU=0.50:0.95 | area= large | maxDets=100 ] = 0.230
 Average Recall     (AR) @[ IoU=0.50:0.95 | area=   all | maxDets=  1 ] = 0.091
 Average Recall     (AR) @[ IoU=0.50:0.95 | area=   all | maxDets= 10 ] = 0.214
 Average Recall     (AR) @[ IoU=0.50:0.95 | area=   all | maxDets=100 ] = 0.214
 Average Recall     (AR) @[ IoU=0.50:0.95 | area= small | maxDets=100 ] = -1.000
 Average Recall     (AR) @[ IoU=0.50:0.95 | area=medium | maxDets=100 ] = 0.114
 Average Recall     (AR) @[ IoU=0.50:0.95 | area= large | maxDets=100 ] = 0.329
