[I 2026-02-23 14:45:46,306] Trial 80 finished with value: 0.2409210630955106 and parameters: {'alpha': 4.829581436466031, 'std_bias': 2.1155880150479622, 'opening_size': 3, 'closing_size': 20, 'dilate_size': 9, 'remove_small_blobs': 631, 'area_min': 1026, 'area_max': 96440, 'aspect_ratio_min': 0.10587240556399856, 'aspect_ratio_max': 5.6043456185315845, 'fill_ratio_min': 0.29864312826767325, 'n_frames': 2, 'temporal_threshold': 0.5057024520393385, 'merge_distance': 40}. Best is trial 79 with value: 0.3276770672641034.Best trial: 38. Best value: 0.321173:  36%|███▌      | 9/25 [48:59<1:11:49, 269.35s/it]Best trial: 79. Best value: 0.327677:  36%|███▌      | 9/25 [48:59<1:11:49, 269.35s/it]Best trial: 79. Best value: 0.327677:  40%|████      | 10/25 [48:59<1:06:42, 266.80s/it]                                                                                        Best trial: 79. Best value: 0.327677:  40%|████      | 10/25 [53:00<1:06:42, 266.80s/it]Best trial: 79. Best value: 0.327677:  40%|████      | 10/25 [53:00<1:06:42, 266.80s/it]Best trial: 79. Best value: 0.327677:  44%|████▍     | 11/25 [53:00<1:00:26, 259.01s/it]                                                                                        Best trial: 79. Best value: 0.327677:  44%|████▍     | 11/25 [56:58<1:00:26, 259.01s/it]Best trial: 79. Best value: 0.327677:  44%|████▍     | 11/25 [56:58<1:00:26, 259.01s/it]Best trial: 79. Best value: 0.327677:  48%|████▊     | 12/25 [56:58<54:42, 252.49s/it]                                                                                        Best trial: 79. Best value: 0.327677:  48%|████▊     | 12/25 [1:01:18<54:42, 252.49s/it]Best trial: 101. Best value: 0.351274:  48%|████▊     | 12/25 [1:01:18<54:42, 252.49s/it]Best trial: 101. Best value: 0.351274:  52%|█████▏    | 13/25 [1:01:18<50:58, 254.90s/it]                                                                                         Best trial: 101. Best value: 0.351274:  52%|█████▏    | 13/25 [1:05:16<50:58, 254.90s/it]Best trial: 101. Best value: 0.351274:  52%|█████▏    | 13/25 [1:05:16<50:58, 254.90s/it]Best trial: 101. Best value: 0.351274:  56%|█████▌    | 14/25 [1:05:16<45:45, 249.63s/it]                                                                                         
creating index...
index created!
Loading and preparing results...
DONE (t=0.16s)
creating index...
index created!
Running per image evaluation...
Evaluate annotation type *bbox*
DONE (t=1.72s).
Accumulating evaluation results...
DONE (t=0.36s).
 Average Precision  (AP) @[ IoU=0.50:0.95 | area=   all | maxDets=100 ] = 0.166
 Average Precision  (AP) @[ IoU=0.50      | area=   all | maxDets=100 ] = 0.291
 Average Precision  (AP) @[ IoU=0.75      | area=   all | maxDets=100 ] = 0.168
 Average Precision  (AP) @[ IoU=0.50:0.95 | area= small | maxDets=100 ] = -1.000
 Average Precision  (AP) @[ IoU=0.50:0.95 | area=medium | maxDets=100 ] = 0.007
 Average Precision  (AP) @[ IoU=0.50:0.95 | area= large | maxDets=100 ] = 0.392
 Average Recall     (AR) @[ IoU=0.50:0.95 | area=   all | maxDets=  1 ] = 0.140
 Average Recall     (AR) @[ IoU=0.50:0.95 | area=   all | maxDets= 10 ] = 0.230
 Average Recall     (AR) @[ IoU=0.50:0.95 | area=   all | maxDets=100 ] = 0.230
 Average Recall     (AR) @[ IoU=0.50:0.95 | area= small | maxDets=100 ] = -1.000
 Average Recall     (AR) @[ IoU=0.50:0.95 | area=medium | maxDets=100 ] = 0.026
 Average Recall     (AR) @[ IoU=0.50:0.95 | area= large | maxDets=100 ] = 0.467
[I 2026-02-23 14:49:47,660] Trial 88 finished with value: 0.2911740275594357 and parameters: {'alpha': 5.129229608996694, 'std_bias': 4.048544217392297, 'opening_size': 3, 'closing_size': 11, 'dilate_size': 9, 'remove_small_blobs': 553, 'area_min': 1825, 'area_max': 86850, 'aspect_ratio_min': 0.2322464433905228, 'aspect_ratio_max': 4.000135132222271, 'fill_ratio_min': 0.28927778353160927, 'n_frames': 2, 'temporal_threshold': 0.5349906737296157, 'merge_distance': 26}. Best is trial 79 with value: 0.3276770672641034.
creating index...
index created!
Loading and preparing results...
DONE (t=0.16s)
creating index...
index created!
Running per image evaluation...
Evaluate annotation type *bbox*
DONE (t=1.98s).
Accumulating evaluation results...
DONE (t=0.30s).
 Average Precision  (AP) @[ IoU=0.50:0.95 | area=   all | maxDets=100 ] = 0.179
 Average Precision  (AP) @[ IoU=0.50      | area=   all | maxDets=100 ] = 0.291
 Average Precision  (AP) @[ IoU=0.75      | area=   all | maxDets=100 ] = 0.185
 Average Precision  (AP) @[ IoU=0.50:0.95 | area= small | maxDets=100 ] = -1.000
 Average Precision  (AP) @[ IoU=0.50:0.95 | area=medium | maxDets=100 ] = 0.006
 Average Precision  (AP) @[ IoU=0.50:0.95 | area= large | maxDets=100 ] = 0.426
 Average Recall     (AR) @[ IoU=0.50:0.95 | area=   all | maxDets=  1 ] = 0.155
 Average Recall     (AR) @[ IoU=0.50:0.95 | area=   all | maxDets= 10 ] = 0.243
 Average Recall     (AR) @[ IoU=0.50:0.95 | area=   all | maxDets=100 ] = 0.243
 Average Recall     (AR) @[ IoU=0.50:0.95 | area= small | maxDets=100 ] = -1.000
 Average Recall     (AR) @[ IoU=0.50:0.95 | area=medium | maxDets=100 ] = 0.018
 Average Recall     (AR) @[ IoU=0.50:0.95 | area= large | maxDets=100 ] = 0.504
[I 2026-02-23 14:53:45,237] Trial 96 finished with value: 0.290688030891534 and parameters: {'alpha': 5.326522172363028, 'std_bias': 4.27821961610527, 'opening_size': 3, 'closing_size': 11, 'dilate_size': 9, 'remove_small_blobs': 558, 'area_min': 1823, 'area_max': 104476, 'aspect_ratio_min': 0.24016240725330204, 'aspect_ratio_max': 9.916099706963893, 'fill_ratio_min': 0.2738729114444405, 'n_frames': 2, 'temporal_threshold': 0.5354402732392923, 'merge_distance': 30}. Best is trial 79 with value: 0.3276770672641034.
creating index...
index created!
Loading and preparing results...
DONE (t=0.02s)
creating index...
index created!
Running per image evaluation...
Evaluate annotation type *bbox*
DONE (t=2.52s).
Accumulating evaluation results...
DONE (t=0.35s).
 Average Precision  (AP) @[ IoU=0.50:0.95 | area=   all | maxDets=100 ] = 0.159
 Average Precision  (AP) @[ IoU=0.50      | area=   all | maxDets=100 ] = 0.332
 Average Precision  (AP) @[ IoU=0.75      | area=   all | maxDets=100 ] = 0.147
 Average Precision  (AP) @[ IoU=0.50:0.95 | area= small | maxDets=100 ] = -1.000
 Average Precision  (AP) @[ IoU=0.50:0.95 | area=medium | maxDets=100 ] = 0.040
 Average Precision  (AP) @[ IoU=0.50:0.95 | area= large | maxDets=100 ] = 0.311
 Average Recall     (AR) @[ IoU=0.50:0.95 | area=   all | maxDets=  1 ] = 0.124
 Average Recall     (AR) @[ IoU=0.50:0.95 | area=   all | maxDets= 10 ] = 0.263
 Average Recall     (AR) @[ IoU=0.50:0.95 | area=   all | maxDets=100 ] = 0.263
 Average Recall     (AR) @[ IoU=0.50:0.95 | area= small | maxDets=100 ] = -1.000
 Average Recall     (AR) @[ IoU=0.50:0.95 | area=medium | maxDets=100 ] = 0.129
 Average Recall     (AR) @[ IoU=0.50:0.95 | area= large | maxDets=100 ] = 0.419
[I 2026-02-23 14:58:05,660] Trial 104 finished with value: 0.331901284061664 and parameters: {'alpha': 4.525424121187941, 'std_bias': 3.3539055024768736, 'opening_size': 3, 'closing_size': 20, 'dilate_size': 9, 'remove_small_blobs': 536, 'area_min': 1416, 'area_max': 112162, 'aspect_ratio_min': 0.24474792262322126, 'aspect_ratio_max': 8.966303733270799, 'fill_ratio_min': 0.24670561060519694, 'n_frames': 2, 'temporal_threshold': 0.555553154780274, 'merge_distance': 10}. Best is trial 101 with value: 0.35127376327781606.
creating index...
index created!
Loading and preparing results...
DONE (t=0.02s)
creating index...
index created!
Running per image evaluation...
Evaluate annotation type *bbox*
DONE (t=1.80s).
Accumulating evaluation results...
DONE (t=0.30s).
 Average Precision  (AP) @[ IoU=0.50:0.95 | area=   all | maxDets=100 ] = 0.177
 Average Precision  (AP) @[ IoU=0.50      | area=   all | maxDets=100 ] = 0.304
 Average Precision  (AP) @[ IoU=0.75      | area=   all | maxDets=100 ] = 0.185
 Average Precision  (AP) @[ IoU=0.50:0.95 | area= small | maxDets=100 ] = -1.000
 Average Precision  (AP) @[ IoU=0.50:0.95 | area=medium | maxDets=100 ] = 0.008
 Average Precision  (AP) @[ IoU=0.50:0.95 | area= large | maxDets=100 ] = 0.402
 Average Recall     (AR) @[ IoU=0.50:0.95 | area=   all | maxDets=  1 ] = 0.147
 Average Recall     (AR) @[ IoU=0.50:0.95 | area=   all | maxDets= 10 ] = 0.242
 Average Recall     (AR) @[ IoU=0.50:0.95 | area=   all | maxDets=100 ] = 0.242
 Average Recall     (AR) @[ IoU=0.50:0.95 | area= small | maxDets=100 ] = -1.000
 Average Recall     (AR) @[ IoU=0.50:0.95 | area=medium | maxDets=100 ] = 0.025
 Average Recall     (AR) @[ IoU=0.50:0.95 | area= large | maxDets=100 ] = 0.492
[I 2026-02-23 15:02:03,136] Trial 112 finished with value: 0.30429504231916216 and parameters: {'alpha': 5.609074853805515, 'std_bias': 3.450614877199186, 'opening_size': 3, 'closing_size': 20, 'dilate_size': 7, 'remove_small_blobs': 533, 'area_min': 1951, 'area_max': 134732, 'aspect_ratio_min': 0.11898984119194073, 'aspect_ratio_max': 9.029767691803247, 'fill_ratio_min': 0.2645061721470106, 'n_frames': 2, 'temporal_threshold': 0.5532550129253836, 'merge_distance': 10}. Best is trial 101 with value: 0.35127376327781606.
creating index...
index created!
Loading and preparing results...
DONE (t=0.03s)
creating index...
index created!
Running per image evaluation...
Evaluate annotation type *bbox*
DONE (t=2.27s).
Accumulating evaluation results...
DONE (t=0.53s).
 Average Precision  (AP) @[ IoU=0.50:0.95 | area=   all | maxDets=100 ] = 0.161
 Average Precision  (AP) @[ IoU=0.50      | area=   all | maxDets=100 ] = 0.334
 Average Precision  (AP) @[ IoU=0.75      | area=   all | maxDets=100 ] = 0.149
 Average Precision  (AP) @[ IoU=0.50:0.95 | area= small | maxDets=100 ] = -1.000
 Average Precision  (AP) @[ IoU=0.50:0.95 | area=medium | maxDets=100 ] = 0.042
 Average Precision  (AP) @[ IoU=0.50:0.95 | area= large | maxDets=100 ] = 0.313
 Average Recall     (AR) @[ IoU=0.50:0.95 | area=   all | maxDets=  1 ] = 0.123
 Average Recall     (AR) @[ IoU=0.50:0.95 | area=   all | maxDets= 10 ] = 0.264
 Average Recall     (AR) @[ IoU=0.50:0.95 | area=   all | maxDets=100 ] = 0.264
 Average Recall     (AR) @[ IoU=0.50:0.95 | area= small | maxDets=100 ] = -1.000
 Average Recall     (AR) @[ IoU=0.50:0.95 | area=medium | maxDets=100 ] = 0.131
 Average Recall     (AR) @[ IoU=0.50:0.95 | area= large | maxDets=100 ] = 0.419
[I 2026-02-23 15:06:50,487] Trial 120 finished with value: 0.3343050965178144 and parameters: {'alpha': 4.513057946796405, 'std_bias': 3.23691107703802, 'opening_size': 3, 'closing_size': 20, 'dilate_size': 9, 'remove_small_blobs': 218, 'area_min': 1423, 'area_max': 138761, 'aspect_ratio_min': 0.15154025747028782, 'aspect_ratio_max': 8.270213445693974, 'fill_ratio_min': 0.24637770962011368, 'n_frames': 2, 'temporal_threshold': 0.4406857989068947, 'merge_distance': 12}. Best is trial 101 with value: 0.35127376327781606.Best trial: 101. Best value: 0.351274:  56%|█████▌    | 14/25 [1:10:03<45:45, 249.63s/it]Best trial: 101. Best value: 0.351274:  56%|█████▌    | 14/25 [1:10:03<45:45, 249.63s/it]Best trial: 101. Best value: 0.351274:  60%|██████    | 15/25 [1:10:03<43:30, 261.00s/it]                                                                                         Best trial: 101. Best value: 0.351274:  60%|██████    | 15/25 [1:14:31<43:30, 261.00s/it]Best trial: 101. Best value: 0.351274:  60%|██████    | 15/25 [1:14:31<43:30, 261.00s/it]Best trial: 101. Best value: 0.351274:  64%|██████▍   | 16/25 [1:14:31<39:27, 263.08s/it]                                                                                         Best trial: 101. Best value: 0.351274:  64%|██████▍   | 16/25 [1:20:09<39:27, 263.08s/it]Best trial: 101. Best value: 0.351274:  64%|██████▍   | 16/25 [1:20:09<39:27, 263.08s/it]Best trial: 101. Best value: 0.351274:  68%|██████▊   | 17/25 [1:20:09<38:04, 285.54s/it]                                                                                         Best trial: 101. Best value: 0.351274:  68%|██████▊   | 17/25 [1:24:36<38:04, 285.54s/it]Best trial: 101. Best value: 0.351274:  68%|██████▊   | 17/25 [1:24:36<38:04, 285.54s/it]Best trial: 101. Best value: 0.351274:  72%|███████▏  | 18/25 [1:24:36<32:39, 279.96s/it]                                                                                         Best trial: 101. Best value: 0.351274:  72%|███████▏  | 18/25 [1:29:10<32:39, 279.96s/it]Best trial: 101. Best value: 0.351274:  72%|███████▏  | 18/25 [1:29:10<32:39, 279.96s/it]Best trial: 101. Best value: 0.351274:  76%|███████▌  | 19/25 [1:29:10<27:49, 278.28s/it]                                                                                         
creating index...
index created!
Loading and preparing results...
DONE (t=0.03s)
creating index...
index created!
Running per image evaluation...
Evaluate annotation type *bbox*
DONE (t=2.02s).
Accumulating evaluation results...
DONE (t=0.42s).
 Average Precision  (AP) @[ IoU=0.50:0.95 | area=   all | maxDets=100 ] = 0.165
 Average Precision  (AP) @[ IoU=0.50      | area=   all | maxDets=100 ] = 0.316
 Average Precision  (AP) @[ IoU=0.75      | area=   all | maxDets=100 ] = 0.158
 Average Precision  (AP) @[ IoU=0.50:0.95 | area= small | maxDets=100 ] = -1.000
 Average Precision  (AP) @[ IoU=0.50:0.95 | area=medium | maxDets=100 ] = 0.036
 Average Precision  (AP) @[ IoU=0.50:0.95 | area= large | maxDets=100 ] = 0.316
 Average Recall     (AR) @[ IoU=0.50:0.95 | area=   all | maxDets=  1 ] = 0.132
 Average Recall     (AR) @[ IoU=0.50:0.95 | area=   all | maxDets= 10 ] = 0.237
 Average Recall     (AR) @[ IoU=0.50:0.95 | area=   all | maxDets=100 ] = 0.237
 Average Recall     (AR) @[ IoU=0.50:0.95 | area= small | maxDets=100 ] = -1.000
 Average Recall     (AR) @[ IoU=0.50:0.95 | area=medium | maxDets=100 ] = 0.083
 Average Recall     (AR) @[ IoU=0.50:0.95 | area= large | maxDets=100 ] = 0.416
[I 2026-02-23 15:11:18,406] Trial 129 finished with value: 0.31580062237918954 and parameters: {'alpha': 4.514457764042954, 'std_bias': 2.9501340657666173, 'opening_size': 3, 'closing_size': 20, 'dilate_size': 5, 'remove_small_blobs': 193, 'area_min': 1992, 'area_max': 138387, 'aspect_ratio_min': 0.152619769775047, 'aspect_ratio_max': 8.809424829549519, 'fill_ratio_min': 0.24925440005685254, 'n_frames': 2, 'temporal_threshold': 0.44861326251777184, 'merge_distance': 14}. Best is trial 101 with value: 0.35127376327781606.
creating index...
index created!
Loading and preparing results...
DONE (t=0.03s)
creating index...
index created!
Running per image evaluation...
Evaluate annotation type *bbox*
DONE (t=2.77s).
Accumulating evaluation results...
DONE (t=0.44s).
 Average Precision  (AP) @[ IoU=0.50:0.95 | area=   all | maxDets=100 ] = 0.120
 Average Precision  (AP) @[ IoU=0.50      | area=   all | maxDets=100 ] = 0.281
 Average Precision  (AP) @[ IoU=0.75      | area=   all | maxDets=100 ] = 0.082
 Average Precision  (AP) @[ IoU=0.50:0.95 | area= small | maxDets=100 ] = -1.000
 Average Precision  (AP) @[ IoU=0.50:0.95 | area=medium | maxDets=100 ] = 0.057
 Average Precision  (AP) @[ IoU=0.50:0.95 | area= large | maxDets=100 ] = 0.205
 Average Recall     (AR) @[ IoU=0.50:0.95 | area=   all | maxDets=  1 ] = 0.103
 Average Recall     (AR) @[ IoU=0.50:0.95 | area=   all | maxDets= 10 ] = 0.265
 Average Recall     (AR) @[ IoU=0.50:0.95 | area=   all | maxDets=100 ] = 0.267
 Average Recall     (AR) @[ IoU=0.50:0.95 | area= small | maxDets=100 ] = -1.000
 Average Recall     (AR) @[ IoU=0.50:0.95 | area=medium | maxDets=100 ] = 0.218
 Average Recall     (AR) @[ IoU=0.50:0.95 | area= large | maxDets=100 ] = 0.324
[I 2026-02-23 15:16:56,171] Trial 136 finished with value: 0.28093613164037345 and parameters: {'alpha': 3.8449652689761935, 'std_bias': 2.7374777335128186, 'opening_size': 3, 'closing_size': 20, 'dilate_size': 9, 'remove_small_blobs': 159, 'area_min': 1356, 'area_max': 131157, 'aspect_ratio_min': 0.13852831184044856, 'aspect_ratio_max': 7.857886713301547, 'fill_ratio_min': 0.216258692613286, 'n_frames': 2, 'temporal_threshold': 0.4335390491300172, 'merge_distance': 11}. Best is trial 101 with value: 0.35127376327781606.
creating index...
index created!
Loading and preparing results...
DONE (t=0.01s)
creating index...
index created!
Running per image evaluation...
Evaluate annotation type *bbox*
DONE (t=2.13s).
Accumulating evaluation results...
DONE (t=0.34s).
 Average Precision  (AP) @[ IoU=0.50:0.95 | area=   all | maxDets=100 ] = 0.137
 Average Precision  (AP) @[ IoU=0.50      | area=   all | maxDets=100 ] = 0.281
 Average Precision  (AP) @[ IoU=0.75      | area=   all | maxDets=100 ] = 0.106
 Average Precision  (AP) @[ IoU=0.50:0.95 | area= small | maxDets=100 ] = -1.000
 Average Precision  (AP) @[ IoU=0.50:0.95 | area=medium | maxDets=100 ] = 0.007
 Average Precision  (AP) @[ IoU=0.50:0.95 | area= large | maxDets=100 ] = 0.308
 Average Recall     (AR) @[ IoU=0.50:0.95 | area=   all | maxDets=  1 ] = 0.117
 Average Recall     (AR) @[ IoU=0.50:0.95 | area=   all | maxDets= 10 ] = 0.203
 Average Recall     (AR) @[ IoU=0.50:0.95 | area=   all | maxDets=100 ] = 0.203
 Average Recall     (AR) @[ IoU=0.50:0.95 | area= small | maxDets=100 ] = -1.000
 Average Recall     (AR) @[ IoU=0.50:0.95 | area=medium | maxDets=100 ] = 0.037
 Average Recall     (AR) @[ IoU=0.50:0.95 | area= large | maxDets=100 ] = 0.395
[I 2026-02-23 15:21:23,137] Trial 146 finished with value: 0.2807917867281839 and parameters: {'alpha': 4.036638697643877, 'std_bias': 3.333261311130351, 'opening_size': 5, 'closing_size': 20, 'dilate_size': 5, 'remove_small_blobs': 112, 'area_min': 1273, 'area_max': 123274, 'aspect_ratio_min': 0.15950918287946753, 'aspect_ratio_max': 8.379201686929928, 'fill_ratio_min': 0.2379843067602832, 'n_frames': 2, 'temporal_threshold': 0.4077180848640937, 'merge_distance': 13}. Best is trial 101 with value: 0.35127376327781606.
creating index...
index created!
Loading and preparing results...
DONE (t=0.02s)
creating index...
index created!
Running per image evaluation...
Evaluate annotation type *bbox*
DONE (t=2.07s).
Accumulating evaluation results...
DONE (t=0.30s).
 Average Precision  (AP) @[ IoU=0.50:0.95 | area=   all | maxDets=100 ] = 0.171
 Average Precision  (AP) @[ IoU=0.50      | area=   all | maxDets=100 ] = 0.323
 Average Precision  (AP) @[ IoU=0.75      | area=   all | maxDets=100 ] = 0.163
 Average Precision  (AP) @[ IoU=0.50:0.95 | area= small | maxDets=100 ] = -1.000
 Average Precision  (AP) @[ IoU=0.50:0.95 | area=medium | maxDets=100 ] = 0.033
 Average Precision  (AP) @[ IoU=0.50:0.95 | area= large | maxDets=100 ] = 0.340
 Average Recall     (AR) @[ IoU=0.50:0.95 | area=   all | maxDets=  1 ] = 0.132
 Average Recall     (AR) @[ IoU=0.50:0.95 | area=   all | maxDets= 10 ] = 0.249
 Average Recall     (AR) @[ IoU=0.50:0.95 | area=   all | maxDets=100 ] = 0.250
 Average Recall     (AR) @[ IoU=0.50:0.95 | area= small | maxDets=100 ] = -1.000
 Average Recall     (AR) @[ IoU=0.50:0.95 | area=medium | maxDets=100 ] = 0.085
 Average Recall     (AR) @[ IoU=0.50:0.95 | area= large | maxDets=100 ] = 0.440
[I 2026-02-23 15:25:57,504] Trial 153 finished with value: 0.32327137306838527 and parameters: {'alpha': 4.767619221603384, 'std_bias': 3.1227913203960065, 'opening_size': 3, 'closing_size': 20, 'dilate_size': 5, 'remove_small_blobs': 144, 'area_min': 1430, 'area_max': 126841, 'aspect_ratio_min': 0.11011851790639635, 'aspect_ratio_max': 7.052812413407881, 'fill_ratio_min': 0.23281885442012126, 'n_frames': 2, 'temporal_threshold': 0.37447122584183234, 'merge_distance': 16}. Best is trial 101 with value: 0.35127376327781606.
creating index...
index created!
Loading and preparing results...
DONE (t=0.18s)
creating index...
index created!
Running per image evaluation...
Evaluate annotation type *bbox*
DONE (t=2.01s).
Accumulating evaluation results...
DONE (t=0.37s).
 Average Precision  (AP) @[ IoU=0.50:0.95 | area=   all | maxDets=100 ] = 0.156
 Average Precision  (AP) @[ IoU=0.50      | area=   all | maxDets=100 ] = 0.280
 Average Precision  (AP) @[ IoU=0.75      | area=   all | maxDets=100 ] = 0.153
 Average Precision  (AP) @[ IoU=0.50:0.95 | area= small | maxDets=100 ] = -1.000
 Average Precision  (AP) @[ IoU=0.50:0.95 | area=medium | maxDets=100 ] = 0.007
 Average Precision  (AP) @[ IoU=0.50:0.95 | area= large | maxDets=100 ] = 0.355
 Average Recall     (AR) @[ IoU=0.50:0.95 | area=   all | maxDets=  1 ] = 0.143
 Average Recall     (AR) @[ IoU=0.50:0.95 | area=   all | maxDets= 10 ] = 0.224
 Average Recall     (AR) @[ IoU=0.50:0.95 | area=   all | maxDets=100 ] = 0.225
 Average Recall     (AR) @[ IoU=0.50:0.95 | area= small | maxDets=100 ] = -1.000
 Average Recall     (AR) @[ IoU=0.50:0.95 | area=medium | maxDets=100 ] = 0.030
 Average Recall     (AR) @[ IoU=0.50:0.95 | area= large | maxDets=100 ] = 0.451
