[I 2026-02-23 12:53:34,205] Trial 77 finished with value: 0.32796597074212136 and parameters: {'alpha': 2.3442972906400827, 'std_bias': 4.247160827310103, 'opening_size': 5, 'closing_size': 15, 'dilate_size': 9, 'remove_small_blobs': 550, 'area_min': 1989, 'area_max': 112722, 'aspect_ratio_min': 0.2097219427252997, 'aspect_ratio_max': 13.406606925991206, 'fill_ratio_min': 0.1304864035235221, 'merge_distance': 29}. Best is trial 77 with value: 0.32796597074212136.Best trial: 59. Best value: 0.308346:  36%|███▌      | 9/25 [41:06<1:04:20, 241.30s/it]Best trial: 77. Best value: 0.327966:  36%|███▌      | 9/25 [41:06<1:04:20, 241.30s/it]Best trial: 77. Best value: 0.327966:  40%|████      | 10/25 [41:06<1:00:26, 241.76s/it]                                                                                        Best trial: 77. Best value: 0.327966:  40%|████      | 10/25 [45:35<1:00:26, 241.76s/it]Best trial: 76. Best value: 0.33616:  40%|████      | 10/25 [45:35<1:00:26, 241.76s/it] Best trial: 76. Best value: 0.33616:  44%|████▍     | 11/25 [45:35<58:23, 250.28s/it]                                                                                       Best trial: 76. Best value: 0.33616:  44%|████▍     | 11/25 [49:15<58:23, 250.28s/it]Best trial: 76. Best value: 0.33616:  44%|████▍     | 11/25 [49:15<58:23, 250.28s/it]Best trial: 76. Best value: 0.33616:  48%|████▊     | 12/25 [49:15<52:12, 240.93s/it]                                                                                     Best trial: 76. Best value: 0.33616:  48%|████▊     | 12/25 [53:05<52:12, 240.93s/it]Best trial: 76. Best value: 0.33616:  48%|████▊     | 12/25 [53:05<52:12, 240.93s/it]Best trial: 76. Best value: 0.33616:  52%|█████▏    | 13/25 [53:05<47:32, 237.73s/it]                                                                                     Best trial: 76. Best value: 0.33616:  52%|█████▏    | 13/25 [56:54<47:32, 237.73s/it]Best trial: 106. Best value: 0.349307:  52%|█████▏    | 13/25 [56:54<47:32, 237.73s/it]Best trial: 106. Best value: 0.349307:  56%|█████▌    | 14/25 [56:54<43:05, 235.07s/it]                                                                                       
creating index...
index created!
Loading and preparing results...
DONE (t=0.02s)
creating index...
index created!
Running per image evaluation...
Evaluate annotation type *bbox*
DONE (t=2.14s).
Accumulating evaluation results...
DONE (t=0.34s).
 Average Precision  (AP) @[ IoU=0.50:0.95 | area=   all | maxDets=100 ] = 0.106
 Average Precision  (AP) @[ IoU=0.50      | area=   all | maxDets=100 ] = 0.275
 Average Precision  (AP) @[ IoU=0.75      | area=   all | maxDets=100 ] = 0.064
 Average Precision  (AP) @[ IoU=0.50:0.95 | area= small | maxDets=100 ] = -1.000
 Average Precision  (AP) @[ IoU=0.50:0.95 | area=medium | maxDets=100 ] = 0.065
 Average Precision  (AP) @[ IoU=0.50:0.95 | area= large | maxDets=100 ] = 0.164
 Average Recall     (AR) @[ IoU=0.50:0.95 | area=   all | maxDets=  1 ] = 0.098
 Average Recall     (AR) @[ IoU=0.50:0.95 | area=   all | maxDets= 10 ] = 0.239
 Average Recall     (AR) @[ IoU=0.50:0.95 | area=   all | maxDets=100 ] = 0.239
 Average Recall     (AR) @[ IoU=0.50:0.95 | area= small | maxDets=100 ] = -1.000
 Average Recall     (AR) @[ IoU=0.50:0.95 | area=medium | maxDets=100 ] = 0.225
 Average Recall     (AR) @[ IoU=0.50:0.95 | area= large | maxDets=100 ] = 0.256
[I 2026-02-23 12:58:03,823] Trial 82 finished with value: 0.27489518625224973 and parameters: {'alpha': 2.1720413299339807, 'std_bias': 4.248615095314768, 'opening_size': 5, 'closing_size': 15, 'dilate_size': 9, 'remove_small_blobs': 407, 'area_min': 1484, 'area_max': 132433, 'aspect_ratio_min': 0.21255737246944972, 'aspect_ratio_max': 11.43443268102234, 'fill_ratio_min': 0.11320068342383734, 'merge_distance': 40}. Best is trial 76 with value: 0.3361603336157239.
creating index...
index created!
Loading and preparing results...
DONE (t=0.15s)
creating index...
index created!
Running per image evaluation...
Evaluate annotation type *bbox*
DONE (t=1.90s).
Accumulating evaluation results...
DONE (t=0.34s).
 Average Precision  (AP) @[ IoU=0.50:0.95 | area=   all | maxDets=100 ] = 0.145
 Average Precision  (AP) @[ IoU=0.50      | area=   all | maxDets=100 ] = 0.298
 Average Precision  (AP) @[ IoU=0.75      | area=   all | maxDets=100 ] = 0.124
 Average Precision  (AP) @[ IoU=0.50:0.95 | area= small | maxDets=100 ] = -1.000
 Average Precision  (AP) @[ IoU=0.50:0.95 | area=medium | maxDets=100 ] = 0.015
 Average Precision  (AP) @[ IoU=0.50:0.95 | area= large | maxDets=100 ] = 0.306
 Average Recall     (AR) @[ IoU=0.50:0.95 | area=   all | maxDets=  1 ] = 0.127
 Average Recall     (AR) @[ IoU=0.50:0.95 | area=   all | maxDets= 10 ] = 0.207
 Average Recall     (AR) @[ IoU=0.50:0.95 | area=   all | maxDets=100 ] = 0.207
 Average Recall     (AR) @[ IoU=0.50:0.95 | area= small | maxDets=100 ] = -1.000
 Average Recall     (AR) @[ IoU=0.50:0.95 | area=medium | maxDets=100 ] = 0.045
 Average Recall     (AR) @[ IoU=0.50:0.95 | area= large | maxDets=100 ] = 0.395
[I 2026-02-23 13:01:43,379] Trial 91 finished with value: 0.29804806506299014 and parameters: {'alpha': 3.56790163097398, 'std_bias': 4.478242679585706, 'opening_size': 5, 'closing_size': 15, 'dilate_size': 9, 'remove_small_blobs': 519, 'area_min': 1849, 'area_max': 96908, 'aspect_ratio_min': 0.20508081798392802, 'aspect_ratio_max': 10.258806861144777, 'fill_ratio_min': 0.13038914485054945, 'merge_distance': 31}. Best is trial 76 with value: 0.3361603336157239.
creating index...
index created!
Loading and preparing results...
DONE (t=0.03s)
creating index...
index created!
Running per image evaluation...
Evaluate annotation type *bbox*
DONE (t=2.43s).
Accumulating evaluation results...
DONE (t=0.42s).
 Average Precision  (AP) @[ IoU=0.50:0.95 | area=   all | maxDets=100 ] = 0.118
 Average Precision  (AP) @[ IoU=0.50      | area=   all | maxDets=100 ] = 0.272
 Average Precision  (AP) @[ IoU=0.75      | area=   all | maxDets=100 ] = 0.080
 Average Precision  (AP) @[ IoU=0.50:0.95 | area= small | maxDets=100 ] = -1.000
 Average Precision  (AP) @[ IoU=0.50:0.95 | area=medium | maxDets=100 ] = 0.043
 Average Precision  (AP) @[ IoU=0.50:0.95 | area= large | maxDets=100 ] = 0.226
 Average Recall     (AR) @[ IoU=0.50:0.95 | area=   all | maxDets=  1 ] = 0.107
 Average Recall     (AR) @[ IoU=0.50:0.95 | area=   all | maxDets= 10 ] = 0.232
 Average Recall     (AR) @[ IoU=0.50:0.95 | area=   all | maxDets=100 ] = 0.232
 Average Recall     (AR) @[ IoU=0.50:0.95 | area= small | maxDets=100 ] = -1.000
 Average Recall     (AR) @[ IoU=0.50:0.95 | area=medium | maxDets=100 ] = 0.163
 Average Recall     (AR) @[ IoU=0.50:0.95 | area= large | maxDets=100 ] = 0.313
[I 2026-02-23 13:05:33,751] Trial 99 finished with value: 0.2723771340231176 and parameters: {'alpha': 2.5843466612711126, 'std_bias': 4.71358552012947, 'opening_size': 5, 'closing_size': 15, 'dilate_size': 9, 'remove_small_blobs': 693, 'area_min': 1231, 'area_max': 93497, 'aspect_ratio_min': 0.21965667476391876, 'aspect_ratio_max': 14.43597849332008, 'fill_ratio_min': 0.14214433064108536, 'merge_distance': 43}. Best is trial 76 with value: 0.3361603336157239.
creating index...
index created!
Loading and preparing results...
DONE (t=0.02s)
creating index...
index created!
Running per image evaluation...
Evaluate annotation type *bbox*
DONE (t=2.22s).
Accumulating evaluation results...
DONE (t=0.46s).
 Average Precision  (AP) @[ IoU=0.50:0.95 | area=   all | maxDets=100 ] = 0.150
 Average Precision  (AP) @[ IoU=0.50      | area=   all | maxDets=100 ] = 0.349
 Average Precision  (AP) @[ IoU=0.75      | area=   all | maxDets=100 ] = 0.104
 Average Precision  (AP) @[ IoU=0.50:0.95 | area= small | maxDets=100 ] = -1.000
 Average Precision  (AP) @[ IoU=0.50:0.95 | area=medium | maxDets=100 ] = 0.048
 Average Precision  (AP) @[ IoU=0.50:0.95 | area= large | maxDets=100 ] = 0.270
 Average Recall     (AR) @[ IoU=0.50:0.95 | area=   all | maxDets=  1 ] = 0.123
 Average Recall     (AR) @[ IoU=0.50:0.95 | area=   all | maxDets= 10 ] = 0.232
 Average Recall     (AR) @[ IoU=0.50:0.95 | area=   all | maxDets=100 ] = 0.232
 Average Recall     (AR) @[ IoU=0.50:0.95 | area= small | maxDets=100 ] = -1.000
 Average Recall     (AR) @[ IoU=0.50:0.95 | area=medium | maxDets=100 ] = 0.125
 Average Recall     (AR) @[ IoU=0.50:0.95 | area= large | maxDets=100 ] = 0.355
[I 2026-02-23 13:09:22,649] Trial 106 finished with value: 0.34930707775950676 and parameters: {'alpha': 2.840026271930218, 'std_bias': 4.769977313430562, 'opening_size': 5, 'closing_size': 15, 'dilate_size': 9, 'remove_small_blobs': 632, 'area_min': 1550, 'area_max': 109499, 'aspect_ratio_min': 0.22118807684047892, 'aspect_ratio_max': 4.474026431574192, 'fill_ratio_min': 0.20821692159573382, 'merge_distance': 28}. Best is trial 106 with value: 0.34930707775950676.
creating index...
index created!
Loading and preparing results...
DONE (t=0.02s)
creating index...
index created!
Running per image evaluation...
Evaluate annotation type *bbox*
DONE (t=2.16s).
Accumulating evaluation results...
DONE (t=0.50s).
 Average Precision  (AP) @[ IoU=0.50:0.95 | area=   all | maxDets=100 ] = 0.138
 Average Precision  (AP) @[ IoU=0.50      | area=   all | maxDets=100 ] = 0.330
 Average Precision  (AP) @[ IoU=0.75      | area=   all | maxDets=100 ] = 0.093
 Average Precision  (AP) @[ IoU=0.50:0.95 | area= small | maxDets=100 ] = -1.000
 Average Precision  (AP) @[ IoU=0.50:0.95 | area=medium | maxDets=100 ] = 0.040
 Average Precision  (AP) @[ IoU=0.50:0.95 | area= large | maxDets=100 ] = 0.265
 Average Recall     (AR) @[ IoU=0.50:0.95 | area=   all | maxDets=  1 ] = 0.119
 Average Recall     (AR) @[ IoU=0.50:0.95 | area=   all | maxDets= 10 ] = 0.231
 Average Recall     (AR) @[ IoU=0.50:0.95 | area=   all | maxDets=100 ] = 0.231
 Average Recall     (AR) @[ IoU=0.50:0.95 | area= small | maxDets=100 ] = -1.000
 Average Recall     (AR) @[ IoU=0.50:0.95 | area=medium | maxDets=100 ] = 0.128
 Average Recall     (AR) @[ IoU=0.50:0.95 | area= large | maxDets=100 ] = 0.351
[I 2026-02-23 13:13:13,908] Trial 113 finished with value: 0.3296159212419909 and parameters: {'alpha': 2.8296224787977815, 'std_bias': 4.798026430867958, 'opening_size': 5, 'closing_size': 15, 'dilate_size': 9, 'remove_small_blobs': 618, 'area_min': 1380, 'area_max': 109560, 'aspect_ratio_min': 0.23034197574339674, 'aspect_ratio_max': 4.025787485108696, 'fill_ratio_min': 0.20743868300670615, 'merge_distance': 28}. Best is trial 106 with value: 0.34930707775950676.Best trial: 106. Best value: 0.349307:  56%|█████▌    | 14/25 [1:00:45<43:05, 235.07s/it]Best trial: 106. Best value: 0.349307:  56%|█████▌    | 14/25 [1:00:45<43:05, 235.07s/it]Best trial: 106. Best value: 0.349307:  60%|██████    | 15/25 [1:00:45<38:59, 233.92s/it]                                                                                         Best trial: 106. Best value: 0.349307:  60%|██████    | 15/25 [1:04:30<38:59, 233.92s/it]Best trial: 106. Best value: 0.349307:  60%|██████    | 15/25 [1:04:30<38:59, 233.92s/it]Best trial: 106. Best value: 0.349307:  64%|██████▍   | 16/25 [1:04:30<34:40, 231.14s/it]                                                                                         Best trial: 106. Best value: 0.349307:  64%|██████▍   | 16/25 [1:08:32<34:40, 231.14s/it]Best trial: 106. Best value: 0.349307:  64%|██████▍   | 16/25 [1:08:32<34:40, 231.14s/it]Best trial: 106. Best value: 0.349307:  68%|██████▊   | 17/25 [1:08:32<31:16, 234.53s/it]                                                                                         Best trial: 106. Best value: 0.349307:  68%|██████▊   | 17/25 [1:13:25<31:16, 234.53s/it]Best trial: 106. Best value: 0.349307:  68%|██████▊   | 17/25 [1:13:25<31:16, 234.53s/it]Best trial: 106. Best value: 0.349307:  72%|███████▏  | 18/25 [1:13:25<29:23, 251.99s/it]                                                                                         Best trial: 106. Best value: 0.349307:  72%|███████▏  | 18/25 [1:17:16<29:23, 251.99s/it]Best trial: 106. Best value: 0.349307:  72%|███████▏  | 18/25 [1:17:16<29:23, 251.99s/it]Best trial: 106. Best value: 0.349307:  76%|███████▌  | 19/25 [1:17:16<24:34, 245.68s/it]                                                                                         
creating index...
index created!
Loading and preparing results...
DONE (t=0.02s)
creating index...
index created!
Running per image evaluation...
Evaluate annotation type *bbox*
DONE (t=2.48s).
Accumulating evaluation results...
DONE (t=0.37s).
 Average Precision  (AP) @[ IoU=0.50:0.95 | area=   all | maxDets=100 ] = 0.151
 Average Precision  (AP) @[ IoU=0.50      | area=   all | maxDets=100 ] = 0.344
 Average Precision  (AP) @[ IoU=0.75      | area=   all | maxDets=100 ] = 0.107
 Average Precision  (AP) @[ IoU=0.50:0.95 | area= small | maxDets=100 ] = -1.000
 Average Precision  (AP) @[ IoU=0.50:0.95 | area=medium | maxDets=100 ] = 0.041
 Average Precision  (AP) @[ IoU=0.50:0.95 | area= large | maxDets=100 ] = 0.284
 Average Recall     (AR) @[ IoU=0.50:0.95 | area=   all | maxDets=  1 ] = 0.124
 Average Recall     (AR) @[ IoU=0.50:0.95 | area=   all | maxDets= 10 ] = 0.234
 Average Recall     (AR) @[ IoU=0.50:0.95 | area=   all | maxDets=100 ] = 0.234
 Average Recall     (AR) @[ IoU=0.50:0.95 | area= small | maxDets=100 ] = -1.000
 Average Recall     (AR) @[ IoU=0.50:0.95 | area=medium | maxDets=100 ] = 0.118
 Average Recall     (AR) @[ IoU=0.50:0.95 | area= large | maxDets=100 ] = 0.369
[I 2026-02-23 13:16:58,604] Trial 122 finished with value: 0.3440909054285723 and parameters: {'alpha': 2.892901135870146, 'std_bias': 4.878706157510967, 'opening_size': 5, 'closing_size': 15, 'dilate_size': 9, 'remove_small_blobs': 739, 'area_min': 1473, 'area_max': 107430, 'aspect_ratio_min': 0.23213903085134335, 'aspect_ratio_max': 5.331544003323025, 'fill_ratio_min': 0.19811852801298238, 'merge_distance': 23}. Best is trial 106 with value: 0.34930707775950676.
creating index...
index created!
Loading and preparing results...
DONE (t=0.02s)
creating index...
index created!
Running per image evaluation...
Evaluate annotation type *bbox*
DONE (t=2.55s).
Accumulating evaluation results...
DONE (t=0.36s).
 Average Precision  (AP) @[ IoU=0.50:0.95 | area=   all | maxDets=100 ] = 0.134
 Average Precision  (AP) @[ IoU=0.50      | area=   all | maxDets=100 ] = 0.329
 Average Precision  (AP) @[ IoU=0.75      | area=   all | maxDets=100 ] = 0.083
 Average Precision  (AP) @[ IoU=0.50:0.95 | area= small | maxDets=100 ] = -1.000
 Average Precision  (AP) @[ IoU=0.50:0.95 | area=medium | maxDets=100 ] = 0.046
 Average Precision  (AP) @[ IoU=0.50:0.95 | area= large | maxDets=100 ] = 0.241
 Average Recall     (AR) @[ IoU=0.50:0.95 | area=   all | maxDets=  1 ] = 0.125
 Average Recall     (AR) @[ IoU=0.50:0.95 | area=   all | maxDets= 10 ] = 0.227
 Average Recall     (AR) @[ IoU=0.50:0.95 | area=   all | maxDets=100 ] = 0.227
 Average Recall     (AR) @[ IoU=0.50:0.95 | area= small | maxDets=100 ] = -1.000
 Average Recall     (AR) @[ IoU=0.50:0.95 | area=medium | maxDets=100 ] = 0.141
 Average Recall     (AR) @[ IoU=0.50:0.95 | area= large | maxDets=100 ] = 0.328
[I 2026-02-23 13:21:01,022] Trial 129 finished with value: 0.32861551431382907 and parameters: {'alpha': 2.4504151770669407, 'std_bias': 4.97312551990826, 'opening_size': 5, 'closing_size': 7, 'dilate_size': 9, 'remove_small_blobs': 571, 'area_min': 1463, 'area_max': 114290, 'aspect_ratio_min': 0.22573086670660375, 'aspect_ratio_max': 4.028313681465066, 'fill_ratio_min': 0.23808101838544765, 'merge_distance': 24}. Best is trial 106 with value: 0.34930707775950676.
creating index...
index created!
Loading and preparing results...
DONE (t=0.16s)
creating index...
index created!
Running per image evaluation...
Evaluate annotation type *bbox*
DONE (t=3.33s).
Accumulating evaluation results...
DONE (t=0.46s).
 Average Precision  (AP) @[ IoU=0.50:0.95 | area=   all | maxDets=100 ] = 0.034
 Average Precision  (AP) @[ IoU=0.50      | area=   all | maxDets=100 ] = 0.098
 Average Precision  (AP) @[ IoU=0.75      | area=   all | maxDets=100 ] = 0.020
 Average Precision  (AP) @[ IoU=0.50:0.95 | area= small | maxDets=100 ] = -1.000
 Average Precision  (AP) @[ IoU=0.50:0.95 | area=medium | maxDets=100 ] = 0.033
 Average Precision  (AP) @[ IoU=0.50:0.95 | area= large | maxDets=100 ] = 0.033
 Average Recall     (AR) @[ IoU=0.50:0.95 | area=   all | maxDets=  1 ] = 0.069
 Average Recall     (AR) @[ IoU=0.50:0.95 | area=   all | maxDets= 10 ] = 0.170
 Average Recall     (AR) @[ IoU=0.50:0.95 | area=   all | maxDets=100 ] = 0.170
 Average Recall     (AR) @[ IoU=0.50:0.95 | area= small | maxDets=100 ] = -1.000
 Average Recall     (AR) @[ IoU=0.50:0.95 | area=medium | maxDets=100 ] = 0.218
 Average Recall     (AR) @[ IoU=0.50:0.95 | area= large | maxDets=100 ] = 0.114
[I 2026-02-23 13:25:53,644] Trial 137 finished with value: 0.0982184095743968 and parameters: {'alpha': 1.7917261759509413, 'std_bias': 1.7666285415406158, 'opening_size': 5, 'closing_size': 7, 'dilate_size': 9, 'remove_small_blobs': 676, 'area_min': 1519, 'area_max': 115036, 'aspect_ratio_min': 0.21573370333840391, 'aspect_ratio_max': 4.720934514409223, 'fill_ratio_min': 0.25806549646073085, 'merge_distance': 22}. Best is trial 106 with value: 0.34930707775950676.
creating index...
index created!
Loading and preparing results...
DONE (t=0.02s)
creating index...
index created!
Running per image evaluation...
Evaluate annotation type *bbox*
DONE (t=2.35s).
Accumulating evaluation results...
DONE (t=0.35s).
 Average Precision  (AP) @[ IoU=0.50:0.95 | area=   all | maxDets=100 ] = 0.119
 Average Precision  (AP) @[ IoU=0.50      | area=   all | maxDets=100 ] = 0.272
 Average Precision  (AP) @[ IoU=0.75      | area=   all | maxDets=100 ] = 0.088
 Average Precision  (AP) @[ IoU=0.50:0.95 | area= small | maxDets=100 ] = -1.000
 Average Precision  (AP) @[ IoU=0.50:0.95 | area=medium | maxDets=100 ] = 0.018
 Average Precision  (AP) @[ IoU=0.50:0.95 | area= large | maxDets=100 ] = 0.251
 Average Recall     (AR) @[ IoU=0.50:0.95 | area=   all | maxDets=  1 ] = 0.115
 Average Recall     (AR) @[ IoU=0.50:0.95 | area=   all | maxDets= 10 ] = 0.193
 Average Recall     (AR) @[ IoU=0.50:0.95 | area=   all | maxDets=100 ] = 0.193
 Average Recall     (AR) @[ IoU=0.50:0.95 | area= small | maxDets=100 ] = -1.000
 Average Recall     (AR) @[ IoU=0.50:0.95 | area=medium | maxDets=100 ] = 0.068
 Average Recall     (AR) @[ IoU=0.50:0.95 | area= large | maxDets=100 ] = 0.339
[I 2026-02-23 13:29:44,619] Trial 146 finished with value: 0.2720016850576211 and parameters: {'alpha': 3.1205432294295123, 'std_bias': 4.613429792243503, 'opening_size': 5, 'closing_size': 7, 'dilate_size': 9, 'remove_small_blobs': 601, 'area_min': 1589, 'area_max': 70895, 'aspect_ratio_min': 0.2415164039894489, 'aspect_ratio_max': 5.441182410168428, 'fill_ratio_min': 0.24718718178698312, 'merge_distance': 19}. Best is trial 106 with value: 0.34930707775950676.
creating index...
index created!
Loading and preparing results...
DONE (t=0.02s)
creating index...
index created!
Running per image evaluation...
Evaluate annotation type *bbox*
DONE (t=2.08s).
Accumulating evaluation results...
DONE (t=0.53s).
 Average Precision  (AP) @[ IoU=0.50:0.95 | area=   all | maxDets=100 ] = 0.099
 Average Precision  (AP) @[ IoU=0.50      | area=   all | maxDets=100 ] = 0.237
 Average Precision  (AP) @[ IoU=0.75      | area=   all | maxDets=100 ] = 0.067
 Average Precision  (AP) @[ IoU=0.50:0.95 | area= small | maxDets=100 ] = -1.000
 Average Precision  (AP) @[ IoU=0.50:0.95 | area=medium | maxDets=100 ] = 0.007
 Average Precision  (AP) @[ IoU=0.50:0.95 | area= large | maxDets=100 ] = 0.223
 Average Recall     (AR) @[ IoU=0.50:0.95 | area=   all | maxDets=  1 ] = 0.100
 Average Recall     (AR) @[ IoU=0.50:0.95 | area=   all | maxDets= 10 ] = 0.168
 Average Recall     (AR) @[ IoU=0.50:0.95 | area=   all | maxDets=100 ] = 0.168
 Average Recall     (AR) @[ IoU=0.50:0.95 | area= small | maxDets=100 ] = -1.000
 Average Recall     (AR) @[ IoU=0.50:0.95 | area=medium | maxDets=100 ] = 0.036
 Average Recall     (AR) @[ IoU=0.50:0.95 | area= large | maxDets=100 ] = 0.321
