[I 2026-02-23 14:41:45,065] Trial 73 finished with value: 0.24099400432012175 and parameters: {'alpha': 3.116767899480693, 'std_bias': 2.3334972379530194, 'opening_size': 7, 'closing_size': 20, 'dilate_size': 9, 'remove_small_blobs': 675, 'area_min': 1672, 'area_max': 122576, 'aspect_ratio_min': 0.2471170384420575, 'aspect_ratio_max': 4.586065870196064, 'fill_ratio_min': 0.2985598135743758, 'n_frames': 2, 'temporal_threshold': 0.5618007511887176, 'merge_distance': 28}. Best is trial 38 with value: 0.32117286645295584.Best trial: 38. Best value: 0.321173:  36%|███▌      | 9/25 [45:18<1:11:28, 268.01s/it]Best trial: 38. Best value: 0.321173:  36%|███▌      | 9/25 [45:18<1:11:28, 268.01s/it]Best trial: 38. Best value: 0.321173:  40%|████      | 10/25 [45:18<1:05:57, 263.80s/it]                                                                                        Best trial: 38. Best value: 0.321173:  40%|████      | 10/25 [49:41<1:05:57, 263.80s/it]Best trial: 79. Best value: 0.327677:  40%|████      | 10/25 [49:41<1:05:57, 263.80s/it]Best trial: 79. Best value: 0.327677:  44%|████▍     | 11/25 [49:41<1:01:27, 263.39s/it]                                                                                        Best trial: 79. Best value: 0.327677:  44%|████▍     | 11/25 [53:48<1:01:27, 263.39s/it]Best trial: 79. Best value: 0.327677:  44%|████▍     | 11/25 [53:48<1:01:27, 263.39s/it]Best trial: 79. Best value: 0.327677:  48%|████▊     | 12/25 [53:48<56:00, 258.47s/it]                                                                                        Best trial: 79. Best value: 0.327677:  48%|████▊     | 12/25 [57:44<56:00, 258.47s/it]Best trial: 79. Best value: 0.327677:  48%|████▊     | 12/25 [57:44<56:00, 258.47s/it]Best trial: 79. Best value: 0.327677:  52%|█████▏    | 13/25 [57:44<50:20, 251.71s/it]                                                                                      Best trial: 79. Best value: 0.327677:  52%|█████▏    | 13/25 [1:02:00<50:20, 251.71s/it]Best trial: 101. Best value: 0.351274:  52%|█████▏    | 13/25 [1:02:00<50:20, 251.71s/it]Best trial: 101. Best value: 0.351274:  56%|█████▌    | 14/25 [1:02:00<46:21, 252.90s/it]                                                                                         
creating index...
index created!
Loading and preparing results...
DONE (t=0.03s)
creating index...
index created!
Running per image evaluation...
Evaluate annotation type *bbox*
DONE (t=2.61s).
Accumulating evaluation results...
DONE (t=0.35s).
 Average Precision  (AP) @[ IoU=0.50:0.95 | area=   all | maxDets=100 ] = 0.111
 Average Precision  (AP) @[ IoU=0.50      | area=   all | maxDets=100 ] = 0.245
 Average Precision  (AP) @[ IoU=0.75      | area=   all | maxDets=100 ] = 0.096
 Average Precision  (AP) @[ IoU=0.50:0.95 | area= small | maxDets=100 ] = -1.000
 Average Precision  (AP) @[ IoU=0.50:0.95 | area=medium | maxDets=100 ] = 0.017
 Average Precision  (AP) @[ IoU=0.50:0.95 | area= large | maxDets=100 ] = 0.253
 Average Recall     (AR) @[ IoU=0.50:0.95 | area=   all | maxDets=  1 ] = 0.092
 Average Recall     (AR) @[ IoU=0.50:0.95 | area=   all | maxDets= 10 ] = 0.207
 Average Recall     (AR) @[ IoU=0.50:0.95 | area=   all | maxDets=100 ] = 0.207
 Average Recall     (AR) @[ IoU=0.50:0.95 | area= small | maxDets=100 ] = -1.000
 Average Recall     (AR) @[ IoU=0.50:0.95 | area=medium | maxDets=100 ] = 0.087
 Average Recall     (AR) @[ IoU=0.50:0.95 | area= large | maxDets=100 ] = 0.346
[I 2026-02-23 14:46:07,499] Trial 81 finished with value: 0.2447077268232052 and parameters: {'alpha': 4.880406655158956, 'std_bias': 2.081801187688362, 'opening_size': 3, 'closing_size': 15, 'dilate_size': 9, 'remove_small_blobs': 621, 'area_min': 1048, 'area_max': 97295, 'aspect_ratio_min': 0.2204504895455656, 'aspect_ratio_max': 5.679788366042452, 'fill_ratio_min': 0.2912350287082625, 'n_frames': 2, 'temporal_threshold': 0.5102894644875391, 'merge_distance': 41}. Best is trial 79 with value: 0.3276770672641034.
creating index...
index created!
Loading and preparing results...
DONE (t=0.02s)
creating index...
index created!
Running per image evaluation...
Evaluate annotation type *bbox*
DONE (t=1.95s).
Accumulating evaluation results...
DONE (t=0.32s).
 Average Precision  (AP) @[ IoU=0.50:0.95 | area=   all | maxDets=100 ] = 0.170
 Average Precision  (AP) @[ IoU=0.50      | area=   all | maxDets=100 ] = 0.298
 Average Precision  (AP) @[ IoU=0.75      | area=   all | maxDets=100 ] = 0.170
 Average Precision  (AP) @[ IoU=0.50:0.95 | area= small | maxDets=100 ] = -1.000
 Average Precision  (AP) @[ IoU=0.50:0.95 | area=medium | maxDets=100 ] = 0.007
 Average Precision  (AP) @[ IoU=0.50:0.95 | area= large | maxDets=100 ] = 0.408
 Average Recall     (AR) @[ IoU=0.50:0.95 | area=   all | maxDets=  1 ] = 0.137
 Average Recall     (AR) @[ IoU=0.50:0.95 | area=   all | maxDets= 10 ] = 0.245
 Average Recall     (AR) @[ IoU=0.50:0.95 | area=   all | maxDets=100 ] = 0.245
 Average Recall     (AR) @[ IoU=0.50:0.95 | area= small | maxDets=100 ] = -1.000
 Average Recall     (AR) @[ IoU=0.50:0.95 | area=medium | maxDets=100 ] = 0.033
 Average Recall     (AR) @[ IoU=0.50:0.95 | area= large | maxDets=100 ] = 0.491
[I 2026-02-23 14:50:14,742] Trial 89 finished with value: 0.29827013410327136 and parameters: {'alpha': 5.123644411618344, 'std_bias': 4.087671908236381, 'opening_size': 3, 'closing_size': 11, 'dilate_size': 9, 'remove_small_blobs': 477, 'area_min': 1323, 'area_max': 86913, 'aspect_ratio_min': 0.23318037019801677, 'aspect_ratio_max': 9.96206829080454, 'fill_ratio_min': 0.28784733633650156, 'n_frames': 2, 'temporal_threshold': 0.5343905694312303, 'merge_distance': 26}. Best is trial 79 with value: 0.3276770672641034.
creating index...
index created!
Loading and preparing results...
DONE (t=0.02s)
creating index...
index created!
Running per image evaluation...
Evaluate annotation type *bbox*
DONE (t=2.56s).
Accumulating evaluation results...
DONE (t=0.37s).
 Average Precision  (AP) @[ IoU=0.50:0.95 | area=   all | maxDets=100 ] = 0.158
 Average Precision  (AP) @[ IoU=0.50      | area=   all | maxDets=100 ] = 0.271
 Average Precision  (AP) @[ IoU=0.75      | area=   all | maxDets=100 ] = 0.155
 Average Precision  (AP) @[ IoU=0.50:0.95 | area= small | maxDets=100 ] = -1.000
 Average Precision  (AP) @[ IoU=0.50:0.95 | area=medium | maxDets=100 ] = 0.005
 Average Precision  (AP) @[ IoU=0.50:0.95 | area= large | maxDets=100 ] = 0.443
 Average Recall     (AR) @[ IoU=0.50:0.95 | area=   all | maxDets=  1 ] = 0.104
 Average Recall     (AR) @[ IoU=0.50:0.95 | area=   all | maxDets= 10 ] = 0.263
 Average Recall     (AR) @[ IoU=0.50:0.95 | area=   all | maxDets=100 ] = 0.263
 Average Recall     (AR) @[ IoU=0.50:0.95 | area= small | maxDets=100 ] = -1.000
 Average Recall     (AR) @[ IoU=0.50:0.95 | area=medium | maxDets=100 ] = 0.034
 Average Recall     (AR) @[ IoU=0.50:0.95 | area= large | maxDets=100 ] = 0.528
[I 2026-02-23 14:54:10,906] Trial 98 finished with value: 0.271077180286092 and parameters: {'alpha': 5.237211599467346, 'std_bias': 4.498209178769118, 'opening_size': 3, 'closing_size': 11, 'dilate_size': 9, 'remove_small_blobs': 559, 'area_min': 753, 'area_max': 147839, 'aspect_ratio_min': 0.12808364482246437, 'aspect_ratio_max': 10.109427951017862, 'fill_ratio_min': 0.2766133880139908, 'n_frames': 2, 'temporal_threshold': 0.48534020815169504, 'merge_distance': 26}. Best is trial 79 with value: 0.3276770672641034.
creating index...
index created!
Loading and preparing results...
DONE (t=0.02s)
creating index...
index created!
Running per image evaluation...
Evaluate annotation type *bbox*
DONE (t=2.40s).
Accumulating evaluation results...
DONE (t=0.40s).
 Average Precision  (AP) @[ IoU=0.50:0.95 | area=   all | maxDets=100 ] = 0.161
 Average Precision  (AP) @[ IoU=0.50      | area=   all | maxDets=100 ] = 0.332
 Average Precision  (AP) @[ IoU=0.75      | area=   all | maxDets=100 ] = 0.149
 Average Precision  (AP) @[ IoU=0.50:0.95 | area= small | maxDets=100 ] = -1.000
 Average Precision  (AP) @[ IoU=0.50:0.95 | area=medium | maxDets=100 ] = 0.040
 Average Precision  (AP) @[ IoU=0.50:0.95 | area= large | maxDets=100 ] = 0.318
 Average Recall     (AR) @[ IoU=0.50:0.95 | area=   all | maxDets=  1 ] = 0.125
 Average Recall     (AR) @[ IoU=0.50:0.95 | area=   all | maxDets= 10 ] = 0.267
 Average Recall     (AR) @[ IoU=0.50:0.95 | area=   all | maxDets=100 ] = 0.268
 Average Recall     (AR) @[ IoU=0.50:0.95 | area= small | maxDets=100 ] = -1.000
 Average Recall     (AR) @[ IoU=0.50:0.95 | area=medium | maxDets=100 ] = 0.131
 Average Recall     (AR) @[ IoU=0.50:0.95 | area= large | maxDets=100 ] = 0.426
[I 2026-02-23 14:58:26,515] Trial 105 finished with value: 0.33227263659963663 and parameters: {'alpha': 4.5157421632833215, 'std_bias': 3.3602416333643945, 'opening_size': 3, 'closing_size': 20, 'dilate_size': 9, 'remove_small_blobs': 532, 'area_min': 1400, 'area_max': 134019, 'aspect_ratio_min': 0.1283426780138064, 'aspect_ratio_max': 8.984559473265465, 'fill_ratio_min': 0.2614995517614001, 'n_frames': 2, 'temporal_threshold': 0.5933865485634792, 'merge_distance': 10}. Best is trial 101 with value: 0.35127376327781606.
creating index...
index created!
Loading and preparing results...
DONE (t=0.01s)
creating index...
index created!
Running per image evaluation...
Evaluate annotation type *bbox*
DONE (t=1.59s).
Accumulating evaluation results...
DONE (t=0.30s).
 Average Precision  (AP) @[ IoU=0.50:0.95 | area=   all | maxDets=100 ] = 0.178
 Average Precision  (AP) @[ IoU=0.50      | area=   all | maxDets=100 ] = 0.298
 Average Precision  (AP) @[ IoU=0.75      | area=   all | maxDets=100 ] = 0.190
 Average Precision  (AP) @[ IoU=0.50:0.95 | area= small | maxDets=100 ] = -1.000
 Average Precision  (AP) @[ IoU=0.50:0.95 | area=medium | maxDets=100 ] = 0.006
 Average Precision  (AP) @[ IoU=0.50:0.95 | area= large | maxDets=100 ] = 0.403
 Average Recall     (AR) @[ IoU=0.50:0.95 | area=   all | maxDets=  1 ] = 0.147
 Average Recall     (AR) @[ IoU=0.50:0.95 | area=   all | maxDets= 10 ] = 0.238
 Average Recall     (AR) @[ IoU=0.50:0.95 | area=   all | maxDets=100 ] = 0.238
 Average Recall     (AR) @[ IoU=0.50:0.95 | area= small | maxDets=100 ] = -1.000
 Average Recall     (AR) @[ IoU=0.50:0.95 | area=medium | maxDets=100 ] = 0.020
 Average Recall     (AR) @[ IoU=0.50:0.95 | area= large | maxDets=100 ] = 0.492
[I 2026-02-23 15:02:23,477] Trial 114 finished with value: 0.29751744381449974 and parameters: {'alpha': 5.887794532528598, 'std_bias': 3.326346677994856, 'opening_size': 3, 'closing_size': 20, 'dilate_size': 7, 'remove_small_blobs': 503, 'area_min': 1959, 'area_max': 145647, 'aspect_ratio_min': 0.1335109185225788, 'aspect_ratio_max': 8.290923402010916, 'fill_ratio_min': 0.24412033224361826, 'n_frames': 2, 'temporal_threshold': 0.5807830635849041, 'merge_distance': 10}. Best is trial 101 with value: 0.35127376327781606.Best trial: 101. Best value: 0.351274:  56%|█████▌    | 14/25 [1:05:57<46:21, 252.90s/it]Best trial: 101. Best value: 0.351274:  56%|█████▌    | 14/25 [1:05:57<46:21, 252.90s/it]Best trial: 101. Best value: 0.351274:  60%|██████    | 15/25 [1:05:57<41:20, 248.09s/it]                                                                                         Best trial: 101. Best value: 0.351274:  60%|██████    | 15/25 [1:10:45<41:20, 248.09s/it]Best trial: 101. Best value: 0.351274:  60%|██████    | 15/25 [1:10:45<41:20, 248.09s/it]Best trial: 101. Best value: 0.351274:  64%|██████▍   | 16/25 [1:10:45<39:02, 260.30s/it]                                                                                         Best trial: 101. Best value: 0.351274:  64%|██████▍   | 16/25 [1:15:17<39:02, 260.30s/it]Best trial: 101. Best value: 0.351274:  64%|██████▍   | 16/25 [1:15:17<39:02, 260.30s/it]Best trial: 101. Best value: 0.351274:  68%|██████▊   | 17/25 [1:15:17<35:09, 263.64s/it]                                                                                         Best trial: 101. Best value: 0.351274:  68%|██████▊   | 17/25 [1:20:02<35:09, 263.64s/it]Best trial: 101. Best value: 0.351274:  68%|██████▊   | 17/25 [1:20:02<35:09, 263.64s/it]Best trial: 101. Best value: 0.351274:  72%|███████▏  | 18/25 [1:20:02<31:31, 270.25s/it]                                                                                         Best trial: 101. Best value: 0.351274:  72%|███████▏  | 18/25 [1:25:17<31:31, 270.25s/it]Best trial: 101. Best value: 0.351274:  72%|███████▏  | 18/25 [1:25:17<31:31, 270.25s/it]Best trial: 101. Best value: 0.351274:  76%|███████▌  | 19/25 [1:25:17<28:21, 283.51s/it]                                                                                         
creating index...
index created!
Loading and preparing results...
DONE (t=0.02s)
creating index...
index created!
Running per image evaluation...
Evaluate annotation type *bbox*
DONE (t=2.31s).
Accumulating evaluation results...
DONE (t=0.53s).
 Average Precision  (AP) @[ IoU=0.50:0.95 | area=   all | maxDets=100 ] = 0.156
 Average Precision  (AP) @[ IoU=0.50      | area=   all | maxDets=100 ] = 0.328
 Average Precision  (AP) @[ IoU=0.75      | area=   all | maxDets=100 ] = 0.143
 Average Precision  (AP) @[ IoU=0.50:0.95 | area= small | maxDets=100 ] = -1.000
 Average Precision  (AP) @[ IoU=0.50:0.95 | area=medium | maxDets=100 ] = 0.042
 Average Precision  (AP) @[ IoU=0.50:0.95 | area= large | maxDets=100 ] = 0.303
 Average Recall     (AR) @[ IoU=0.50:0.95 | area=   all | maxDets=  1 ] = 0.122
 Average Recall     (AR) @[ IoU=0.50:0.95 | area=   all | maxDets= 10 ] = 0.262
 Average Recall     (AR) @[ IoU=0.50:0.95 | area=   all | maxDets=100 ] = 0.263
 Average Recall     (AR) @[ IoU=0.50:0.95 | area= small | maxDets=100 ] = -1.000
 Average Recall     (AR) @[ IoU=0.50:0.95 | area=medium | maxDets=100 ] = 0.136
 Average Recall     (AR) @[ IoU=0.50:0.95 | area= large | maxDets=100 ] = 0.409
[I 2026-02-23 15:07:12,132] Trial 121 finished with value: 0.3277355706603588 and parameters: {'alpha': 4.49672630125753, 'std_bias': 3.1066020358588284, 'opening_size': 3, 'closing_size': 20, 'dilate_size': 9, 'remove_small_blobs': 212, 'area_min': 1454, 'area_max': 140435, 'aspect_ratio_min': 0.15251016893360483, 'aspect_ratio_max': 8.819430410498128, 'fill_ratio_min': 0.244830897282241, 'n_frames': 2, 'temporal_threshold': 0.4691880434876706, 'merge_distance': 12}. Best is trial 101 with value: 0.35127376327781606.
creating index...
index created!
Loading and preparing results...
DONE (t=0.02s)
creating index...
index created!
Running per image evaluation...
Evaluate annotation type *bbox*
DONE (t=2.31s).
Accumulating evaluation results...
DONE (t=0.27s).
 Average Precision  (AP) @[ IoU=0.50:0.95 | area=   all | maxDets=100 ] = 0.161
 Average Precision  (AP) @[ IoU=0.50      | area=   all | maxDets=100 ] = 0.335
 Average Precision  (AP) @[ IoU=0.75      | area=   all | maxDets=100 ] = 0.146
 Average Precision  (AP) @[ IoU=0.50:0.95 | area= small | maxDets=100 ] = -1.000
 Average Precision  (AP) @[ IoU=0.50:0.95 | area=medium | maxDets=100 ] = 0.053
 Average Precision  (AP) @[ IoU=0.50:0.95 | area= large | maxDets=100 ] = 0.290
 Average Recall     (AR) @[ IoU=0.50:0.95 | area=   all | maxDets=  1 ] = 0.124
 Average Recall     (AR) @[ IoU=0.50:0.95 | area=   all | maxDets= 10 ] = 0.265
 Average Recall     (AR) @[ IoU=0.50:0.95 | area=   all | maxDets=100 ] = 0.265
 Average Recall     (AR) @[ IoU=0.50:0.95 | area= small | maxDets=100 ] = -1.000
 Average Recall     (AR) @[ IoU=0.50:0.95 | area=medium | maxDets=100 ] = 0.147
 Average Recall     (AR) @[ IoU=0.50:0.95 | area= large | maxDets=100 ] = 0.401
[I 2026-02-23 15:11:43,558] Trial 130 finished with value: 0.3353719209306412 and parameters: {'alpha': 4.153594141548513, 'std_bias': 3.02333840116955, 'opening_size': 3, 'closing_size': 20, 'dilate_size': 5, 'remove_small_blobs': 222, 'area_min': 1383, 'area_max': 139015, 'aspect_ratio_min': 0.15064328485551967, 'aspect_ratio_max': 7.895851017950494, 'fill_ratio_min': 0.24897829149700668, 'n_frames': 2, 'temporal_threshold': 0.4257932784835256, 'merge_distance': 14}. Best is trial 101 with value: 0.35127376327781606.
creating index...
index created!
Loading and preparing results...
DONE (t=0.02s)
creating index...
index created!
Running per image evaluation...
Evaluate annotation type *bbox*
DONE (t=2.43s).
Accumulating evaluation results...
DONE (t=0.33s).
 Average Precision  (AP) @[ IoU=0.50:0.95 | area=   all | maxDets=100 ] = 0.158
 Average Precision  (AP) @[ IoU=0.50      | area=   all | maxDets=100 ] = 0.331
 Average Precision  (AP) @[ IoU=0.75      | area=   all | maxDets=100 ] = 0.140
 Average Precision  (AP) @[ IoU=0.50:0.95 | area= small | maxDets=100 ] = -1.000
 Average Precision  (AP) @[ IoU=0.50:0.95 | area=medium | maxDets=100 ] = 0.050
 Average Precision  (AP) @[ IoU=0.50:0.95 | area= large | maxDets=100 ] = 0.288
 Average Recall     (AR) @[ IoU=0.50:0.95 | area=   all | maxDets=  1 ] = 0.122
 Average Recall     (AR) @[ IoU=0.50:0.95 | area=   all | maxDets= 10 ] = 0.263
 Average Recall     (AR) @[ IoU=0.50:0.95 | area=   all | maxDets=100 ] = 0.263
 Average Recall     (AR) @[ IoU=0.50:0.95 | area= small | maxDets=100 ] = -1.000
 Average Recall     (AR) @[ IoU=0.50:0.95 | area=medium | maxDets=100 ] = 0.146
 Average Recall     (AR) @[ IoU=0.50:0.95 | area= large | maxDets=100 ] = 0.397
[I 2026-02-23 15:16:29,194] Trial 138 finished with value: 0.331365288818009 and parameters: {'alpha': 4.22117796297916, 'std_bias': 2.8670109784573947, 'opening_size': 3, 'closing_size': 20, 'dilate_size': 5, 'remove_small_blobs': 144, 'area_min': 1364, 'area_max': 129827, 'aspect_ratio_min': 0.11297760590825806, 'aspect_ratio_max': 8.546142652241434, 'fill_ratio_min': 0.22658186157950555, 'n_frames': 2, 'temporal_threshold': 0.4233250256455889, 'merge_distance': 11}. Best is trial 101 with value: 0.35127376327781606.
creating index...
index created!
Loading and preparing results...
DONE (t=0.02s)
creating index...
index created!
Running per image evaluation...
Evaluate annotation type *bbox*
DONE (t=2.55s).
Accumulating evaluation results...
DONE (t=0.33s).
 Average Precision  (AP) @[ IoU=0.50:0.95 | area=   all | maxDets=100 ] = 0.135
 Average Precision  (AP) @[ IoU=0.50      | area=   all | maxDets=100 ] = 0.297
 Average Precision  (AP) @[ IoU=0.75      | area=   all | maxDets=100 ] = 0.103
 Average Precision  (AP) @[ IoU=0.50:0.95 | area= small | maxDets=100 ] = -1.000
 Average Precision  (AP) @[ IoU=0.50:0.95 | area=medium | maxDets=100 ] = 0.061
 Average Precision  (AP) @[ IoU=0.50:0.95 | area= large | maxDets=100 ] = 0.224
 Average Recall     (AR) @[ IoU=0.50:0.95 | area=   all | maxDets=  1 ] = 0.108
 Average Recall     (AR) @[ IoU=0.50:0.95 | area=   all | maxDets= 10 ] = 0.263
 Average Recall     (AR) @[ IoU=0.50:0.95 | area=   all | maxDets=100 ] = 0.264
 Average Recall     (AR) @[ IoU=0.50:0.95 | area= small | maxDets=100 ] = -1.000
 Average Recall     (AR) @[ IoU=0.50:0.95 | area=medium | maxDets=100 ] = 0.194
 Average Recall     (AR) @[ IoU=0.50:0.95 | area= large | maxDets=100 ] = 0.344
[I 2026-02-23 15:21:43,600] Trial 144 finished with value: 0.2969331378232868 and parameters: {'alpha': 3.7969099003115563, 'std_bias': 2.7013908624279264, 'opening_size': 3, 'closing_size': 20, 'dilate_size': 5, 'remove_small_blobs': 120, 'area_min': 1269, 'area_max': 130858, 'aspect_ratio_min': 0.15722548815171056, 'aspect_ratio_max': 8.454344727113707, 'fill_ratio_min': 0.240305420341723, 'n_frames': 2, 'temporal_threshold': 0.38776964360965865, 'merge_distance': 18}. Best is trial 101 with value: 0.35127376327781606.
creating index...
index created!
Loading and preparing results...
DONE (t=0.02s)
creating index...
index created!
Running per image evaluation...
Evaluate annotation type *bbox*
DONE (t=1.89s).
Accumulating evaluation results...
DONE (t=0.27s).
 Average Precision  (AP) @[ IoU=0.50:0.95 | area=   all | maxDets=100 ] = 0.161
 Average Precision  (AP) @[ IoU=0.50      | area=   all | maxDets=100 ] = 0.275
 Average Precision  (AP) @[ IoU=0.75      | area=   all | maxDets=100 ] = 0.166
 Average Precision  (AP) @[ IoU=0.50:0.95 | area= small | maxDets=100 ] = -1.000
 Average Precision  (AP) @[ IoU=0.50:0.95 | area=medium | maxDets=100 ] = 0.005
 Average Precision  (AP) @[ IoU=0.50:0.95 | area= large | maxDets=100 ] = 0.373
 Average Recall     (AR) @[ IoU=0.50:0.95 | area=   all | maxDets=  1 ] = 0.150
 Average Recall     (AR) @[ IoU=0.50:0.95 | area=   all | maxDets= 10 ] = 0.228
 Average Recall     (AR) @[ IoU=0.50:0.95 | area=   all | maxDets=100 ] = 0.229
 Average Recall     (AR) @[ IoU=0.50:0.95 | area= small | maxDets=100 ] = -1.000
 Average Recall     (AR) @[ IoU=0.50:0.95 | area=medium | maxDets=100 ] = 0.025
 Average Recall     (AR) @[ IoU=0.50:0.95 | area= large | maxDets=100 ] = 0.466
