[I 2026-02-23 12:53:57,843] Trial 75 finished with value: 0.2984479164822733 and parameters: {'alpha': 2.4462311104911363, 'std_bias': 3.0336216716422766, 'opening_size': 5, 'closing_size': 13, 'dilate_size': 9, 'remove_small_blobs': 402, 'area_min': 1991, 'area_max': 132730, 'aspect_ratio_min': 0.10688055460790766, 'aspect_ratio_max': 12.270998643800834, 'fill_ratio_min': 0.11342087341258301, 'merge_distance': 29}. Best is trial 76 with value: 0.3361603336157239.Best trial: 59. Best value: 0.308346:  36%|███▌      | 9/25 [41:20<1:05:47, 246.73s/it]Best trial: 76. Best value: 0.33616:  36%|███▌      | 9/25 [41:20<1:05:47, 246.73s/it] Best trial: 76. Best value: 0.33616:  40%|████      | 10/25 [41:20<1:04:02, 256.14s/it]                                                                                       Best trial: 76. Best value: 0.33616:  40%|████      | 10/25 [45:36<1:04:02, 256.14s/it]Best trial: 76. Best value: 0.33616:  40%|████      | 10/25 [45:36<1:04:02, 256.14s/it]Best trial: 76. Best value: 0.33616:  44%|████▍     | 11/25 [45:36<59:43, 255.99s/it]                                                                                       Best trial: 76. Best value: 0.33616:  44%|████▍     | 11/25 [50:24<59:43, 255.99s/it]Best trial: 76. Best value: 0.33616:  44%|████▍     | 11/25 [50:24<59:43, 255.99s/it]Best trial: 76. Best value: 0.33616:  48%|████▊     | 12/25 [50:24<57:36, 265.88s/it]                                                                                     Best trial: 76. Best value: 0.33616:  48%|████▊     | 12/25 [55:32<57:36, 265.88s/it]Best trial: 104. Best value: 0.342331:  48%|████▊     | 12/25 [55:32<57:36, 265.88s/it]Best trial: 104. Best value: 0.342331:  52%|█████▏    | 13/25 [55:32<55:44, 278.72s/it]                                                                                       Best trial: 104. Best value: 0.342331:  52%|█████▏    | 13/25 [59:31<55:44, 278.72s/it]Best trial: 106. Best value: 0.349307:  52%|█████▏    | 13/25 [59:31<55:44, 278.72s/it]Best trial: 106. Best value: 0.349307:  56%|█████▌    | 14/25 [59:31<48:52, 266.60s/it]                                                                                       
creating index...
index created!
Loading and preparing results...
DONE (t=0.02s)
creating index...
index created!
Running per image evaluation...
Evaluate annotation type *bbox*
DONE (t=2.24s).
Accumulating evaluation results...
DONE (t=0.37s).
 Average Precision  (AP) @[ IoU=0.50:0.95 | area=   all | maxDets=100 ] = 0.114
 Average Precision  (AP) @[ IoU=0.50      | area=   all | maxDets=100 ] = 0.290
 Average Precision  (AP) @[ IoU=0.75      | area=   all | maxDets=100 ] = 0.071
 Average Precision  (AP) @[ IoU=0.50:0.95 | area= small | maxDets=100 ] = -1.000
 Average Precision  (AP) @[ IoU=0.50:0.95 | area=medium | maxDets=100 ] = 0.077
 Average Precision  (AP) @[ IoU=0.50:0.95 | area= large | maxDets=100 ] = 0.163
 Average Recall     (AR) @[ IoU=0.50:0.95 | area=   all | maxDets=  1 ] = 0.105
 Average Recall     (AR) @[ IoU=0.50:0.95 | area=   all | maxDets= 10 ] = 0.230
 Average Recall     (AR) @[ IoU=0.50:0.95 | area=   all | maxDets=100 ] = 0.230
 Average Recall     (AR) @[ IoU=0.50:0.95 | area= small | maxDets=100 ] = -1.000
 Average Recall     (AR) @[ IoU=0.50:0.95 | area=medium | maxDets=100 ] = 0.213
 Average Recall     (AR) @[ IoU=0.50:0.95 | area= large | maxDets=100 ] = 0.250
[I 2026-02-23 12:58:13,499] Trial 85 finished with value: 0.2901022996684186 and parameters: {'alpha': 2.167612279741724, 'std_bias': 4.196005509924395, 'opening_size': 5, 'closing_size': 15, 'dilate_size': 9, 'remove_small_blobs': 537, 'area_min': 1862, 'area_max': 113621, 'aspect_ratio_min': 0.21092879249855626, 'aspect_ratio_max': 11.369312275568129, 'fill_ratio_min': 0.14152063108888233, 'merge_distance': 40}. Best is trial 76 with value: 0.3361603336157239.
creating index...
index created!
Loading and preparing results...
DONE (t=0.19s)
creating index...
index created!
Running per image evaluation...
Evaluate annotation type *bbox*
DONE (t=3.14s).
Accumulating evaluation results...
DONE (t=0.55s).
 Average Precision  (AP) @[ IoU=0.50:0.95 | area=   all | maxDets=100 ] = 0.046
 Average Precision  (AP) @[ IoU=0.50      | area=   all | maxDets=100 ] = 0.117
 Average Precision  (AP) @[ IoU=0.75      | area=   all | maxDets=100 ] = 0.033
 Average Precision  (AP) @[ IoU=0.50:0.95 | area= small | maxDets=100 ] = -1.000
 Average Precision  (AP) @[ IoU=0.50:0.95 | area=medium | maxDets=100 ] = 0.043
 Average Precision  (AP) @[ IoU=0.50:0.95 | area= large | maxDets=100 ] = 0.045
 Average Recall     (AR) @[ IoU=0.50:0.95 | area=   all | maxDets=  1 ] = 0.072
 Average Recall     (AR) @[ IoU=0.50:0.95 | area=   all | maxDets= 10 ] = 0.171
 Average Recall     (AR) @[ IoU=0.50:0.95 | area=   all | maxDets=100 ] = 0.171
 Average Recall     (AR) @[ IoU=0.50:0.95 | area= small | maxDets=100 ] = -1.000
 Average Recall     (AR) @[ IoU=0.50:0.95 | area=medium | maxDets=100 ] = 0.214
 Average Recall     (AR) @[ IoU=0.50:0.95 | area= large | maxDets=100 ] = 0.122
[I 2026-02-23 13:03:01,984] Trial 94 finished with value: 0.1174622950964186 and parameters: {'alpha': 1.3722710700725784, 'std_bias': 4.510650778008523, 'opening_size': 5, 'closing_size': 3, 'dilate_size': 9, 'remove_small_blobs': 695, 'area_min': 1756, 'area_max': 92094, 'aspect_ratio_min': 0.20082728802228905, 'aspect_ratio_max': 13.405282004938483, 'fill_ratio_min': 0.12779529811370136, 'merge_distance': 31}. Best is trial 76 with value: 0.3361603336157239.
creating index...
index created!
Loading and preparing results...
DONE (t=0.02s)
creating index...
index created!
Running per image evaluation...
Evaluate annotation type *bbox*
DONE (t=2.48s).
Accumulating evaluation results...
DONE (t=0.50s).
 Average Precision  (AP) @[ IoU=0.50:0.95 | area=   all | maxDets=100 ] = 0.127
 Average Precision  (AP) @[ IoU=0.50      | area=   all | maxDets=100 ] = 0.304
 Average Precision  (AP) @[ IoU=0.75      | area=   all | maxDets=100 ] = 0.082
 Average Precision  (AP) @[ IoU=0.50:0.95 | area= small | maxDets=100 ] = -1.000
 Average Precision  (AP) @[ IoU=0.50:0.95 | area=medium | maxDets=100 ] = 0.042
 Average Precision  (AP) @[ IoU=0.50:0.95 | area= large | maxDets=100 ] = 0.247
 Average Recall     (AR) @[ IoU=0.50:0.95 | area=   all | maxDets=  1 ] = 0.113
 Average Recall     (AR) @[ IoU=0.50:0.95 | area=   all | maxDets= 10 ] = 0.245
 Average Recall     (AR) @[ IoU=0.50:0.95 | area=   all | maxDets=100 ] = 0.245
 Average Recall     (AR) @[ IoU=0.50:0.95 | area= small | maxDets=100 ] = -1.000
 Average Recall     (AR) @[ IoU=0.50:0.95 | area=medium | maxDets=100 ] = 0.166
 Average Recall     (AR) @[ IoU=0.50:0.95 | area= large | maxDets=100 ] = 0.338
[I 2026-02-23 13:08:10,242] Trial 102 finished with value: 0.3044384981231311 and parameters: {'alpha': 2.614585410291631, 'std_bias': 4.795655162370338, 'opening_size': 5, 'closing_size': 15, 'dilate_size': 9, 'remove_small_blobs': 184, 'area_min': 1240, 'area_max': 110756, 'aspect_ratio_min': 0.2225549065777596, 'aspect_ratio_max': 14.417276328524787, 'fill_ratio_min': 0.14064262445133924, 'merge_distance': 27}. Best is trial 104 with value: 0.34233056466366363.
creating index...
index created!
Loading and preparing results...
DONE (t=0.01s)
creating index...
index created!
Running per image evaluation...
Evaluate annotation type *bbox*
DONE (t=2.44s).
Accumulating evaluation results...
DONE (t=0.50s).
 Average Precision  (AP) @[ IoU=0.50:0.95 | area=   all | maxDets=100 ] = 0.141
 Average Precision  (AP) @[ IoU=0.50      | area=   all | maxDets=100 ] = 0.327
 Average Precision  (AP) @[ IoU=0.75      | area=   all | maxDets=100 ] = 0.099
 Average Precision  (AP) @[ IoU=0.50:0.95 | area= small | maxDets=100 ] = -1.000
 Average Precision  (AP) @[ IoU=0.50:0.95 | area=medium | maxDets=100 ] = 0.039
 Average Precision  (AP) @[ IoU=0.50:0.95 | area= large | maxDets=100 ] = 0.270
 Average Recall     (AR) @[ IoU=0.50:0.95 | area=   all | maxDets=  1 ] = 0.121
 Average Recall     (AR) @[ IoU=0.50:0.95 | area=   all | maxDets= 10 ] = 0.235
 Average Recall     (AR) @[ IoU=0.50:0.95 | area=   all | maxDets=100 ] = 0.235
 Average Recall     (AR) @[ IoU=0.50:0.95 | area= small | maxDets=100 ] = -1.000
 Average Recall     (AR) @[ IoU=0.50:0.95 | area=medium | maxDets=100 ] = 0.129
 Average Recall     (AR) @[ IoU=0.50:0.95 | area= large | maxDets=100 ] = 0.359
[I 2026-02-23 13:12:08,818] Trial 112 finished with value: 0.32736847913314493 and parameters: {'alpha': 2.831073398931287, 'std_bias': 4.7838882234307345, 'opening_size': 5, 'closing_size': 15, 'dilate_size': 9, 'remove_small_blobs': 634, 'area_min': 1383, 'area_max': 109518, 'aspect_ratio_min': 0.22800183244980715, 'aspect_ratio_max': 12.741601570072389, 'fill_ratio_min': 0.20919961952840258, 'merge_distance': 26}. Best is trial 106 with value: 0.34930707775950676.
creating index...
index created!
Loading and preparing results...
DONE (t=0.02s)
creating index...
index created!
Running per image evaluation...
Evaluate annotation type *bbox*
DONE (t=2.57s).
Accumulating evaluation results...
DONE (t=0.38s).
 Average Precision  (AP) @[ IoU=0.50:0.95 | area=   all | maxDets=100 ] = 0.136
 Average Precision  (AP) @[ IoU=0.50      | area=   all | maxDets=100 ] = 0.322
 Average Precision  (AP) @[ IoU=0.75      | area=   all | maxDets=100 ] = 0.094
 Average Precision  (AP) @[ IoU=0.50:0.95 | area= small | maxDets=100 ] = -1.000
 Average Precision  (AP) @[ IoU=0.50:0.95 | area=medium | maxDets=100 ] = 0.038
 Average Precision  (AP) @[ IoU=0.50:0.95 | area= large | maxDets=100 ] = 0.266
 Average Recall     (AR) @[ IoU=0.50:0.95 | area=   all | maxDets=  1 ] = 0.119
 Average Recall     (AR) @[ IoU=0.50:0.95 | area=   all | maxDets= 10 ] = 0.238
 Average Recall     (AR) @[ IoU=0.50:0.95 | area=   all | maxDets=100 ] = 0.238
 Average Recall     (AR) @[ IoU=0.50:0.95 | area= small | maxDets=100 ] = -1.000
 Average Recall     (AR) @[ IoU=0.50:0.95 | area=medium | maxDets=100 ] = 0.136
 Average Recall     (AR) @[ IoU=0.50:0.95 | area= large | maxDets=100 ] = 0.356
[I 2026-02-23 13:16:04,506] Trial 120 finished with value: 0.3216332206346709 and parameters: {'alpha': 2.7991674301903355, 'std_bias': 4.878152839239835, 'opening_size': 5, 'closing_size': 15, 'dilate_size': 9, 'remove_small_blobs': 725, 'area_min': 1278, 'area_max': 103463, 'aspect_ratio_min': 0.2361184796518794, 'aspect_ratio_max': 7.357399070955076, 'fill_ratio_min': 0.21874906789363668, 'merge_distance': 23}. Best is trial 106 with value: 0.34930707775950676.Best trial: 106. Best value: 0.349307:  56%|█████▌    | 14/25 [1:03:27<48:52, 266.60s/it]Best trial: 106. Best value: 0.349307:  56%|█████▌    | 14/25 [1:03:27<48:52, 266.60s/it]Best trial: 106. Best value: 0.349307:  60%|██████    | 15/25 [1:03:27<42:52, 257.27s/it]                                                                                         Best trial: 106. Best value: 0.349307:  60%|██████    | 15/25 [1:07:40<42:52, 257.27s/it]Best trial: 106. Best value: 0.349307:  60%|██████    | 15/25 [1:07:40<42:52, 257.27s/it]Best trial: 106. Best value: 0.349307:  64%|██████▍   | 16/25 [1:07:40<38:24, 256.04s/it]                                                                                         Best trial: 106. Best value: 0.349307:  64%|██████▍   | 16/25 [1:12:12<38:24, 256.04s/it]Best trial: 106. Best value: 0.349307:  64%|██████▍   | 16/25 [1:12:12<38:24, 256.04s/it]Best trial: 106. Best value: 0.349307:  68%|██████▊   | 17/25 [1:12:12<34:46, 260.87s/it]                                                                                         Best trial: 106. Best value: 0.349307:  68%|██████▊   | 17/25 [1:16:11<34:46, 260.87s/it]Best trial: 106. Best value: 0.349307:  68%|██████▊   | 17/25 [1:16:11<34:46, 260.87s/it]Best trial: 106. Best value: 0.349307:  72%|███████▏  | 18/25 [1:16:11<29:40, 254.33s/it]                                                                                         Best trial: 106. Best value: 0.349307:  72%|███████▏  | 18/25 [1:20:19<29:40, 254.33s/it]Best trial: 106. Best value: 0.349307:  72%|███████▏  | 18/25 [1:20:19<29:40, 254.33s/it]Best trial: 106. Best value: 0.349307:  76%|███████▌  | 19/25 [1:20:19<25:14, 252.48s/it]                                                                                         
creating index...
index created!
Loading and preparing results...
DONE (t=0.01s)
creating index...
index created!
Running per image evaluation...
Evaluate annotation type *bbox*
DONE (t=2.49s).
Accumulating evaluation results...
DONE (t=0.37s).
 Average Precision  (AP) @[ IoU=0.50:0.95 | area=   all | maxDets=100 ] = 0.135
 Average Precision  (AP) @[ IoU=0.50      | area=   all | maxDets=100 ] = 0.331
 Average Precision  (AP) @[ IoU=0.75      | area=   all | maxDets=100 ] = 0.083
 Average Precision  (AP) @[ IoU=0.50:0.95 | area= small | maxDets=100 ] = -1.000
 Average Precision  (AP) @[ IoU=0.50:0.95 | area=medium | maxDets=100 ] = 0.045
 Average Precision  (AP) @[ IoU=0.50:0.95 | area= large | maxDets=100 ] = 0.247
 Average Recall     (AR) @[ IoU=0.50:0.95 | area=   all | maxDets=  1 ] = 0.126
 Average Recall     (AR) @[ IoU=0.50:0.95 | area=   all | maxDets= 10 ] = 0.230
 Average Recall     (AR) @[ IoU=0.50:0.95 | area=   all | maxDets=100 ] = 0.230
 Average Recall     (AR) @[ IoU=0.50:0.95 | area= small | maxDets=100 ] = -1.000
 Average Recall     (AR) @[ IoU=0.50:0.95 | area=medium | maxDets=100 ] = 0.139
 Average Recall     (AR) @[ IoU=0.50:0.95 | area= large | maxDets=100 ] = 0.335
[I 2026-02-23 13:20:17,679] Trial 128 finished with value: 0.3308725959100892 and parameters: {'alpha': 2.4793997119653417, 'std_bias': 4.918954121795327, 'opening_size': 5, 'closing_size': 7, 'dilate_size': 9, 'remove_small_blobs': 567, 'area_min': 1447, 'area_max': 113966, 'aspect_ratio_min': 0.2470634688141351, 'aspect_ratio_max': 5.160393032469281, 'fill_ratio_min': 0.23709215918837978, 'merge_distance': 24}. Best is trial 106 with value: 0.34930707775950676.
creating index...
index created!
Loading and preparing results...
DONE (t=0.21s)
creating index...
index created!
Running per image evaluation...
Evaluate annotation type *bbox*
DONE (t=2.58s).
Accumulating evaluation results...
DONE (t=0.49s).
 Average Precision  (AP) @[ IoU=0.50:0.95 | area=   all | maxDets=100 ] = 0.072
 Average Precision  (AP) @[ IoU=0.50      | area=   all | maxDets=100 ] = 0.204
 Average Precision  (AP) @[ IoU=0.75      | area=   all | maxDets=100 ] = 0.039
 Average Precision  (AP) @[ IoU=0.50:0.95 | area= small | maxDets=100 ] = -1.000
 Average Precision  (AP) @[ IoU=0.50:0.95 | area=medium | maxDets=100 ] = 0.063
 Average Precision  (AP) @[ IoU=0.50:0.95 | area= large | maxDets=100 ] = 0.086
 Average Recall     (AR) @[ IoU=0.50:0.95 | area=   all | maxDets=  1 ] = 0.088
 Average Recall     (AR) @[ IoU=0.50:0.95 | area=   all | maxDets= 10 ] = 0.221
 Average Recall     (AR) @[ IoU=0.50:0.95 | area=   all | maxDets=100 ] = 0.222
 Average Recall     (AR) @[ IoU=0.50:0.95 | area= small | maxDets=100 ] = -1.000
 Average Recall     (AR) @[ IoU=0.50:0.95 | area=medium | maxDets=100 ] = 0.255
 Average Recall     (AR) @[ IoU=0.50:0.95 | area= large | maxDets=100 ] = 0.183
[I 2026-02-23 13:24:49,775] Trial 136 finished with value: 0.204116020293597 and parameters: {'alpha': 1.707509739463591, 'std_bias': 4.324206090386461, 'opening_size': 5, 'closing_size': 7, 'dilate_size': 9, 'remove_small_blobs': 657, 'area_min': 1540, 'area_max': 115084, 'aspect_ratio_min': 0.2422812055808633, 'aspect_ratio_max': 4.641231691817509, 'fill_ratio_min': 0.22623305265040533, 'merge_distance': 24}. Best is trial 106 with value: 0.34930707775950676.
creating index...
index created!
Loading and preparing results...
DONE (t=0.02s)
creating index...
index created!
Running per image evaluation...
Evaluate annotation type *bbox*
DONE (t=2.04s).
Accumulating evaluation results...
DONE (t=0.33s).
 Average Precision  (AP) @[ IoU=0.50:0.95 | area=   all | maxDets=100 ] = 0.139
 Average Precision  (AP) @[ IoU=0.50      | area=   all | maxDets=100 ] = 0.314
 Average Precision  (AP) @[ IoU=0.75      | area=   all | maxDets=100 ] = 0.109
 Average Precision  (AP) @[ IoU=0.50:0.95 | area= small | maxDets=100 ] = -1.000
 Average Precision  (AP) @[ IoU=0.50:0.95 | area=medium | maxDets=100 ] = 0.021
 Average Precision  (AP) @[ IoU=0.50:0.95 | area= large | maxDets=100 ] = 0.286
 Average Recall     (AR) @[ IoU=0.50:0.95 | area=   all | maxDets=  1 ] = 0.118
 Average Recall     (AR) @[ IoU=0.50:0.95 | area=   all | maxDets= 10 ] = 0.210
 Average Recall     (AR) @[ IoU=0.50:0.95 | area=   all | maxDets=100 ] = 0.211
 Average Recall     (AR) @[ IoU=0.50:0.95 | area= small | maxDets=100 ] = -1.000
 Average Recall     (AR) @[ IoU=0.50:0.95 | area=medium | maxDets=100 ] = 0.068
 Average Recall     (AR) @[ IoU=0.50:0.95 | area= large | maxDets=100 ] = 0.377
[I 2026-02-23 13:28:48,889] Trial 144 finished with value: 0.3141498789032297 and parameters: {'alpha': 3.118923399296138, 'std_bias': 4.5712367946540375, 'opening_size': 5, 'closing_size': 7, 'dilate_size': 9, 'remove_small_blobs': 488, 'area_min': 1592, 'area_max': 118723, 'aspect_ratio_min': 0.24248872199790591, 'aspect_ratio_max': 4.419159406389553, 'fill_ratio_min': 0.25535334040303886, 'merge_distance': 22}. Best is trial 106 with value: 0.34930707775950676.
creating index...
index created!
Loading and preparing results...
DONE (t=0.02s)
creating index...
index created!
Running per image evaluation...
Evaluate annotation type *bbox*
DONE (t=2.23s).
Accumulating evaluation results...
DONE (t=0.34s).
 Average Precision  (AP) @[ IoU=0.50:0.95 | area=   all | maxDets=100 ] = 0.136
 Average Precision  (AP) @[ IoU=0.50      | area=   all | maxDets=100 ] = 0.326
 Average Precision  (AP) @[ IoU=0.75      | area=   all | maxDets=100 ] = 0.087
 Average Precision  (AP) @[ IoU=0.50:0.95 | area= small | maxDets=100 ] = -1.000
 Average Precision  (AP) @[ IoU=0.50:0.95 | area=medium | maxDets=100 ] = 0.042
 Average Precision  (AP) @[ IoU=0.50:0.95 | area= large | maxDets=100 ] = 0.249
 Average Recall     (AR) @[ IoU=0.50:0.95 | area=   all | maxDets=  1 ] = 0.121
 Average Recall     (AR) @[ IoU=0.50:0.95 | area=   all | maxDets= 10 ] = 0.217
 Average Recall     (AR) @[ IoU=0.50:0.95 | area=   all | maxDets=100 ] = 0.217
 Average Recall     (AR) @[ IoU=0.50:0.95 | area= small | maxDets=100 ] = -1.000
 Average Recall     (AR) @[ IoU=0.50:0.95 | area=medium | maxDets=100 ] = 0.114
 Average Recall     (AR) @[ IoU=0.50:0.95 | area= large | maxDets=100 ] = 0.337
[I 2026-02-23 13:32:57,046] Trial 152 finished with value: 0.32618266887736297 and parameters: {'alpha': 2.645454664814682, 'std_bias': 4.655147635871826, 'opening_size': 5, 'closing_size': 7, 'dilate_size': 9, 'remove_small_blobs': 593, 'area_min': 1501, 'area_max': 107578, 'aspect_ratio_min': 0.23573790457031865, 'aspect_ratio_max': 5.325782481501613, 'fill_ratio_min': 0.27853946402340096, 'merge_distance': 30}. Best is trial 106 with value: 0.34930707775950676.
creating index...
index created!
Loading and preparing results...
DONE (t=0.02s)
creating index...
index created!
Running per image evaluation...
Evaluate annotation type *bbox*
DONE (t=2.74s).
Accumulating evaluation results...
DONE (t=0.45s).
 Average Precision  (AP) @[ IoU=0.50:0.95 | area=   all | maxDets=100 ] = 0.083
 Average Precision  (AP) @[ IoU=0.50      | area=   all | maxDets=100 ] = 0.215
 Average Precision  (AP) @[ IoU=0.75      | area=   all | maxDets=100 ] = 0.045
 Average Precision  (AP) @[ IoU=0.50:0.95 | area= small | maxDets=100 ] = -1.000
 Average Precision  (AP) @[ IoU=0.50:0.95 | area=medium | maxDets=100 ] = 0.065
 Average Precision  (AP) @[ IoU=0.50:0.95 | area= large | maxDets=100 ] = 0.110
 Average Recall     (AR) @[ IoU=0.50:0.95 | area=   all | maxDets=  1 ] = 0.078
 Average Recall     (AR) @[ IoU=0.50:0.95 | area=   all | maxDets= 10 ] = 0.227
 Average Recall     (AR) @[ IoU=0.50:0.95 | area=   all | maxDets=100 ] = 0.227
 Average Recall     (AR) @[ IoU=0.50:0.95 | area= small | maxDets=100 ] = -1.000
 Average Recall     (AR) @[ IoU=0.50:0.95 | area=medium | maxDets=100 ] = 0.234
 Average Recall     (AR) @[ IoU=0.50:0.95 | area= large | maxDets=100 ] = 0.218
