[I 2026-02-23 15:24:06,590] Trial 149 finished with value: 0.3293869922600721 and parameters: {'alpha': 4.337342374287101, 'std_bias': 3.1433009270870427, 'opening_size': 3, 'closing_size': 20, 'dilate_size': 5, 'remove_small_blobs': 130, 'area_min': 1252, 'area_max': 122331, 'aspect_ratio_min': 0.14489720591556599, 'aspect_ratio_max': 8.455671722443906, 'fill_ratio_min': 0.25771212768530777, 'n_frames': 2, 'temporal_threshold': 0.3740176173077659, 'merge_distance': 13}. Best is trial 101 with value: 0.35127376327781606.Best trial: 101. Best value: 0.351274:  76%|███████▌  | 19/25 [1:27:29<27:50, 278.48s/it]Best trial: 101. Best value: 0.351274:  76%|███████▌  | 19/25 [1:27:29<27:50, 278.48s/it]Best trial: 101. Best value: 0.351274:  80%|████████  | 20/25 [1:27:29<23:33, 282.68s/it]                                                                                         Best trial: 101. Best value: 0.351274:  80%|████████  | 20/25 [1:31:50<23:33, 282.68s/it]Best trial: 101. Best value: 0.351274:  80%|████████  | 20/25 [1:31:50<23:33, 282.68s/it]Best trial: 101. Best value: 0.351274:  84%|████████▍ | 21/25 [1:31:50<18:24, 276.09s/it]                                                                                         Best trial: 101. Best value: 0.351274:  84%|████████▍ | 21/25 [1:36:22<18:24, 276.09s/it]Best trial: 101. Best value: 0.351274:  84%|████████▍ | 21/25 [1:36:22<18:24, 276.09s/it]Best trial: 101. Best value: 0.351274:  88%|████████▊ | 22/25 [1:36:22<13:44, 274.74s/it]                                                                                         Best trial: 101. Best value: 0.351274:  88%|████████▊ | 22/25 [1:40:33<13:44, 274.74s/it]Best trial: 172. Best value: 0.353745:  88%|████████▊ | 22/25 [1:40:33<13:44, 274.74s/it]Best trial: 172. Best value: 0.353745:  92%|█████████▏| 23/25 [1:40:33<08:55, 267.58s/it]                                                                                         Best trial: 172. Best value: 0.353745:  92%|█████████▏| 23/25 [1:44:49<08:55, 267.58s/it]Best trial: 172. Best value: 0.353745:  92%|█████████▏| 23/25 [1:44:49<08:55, 267.58s/it]Best trial: 172. Best value: 0.353745:  96%|█████████▌| 24/25 [1:44:49<04:24, 264.14s/it]                                                                                         
creating index...
index created!
Loading and preparing results...
DONE (t=0.18s)
creating index...
index created!
Running per image evaluation...
Evaluate annotation type *bbox*
DONE (t=2.21s).
Accumulating evaluation results...
DONE (t=0.32s).
 Average Precision  (AP) @[ IoU=0.50:0.95 | area=   all | maxDets=100 ] = 0.177
 Average Precision  (AP) @[ IoU=0.50      | area=   all | maxDets=100 ] = 0.348
 Average Precision  (AP) @[ IoU=0.75      | area=   all | maxDets=100 ] = 0.163
 Average Precision  (AP) @[ IoU=0.50:0.95 | area= small | maxDets=100 ] = -1.000
 Average Precision  (AP) @[ IoU=0.50:0.95 | area=medium | maxDets=100 ] = 0.045
 Average Precision  (AP) @[ IoU=0.50:0.95 | area= large | maxDets=100 ] = 0.337
 Average Recall     (AR) @[ IoU=0.50:0.95 | area=   all | maxDets=  1 ] = 0.137
 Average Recall     (AR) @[ IoU=0.50:0.95 | area=   all | maxDets= 10 ] = 0.265
 Average Recall     (AR) @[ IoU=0.50:0.95 | area=   all | maxDets=100 ] = 0.265
 Average Recall     (AR) @[ IoU=0.50:0.95 | area= small | maxDets=100 ] = -1.000
 Average Recall     (AR) @[ IoU=0.50:0.95 | area=medium | maxDets=100 ] = 0.113
 Average Recall     (AR) @[ IoU=0.50:0.95 | area= large | maxDets=100 ] = 0.442
[I 2026-02-23 15:28:27,311] Trial 158 finished with value: 0.34831820983627426 and parameters: {'alpha': 4.359782341348951, 'std_bias': 3.5073859602970927, 'opening_size': 3, 'closing_size': 20, 'dilate_size': 5, 'remove_small_blobs': 285, 'area_min': 1498, 'area_max': 147256, 'aspect_ratio_min': 0.12864674844776375, 'aspect_ratio_max': 14.709082410878732, 'fill_ratio_min': 0.2254755915726563, 'n_frames': 2, 'temporal_threshold': 0.4772207926764052, 'merge_distance': 16}. Best is trial 101 with value: 0.35127376327781606.
creating index...
index created!
Loading and preparing results...
DONE (t=0.02s)
creating index...
index created!
Running per image evaluation...
Evaluate annotation type *bbox*
DONE (t=2.19s).
Accumulating evaluation results...
DONE (t=0.37s).
 Average Precision  (AP) @[ IoU=0.50:0.95 | area=   all | maxDets=100 ] = 0.159
 Average Precision  (AP) @[ IoU=0.50      | area=   all | maxDets=100 ] = 0.286
 Average Precision  (AP) @[ IoU=0.75      | area=   all | maxDets=100 ] = 0.158
 Average Precision  (AP) @[ IoU=0.50:0.95 | area= small | maxDets=100 ] = -1.000
 Average Precision  (AP) @[ IoU=0.50:0.95 | area=medium | maxDets=100 ] = 0.007
 Average Precision  (AP) @[ IoU=0.50:0.95 | area= large | maxDets=100 ] = 0.364
 Average Recall     (AR) @[ IoU=0.50:0.95 | area=   all | maxDets=  1 ] = 0.144
 Average Recall     (AR) @[ IoU=0.50:0.95 | area=   all | maxDets= 10 ] = 0.229
 Average Recall     (AR) @[ IoU=0.50:0.95 | area=   all | maxDets=100 ] = 0.230
 Average Recall     (AR) @[ IoU=0.50:0.95 | area= small | maxDets=100 ] = -1.000
 Average Recall     (AR) @[ IoU=0.50:0.95 | area=medium | maxDets=100 ] = 0.031
 Average Recall     (AR) @[ IoU=0.50:0.95 | area= large | maxDets=100 ] = 0.460
[I 2026-02-23 15:32:58,917] Trial 166 finished with value: 0.2855287604090532 and parameters: {'alpha': 4.381904966385941, 'std_bias': 3.6156626823136975, 'opening_size': 3, 'closing_size': 3, 'dilate_size': 5, 'remove_small_blobs': 280, 'area_min': 1460, 'area_max': 147723, 'aspect_ratio_min': 0.16844714411632875, 'aspect_ratio_max': 12.799884712466202, 'fill_ratio_min': 0.2095584803958576, 'n_frames': 2, 'temporal_threshold': 0.36685238006295645, 'merge_distance': 16}. Best is trial 101 with value: 0.35127376327781606.
creating index...
index created!
Loading and preparing results...
DONE (t=0.02s)
creating index...
index created!
Running per image evaluation...
Evaluate annotation type *bbox*
DONE (t=1.86s).
Accumulating evaluation results...
DONE (t=0.38s).
 Average Precision  (AP) @[ IoU=0.50:0.95 | area=   all | maxDets=100 ] = 0.066
 Average Precision  (AP) @[ IoU=0.50      | area=   all | maxDets=100 ] = 0.160
 Average Precision  (AP) @[ IoU=0.75      | area=   all | maxDets=100 ] = 0.049
 Average Precision  (AP) @[ IoU=0.50:0.95 | area= small | maxDets=100 ] = -1.000
 Average Precision  (AP) @[ IoU=0.50:0.95 | area=medium | maxDets=100 ] = 0.001
 Average Precision  (AP) @[ IoU=0.50:0.95 | area= large | maxDets=100 ] = 0.176
 Average Recall     (AR) @[ IoU=0.50:0.95 | area=   all | maxDets=  1 ] = 0.084
 Average Recall     (AR) @[ IoU=0.50:0.95 | area=   all | maxDets= 10 ] = 0.143
 Average Recall     (AR) @[ IoU=0.50:0.95 | area=   all | maxDets=100 ] = 0.144
 Average Recall     (AR) @[ IoU=0.50:0.95 | area= small | maxDets=100 ] = -1.000
 Average Recall     (AR) @[ IoU=0.50:0.95 | area=medium | maxDets=100 ] = 0.008
 Average Recall     (AR) @[ IoU=0.50:0.95 | area= large | maxDets=100 ] = 0.302
[I 2026-02-23 15:37:09,786] Trial 174 finished with value: 0.16006720441389036 and parameters: {'alpha': 4.625959074849214, 'std_bias': 3.2700968148053375, 'opening_size': 7, 'closing_size': 20, 'dilate_size': 5, 'remove_small_blobs': 188, 'area_min': 1549, 'area_max': 141973, 'aspect_ratio_min': 0.1350917248435224, 'aspect_ratio_max': 14.057379593707493, 'fill_ratio_min': 0.17156478062819255, 'n_frames': 2, 'temporal_threshold': 0.43461486629988905, 'merge_distance': 17}. Best is trial 172 with value: 0.3537450675064908.
creating index...
index created!
Loading and preparing results...
DONE (t=0.03s)
creating index...
index created!
Running per image evaluation...
Evaluate annotation type *bbox*
DONE (t=2.20s).
Accumulating evaluation results...
DONE (t=0.32s).
 Average Precision  (AP) @[ IoU=0.50:0.95 | area=   all | maxDets=100 ] = 0.154
 Average Precision  (AP) @[ IoU=0.50      | area=   all | maxDets=100 ] = 0.333
 Average Precision  (AP) @[ IoU=0.75      | area=   all | maxDets=100 ] = 0.132
 Average Precision  (AP) @[ IoU=0.50:0.95 | area= small | maxDets=100 ] = -1.000
 Average Precision  (AP) @[ IoU=0.50:0.95 | area=medium | maxDets=100 ] = 0.047
 Average Precision  (AP) @[ IoU=0.50:0.95 | area= large | maxDets=100 ] = 0.282
 Average Recall     (AR) @[ IoU=0.50:0.95 | area=   all | maxDets=  1 ] = 0.125
 Average Recall     (AR) @[ IoU=0.50:0.95 | area=   all | maxDets= 10 ] = 0.243
 Average Recall     (AR) @[ IoU=0.50:0.95 | area=   all | maxDets=100 ] = 0.243
 Average Recall     (AR) @[ IoU=0.50:0.95 | area= small | maxDets=100 ] = -1.000
 Average Recall     (AR) @[ IoU=0.50:0.95 | area=medium | maxDets=100 ] = 0.123
 Average Recall     (AR) @[ IoU=0.50:0.95 | area= large | maxDets=100 ] = 0.383
[I 2026-02-23 15:41:25,921] Trial 182 finished with value: 0.33263819372901976 and parameters: {'alpha': 4.265999165034678, 'std_bias': 3.8165748086031535, 'opening_size': 3, 'closing_size': 20, 'dilate_size': 5, 'remove_small_blobs': 303, 'area_min': 1596, 'area_max': 116654, 'aspect_ratio_min': 0.13463698129242938, 'aspect_ratio_max': 13.056219823213686, 'fill_ratio_min': 0.22486229938593025, 'n_frames': 2, 'temporal_threshold': 0.32277238476463754, 'merge_distance': 17}. Best is trial 172 with value: 0.3537450675064908.
creating index...
index created!
Loading and preparing results...
DONE (t=0.02s)
creating index...
index created!
Running per image evaluation...
Evaluate annotation type *bbox*
DONE (t=1.93s).
Accumulating evaluation results...
DONE (t=0.48s).
 Average Precision  (AP) @[ IoU=0.50:0.95 | area=   all | maxDets=100 ] = 0.187
 Average Precision  (AP) @[ IoU=0.50      | area=   all | maxDets=100 ] = 0.332
 Average Precision  (AP) @[ IoU=0.75      | area=   all | maxDets=100 ] = 0.189
 Average Precision  (AP) @[ IoU=0.50:0.95 | area= small | maxDets=100 ] = -1.000
 Average Precision  (AP) @[ IoU=0.50:0.95 | area=medium | maxDets=100 ] = 0.027
 Average Precision  (AP) @[ IoU=0.50:0.95 | area= large | maxDets=100 ] = 0.385
 Average Recall     (AR) @[ IoU=0.50:0.95 | area=   all | maxDets=  1 ] = 0.144
 Average Recall     (AR) @[ IoU=0.50:0.95 | area=   all | maxDets= 10 ] = 0.258
 Average Recall     (AR) @[ IoU=0.50:0.95 | area=   all | maxDets=100 ] = 0.258
 Average Recall     (AR) @[ IoU=0.50:0.95 | area= small | maxDets=100 ] = -1.000
 Average Recall     (AR) @[ IoU=0.50:0.95 | area=medium | maxDets=100 ] = 0.064
 Average Recall     (AR) @[ IoU=0.50:0.95 | area= large | maxDets=100 ] = 0.482
[I 2026-02-23 15:45:35,004] Trial 190 finished with value: 0.3319905865015692 and parameters: {'alpha': 4.918099852140899, 'std_bias': 3.7165529449284787, 'opening_size': 3, 'closing_size': 20, 'dilate_size': 5, 'remove_small_blobs': 231, 'area_min': 1525, 'area_max': 114034, 'aspect_ratio_min': 0.13095399127970297, 'aspect_ratio_max': 14.98905010640739, 'fill_ratio_min': 0.20574608697076824, 'n_frames': 2, 'temporal_threshold': 0.49439585364829997, 'merge_distance': 18}. Best is trial 172 with value: 0.3537450675064908.Best trial: 172. Best value: 0.353745:  96%|█████████▌| 24/25 [1:48:58<04:24, 264.14s/it]Best trial: 172. Best value: 0.353745:  96%|█████████▌| 24/25 [1:48:58<04:24, 264.14s/it]Best trial: 172. Best value: 0.353745: 100%|██████████| 25/25 [1:48:58<00:00, 259.63s/it]Best trial: 172. Best value: 0.353745: 100%|██████████| 25/25 [1:48:58<00:00, 261.53s/it]


================================================================================
OPTIMIZATION COMPLETE
================================================================================

Best AP50: 0.3537

Best hyperparameters:
  alpha: 4.049088355666574
  std_bias: 3.7680655357242996
  opening_size: 3
  closing_size: 20
  dilate_size: 5
  remove_small_blobs: 288
  area_min: 1540
  area_max: 143124
  aspect_ratio_min: 0.13507964293428992
  aspect_ratio_max: 13.066208281183668
  fill_ratio_min: 0.21296140430694807
  n_frames: 2
  temporal_threshold: 0.4929262041892487
  merge_distance: 16

Total trials completed: 197
Results saved to: optuna_still_with_temporal.db

To visualize results, use optuna-dashboard:
  optuna-dashboard sqlite:///optuna_still_with_temporal.db
