[I 2026-02-23 14:43:22,728] Trial 77 finished with value: 0.15409373290493303 and parameters: {'alpha': 5.783146626185297, 'std_bias': 3.7459213336194845, 'opening_size': 7, 'closing_size': 20, 'dilate_size': 9, 'remove_small_blobs': 638, 'area_min': 1047, 'area_max': 96810, 'aspect_ratio_min': 0.2206826414504059, 'aspect_ratio_max': 10.475952243798266, 'fill_ratio_min': 0.29799049835404096, 'n_frames': 2, 'temporal_threshold': 0.5701602566426802, 'merge_distance': 42}. Best is trial 38 with value: 0.32117286645295584.Best trial: 38. Best value: 0.321173:  36%|███▌      | 9/25 [46:40<1:18:48, 295.53s/it]Best trial: 38. Best value: 0.321173:  36%|███▌      | 9/25 [46:40<1:18:48, 295.53s/it]Best trial: 38. Best value: 0.321173:  40%|████      | 10/25 [46:40<1:08:56, 275.75s/it]                                                                                        Best trial: 38. Best value: 0.321173:  40%|████      | 10/25 [51:15<1:08:56, 275.75s/it]Best trial: 79. Best value: 0.327677:  40%|████      | 10/25 [51:15<1:08:56, 275.75s/it]Best trial: 79. Best value: 0.327677:  44%|████▍     | 11/25 [51:15<1:04:13, 275.28s/it]                                                                                        Best trial: 79. Best value: 0.327677:  44%|████▍     | 11/25 [55:29<1:04:13, 275.28s/it]Best trial: 79. Best value: 0.327677:  44%|████▍     | 11/25 [55:29<1:04:13, 275.28s/it]Best trial: 79. Best value: 0.327677:  48%|████▊     | 12/25 [55:29<58:14, 268.77s/it]                                                                                        Best trial: 79. Best value: 0.327677:  48%|████▊     | 12/25 [59:36<58:14, 268.77s/it]Best trial: 101. Best value: 0.351274:  48%|████▊     | 12/25 [59:36<58:14, 268.77s/it]Best trial: 101. Best value: 0.351274:  52%|█████▏    | 13/25 [59:36<52:27, 262.26s/it]                                                                                       Best trial: 101. Best value: 0.351274:  52%|█████▏    | 13/25 [1:03:41<52:27, 262.26s/it]Best trial: 101. Best value: 0.351274:  52%|█████▏    | 13/25 [1:03:41<52:27, 262.26s/it]Best trial: 101. Best value: 0.351274:  56%|█████▌    | 14/25 [1:03:42<47:09, 257.26s/it]                                                                                         
creating index...
index created!
Loading and preparing results...
DONE (t=0.03s)
creating index...
index created!
Running per image evaluation...
Evaluate annotation type *bbox*
DONE (t=2.48s).
Accumulating evaluation results...
DONE (t=0.34s).
 Average Precision  (AP) @[ IoU=0.50:0.95 | area=   all | maxDets=100 ] = 0.107
 Average Precision  (AP) @[ IoU=0.50      | area=   all | maxDets=100 ] = 0.227
 Average Precision  (AP) @[ IoU=0.75      | area=   all | maxDets=100 ] = 0.092
 Average Precision  (AP) @[ IoU=0.50:0.95 | area= small | maxDets=100 ] = -1.000
 Average Precision  (AP) @[ IoU=0.50:0.95 | area=medium | maxDets=100 ] = 0.009
 Average Precision  (AP) @[ IoU=0.50:0.95 | area= large | maxDets=100 ] = 0.280
 Average Recall     (AR) @[ IoU=0.50:0.95 | area=   all | maxDets=  1 ] = 0.080
 Average Recall     (AR) @[ IoU=0.50:0.95 | area=   all | maxDets= 10 ] = 0.206
 Average Recall     (AR) @[ IoU=0.50:0.95 | area=   all | maxDets=100 ] = 0.207
 Average Recall     (AR) @[ IoU=0.50:0.95 | area= small | maxDets=100 ] = -1.000
 Average Recall     (AR) @[ IoU=0.50:0.95 | area=medium | maxDets=100 ] = 0.064
 Average Recall     (AR) @[ IoU=0.50:0.95 | area= large | maxDets=100 ] = 0.372
[I 2026-02-23 14:47:56,947] Trial 85 finished with value: 0.22682527556063767 and parameters: {'alpha': 5.088249556334932, 'std_bias': 2.1107525008912233, 'opening_size': 3, 'closing_size': 11, 'dilate_size': 9, 'remove_small_blobs': 488, 'area_min': 855, 'area_max': 112828, 'aspect_ratio_min': 0.23076315038814774, 'aspect_ratio_max': 5.531071493159677, 'fill_ratio_min': 0.28997469546711546, 'n_frames': 2, 'temporal_threshold': 0.5080984436632396, 'merge_distance': 39}. Best is trial 79 with value: 0.3276770672641034.
creating index...
index created!
Loading and preparing results...
DONE (t=0.02s)
creating index...
index created!
Running per image evaluation...
Evaluate annotation type *bbox*
DONE (t=2.02s).
Accumulating evaluation results...
DONE (t=0.47s).
 Average Precision  (AP) @[ IoU=0.50:0.95 | area=   all | maxDets=100 ] = 0.172
 Average Precision  (AP) @[ IoU=0.50      | area=   all | maxDets=100 ] = 0.320
 Average Precision  (AP) @[ IoU=0.75      | area=   all | maxDets=100 ] = 0.166
 Average Precision  (AP) @[ IoU=0.50:0.95 | area= small | maxDets=100 ] = -1.000
 Average Precision  (AP) @[ IoU=0.50:0.95 | area=medium | maxDets=100 ] = 0.024
 Average Precision  (AP) @[ IoU=0.50:0.95 | area= large | maxDets=100 ] = 0.355
 Average Recall     (AR) @[ IoU=0.50:0.95 | area=   all | maxDets=  1 ] = 0.139
 Average Recall     (AR) @[ IoU=0.50:0.95 | area=   all | maxDets= 10 ] = 0.240
 Average Recall     (AR) @[ IoU=0.50:0.95 | area=   all | maxDets=100 ] = 0.240
 Average Recall     (AR) @[ IoU=0.50:0.95 | area= small | maxDets=100 ] = -1.000
 Average Recall     (AR) @[ IoU=0.50:0.95 | area=medium | maxDets=100 ] = 0.059
 Average Recall     (AR) @[ IoU=0.50:0.95 | area= large | maxDets=100 ] = 0.451
[I 2026-02-23 14:52:10,829] Trial 94 finished with value: 0.3195674347556568 and parameters: {'alpha': 5.308006618112859, 'std_bias': 3.152750135812899, 'opening_size': 3, 'closing_size': 20, 'dilate_size': 9, 'remove_small_blobs': 553, 'area_min': 1809, 'area_max': 103742, 'aspect_ratio_min': 0.24347940410275604, 'aspect_ratio_max': 9.885220623550653, 'fill_ratio_min': 0.2757814780968559, 'n_frames': 2, 'temporal_threshold': 0.5333362641494803, 'merge_distance': 26}. Best is trial 79 with value: 0.3276770672641034.
creating index...
index created!
Loading and preparing results...
DONE (t=0.02s)
creating index...
index created!
Running per image evaluation...
Evaluate annotation type *bbox*
DONE (t=1.93s).
Accumulating evaluation results...
DONE (t=0.49s).
 Average Precision  (AP) @[ IoU=0.50:0.95 | area=   all | maxDets=100 ] = 0.178
 Average Precision  (AP) @[ IoU=0.50      | area=   all | maxDets=100 ] = 0.313
 Average Precision  (AP) @[ IoU=0.75      | area=   all | maxDets=100 ] = 0.181
 Average Precision  (AP) @[ IoU=0.50:0.95 | area= small | maxDets=100 ] = -1.000
 Average Precision  (AP) @[ IoU=0.50:0.95 | area=medium | maxDets=100 ] = 0.015
 Average Precision  (AP) @[ IoU=0.50:0.95 | area= large | maxDets=100 ] = 0.387
 Average Recall     (AR) @[ IoU=0.50:0.95 | area=   all | maxDets=  1 ] = 0.145
 Average Recall     (AR) @[ IoU=0.50:0.95 | area=   all | maxDets= 10 ] = 0.245
 Average Recall     (AR) @[ IoU=0.50:0.95 | area=   all | maxDets=100 ] = 0.245
 Average Recall     (AR) @[ IoU=0.50:0.95 | area= small | maxDets=100 ] = -1.000
 Average Recall     (AR) @[ IoU=0.50:0.95 | area=medium | maxDets=100 ] = 0.042
 Average Recall     (AR) @[ IoU=0.50:0.95 | area= large | maxDets=100 ] = 0.481
[I 2026-02-23 14:56:18,083] Trial 103 finished with value: 0.31276976074290486 and parameters: {'alpha': 5.572034227505667, 'std_bias': 3.42398683076889, 'opening_size': 3, 'closing_size': 20, 'dilate_size': 9, 'remove_small_blobs': 560, 'area_min': 1966, 'area_max': 105091, 'aspect_ratio_min': 0.14389914065506354, 'aspect_ratio_max': 8.981735367023516, 'fill_ratio_min': 0.26450569462212264, 'n_frames': 2, 'temporal_threshold': 0.4640144715126101, 'merge_distance': 10}. Best is trial 101 with value: 0.35127376327781606.
creating index...
index created!
Loading and preparing results...
DONE (t=0.02s)
creating index...
index created!
Running per image evaluation...
Evaluate annotation type *bbox*
DONE (t=1.84s).
Accumulating evaluation results...
DONE (t=0.42s).
 Average Precision  (AP) @[ IoU=0.50:0.95 | area=   all | maxDets=100 ] = 0.177
 Average Precision  (AP) @[ IoU=0.50      | area=   all | maxDets=100 ] = 0.305
 Average Precision  (AP) @[ IoU=0.75      | area=   all | maxDets=100 ] = 0.186
 Average Precision  (AP) @[ IoU=0.50:0.95 | area= small | maxDets=100 ] = -1.000
 Average Precision  (AP) @[ IoU=0.50:0.95 | area=medium | maxDets=100 ] = 0.008
 Average Precision  (AP) @[ IoU=0.50:0.95 | area= large | maxDets=100 ] = 0.400
 Average Recall     (AR) @[ IoU=0.50:0.95 | area=   all | maxDets=  1 ] = 0.145
 Average Recall     (AR) @[ IoU=0.50:0.95 | area=   all | maxDets= 10 ] = 0.241
 Average Recall     (AR) @[ IoU=0.50:0.95 | area=   all | maxDets=100 ] = 0.241
 Average Recall     (AR) @[ IoU=0.50:0.95 | area= small | maxDets=100 ] = -1.000
 Average Recall     (AR) @[ IoU=0.50:0.95 | area=medium | maxDets=100 ] = 0.025
 Average Recall     (AR) @[ IoU=0.50:0.95 | area= large | maxDets=100 ] = 0.491
[I 2026-02-23 15:00:23,814] Trial 111 finished with value: 0.30457617886947047 and parameters: {'alpha': 5.6052520119666855, 'std_bias': 3.4142126731047373, 'opening_size': 3, 'closing_size': 20, 'dilate_size': 7, 'remove_small_blobs': 506, 'area_min': 1999, 'area_max': 144492, 'aspect_ratio_min': 0.13333878712781463, 'aspect_ratio_max': 9.002788785993262, 'fill_ratio_min': 0.2624019386930799, 'n_frames': 2, 'temporal_threshold': 0.4470523684205476, 'merge_distance': 10}. Best is trial 101 with value: 0.35127376327781606.
creating index...
index created!
Loading and preparing results...
DONE (t=0.01s)
creating index...
index created!
Running per image evaluation...
Evaluate annotation type *bbox*
DONE (t=1.80s).
Accumulating evaluation results...
DONE (t=0.43s).
 Average Precision  (AP) @[ IoU=0.50:0.95 | area=   all | maxDets=100 ] = 0.171
 Average Precision  (AP) @[ IoU=0.50      | area=   all | maxDets=100 ] = 0.292
 Average Precision  (AP) @[ IoU=0.75      | area=   all | maxDets=100 ] = 0.182
 Average Precision  (AP) @[ IoU=0.50:0.95 | area= small | maxDets=100 ] = -1.000
 Average Precision  (AP) @[ IoU=0.50:0.95 | area=medium | maxDets=100 ] = 0.006
 Average Precision  (AP) @[ IoU=0.50:0.95 | area= large | maxDets=100 ] = 0.405
 Average Recall     (AR) @[ IoU=0.50:0.95 | area=   all | maxDets=  1 ] = 0.142
 Average Recall     (AR) @[ IoU=0.50:0.95 | area=   all | maxDets= 10 ] = 0.241
 Average Recall     (AR) @[ IoU=0.50:0.95 | area=   all | maxDets=100 ] = 0.241
 Average Recall     (AR) @[ IoU=0.50:0.95 | area= small | maxDets=100 ] = -1.000
 Average Recall     (AR) @[ IoU=0.50:0.95 | area=medium | maxDets=100 ] = 0.026
 Average Recall     (AR) @[ IoU=0.50:0.95 | area= large | maxDets=100 ] = 0.491
[I 2026-02-23 15:04:18,431] Trial 118 finished with value: 0.2920376418308729 and parameters: {'alpha': 5.99322423934511, 'std_bias': 3.2170639114843125, 'opening_size': 3, 'closing_size': 20, 'dilate_size': 7, 'remove_small_blobs': 570, 'area_min': 1424, 'area_max': 118343, 'aspect_ratio_min': 0.11758132095331876, 'aspect_ratio_max': 8.245784326338084, 'fill_ratio_min': 0.24266978368969205, 'n_frames': 2, 'temporal_threshold': 0.43890789444746114, 'merge_distance': 12}. Best is trial 101 with value: 0.35127376327781606.Best trial: 101. Best value: 0.351274:  56%|█████▌    | 14/25 [1:07:36<47:09, 257.26s/it]Best trial: 101. Best value: 0.351274:  56%|█████▌    | 14/25 [1:07:36<47:09, 257.26s/it]Best trial: 101. Best value: 0.351274:  60%|██████    | 15/25 [1:07:36<41:44, 250.43s/it]                                                                                         Best trial: 101. Best value: 0.351274:  60%|██████    | 15/25 [1:12:13<41:44, 250.43s/it]Best trial: 101. Best value: 0.351274:  60%|██████    | 15/25 [1:12:13<41:44, 250.43s/it]Best trial: 101. Best value: 0.351274:  64%|██████▍   | 16/25 [1:12:13<38:45, 258.35s/it]                                                                                         Best trial: 101. Best value: 0.351274:  64%|██████▍   | 16/25 [1:17:29<38:45, 258.35s/it]Best trial: 101. Best value: 0.351274:  64%|██████▍   | 16/25 [1:17:29<38:45, 258.35s/it]Best trial: 101. Best value: 0.351274:  68%|██████▊   | 17/25 [1:17:29<36:45, 275.66s/it]                                                                                         Best trial: 101. Best value: 0.351274:  68%|██████▊   | 17/25 [1:22:47<36:45, 275.66s/it]Best trial: 101. Best value: 0.351274:  68%|██████▊   | 17/25 [1:22:47<36:45, 275.66s/it]Best trial: 101. Best value: 0.351274:  72%|███████▏  | 18/25 [1:22:47<33:38, 288.37s/it]                                                                                         Best trial: 101. Best value: 0.351274:  72%|███████▏  | 18/25 [1:27:10<33:38, 288.37s/it]Best trial: 101. Best value: 0.351274:  72%|███████▏  | 18/25 [1:27:10<33:38, 288.37s/it]Best trial: 101. Best value: 0.351274:  76%|███████▌  | 19/25 [1:27:10<28:04, 280.75s/it]                                                                                         
creating index...
index created!
Loading and preparing results...
DONE (t=0.01s)
creating index...
index created!
Running per image evaluation...
Evaluate annotation type *bbox*
DONE (t=2.02s).
Accumulating evaluation results...
DONE (t=0.53s).
 Average Precision  (AP) @[ IoU=0.50:0.95 | area=   all | maxDets=100 ] = 0.167
 Average Precision  (AP) @[ IoU=0.50      | area=   all | maxDets=100 ] = 0.300
 Average Precision  (AP) @[ IoU=0.75      | area=   all | maxDets=100 ] = 0.169
 Average Precision  (AP) @[ IoU=0.50:0.95 | area= small | maxDets=100 ] = -1.000
 Average Precision  (AP) @[ IoU=0.50:0.95 | area=medium | maxDets=100 ] = 0.020
 Average Precision  (AP) @[ IoU=0.50:0.95 | area= large | maxDets=100 ] = 0.345
 Average Recall     (AR) @[ IoU=0.50:0.95 | area=   all | maxDets=  1 ] = 0.140
 Average Recall     (AR) @[ IoU=0.50:0.95 | area=   all | maxDets= 10 ] = 0.233
 Average Recall     (AR) @[ IoU=0.50:0.95 | area=   all | maxDets=100 ] = 0.233
 Average Recall     (AR) @[ IoU=0.50:0.95 | area= small | maxDets=100 ] = -1.000
 Average Recall     (AR) @[ IoU=0.50:0.95 | area=medium | maxDets=100 ] = 0.050
 Average Recall     (AR) @[ IoU=0.50:0.95 | area= large | maxDets=100 ] = 0.445
[I 2026-02-23 15:08:55,149] Trial 125 finished with value: 0.3001346944264356 and parameters: {'alpha': 4.565434943050478, 'std_bias': 3.0362337145112397, 'opening_size': 3, 'closing_size': 13, 'dilate_size': 5, 'remove_small_blobs': 204, 'area_min': 1930, 'area_max': 139681, 'aspect_ratio_min': 0.12289490807266276, 'aspect_ratio_max': 9.573781986038876, 'fill_ratio_min': 0.24953510815496086, 'n_frames': 2, 'temporal_threshold': 0.452265453979902, 'merge_distance': 14}. Best is trial 101 with value: 0.35127376327781606.
creating index...
index created!
Loading and preparing results...
DONE (t=0.03s)
creating index...
index created!
Running per image evaluation...
Evaluate annotation type *bbox*
DONE (t=2.85s).
Accumulating evaluation results...
DONE (t=0.39s).
 Average Precision  (AP) @[ IoU=0.50:0.95 | area=   all | maxDets=100 ] = 0.141
 Average Precision  (AP) @[ IoU=0.50      | area=   all | maxDets=100 ] = 0.308
 Average Precision  (AP) @[ IoU=0.75      | area=   all | maxDets=100 ] = 0.115
 Average Precision  (AP) @[ IoU=0.50:0.95 | area= small | maxDets=100 ] = -1.000
 Average Precision  (AP) @[ IoU=0.50:0.95 | area=medium | maxDets=100 ] = 0.054
 Average Precision  (AP) @[ IoU=0.50:0.95 | area= large | maxDets=100 ] = 0.250
 Average Recall     (AR) @[ IoU=0.50:0.95 | area=   all | maxDets=  1 ] = 0.113
 Average Recall     (AR) @[ IoU=0.50:0.95 | area=   all | maxDets= 10 ] = 0.268
 Average Recall     (AR) @[ IoU=0.50:0.95 | area=   all | maxDets=100 ] = 0.268
 Average Recall     (AR) @[ IoU=0.50:0.95 | area= small | maxDets=100 ] = -1.000
 Average Recall     (AR) @[ IoU=0.50:0.95 | area=medium | maxDets=100 ] = 0.185
 Average Recall     (AR) @[ IoU=0.50:0.95 | area= large | maxDets=100 ] = 0.364
[I 2026-02-23 15:14:11,073] Trial 133 finished with value: 0.30840380337578677 and parameters: {'alpha': 4.1057497529119855, 'std_bias': 2.9956206542226056, 'opening_size': 3, 'closing_size': 20, 'dilate_size': 9, 'remove_small_blobs': 179, 'area_min': 1358, 'area_max': 130589, 'aspect_ratio_min': 0.11296240733839012, 'aspect_ratio_max': 7.81006736772732, 'fill_ratio_min': 0.22180008735868115, 'n_frames': 2, 'temporal_threshold': 0.42381828494948626, 'merge_distance': 16}. Best is trial 101 with value: 0.35127376327781606.
creating index...
index created!
Loading and preparing results...
DONE (t=0.02s)
creating index...
index created!
Running per image evaluation...
Evaluate annotation type *bbox*
DONE (t=2.38s).
Accumulating evaluation results...
DONE (t=0.36s).
 Average Precision  (AP) @[ IoU=0.50:0.95 | area=   all | maxDets=100 ] = 0.152
 Average Precision  (AP) @[ IoU=0.50      | area=   all | maxDets=100 ] = 0.323
 Average Precision  (AP) @[ IoU=0.75      | area=   all | maxDets=100 ] = 0.124
 Average Precision  (AP) @[ IoU=0.50:0.95 | area= small | maxDets=100 ] = -1.000
 Average Precision  (AP) @[ IoU=0.50:0.95 | area=medium | maxDets=100 ] = 0.061
 Average Precision  (AP) @[ IoU=0.50:0.95 | area= large | maxDets=100 ] = 0.257
 Average Recall     (AR) @[ IoU=0.50:0.95 | area=   all | maxDets=  1 ] = 0.121
 Average Recall     (AR) @[ IoU=0.50:0.95 | area=   all | maxDets= 10 ] = 0.267
 Average Recall     (AR) @[ IoU=0.50:0.95 | area=   all | maxDets=100 ] = 0.267
 Average Recall     (AR) @[ IoU=0.50:0.95 | area= small | maxDets=100 ] = -1.000
 Average Recall     (AR) @[ IoU=0.50:0.95 | area=medium | maxDets=100 ] = 0.175
 Average Recall     (AR) @[ IoU=0.50:0.95 | area= large | maxDets=100 ] = 0.374
[I 2026-02-23 15:19:29,015] Trial 141 finished with value: 0.32264615511939687 and parameters: {'alpha': 3.925785249508986, 'std_bias': 2.878137647897012, 'opening_size': 3, 'closing_size': 20, 'dilate_size': 5, 'remove_small_blobs': 105, 'area_min': 1450, 'area_max': 134172, 'aspect_ratio_min': 0.1378921026287794, 'aspect_ratio_max': 9.292803950211283, 'fill_ratio_min': 0.23789590106967815, 'n_frames': 2, 'temporal_threshold': 0.405564285863406, 'merge_distance': 11}. Best is trial 101 with value: 0.35127376327781606.
creating index...
index created!
Loading and preparing results...
DONE (t=0.01s)
creating index...
index created!
Running per image evaluation...
Evaluate annotation type *bbox*
DONE (t=2.41s).
Accumulating evaluation results...
DONE (t=0.35s).
 Average Precision  (AP) @[ IoU=0.50:0.95 | area=   all | maxDets=100 ] = 0.130
 Average Precision  (AP) @[ IoU=0.50      | area=   all | maxDets=100 ] = 0.253
 Average Precision  (AP) @[ IoU=0.75      | area=   all | maxDets=100 ] = 0.107
 Average Precision  (AP) @[ IoU=0.50:0.95 | area= small | maxDets=100 ] = -1.000
 Average Precision  (AP) @[ IoU=0.50:0.95 | area=medium | maxDets=100 ] = 0.003
 Average Precision  (AP) @[ IoU=0.50:0.95 | area= large | maxDets=100 ] = 0.317
 Average Recall     (AR) @[ IoU=0.50:0.95 | area=   all | maxDets=  1 ] = 0.127
 Average Recall     (AR) @[ IoU=0.50:0.95 | area=   all | maxDets= 10 ] = 0.201
 Average Recall     (AR) @[ IoU=0.50:0.95 | area=   all | maxDets=100 ] = 0.201
 Average Recall     (AR) @[ IoU=0.50:0.95 | area= small | maxDets=100 ] = -1.000
 Average Recall     (AR) @[ IoU=0.50:0.95 | area=medium | maxDets=100 ] = 0.019
 Average Recall     (AR) @[ IoU=0.50:0.95 | area= large | maxDets=100 ] = 0.412
[I 2026-02-23 15:23:52,019] Trial 150 finished with value: 0.2532968483877375 and parameters: {'alpha': 4.725891372021236, 'std_bias': 3.1084724811505513, 'opening_size': 5, 'closing_size': 20, 'dilate_size': 5, 'remove_small_blobs': 132, 'area_min': 1244, 'area_max': 122219, 'aspect_ratio_min': 0.1445515189968724, 'aspect_ratio_max': 8.371865418202407, 'fill_ratio_min': 0.2575115488322019, 'n_frames': 2, 'temporal_threshold': 0.39364875072433864, 'merge_distance': 13}. Best is trial 101 with value: 0.35127376327781606.
creating index...
index created!
Loading and preparing results...
DONE (t=0.17s)
creating index...
index created!
Running per image evaluation...
Evaluate annotation type *bbox*
DONE (t=2.11s).
Accumulating evaluation results...
DONE (t=0.37s).
 Average Precision  (AP) @[ IoU=0.50:0.95 | area=   all | maxDets=100 ] = 0.177
 Average Precision  (AP) @[ IoU=0.50      | area=   all | maxDets=100 ] = 0.349
 Average Precision  (AP) @[ IoU=0.75      | area=   all | maxDets=100 ] = 0.163
 Average Precision  (AP) @[ IoU=0.50:0.95 | area= small | maxDets=100 ] = -1.000
 Average Precision  (AP) @[ IoU=0.50:0.95 | area=medium | maxDets=100 ] = 0.045
 Average Precision  (AP) @[ IoU=0.50:0.95 | area= large | maxDets=100 ] = 0.335
 Average Recall     (AR) @[ IoU=0.50:0.95 | area=   all | maxDets=  1 ] = 0.136
 Average Recall     (AR) @[ IoU=0.50:0.95 | area=   all | maxDets= 10 ] = 0.265
 Average Recall     (AR) @[ IoU=0.50:0.95 | area=   all | maxDets=100 ] = 0.265
 Average Recall     (AR) @[ IoU=0.50:0.95 | area= small | maxDets=100 ] = -1.000
 Average Recall     (AR) @[ IoU=0.50:0.95 | area=medium | maxDets=100 ] = 0.113
 Average Recall     (AR) @[ IoU=0.50:0.95 | area= large | maxDets=100 ] = 0.440
