[I 2026-02-23 13:30:08,475] Trial 148 finished with value: 0.30928282248025774 and parameters: {'alpha': 3.108168261218068, 'std_bias': 4.617781580976429, 'opening_size': 5, 'closing_size': 7, 'dilate_size': 9, 'remove_small_blobs': 508, 'area_min': 1580, 'area_max': 118997, 'aspect_ratio_min': 0.2366219130122782, 'aspect_ratio_max': 4.385989726164436, 'fill_ratio_min': 0.24231697396606222, 'merge_distance': 17}. Best is trial 106 with value: 0.34930707775950676.Best trial: 106. Best value: 0.349307:  76%|███████▌  | 19/25 [1:17:46<24:27, 244.52s/it]Best trial: 106. Best value: 0.349307:  76%|███████▌  | 19/25 [1:17:46<24:27, 244.52s/it]Best trial: 106. Best value: 0.349307:  80%|████████  | 20/25 [1:17:46<20:13, 242.60s/it]                                                                                         Best trial: 106. Best value: 0.349307:  80%|████████  | 20/25 [1:22:09<20:13, 242.60s/it]Best trial: 106. Best value: 0.349307:  80%|████████  | 20/25 [1:22:09<20:13, 242.60s/it]Best trial: 106. Best value: 0.349307:  84%|████████▍ | 21/25 [1:22:09<16:35, 248.96s/it]                                                                                         Best trial: 106. Best value: 0.349307:  84%|████████▍ | 21/25 [1:26:07<16:35, 248.96s/it]Best trial: 106. Best value: 0.349307:  84%|████████▍ | 21/25 [1:26:07<16:35, 248.96s/it]Best trial: 106. Best value: 0.349307:  88%|████████▊ | 22/25 [1:26:07<12:16, 245.51s/it]                                                                                         Best trial: 106. Best value: 0.349307:  88%|████████▊ | 22/25 [1:29:52<12:16, 245.51s/it]Best trial: 106. Best value: 0.349307:  88%|████████▊ | 22/25 [1:29:52<12:16, 245.51s/it]Best trial: 106. Best value: 0.349307:  92%|█████████▏| 23/25 [1:29:52<07:58, 239.43s/it]                                                                                         Best trial: 106. Best value: 0.349307:  92%|█████████▏| 23/25 [1:33:40<07:58, 239.43s/it]Best trial: 106. Best value: 0.349307:  92%|█████████▏| 23/25 [1:33:40<07:58, 239.43s/it]Best trial: 106. Best value: 0.349307:  96%|█████████▌| 24/25 [1:33:40<03:55, 235.88s/it]                                                                                         
creating index...
index created!
Loading and preparing results...
DONE (t=0.02s)
creating index...
index created!
Running per image evaluation...
Evaluate annotation type *bbox*
DONE (t=3.06s).
Accumulating evaluation results...
DONE (t=0.47s).
 Average Precision  (AP) @[ IoU=0.50:0.95 | area=   all | maxDets=100 ] = 0.084
 Average Precision  (AP) @[ IoU=0.50      | area=   all | maxDets=100 ] = 0.210
 Average Precision  (AP) @[ IoU=0.75      | area=   all | maxDets=100 ] = 0.048
 Average Precision  (AP) @[ IoU=0.50:0.95 | area= small | maxDets=100 ] = -1.000
 Average Precision  (AP) @[ IoU=0.50:0.95 | area=medium | maxDets=100 ] = 0.064
 Average Precision  (AP) @[ IoU=0.50:0.95 | area= large | maxDets=100 ] = 0.113
 Average Recall     (AR) @[ IoU=0.50:0.95 | area=   all | maxDets=  1 ] = 0.080
 Average Recall     (AR) @[ IoU=0.50:0.95 | area=   all | maxDets= 10 ] = 0.229
 Average Recall     (AR) @[ IoU=0.50:0.95 | area=   all | maxDets=100 ] = 0.229
 Average Recall     (AR) @[ IoU=0.50:0.95 | area= small | maxDets=100 ] = -1.000
 Average Recall     (AR) @[ IoU=0.50:0.95 | area=medium | maxDets=100 ] = 0.235
 Average Recall     (AR) @[ IoU=0.50:0.95 | area= large | maxDets=100 ] = 0.222
[I 2026-02-23 13:34:32,257] Trial 156 finished with value: 0.2102332477067269 and parameters: {'alpha': 2.6257520455203123, 'std_bias': 4.703281065994242, 'opening_size': 3, 'closing_size': 20, 'dilate_size': 9, 'remove_small_blobs': 542, 'area_min': 1421, 'area_max': 106535, 'aspect_ratio_min': 0.2238548253340915, 'aspect_ratio_max': 5.143430218772829, 'fill_ratio_min': 0.18743187362976077, 'merge_distance': 30}. Best is trial 106 with value: 0.34930707775950676.
creating index...
index created!
Loading and preparing results...
DONE (t=0.01s)
creating index...
index created!
Running per image evaluation...
Evaluate annotation type *bbox*
DONE (t=2.53s).
Accumulating evaluation results...
DONE (t=0.35s).
 Average Precision  (AP) @[ IoU=0.50:0.95 | area=   all | maxDets=100 ] = 0.129
 Average Precision  (AP) @[ IoU=0.50      | area=   all | maxDets=100 ] = 0.322
 Average Precision  (AP) @[ IoU=0.75      | area=   all | maxDets=100 ] = 0.076
 Average Precision  (AP) @[ IoU=0.50:0.95 | area= small | maxDets=100 ] = -1.000
 Average Precision  (AP) @[ IoU=0.50:0.95 | area=medium | maxDets=100 ] = 0.058
 Average Precision  (AP) @[ IoU=0.50:0.95 | area= large | maxDets=100 ] = 0.209
 Average Recall     (AR) @[ IoU=0.50:0.95 | area=   all | maxDets=  1 ] = 0.125
 Average Recall     (AR) @[ IoU=0.50:0.95 | area=   all | maxDets= 10 ] = 0.220
 Average Recall     (AR) @[ IoU=0.50:0.95 | area=   all | maxDets=100 ] = 0.220
 Average Recall     (AR) @[ IoU=0.50:0.95 | area= small | maxDets=100 ] = -1.000
 Average Recall     (AR) @[ IoU=0.50:0.95 | area=medium | maxDets=100 ] = 0.159
 Average Recall     (AR) @[ IoU=0.50:0.95 | area= large | maxDets=100 ] = 0.291
[I 2026-02-23 13:38:29,708] Trial 164 finished with value: 0.3224044605482305 and parameters: {'alpha': 2.263477801851198, 'std_bias': 4.517581513542301, 'opening_size': 5, 'closing_size': 11, 'dilate_size': 7, 'remove_small_blobs': 681, 'area_min': 1630, 'area_max': 115943, 'aspect_ratio_min': 0.21544770600424196, 'aspect_ratio_max': 4.8379253151298185, 'fill_ratio_min': 0.23690684416347413, 'merge_distance': 33}. Best is trial 106 with value: 0.34930707775950676.
creating index...
index created!
Loading and preparing results...
DONE (t=0.02s)
creating index...
index created!
Running per image evaluation...
Evaluate annotation type *bbox*
DONE (t=1.90s).
Accumulating evaluation results...
DONE (t=0.33s).
 Average Precision  (AP) @[ IoU=0.50:0.95 | area=   all | maxDets=100 ] = 0.140
 Average Precision  (AP) @[ IoU=0.50      | area=   all | maxDets=100 ] = 0.303
 Average Precision  (AP) @[ IoU=0.75      | area=   all | maxDets=100 ] = 0.102
 Average Precision  (AP) @[ IoU=0.50:0.95 | area= small | maxDets=100 ] = -1.000
 Average Precision  (AP) @[ IoU=0.50:0.95 | area=medium | maxDets=100 ] = 0.024
 Average Precision  (AP) @[ IoU=0.50:0.95 | area= large | maxDets=100 ] = 0.275
 Average Recall     (AR) @[ IoU=0.50:0.95 | area=   all | maxDets=  1 ] = 0.125
 Average Recall     (AR) @[ IoU=0.50:0.95 | area=   all | maxDets= 10 ] = 0.195
 Average Recall     (AR) @[ IoU=0.50:0.95 | area=   all | maxDets=100 ] = 0.195
 Average Recall     (AR) @[ IoU=0.50:0.95 | area= small | maxDets=100 ] = -1.000
 Average Recall     (AR) @[ IoU=0.50:0.95 | area=medium | maxDets=100 ] = 0.056
 Average Recall     (AR) @[ IoU=0.50:0.95 | area= large | maxDets=100 ] = 0.357
[I 2026-02-23 13:42:14,966] Trial 172 finished with value: 0.3032182277946949 and parameters: {'alpha': 2.9312987790622187, 'std_bias': 4.428347547679912, 'opening_size': 5, 'closing_size': 15, 'dilate_size': 5, 'remove_small_blobs': 614, 'area_min': 1970, 'area_max': 112361, 'aspect_ratio_min': 0.2467465267096271, 'aspect_ratio_max': 4.21741395320465, 'fill_ratio_min': 0.10842784373045618, 'merge_distance': 29}. Best is trial 106 with value: 0.34930707775950676.
creating index...
index created!
Loading and preparing results...
DONE (t=0.02s)
creating index...
index created!
Running per image evaluation...
Evaluate annotation type *bbox*
DONE (t=2.20s).
Accumulating evaluation results...
DONE (t=0.36s).
 Average Precision  (AP) @[ IoU=0.50:0.95 | area=   all | maxDets=100 ] = 0.158
 Average Precision  (AP) @[ IoU=0.50      | area=   all | maxDets=100 ] = 0.349
 Average Precision  (AP) @[ IoU=0.75      | area=   all | maxDets=100 ] = 0.117
 Average Precision  (AP) @[ IoU=0.50:0.95 | area= small | maxDets=100 ] = -1.000
 Average Precision  (AP) @[ IoU=0.50:0.95 | area=medium | maxDets=100 ] = 0.039
 Average Precision  (AP) @[ IoU=0.50:0.95 | area= large | maxDets=100 ] = 0.294
 Average Recall     (AR) @[ IoU=0.50:0.95 | area=   all | maxDets=  1 ] = 0.127
 Average Recall     (AR) @[ IoU=0.50:0.95 | area=   all | maxDets= 10 ] = 0.228
 Average Recall     (AR) @[ IoU=0.50:0.95 | area=   all | maxDets=100 ] = 0.228
 Average Recall     (AR) @[ IoU=0.50:0.95 | area= small | maxDets=100 ] = -1.000
 Average Recall     (AR) @[ IoU=0.50:0.95 | area=medium | maxDets=100 ] = 0.100
 Average Recall     (AR) @[ IoU=0.50:0.95 | area= large | maxDets=100 ] = 0.376
[I 2026-02-23 13:46:02,557] Trial 179 finished with value: 0.3489245966536522 and parameters: {'alpha': 2.922502210708124, 'std_bias': 4.8641018287755715, 'opening_size': 5, 'closing_size': 15, 'dilate_size': 7, 'remove_small_blobs': 581, 'area_min': 1556, 'area_max': 113761, 'aspect_ratio_min': 0.23975727548218628, 'aspect_ratio_max': 4.4885062969083105, 'fill_ratio_min': 0.2398017266277118, 'merge_distance': 25}. Best is trial 106 with value: 0.34930707775950676.
creating index...
index created!
Loading and preparing results...
DONE (t=0.03s)
creating index...
index created!
Running per image evaluation...
Evaluate annotation type *bbox*
DONE (t=2.29s).
Accumulating evaluation results...
DONE (t=0.33s).
 Average Precision  (AP) @[ IoU=0.50:0.95 | area=   all | maxDets=100 ] = 0.157
 Average Precision  (AP) @[ IoU=0.50      | area=   all | maxDets=100 ] = 0.343
 Average Precision  (AP) @[ IoU=0.75      | area=   all | maxDets=100 ] = 0.120
 Average Precision  (AP) @[ IoU=0.50:0.95 | area= small | maxDets=100 ] = -1.000
 Average Precision  (AP) @[ IoU=0.50:0.95 | area=medium | maxDets=100 ] = 0.037
 Average Precision  (AP) @[ IoU=0.50:0.95 | area= large | maxDets=100 ] = 0.296
 Average Recall     (AR) @[ IoU=0.50:0.95 | area=   all | maxDets=  1 ] = 0.125
 Average Recall     (AR) @[ IoU=0.50:0.95 | area=   all | maxDets= 10 ] = 0.226
 Average Recall     (AR) @[ IoU=0.50:0.95 | area=   all | maxDets=100 ] = 0.226
 Average Recall     (AR) @[ IoU=0.50:0.95 | area= small | maxDets=100 ] = -1.000
 Average Recall     (AR) @[ IoU=0.50:0.95 | area=medium | maxDets=100 ] = 0.096
 Average Recall     (AR) @[ IoU=0.50:0.95 | area= large | maxDets=100 ] = 0.376
[I 2026-02-23 13:49:51,043] Trial 185 finished with value: 0.3432943247934792 and parameters: {'alpha': 2.9610394959301476, 'std_bias': 4.8787510809117896, 'opening_size': 5, 'closing_size': 15, 'dilate_size': 7, 'remove_small_blobs': 571, 'area_min': 1535, 'area_max': 108269, 'aspect_ratio_min': 0.24578791133116182, 'aspect_ratio_max': 4.59099488930446, 'fill_ratio_min': 0.24200317737342802, 'merge_distance': 27}. Best is trial 106 with value: 0.34930707775950676.Best trial: 106. Best value: 0.349307:  96%|█████████▌| 24/25 [1:37:28<03:55, 235.88s/it]Best trial: 106. Best value: 0.349307:  96%|█████████▌| 24/25 [1:37:28<03:55, 235.88s/it]Best trial: 106. Best value: 0.349307: 100%|██████████| 25/25 [1:37:28<00:00, 233.66s/it]Best trial: 106. Best value: 0.349307: 100%|██████████| 25/25 [1:37:28<00:00, 233.95s/it]


================================================================================
OPTIMIZATION COMPLETE
================================================================================

Best AP50: 0.3493

Best hyperparameters:
  alpha: 2.840026271930218
  std_bias: 4.769977313430562
  opening_size: 5
  closing_size: 15
  dilate_size: 9
  remove_small_blobs: 632
  area_min: 1550
  area_max: 109499
  aspect_ratio_min: 0.22118807684047892
  aspect_ratio_max: 4.474026431574192
  fill_ratio_min: 0.20821692159573382
  merge_distance: 28

Total trials completed: 194
Results saved to: optuna_still_no_temporal.db

To visualize results, use optuna-dashboard:
  optuna-dashboard sqlite:///optuna_still_no_temporal.db
