[I 2026-02-23 13:36:31,820] Trial 159 finished with value: 0.21952054211489164 and parameters: {'alpha': 2.571420457688251, 'std_bias': 4.741836097547971, 'opening_size': 3, 'closing_size': 20, 'dilate_size': 9, 'remove_small_blobs': 587, 'area_min': 1627, 'area_max': 116909, 'aspect_ratio_min': 0.2160756909449235, 'aspect_ratio_max': 6.0991789656015065, 'fill_ratio_min': 0.23357329555376427, 'merge_distance': 30}. Best is trial 106 with value: 0.34930707775950676.Best trial: 106. Best value: 0.349307:  76%|███████▌  | 19/25 [1:23:49<27:03, 270.61s/it]Best trial: 106. Best value: 0.349307:  76%|███████▌  | 19/25 [1:23:49<27:03, 270.61s/it]Best trial: 106. Best value: 0.349307:  80%|████████  | 20/25 [1:23:49<22:20, 268.02s/it]                                                                                         Best trial: 106. Best value: 0.349307:  80%|████████  | 20/25 [1:27:52<22:20, 268.02s/it]Best trial: 106. Best value: 0.349307:  80%|████████  | 20/25 [1:27:52<22:20, 268.02s/it]Best trial: 106. Best value: 0.349307:  84%|████████▍ | 21/25 [1:27:52<17:21, 260.43s/it]                                                                                         Best trial: 106. Best value: 0.349307:  84%|████████▍ | 21/25 [1:31:44<17:21, 260.43s/it]Best trial: 106. Best value: 0.349307:  84%|████████▍ | 21/25 [1:31:44<17:21, 260.43s/it]Best trial: 106. Best value: 0.349307:  88%|████████▊ | 22/25 [1:31:44<12:36, 252.09s/it]                                                                                         Best trial: 106. Best value: 0.349307:  88%|████████▊ | 22/25 [1:35:53<12:36, 252.09s/it]Best trial: 106. Best value: 0.349307:  88%|████████▊ | 22/25 [1:35:53<12:36, 252.09s/it]Best trial: 106. Best value: 0.349307:  92%|█████████▏| 23/25 [1:35:53<08:22, 251.02s/it]                                                                                         Best trial: 106. Best value: 0.349307:  92%|█████████▏| 23/25 [1:39:32<08:22, 251.02s/it]Best trial: 106. Best value: 0.349307:  92%|█████████▏| 23/25 [1:39:32<08:22, 251.02s/it]Best trial: 106. Best value: 0.349307:  96%|█████████▌| 24/25 [1:39:32<04:01, 241.56s/it]                                                                                         
creating index...
index created!
Loading and preparing results...
DONE (t=0.04s)
creating index...
index created!
Running per image evaluation...
Evaluate annotation type *bbox*
DONE (t=3.27s).
Accumulating evaluation results...
DONE (t=0.47s).
 Average Precision  (AP) @[ IoU=0.50:0.95 | area=   all | maxDets=100 ] = 0.096
 Average Precision  (AP) @[ IoU=0.50      | area=   all | maxDets=100 ] = 0.242
 Average Precision  (AP) @[ IoU=0.75      | area=   all | maxDets=100 ] = 0.058
 Average Precision  (AP) @[ IoU=0.50:0.95 | area= small | maxDets=100 ] = -1.000
 Average Precision  (AP) @[ IoU=0.50:0.95 | area=medium | maxDets=100 ] = 0.042
 Average Precision  (AP) @[ IoU=0.50:0.95 | area= large | maxDets=100 ] = 0.210
 Average Recall     (AR) @[ IoU=0.50:0.95 | area=   all | maxDets=  1 ] = 0.098
 Average Recall     (AR) @[ IoU=0.50:0.95 | area=   all | maxDets= 10 ] = 0.262
 Average Recall     (AR) @[ IoU=0.50:0.95 | area=   all | maxDets=100 ] = 0.262
 Average Recall     (AR) @[ IoU=0.50:0.95 | area= small | maxDets=100 ] = -1.000
 Average Recall     (AR) @[ IoU=0.50:0.95 | area=medium | maxDets=100 ] = 0.228
 Average Recall     (AR) @[ IoU=0.50:0.95 | area= large | maxDets=100 ] = 0.301
[I 2026-02-23 13:40:34,561] Trial 167 finished with value: 0.24178659400964972 and parameters: {'alpha': 2.2389872262843626, 'std_bias': 4.997692542751834, 'opening_size': 5, 'closing_size': 15, 'dilate_size': 7, 'remove_small_blobs': 652, 'area_min': 796, 'area_max': 111880, 'aspect_ratio_min': 0.24949007055207695, 'aspect_ratio_max': 6.467947660983516, 'fill_ratio_min': 0.2517566333592087, 'merge_distance': 25}. Best is trial 106 with value: 0.34930707775950676.
creating index...
index created!
Loading and preparing results...
DONE (t=0.02s)
creating index...
index created!
Running per image evaluation...
Evaluate annotation type *bbox*
DONE (t=2.31s).
Accumulating evaluation results...
DONE (t=0.31s).
 Average Precision  (AP) @[ IoU=0.50:0.95 | area=   all | maxDets=100 ] = 0.148
 Average Precision  (AP) @[ IoU=0.50      | area=   all | maxDets=100 ] = 0.341
 Average Precision  (AP) @[ IoU=0.75      | area=   all | maxDets=100 ] = 0.102
 Average Precision  (AP) @[ IoU=0.50:0.95 | area= small | maxDets=100 ] = -1.000
 Average Precision  (AP) @[ IoU=0.50:0.95 | area=medium | maxDets=100 ] = 0.040
 Average Precision  (AP) @[ IoU=0.50:0.95 | area= large | maxDets=100 ] = 0.277
 Average Recall     (AR) @[ IoU=0.50:0.95 | area=   all | maxDets=  1 ] = 0.121
 Average Recall     (AR) @[ IoU=0.50:0.95 | area=   all | maxDets= 10 ] = 0.224
 Average Recall     (AR) @[ IoU=0.50:0.95 | area=   all | maxDets=100 ] = 0.224
 Average Recall     (AR) @[ IoU=0.50:0.95 | area= small | maxDets=100 ] = -1.000
 Average Recall     (AR) @[ IoU=0.50:0.95 | area=medium | maxDets=100 ] = 0.106
 Average Recall     (AR) @[ IoU=0.50:0.95 | area= large | maxDets=100 ] = 0.361
[I 2026-02-23 13:44:27,204] Trial 175 finished with value: 0.3409586608678653 and parameters: {'alpha': 2.9238774085320736, 'std_bias': 4.457924668446591, 'opening_size': 5, 'closing_size': 15, 'dilate_size': 7, 'remove_small_blobs': 614, 'area_min': 1467, 'area_max': 112728, 'aspect_ratio_min': 0.24585673611056777, 'aspect_ratio_max': 4.216209988996447, 'fill_ratio_min': 0.24034218925972295, 'merge_distance': 27}. Best is trial 106 with value: 0.34930707775950676.
creating index...
index created!
Loading and preparing results...
DONE (t=0.02s)
creating index...
index created!
Running per image evaluation...
Evaluate annotation type *bbox*
DONE (t=2.56s).
Accumulating evaluation results...
DONE (t=0.39s).
 Average Precision  (AP) @[ IoU=0.50:0.95 | area=   all | maxDets=100 ] = 0.129
 Average Precision  (AP) @[ IoU=0.50      | area=   all | maxDets=100 ] = 0.324
 Average Precision  (AP) @[ IoU=0.75      | area=   all | maxDets=100 ] = 0.079
 Average Precision  (AP) @[ IoU=0.50:0.95 | area= small | maxDets=100 ] = -1.000
 Average Precision  (AP) @[ IoU=0.50:0.95 | area=medium | maxDets=100 ] = 0.082
 Average Precision  (AP) @[ IoU=0.50:0.95 | area= large | maxDets=100 ] = 0.188
 Average Recall     (AR) @[ IoU=0.50:0.95 | area=   all | maxDets=  1 ] = 0.112
 Average Recall     (AR) @[ IoU=0.50:0.95 | area=   all | maxDets= 10 ] = 0.252
 Average Recall     (AR) @[ IoU=0.50:0.95 | area=   all | maxDets=100 ] = 0.252
 Average Recall     (AR) @[ IoU=0.50:0.95 | area= small | maxDets=100 ] = -1.000
 Average Recall     (AR) @[ IoU=0.50:0.95 | area=medium | maxDets=100 ] = 0.233
 Average Recall     (AR) @[ IoU=0.50:0.95 | area= large | maxDets=100 ] = 0.274
[I 2026-02-23 13:48:35,731] Trial 183 finished with value: 0.32390686060309487 and parameters: {'alpha': 2.091875144735754, 'std_bias': 4.890171878352703, 'opening_size': 5, 'closing_size': 15, 'dilate_size': 7, 'remove_small_blobs': 586, 'area_min': 1551, 'area_max': 108506, 'aspect_ratio_min': 0.24667276957796308, 'aspect_ratio_max': 4.504364697797198, 'fill_ratio_min': 0.2416439525376006, 'merge_distance': 27}. Best is trial 106 with value: 0.34930707775950676.
creating index...
index created!
Loading and preparing results...
DONE (t=0.02s)
creating index...
index created!
Running per image evaluation...
Evaluate annotation type *bbox*
DONE (t=2.10s).
Accumulating evaluation results...
DONE (t=0.29s).
 Average Precision  (AP) @[ IoU=0.50:0.95 | area=   all | maxDets=100 ] = 0.150
 Average Precision  (AP) @[ IoU=0.50      | area=   all | maxDets=100 ] = 0.321
 Average Precision  (AP) @[ IoU=0.75      | area=   all | maxDets=100 ] = 0.119
 Average Precision  (AP) @[ IoU=0.50:0.95 | area= small | maxDets=100 ] = -1.000
 Average Precision  (AP) @[ IoU=0.50:0.95 | area=medium | maxDets=100 ] = 0.021
 Average Precision  (AP) @[ IoU=0.50:0.95 | area= large | maxDets=100 ] = 0.303
 Average Recall     (AR) @[ IoU=0.50:0.95 | area=   all | maxDets=  1 ] = 0.124
 Average Recall     (AR) @[ IoU=0.50:0.95 | area=   all | maxDets= 10 ] = 0.216
 Average Recall     (AR) @[ IoU=0.50:0.95 | area=   all | maxDets=100 ] = 0.216
 Average Recall     (AR) @[ IoU=0.50:0.95 | area= small | maxDets=100 ] = -1.000
 Average Recall     (AR) @[ IoU=0.50:0.95 | area=medium | maxDets=100 ] = 0.064
 Average Recall     (AR) @[ IoU=0.50:0.95 | area= large | maxDets=100 ] = 0.392
[I 2026-02-23 13:52:15,211] Trial 191 finished with value: 0.32069251245587527 and parameters: {'alpha': 3.259767915753785, 'std_bias': 4.750075818871837, 'opening_size': 5, 'closing_size': 15, 'dilate_size': 7, 'remove_small_blobs': 559, 'area_min': 1510, 'area_max': 104906, 'aspect_ratio_min': 0.23944138284417144, 'aspect_ratio_max': 4.6217887003441245, 'fill_ratio_min': 0.1771094887383504, 'merge_distance': 27}. Best is trial 106 with value: 0.34930707775950676.
creating index...
index created!
Loading and preparing results...
DONE (t=0.01s)
creating index...
index created!
Running per image evaluation...
Evaluate annotation type *bbox*
DONE (t=1.26s).
Accumulating evaluation results...
DONE (t=0.19s).
 Average Precision  (AP) @[ IoU=0.50:0.95 | area=   all | maxDets=100 ] = 0.153
 Average Precision  (AP) @[ IoU=0.50      | area=   all | maxDets=100 ] = 0.340
 Average Precision  (AP) @[ IoU=0.75      | area=   all | maxDets=100 ] = 0.111
 Average Precision  (AP) @[ IoU=0.50:0.95 | area= small | maxDets=100 ] = -1.000
 Average Precision  (AP) @[ IoU=0.50:0.95 | area=medium | maxDets=100 ] = 0.036
 Average Precision  (AP) @[ IoU=0.50:0.95 | area= large | maxDets=100 ] = 0.289
 Average Recall     (AR) @[ IoU=0.50:0.95 | area=   all | maxDets=  1 ] = 0.123
 Average Recall     (AR) @[ IoU=0.50:0.95 | area=   all | maxDets= 10 ] = 0.223
 Average Recall     (AR) @[ IoU=0.50:0.95 | area=   all | maxDets=100 ] = 0.224
 Average Recall     (AR) @[ IoU=0.50:0.95 | area= small | maxDets=100 ] = -1.000
 Average Recall     (AR) @[ IoU=0.50:0.95 | area=medium | maxDets=100 ] = 0.096
 Average Recall     (AR) @[ IoU=0.50:0.95 | area= large | maxDets=100 ] = 0.371
[I 2026-02-23 13:55:33,263] Trial 198 finished with value: 0.33950395360291213 and parameters: {'alpha': 2.994580926251177, 'std_bias': 4.581026636124919, 'opening_size': 5, 'closing_size': 15, 'dilate_size': 7, 'remove_small_blobs': 536, 'area_min': 1510, 'area_max': 105497, 'aspect_ratio_min': 0.23914811440943656, 'aspect_ratio_max': 4.997837310138708, 'fill_ratio_min': 0.24659949075551515, 'merge_distance': 26}. Best is trial 106 with value: 0.34930707775950676.Best trial: 106. Best value: 0.349307:  96%|█████████▌| 24/25 [1:42:50<04:01, 241.56s/it]Best trial: 106. Best value: 0.349307:  96%|█████████▌| 24/25 [1:42:50<04:01, 241.56s/it]Best trial: 106. Best value: 0.349307: 100%|██████████| 25/25 [1:42:50<00:00, 228.50s/it]Best trial: 106. Best value: 0.349307: 100%|██████████| 25/25 [1:42:50<00:00, 246.83s/it]


================================================================================
OPTIMIZATION COMPLETE
================================================================================

Best AP50: 0.3493

Best hyperparameters:
  alpha: 2.840026271930218
  std_bias: 4.769977313430562
  opening_size: 5
  closing_size: 15
  dilate_size: 9
  remove_small_blobs: 632
  area_min: 1550
  area_max: 109499
  aspect_ratio_min: 0.22118807684047892
  aspect_ratio_max: 4.474026431574192
  fill_ratio_min: 0.20821692159573382
  merge_distance: 28

Total trials completed: 200
Results saved to: optuna_still_no_temporal.db

To visualize results, use optuna-dashboard:
  optuna-dashboard sqlite:///optuna_still_no_temporal.db
