[I 2026-02-23 13:56:41,805] Using an existing study with name 'still_with_temporal' instead of creating a new one.
Loading annotations and video...
Starting optimization for study 'still_with_temporal'
Using temporal detector: True
Database: optuna_still_with_temporal.db
Number of trials: 25

To run in parallel, execute this same command in multiple terminals.
--------------------------------------------------------------------------------
  0%|          | 0/25 [00:00<?, ?it/s]                                        0%|          | 0/25 [04:11<?, ?it/s]Best trial: 5. Best value: 0.249888:   0%|          | 0/25 [04:11<?, ?it/s]Best trial: 5. Best value: 0.249888:   4%|▍         | 1/25 [04:11<1:40:42, 251.78s/it]                                                                                      Best trial: 5. Best value: 0.249888:   4%|▍         | 1/25 [08:56<1:40:42, 251.78s/it]Best trial: 5. Best value: 0.249888:   4%|▍         | 1/25 [08:56<1:40:42, 251.78s/it]Best trial: 5. Best value: 0.249888:   8%|▊         | 2/25 [08:56<1:43:58, 271.24s/it]                                                                                      Best trial: 5. Best value: 0.249888:   8%|▊         | 2/25 [14:33<1:43:58, 271.24s/it]Best trial: 22. Best value: 0.297792:   8%|▊         | 2/25 [14:33<1:43:58, 271.24s/it]Best trial: 22. Best value: 0.297792:  12%|█▏        | 3/25 [14:33<1:50:24, 301.12s/it]                                                                                       Best trial: 22. Best value: 0.297792:  12%|█▏        | 3/25 [18:47<1:50:24, 301.12s/it]Best trial: 26. Best value: 0.31031:  12%|█▏        | 3/25 [18:47<1:50:24, 301.12s/it] Best trial: 26. Best value: 0.31031:  16%|█▌        | 4/25 [18:47<1:38:53, 282.53s/it]                                                                                      creating index...
index created!
Loading and preparing results...
DONE (t=0.04s)
creating index...
index created!
Running per image evaluation...
Evaluate annotation type *bbox*
DONE (t=2.85s).
Accumulating evaluation results...
DONE (t=0.61s).
 Average Precision  (AP) @[ IoU=0.50:0.95 | area=   all | maxDets=100 ] = 0.129
 Average Precision  (AP) @[ IoU=0.50      | area=   all | maxDets=100 ] = 0.243
 Average Precision  (AP) @[ IoU=0.75      | area=   all | maxDets=100 ] = 0.119
 Average Precision  (AP) @[ IoU=0.50:0.95 | area= small | maxDets=100 ] = -1.000
 Average Precision  (AP) @[ IoU=0.50:0.95 | area=medium | maxDets=100 ] = 0.012
 Average Precision  (AP) @[ IoU=0.50:0.95 | area= large | maxDets=100 ] = 0.384
 Average Recall     (AR) @[ IoU=0.50:0.95 | area=   all | maxDets=  1 ] = 0.094
 Average Recall     (AR) @[ IoU=0.50:0.95 | area=   all | maxDets= 10 ] = 0.263
 Average Recall     (AR) @[ IoU=0.50:0.95 | area=   all | maxDets=100 ] = 0.265
 Average Recall     (AR) @[ IoU=0.50:0.95 | area= small | maxDets=100 ] = -1.000
 Average Recall     (AR) @[ IoU=0.50:0.95 | area=medium | maxDets=100 ] = 0.078
 Average Recall     (AR) @[ IoU=0.50:0.95 | area= large | maxDets=100 ] = 0.481
[I 2026-02-23 14:00:53,589] Trial 6 finished with value: 0.24307629004064604 and parameters: {'alpha': 4.059208350229599, 'std_bias': 4.425006208693682, 'opening_size': 3, 'closing_size': 9, 'dilate_size': 5, 'remove_small_blobs': 522, 'area_min': 541, 'area_max': 125866, 'aspect_ratio_min': 0.12514763202651666, 'aspect_ratio_max': 11.08579410338732, 'fill_ratio_min': 0.2193865348149609, 'n_frames': 2, 'temporal_threshold': 0.49588139847149515, 'merge_distance': 13}. Best is trial 5 with value: 0.24988831893878444.
creating index...
index created!
Loading and preparing results...
DONE (t=0.03s)
creating index...
index created!
Running per image evaluation...
Evaluate annotation type *bbox*
DONE (t=2.77s).
Accumulating evaluation results...
DONE (t=0.42s).
 Average Precision  (AP) @[ IoU=0.50:0.95 | area=   all | maxDets=100 ] = 0.086
 Average Precision  (AP) @[ IoU=0.50      | area=   all | maxDets=100 ] = 0.244
 Average Precision  (AP) @[ IoU=0.75      | area=   all | maxDets=100 ] = 0.034
 Average Precision  (AP) @[ IoU=0.50:0.95 | area= small | maxDets=100 ] = -1.000
 Average Precision  (AP) @[ IoU=0.50:0.95 | area=medium | maxDets=100 ] = 0.055
 Average Precision  (AP) @[ IoU=0.50:0.95 | area= large | maxDets=100 ] = 0.127
 Average Recall     (AR) @[ IoU=0.50:0.95 | area=   all | maxDets=  1 ] = 0.088
 Average Recall     (AR) @[ IoU=0.50:0.95 | area=   all | maxDets= 10 ] = 0.209
 Average Recall     (AR) @[ IoU=0.50:0.95 | area=   all | maxDets=100 ] = 0.209
 Average Recall     (AR) @[ IoU=0.50:0.95 | area= small | maxDets=100 ] = -1.000
 Average Recall     (AR) @[ IoU=0.50:0.95 | area=medium | maxDets=100 ] = 0.197
 Average Recall     (AR) @[ IoU=0.50:0.95 | area= large | maxDets=100 ] = 0.223
[I 2026-02-23 14:05:38,459] Trial 11 finished with value: 0.24398487274825895 and parameters: {'alpha': 2.662826436450372, 'std_bias': 4.1820191292209286, 'opening_size': 3, 'closing_size': 5, 'dilate_size': 7, 'remove_small_blobs': 792, 'area_min': 1232, 'area_max': 132027, 'aspect_ratio_min': 0.14549288100846947, 'aspect_ratio_max': 11.19073232127576, 'fill_ratio_min': 0.12946443721192905, 'n_frames': 3, 'temporal_threshold': 0.43071059547916096, 'merge_distance': 42}. Best is trial 5 with value: 0.24988831893878444.
creating index...
index created!
Loading and preparing results...
DONE (t=0.05s)
creating index...
index created!
Running per image evaluation...
Evaluate annotation type *bbox*
DONE (t=3.95s).
Accumulating evaluation results...
DONE (t=0.74s).
 Average Precision  (AP) @[ IoU=0.50:0.95 | area=   all | maxDets=100 ] = 0.002
 Average Precision  (AP) @[ IoU=0.50      | area=   all | maxDets=100 ] = 0.007
 Average Precision  (AP) @[ IoU=0.75      | area=   all | maxDets=100 ] = 0.000
 Average Precision  (AP) @[ IoU=0.50:0.95 | area= small | maxDets=100 ] = -1.000
 Average Precision  (AP) @[ IoU=0.50:0.95 | area=medium | maxDets=100 ] = 0.002
 Average Precision  (AP) @[ IoU=0.50:0.95 | area= large | maxDets=100 ] = 0.005
 Average Recall     (AR) @[ IoU=0.50:0.95 | area=   all | maxDets=  1 ] = 0.003
 Average Recall     (AR) @[ IoU=0.50:0.95 | area=   all | maxDets= 10 ] = 0.035
 Average Recall     (AR) @[ IoU=0.50:0.95 | area=   all | maxDets=100 ] = 0.038
 Average Recall     (AR) @[ IoU=0.50:0.95 | area= small | maxDets=100 ] = -1.000
 Average Recall     (AR) @[ IoU=0.50:0.95 | area=medium | maxDets=100 ] = 0.052
 Average Recall     (AR) @[ IoU=0.50:0.95 | area= large | maxDets=100 ] = 0.021
[I 2026-02-23 14:11:15,131] Trial 19 finished with value: 0.006651082083109638 and parameters: {'alpha': 1.1742627333318039, 'std_bias': 3.5353636694961317, 'opening_size': 3, 'closing_size': 13, 'dilate_size': 7, 'remove_small_blobs': 643, 'area_min': 961, 'area_max': 98380, 'aspect_ratio_min': 0.24437226454898064, 'aspect_ratio_max': 4.458562651315976, 'fill_ratio_min': 0.28419257144483523, 'n_frames': 2, 'temporal_threshold': 0.40095544770906966, 'merge_distance': 16}. Best is trial 22 with value: 0.297791625355221.
creating index...
index created!
Loading and preparing results...
DONE (t=0.02s)
creating index...
index created!
Running per image evaluation...
Evaluate annotation type *bbox*
DONE (t=2.56s).
Accumulating evaluation results...
DONE (t=0.37s).
 Average Precision  (AP) @[ IoU=0.50:0.95 | area=   all | maxDets=100 ] = 0.108
 Average Precision  (AP) @[ IoU=0.50      | area=   all | maxDets=100 ] = 0.233
 Average Precision  (AP) @[ IoU=0.75      | area=   all | maxDets=100 ] = 0.096
 Average Precision  (AP) @[ IoU=0.50:0.95 | area= small | maxDets=100 ] = -1.000
 Average Precision  (AP) @[ IoU=0.50:0.95 | area=medium | maxDets=100 ] = 0.017
 Average Precision  (AP) @[ IoU=0.50:0.95 | area= large | maxDets=100 ] = 0.273
 Average Recall     (AR) @[ IoU=0.50:0.95 | area=   all | maxDets=  1 ] = 0.085
 Average Recall     (AR) @[ IoU=0.50:0.95 | area=   all | maxDets= 10 ] = 0.226
 Average Recall     (AR) @[ IoU=0.50:0.95 | area=   all | maxDets=100 ] = 0.227
 Average Recall     (AR) @[ IoU=0.50:0.95 | area= small | maxDets=100 ] = -1.000
 Average Recall     (AR) @[ IoU=0.50:0.95 | area=medium | maxDets=100 ] = 0.102
 Average Recall     (AR) @[ IoU=0.50:0.95 | area= large | maxDets=100 ] = 0.371
[I 2026-02-23 14:15:29,150] Trial 29 finished with value: 0.2334303879942247 and parameters: {'alpha': 5.150088654187652, 'std_bias': 2.03688375580366, 'opening_size': 3, 'closing_size': 20, 'dilate_size': 9, 'remove_small_blobs': 611, 'area_min': 808, 'area_max': 137665, 'aspect_ratio_min': 0.21306290012480308, 'aspect_ratio_max': 5.682719378176754, 'fill_ratio_min': 0.2731232681483108, 'n_frames': 2, 'temporal_threshold': 0.549858503296506, 'merge_distance': 27}. Best is trial 26 with value: 0.31031001014171766.
creating index...
index created!
Loading and preparing results...
DONE (t=0.02s)
creating index...
index created!
Running per image evaluation...
Evaluate annotation type *bbox*
DONE (t=1.80s).
Accumulating evaluation results...
DONE (t=0.32s).
 Average Precision  (AP) @[ IoU=0.50:0.95 | area=   all | maxDets=100 ] = 0.066
 Average Precision  (AP) @[ IoU=0.50      | area=   all | maxDets=100 ] = 0.157
 Average Precision  (AP) @[ IoU=0.75      | area=   all | maxDets=100 ] = 0.051
 Average Precision  (AP) @[ IoU=0.50:0.95 | area= small | maxDets=100 ] = -1.000
 Average Precision  (AP) @[ IoU=0.50:0.95 | area=medium | maxDets=100 ] = 0.001
 Average Precision  (AP) @[ IoU=0.50:0.95 | area= large | maxDets=100 ] = 0.174
 Average Recall     (AR) @[ IoU=0.50:0.95 | area=   all | maxDets=  1 ] = 0.085
 Average Recall     (AR) @[ IoU=0.50:0.95 | area=   all | maxDets= 10 ] = 0.133
 Average Recall     (AR) @[ IoU=0.50:0.95 | area=   all | maxDets=100 ] = 0.133
 Average Recall     (AR) @[ IoU=0.50:0.95 | area= small | maxDets=100 ] = -1.000
 Average Recall     (AR) @[ IoU=0.50:0.95 | area=medium | maxDets=100 ] = 0.009
 Average Recall     (AR) @[ IoU=0.50:0.95 | area= large | maxDets=100 ] = 0.277
[I 2026-02-23 14:19:42,087] Trial 36 finished with value: 0.15709594153097436 and parameters: {'alpha': 3.704909184040901, 'std_bias': 3.730843318529118, 'opening_size': 7, 'closing_size': 20, 'dilate_size': 5, 'remove_small_blobs': 511, 'area_min': 1225, 'area_max': 106808, 'aspect_ratio_min': 0.205240003010955, 'aspect_ratio_max': 9.649574932158552, 'fill_ratio_min': 0.23465544977487884, 'n_frames': 3, 'temporal_threshold': 0.5117243881552919, 'merge_distance': 31}. Best is trial 26 with value: 0.31031001014171766.Best trial: 26. Best value: 0.31031:  16%|█▌        | 4/25 [23:00<1:38:53, 282.53s/it]Best trial: 26. Best value: 0.31031:  16%|█▌        | 4/25 [23:00<1:38:53, 282.53s/it]Best trial: 26. Best value: 0.31031:  20%|██        | 5/25 [23:00<1:30:37, 271.85s/it]                                                                                      Best trial: 26. Best value: 0.31031:  20%|██        | 5/25 [27:04<1:30:37, 271.85s/it]Best trial: 38. Best value: 0.321173:  20%|██        | 5/25 [27:04<1:30:37, 271.85s/it]Best trial: 38. Best value: 0.321173:  24%|██▍       | 6/25 [27:04<1:23:06, 262.47s/it]                                                                                       Best trial: 38. Best value: 0.321173:  24%|██▍       | 6/25 [31:42<1:23:06, 262.47s/it]Best trial: 38. Best value: 0.321173:  24%|██▍       | 6/25 [31:42<1:23:06, 262.47s/it]Best trial: 38. Best value: 0.321173:  28%|██▊       | 7/25 [31:42<1:20:15, 267.51s/it]                                                                                       Best trial: 38. Best value: 0.321173:  28%|██▊       | 7/25 [38:31<1:20:15, 267.51s/it]Best trial: 38. Best value: 0.321173:  28%|██▊       | 7/25 [38:31<1:20:15, 267.51s/it]Best trial: 38. Best value: 0.321173:  32%|███▏      | 8/25 [38:31<1:28:32, 312.50s/it]                                                                                       Best trial: 38. Best value: 0.321173:  32%|███▏      | 8/25 [42:49<1:28:32, 312.50s/it]Best trial: 38. Best value: 0.321173:  32%|███▏      | 8/25 [42:49<1:28:32, 312.50s/it]Best trial: 38. Best value: 0.321173:  36%|███▌      | 9/25 [42:49<1:18:48, 295.53s/it]                                                                                       
creating index...
index created!
Loading and preparing results...
DONE (t=0.02s)
creating index...
index created!
Running per image evaluation...
Evaluate annotation type *bbox*
DONE (t=1.90s).
Accumulating evaluation results...
DONE (t=0.27s).
 Average Precision  (AP) @[ IoU=0.50:0.95 | area=   all | maxDets=100 ] = 0.031
 Average Precision  (AP) @[ IoU=0.50      | area=   all | maxDets=100 ] = 0.080
 Average Precision  (AP) @[ IoU=0.75      | area=   all | maxDets=100 ] = 0.019
 Average Precision  (AP) @[ IoU=0.50:0.95 | area= small | maxDets=100 ] = -1.000
 Average Precision  (AP) @[ IoU=0.50:0.95 | area=medium | maxDets=100 ] = 0.000
 Average Precision  (AP) @[ IoU=0.50:0.95 | area= large | maxDets=100 ] = 0.091
 Average Recall     (AR) @[ IoU=0.50:0.95 | area=   all | maxDets=  1 ] = 0.060
 Average Recall     (AR) @[ IoU=0.50:0.95 | area=   all | maxDets= 10 ] = 0.094
 Average Recall     (AR) @[ IoU=0.50:0.95 | area=   all | maxDets=100 ] = 0.095
 Average Recall     (AR) @[ IoU=0.50:0.95 | area= small | maxDets=100 ] = -1.000
 Average Recall     (AR) @[ IoU=0.50:0.95 | area=medium | maxDets=100 ] = 0.002
 Average Recall     (AR) @[ IoU=0.50:0.95 | area= large | maxDets=100 ] = 0.202
[I 2026-02-23 14:23:46,332] Trial 44 finished with value: 0.08014495055698505 and parameters: {'alpha': 5.469112131788529, 'std_bias': 2.6280951849567424, 'opening_size': 5, 'closing_size': 3, 'dilate_size': 5, 'remove_small_blobs': 798, 'area_min': 1421, 'area_max': 69036, 'aspect_ratio_min': 0.2258718253073497, 'aspect_ratio_max': 6.665798746354196, 'fill_ratio_min': 0.22685367632089132, 'n_frames': 3, 'temporal_threshold': 0.6103001236761881, 'merge_distance': 23}. Best is trial 38 with value: 0.32117286645295584.
creating index...
index created!
Loading and preparing results...
DONE (t=0.02s)
creating index...
index created!
Running per image evaluation...
Evaluate annotation type *bbox*
DONE (t=2.18s).
Accumulating evaluation results...
DONE (t=0.28s).
 Average Precision  (AP) @[ IoU=0.50:0.95 | area=   all | maxDets=100 ] = 0.110
 Average Precision  (AP) @[ IoU=0.50      | area=   all | maxDets=100 ] = 0.246
 Average Precision  (AP) @[ IoU=0.75      | area=   all | maxDets=100 ] = 0.082
 Average Precision  (AP) @[ IoU=0.50:0.95 | area= small | maxDets=100 ] = -1.000
 Average Precision  (AP) @[ IoU=0.50:0.95 | area=medium | maxDets=100 ] = 0.036
 Average Precision  (AP) @[ IoU=0.50:0.95 | area= large | maxDets=100 ] = 0.203
 Average Recall     (AR) @[ IoU=0.50:0.95 | area=   all | maxDets=  1 ] = 0.118
 Average Recall     (AR) @[ IoU=0.50:0.95 | area=   all | maxDets= 10 ] = 0.186
 Average Recall     (AR) @[ IoU=0.50:0.95 | area=   all | maxDets=100 ] = 0.186
 Average Recall     (AR) @[ IoU=0.50:0.95 | area= small | maxDets=100 ] = -1.000
 Average Recall     (AR) @[ IoU=0.50:0.95 | area=medium | maxDets=100 ] = 0.101
 Average Recall     (AR) @[ IoU=0.50:0.95 | area= large | maxDets=100 ] = 0.284
[I 2026-02-23 14:28:24,215] Trial 50 finished with value: 0.24580285380526667 and parameters: {'alpha': 4.359074717444041, 'std_bias': 2.9632545558385086, 'opening_size': 3, 'closing_size': 17, 'dilate_size': 9, 'remove_small_blobs': 451, 'area_min': 1894, 'area_max': 52407, 'aspect_ratio_min': 0.23737854731258728, 'aspect_ratio_max': 8.568492804451973, 'fill_ratio_min': 0.28423111327964834, 'n_frames': 3, 'temporal_threshold': 0.5873993518169337, 'merge_distance': 22}. Best is trial 38 with value: 0.32117286645295584.
creating index...
index created!
Loading and preparing results...
DONE (t=0.03s)
creating index...
index created!
Running per image evaluation...
Evaluate annotation type *bbox*
DONE (t=2.94s).
Accumulating evaluation results...
DONE (t=0.47s).
 Average Precision  (AP) @[ IoU=0.50:0.95 | area=   all | maxDets=100 ] = 0.028
 Average Precision  (AP) @[ IoU=0.50      | area=   all | maxDets=100 ] = 0.092
 Average Precision  (AP) @[ IoU=0.75      | area=   all | maxDets=100 ] = 0.016
 Average Precision  (AP) @[ IoU=0.50:0.95 | area= small | maxDets=100 ] = -1.000
 Average Precision  (AP) @[ IoU=0.50:0.95 | area=medium | maxDets=100 ] = 0.031
 Average Precision  (AP) @[ IoU=0.50:0.95 | area= large | maxDets=100 ] = 0.030
 Average Recall     (AR) @[ IoU=0.50:0.95 | area=   all | maxDets=  1 ] = 0.056
 Average Recall     (AR) @[ IoU=0.50:0.95 | area=   all | maxDets= 10 ] = 0.133
 Average Recall     (AR) @[ IoU=0.50:0.95 | area=   all | maxDets=100 ] = 0.133
 Average Recall     (AR) @[ IoU=0.50:0.95 | area= small | maxDets=100 ] = -1.000
 Average Recall     (AR) @[ IoU=0.50:0.95 | area=medium | maxDets=100 ] = 0.156
 Average Recall     (AR) @[ IoU=0.50:0.95 | area= large | maxDets=100 ] = 0.105
[I 2026-02-23 14:35:13,063] Trial 57 finished with value: 0.09246718956591878 and parameters: {'alpha': 2.342558007402927, 'std_bias': 0.9836154156626091, 'opening_size': 3, 'closing_size': 9, 'dilate_size': 7, 'remove_small_blobs': 371, 'area_min': 1958, 'area_max': 115777, 'aspect_ratio_min': 0.2430261226604011, 'aspect_ratio_max': 5.006718017181439, 'fill_ratio_min': 0.251683631890865, 'n_frames': 3, 'temporal_threshold': 0.656928644774935, 'merge_distance': 33}. Best is trial 38 with value: 0.32117286645295584.
creating index...
index created!
Loading and preparing results...
DONE (t=0.23s)
creating index...
index created!
Running per image evaluation...
Evaluate annotation type *bbox*
DONE (t=2.17s).
Accumulating evaluation results...
DONE (t=0.31s).
 Average Precision  (AP) @[ IoU=0.50:0.95 | area=   all | maxDets=100 ] = 0.139
 Average Precision  (AP) @[ IoU=0.50      | area=   all | maxDets=100 ] = 0.293
 Average Precision  (AP) @[ IoU=0.75      | area=   all | maxDets=100 ] = 0.121
 Average Precision  (AP) @[ IoU=0.50:0.95 | area= small | maxDets=100 ] = -1.000
 Average Precision  (AP) @[ IoU=0.50:0.95 | area=medium | maxDets=100 ] = 0.043
 Average Precision  (AP) @[ IoU=0.50:0.95 | area= large | maxDets=100 ] = 0.253
 Average Recall     (AR) @[ IoU=0.50:0.95 | area=   all | maxDets=  1 ] = 0.114
 Average Recall     (AR) @[ IoU=0.50:0.95 | area=   all | maxDets= 10 ] = 0.228
 Average Recall     (AR) @[ IoU=0.50:0.95 | area=   all | maxDets=100 ] = 0.228
 Average Recall     (AR) @[ IoU=0.50:0.95 | area= small | maxDets=100 ] = -1.000
 Average Recall     (AR) @[ IoU=0.50:0.95 | area=medium | maxDets=100 ] = 0.118
 Average Recall     (AR) @[ IoU=0.50:0.95 | area= large | maxDets=100 ] = 0.355
[I 2026-02-23 14:39:31,282] Trial 70 finished with value: 0.29259001354297337 and parameters: {'alpha': 4.693067204129295, 'std_bias': 2.4541115502070467, 'opening_size': 3, 'closing_size': 20, 'dilate_size': 9, 'remove_small_blobs': 674, 'area_min': 1623, 'area_max': 102862, 'aspect_ratio_min': 0.249689351102285, 'aspect_ratio_max': 6.098285439300153, 'fill_ratio_min': 0.2994072244834308, 'n_frames': 2, 'temporal_threshold': 0.5641513013170235, 'merge_distance': 37}. Best is trial 38 with value: 0.32117286645295584.
creating index...
index created!
Loading and preparing results...
DONE (t=0.01s)
creating index...
index created!
Running per image evaluation...
Evaluate annotation type *bbox*
DONE (t=1.44s).
Accumulating evaluation results...
DONE (t=0.29s).
 Average Precision  (AP) @[ IoU=0.50:0.95 | area=   all | maxDets=100 ] = 0.071
 Average Precision  (AP) @[ IoU=0.50      | area=   all | maxDets=100 ] = 0.154
 Average Precision  (AP) @[ IoU=0.75      | area=   all | maxDets=100 ] = 0.059
 Average Precision  (AP) @[ IoU=0.50:0.95 | area= small | maxDets=100 ] = -1.000
 Average Precision  (AP) @[ IoU=0.50:0.95 | area=medium | maxDets=100 ] = 0.001
 Average Precision  (AP) @[ IoU=0.50:0.95 | area= large | maxDets=100 ] = 0.214
 Average Recall     (AR) @[ IoU=0.50:0.95 | area=   all | maxDets=  1 ] = 0.091
 Average Recall     (AR) @[ IoU=0.50:0.95 | area=   all | maxDets= 10 ] = 0.155
 Average Recall     (AR) @[ IoU=0.50:0.95 | area=   all | maxDets=100 ] = 0.155
 Average Recall     (AR) @[ IoU=0.50:0.95 | area= small | maxDets=100 ] = -1.000
 Average Recall     (AR) @[ IoU=0.50:0.95 | area=medium | maxDets=100 ] = 0.008
 Average Recall     (AR) @[ IoU=0.50:0.95 | area= large | maxDets=100 ] = 0.324
