[I 2026-02-23 12:51:46,096] Trial 73 finished with value: 0.2822979878600523 and parameters: {'alpha': 3.013042887179624, 'std_bias': 3.08623056479705, 'opening_size': 5, 'closing_size': 13, 'dilate_size': 9, 'remove_small_blobs': 407, 'area_min': 2000, 'area_max': 112817, 'aspect_ratio_min': 0.10656278069690825, 'aspect_ratio_max': 12.550343644858996, 'fill_ratio_min': 0.16590240839919135, 'merge_distance': 47}. Best is trial 70 with value: 0.3098383146195337.Best trial: 59. Best value: 0.308346:  36%|███▌      | 9/25 [39:03<1:03:14, 237.19s/it]Best trial: 70. Best value: 0.309838:  36%|███▌      | 9/25 [39:03<1:03:14, 237.19s/it]Best trial: 70. Best value: 0.309838:  40%|████      | 10/25 [39:03<1:00:45, 243.01s/it]                                                                                        Best trial: 70. Best value: 0.309838:  40%|████      | 10/25 [43:10<1:00:45, 243.01s/it]Best trial: 76. Best value: 0.33616:  40%|████      | 10/25 [43:10<1:00:45, 243.01s/it] Best trial: 76. Best value: 0.33616:  44%|████▍     | 11/25 [43:10<56:57, 244.14s/it]                                                                                       Best trial: 76. Best value: 0.33616:  44%|████▍     | 11/25 [48:40<56:57, 244.14s/it]Best trial: 76. Best value: 0.33616:  44%|████▍     | 11/25 [48:40<56:57, 244.14s/it]Best trial: 76. Best value: 0.33616:  48%|████▊     | 12/25 [48:40<58:33, 270.26s/it]                                                                                     Best trial: 76. Best value: 0.33616:  48%|████▊     | 12/25 [53:43<58:33, 270.26s/it]Best trial: 76. Best value: 0.33616:  48%|████▊     | 12/25 [53:43<58:33, 270.26s/it]Best trial: 76. Best value: 0.33616:  52%|█████▏    | 13/25 [53:43<56:04, 280.38s/it]                                                                                     Best trial: 76. Best value: 0.33616:  52%|█████▏    | 13/25 [57:42<56:04, 280.38s/it]Best trial: 106. Best value: 0.349307:  52%|█████▏    | 13/25 [57:42<56:04, 280.38s/it]Best trial: 106. Best value: 0.349307:  56%|█████▌    | 14/25 [57:42<49:04, 267.69s/it]                                                                                       
creating index...
index created!
Loading and preparing results...
DONE (t=0.03s)
creating index...
index created!
Running per image evaluation...
Evaluate annotation type *bbox*
DONE (t=2.49s).
Accumulating evaluation results...
DONE (t=0.39s).
 Average Precision  (AP) @[ IoU=0.50:0.95 | area=   all | maxDets=100 ] = 0.113
 Average Precision  (AP) @[ IoU=0.50      | area=   all | maxDets=100 ] = 0.280
 Average Precision  (AP) @[ IoU=0.75      | area=   all | maxDets=100 ] = 0.068
 Average Precision  (AP) @[ IoU=0.50:0.95 | area= small | maxDets=100 ] = -1.000
 Average Precision  (AP) @[ IoU=0.50:0.95 | area=medium | maxDets=100 ] = 0.051
 Average Precision  (AP) @[ IoU=0.50:0.95 | area= large | maxDets=100 ] = 0.202
 Average Recall     (AR) @[ IoU=0.50:0.95 | area=   all | maxDets=  1 ] = 0.101
 Average Recall     (AR) @[ IoU=0.50:0.95 | area=   all | maxDets= 10 ] = 0.232
 Average Recall     (AR) @[ IoU=0.50:0.95 | area=   all | maxDets=100 ] = 0.232
 Average Recall     (AR) @[ IoU=0.50:0.95 | area= small | maxDets=100 ] = -1.000
 Average Recall     (AR) @[ IoU=0.50:0.95 | area=medium | maxDets=100 ] = 0.182
 Average Recall     (AR) @[ IoU=0.50:0.95 | area= large | maxDets=100 ] = 0.291
[I 2026-02-23 12:55:52,783] Trial 81 finished with value: 0.27969844528626775 and parameters: {'alpha': 2.451281049674266, 'std_bias': 4.217628716520434, 'opening_size': 5, 'closing_size': 15, 'dilate_size': 9, 'remove_small_blobs': 586, 'area_min': 1301, 'area_max': 132816, 'aspect_ratio_min': 0.17254727273207127, 'aspect_ratio_max': 13.277173909123814, 'fill_ratio_min': 0.17419168264255883, 'merge_distance': 50}. Best is trial 76 with value: 0.3361603336157239.
creating index...
index created!
Loading and preparing results...
DONE (t=0.03s)
creating index...
index created!
Running per image evaluation...
Evaluate annotation type *bbox*
DONE (t=2.82s).
Accumulating evaluation results...
DONE (t=0.38s).
 Average Precision  (AP) @[ IoU=0.50:0.95 | area=   all | maxDets=100 ] = 0.045
 Average Precision  (AP) @[ IoU=0.50      | area=   all | maxDets=100 ] = 0.118
 Average Precision  (AP) @[ IoU=0.75      | area=   all | maxDets=100 ] = 0.032
 Average Precision  (AP) @[ IoU=0.50:0.95 | area= small | maxDets=100 ] = -1.000
 Average Precision  (AP) @[ IoU=0.50:0.95 | area=medium | maxDets=100 ] = 0.037
 Average Precision  (AP) @[ IoU=0.50:0.95 | area= large | maxDets=100 ] = 0.052
 Average Recall     (AR) @[ IoU=0.50:0.95 | area=   all | maxDets=  1 ] = 0.066
 Average Recall     (AR) @[ IoU=0.50:0.95 | area=   all | maxDets= 10 ] = 0.174
 Average Recall     (AR) @[ IoU=0.50:0.95 | area=   all | maxDets=100 ] = 0.174
 Average Recall     (AR) @[ IoU=0.50:0.95 | area= small | maxDets=100 ] = -1.000
 Average Recall     (AR) @[ IoU=0.50:0.95 | area=medium | maxDets=100 ] = 0.207
 Average Recall     (AR) @[ IoU=0.50:0.95 | area= large | maxDets=100 ] = 0.135
[I 2026-02-23 13:01:22,789] Trial 89 finished with value: 0.11842917114946729 and parameters: {'alpha': 1.4374720711611582, 'std_bias': 4.4428172776989845, 'opening_size': 5, 'closing_size': 15, 'dilate_size': 9, 'remove_small_blobs': 330, 'area_min': 1758, 'area_max': 114153, 'aspect_ratio_min': 0.21295651502985963, 'aspect_ratio_max': 13.638129750518983, 'fill_ratio_min': 0.11325524082530075, 'merge_distance': 31}. Best is trial 76 with value: 0.3361603336157239.
creating index...
index created!
Loading and preparing results...
DONE (t=0.03s)
creating index...
index created!
Running per image evaluation...
Evaluate annotation type *bbox*
DONE (t=2.44s).
Accumulating evaluation results...
DONE (t=0.35s).
 Average Precision  (AP) @[ IoU=0.50:0.95 | area=   all | maxDets=100 ] = 0.129
 Average Precision  (AP) @[ IoU=0.50      | area=   all | maxDets=100 ] = 0.295
 Average Precision  (AP) @[ IoU=0.75      | area=   all | maxDets=100 ] = 0.091
 Average Precision  (AP) @[ IoU=0.50:0.95 | area= small | maxDets=100 ] = -1.000
 Average Precision  (AP) @[ IoU=0.50:0.95 | area=medium | maxDets=100 ] = 0.033
 Average Precision  (AP) @[ IoU=0.50:0.95 | area= large | maxDets=100 ] = 0.257
 Average Recall     (AR) @[ IoU=0.50:0.95 | area=   all | maxDets=  1 ] = 0.112
 Average Recall     (AR) @[ IoU=0.50:0.95 | area=   all | maxDets= 10 ] = 0.227
 Average Recall     (AR) @[ IoU=0.50:0.95 | area=   all | maxDets=100 ] = 0.227
 Average Recall     (AR) @[ IoU=0.50:0.95 | area= small | maxDets=100 ] = -1.000
 Average Recall     (AR) @[ IoU=0.50:0.95 | area=medium | maxDets=100 ] = 0.124
 Average Recall     (AR) @[ IoU=0.50:0.95 | area= large | maxDets=100 ] = 0.346
[I 2026-02-23 13:06:26,447] Trial 97 finished with value: 0.2945643371793809 and parameters: {'alpha': 2.81447223563247, 'std_bias': 4.679877898005841, 'opening_size': 5, 'closing_size': 15, 'dilate_size': 9, 'remove_small_blobs': 177, 'area_min': 1235, 'area_max': 105645, 'aspect_ratio_min': 0.22003448829715472, 'aspect_ratio_max': 10.118576133930363, 'fill_ratio_min': 0.20408087461281568, 'merge_distance': 42}. Best is trial 76 with value: 0.3361603336157239.
creating index...
index created!
Loading and preparing results...
DONE (t=0.03s)
creating index...
index created!
Running per image evaluation...
Evaluate annotation type *bbox*
DONE (t=2.67s).
Accumulating evaluation results...
DONE (t=0.37s).
 Average Precision  (AP) @[ IoU=0.50:0.95 | area=   all | maxDets=100 ] = 0.139
 Average Precision  (AP) @[ IoU=0.50      | area=   all | maxDets=100 ] = 0.324
 Average Precision  (AP) @[ IoU=0.75      | area=   all | maxDets=100 ] = 0.098
 Average Precision  (AP) @[ IoU=0.50:0.95 | area= small | maxDets=100 ] = -1.000
 Average Precision  (AP) @[ IoU=0.50:0.95 | area=medium | maxDets=100 ] = 0.039
 Average Precision  (AP) @[ IoU=0.50:0.95 | area= large | maxDets=100 ] = 0.268
 Average Recall     (AR) @[ IoU=0.50:0.95 | area=   all | maxDets=  1 ] = 0.119
 Average Recall     (AR) @[ IoU=0.50:0.95 | area=   all | maxDets= 10 ] = 0.235
 Average Recall     (AR) @[ IoU=0.50:0.95 | area=   all | maxDets=100 ] = 0.235
 Average Recall     (AR) @[ IoU=0.50:0.95 | area= small | maxDets=100 ] = -1.000
 Average Recall     (AR) @[ IoU=0.50:0.95 | area=medium | maxDets=100 ] = 0.130
 Average Recall     (AR) @[ IoU=0.50:0.95 | area= large | maxDets=100 ] = 0.356
[I 2026-02-23 13:10:24,812] Trial 109 finished with value: 0.3239860807517096 and parameters: {'alpha': 2.8135021620835565, 'std_bias': 4.81344330286696, 'opening_size': 5, 'closing_size': 15, 'dilate_size': 9, 'remove_small_blobs': 635, 'area_min': 1368, 'area_max': 110306, 'aspect_ratio_min': 0.15564201552100235, 'aspect_ratio_max': 13.869966175326491, 'fill_ratio_min': 0.22005948605398784, 'merge_distance': 28}. Best is trial 106 with value: 0.34930707775950676.
creating index...
index created!
Loading and preparing results...
DONE (t=0.18s)
creating index...
index created!
Running per image evaluation...
Evaluate annotation type *bbox*
DONE (t=2.41s).
Accumulating evaluation results...
DONE (t=0.40s).
 Average Precision  (AP) @[ IoU=0.50:0.95 | area=   all | maxDets=100 ] = 0.140
 Average Precision  (AP) @[ IoU=0.50      | area=   all | maxDets=100 ] = 0.325
 Average Precision  (AP) @[ IoU=0.75      | area=   all | maxDets=100 ] = 0.099
 Average Precision  (AP) @[ IoU=0.50:0.95 | area= small | maxDets=100 ] = -1.000
 Average Precision  (AP) @[ IoU=0.50:0.95 | area=medium | maxDets=100 ] = 0.038
 Average Precision  (AP) @[ IoU=0.50:0.95 | area= large | maxDets=100 ] = 0.270
 Average Recall     (AR) @[ IoU=0.50:0.95 | area=   all | maxDets=  1 ] = 0.119
 Average Recall     (AR) @[ IoU=0.50:0.95 | area=   all | maxDets= 10 ] = 0.234
 Average Recall     (AR) @[ IoU=0.50:0.95 | area=   all | maxDets=100 ] = 0.234
 Average Recall     (AR) @[ IoU=0.50:0.95 | area= small | maxDets=100 ] = -1.000
 Average Recall     (AR) @[ IoU=0.50:0.95 | area=medium | maxDets=100 ] = 0.127
 Average Recall     (AR) @[ IoU=0.50:0.95 | area= large | maxDets=100 ] = 0.358
[I 2026-02-23 13:14:16,356] Trial 117 finished with value: 0.3254360436664557 and parameters: {'alpha': 2.8440416518083538, 'std_bias': 4.821957100759634, 'opening_size': 5, 'closing_size': 15, 'dilate_size': 9, 'remove_small_blobs': 725, 'area_min': 1366, 'area_max': 109752, 'aspect_ratio_min': 0.2309868400475977, 'aspect_ratio_max': 14.60472086527456, 'fill_ratio_min': 0.21877261437519546, 'merge_distance': 28}. Best is trial 106 with value: 0.34930707775950676.Best trial: 106. Best value: 0.349307:  56%|█████▌    | 14/25 [1:01:33<49:04, 267.69s/it]Best trial: 106. Best value: 0.349307:  56%|█████▌    | 14/25 [1:01:33<49:04, 267.69s/it]Best trial: 106. Best value: 0.349307:  60%|██████    | 15/25 [1:01:33<42:47, 256.79s/it]                                                                                         Best trial: 106. Best value: 0.349307:  60%|██████    | 15/25 [1:05:49<42:47, 256.79s/it]Best trial: 106. Best value: 0.349307:  60%|██████    | 15/25 [1:05:49<42:47, 256.79s/it]Best trial: 106. Best value: 0.349307:  64%|██████▍   | 16/25 [1:05:49<38:28, 256.53s/it]                                                                                         Best trial: 106. Best value: 0.349307:  64%|██████▍   | 16/25 [1:09:51<38:28, 256.53s/it]Best trial: 106. Best value: 0.349307:  64%|██████▍   | 16/25 [1:09:51<38:28, 256.53s/it]Best trial: 106. Best value: 0.349307:  68%|██████▊   | 17/25 [1:09:51<33:36, 252.11s/it]                                                                                         Best trial: 106. Best value: 0.349307:  68%|██████▊   | 17/25 [1:14:36<33:36, 252.11s/it]Best trial: 106. Best value: 0.349307:  68%|██████▊   | 17/25 [1:14:36<33:36, 252.11s/it]Best trial: 106. Best value: 0.349307:  72%|███████▏  | 18/25 [1:14:36<30:34, 262.04s/it]                                                                                         Best trial: 106. Best value: 0.349307:  72%|███████▏  | 18/25 [1:19:27<30:34, 262.04s/it]Best trial: 106. Best value: 0.349307:  72%|███████▏  | 18/25 [1:19:27<30:34, 262.04s/it]Best trial: 106. Best value: 0.349307:  76%|███████▌  | 19/25 [1:19:27<27:03, 270.61s/it]                                                                                         
creating index...
index created!
Loading and preparing results...
DONE (t=0.02s)
creating index...
index created!
Running per image evaluation...
Evaluate annotation type *bbox*
DONE (t=2.56s).
Accumulating evaluation results...
DONE (t=0.41s).
 Average Precision  (AP) @[ IoU=0.50:0.95 | area=   all | maxDets=100 ] = 0.113
 Average Precision  (AP) @[ IoU=0.50      | area=   all | maxDets=100 ] = 0.300
 Average Precision  (AP) @[ IoU=0.75      | area=   all | maxDets=100 ] = 0.064
 Average Precision  (AP) @[ IoU=0.50:0.95 | area= small | maxDets=100 ] = -1.000
 Average Precision  (AP) @[ IoU=0.50:0.95 | area=medium | maxDets=100 ] = 0.065
 Average Precision  (AP) @[ IoU=0.50:0.95 | area= large | maxDets=100 ] = 0.176
 Average Recall     (AR) @[ IoU=0.50:0.95 | area=   all | maxDets=  1 ] = 0.114
 Average Recall     (AR) @[ IoU=0.50:0.95 | area=   all | maxDets= 10 ] = 0.243
 Average Recall     (AR) @[ IoU=0.50:0.95 | area=   all | maxDets=100 ] = 0.243
 Average Recall     (AR) @[ IoU=0.50:0.95 | area= small | maxDets=100 ] = -1.000
 Average Recall     (AR) @[ IoU=0.50:0.95 | area=medium | maxDets=100 ] = 0.225
 Average Recall     (AR) @[ IoU=0.50:0.95 | area= large | maxDets=100 ] = 0.263
[I 2026-02-23 13:18:32,279] Trial 125 finished with value: 0.3001947785803797 and parameters: {'alpha': 2.0116183238566947, 'std_bias': 4.9364587804573725, 'opening_size': 5, 'closing_size': 7, 'dilate_size': 9, 'remove_small_blobs': 717, 'area_min': 1456, 'area_max': 107102, 'aspect_ratio_min': 0.24923667791153442, 'aspect_ratio_max': 5.02748725430327, 'fill_ratio_min': 0.20070732863063578, 'merge_distance': 23}. Best is trial 106 with value: 0.34930707775950676.
creating index...
index created!
Loading and preparing results...
DONE (t=0.02s)
creating index...
index created!
Running per image evaluation...
Evaluate annotation type *bbox*
DONE (t=2.42s).
Accumulating evaluation results...
DONE (t=0.51s).
 Average Precision  (AP) @[ IoU=0.50:0.95 | area=   all | maxDets=100 ] = 0.136
 Average Precision  (AP) @[ IoU=0.50      | area=   all | maxDets=100 ] = 0.326
 Average Precision  (AP) @[ IoU=0.75      | area=   all | maxDets=100 ] = 0.087
 Average Precision  (AP) @[ IoU=0.50:0.95 | area= small | maxDets=100 ] = -1.000
 Average Precision  (AP) @[ IoU=0.50:0.95 | area=medium | maxDets=100 ] = 0.062
 Average Precision  (AP) @[ IoU=0.50:0.95 | area= large | maxDets=100 ] = 0.230
 Average Recall     (AR) @[ IoU=0.50:0.95 | area=   all | maxDets=  1 ] = 0.121
 Average Recall     (AR) @[ IoU=0.50:0.95 | area=   all | maxDets= 10 ] = 0.245
 Average Recall     (AR) @[ IoU=0.50:0.95 | area=   all | maxDets=100 ] = 0.245
 Average Recall     (AR) @[ IoU=0.50:0.95 | area= small | maxDets=100 ] = -1.000
 Average Recall     (AR) @[ IoU=0.50:0.95 | area=medium | maxDets=100 ] = 0.183
 Average Recall     (AR) @[ IoU=0.50:0.95 | area= large | maxDets=100 ] = 0.316
[I 2026-02-23 13:22:34,122] Trial 133 finished with value: 0.325996252509637 and parameters: {'alpha': 2.487875868432776, 'std_bias': 4.705715736130765, 'opening_size': 5, 'closing_size': 15, 'dilate_size': 9, 'remove_small_blobs': 570, 'area_min': 1534, 'area_max': 114001, 'aspect_ratio_min': 0.2252659374757929, 'aspect_ratio_max': 4.966986380988845, 'fill_ratio_min': 0.22578000230962308, 'merge_distance': 30}. Best is trial 106 with value: 0.34930707775950676.
creating index...
index created!
Loading and preparing results...
DONE (t=0.03s)
creating index...
index created!
Running per image evaluation...
Evaluate annotation type *bbox*
DONE (t=2.87s).
Accumulating evaluation results...
DONE (t=0.46s).
 Average Precision  (AP) @[ IoU=0.50:0.95 | area=   all | maxDets=100 ] = 0.076
 Average Precision  (AP) @[ IoU=0.50      | area=   all | maxDets=100 ] = 0.215
 Average Precision  (AP) @[ IoU=0.75      | area=   all | maxDets=100 ] = 0.041
 Average Precision  (AP) @[ IoU=0.50:0.95 | area= small | maxDets=100 ] = -1.000
 Average Precision  (AP) @[ IoU=0.50:0.95 | area=medium | maxDets=100 ] = 0.061
 Average Precision  (AP) @[ IoU=0.50:0.95 | area= large | maxDets=100 ] = 0.099
 Average Recall     (AR) @[ IoU=0.50:0.95 | area=   all | maxDets=  1 ] = 0.092
 Average Recall     (AR) @[ IoU=0.50:0.95 | area=   all | maxDets= 10 ] = 0.226
 Average Recall     (AR) @[ IoU=0.50:0.95 | area=   all | maxDets=100 ] = 0.227
 Average Recall     (AR) @[ IoU=0.50:0.95 | area= small | maxDets=100 ] = -1.000
 Average Recall     (AR) @[ IoU=0.50:0.95 | area=medium | maxDets=100 ] = 0.252
 Average Recall     (AR) @[ IoU=0.50:0.95 | area= large | maxDets=100 ] = 0.197
[I 2026-02-23 13:27:19,272] Trial 141 finished with value: 0.2154838792187257 and parameters: {'alpha': 1.7788935776511443, 'std_bias': 4.337792215754275, 'opening_size': 5, 'closing_size': 7, 'dilate_size': 9, 'remove_small_blobs': 479, 'area_min': 1573, 'area_max': 112752, 'aspect_ratio_min': 0.24197619388905298, 'aspect_ratio_max': 6.0514735097099335, 'fill_ratio_min': 0.26199278871533116, 'merge_distance': 22}. Best is trial 106 with value: 0.34930707775950676.
creating index...
index created!
Loading and preparing results...
DONE (t=0.03s)
creating index...
index created!
Running per image evaluation...
Evaluate annotation type *bbox*
DONE (t=2.92s).
Accumulating evaluation results...
DONE (t=0.47s).
 Average Precision  (AP) @[ IoU=0.50:0.95 | area=   all | maxDets=100 ] = 0.043
 Average Precision  (AP) @[ IoU=0.50      | area=   all | maxDets=100 ] = 0.148
 Average Precision  (AP) @[ IoU=0.75      | area=   all | maxDets=100 ] = 0.018
 Average Precision  (AP) @[ IoU=0.50:0.95 | area= small | maxDets=100 ] = -1.000
 Average Precision  (AP) @[ IoU=0.50:0.95 | area=medium | maxDets=100 ] = 0.014
 Average Precision  (AP) @[ IoU=0.50:0.95 | area= large | maxDets=100 ] = 0.084
 Average Recall     (AR) @[ IoU=0.50:0.95 | area=   all | maxDets=  1 ] = 0.070
 Average Recall     (AR) @[ IoU=0.50:0.95 | area=   all | maxDets= 10 ] = 0.149
 Average Recall     (AR) @[ IoU=0.50:0.95 | area=   all | maxDets=100 ] = 0.149
 Average Recall     (AR) @[ IoU=0.50:0.95 | area= small | maxDets=100 ] = -1.000
 Average Recall     (AR) @[ IoU=0.50:0.95 | area=medium | maxDets=100 ] = 0.113
 Average Recall     (AR) @[ IoU=0.50:0.95 | area= large | maxDets=100 ] = 0.191
[I 2026-02-23 13:32:09,847] Trial 150 finished with value: 0.14839382568491077 and parameters: {'alpha': 3.0812399116090816, 'std_bias': 0.5384649160194008, 'opening_size': 5, 'closing_size': 7, 'dilate_size': 9, 'remove_small_blobs': 512, 'area_min': 1413, 'area_max': 107006, 'aspect_ratio_min': 0.23595167018840352, 'aspect_ratio_max': 5.208708858155232, 'fill_ratio_min': 0.2707194749384043, 'merge_distance': 16}. Best is trial 106 with value: 0.34930707775950676.
creating index...
index created!
Loading and preparing results...
DONE (t=0.03s)
creating index...
index created!
Running per image evaluation...
Evaluate annotation type *bbox*
DONE (t=2.65s).
Accumulating evaluation results...
DONE (t=0.41s).
 Average Precision  (AP) @[ IoU=0.50:0.95 | area=   all | maxDets=100 ] = 0.086
 Average Precision  (AP) @[ IoU=0.50      | area=   all | maxDets=100 ] = 0.220
 Average Precision  (AP) @[ IoU=0.75      | area=   all | maxDets=100 ] = 0.048
 Average Precision  (AP) @[ IoU=0.50:0.95 | area= small | maxDets=100 ] = -1.000
 Average Precision  (AP) @[ IoU=0.50:0.95 | area=medium | maxDets=100 ] = 0.068
 Average Precision  (AP) @[ IoU=0.50:0.95 | area= large | maxDets=100 ] = 0.114
 Average Recall     (AR) @[ IoU=0.50:0.95 | area=   all | maxDets=  1 ] = 0.080
 Average Recall     (AR) @[ IoU=0.50:0.95 | area=   all | maxDets= 10 ] = 0.229
 Average Recall     (AR) @[ IoU=0.50:0.95 | area=   all | maxDets=100 ] = 0.229
 Average Recall     (AR) @[ IoU=0.50:0.95 | area= small | maxDets=100 ] = -1.000
 Average Recall     (AR) @[ IoU=0.50:0.95 | area=medium | maxDets=100 ] = 0.232
 Average Recall     (AR) @[ IoU=0.50:0.95 | area= large | maxDets=100 ] = 0.226
