[I 2026-02-23 12:12:12,465] A new study created in RDB with name: still_no_temporal
Loading annotations and video...
Starting optimization for study 'still_no_temporal'
Using temporal detector: False
Database: optuna_still_no_temporal.db
Number of trials: 25

To run in parallel, execute this same command in multiple terminals.
--------------------------------------------------------------------------------
  0%|          | 0/25 [00:00<?, ?it/s]                                        0%|          | 0/25 [04:15<?, ?it/s]Best trial: 4. Best value: 0.27257:   0%|          | 0/25 [04:15<?, ?it/s]Best trial: 4. Best value: 0.27257:   4%|▍         | 1/25 [04:15<1:42:00, 255.04s/it]                                                                                     Best trial: 4. Best value: 0.27257:   4%|▍         | 1/25 [08:42<1:42:00, 255.04s/it]Best trial: 4. Best value: 0.27257:   4%|▍         | 1/25 [08:42<1:42:00, 255.04s/it]Best trial: 4. Best value: 0.27257:   8%|▊         | 2/25 [08:42<1:40:35, 262.39s/it]                                                                                     Best trial: 4. Best value: 0.27257:   8%|▊         | 2/25 [11:56<1:40:35, 262.39s/it]Best trial: 4. Best value: 0.27257:   8%|▊         | 2/25 [11:56<1:40:35, 262.39s/it]Best trial: 4. Best value: 0.27257:  12%|█▏        | 3/25 [11:56<1:24:42, 231.01s/it]                                                                                     Best trial: 4. Best value: 0.27257:  12%|█▏        | 3/25 [16:18<1:24:42, 231.01s/it]Best trial: 25. Best value: 0.291943:  12%|█▏        | 3/25 [16:18<1:24:42, 231.01s/it]Best trial: 25. Best value: 0.291943:  16%|█▌        | 4/25 [16:18<1:25:13, 243.50s/it]                                                                                       creating index...
index created!
Loading and preparing results...
DONE (t=0.02s)
creating index...
index created!
Running per image evaluation...
Evaluate annotation type *bbox*
DONE (t=2.25s).
Accumulating evaluation results...
DONE (t=0.42s).
 Average Precision  (AP) @[ IoU=0.50:0.95 | area=   all | maxDets=100 ] = 0.075
 Average Precision  (AP) @[ IoU=0.50      | area=   all | maxDets=100 ] = 0.183
 Average Precision  (AP) @[ IoU=0.75      | area=   all | maxDets=100 ] = 0.050
 Average Precision  (AP) @[ IoU=0.50:0.95 | area= small | maxDets=100 ] = -1.000
 Average Precision  (AP) @[ IoU=0.50:0.95 | area=medium | maxDets=100 ] = 0.040
 Average Precision  (AP) @[ IoU=0.50:0.95 | area= large | maxDets=100 ] = 0.123
 Average Recall     (AR) @[ IoU=0.50:0.95 | area=   all | maxDets=  1 ] = 0.079
 Average Recall     (AR) @[ IoU=0.50:0.95 | area=   all | maxDets= 10 ] = 0.205
 Average Recall     (AR) @[ IoU=0.50:0.95 | area=   all | maxDets=100 ] = 0.205
 Average Recall     (AR) @[ IoU=0.50:0.95 | area= small | maxDets=100 ] = -1.000
 Average Recall     (AR) @[ IoU=0.50:0.95 | area=medium | maxDets=100 ] = 0.183
 Average Recall     (AR) @[ IoU=0.50:0.95 | area= large | maxDets=100 ] = 0.230
[I 2026-02-23 12:16:27,502] Trial 0 finished with value: 0.1826493070209289 and parameters: {'alpha': 3.4831884546588467, 'std_bias': 3.214581362870507, 'opening_size': 3, 'closing_size': 17, 'dilate_size': 9, 'remove_small_blobs': 553, 'area_min': 1031, 'area_max': 71864, 'aspect_ratio_min': 0.1398563148958443, 'aspect_ratio_max': 5.091854861770729, 'fill_ratio_min': 0.1359394146174602, 'merge_distance': 47}. Best is trial 4 with value: 0.2725697418499596.
creating index...
index created!
Loading and preparing results...
DONE (t=0.02s)
creating index...
index created!
Running per image evaluation...
Evaluate annotation type *bbox*
DONE (t=1.89s).
Accumulating evaluation results...
DONE (t=0.38s).
 Average Precision  (AP) @[ IoU=0.50:0.95 | area=   all | maxDets=100 ] = 0.086
 Average Precision  (AP) @[ IoU=0.50      | area=   all | maxDets=100 ] = 0.208
 Average Precision  (AP) @[ IoU=0.75      | area=   all | maxDets=100 ] = 0.051
 Average Precision  (AP) @[ IoU=0.50:0.95 | area= small | maxDets=100 ] = -1.000
 Average Precision  (AP) @[ IoU=0.50:0.95 | area=medium | maxDets=100 ] = 0.005
 Average Precision  (AP) @[ IoU=0.50:0.95 | area= large | maxDets=100 ] = 0.192
 Average Recall     (AR) @[ IoU=0.50:0.95 | area=   all | maxDets=  1 ] = 0.090
 Average Recall     (AR) @[ IoU=0.50:0.95 | area=   all | maxDets= 10 ] = 0.139
 Average Recall     (AR) @[ IoU=0.50:0.95 | area=   all | maxDets=100 ] = 0.139
 Average Recall     (AR) @[ IoU=0.50:0.95 | area= small | maxDets=100 ] = -1.000
 Average Recall     (AR) @[ IoU=0.50:0.95 | area=medium | maxDets=100 ] = 0.026
 Average Recall     (AR) @[ IoU=0.50:0.95 | area= large | maxDets=100 ] = 0.271
[I 2026-02-23 12:20:55,050] Trial 12 finished with value: 0.20781164231356886 and parameters: {'alpha': 4.493924273838886, 'std_bias': 0.2593160439631831, 'opening_size': 5, 'closing_size': 17, 'dilate_size': 5, 'remove_small_blobs': 153, 'area_min': 1347, 'area_max': 81686, 'aspect_ratio_min': 0.1984309000659569, 'aspect_ratio_max': 6.761472034310248, 'fill_ratio_min': 0.29624962934124555, 'merge_distance': 45}. Best is trial 4 with value: 0.2725697418499596.
creating index...
index created!
Loading and preparing results...
DONE (t=0.01s)
creating index...
index created!
Running per image evaluation...
Evaluate annotation type *bbox*
DONE (t=1.86s).
Accumulating evaluation results...
DONE (t=0.44s).
 Average Precision  (AP) @[ IoU=0.50:0.95 | area=   all | maxDets=100 ] = 0.097
 Average Precision  (AP) @[ IoU=0.50      | area=   all | maxDets=100 ] = 0.183
 Average Precision  (AP) @[ IoU=0.75      | area=   all | maxDets=100 ] = 0.090
 Average Precision  (AP) @[ IoU=0.50:0.95 | area= small | maxDets=100 ] = -1.000
 Average Precision  (AP) @[ IoU=0.50:0.95 | area=medium | maxDets=100 ] = 0.002
 Average Precision  (AP) @[ IoU=0.50:0.95 | area= large | maxDets=100 ] = 0.285
 Average Recall     (AR) @[ IoU=0.50:0.95 | area=   all | maxDets=  1 ] = 0.118
 Average Recall     (AR) @[ IoU=0.50:0.95 | area=   all | maxDets= 10 ] = 0.193
 Average Recall     (AR) @[ IoU=0.50:0.95 | area=   all | maxDets=100 ] = 0.193
 Average Recall     (AR) @[ IoU=0.50:0.95 | area= small | maxDets=100 ] = -1.000
 Average Recall     (AR) @[ IoU=0.50:0.95 | area=medium | maxDets=100 ] = 0.010
 Average Recall     (AR) @[ IoU=0.50:0.95 | area= large | maxDets=100 ] = 0.405
[I 2026-02-23 12:24:08,721] Trial 19 finished with value: 0.18285152293490012 and parameters: {'alpha': 5.335907260515679, 'std_bias': 4.874929318652049, 'opening_size': 5, 'closing_size': 9, 'dilate_size': 7, 'remove_small_blobs': 946, 'area_min': 503, 'area_max': 105417, 'aspect_ratio_min': 0.2256223343870807, 'aspect_ratio_max': 10.841511720437726, 'fill_ratio_min': 0.18293082893784746, 'merge_distance': 31}. Best is trial 4 with value: 0.2725697418499596.
creating index...
index created!
Loading and preparing results...
DONE (t=0.04s)
creating index...
index created!
Running per image evaluation...
Evaluate annotation type *bbox*
DONE (t=3.82s).
Accumulating evaluation results...
DONE (t=0.52s).
 Average Precision  (AP) @[ IoU=0.50:0.95 | area=   all | maxDets=100 ] = 0.061
 Average Precision  (AP) @[ IoU=0.50      | area=   all | maxDets=100 ] = 0.173
 Average Precision  (AP) @[ IoU=0.75      | area=   all | maxDets=100 ] = 0.030
 Average Precision  (AP) @[ IoU=0.50:0.95 | area= small | maxDets=100 ] = -1.000
 Average Precision  (AP) @[ IoU=0.50:0.95 | area=medium | maxDets=100 ] = 0.052
 Average Precision  (AP) @[ IoU=0.50:0.95 | area= large | maxDets=100 ] = 0.076
 Average Recall     (AR) @[ IoU=0.50:0.95 | area=   all | maxDets=  1 ] = 0.089
 Average Recall     (AR) @[ IoU=0.50:0.95 | area=   all | maxDets= 10 ] = 0.199
 Average Recall     (AR) @[ IoU=0.50:0.95 | area=   all | maxDets=100 ] = 0.199
 Average Recall     (AR) @[ IoU=0.50:0.95 | area= small | maxDets=100 ] = -1.000
 Average Recall     (AR) @[ IoU=0.50:0.95 | area=medium | maxDets=100 ] = 0.233
 Average Recall     (AR) @[ IoU=0.50:0.95 | area= large | maxDets=100 ] = 0.160
[I 2026-02-23 12:28:31,357] Trial 27 finished with value: 0.17339213486209326 and parameters: {'alpha': 2.8028487193656426, 'std_bias': 2.830446721980558, 'opening_size': 3, 'closing_size': 5, 'dilate_size': 7, 'remove_small_blobs': 854, 'area_min': 1167, 'area_max': 54264, 'aspect_ratio_min': 0.10125859246922843, 'aspect_ratio_max': 14.795437519556796, 'fill_ratio_min': 0.10464328587964358, 'merge_distance': 24}. Best is trial 25 with value: 0.2919433882459592.
creating index...
index created!
Loading and preparing results...
DONE (t=0.15s)
creating index...
index created!
Running per image evaluation...
Evaluate annotation type *bbox*
DONE (t=2.48s).
Accumulating evaluation results...
DONE (t=0.34s).
 Average Precision  (AP) @[ IoU=0.50:0.95 | area=   all | maxDets=100 ] = 0.036
 Average Precision  (AP) @[ IoU=0.50      | area=   all | maxDets=100 ] = 0.115
 Average Precision  (AP) @[ IoU=0.75      | area=   all | maxDets=100 ] = 0.024
 Average Precision  (AP) @[ IoU=0.50:0.95 | area= small | maxDets=100 ] = -1.000
 Average Precision  (AP) @[ IoU=0.50:0.95 | area=medium | maxDets=100 ] = 0.028
 Average Precision  (AP) @[ IoU=0.50:0.95 | area= large | maxDets=100 ] = 0.043
 Average Recall     (AR) @[ IoU=0.50:0.95 | area=   all | maxDets=  1 ] = 0.051
 Average Recall     (AR) @[ IoU=0.50:0.95 | area=   all | maxDets= 10 ] = 0.146
 Average Recall     (AR) @[ IoU=0.50:0.95 | area=   all | maxDets=100 ] = 0.146
 Average Recall     (AR) @[ IoU=0.50:0.95 | area= small | maxDets=100 ] = -1.000
 Average Recall     (AR) @[ IoU=0.50:0.95 | area=medium | maxDets=100 ] = 0.165
 Average Recall     (AR) @[ IoU=0.50:0.95 | area= large | maxDets=100 ] = 0.125
[I 2026-02-23 12:33:58,444] Trial 36 finished with value: 0.11534509459876095 and parameters: {'alpha': 1.83520312844409, 'std_bias': 3.8791139724936974, 'opening_size': 3, 'closing_size': 5, 'dilate_size': 9, 'remove_small_blobs': 507, 'area_min': 1814, 'area_max': 138459, 'aspect_ratio_min': 0.12706638730961312, 'aspect_ratio_max': 7.449364203459584, 'fill_ratio_min': 0.1248413411595291, 'merge_distance': 21}. Best is trial 25 with value: 0.2919433882459592.Best trial: 25. Best value: 0.291943:  16%|█▌        | 4/25 [21:45<1:25:13, 243.50s/it]Best trial: 25. Best value: 0.291943:  16%|█▌        | 4/25 [21:45<1:25:13, 243.50s/it]Best trial: 25. Best value: 0.291943:  20%|██        | 5/25 [21:45<1:31:12, 273.64s/it]                                                                                       Best trial: 25. Best value: 0.291943:  20%|██        | 5/25 [25:58<1:31:12, 273.64s/it]Best trial: 45. Best value: 0.29937:  20%|██        | 5/25 [25:58<1:31:12, 273.64s/it] Best trial: 45. Best value: 0.29937:  24%|██▍       | 6/25 [25:58<1:24:22, 266.46s/it]                                                                                      Best trial: 45. Best value: 0.29937:  24%|██▍       | 6/25 [30:16<1:24:22, 266.46s/it]Best trial: 53. Best value: 0.30211:  24%|██▍       | 6/25 [30:16<1:24:22, 266.46s/it]Best trial: 53. Best value: 0.30211:  28%|██▊       | 7/25 [30:16<1:19:06, 263.72s/it]                                                                                      Best trial: 53. Best value: 0.30211:  28%|██▊       | 7/25 [34:16<1:19:06, 263.72s/it]Best trial: 59. Best value: 0.308346:  28%|██▊       | 7/25 [34:16<1:19:06, 263.72s/it]Best trial: 59. Best value: 0.308346:  32%|███▏      | 8/25 [34:16<1:12:34, 256.16s/it]                                                                                       Best trial: 59. Best value: 0.308346:  32%|███▏      | 8/25 [38:36<1:12:34, 256.16s/it]Best trial: 70. Best value: 0.309838:  32%|███▏      | 8/25 [38:36<1:12:34, 256.16s/it]Best trial: 70. Best value: 0.309838:  36%|███▌      | 9/25 [38:36<1:08:35, 257.24s/it]                                                                                       
creating index...
index created!
Loading and preparing results...
DONE (t=0.02s)
creating index...
index created!
Running per image evaluation...
Evaluate annotation type *bbox*
DONE (t=2.33s).
Accumulating evaluation results...
DONE (t=0.45s).
 Average Precision  (AP) @[ IoU=0.50:0.95 | area=   all | maxDets=100 ] = 0.135
 Average Precision  (AP) @[ IoU=0.50      | area=   all | maxDets=100 ] = 0.288
 Average Precision  (AP) @[ IoU=0.75      | area=   all | maxDets=100 ] = 0.104
 Average Precision  (AP) @[ IoU=0.50:0.95 | area= small | maxDets=100 ] = -1.000
 Average Precision  (AP) @[ IoU=0.50:0.95 | area=medium | maxDets=100 ] = 0.023
 Average Precision  (AP) @[ IoU=0.50:0.95 | area= large | maxDets=100 ] = 0.267
 Average Recall     (AR) @[ IoU=0.50:0.95 | area=   all | maxDets=  1 ] = 0.118
 Average Recall     (AR) @[ IoU=0.50:0.95 | area=   all | maxDets= 10 ] = 0.197
 Average Recall     (AR) @[ IoU=0.50:0.95 | area=   all | maxDets=100 ] = 0.197
 Average Recall     (AR) @[ IoU=0.50:0.95 | area= small | maxDets=100 ] = -1.000
 Average Recall     (AR) @[ IoU=0.50:0.95 | area=medium | maxDets=100 ] = 0.058
 Average Recall     (AR) @[ IoU=0.50:0.95 | area= large | maxDets=100 ] = 0.358
[I 2026-02-23 12:38:10,948] Trial 48 finished with value: 0.2882107356568101 and parameters: {'alpha': 3.361886694296394, 'std_bias': 3.357887396442708, 'opening_size': 5, 'closing_size': 13, 'dilate_size': 9, 'remove_small_blobs': 347, 'area_min': 1939, 'area_max': 126064, 'aspect_ratio_min': 0.1131807402815779, 'aspect_ratio_max': 13.787132951860242, 'fill_ratio_min': 0.1536873816352206, 'merge_distance': 35}. Best is trial 45 with value: 0.2993697420232575.
creating index...
index created!
Loading and preparing results...
DONE (t=0.02s)
creating index...
index created!
Running per image evaluation...
Evaluate annotation type *bbox*
DONE (t=2.05s).
Accumulating evaluation results...
DONE (t=0.52s).
 Average Precision  (AP) @[ IoU=0.50:0.95 | area=   all | maxDets=100 ] = 0.130
 Average Precision  (AP) @[ IoU=0.50      | area=   all | maxDets=100 ] = 0.289
 Average Precision  (AP) @[ IoU=0.75      | area=   all | maxDets=100 ] = 0.090
 Average Precision  (AP) @[ IoU=0.50:0.95 | area= small | maxDets=100 ] = -1.000
 Average Precision  (AP) @[ IoU=0.50:0.95 | area=medium | maxDets=100 ] = 0.028
 Average Precision  (AP) @[ IoU=0.50:0.95 | area= large | maxDets=100 ] = 0.248
 Average Recall     (AR) @[ IoU=0.50:0.95 | area=   all | maxDets=  1 ] = 0.111
 Average Recall     (AR) @[ IoU=0.50:0.95 | area=   all | maxDets= 10 ] = 0.189
 Average Recall     (AR) @[ IoU=0.50:0.95 | area=   all | maxDets=100 ] = 0.189
 Average Recall     (AR) @[ IoU=0.50:0.95 | area= small | maxDets=100 ] = -1.000
 Average Recall     (AR) @[ IoU=0.50:0.95 | area=medium | maxDets=100 ] = 0.065
 Average Recall     (AR) @[ IoU=0.50:0.95 | area= large | maxDets=100 ] = 0.333
[I 2026-02-23 12:42:29,029] Trial 56 finished with value: 0.2887462480588045 and parameters: {'alpha': 3.1913073396962366, 'std_bias': 3.2180689226316876, 'opening_size': 5, 'closing_size': 13, 'dilate_size': 9, 'remove_small_blobs': 359, 'area_min': 1949, 'area_max': 128318, 'aspect_ratio_min': 0.11226944269080705, 'aspect_ratio_max': 14.206358937428744, 'fill_ratio_min': 0.1457160364527645, 'merge_distance': 39}. Best is trial 53 with value: 0.30210954318543926.
creating index...
index created!
Loading and preparing results...
DONE (t=0.02s)
creating index...
index created!
Running per image evaluation...
Evaluate annotation type *bbox*
DONE (t=1.94s).
Accumulating evaluation results...
DONE (t=0.49s).
 Average Precision  (AP) @[ IoU=0.50:0.95 | area=   all | maxDets=100 ] = 0.087
 Average Precision  (AP) @[ IoU=0.50      | area=   all | maxDets=100 ] = 0.191
 Average Precision  (AP) @[ IoU=0.75      | area=   all | maxDets=100 ] = 0.065
 Average Precision  (AP) @[ IoU=0.50:0.95 | area= small | maxDets=100 ] = -1.000
 Average Precision  (AP) @[ IoU=0.50:0.95 | area=medium | maxDets=100 ] = 0.002
 Average Precision  (AP) @[ IoU=0.50:0.95 | area= large | maxDets=100 ] = 0.206
 Average Recall     (AR) @[ IoU=0.50:0.95 | area=   all | maxDets=  1 ] = 0.094
 Average Recall     (AR) @[ IoU=0.50:0.95 | area=   all | maxDets= 10 ] = 0.148
 Average Recall     (AR) @[ IoU=0.50:0.95 | area=   all | maxDets=100 ] = 0.148
 Average Recall     (AR) @[ IoU=0.50:0.95 | area= small | maxDets=100 ] = -1.000
 Average Recall     (AR) @[ IoU=0.50:0.95 | area=medium | maxDets=100 ] = 0.009
 Average Recall     (AR) @[ IoU=0.50:0.95 | area= large | maxDets=100 ] = 0.309
[I 2026-02-23 12:46:28,994] Trial 64 finished with value: 0.1907239210608589 and parameters: {'alpha': 3.8551199795737134, 'std_bias': 2.278000960132257, 'opening_size': 7, 'closing_size': 17, 'dilate_size': 5, 'remove_small_blobs': 243, 'area_min': 1704, 'area_max': 119593, 'aspect_ratio_min': 0.1341934811402843, 'aspect_ratio_max': 12.982130219523096, 'fill_ratio_min': 0.13521860790868562, 'merge_distance': 37}. Best is trial 59 with value: 0.30834572496878.
creating index...
index created!
Loading and preparing results...
DONE (t=0.02s)
creating index...
index created!
Running per image evaluation...
Evaluate annotation type *bbox*
DONE (t=2.36s).
Accumulating evaluation results...
DONE (t=0.39s).
 Average Precision  (AP) @[ IoU=0.50:0.95 | area=   all | maxDets=100 ] = 0.123
 Average Precision  (AP) @[ IoU=0.50      | area=   all | maxDets=100 ] = 0.298
 Average Precision  (AP) @[ IoU=0.75      | area=   all | maxDets=100 ] = 0.077
 Average Precision  (AP) @[ IoU=0.50:0.95 | area= small | maxDets=100 ] = -1.000
 Average Precision  (AP) @[ IoU=0.50:0.95 | area=medium | maxDets=100 ] = 0.034
 Average Precision  (AP) @[ IoU=0.50:0.95 | area= large | maxDets=100 ] = 0.233
 Average Recall     (AR) @[ IoU=0.50:0.95 | area=   all | maxDets=  1 ] = 0.108
 Average Recall     (AR) @[ IoU=0.50:0.95 | area=   all | maxDets= 10 ] = 0.198
 Average Recall     (AR) @[ IoU=0.50:0.95 | area=   all | maxDets=100 ] = 0.198
 Average Recall     (AR) @[ IoU=0.50:0.95 | area= small | maxDets=100 ] = -1.000
 Average Recall     (AR) @[ IoU=0.50:0.95 | area=medium | maxDets=100 ] = 0.096
 Average Recall     (AR) @[ IoU=0.50:0.95 | area= large | maxDets=100 ] = 0.316
[I 2026-02-23 12:50:48,629] Trial 72 finished with value: 0.298091726183188 and parameters: {'alpha': 3.020516670623088, 'std_bias': 3.0375263435040196, 'opening_size': 5, 'closing_size': 13, 'dilate_size': 9, 'remove_small_blobs': 404, 'area_min': 1642, 'area_max': 123114, 'aspect_ratio_min': 0.10624301993235756, 'aspect_ratio_max': 12.441881129933558, 'fill_ratio_min': 0.16601405004282802, 'merge_distance': 46}. Best is trial 70 with value: 0.3098383146195337.
creating index...
index created!
Loading and preparing results...
DONE (t=0.02s)
creating index...
index created!
Running per image evaluation...
Evaluate annotation type *bbox*
DONE (t=2.72s).
Accumulating evaluation results...
DONE (t=0.36s).
 Average Precision  (AP) @[ IoU=0.50:0.95 | area=   all | maxDets=100 ] = 0.102
 Average Precision  (AP) @[ IoU=0.50      | area=   all | maxDets=100 ] = 0.266
 Average Precision  (AP) @[ IoU=0.75      | area=   all | maxDets=100 ] = 0.060
 Average Precision  (AP) @[ IoU=0.50:0.95 | area= small | maxDets=100 ] = -1.000
 Average Precision  (AP) @[ IoU=0.50:0.95 | area=medium | maxDets=100 ] = 0.058
 Average Precision  (AP) @[ IoU=0.50:0.95 | area= large | maxDets=100 ] = 0.157
 Average Recall     (AR) @[ IoU=0.50:0.95 | area=   all | maxDets=  1 ] = 0.097
 Average Recall     (AR) @[ IoU=0.50:0.95 | area=   all | maxDets= 10 ] = 0.217
 Average Recall     (AR) @[ IoU=0.50:0.95 | area=   all | maxDets=100 ] = 0.217
 Average Recall     (AR) @[ IoU=0.50:0.95 | area= small | maxDets=100 ] = -1.000
 Average Recall     (AR) @[ IoU=0.50:0.95 | area=medium | maxDets=100 ] = 0.190
 Average Recall     (AR) @[ IoU=0.50:0.95 | area= large | maxDets=100 ] = 0.247
