[I 2026-02-23 14:41:53,850] Trial 74 finished with value: 0.11210130268709266 and parameters: {'alpha': 5.8193469718799244, 'std_bias': 4.619330912976197, 'opening_size': 7, 'closing_size': 20, 'dilate_size': 9, 'remove_small_blobs': 659, 'area_min': 1084, 'area_max': 96610, 'aspect_ratio_min': 0.24982145315998164, 'aspect_ratio_max': 10.504396328318366, 'fill_ratio_min': 0.29903193047008475, 'n_frames': 2, 'temporal_threshold': 0.571619701496721, 'merge_distance': 28}. Best is trial 38 with value: 0.32117286645295584.Best trial: 38. Best value: 0.321173:  36%|███▌      | 9/25 [45:42<1:14:40, 280.06s/it]Best trial: 38. Best value: 0.321173:  36%|███▌      | 9/25 [45:42<1:14:40, 280.06s/it]Best trial: 38. Best value: 0.321173:  40%|████      | 10/25 [45:42<1:05:55, 263.71s/it]                                                                                        Best trial: 38. Best value: 0.321173:  40%|████      | 10/25 [50:07<1:05:55, 263.71s/it]Best trial: 79. Best value: 0.327677:  40%|████      | 10/25 [50:07<1:05:55, 263.71s/it]Best trial: 79. Best value: 0.327677:  44%|████▍     | 11/25 [50:07<1:01:34, 263.91s/it]                                                                                        Best trial: 79. Best value: 0.327677:  44%|████▍     | 11/25 [53:55<1:01:34, 263.91s/it]Best trial: 79. Best value: 0.327677:  44%|████▍     | 11/25 [53:55<1:01:34, 263.91s/it]Best trial: 79. Best value: 0.327677:  48%|████▊     | 12/25 [53:55<54:50, 253.09s/it]                                                                                        Best trial: 79. Best value: 0.327677:  48%|████▊     | 12/25 [58:05<54:50, 253.09s/it]Best trial: 79. Best value: 0.327677:  48%|████▊     | 12/25 [58:05<54:50, 253.09s/it]Best trial: 79. Best value: 0.327677:  52%|█████▏    | 13/25 [58:05<50:25, 252.15s/it]                                                                                      Best trial: 79. Best value: 0.327677:  52%|█████▏    | 13/25 [1:02:06<50:25, 252.15s/it]Best trial: 101. Best value: 0.351274:  52%|█████▏    | 13/25 [1:02:06<50:25, 252.15s/it]Best trial: 101. Best value: 0.351274:  56%|█████▌    | 14/25 [1:02:06<45:37, 248.83s/it]                                                                                         
creating index...
index created!
Loading and preparing results...
DONE (t=0.03s)
creating index...
index created!
Running per image evaluation...
Evaluate annotation type *bbox*
DONE (t=2.74s).
Accumulating evaluation results...
DONE (t=0.40s).
 Average Precision  (AP) @[ IoU=0.50:0.95 | area=   all | maxDets=100 ] = 0.097
 Average Precision  (AP) @[ IoU=0.50      | area=   all | maxDets=100 ] = 0.215
 Average Precision  (AP) @[ IoU=0.75      | area=   all | maxDets=100 ] = 0.083
 Average Precision  (AP) @[ IoU=0.50:0.95 | area= small | maxDets=100 ] = -1.000
 Average Precision  (AP) @[ IoU=0.50:0.95 | area=medium | maxDets=100 ] = 0.013
 Average Precision  (AP) @[ IoU=0.50:0.95 | area= large | maxDets=100 ] = 0.250
 Average Recall     (AR) @[ IoU=0.50:0.95 | area=   all | maxDets=  1 ] = 0.080
 Average Recall     (AR) @[ IoU=0.50:0.95 | area=   all | maxDets= 10 ] = 0.204
 Average Recall     (AR) @[ IoU=0.50:0.95 | area=   all | maxDets=100 ] = 0.204
 Average Recall     (AR) @[ IoU=0.50:0.95 | area= small | maxDets=100 ] = -1.000
 Average Recall     (AR) @[ IoU=0.50:0.95 | area=medium | maxDets=100 ] = 0.085
 Average Recall     (AR) @[ IoU=0.50:0.95 | area= large | maxDets=100 ] = 0.341
[I 2026-02-23 14:46:18,225] Trial 82 finished with value: 0.21491397365262346 and parameters: {'alpha': 4.996624994903863, 'std_bias': 2.0516959875440013, 'opening_size': 3, 'closing_size': 15, 'dilate_size': 9, 'remove_small_blobs': 628, 'area_min': 879, 'area_max': 87035, 'aspect_ratio_min': 0.2209989580034399, 'aspect_ratio_max': 5.709709724771043, 'fill_ratio_min': 0.2895271676705411, 'n_frames': 2, 'temporal_threshold': 0.5068257325760599, 'merge_distance': 41}. Best is trial 79 with value: 0.3276770672641034.
creating index...
index created!
Loading and preparing results...
DONE (t=0.01s)
creating index...
index created!
Running per image evaluation...
Evaluate annotation type *bbox*
DONE (t=1.49s).
Accumulating evaluation results...
DONE (t=0.27s).
 Average Precision  (AP) @[ IoU=0.50:0.95 | area=   all | maxDets=100 ] = 0.124
 Average Precision  (AP) @[ IoU=0.50      | area=   all | maxDets=100 ] = 0.217
 Average Precision  (AP) @[ IoU=0.75      | area=   all | maxDets=100 ] = 0.118
 Average Precision  (AP) @[ IoU=0.50:0.95 | area= small | maxDets=100 ] = -1.000
 Average Precision  (AP) @[ IoU=0.50:0.95 | area=medium | maxDets=100 ] = 0.003
 Average Precision  (AP) @[ IoU=0.50:0.95 | area= large | maxDets=100 ] = 0.298
 Average Recall     (AR) @[ IoU=0.50:0.95 | area=   all | maxDets=  1 ] = 0.138
 Average Recall     (AR) @[ IoU=0.50:0.95 | area=   all | maxDets= 10 ] = 0.191
 Average Recall     (AR) @[ IoU=0.50:0.95 | area=   all | maxDets=100 ] = 0.191
 Average Recall     (AR) @[ IoU=0.50:0.95 | area= small | maxDets=100 ] = -1.000
 Average Recall     (AR) @[ IoU=0.50:0.95 | area=medium | maxDets=100 ] = 0.010
 Average Recall     (AR) @[ IoU=0.50:0.95 | area= large | maxDets=100 ] = 0.402
[I 2026-02-23 14:50:06,560] Trial 90 finished with value: 0.21734335487717166 and parameters: {'alpha': 6.962411942336528, 'std_bias': 4.026086813520625, 'opening_size': 3, 'closing_size': 11, 'dilate_size': 9, 'remove_small_blobs': 484, 'area_min': 1833, 'area_max': 87546, 'aspect_ratio_min': 0.2315033814323398, 'aspect_ratio_max': 7.523797354646803, 'fill_ratio_min': 0.2758669141411223, 'n_frames': 2, 'temporal_threshold': 0.533524136464757, 'merge_distance': 25}. Best is trial 79 with value: 0.3276770672641034.
creating index...
index created!
Loading and preparing results...
DONE (t=0.02s)
creating index...
index created!
Running per image evaluation...
Evaluate annotation type *bbox*
DONE (t=2.37s).
Accumulating evaluation results...
DONE (t=0.33s).
 Average Precision  (AP) @[ IoU=0.50:0.95 | area=   all | maxDets=100 ] = 0.130
 Average Precision  (AP) @[ IoU=0.50      | area=   all | maxDets=100 ] = 0.241
 Average Precision  (AP) @[ IoU=0.75      | area=   all | maxDets=100 ] = 0.125
 Average Precision  (AP) @[ IoU=0.50:0.95 | area= small | maxDets=100 ] = -1.000
 Average Precision  (AP) @[ IoU=0.50:0.95 | area=medium | maxDets=100 ] = 0.004
 Average Precision  (AP) @[ IoU=0.50:0.95 | area= large | maxDets=100 ] = 0.395
 Average Recall     (AR) @[ IoU=0.50:0.95 | area=   all | maxDets=  1 ] = 0.084
 Average Recall     (AR) @[ IoU=0.50:0.95 | area=   all | maxDets= 10 ] = 0.239
 Average Recall     (AR) @[ IoU=0.50:0.95 | area=   all | maxDets=100 ] = 0.240
 Average Recall     (AR) @[ IoU=0.50:0.95 | area= small | maxDets=100 ] = -1.000
 Average Recall     (AR) @[ IoU=0.50:0.95 | area=medium | maxDets=100 ] = 0.036
 Average Recall     (AR) @[ IoU=0.50:0.95 | area= large | maxDets=100 ] = 0.477
[I 2026-02-23 14:54:16,557] Trial 97 finished with value: 0.24130832015591375 and parameters: {'alpha': 5.378686690292137, 'std_bias': 3.5838980131833726, 'opening_size': 3, 'closing_size': 11, 'dilate_size': 9, 'remove_small_blobs': 556, 'area_min': 733, 'area_max': 103879, 'aspect_ratio_min': 0.12640897807100676, 'aspect_ratio_max': 4.021220953586241, 'fill_ratio_min': 0.2748741561036965, 'n_frames': 2, 'temporal_threshold': 0.5955881053898273, 'merge_distance': 30}. Best is trial 79 with value: 0.3276770672641034.
creating index...
index created!
Loading and preparing results...
DONE (t=0.02s)
creating index...
index created!
Running per image evaluation...
Evaluate annotation type *bbox*
DONE (t=2.22s).
Accumulating evaluation results...
DONE (t=0.32s).
 Average Precision  (AP) @[ IoU=0.50:0.95 | area=   all | maxDets=100 ] = 0.174
 Average Precision  (AP) @[ IoU=0.50      | area=   all | maxDets=100 ] = 0.308
 Average Precision  (AP) @[ IoU=0.75      | area=   all | maxDets=100 ] = 0.178
 Average Precision  (AP) @[ IoU=0.50:0.95 | area= small | maxDets=100 ] = -1.000
 Average Precision  (AP) @[ IoU=0.50:0.95 | area=medium | maxDets=100 ] = 0.010
 Average Precision  (AP) @[ IoU=0.50:0.95 | area= large | maxDets=100 ] = 0.397
 Average Recall     (AR) @[ IoU=0.50:0.95 | area=   all | maxDets=  1 ] = 0.136
 Average Recall     (AR) @[ IoU=0.50:0.95 | area=   all | maxDets= 10 ] = 0.249
 Average Recall     (AR) @[ IoU=0.50:0.95 | area=   all | maxDets=100 ] = 0.250
 Average Recall     (AR) @[ IoU=0.50:0.95 | area= small | maxDets=100 ] = -1.000
 Average Recall     (AR) @[ IoU=0.50:0.95 | area=medium | maxDets=100 ] = 0.042
 Average Recall     (AR) @[ IoU=0.50:0.95 | area= large | maxDets=100 ] = 0.490
[I 2026-02-23 14:58:17,709] Trial 106 finished with value: 0.3080088623125014 and parameters: {'alpha': 5.580938820878946, 'std_bias': 3.4385145447825907, 'opening_size': 3, 'closing_size': 20, 'dilate_size': 7, 'remove_small_blobs': 513, 'area_min': 1397, 'area_max': 111487, 'aspect_ratio_min': 0.1410816781681248, 'aspect_ratio_max': 9.19635742243932, 'fill_ratio_min': 0.26047759220737904, 'n_frames': 2, 'temporal_threshold': 0.5561262885782142, 'merge_distance': 10}. Best is trial 101 with value: 0.35127376327781606.
creating index...
index created!
Loading and preparing results...
DONE (t=0.01s)
creating index...
index created!
Running per image evaluation...
Evaluate annotation type *bbox*
DONE (t=2.27s).
Accumulating evaluation results...
DONE (t=0.36s).
 Average Precision  (AP) @[ IoU=0.50:0.95 | area=   all | maxDets=100 ] = 0.173
 Average Precision  (AP) @[ IoU=0.50      | area=   all | maxDets=100 ] = 0.331
 Average Precision  (AP) @[ IoU=0.75      | area=   all | maxDets=100 ] = 0.166
 Average Precision  (AP) @[ IoU=0.50:0.95 | area= small | maxDets=100 ] = -1.000
 Average Precision  (AP) @[ IoU=0.50:0.95 | area=medium | maxDets=100 ] = 0.039
 Average Precision  (AP) @[ IoU=0.50:0.95 | area= large | maxDets=100 ] = 0.333
 Average Recall     (AR) @[ IoU=0.50:0.95 | area=   all | maxDets=  1 ] = 0.137
 Average Recall     (AR) @[ IoU=0.50:0.95 | area=   all | maxDets= 10 ] = 0.251
 Average Recall     (AR) @[ IoU=0.50:0.95 | area=   all | maxDets=100 ] = 0.251
 Average Recall     (AR) @[ IoU=0.50:0.95 | area= small | maxDets=100 ] = -1.000
 Average Recall     (AR) @[ IoU=0.50:0.95 | area=medium | maxDets=100 ] = 0.090
 Average Recall     (AR) @[ IoU=0.50:0.95 | area= large | maxDets=100 ] = 0.437
[I 2026-02-23 15:02:32,448] Trial 113 finished with value: 0.3305505621847298 and parameters: {'alpha': 4.552249176806144, 'std_bias': 3.3890652320688788, 'opening_size': 3, 'closing_size': 20, 'dilate_size': 7, 'remove_small_blobs': 511, 'area_min': 1975, 'area_max': 144781, 'aspect_ratio_min': 0.13800185009859328, 'aspect_ratio_max': 9.039323994336987, 'fill_ratio_min': 0.26160104979807125, 'n_frames': 2, 'temporal_threshold': 0.46335821870082816, 'merge_distance': 11}. Best is trial 101 with value: 0.35127376327781606.Best trial: 101. Best value: 0.351274:  56%|█████▌    | 14/25 [1:06:21<45:37, 248.83s/it]Best trial: 101. Best value: 0.351274:  56%|█████▌    | 14/25 [1:06:21<45:37, 248.83s/it]Best trial: 101. Best value: 0.351274:  60%|██████    | 15/25 [1:06:21<41:46, 250.61s/it]                                                                                         Best trial: 101. Best value: 0.351274:  60%|██████    | 15/25 [1:10:33<41:46, 250.61s/it]Best trial: 101. Best value: 0.351274:  60%|██████    | 15/25 [1:10:33<41:46, 250.61s/it]Best trial: 101. Best value: 0.351274:  64%|██████▍   | 16/25 [1:10:33<37:40, 251.17s/it]                                                                                         Best trial: 101. Best value: 0.351274:  64%|██████▍   | 16/25 [1:15:21<37:40, 251.17s/it]Best trial: 101. Best value: 0.351274:  64%|██████▍   | 16/25 [1:15:21<37:40, 251.17s/it]Best trial: 101. Best value: 0.351274:  68%|██████▊   | 17/25 [1:15:21<34:56, 262.04s/it]                                                                                         Best trial: 101. Best value: 0.351274:  68%|██████▊   | 17/25 [1:20:37<34:56, 262.04s/it]Best trial: 101. Best value: 0.351274:  68%|██████▊   | 17/25 [1:20:37<34:56, 262.04s/it]Best trial: 101. Best value: 0.351274:  72%|███████▏  | 18/25 [1:20:37<32:28, 278.32s/it]                                                                                         Best trial: 101. Best value: 0.351274:  72%|███████▏  | 18/25 [1:25:11<32:28, 278.32s/it]Best trial: 101. Best value: 0.351274:  72%|███████▏  | 18/25 [1:25:11<32:28, 278.32s/it]Best trial: 101. Best value: 0.351274:  76%|███████▌  | 19/25 [1:25:11<27:41, 276.89s/it]                                                                                         
creating index...
index created!
Loading and preparing results...
DONE (t=0.18s)
creating index...
index created!
Running per image evaluation...
Evaluate annotation type *bbox*
DONE (t=1.76s).
Accumulating evaluation results...
DONE (t=0.31s).
 Average Precision  (AP) @[ IoU=0.50:0.95 | area=   all | maxDets=100 ] = 0.167
 Average Precision  (AP) @[ IoU=0.50      | area=   all | maxDets=100 ] = 0.305
 Average Precision  (AP) @[ IoU=0.75      | area=   all | maxDets=100 ] = 0.166
 Average Precision  (AP) @[ IoU=0.50:0.95 | area= small | maxDets=100 ] = -1.000
 Average Precision  (AP) @[ IoU=0.50:0.95 | area=medium | maxDets=100 ] = 0.022
 Average Precision  (AP) @[ IoU=0.50:0.95 | area= large | maxDets=100 ] = 0.347
 Average Recall     (AR) @[ IoU=0.50:0.95 | area=   all | maxDets=  1 ] = 0.136
 Average Recall     (AR) @[ IoU=0.50:0.95 | area=   all | maxDets= 10 ] = 0.240
 Average Recall     (AR) @[ IoU=0.50:0.95 | area=   all | maxDets=100 ] = 0.240
 Average Recall     (AR) @[ IoU=0.50:0.95 | area= small | maxDets=100 ] = -1.000
 Average Recall     (AR) @[ IoU=0.50:0.95 | area=medium | maxDets=100 ] = 0.061
 Average Recall     (AR) @[ IoU=0.50:0.95 | area= large | maxDets=100 ] = 0.447
[I 2026-02-23 15:06:44,907] Trial 122 finished with value: 0.304885157385377 and parameters: {'alpha': 4.506388268163348, 'std_bias': 3.233840932678338, 'opening_size': 3, 'closing_size': 13, 'dilate_size': 7, 'remove_small_blobs': 607, 'area_min': 1931, 'area_max': 140395, 'aspect_ratio_min': 0.1487181694531003, 'aspect_ratio_max': 9.49562853318695, 'fill_ratio_min': 0.2458638237149518, 'n_frames': 2, 'temporal_threshold': 0.46145406962756486, 'merge_distance': 12}. Best is trial 101 with value: 0.35127376327781606.
creating index...
index created!
Loading and preparing results...
DONE (t=0.03s)
creating index...
index created!
Running per image evaluation...
Evaluate annotation type *bbox*
DONE (t=2.13s).
Accumulating evaluation results...
DONE (t=0.38s).
 Average Precision  (AP) @[ IoU=0.50:0.95 | area=   all | maxDets=100 ] = 0.164
 Average Precision  (AP) @[ IoU=0.50      | area=   all | maxDets=100 ] = 0.331
 Average Precision  (AP) @[ IoU=0.75      | area=   all | maxDets=100 ] = 0.153
 Average Precision  (AP) @[ IoU=0.50:0.95 | area= small | maxDets=100 ] = -1.000
 Average Precision  (AP) @[ IoU=0.50:0.95 | area=medium | maxDets=100 ] = 0.049
 Average Precision  (AP) @[ IoU=0.50:0.95 | area= large | maxDets=100 ] = 0.298
 Average Recall     (AR) @[ IoU=0.50:0.95 | area=   all | maxDets=  1 ] = 0.131
 Average Recall     (AR) @[ IoU=0.50:0.95 | area=   all | maxDets= 10 ] = 0.250
 Average Recall     (AR) @[ IoU=0.50:0.95 | area=   all | maxDets=100 ] = 0.251
 Average Recall     (AR) @[ IoU=0.50:0.95 | area= small | maxDets=100 ] = -1.000
 Average Recall     (AR) @[ IoU=0.50:0.95 | area=medium | maxDets=100 ] = 0.122
 Average Recall     (AR) @[ IoU=0.50:0.95 | area= large | maxDets=100 ] = 0.400
[I 2026-02-23 15:11:32,235] Trial 128 finished with value: 0.33052322207173784 and parameters: {'alpha': 4.523927683405301, 'std_bias': 2.978637427038983, 'opening_size': 3, 'closing_size': 20, 'dilate_size': 9, 'remove_small_blobs': 242, 'area_min': 1990, 'area_max': 136779, 'aspect_ratio_min': 0.12343610809772167, 'aspect_ratio_max': 8.774716770668311, 'fill_ratio_min': 0.24843366570036823, 'n_frames': 2, 'temporal_threshold': 0.4512133133515948, 'merge_distance': 14}. Best is trial 101 with value: 0.35127376327781606.
creating index...
index created!
Loading and preparing results...
DONE (t=0.04s)
creating index...
index created!
Running per image evaluation...
Evaluate annotation type *bbox*
DONE (t=2.50s).
Accumulating evaluation results...
DONE (t=0.50s).
 Average Precision  (AP) @[ IoU=0.50:0.95 | area=   all | maxDets=100 ] = 0.144
 Average Precision  (AP) @[ IoU=0.50      | area=   all | maxDets=100 ] = 0.320
 Average Precision  (AP) @[ IoU=0.75      | area=   all | maxDets=100 ] = 0.120
 Average Precision  (AP) @[ IoU=0.50:0.95 | area= small | maxDets=100 ] = -1.000
 Average Precision  (AP) @[ IoU=0.50:0.95 | area=medium | maxDets=100 ] = 0.050
 Average Precision  (AP) @[ IoU=0.50:0.95 | area= large | maxDets=100 ] = 0.264
 Average Recall     (AR) @[ IoU=0.50:0.95 | area=   all | maxDets=  1 ] = 0.111
 Average Recall     (AR) @[ IoU=0.50:0.95 | area=   all | maxDets= 10 ] = 0.266
 Average Recall     (AR) @[ IoU=0.50:0.95 | area=   all | maxDets=100 ] = 0.266
 Average Recall     (AR) @[ IoU=0.50:0.95 | area= small | maxDets=100 ] = -1.000
 Average Recall     (AR) @[ IoU=0.50:0.95 | area=medium | maxDets=100 ] = 0.172
 Average Recall     (AR) @[ IoU=0.50:0.95 | area= large | maxDets=100 ] = 0.376
[I 2026-02-23 15:16:48,449] Trial 137 finished with value: 0.32017455202031153 and parameters: {'alpha': 4.259299066147681, 'std_bias': 2.869536803400881, 'opening_size': 3, 'closing_size': 20, 'dilate_size': 9, 'remove_small_blobs': 162, 'area_min': 1363, 'area_max': 135550, 'aspect_ratio_min': 0.11302924244907847, 'aspect_ratio_max': 7.840802152488545, 'fill_ratio_min': 0.2174603423577651, 'n_frames': 2, 'temporal_threshold': 0.42490496949268236, 'merge_distance': 11}. Best is trial 101 with value: 0.35127376327781606.
creating index...
index created!
Loading and preparing results...
DONE (t=0.03s)
creating index...
index created!
Running per image evaluation...
Evaluate annotation type *bbox*
DONE (t=2.25s).
Accumulating evaluation results...
DONE (t=0.41s).
 Average Precision  (AP) @[ IoU=0.50:0.95 | area=   all | maxDets=100 ] = 0.127
 Average Precision  (AP) @[ IoU=0.50      | area=   all | maxDets=100 ] = 0.280
 Average Precision  (AP) @[ IoU=0.75      | area=   all | maxDets=100 ] = 0.090
 Average Precision  (AP) @[ IoU=0.50:0.95 | area= small | maxDets=100 ] = -1.000
 Average Precision  (AP) @[ IoU=0.50:0.95 | area=medium | maxDets=100 ] = 0.011
 Average Precision  (AP) @[ IoU=0.50:0.95 | area= large | maxDets=100 ] = 0.278
 Average Recall     (AR) @[ IoU=0.50:0.95 | area=   all | maxDets=  1 ] = 0.109
 Average Recall     (AR) @[ IoU=0.50:0.95 | area=   all | maxDets= 10 ] = 0.197
 Average Recall     (AR) @[ IoU=0.50:0.95 | area=   all | maxDets=100 ] = 0.197
 Average Recall     (AR) @[ IoU=0.50:0.95 | area= small | maxDets=100 ] = -1.000
 Average Recall     (AR) @[ IoU=0.50:0.95 | area=medium | maxDets=100 ] = 0.051
 Average Recall     (AR) @[ IoU=0.50:0.95 | area= large | maxDets=100 ] = 0.367
[I 2026-02-23 15:21:22,017] Trial 145 finished with value: 0.2796901224628299 and parameters: {'alpha': 3.875249208375213, 'std_bias': 2.717559546169597, 'opening_size': 5, 'closing_size': 20, 'dilate_size': 5, 'remove_small_blobs': 132, 'area_min': 1248, 'area_max': 131570, 'aspect_ratio_min': 0.11633981493962597, 'aspect_ratio_max': 8.41726624998303, 'fill_ratio_min': 0.23934585205919046, 'n_frames': 2, 'temporal_threshold': 0.4152695156331145, 'merge_distance': 13}. Best is trial 101 with value: 0.35127376327781606.
creating index...
index created!
Loading and preparing results...
DONE (t=0.02s)
creating index...
index created!
Running per image evaluation...
Evaluate annotation type *bbox*
DONE (t=2.25s).
Accumulating evaluation results...
DONE (t=0.37s).
 Average Precision  (AP) @[ IoU=0.50:0.95 | area=   all | maxDets=100 ] = 0.178
 Average Precision  (AP) @[ IoU=0.50      | area=   all | maxDets=100 ] = 0.332
 Average Precision  (AP) @[ IoU=0.75      | area=   all | maxDets=100 ] = 0.172
 Average Precision  (AP) @[ IoU=0.50:0.95 | area= small | maxDets=100 ] = -1.000
 Average Precision  (AP) @[ IoU=0.50:0.95 | area=medium | maxDets=100 ] = 0.030
 Average Precision  (AP) @[ IoU=0.50:0.95 | area= large | maxDets=100 ] = 0.361
 Average Recall     (AR) @[ IoU=0.50:0.95 | area=   all | maxDets=  1 ] = 0.136
 Average Recall     (AR) @[ IoU=0.50:0.95 | area=   all | maxDets= 10 ] = 0.254
 Average Recall     (AR) @[ IoU=0.50:0.95 | area=   all | maxDets=100 ] = 0.254
 Average Recall     (AR) @[ IoU=0.50:0.95 | area= small | maxDets=100 ] = -1.000
 Average Recall     (AR) @[ IoU=0.50:0.95 | area=medium | maxDets=100 ] = 0.080
 Average Recall     (AR) @[ IoU=0.50:0.95 | area= large | maxDets=100 ] = 0.456
