[I 2026-02-23 15:25:37,525] Trial 152 finished with value: 0.332388649419098 and parameters: {'alpha': 4.779986915667403, 'std_bias': 3.4652944888887545, 'opening_size': 3, 'closing_size': 20, 'dilate_size': 5, 'remove_small_blobs': 276, 'area_min': 1513, 'area_max': 123279, 'aspect_ratio_min': 0.14475824042456809, 'aspect_ratio_max': 7.337600880509664, 'fill_ratio_min': 0.26712405314803767, 'n_frames': 2, 'temporal_threshold': 0.3808499217676018, 'merge_distance': 13}. Best is trial 101 with value: 0.35127376327781606.Best trial: 101. Best value: 0.351274:  76%|███████▌  | 19/25 [1:29:26<27:41, 276.89s/it]Best trial: 101. Best value: 0.351274:  76%|███████▌  | 19/25 [1:29:26<27:41, 276.89s/it]Best trial: 101. Best value: 0.351274:  80%|████████  | 20/25 [1:29:26<22:32, 270.47s/it]                                                                                         Best trial: 101. Best value: 0.351274:  80%|████████  | 20/25 [1:33:57<22:32, 270.47s/it]Best trial: 101. Best value: 0.351274:  80%|████████  | 20/25 [1:33:57<22:32, 270.47s/it]Best trial: 101. Best value: 0.351274:  84%|████████▍ | 21/25 [1:33:57<18:02, 270.51s/it]                                                                                         Best trial: 101. Best value: 0.351274:  84%|████████▍ | 21/25 [1:38:16<18:02, 270.51s/it]Best trial: 101. Best value: 0.351274:  84%|████████▍ | 21/25 [1:38:16<18:02, 270.51s/it]Best trial: 101. Best value: 0.351274:  88%|████████▊ | 22/25 [1:38:16<13:21, 267.19s/it]                                                                                         Best trial: 101. Best value: 0.351274:  88%|████████▊ | 22/25 [1:42:40<13:21, 267.19s/it]Best trial: 172. Best value: 0.353745:  88%|████████▊ | 22/25 [1:42:40<13:21, 267.19s/it]Best trial: 172. Best value: 0.353745:  92%|█████████▏| 23/25 [1:42:40<08:52, 266.16s/it]                                                                                         Best trial: 172. Best value: 0.353745:  92%|█████████▏| 23/25 [1:47:01<08:52, 266.16s/it]Best trial: 172. Best value: 0.353745:  92%|█████████▏| 23/25 [1:47:01<08:52, 266.16s/it]Best trial: 172. Best value: 0.353745:  96%|█████████▌| 24/25 [1:47:01<04:24, 264.63s/it]                                                                                         
creating index...
index created!
Loading and preparing results...
DONE (t=0.02s)
creating index...
index created!
Running per image evaluation...
Evaluate annotation type *bbox*
DONE (t=2.13s).
Accumulating evaluation results...
DONE (t=0.33s).
 Average Precision  (AP) @[ IoU=0.50:0.95 | area=   all | maxDets=100 ] = 0.157
 Average Precision  (AP) @[ IoU=0.50      | area=   all | maxDets=100 ] = 0.282
 Average Precision  (AP) @[ IoU=0.75      | area=   all | maxDets=100 ] = 0.155
 Average Precision  (AP) @[ IoU=0.50:0.95 | area= small | maxDets=100 ] = -1.000
 Average Precision  (AP) @[ IoU=0.50:0.95 | area=medium | maxDets=100 ] = 0.006
 Average Precision  (AP) @[ IoU=0.50:0.95 | area= large | maxDets=100 ] = 0.359
 Average Recall     (AR) @[ IoU=0.50:0.95 | area=   all | maxDets=  1 ] = 0.141
 Average Recall     (AR) @[ IoU=0.50:0.95 | area=   all | maxDets= 10 ] = 0.226
 Average Recall     (AR) @[ IoU=0.50:0.95 | area=   all | maxDets=100 ] = 0.226
 Average Recall     (AR) @[ IoU=0.50:0.95 | area= small | maxDets=100 ] = -1.000
 Average Recall     (AR) @[ IoU=0.50:0.95 | area=medium | maxDets=100 ] = 0.031
 Average Recall     (AR) @[ IoU=0.50:0.95 | area= large | maxDets=100 ] = 0.454
[I 2026-02-23 15:30:08,128] Trial 160 finished with value: 0.2823960278287195 and parameters: {'alpha': 4.381398475025929, 'std_bias': 3.474527337667151, 'opening_size': 3, 'closing_size': 5, 'dilate_size': 5, 'remove_small_blobs': 337, 'area_min': 1440, 'area_max': 146746, 'aspect_ratio_min': 0.12824027307472408, 'aspect_ratio_max': 8.645706824988437, 'fill_ratio_min': 0.23314159547215033, 'n_frames': 2, 'temporal_threshold': 0.47329316096959906, 'merge_distance': 15}. Best is trial 101 with value: 0.35127376327781606.
creating index...
index created!
Loading and preparing results...
DONE (t=0.02s)
creating index...
index created!
Running per image evaluation...
Evaluate annotation type *bbox*
DONE (t=2.27s).
Accumulating evaluation results...
DONE (t=0.38s).
 Average Precision  (AP) @[ IoU=0.50:0.95 | area=   all | maxDets=100 ] = 0.176
 Average Precision  (AP) @[ IoU=0.50      | area=   all | maxDets=100 ] = 0.349
 Average Precision  (AP) @[ IoU=0.75      | area=   all | maxDets=100 ] = 0.161
 Average Precision  (AP) @[ IoU=0.50:0.95 | area= small | maxDets=100 ] = -1.000
 Average Precision  (AP) @[ IoU=0.50:0.95 | area=medium | maxDets=100 ] = 0.044
 Average Precision  (AP) @[ IoU=0.50:0.95 | area= large | maxDets=100 ] = 0.335
 Average Recall     (AR) @[ IoU=0.50:0.95 | area=   all | maxDets=  1 ] = 0.137
 Average Recall     (AR) @[ IoU=0.50:0.95 | area=   all | maxDets= 10 ] = 0.263
 Average Recall     (AR) @[ IoU=0.50:0.95 | area=   all | maxDets=100 ] = 0.263
 Average Recall     (AR) @[ IoU=0.50:0.95 | area= small | maxDets=100 ] = -1.000
 Average Recall     (AR) @[ IoU=0.50:0.95 | area=medium | maxDets=100 ] = 0.109
 Average Recall     (AR) @[ IoU=0.50:0.95 | area= large | maxDets=100 ] = 0.442
[I 2026-02-23 15:34:27,587] Trial 168 finished with value: 0.34862337060567955 and parameters: {'alpha': 4.373792326703954, 'std_bias': 3.606052606754147, 'opening_size': 3, 'closing_size': 20, 'dilate_size': 5, 'remove_small_blobs': 295, 'area_min': 1536, 'area_max': 117983, 'aspect_ratio_min': 0.14181059904013466, 'aspect_ratio_max': 12.918600698725843, 'fill_ratio_min': 0.2098230677667885, 'n_frames': 2, 'temporal_threshold': 0.34185700470306674, 'merge_distance': 12}. Best is trial 101 with value: 0.35127376327781606.
creating index...
index created!
Loading and preparing results...
DONE (t=0.01s)
creating index...
index created!
Running per image evaluation...
Evaluate annotation type *bbox*
DONE (t=2.22s).
Accumulating evaluation results...
DONE (t=0.32s).
 Average Precision  (AP) @[ IoU=0.50:0.95 | area=   all | maxDets=100 ] = 0.062
 Average Precision  (AP) @[ IoU=0.50      | area=   all | maxDets=100 ] = 0.151
 Average Precision  (AP) @[ IoU=0.75      | area=   all | maxDets=100 ] = 0.051
 Average Precision  (AP) @[ IoU=0.50:0.95 | area= small | maxDets=100 ] = -1.000
 Average Precision  (AP) @[ IoU=0.50:0.95 | area=medium | maxDets=100 ] = 0.001
 Average Precision  (AP) @[ IoU=0.50:0.95 | area= large | maxDets=100 ] = 0.168
 Average Recall     (AR) @[ IoU=0.50:0.95 | area=   all | maxDets=  1 ] = 0.082
 Average Recall     (AR) @[ IoU=0.50:0.95 | area=   all | maxDets= 10 ] = 0.136
 Average Recall     (AR) @[ IoU=0.50:0.95 | area=   all | maxDets=100 ] = 0.136
 Average Recall     (AR) @[ IoU=0.50:0.95 | area= small | maxDets=100 ] = -1.000
 Average Recall     (AR) @[ IoU=0.50:0.95 | area=medium | maxDets=100 ] = 0.007
 Average Recall     (AR) @[ IoU=0.50:0.95 | area= large | maxDets=100 ] = 0.287
[I 2026-02-23 15:38:51,335] Trial 176 finished with value: 0.1513026007475014 and parameters: {'alpha': 4.059353831400059, 'std_bias': 3.8328789467004434, 'opening_size': 7, 'closing_size': 9, 'dilate_size': 5, 'remove_small_blobs': 251, 'area_min': 1582, 'area_max': 116518, 'aspect_ratio_min': 0.1361616548187355, 'aspect_ratio_max': 11.380615518986394, 'fill_ratio_min': 0.20379344169228938, 'n_frames': 2, 'temporal_threshold': 0.3268861071672327, 'merge_distance': 12}. Best is trial 172 with value: 0.3537450675064908.
creating index...
index created!
Loading and preparing results...
DONE (t=0.16s)
creating index...
index created!
Running per image evaluation...
Evaluate annotation type *bbox*
DONE (t=2.08s).
Accumulating evaluation results...
DONE (t=0.35s).
 Average Precision  (AP) @[ IoU=0.50:0.95 | area=   all | maxDets=100 ] = 0.181
 Average Precision  (AP) @[ IoU=0.50      | area=   all | maxDets=100 ] = 0.351
 Average Precision  (AP) @[ IoU=0.75      | area=   all | maxDets=100 ] = 0.166
 Average Precision  (AP) @[ IoU=0.50:0.95 | area= small | maxDets=100 ] = -1.000
 Average Precision  (AP) @[ IoU=0.50:0.95 | area=medium | maxDets=100 ] = 0.049
 Average Precision  (AP) @[ IoU=0.50:0.95 | area= large | maxDets=100 ] = 0.339
 Average Recall     (AR) @[ IoU=0.50:0.95 | area=   all | maxDets=  1 ] = 0.138
 Average Recall     (AR) @[ IoU=0.50:0.95 | area=   all | maxDets= 10 ] = 0.269
 Average Recall     (AR) @[ IoU=0.50:0.95 | area=   all | maxDets=100 ] = 0.269
 Average Recall     (AR) @[ IoU=0.50:0.95 | area= small | maxDets=100 ] = -1.000
 Average Recall     (AR) @[ IoU=0.50:0.95 | area=medium | maxDets=100 ] = 0.117
 Average Recall     (AR) @[ IoU=0.50:0.95 | area= large | maxDets=100 ] = 0.445
[I 2026-02-23 15:43:12,406] Trial 184 finished with value: 0.35079890757493015 and parameters: {'alpha': 4.26525671311968, 'std_bias': 3.7156645900775502, 'opening_size': 3, 'closing_size': 20, 'dilate_size': 5, 'remove_small_blobs': 305, 'area_min': 1530, 'area_max': 142306, 'aspect_ratio_min': 0.14062278224989164, 'aspect_ratio_max': 13.227170429521532, 'fill_ratio_min': 0.22375024236229563, 'n_frames': 2, 'temporal_threshold': 0.4865145307105769, 'merge_distance': 18}. Best is trial 172 with value: 0.3537450675064908.
creating index...
index created!
Loading and preparing results...
DONE (t=0.01s)
creating index...
index created!
Running per image evaluation...
Evaluate annotation type *bbox*
DONE (t=1.86s).
Accumulating evaluation results...
DONE (t=0.33s).
 Average Precision  (AP) @[ IoU=0.50:0.95 | area=   all | maxDets=100 ] = 0.182
 Average Precision  (AP) @[ IoU=0.50      | area=   all | maxDets=100 ] = 0.346
 Average Precision  (AP) @[ IoU=0.75      | area=   all | maxDets=100 ] = 0.171
 Average Precision  (AP) @[ IoU=0.50:0.95 | area= small | maxDets=100 ] = -1.000
 Average Precision  (AP) @[ IoU=0.50:0.95 | area=medium | maxDets=100 ] = 0.041
 Average Precision  (AP) @[ IoU=0.50:0.95 | area= large | maxDets=100 ] = 0.354
 Average Recall     (AR) @[ IoU=0.50:0.95 | area=   all | maxDets=  1 ] = 0.138
 Average Recall     (AR) @[ IoU=0.50:0.95 | area=   all | maxDets= 10 ] = 0.266
 Average Recall     (AR) @[ IoU=0.50:0.95 | area=   all | maxDets=100 ] = 0.267
 Average Recall     (AR) @[ IoU=0.50:0.95 | area= small | maxDets=100 ] = -1.000
 Average Recall     (AR) @[ IoU=0.50:0.95 | area=medium | maxDets=100 ] = 0.101
 Average Recall     (AR) @[ IoU=0.50:0.95 | area= large | maxDets=100 ] = 0.459
[I 2026-02-23 15:47:17,572] Trial 192 finished with value: 0.34625112007397546 and parameters: {'alpha': 4.436648802870402, 'std_bias': 3.70808581565866, 'opening_size': 3, 'closing_size': 20, 'dilate_size': 5, 'remove_small_blobs': 343, 'area_min': 1515, 'area_max': 149887, 'aspect_ratio_min': 0.14115992162904525, 'aspect_ratio_max': 14.657966437433824, 'fill_ratio_min': 0.2058856452216539, 'n_frames': 2, 'temporal_threshold': 0.49778732854119956, 'merge_distance': 20}. Best is trial 172 with value: 0.3537450675064908.Best trial: 172. Best value: 0.353745:  96%|█████████▌| 24/25 [1:51:06<04:24, 264.63s/it]Best trial: 172. Best value: 0.353745:  96%|█████████▌| 24/25 [1:51:06<04:24, 264.63s/it]Best trial: 172. Best value: 0.353745: 100%|██████████| 25/25 [1:51:06<00:00, 258.79s/it]Best trial: 172. Best value: 0.353745: 100%|██████████| 25/25 [1:51:06<00:00, 266.67s/it]


================================================================================
OPTIMIZATION COMPLETE
================================================================================

Best AP50: 0.3537

Best hyperparameters:
  alpha: 4.049088355666574
  std_bias: 3.7680655357242996
  opening_size: 3
  closing_size: 20
  dilate_size: 5
  remove_small_blobs: 288
  area_min: 1540
  area_max: 143124
  aspect_ratio_min: 0.13507964293428992
  aspect_ratio_max: 13.066208281183668
  fill_ratio_min: 0.21296140430694807
  n_frames: 2
  temporal_threshold: 0.4929262041892487
  merge_distance: 16

Total trials completed: 198
Results saved to: optuna_still_with_temporal.db

To visualize results, use optuna-dashboard:
  optuna-dashboard sqlite:///optuna_still_with_temporal.db
