[I 2026-02-23 12:12:22,410] Using an existing study with name 'still_no_temporal' instead of creating a new one.
Loading annotations and video...
Starting optimization for study 'still_no_temporal'
Using temporal detector: False
Database: optuna_still_no_temporal.db
Number of trials: 25

To run in parallel, execute this same command in multiple terminals.
--------------------------------------------------------------------------------
  0%|          | 0/25 [00:00<?, ?it/s]                                        0%|          | 0/25 [03:24<?, ?it/s]Best trial: 2. Best value: 0.251234:   0%|          | 0/25 [03:24<?, ?it/s]Best trial: 2. Best value: 0.251234:   4%|▍         | 1/25 [03:24<1:21:45, 204.38s/it]                                                                                      Best trial: 2. Best value: 0.251234:   4%|▍         | 1/25 [07:04<1:21:45, 204.38s/it]Best trial: 4. Best value: 0.27257:   4%|▍         | 1/25 [07:04<1:21:45, 204.38s/it] Best trial: 4. Best value: 0.27257:   8%|▊         | 2/25 [07:04<1:21:58, 213.84s/it]                                                                                     Best trial: 4. Best value: 0.27257:   8%|▊         | 2/25 [10:47<1:21:58, 213.84s/it]Best trial: 4. Best value: 0.27257:   8%|▊         | 2/25 [10:47<1:21:58, 213.84s/it]Best trial: 4. Best value: 0.27257:  12%|█▏        | 3/25 [10:47<1:19:53, 217.91s/it]                                                                                     Best trial: 4. Best value: 0.27257:  12%|█▏        | 3/25 [14:07<1:19:53, 217.91s/it]Best trial: 4. Best value: 0.27257:  12%|█▏        | 3/25 [14:07<1:19:53, 217.91s/it]Best trial: 4. Best value: 0.27257:  16%|█▌        | 4/25 [14:07<1:13:50, 210.98s/it]                                                                                     creating index...
index created!
Loading and preparing results...
DONE (t=0.19s)
creating index...
index created!
Running per image evaluation...
Evaluate annotation type *bbox*
DONE (t=1.58s).
Accumulating evaluation results...
DONE (t=0.30s).
 Average Precision  (AP) @[ IoU=0.50:0.95 | area=   all | maxDets=100 ] = 0.157
 Average Precision  (AP) @[ IoU=0.50      | area=   all | maxDets=100 ] = 0.251
 Average Precision  (AP) @[ IoU=0.75      | area=   all | maxDets=100 ] = 0.163
 Average Precision  (AP) @[ IoU=0.50:0.95 | area= small | maxDets=100 ] = -1.000
 Average Precision  (AP) @[ IoU=0.50:0.95 | area=medium | maxDets=100 ] = 0.004
 Average Precision  (AP) @[ IoU=0.50:0.95 | area= large | maxDets=100 ] = 0.372
 Average Recall     (AR) @[ IoU=0.50:0.95 | area=   all | maxDets=  1 ] = 0.144
 Average Recall     (AR) @[ IoU=0.50:0.95 | area=   all | maxDets= 10 ] = 0.213
 Average Recall     (AR) @[ IoU=0.50:0.95 | area=   all | maxDets=100 ] = 0.213
 Average Recall     (AR) @[ IoU=0.50:0.95 | area= small | maxDets=100 ] = -1.000
 Average Recall     (AR) @[ IoU=0.50:0.95 | area=medium | maxDets=100 ] = 0.013
 Average Recall     (AR) @[ IoU=0.50:0.95 | area= large | maxDets=100 ] = 0.445
[I 2026-02-23 12:15:46,773] Trial 2 finished with value: 0.2512344057598797 and parameters: {'alpha': 6.493540006488204, 'std_bias': 3.391882825361785, 'opening_size': 3, 'closing_size': 20, 'dilate_size': 7, 'remove_small_blobs': 900, 'area_min': 1827, 'area_max': 69065, 'aspect_ratio_min': 0.1512638287437802, 'aspect_ratio_max': 7.980407776268028, 'fill_ratio_min': 0.12600962182879255, 'merge_distance': 29}. Best is trial 2 with value: 0.2512344057598797.
creating index...
index created!
Loading and preparing results...
DONE (t=0.02s)
creating index...
index created!
Running per image evaluation...
Evaluate annotation type *bbox*
DONE (t=1.93s).
Accumulating evaluation results...
DONE (t=0.37s).
 Average Precision  (AP) @[ IoU=0.50:0.95 | area=   all | maxDets=100 ] = 0.137
 Average Precision  (AP) @[ IoU=0.50      | area=   all | maxDets=100 ] = 0.242
 Average Precision  (AP) @[ IoU=0.75      | area=   all | maxDets=100 ] = 0.136
 Average Precision  (AP) @[ IoU=0.50:0.95 | area= small | maxDets=100 ] = -1.000
 Average Precision  (AP) @[ IoU=0.50:0.95 | area=medium | maxDets=100 ] = 0.004
 Average Precision  (AP) @[ IoU=0.50:0.95 | area= large | maxDets=100 ] = 0.322
 Average Recall     (AR) @[ IoU=0.50:0.95 | area=   all | maxDets=  1 ] = 0.126
 Average Recall     (AR) @[ IoU=0.50:0.95 | area=   all | maxDets= 10 ] = 0.197
 Average Recall     (AR) @[ IoU=0.50:0.95 | area=   all | maxDets=100 ] = 0.197
 Average Recall     (AR) @[ IoU=0.50:0.95 | area= small | maxDets=100 ] = -1.000
 Average Recall     (AR) @[ IoU=0.50:0.95 | area=medium | maxDets=100 ] = 0.012
 Average Recall     (AR) @[ IoU=0.50:0.95 | area= large | maxDets=100 ] = 0.412
[I 2026-02-23 12:19:27,243] Trial 8 finished with value: 0.24205862398886516 and parameters: {'alpha': 6.533483467499391, 'std_bias': 1.1825034703665027, 'opening_size': 3, 'closing_size': 7, 'dilate_size': 7, 'remove_small_blobs': 648, 'area_min': 1405, 'area_max': 134778, 'aspect_ratio_min': 0.19074650404226057, 'aspect_ratio_max': 13.153633303484227, 'fill_ratio_min': 0.24302617975152255, 'merge_distance': 41}. Best is trial 4 with value: 0.2725697418499596.
creating index...
index created!
Loading and preparing results...
DONE (t=0.03s)
creating index...
index created!
Running per image evaluation...
Evaluate annotation type *bbox*
DONE (t=2.27s).
Accumulating evaluation results...
DONE (t=0.38s).
 Average Precision  (AP) @[ IoU=0.50:0.95 | area=   all | maxDets=100 ] = 0.083
 Average Precision  (AP) @[ IoU=0.50      | area=   all | maxDets=100 ] = 0.181
 Average Precision  (AP) @[ IoU=0.75      | area=   all | maxDets=100 ] = 0.063
 Average Precision  (AP) @[ IoU=0.50:0.95 | area= small | maxDets=100 ] = -1.000
 Average Precision  (AP) @[ IoU=0.50:0.95 | area=medium | maxDets=100 ] = 0.002
 Average Precision  (AP) @[ IoU=0.50:0.95 | area= large | maxDets=100 ] = 0.215
 Average Recall     (AR) @[ IoU=0.50:0.95 | area=   all | maxDets=  1 ] = 0.094
 Average Recall     (AR) @[ IoU=0.50:0.95 | area=   all | maxDets= 10 ] = 0.156
 Average Recall     (AR) @[ IoU=0.50:0.95 | area=   all | maxDets=100 ] = 0.156
 Average Recall     (AR) @[ IoU=0.50:0.95 | area= small | maxDets=100 ] = -1.000
 Average Recall     (AR) @[ IoU=0.50:0.95 | area=medium | maxDets=100 ] = 0.012
 Average Recall     (AR) @[ IoU=0.50:0.95 | area= large | maxDets=100 ] = 0.323
[I 2026-02-23 12:23:10,007] Trial 16 finished with value: 0.1813534973485927 and parameters: {'alpha': 4.388330081293542, 'std_bias': 2.1457150276111214, 'opening_size': 7, 'closing_size': 15, 'dilate_size': 7, 'remove_small_blobs': 630, 'area_min': 925, 'area_max': 92717, 'aspect_ratio_min': 0.158623893029232, 'aspect_ratio_max': 5.880921523933466, 'fill_ratio_min': 0.25357884977082734, 'merge_distance': 38}. Best is trial 4 with value: 0.2725697418499596.
creating index...
index created!
Loading and preparing results...
DONE (t=0.01s)
creating index...
index created!
Running per image evaluation...
Evaluate annotation type *bbox*
DONE (t=1.58s).
Accumulating evaluation results...
DONE (t=0.30s).
 Average Precision  (AP) @[ IoU=0.50:0.95 | area=   all | maxDets=100 ] = 0.089
 Average Precision  (AP) @[ IoU=0.50      | area=   all | maxDets=100 ] = 0.169
 Average Precision  (AP) @[ IoU=0.75      | area=   all | maxDets=100 ] = 0.079
 Average Precision  (AP) @[ IoU=0.50:0.95 | area= small | maxDets=100 ] = -1.000
 Average Precision  (AP) @[ IoU=0.50:0.95 | area=medium | maxDets=100 ] = 0.001
 Average Precision  (AP) @[ IoU=0.50:0.95 | area= large | maxDets=100 ] = 0.265
 Average Recall     (AR) @[ IoU=0.50:0.95 | area=   all | maxDets=  1 ] = 0.115
 Average Recall     (AR) @[ IoU=0.50:0.95 | area=   all | maxDets= 10 ] = 0.186
 Average Recall     (AR) @[ IoU=0.50:0.95 | area=   all | maxDets=100 ] = 0.186
 Average Recall     (AR) @[ IoU=0.50:0.95 | area= small | maxDets=100 ] = -1.000
 Average Recall     (AR) @[ IoU=0.50:0.95 | area=medium | maxDets=100 ] = 0.009
 Average Recall     (AR) @[ IoU=0.50:0.95 | area= large | maxDets=100 ] = 0.391
[I 2026-02-23 12:26:30,360] Trial 23 finished with value: 0.16855830320079312 and parameters: {'alpha': 5.481232588930043, 'std_bias': 4.986202832745629, 'opening_size': 5, 'closing_size': 9, 'dilate_size': 7, 'remove_small_blobs': 992, 'area_min': 502, 'area_max': 108109, 'aspect_ratio_min': 0.10069894026420312, 'aspect_ratio_max': 10.808879825977982, 'fill_ratio_min': 0.18031285522723647, 'merge_distance': 29}. Best is trial 4 with value: 0.2725697418499596.
creating index...
index created!
Loading and preparing results...
DONE (t=0.01s)
creating index...
index created!
Running per image evaluation...
Evaluate annotation type *bbox*
DONE (t=1.71s).
Accumulating evaluation results...
DONE (t=0.33s).
 Average Precision  (AP) @[ IoU=0.50:0.95 | area=   all | maxDets=100 ] = 0.141
 Average Precision  (AP) @[ IoU=0.50      | area=   all | maxDets=100 ] = 0.241
 Average Precision  (AP) @[ IoU=0.75      | area=   all | maxDets=100 ] = 0.136
 Average Precision  (AP) @[ IoU=0.50:0.95 | area= small | maxDets=100 ] = -1.000
 Average Precision  (AP) @[ IoU=0.50:0.95 | area=medium | maxDets=100 ] = 0.004
 Average Precision  (AP) @[ IoU=0.50:0.95 | area= large | maxDets=100 ] = 0.348
 Average Recall     (AR) @[ IoU=0.50:0.95 | area=   all | maxDets=  1 ] = 0.131
 Average Recall     (AR) @[ IoU=0.50:0.95 | area=   all | maxDets= 10 ] = 0.207
 Average Recall     (AR) @[ IoU=0.50:0.95 | area=   all | maxDets=100 ] = 0.207
 Average Recall     (AR) @[ IoU=0.50:0.95 | area= small | maxDets=100 ] = -1.000
 Average Recall     (AR) @[ IoU=0.50:0.95 | area=medium | maxDets=100 ] = 0.012
 Average Recall     (AR) @[ IoU=0.50:0.95 | area= large | maxDets=100 ] = 0.433
[I 2026-02-23 12:29:47,779] Trial 31 finished with value: 0.2413695138745178 and parameters: {'alpha': 6.9203558821910525, 'std_bias': 2.920101127717059, 'opening_size': 3, 'closing_size': 7, 'dilate_size': 7, 'remove_small_blobs': 817, 'area_min': 1161, 'area_max': 149173, 'aspect_ratio_min': 0.18966681918484582, 'aspect_ratio_max': 8.855434780677092, 'fill_ratio_min': 0.23021937489052008, 'merge_distance': 41}. Best is trial 25 with value: 0.2919433882459592.Best trial: 4. Best value: 0.27257:  16%|█▌        | 4/25 [17:25<1:13:50, 210.98s/it]Best trial: 25. Best value: 0.291943:  16%|█▌        | 4/25 [17:25<1:13:50, 210.98s/it]Best trial: 25. Best value: 0.291943:  20%|██        | 5/25 [17:25<1:08:41, 206.10s/it]                                                                                       Best trial: 25. Best value: 0.291943:  20%|██        | 5/25 [20:51<1:08:41, 206.10s/it]Best trial: 25. Best value: 0.291943:  20%|██        | 5/25 [20:51<1:08:41, 206.10s/it]Best trial: 25. Best value: 0.291943:  24%|██▍       | 6/25 [20:51<1:05:17, 206.17s/it]                                                                                       Best trial: 25. Best value: 0.291943:  24%|██▍       | 6/25 [25:04<1:05:17, 206.17s/it]Best trial: 45. Best value: 0.29937:  24%|██▍       | 6/25 [25:04<1:05:17, 206.17s/it] Best trial: 45. Best value: 0.29937:  28%|██▊       | 7/25 [25:04<1:06:26, 221.46s/it]                                                                                      Best trial: 45. Best value: 0.29937:  28%|██▊       | 7/25 [29:22<1:06:26, 221.46s/it]Best trial: 53. Best value: 0.30211:  28%|██▊       | 7/25 [29:22<1:06:26, 221.46s/it]Best trial: 53. Best value: 0.30211:  32%|███▏      | 8/25 [29:22<1:06:00, 232.98s/it]                                                                                      Best trial: 53. Best value: 0.30211:  32%|███▏      | 8/25 [33:22<1:06:00, 232.98s/it]Best trial: 59. Best value: 0.308346:  32%|███▏      | 8/25 [33:22<1:06:00, 232.98s/it]Best trial: 59. Best value: 0.308346:  36%|███▌      | 9/25 [33:22<1:02:43, 235.21s/it]                                                                                       
creating index...
index created!
Loading and preparing results...
DONE (t=0.01s)
creating index...
index created!
Running per image evaluation...
Evaluate annotation type *bbox*
DONE (t=1.65s).
Accumulating evaluation results...
DONE (t=0.27s).
 Average Precision  (AP) @[ IoU=0.50:0.95 | area=   all | maxDets=100 ] = 0.171
 Average Precision  (AP) @[ IoU=0.50      | area=   all | maxDets=100 ] = 0.270
 Average Precision  (AP) @[ IoU=0.75      | area=   all | maxDets=100 ] = 0.176
 Average Precision  (AP) @[ IoU=0.50:0.95 | area= small | maxDets=100 ] = -1.000
 Average Precision  (AP) @[ IoU=0.50:0.95 | area=medium | maxDets=100 ] = 0.004
 Average Precision  (AP) @[ IoU=0.50:0.95 | area= large | maxDets=100 ] = 0.404
 Average Recall     (AR) @[ IoU=0.50:0.95 | area=   all | maxDets=  1 ] = 0.151
 Average Recall     (AR) @[ IoU=0.50:0.95 | area=   all | maxDets= 10 ] = 0.232
 Average Recall     (AR) @[ IoU=0.50:0.95 | area=   all | maxDets=100 ] = 0.232
 Average Recall     (AR) @[ IoU=0.50:0.95 | area= small | maxDets=100 ] = -1.000
 Average Recall     (AR) @[ IoU=0.50:0.95 | area=medium | maxDets=100 ] = 0.010
 Average Recall     (AR) @[ IoU=0.50:0.95 | area= large | maxDets=100 ] = 0.489
[I 2026-02-23 12:33:14,118] Trial 39 finished with value: 0.2704393463380629 and parameters: {'alpha': 6.263923862995281, 'std_bias': 3.8829458602700546, 'opening_size': 3, 'closing_size': 13, 'dilate_size': 9, 'remove_small_blobs': 464, 'area_min': 1775, 'area_max': 138701, 'aspect_ratio_min': 0.12522216648572643, 'aspect_ratio_max': 13.593624074748178, 'fill_ratio_min': 0.11845553286219804, 'merge_distance': 35}. Best is trial 25 with value: 0.2919433882459592.
creating index...
index created!
Loading and preparing results...
DONE (t=0.02s)
creating index...
index created!
Running per image evaluation...
Evaluate annotation type *bbox*
DONE (t=2.20s).
Accumulating evaluation results...
DONE (t=0.44s).
 Average Precision  (AP) @[ IoU=0.50:0.95 | area=   all | maxDets=100 ] = 0.133
 Average Precision  (AP) @[ IoU=0.50      | area=   all | maxDets=100 ] = 0.291
 Average Precision  (AP) @[ IoU=0.75      | area=   all | maxDets=100 ] = 0.101
 Average Precision  (AP) @[ IoU=0.50:0.95 | area= small | maxDets=100 ] = -1.000
 Average Precision  (AP) @[ IoU=0.50:0.95 | area=medium | maxDets=100 ] = 0.018
 Average Precision  (AP) @[ IoU=0.50:0.95 | area= large | maxDets=100 ] = 0.274
 Average Recall     (AR) @[ IoU=0.50:0.95 | area=   all | maxDets=  1 ] = 0.118
 Average Recall     (AR) @[ IoU=0.50:0.95 | area=   all | maxDets= 10 ] = 0.202
 Average Recall     (AR) @[ IoU=0.50:0.95 | area=   all | maxDets=100 ] = 0.203
 Average Recall     (AR) @[ IoU=0.50:0.95 | area= small | maxDets=100 ] = -1.000
 Average Recall     (AR) @[ IoU=0.50:0.95 | area=medium | maxDets=100 ] = 0.058
 Average Recall     (AR) @[ IoU=0.50:0.95 | area= large | maxDets=100 ] = 0.371
[I 2026-02-23 12:37:27,053] Trial 47 finished with value: 0.29132275243394146 and parameters: {'alpha': 3.2868645611718112, 'std_bias': 3.59379858339457, 'opening_size': 5, 'closing_size': 11, 'dilate_size': 9, 'remove_small_blobs': 372, 'area_min': 1915, 'area_max': 130055, 'aspect_ratio_min': 0.11179520497768962, 'aspect_ratio_max': 14.13454516897861, 'fill_ratio_min': 0.1531741039424007, 'merge_distance': 12}. Best is trial 45 with value: 0.2993697420232575.
creating index...
index created!
Loading and preparing results...
DONE (t=0.02s)
creating index...
index created!
Running per image evaluation...
Evaluate annotation type *bbox*
DONE (t=2.36s).
Accumulating evaluation results...
DONE (t=0.36s).
 Average Precision  (AP) @[ IoU=0.50:0.95 | area=   all | maxDets=100 ] = 0.129
 Average Precision  (AP) @[ IoU=0.50      | area=   all | maxDets=100 ] = 0.287
 Average Precision  (AP) @[ IoU=0.75      | area=   all | maxDets=100 ] = 0.091
 Average Precision  (AP) @[ IoU=0.50:0.95 | area= small | maxDets=100 ] = -1.000
 Average Precision  (AP) @[ IoU=0.50:0.95 | area=medium | maxDets=100 ] = 0.018
 Average Precision  (AP) @[ IoU=0.50:0.95 | area= large | maxDets=100 ] = 0.264
 Average Recall     (AR) @[ IoU=0.50:0.95 | area=   all | maxDets=  1 ] = 0.116
 Average Recall     (AR) @[ IoU=0.50:0.95 | area=   all | maxDets= 10 ] = 0.198
 Average Recall     (AR) @[ IoU=0.50:0.95 | area=   all | maxDets=100 ] = 0.199
 Average Recall     (AR) @[ IoU=0.50:0.95 | area= small | maxDets=100 ] = -1.000
 Average Recall     (AR) @[ IoU=0.50:0.95 | area=medium | maxDets=100 ] = 0.060
 Average Recall     (AR) @[ IoU=0.50:0.95 | area= large | maxDets=100 ] = 0.360
[I 2026-02-23 12:41:44,692] Trial 55 finished with value: 0.2867303963805086 and parameters: {'alpha': 3.285765722893009, 'std_bias': 3.3015970387237297, 'opening_size': 5, 'closing_size': 11, 'dilate_size': 9, 'remove_small_blobs': 362, 'area_min': 1925, 'area_max': 128572, 'aspect_ratio_min': 0.11168890998942808, 'aspect_ratio_max': 14.128070897063704, 'fill_ratio_min': 0.14829887007892445, 'merge_distance': 13}. Best is trial 53 with value: 0.30210954318543926.
creating index...
index created!
Loading and preparing results...
DONE (t=0.02s)
creating index...
index created!
Running per image evaluation...
Evaluate annotation type *bbox*
DONE (t=1.95s).
Accumulating evaluation results...
DONE (t=0.29s).
 Average Precision  (AP) @[ IoU=0.50:0.95 | area=   all | maxDets=100 ] = 0.086
 Average Precision  (AP) @[ IoU=0.50      | area=   all | maxDets=100 ] = 0.190
 Average Precision  (AP) @[ IoU=0.75      | area=   all | maxDets=100 ] = 0.066
 Average Precision  (AP) @[ IoU=0.50:0.95 | area= small | maxDets=100 ] = -1.000
 Average Precision  (AP) @[ IoU=0.50:0.95 | area=medium | maxDets=100 ] = 0.002
 Average Precision  (AP) @[ IoU=0.50:0.95 | area= large | maxDets=100 ] = 0.205
 Average Recall     (AR) @[ IoU=0.50:0.95 | area=   all | maxDets=  1 ] = 0.094
 Average Recall     (AR) @[ IoU=0.50:0.95 | area=   all | maxDets= 10 ] = 0.147
 Average Recall     (AR) @[ IoU=0.50:0.95 | area=   all | maxDets=100 ] = 0.147
 Average Recall     (AR) @[ IoU=0.50:0.95 | area= small | maxDets=100 ] = -1.000
 Average Recall     (AR) @[ IoU=0.50:0.95 | area=medium | maxDets=100 ] = 0.008
 Average Recall     (AR) @[ IoU=0.50:0.95 | area= large | maxDets=100 ] = 0.308
[I 2026-02-23 12:45:44,808] Trial 63 finished with value: 0.19037625698864788 and parameters: {'alpha': 3.890622256930528, 'std_bias': 2.331466275466564, 'opening_size': 7, 'closing_size': 17, 'dilate_size': 5, 'remove_small_blobs': 242, 'area_min': 1698, 'area_max': 119538, 'aspect_ratio_min': 0.13567782886660953, 'aspect_ratio_max': 13.17248546831816, 'fill_ratio_min': 0.1368252199488825, 'merge_distance': 37}. Best is trial 59 with value: 0.30834572496878.
creating index...
index created!
Loading and preparing results...
DONE (t=0.02s)
creating index...
index created!
Running per image evaluation...
Evaluate annotation type *bbox*
DONE (t=2.29s).
Accumulating evaluation results...
DONE (t=0.32s).
 Average Precision  (AP) @[ IoU=0.50:0.95 | area=   all | maxDets=100 ] = 0.133
 Average Precision  (AP) @[ IoU=0.50      | area=   all | maxDets=100 ] = 0.271
 Average Precision  (AP) @[ IoU=0.75      | area=   all | maxDets=100 ] = 0.107
 Average Precision  (AP) @[ IoU=0.50:0.95 | area= small | maxDets=100 ] = -1.000
 Average Precision  (AP) @[ IoU=0.50:0.95 | area=medium | maxDets=100 ] = 0.006
 Average Precision  (AP) @[ IoU=0.50:0.95 | area= large | maxDets=100 ] = 0.305
 Average Recall     (AR) @[ IoU=0.50:0.95 | area=   all | maxDets=  1 ] = 0.119
 Average Recall     (AR) @[ IoU=0.50:0.95 | area=   all | maxDets= 10 ] = 0.202
 Average Recall     (AR) @[ IoU=0.50:0.95 | area=   all | maxDets=100 ] = 0.202
 Average Recall     (AR) @[ IoU=0.50:0.95 | area= small | maxDets=100 ] = -1.000
 Average Recall     (AR) @[ IoU=0.50:0.95 | area=medium | maxDets=100 ] = 0.030
 Average Recall     (AR) @[ IoU=0.50:0.95 | area= large | maxDets=100 ] = 0.401
