[I 2026-02-23 13:35:01,345] Trial 157 finished with value: 0.2512287332473031 and parameters: {'alpha': 2.630224720482336, 'std_bias': 4.6973875669989225, 'opening_size': 3, 'closing_size': 9, 'dilate_size': 9, 'remove_small_blobs': 559, 'area_min': 1640, 'area_max': 101142, 'aspect_ratio_min': 0.22372311182813195, 'aspect_ratio_max': 5.264460055532736, 'fill_ratio_min': 0.23755025823492976, 'merge_distance': 30}. Best is trial 106 with value: 0.34930707775950676.Best trial: 106. Best value: 0.349307:  76%|███████▌  | 19/25 [1:22:13<23:32, 235.47s/it]Best trial: 106. Best value: 0.349307:  76%|███████▌  | 19/25 [1:22:13<23:32, 235.47s/it]Best trial: 106. Best value: 0.349307:  80%|████████  | 20/25 [1:22:13<20:32, 246.48s/it]                                                                                         Best trial: 106. Best value: 0.349307:  80%|████████  | 20/25 [1:26:04<20:32, 246.48s/it]Best trial: 106. Best value: 0.349307:  80%|████████  | 20/25 [1:26:04<20:32, 246.48s/it]Best trial: 106. Best value: 0.349307:  84%|████████▍ | 21/25 [1:26:04<16:07, 241.91s/it]                                                                                         Best trial: 106. Best value: 0.349307:  84%|████████▍ | 21/25 [1:29:44<16:07, 241.91s/it]Best trial: 106. Best value: 0.349307:  84%|████████▍ | 21/25 [1:29:44<16:07, 241.91s/it]Best trial: 106. Best value: 0.349307:  88%|████████▊ | 22/25 [1:29:44<11:45, 235.27s/it]                                                                                         Best trial: 106. Best value: 0.349307:  88%|████████▊ | 22/25 [1:33:52<11:45, 235.27s/it]Best trial: 106. Best value: 0.349307:  88%|████████▊ | 22/25 [1:33:52<11:45, 235.27s/it]Best trial: 106. Best value: 0.349307:  92%|█████████▏| 23/25 [1:33:52<07:58, 239.23s/it]                                                                                         Best trial: 106. Best value: 0.349307:  92%|█████████▏| 23/25 [1:37:36<07:58, 239.23s/it]Best trial: 106. Best value: 0.349307:  92%|█████████▏| 23/25 [1:37:36<07:58, 239.23s/it]Best trial: 106. Best value: 0.349307:  96%|█████████▌| 24/25 [1:37:36<03:54, 234.64s/it]                                                                                         
creating index...
index created!
Loading and preparing results...
DONE (t=0.02s)
creating index...
index created!
Running per image evaluation...
Evaluate annotation type *bbox*
DONE (t=2.50s).
Accumulating evaluation results...
DONE (t=0.37s).
 Average Precision  (AP) @[ IoU=0.50:0.95 | area=   all | maxDets=100 ] = 0.140
 Average Precision  (AP) @[ IoU=0.50      | area=   all | maxDets=100 ] = 0.324
 Average Precision  (AP) @[ IoU=0.75      | area=   all | maxDets=100 ] = 0.089
 Average Precision  (AP) @[ IoU=0.50:0.95 | area= small | maxDets=100 ] = -1.000
 Average Precision  (AP) @[ IoU=0.50:0.95 | area=medium | maxDets=100 ] = 0.046
 Average Precision  (AP) @[ IoU=0.50:0.95 | area= large | maxDets=100 ] = 0.248
 Average Recall     (AR) @[ IoU=0.50:0.95 | area=   all | maxDets=  1 ] = 0.127
 Average Recall     (AR) @[ IoU=0.50:0.95 | area=   all | maxDets= 10 ] = 0.219
 Average Recall     (AR) @[ IoU=0.50:0.95 | area=   all | maxDets=100 ] = 0.219
 Average Recall     (AR) @[ IoU=0.50:0.95 | area= small | maxDets=100 ] = -1.000
 Average Recall     (AR) @[ IoU=0.50:0.95 | area=medium | maxDets=100 ] = 0.119
 Average Recall     (AR) @[ IoU=0.50:0.95 | area= large | maxDets=100 ] = 0.335
[I 2026-02-23 13:38:52,589] Trial 165 finished with value: 0.32383637454176906 and parameters: {'alpha': 2.519046657853199, 'std_bias': 4.488659045392796, 'opening_size': 5, 'closing_size': 11, 'dilate_size': 7, 'remove_small_blobs': 607, 'area_min': 1670, 'area_max': 141952, 'aspect_ratio_min': 0.21561583276429877, 'aspect_ratio_max': 6.424076535183307, 'fill_ratio_min': 0.19491443378828704, 'merge_distance': 33}. Best is trial 106 with value: 0.34930707775950676.
creating index...
index created!
Loading and preparing results...
DONE (t=0.03s)
creating index...
index created!
Running per image evaluation...
Evaluate annotation type *bbox*
DONE (t=1.92s).
Accumulating evaluation results...
DONE (t=0.35s).
 Average Precision  (AP) @[ IoU=0.50:0.95 | area=   all | maxDets=100 ] = 0.138
 Average Precision  (AP) @[ IoU=0.50      | area=   all | maxDets=100 ] = 0.303
 Average Precision  (AP) @[ IoU=0.75      | area=   all | maxDets=100 ] = 0.101
 Average Precision  (AP) @[ IoU=0.50:0.95 | area= small | maxDets=100 ] = -1.000
 Average Precision  (AP) @[ IoU=0.50:0.95 | area=medium | maxDets=100 ] = 0.025
 Average Precision  (AP) @[ IoU=0.50:0.95 | area= large | maxDets=100 ] = 0.270
 Average Recall     (AR) @[ IoU=0.50:0.95 | area=   all | maxDets=  1 ] = 0.125
 Average Recall     (AR) @[ IoU=0.50:0.95 | area=   all | maxDets= 10 ] = 0.194
 Average Recall     (AR) @[ IoU=0.50:0.95 | area=   all | maxDets=100 ] = 0.194
 Average Recall     (AR) @[ IoU=0.50:0.95 | area= small | maxDets=100 ] = -1.000
 Average Recall     (AR) @[ IoU=0.50:0.95 | area=medium | maxDets=100 ] = 0.057
 Average Recall     (AR) @[ IoU=0.50:0.95 | area= large | maxDets=100 ] = 0.352
[I 2026-02-23 13:42:32,373] Trial 173 finished with value: 0.3031756503101774 and parameters: {'alpha': 2.9178485307043522, 'std_bias': 4.27057589830775, 'opening_size': 5, 'closing_size': 15, 'dilate_size': 5, 'remove_small_blobs': 613, 'area_min': 1980, 'area_max': 114753, 'aspect_ratio_min': 0.20659809357600545, 'aspect_ratio_max': 4.178322194027684, 'fill_ratio_min': 0.10778391504145864, 'merge_distance': 29}. Best is trial 106 with value: 0.34930707775950676.
creating index...
index created!
Loading and preparing results...
DONE (t=0.02s)
creating index...
index created!
Running per image evaluation...
Evaluate annotation type *bbox*
DONE (t=2.60s).
Accumulating evaluation results...
DONE (t=0.34s).
 Average Precision  (AP) @[ IoU=0.50:0.95 | area=   all | maxDets=100 ] = 0.129
 Average Precision  (AP) @[ IoU=0.50      | area=   all | maxDets=100 ] = 0.326
 Average Precision  (AP) @[ IoU=0.75      | area=   all | maxDets=100 ] = 0.079
 Average Precision  (AP) @[ IoU=0.50:0.95 | area= small | maxDets=100 ] = -1.000
 Average Precision  (AP) @[ IoU=0.50:0.95 | area=medium | maxDets=100 ] = 0.082
 Average Precision  (AP) @[ IoU=0.50:0.95 | area= large | maxDets=100 ] = 0.190
 Average Recall     (AR) @[ IoU=0.50:0.95 | area=   all | maxDets=  1 ] = 0.113
 Average Recall     (AR) @[ IoU=0.50:0.95 | area=   all | maxDets= 10 ] = 0.252
 Average Recall     (AR) @[ IoU=0.50:0.95 | area=   all | maxDets=100 ] = 0.252
 Average Recall     (AR) @[ IoU=0.50:0.95 | area= small | maxDets=100 ] = -1.000
 Average Recall     (AR) @[ IoU=0.50:0.95 | area=medium | maxDets=100 ] = 0.232
 Average Recall     (AR) @[ IoU=0.50:0.95 | area= large | maxDets=100 ] = 0.275
[I 2026-02-23 13:46:40,857] Trial 180 finished with value: 0.3257278392175093 and parameters: {'alpha': 2.1074455731888277, 'std_bias': 4.853499372901402, 'opening_size': 5, 'closing_size': 15, 'dilate_size': 7, 'remove_small_blobs': 581, 'area_min': 1549, 'area_max': 108370, 'aspect_ratio_min': 0.24595288204274993, 'aspect_ratio_max': 4.568581983083726, 'fill_ratio_min': 0.2413926222245161, 'merge_distance': 27}. Best is trial 106 with value: 0.34930707775950676.
creating index...
index created!
Loading and preparing results...
DONE (t=0.16s)
creating index...
index created!
Running per image evaluation...
Evaluate annotation type *bbox*
DONE (t=1.97s).
Accumulating evaluation results...
DONE (t=0.36s).
 Average Precision  (AP) @[ IoU=0.50:0.95 | area=   all | maxDets=100 ] = 0.154
 Average Precision  (AP) @[ IoU=0.50      | area=   all | maxDets=100 ] = 0.346
 Average Precision  (AP) @[ IoU=0.75      | area=   all | maxDets=100 ] = 0.111
 Average Precision  (AP) @[ IoU=0.50:0.95 | area= small | maxDets=100 ] = -1.000
 Average Precision  (AP) @[ IoU=0.50:0.95 | area=medium | maxDets=100 ] = 0.039
 Average Precision  (AP) @[ IoU=0.50:0.95 | area= large | maxDets=100 ] = 0.287
 Average Recall     (AR) @[ IoU=0.50:0.95 | area=   all | maxDets=  1 ] = 0.125
 Average Recall     (AR) @[ IoU=0.50:0.95 | area=   all | maxDets= 10 ] = 0.225
 Average Recall     (AR) @[ IoU=0.50:0.95 | area=   all | maxDets=100 ] = 0.225
 Average Recall     (AR) @[ IoU=0.50:0.95 | area= small | maxDets=100 ] = -1.000
 Average Recall     (AR) @[ IoU=0.50:0.95 | area=medium | maxDets=100 ] = 0.102
 Average Recall     (AR) @[ IoU=0.50:0.95 | area= large | maxDets=100 ] = 0.369
[I 2026-02-23 13:50:24,779] Trial 189 finished with value: 0.34590398582421983 and parameters: {'alpha': 2.91776135401603, 'std_bias': 4.757630039199321, 'opening_size': 5, 'closing_size': 15, 'dilate_size': 7, 'remove_small_blobs': 631, 'area_min': 1520, 'area_max': 104599, 'aspect_ratio_min': 0.239867487069777, 'aspect_ratio_max': 4.56928583629891, 'fill_ratio_min': 0.23109122875263205, 'merge_distance': 26}. Best is trial 106 with value: 0.34930707775950676.
creating index...
index created!
Loading and preparing results...
DONE (t=0.02s)
creating index...
index created!
Running per image evaluation...
Evaluate annotation type *bbox*
DONE (t=1.41s).
Accumulating evaluation results...
DONE (t=0.25s).
 Average Precision  (AP) @[ IoU=0.50:0.95 | area=   all | maxDets=100 ] = 0.106
 Average Precision  (AP) @[ IoU=0.50      | area=   all | maxDets=100 ] = 0.241
 Average Precision  (AP) @[ IoU=0.75      | area=   all | maxDets=100 ] = 0.078
 Average Precision  (AP) @[ IoU=0.50:0.95 | area= small | maxDets=100 ] = -1.000
 Average Precision  (AP) @[ IoU=0.50:0.95 | area=medium | maxDets=100 ] = 0.006
 Average Precision  (AP) @[ IoU=0.50:0.95 | area= large | maxDets=100 ] = 0.236
 Average Recall     (AR) @[ IoU=0.50:0.95 | area=   all | maxDets=  1 ] = 0.112
 Average Recall     (AR) @[ IoU=0.50:0.95 | area=   all | maxDets= 10 ] = 0.171
 Average Recall     (AR) @[ IoU=0.50:0.95 | area=   all | maxDets=100 ] = 0.171
 Average Recall     (AR) @[ IoU=0.50:0.95 | area= small | maxDets=100 ] = -1.000
 Average Recall     (AR) @[ IoU=0.50:0.95 | area=medium | maxDets=100 ] = 0.031
 Average Recall     (AR) @[ IoU=0.50:0.95 | area= large | maxDets=100 ] = 0.334
[I 2026-02-23 13:53:59,284] Trial 196 finished with value: 0.24090527686619398 and parameters: {'alpha': 2.9108588241447406, 'std_bias': 4.7280930552534635, 'opening_size': 7, 'closing_size': 15, 'dilate_size': 7, 'remove_small_blobs': 528, 'area_min': 1503, 'area_max': 105565, 'aspect_ratio_min': 0.24141694534435612, 'aspect_ratio_max': 4.677338635604827, 'fill_ratio_min': 0.2454675993688648, 'merge_distance': 26}. Best is trial 106 with value: 0.34930707775950676.Best trial: 106. Best value: 0.349307:  96%|█████████▌| 24/25 [1:41:11<03:54, 234.64s/it]Best trial: 106. Best value: 0.349307:  96%|█████████▌| 24/25 [1:41:11<03:54, 234.64s/it]Best trial: 106. Best value: 0.349307: 100%|██████████| 25/25 [1:41:11<00:00, 228.60s/it]Best trial: 106. Best value: 0.349307: 100%|██████████| 25/25 [1:41:11<00:00, 242.84s/it]


================================================================================
OPTIMIZATION COMPLETE
================================================================================

Best AP50: 0.3493

Best hyperparameters:
  alpha: 2.840026271930218
  std_bias: 4.769977313430562
  opening_size: 5
  closing_size: 15
  dilate_size: 9
  remove_small_blobs: 632
  area_min: 1550
  area_max: 109499
  aspect_ratio_min: 0.22118807684047892
  aspect_ratio_max: 4.474026431574192
  fill_ratio_min: 0.20821692159573382
  merge_distance: 28

Total trials completed: 200
Results saved to: optuna_still_no_temporal.db

To visualize results, use optuna-dashboard:
  optuna-dashboard sqlite:///optuna_still_no_temporal.db
