[I 2026-02-23 14:42:16,628] Trial 75 finished with value: 0.291333185400147 and parameters: {'alpha': 5.768112286254495, 'std_bias': 2.413259288064414, 'opening_size': 3, 'closing_size': 20, 'dilate_size': 9, 'remove_small_blobs': 664, 'area_min': 1666, 'area_max': 96525, 'aspect_ratio_min': 0.2492947856791062, 'aspect_ratio_max': 10.694798410285813, 'fill_ratio_min': 0.2976075279273568, 'n_frames': 2, 'temporal_threshold': 0.5709463147116691, 'merge_distance': 41}. Best is trial 38 with value: 0.32117286645295584.Best trial: 38. Best value: 0.321173:  36%|███▌      | 9/25 [46:00<1:14:08, 278.02s/it]Best trial: 38. Best value: 0.321173:  36%|███▌      | 9/25 [46:00<1:14:08, 278.02s/it]Best trial: 38. Best value: 0.321173:  40%|████      | 10/25 [46:00<1:07:09, 268.61s/it]                                                                                        Best trial: 38. Best value: 0.321173:  40%|████      | 10/25 [50:17<1:07:09, 268.61s/it]Best trial: 79. Best value: 0.327677:  40%|████      | 10/25 [50:17<1:07:09, 268.61s/it]Best trial: 79. Best value: 0.327677:  44%|████▍     | 11/25 [50:17<1:01:51, 265.10s/it]                                                                                        Best trial: 79. Best value: 0.327677:  44%|████▍     | 11/25 [54:18<1:01:51, 265.10s/it]Best trial: 79. Best value: 0.327677:  44%|████▍     | 11/25 [54:18<1:01:51, 265.10s/it]Best trial: 79. Best value: 0.327677:  48%|████▊     | 12/25 [54:18<55:51, 257.79s/it]                                                                                        Best trial: 79. Best value: 0.327677:  48%|████▊     | 12/25 [58:14<55:51, 257.79s/it]Best trial: 79. Best value: 0.327677:  48%|████▊     | 12/25 [58:14<55:51, 257.79s/it]Best trial: 79. Best value: 0.327677:  52%|█████▏    | 13/25 [58:14<50:14, 251.22s/it]                                                                                      Best trial: 79. Best value: 0.327677:  52%|█████▏    | 13/25 [1:02:40<50:14, 251.22s/it]Best trial: 101. Best value: 0.351274:  52%|█████▏    | 13/25 [1:02:40<50:14, 251.22s/it]Best trial: 101. Best value: 0.351274:  56%|█████▌    | 14/25 [1:02:40<46:52, 255.69s/it]                                                                                         
creating index...
index created!
Loading and preparing results...
DONE (t=0.01s)
creating index...
index created!
Running per image evaluation...
Evaluate annotation type *bbox*
DONE (t=2.21s).
Accumulating evaluation results...
DONE (t=0.32s).
 Average Precision  (AP) @[ IoU=0.50:0.95 | area=   all | maxDets=100 ] = 0.133
 Average Precision  (AP) @[ IoU=0.50      | area=   all | maxDets=100 ] = 0.282
 Average Precision  (AP) @[ IoU=0.75      | area=   all | maxDets=100 ] = 0.114
 Average Precision  (AP) @[ IoU=0.50:0.95 | area= small | maxDets=100 ] = -1.000
 Average Precision  (AP) @[ IoU=0.50:0.95 | area=medium | maxDets=100 ] = 0.024
 Average Precision  (AP) @[ IoU=0.50:0.95 | area= large | maxDets=100 ] = 0.270
 Average Recall     (AR) @[ IoU=0.50:0.95 | area=   all | maxDets=  1 ] = 0.110
 Average Recall     (AR) @[ IoU=0.50:0.95 | area=   all | maxDets= 10 ] = 0.211
 Average Recall     (AR) @[ IoU=0.50:0.95 | area=   all | maxDets=100 ] = 0.211
 Average Recall     (AR) @[ IoU=0.50:0.95 | area= small | maxDets=100 ] = -1.000
 Average Recall     (AR) @[ IoU=0.50:0.95 | area=medium | maxDets=100 ] = 0.077
 Average Recall     (AR) @[ IoU=0.50:0.95 | area= large | maxDets=100 ] = 0.366
[I 2026-02-23 14:46:33,759] Trial 83 finished with value: 0.28215423127192474 and parameters: {'alpha': 5.051481918417405, 'std_bias': 2.068488545711261, 'opening_size': 3, 'closing_size': 15, 'dilate_size': 9, 'remove_small_blobs': 619, 'area_min': 1303, 'area_max': 95701, 'aspect_ratio_min': 0.233517718713456, 'aspect_ratio_max': 5.519998544005308, 'fill_ratio_min': 0.2885294126273041, 'n_frames': 2, 'temporal_threshold': 0.5045462965160429, 'merge_distance': 41}. Best is trial 79 with value: 0.3276770672641034.
creating index...
index created!
Loading and preparing results...
DONE (t=0.02s)
creating index...
index created!
Running per image evaluation...
Evaluate annotation type *bbox*
DONE (t=2.16s).
Accumulating evaluation results...
DONE (t=0.36s).
 Average Precision  (AP) @[ IoU=0.50:0.95 | area=   all | maxDets=100 ] = 0.171
 Average Precision  (AP) @[ IoU=0.50      | area=   all | maxDets=100 ] = 0.291
 Average Precision  (AP) @[ IoU=0.75      | area=   all | maxDets=100 ] = 0.174
 Average Precision  (AP) @[ IoU=0.50:0.95 | area= small | maxDets=100 ] = -1.000
 Average Precision  (AP) @[ IoU=0.50:0.95 | area=medium | maxDets=100 ] = 0.006
 Average Precision  (AP) @[ IoU=0.50:0.95 | area= large | maxDets=100 ] = 0.410
 Average Recall     (AR) @[ IoU=0.50:0.95 | area=   all | maxDets=  1 ] = 0.143
 Average Recall     (AR) @[ IoU=0.50:0.95 | area=   all | maxDets= 10 ] = 0.242
 Average Recall     (AR) @[ IoU=0.50:0.95 | area=   all | maxDets=100 ] = 0.242
 Average Recall     (AR) @[ IoU=0.50:0.95 | area= small | maxDets=100 ] = -1.000
 Average Recall     (AR) @[ IoU=0.50:0.95 | area=medium | maxDets=100 ] = 0.027
 Average Recall     (AR) @[ IoU=0.50:0.95 | area= large | maxDets=100 ] = 0.491
[I 2026-02-23 14:50:34,841] Trial 91 finished with value: 0.2910361816517986 and parameters: {'alpha': 5.249431853826246, 'std_bias': 4.022220566133272, 'opening_size': 3, 'closing_size': 11, 'dilate_size': 9, 'remove_small_blobs': 722, 'area_min': 1537, 'area_max': 86178, 'aspect_ratio_min': 0.23309662502868062, 'aspect_ratio_max': 7.534009565439164, 'fill_ratio_min': 0.274818298562567, 'n_frames': 2, 'temporal_threshold': 0.5326156989400086, 'merge_distance': 25}. Best is trial 79 with value: 0.3276770672641034.
creating index...
index created!
Loading and preparing results...
DONE (t=0.01s)
creating index...
index created!
Running per image evaluation...
Evaluate annotation type *bbox*
DONE (t=1.79s).
Accumulating evaluation results...
DONE (t=0.26s).
 Average Precision  (AP) @[ IoU=0.50:0.95 | area=   all | maxDets=100 ] = 0.171
 Average Precision  (AP) @[ IoU=0.50      | area=   all | maxDets=100 ] = 0.281
 Average Precision  (AP) @[ IoU=0.75      | area=   all | maxDets=100 ] = 0.173
 Average Precision  (AP) @[ IoU=0.50:0.95 | area= small | maxDets=100 ] = -1.000
 Average Precision  (AP) @[ IoU=0.50:0.95 | area=medium | maxDets=100 ] = 0.005
 Average Precision  (AP) @[ IoU=0.50:0.95 | area= large | maxDets=100 ] = 0.411
 Average Recall     (AR) @[ IoU=0.50:0.95 | area=   all | maxDets=  1 ] = 0.144
 Average Recall     (AR) @[ IoU=0.50:0.95 | area=   all | maxDets= 10 ] = 0.234
 Average Recall     (AR) @[ IoU=0.50:0.95 | area=   all | maxDets=100 ] = 0.234
 Average Recall     (AR) @[ IoU=0.50:0.95 | area= small | maxDets=100 ] = -1.000
 Average Recall     (AR) @[ IoU=0.50:0.95 | area=medium | maxDets=100 ] = 0.017
 Average Recall     (AR) @[ IoU=0.50:0.95 | area= large | maxDets=100 ] = 0.486
[I 2026-02-23 14:54:30,935] Trial 99 finished with value: 0.28055896453059176 and parameters: {'alpha': 5.387617762528793, 'std_bias': 4.52858596519469, 'opening_size': 3, 'closing_size': 11, 'dilate_size': 9, 'remove_small_blobs': 555, 'area_min': 1692, 'area_max': 104448, 'aspect_ratio_min': 0.24364957580448357, 'aspect_ratio_max': 4.054151894686836, 'fill_ratio_min': 0.29395994719370927, 'n_frames': 2, 'temporal_threshold': 0.5950854484016047, 'merge_distance': 30}. Best is trial 79 with value: 0.3276770672641034.
creating index...
index created!
Loading and preparing results...
DONE (t=0.02s)
creating index...
index created!
Running per image evaluation...
Evaluate annotation type *bbox*
DONE (t=2.48s).
Accumulating evaluation results...
DONE (t=0.33s).
 Average Precision  (AP) @[ IoU=0.50:0.95 | area=   all | maxDets=100 ] = 0.164
 Average Precision  (AP) @[ IoU=0.50      | area=   all | maxDets=100 ] = 0.336
 Average Precision  (AP) @[ IoU=0.75      | area=   all | maxDets=100 ] = 0.148
 Average Precision  (AP) @[ IoU=0.50:0.95 | area= small | maxDets=100 ] = -1.000
 Average Precision  (AP) @[ IoU=0.50:0.95 | area=medium | maxDets=100 ] = 0.041
 Average Precision  (AP) @[ IoU=0.50:0.95 | area= large | maxDets=100 ] = 0.319
 Average Recall     (AR) @[ IoU=0.50:0.95 | area=   all | maxDets=  1 ] = 0.128
 Average Recall     (AR) @[ IoU=0.50:0.95 | area=   all | maxDets= 10 ] = 0.261
 Average Recall     (AR) @[ IoU=0.50:0.95 | area=   all | maxDets=100 ] = 0.262
 Average Recall     (AR) @[ IoU=0.50:0.95 | area= small | maxDets=100 ] = -1.000
 Average Recall     (AR) @[ IoU=0.50:0.95 | area=medium | maxDets=100 ] = 0.122
 Average Recall     (AR) @[ IoU=0.50:0.95 | area= large | maxDets=100 ] = 0.424
[I 2026-02-23 14:58:56,952] Trial 107 finished with value: 0.3360170174937435 and parameters: {'alpha': 4.510045142549043, 'std_bias': 3.3277274316279457, 'opening_size': 3, 'closing_size': 20, 'dilate_size': 7, 'remove_small_blobs': 313, 'area_min': 1438, 'area_max': 111428, 'aspect_ratio_min': 0.13376115411435463, 'aspect_ratio_max': 8.954179418253965, 'fill_ratio_min': 0.26005935662364593, 'n_frames': 2, 'temporal_threshold': 0.4744251154927661, 'merge_distance': 10}. Best is trial 101 with value: 0.35127376327781606.
creating index...
index created!
Loading and preparing results...
DONE (t=0.17s)
creating index...
index created!
Running per image evaluation...
Evaluate annotation type *bbox*
DONE (t=2.17s).
Accumulating evaluation results...
DONE (t=0.32s).
 Average Precision  (AP) @[ IoU=0.50:0.95 | area=   all | maxDets=100 ] = 0.173
 Average Precision  (AP) @[ IoU=0.50      | area=   all | maxDets=100 ] = 0.343
 Average Precision  (AP) @[ IoU=0.75      | area=   all | maxDets=100 ] = 0.162
 Average Precision  (AP) @[ IoU=0.50:0.95 | area= small | maxDets=100 ] = -1.000
 Average Precision  (AP) @[ IoU=0.50:0.95 | area=medium | maxDets=100 ] = 0.047
 Average Precision  (AP) @[ IoU=0.50:0.95 | area= large | maxDets=100 ] = 0.320
 Average Recall     (AR) @[ IoU=0.50:0.95 | area=   all | maxDets=  1 ] = 0.135
 Average Recall     (AR) @[ IoU=0.50:0.95 | area=   all | maxDets= 10 ] = 0.258
 Average Recall     (AR) @[ IoU=0.50:0.95 | area=   all | maxDets=100 ] = 0.258
 Average Recall     (AR) @[ IoU=0.50:0.95 | area= small | maxDets=100 ] = -1.000
 Average Recall     (AR) @[ IoU=0.50:0.95 | area=medium | maxDets=100 ] = 0.114
 Average Recall     (AR) @[ IoU=0.50:0.95 | area= large | maxDets=100 ] = 0.425
[I 2026-02-23 15:03:44,268] Trial 115 finished with value: 0.34324825522323266 and parameters: {'alpha': 4.547242545987304, 'std_bias': 3.2766606918616654, 'opening_size': 3, 'closing_size': 20, 'dilate_size': 9, 'remove_small_blobs': 244, 'area_min': 1998, 'area_max': 145233, 'aspect_ratio_min': 0.13480090686221474, 'aspect_ratio_max': 8.82860882519227, 'fill_ratio_min': 0.2441313197396922, 'n_frames': 2, 'temporal_threshold': 0.4454948866590361, 'merge_distance': 11}. Best is trial 101 with value: 0.35127376327781606.Best trial: 101. Best value: 0.351274:  56%|█████▌    | 14/25 [1:07:28<46:52, 255.69s/it]Best trial: 101. Best value: 0.351274:  56%|█████▌    | 14/25 [1:07:28<46:52, 255.69s/it]Best trial: 101. Best value: 0.351274:  60%|██████    | 15/25 [1:07:28<44:12, 265.22s/it]                                                                                         Best trial: 101. Best value: 0.351274:  60%|██████    | 15/25 [1:12:23<44:12, 265.22s/it]Best trial: 101. Best value: 0.351274:  60%|██████    | 15/25 [1:12:23<44:12, 265.22s/it]Best trial: 101. Best value: 0.351274:  64%|██████▍   | 16/25 [1:12:23<41:08, 274.24s/it]                                                                                         Best trial: 101. Best value: 0.351274:  64%|██████▍   | 16/25 [1:17:10<41:08, 274.24s/it]Best trial: 101. Best value: 0.351274:  64%|██████▍   | 16/25 [1:17:10<41:08, 274.24s/it]Best trial: 101. Best value: 0.351274:  68%|██████▊   | 17/25 [1:17:10<37:06, 278.26s/it]                                                                                         Best trial: 101. Best value: 0.351274:  68%|██████▊   | 17/25 [1:21:55<37:06, 278.26s/it]Best trial: 101. Best value: 0.351274:  68%|██████▊   | 17/25 [1:21:55<37:06, 278.26s/it]Best trial: 101. Best value: 0.351274:  72%|███████▏  | 18/25 [1:21:55<32:39, 279.99s/it]                                                                                         Best trial: 101. Best value: 0.351274:  72%|███████▏  | 18/25 [1:26:52<32:39, 279.99s/it]Best trial: 101. Best value: 0.351274:  72%|███████▏  | 18/25 [1:26:52<32:39, 279.99s/it]Best trial: 101. Best value: 0.351274:  76%|███████▌  | 19/25 [1:26:52<28:31, 285.26s/it]                                                                                         
creating index...
index created!
Loading and preparing results...
DONE (t=0.02s)
creating index...
index created!
Running per image evaluation...
Evaluate annotation type *bbox*
DONE (t=1.96s).
Accumulating evaluation results...
DONE (t=0.33s).
 Average Precision  (AP) @[ IoU=0.50:0.95 | area=   all | maxDets=100 ] = 0.167
 Average Precision  (AP) @[ IoU=0.50      | area=   all | maxDets=100 ] = 0.304
 Average Precision  (AP) @[ IoU=0.75      | area=   all | maxDets=100 ] = 0.167
 Average Precision  (AP) @[ IoU=0.50:0.95 | area= small | maxDets=100 ] = -1.000
 Average Precision  (AP) @[ IoU=0.50:0.95 | area=medium | maxDets=100 ] = 0.022
 Average Precision  (AP) @[ IoU=0.50:0.95 | area= large | maxDets=100 ] = 0.345
 Average Recall     (AR) @[ IoU=0.50:0.95 | area=   all | maxDets=  1 ] = 0.136
 Average Recall     (AR) @[ IoU=0.50:0.95 | area=   all | maxDets= 10 ] = 0.240
 Average Recall     (AR) @[ IoU=0.50:0.95 | area=   all | maxDets=100 ] = 0.240
 Average Recall     (AR) @[ IoU=0.50:0.95 | area= small | maxDets=100 ] = -1.000
 Average Recall     (AR) @[ IoU=0.50:0.95 | area=medium | maxDets=100 ] = 0.062
 Average Recall     (AR) @[ IoU=0.50:0.95 | area= large | maxDets=100 ] = 0.446
[I 2026-02-23 15:08:39,467] Trial 124 finished with value: 0.30446392509148323 and parameters: {'alpha': 4.499165856469249, 'std_bias': 3.2022451515690524, 'opening_size': 3, 'closing_size': 13, 'dilate_size': 7, 'remove_small_blobs': 201, 'area_min': 1923, 'area_max': 149310, 'aspect_ratio_min': 0.12148680857958448, 'aspect_ratio_max': 8.190439431864855, 'fill_ratio_min': 0.24666282582313295, 'n_frames': 2, 'temporal_threshold': 0.43740911279825956, 'merge_distance': 12}. Best is trial 101 with value: 0.35127376327781606.
creating index...
index created!
Loading and preparing results...
DONE (t=0.02s)
creating index...
index created!
Running per image evaluation...
Evaluate annotation type *bbox*
DONE (t=2.40s).
Accumulating evaluation results...
DONE (t=0.39s).
 Average Precision  (AP) @[ IoU=0.50:0.95 | area=   all | maxDets=100 ] = 0.158
 Average Precision  (AP) @[ IoU=0.50      | area=   all | maxDets=100 ] = 0.330
 Average Precision  (AP) @[ IoU=0.75      | area=   all | maxDets=100 ] = 0.143
 Average Precision  (AP) @[ IoU=0.50:0.95 | area= small | maxDets=100 ] = -1.000
 Average Precision  (AP) @[ IoU=0.50:0.95 | area=medium | maxDets=100 ] = 0.051
 Average Precision  (AP) @[ IoU=0.50:0.95 | area= large | maxDets=100 ] = 0.289
 Average Recall     (AR) @[ IoU=0.50:0.95 | area=   all | maxDets=  1 ] = 0.122
 Average Recall     (AR) @[ IoU=0.50:0.95 | area=   all | maxDets= 10 ] = 0.265
 Average Recall     (AR) @[ IoU=0.50:0.95 | area=   all | maxDets=100 ] = 0.265
 Average Recall     (AR) @[ IoU=0.50:0.95 | area= small | maxDets=100 ] = -1.000
 Average Recall     (AR) @[ IoU=0.50:0.95 | area=medium | maxDets=100 ] = 0.148
 Average Recall     (AR) @[ IoU=0.50:0.95 | area= large | maxDets=100 ] = 0.400
[I 2026-02-23 15:13:27,060] Trial 132 finished with value: 0.3300455980022687 and parameters: {'alpha': 4.170978037069951, 'std_bias': 2.974344899852827, 'opening_size': 3, 'closing_size': 20, 'dilate_size': 5, 'remove_small_blobs': 159, 'area_min': 1356, 'area_max': 136506, 'aspect_ratio_min': 0.15394852560579372, 'aspect_ratio_max': 8.794577621307964, 'fill_ratio_min': 0.21908680161696814, 'n_frames': 2, 'temporal_threshold': 0.42154997333810107, 'merge_distance': 14}. Best is trial 101 with value: 0.35127376327781606.
creating index...
index created!
Loading and preparing results...
DONE (t=0.01s)
creating index...
index created!
Running per image evaluation...
Evaluate annotation type *bbox*
DONE (t=2.27s).
Accumulating evaluation results...
DONE (t=0.59s).
 Average Precision  (AP) @[ IoU=0.50:0.95 | area=   all | maxDets=100 ] = 0.154
 Average Precision  (AP) @[ IoU=0.50      | area=   all | maxDets=100 ] = 0.329
 Average Precision  (AP) @[ IoU=0.75      | area=   all | maxDets=100 ] = 0.134
 Average Precision  (AP) @[ IoU=0.50:0.95 | area= small | maxDets=100 ] = -1.000
 Average Precision  (AP) @[ IoU=0.50:0.95 | area=medium | maxDets=100 ] = 0.052
 Average Precision  (AP) @[ IoU=0.50:0.95 | area= large | maxDets=100 ] = 0.275
 Average Recall     (AR) @[ IoU=0.50:0.95 | area=   all | maxDets=  1 ] = 0.120
 Average Recall     (AR) @[ IoU=0.50:0.95 | area=   all | maxDets= 10 ] = 0.262
 Average Recall     (AR) @[ IoU=0.50:0.95 | area=   all | maxDets=100 ] = 0.262
 Average Recall     (AR) @[ IoU=0.50:0.95 | area= small | maxDets=100 ] = -1.000
 Average Recall     (AR) @[ IoU=0.50:0.95 | area=medium | maxDets=100 ] = 0.153
 Average Recall     (AR) @[ IoU=0.50:0.95 | area= large | maxDets=100 ] = 0.388
[I 2026-02-23 15:18:11,094] Trial 140 finished with value: 0.3292986258463508 and parameters: {'alpha': 4.170952611175277, 'std_bias': 2.7673662564356385, 'opening_size': 3, 'closing_size': 20, 'dilate_size': 5, 'remove_small_blobs': 172, 'area_min': 1370, 'area_max': 130813, 'aspect_ratio_min': 0.15773274166076875, 'aspect_ratio_max': 7.830005148020921, 'fill_ratio_min': 0.23911465315052616, 'n_frames': 2, 'temporal_threshold': 0.40453207987273654, 'merge_distance': 11}. Best is trial 101 with value: 0.35127376327781606.
creating index...
index created!
Loading and preparing results...
DONE (t=0.03s)
creating index...
index created!
Running per image evaluation...
Evaluate annotation type *bbox*
DONE (t=2.65s).
Accumulating evaluation results...
DONE (t=0.36s).
 Average Precision  (AP) @[ IoU=0.50:0.95 | area=   all | maxDets=100 ] = 0.161
 Average Precision  (AP) @[ IoU=0.50      | area=   all | maxDets=100 ] = 0.335
 Average Precision  (AP) @[ IoU=0.75      | area=   all | maxDets=100 ] = 0.143
 Average Precision  (AP) @[ IoU=0.50:0.95 | area= small | maxDets=100 ] = -1.000
 Average Precision  (AP) @[ IoU=0.50:0.95 | area=medium | maxDets=100 ] = 0.063
 Average Precision  (AP) @[ IoU=0.50:0.95 | area= large | maxDets=100 ] = 0.275
 Average Recall     (AR) @[ IoU=0.50:0.95 | area=   all | maxDets=  1 ] = 0.126
 Average Recall     (AR) @[ IoU=0.50:0.95 | area=   all | maxDets= 10 ] = 0.269
 Average Recall     (AR) @[ IoU=0.50:0.95 | area=   all | maxDets=100 ] = 0.270
 Average Recall     (AR) @[ IoU=0.50:0.95 | area= small | maxDets=100 ] = -1.000
 Average Recall     (AR) @[ IoU=0.50:0.95 | area=medium | maxDets=100 ] = 0.168
 Average Recall     (AR) @[ IoU=0.50:0.95 | area= large | maxDets=100 ] = 0.387
[I 2026-02-23 15:23:08,610] Trial 148 finished with value: 0.3349161189623378 and parameters: {'alpha': 3.9117610519548114, 'std_bias': 3.28663061996423, 'opening_size': 3, 'closing_size': 20, 'dilate_size': 5, 'remove_small_blobs': 137, 'area_min': 1452, 'area_max': 123568, 'aspect_ratio_min': 0.15901992148971025, 'aspect_ratio_max': 8.431976442846036, 'fill_ratio_min': 0.23449672214998823, 'n_frames': 2, 'temporal_threshold': 0.39223049017640965, 'merge_distance': 13}. Best is trial 101 with value: 0.35127376327781606.
creating index...
index created!
Loading and preparing results...
DONE (t=0.02s)
creating index...
index created!
Running per image evaluation...
Evaluate annotation type *bbox*
DONE (t=2.32s).
Accumulating evaluation results...
DONE (t=0.38s).
 Average Precision  (AP) @[ IoU=0.50:0.95 | area=   all | maxDets=100 ] = 0.174
 Average Precision  (AP) @[ IoU=0.50      | area=   all | maxDets=100 ] = 0.326
 Average Precision  (AP) @[ IoU=0.75      | area=   all | maxDets=100 ] = 0.166
 Average Precision  (AP) @[ IoU=0.50:0.95 | area= small | maxDets=100 ] = -1.000
 Average Precision  (AP) @[ IoU=0.50:0.95 | area=medium | maxDets=100 ] = 0.033
 Average Precision  (AP) @[ IoU=0.50:0.95 | area= large | maxDets=100 ] = 0.346
 Average Recall     (AR) @[ IoU=0.50:0.95 | area=   all | maxDets=  1 ] = 0.132
 Average Recall     (AR) @[ IoU=0.50:0.95 | area=   all | maxDets= 10 ] = 0.252
 Average Recall     (AR) @[ IoU=0.50:0.95 | area=   all | maxDets=100 ] = 0.252
 Average Recall     (AR) @[ IoU=0.50:0.95 | area= small | maxDets=100 ] = -1.000
 Average Recall     (AR) @[ IoU=0.50:0.95 | area=medium | maxDets=100 ] = 0.084
 Average Recall     (AR) @[ IoU=0.50:0.95 | area= large | maxDets=100 ] = 0.447
