[I 2026-02-23 12:12:48,208] Using an existing study with name 'still_no_temporal' instead of creating a new one.
Loading annotations and video...
Starting optimization for study 'still_no_temporal'
Using temporal detector: False
Database: optuna_still_no_temporal.db
Number of trials: 25

To run in parallel, execute this same command in multiple terminals.
--------------------------------------------------------------------------------
  0%|          | 0/25 [00:00<?, ?it/s]                                        0%|          | 0/25 [05:50<?, ?it/s]Best trial: 4. Best value: 0.27257:   0%|          | 0/25 [05:50<?, ?it/s]Best trial: 4. Best value: 0.27257:   4%|▍         | 1/25 [05:50<2:20:22, 350.92s/it]                                                                                     Best trial: 4. Best value: 0.27257:   4%|▍         | 1/25 [10:00<2:20:22, 350.92s/it]Best trial: 4. Best value: 0.27257:   4%|▍         | 1/25 [10:00<2:20:22, 350.92s/it]Best trial: 4. Best value: 0.27257:   8%|▊         | 2/25 [10:00<1:51:41, 291.38s/it]                                                                                     Best trial: 4. Best value: 0.27257:   8%|▊         | 2/25 [13:03<1:51:41, 291.38s/it]Best trial: 4. Best value: 0.27257:   8%|▊         | 2/25 [13:03<1:51:41, 291.38s/it]Best trial: 4. Best value: 0.27257:  12%|█▏        | 3/25 [13:03<1:28:41, 241.88s/it]                                                                                     Best trial: 4. Best value: 0.27257:  12%|█▏        | 3/25 [16:17<1:28:41, 241.88s/it]Best trial: 25. Best value: 0.291943:  12%|█▏        | 3/25 [16:17<1:28:41, 241.88s/it]Best trial: 25. Best value: 0.291943:  16%|█▌        | 4/25 [16:17<1:18:05, 223.10s/it]                                                                                       creating index...
index created!
Loading and preparing results...
DONE (t=0.05s)
creating index...
index created!
Running per image evaluation...
Evaluate annotation type *bbox*
DONE (t=3.77s).
Accumulating evaluation results...
DONE (t=0.55s).
 Average Precision  (AP) @[ IoU=0.50:0.95 | area=   all | maxDets=100 ] = 0.032
 Average Precision  (AP) @[ IoU=0.50      | area=   all | maxDets=100 ] = 0.112
 Average Precision  (AP) @[ IoU=0.75      | area=   all | maxDets=100 ] = 0.014
 Average Precision  (AP) @[ IoU=0.50:0.95 | area= small | maxDets=100 ] = -1.000
 Average Precision  (AP) @[ IoU=0.50:0.95 | area=medium | maxDets=100 ] = 0.017
 Average Precision  (AP) @[ IoU=0.50:0.95 | area= large | maxDets=100 ] = 0.057
 Average Recall     (AR) @[ IoU=0.50:0.95 | area=   all | maxDets=  1 ] = 0.049
 Average Recall     (AR) @[ IoU=0.50:0.95 | area=   all | maxDets= 10 ] = 0.167
 Average Recall     (AR) @[ IoU=0.50:0.95 | area=   all | maxDets=100 ] = 0.170
 Average Recall     (AR) @[ IoU=0.50:0.95 | area= small | maxDets=100 ] = -1.000
 Average Recall     (AR) @[ IoU=0.50:0.95 | area=medium | maxDets=100 ] = 0.177
 Average Recall     (AR) @[ IoU=0.50:0.95 | area= large | maxDets=100 ] = 0.161
[I 2026-02-23 12:18:39,132] Trial 7 finished with value: 0.11212711516963561 and parameters: {'alpha': 4.041446893514499, 'std_bias': 0.12982317541452237, 'opening_size': 3, 'closing_size': 20, 'dilate_size': 9, 'remove_small_blobs': 179, 'area_min': 825, 'area_max': 133105, 'aspect_ratio_min': 0.18380805412570178, 'aspect_ratio_max': 13.464400531787788, 'fill_ratio_min': 0.261004408525249, 'merge_distance': 18}. Best is trial 4 with value: 0.2725697418499596.
creating index...
index created!
Loading and preparing results...
DONE (t=0.01s)
creating index...
index created!
Running per image evaluation...
Evaluate annotation type *bbox*
DONE (t=1.33s).
Accumulating evaluation results...
DONE (t=0.20s).
 Average Precision  (AP) @[ IoU=0.50:0.95 | area=   all | maxDets=100 ] = 0.082
 Average Precision  (AP) @[ IoU=0.50      | area=   all | maxDets=100 ] = 0.163
 Average Precision  (AP) @[ IoU=0.75      | area=   all | maxDets=100 ] = 0.075
 Average Precision  (AP) @[ IoU=0.50:0.95 | area= small | maxDets=100 ] = -1.000
 Average Precision  (AP) @[ IoU=0.50:0.95 | area=medium | maxDets=100 ] = 0.002
 Average Precision  (AP) @[ IoU=0.50:0.95 | area= large | maxDets=100 ] = 0.211
 Average Recall     (AR) @[ IoU=0.50:0.95 | area=   all | maxDets=  1 ] = 0.098
 Average Recall     (AR) @[ IoU=0.50:0.95 | area=   all | maxDets= 10 ] = 0.162
 Average Recall     (AR) @[ IoU=0.50:0.95 | area=   all | maxDets=100 ] = 0.162
 Average Recall     (AR) @[ IoU=0.50:0.95 | area= small | maxDets=100 ] = -1.000
 Average Recall     (AR) @[ IoU=0.50:0.95 | area=medium | maxDets=100 ] = 0.009
 Average Recall     (AR) @[ IoU=0.50:0.95 | area= large | maxDets=100 ] = 0.340
[I 2026-02-23 12:22:48,852] Trial 15 finished with value: 0.16291728008149065 and parameters: {'alpha': 4.465355513748211, 'std_bias': 4.296561535564721, 'opening_size': 5, 'closing_size': 3, 'dilate_size': 5, 'remove_small_blobs': 128, 'area_min': 1495, 'area_max': 120697, 'aspect_ratio_min': 0.2000496205913912, 'aspect_ratio_max': 10.630292904783541, 'fill_ratio_min': 0.2468968790019717, 'merge_distance': 38}. Best is trial 4 with value: 0.2725697418499596.
creating index...
index created!
Loading and preparing results...
DONE (t=0.01s)
creating index...
index created!
Running per image evaluation...
Evaluate annotation type *bbox*
DONE (t=1.79s).
Accumulating evaluation results...
DONE (t=0.33s).
 Average Precision  (AP) @[ IoU=0.50:0.95 | area=   all | maxDets=100 ] = 0.074
 Average Precision  (AP) @[ IoU=0.50      | area=   all | maxDets=100 ] = 0.153
 Average Precision  (AP) @[ IoU=0.75      | area=   all | maxDets=100 ] = 0.065
 Average Precision  (AP) @[ IoU=0.50:0.95 | area= small | maxDets=100 ] = -1.000
 Average Precision  (AP) @[ IoU=0.50:0.95 | area=medium | maxDets=100 ] = 0.001
 Average Precision  (AP) @[ IoU=0.50:0.95 | area= large | maxDets=100 ] = 0.191
 Average Recall     (AR) @[ IoU=0.50:0.95 | area=   all | maxDets=  1 ] = 0.100
 Average Recall     (AR) @[ IoU=0.50:0.95 | area=   all | maxDets= 10 ] = 0.154
 Average Recall     (AR) @[ IoU=0.50:0.95 | area=   all | maxDets=100 ] = 0.154
 Average Recall     (AR) @[ IoU=0.50:0.95 | area= small | maxDets=100 ] = -1.000
 Average Recall     (AR) @[ IoU=0.50:0.95 | area=medium | maxDets=100 ] = 0.007
 Average Recall     (AR) @[ IoU=0.50:0.95 | area= large | maxDets=100 ] = 0.324
[I 2026-02-23 12:25:51,815] Trial 22 finished with value: 0.1528363956573869 and parameters: {'alpha': 5.410598266561766, 'std_bias': 4.9050422246051975, 'opening_size': 5, 'closing_size': 9, 'dilate_size': 7, 'remove_small_blobs': 958, 'area_min': 1988, 'area_max': 103579, 'aspect_ratio_min': 0.14591017758743957, 'aspect_ratio_max': 10.956174790891694, 'fill_ratio_min': 0.1777541727435575, 'merge_distance': 27}. Best is trial 4 with value: 0.2725697418499596.
creating index...
index created!
Loading and preparing results...
DONE (t=0.01s)
creating index...
index created!
Running per image evaluation...
Evaluate annotation type *bbox*
DONE (t=1.82s).
Accumulating evaluation results...
DONE (t=0.28s).
 Average Precision  (AP) @[ IoU=0.50:0.95 | area=   all | maxDets=100 ] = 0.140
 Average Precision  (AP) @[ IoU=0.50      | area=   all | maxDets=100 ] = 0.239
 Average Precision  (AP) @[ IoU=0.75      | area=   all | maxDets=100 ] = 0.131
 Average Precision  (AP) @[ IoU=0.50:0.95 | area= small | maxDets=100 ] = -1.000
 Average Precision  (AP) @[ IoU=0.50:0.95 | area=medium | maxDets=100 ] = 0.004
 Average Precision  (AP) @[ IoU=0.50:0.95 | area= large | maxDets=100 ] = 0.336
 Average Recall     (AR) @[ IoU=0.50:0.95 | area=   all | maxDets=  1 ] = 0.133
 Average Recall     (AR) @[ IoU=0.50:0.95 | area=   all | maxDets= 10 ] = 0.200
 Average Recall     (AR) @[ IoU=0.50:0.95 | area=   all | maxDets=100 ] = 0.200
 Average Recall     (AR) @[ IoU=0.50:0.95 | area= small | maxDets=100 ] = -1.000
 Average Recall     (AR) @[ IoU=0.50:0.95 | area=medium | maxDets=100 ] = 0.011
 Average Recall     (AR) @[ IoU=0.50:0.95 | area= large | maxDets=100 ] = 0.418
[I 2026-02-23 12:29:06,120] Trial 30 finished with value: 0.23919445858929445 and parameters: {'alpha': 6.830161848836524, 'std_bias': 2.8013263722668817, 'opening_size': 3, 'closing_size': 7, 'dilate_size': 7, 'remove_small_blobs': 818, 'area_min': 1554, 'area_max': 146278, 'aspect_ratio_min': 0.18748690574053242, 'aspect_ratio_max': 14.783061686266956, 'fill_ratio_min': 0.22763376920652328, 'merge_distance': 42}. Best is trial 25 with value: 0.2919433882459592.
creating index...
index created!
Loading and preparing results...
DONE (t=0.01s)
creating index...
index created!
Running per image evaluation...
Evaluate annotation type *bbox*
DONE (t=1.22s).
Accumulating evaluation results...
DONE (t=0.16s).
 Average Precision  (AP) @[ IoU=0.50:0.95 | area=   all | maxDets=100 ] = 0.169
 Average Precision  (AP) @[ IoU=0.50      | area=   all | maxDets=100 ] = 0.270
 Average Precision  (AP) @[ IoU=0.75      | area=   all | maxDets=100 ] = 0.174
 Average Precision  (AP) @[ IoU=0.50:0.95 | area= small | maxDets=100 ] = -1.000
 Average Precision  (AP) @[ IoU=0.50:0.95 | area=medium | maxDets=100 ] = 0.004
 Average Precision  (AP) @[ IoU=0.50:0.95 | area= large | maxDets=100 ] = 0.401
 Average Recall     (AR) @[ IoU=0.50:0.95 | area=   all | maxDets=  1 ] = 0.153
 Average Recall     (AR) @[ IoU=0.50:0.95 | area=   all | maxDets= 10 ] = 0.231
 Average Recall     (AR) @[ IoU=0.50:0.95 | area=   all | maxDets=100 ] = 0.231
 Average Recall     (AR) @[ IoU=0.50:0.95 | area= small | maxDets=100 ] = -1.000
 Average Recall     (AR) @[ IoU=0.50:0.95 | area=medium | maxDets=100 ] = 0.010
 Average Recall     (AR) @[ IoU=0.50:0.95 | area= large | maxDets=100 ] = 0.487
[I 2026-02-23 12:32:25,562] Trial 38 finished with value: 0.2702523947949308 and parameters: {'alpha': 6.303348280951696, 'std_bias': 3.994045117197862, 'opening_size': 3, 'closing_size': 13, 'dilate_size': 9, 'remove_small_blobs': 498, 'area_min': 1811, 'area_max': 138537, 'aspect_ratio_min': 0.12710431554075602, 'aspect_ratio_max': 13.701361854593433, 'fill_ratio_min': 0.12266164027358713, 'merge_distance': 35}. Best is trial 25 with value: 0.2919433882459592.Best trial: 25. Best value: 0.291943:  16%|█▌        | 4/25 [19:37<1:18:05, 223.10s/it]Best trial: 25. Best value: 0.291943:  16%|█▌        | 4/25 [19:37<1:18:05, 223.10s/it]Best trial: 25. Best value: 0.291943:  20%|██        | 5/25 [19:37<1:11:31, 214.56s/it]                                                                                       Best trial: 25. Best value: 0.291943:  20%|██        | 5/25 [24:08<1:11:31, 214.56s/it]Best trial: 45. Best value: 0.29937:  20%|██        | 5/25 [24:08<1:11:31, 214.56s/it] Best trial: 45. Best value: 0.29937:  24%|██▍       | 6/25 [24:08<1:14:04, 233.91s/it]                                                                                      Best trial: 45. Best value: 0.29937:  24%|██▍       | 6/25 [28:23<1:14:04, 233.91s/it]Best trial: 53. Best value: 0.30211:  24%|██▍       | 6/25 [28:23<1:14:04, 233.91s/it]Best trial: 53. Best value: 0.30211:  28%|██▊       | 7/25 [28:23<1:12:10, 240.60s/it]                                                                                      Best trial: 53. Best value: 0.30211:  28%|██▊       | 7/25 [32:27<1:12:10, 240.60s/it]Best trial: 58. Best value: 0.305409:  28%|██▊       | 7/25 [32:27<1:12:10, 240.60s/it]Best trial: 58. Best value: 0.305409:  32%|███▏      | 8/25 [32:27<1:08:28, 241.65s/it]                                                                                       Best trial: 58. Best value: 0.305409:  32%|███▏      | 8/25 [36:40<1:08:28, 241.65s/it]Best trial: 59. Best value: 0.308346:  32%|███▏      | 8/25 [36:40<1:08:28, 241.65s/it]Best trial: 59. Best value: 0.308346:  36%|███▌      | 9/25 [36:40<1:05:24, 245.30s/it]                                                                                       
creating index...
index created!
Loading and preparing results...
DONE (t=0.03s)
creating index...
index created!
Running per image evaluation...
Evaluate annotation type *bbox*
DONE (t=2.17s).
Accumulating evaluation results...
DONE (t=0.32s).
 Average Precision  (AP) @[ IoU=0.50:0.95 | area=   all | maxDets=100 ] = 0.085
 Average Precision  (AP) @[ IoU=0.50      | area=   all | maxDets=100 ] = 0.225
 Average Precision  (AP) @[ IoU=0.75      | area=   all | maxDets=100 ] = 0.050
 Average Precision  (AP) @[ IoU=0.50:0.95 | area= small | maxDets=100 ] = -1.000
 Average Precision  (AP) @[ IoU=0.50:0.95 | area=medium | maxDets=100 ] = 0.070
 Average Precision  (AP) @[ IoU=0.50:0.95 | area= large | maxDets=100 ] = 0.106
 Average Recall     (AR) @[ IoU=0.50:0.95 | area=   all | maxDets=  1 ] = 0.090
 Average Recall     (AR) @[ IoU=0.50:0.95 | area=   all | maxDets= 10 ] = 0.214
 Average Recall     (AR) @[ IoU=0.50:0.95 | area=   all | maxDets=100 ] = 0.214
 Average Recall     (AR) @[ IoU=0.50:0.95 | area= small | maxDets=100 ] = -1.000
 Average Recall     (AR) @[ IoU=0.50:0.95 | area=medium | maxDets=100 ] = 0.225
 Average Recall     (AR) @[ IoU=0.50:0.95 | area= large | maxDets=100 ] = 0.201
[I 2026-02-23 12:36:57,014] Trial 44 finished with value: 0.2254808355080579 and parameters: {'alpha': 1.955360068818356, 'std_bias': 3.833931363819413, 'opening_size': 5, 'closing_size': 13, 'dilate_size': 9, 'remove_small_blobs': 447, 'area_min': 1904, 'area_max': 126139, 'aspect_ratio_min': 0.13002958480069948, 'aspect_ratio_max': 11.945629745792022, 'fill_ratio_min': 0.1246182867464977, 'merge_distance': 34}. Best is trial 45 with value: 0.2993697420232575.
creating index...
index created!
Loading and preparing results...
DONE (t=0.02s)
creating index...
index created!
Running per image evaluation...
Evaluate annotation type *bbox*
DONE (t=2.20s).
Accumulating evaluation results...
DONE (t=0.33s).
 Average Precision  (AP) @[ IoU=0.50:0.95 | area=   all | maxDets=100 ] = 0.137
 Average Precision  (AP) @[ IoU=0.50      | area=   all | maxDets=100 ] = 0.302
 Average Precision  (AP) @[ IoU=0.75      | area=   all | maxDets=100 ] = 0.098
 Average Precision  (AP) @[ IoU=0.50:0.95 | area= small | maxDets=100 ] = -1.000
 Average Precision  (AP) @[ IoU=0.50:0.95 | area=medium | maxDets=100 ] = 0.028
 Average Precision  (AP) @[ IoU=0.50:0.95 | area= large | maxDets=100 ] = 0.265
 Average Recall     (AR) @[ IoU=0.50:0.95 | area=   all | maxDets=  1 ] = 0.114
 Average Recall     (AR) @[ IoU=0.50:0.95 | area=   all | maxDets= 10 ] = 0.203
 Average Recall     (AR) @[ IoU=0.50:0.95 | area=   all | maxDets=100 ] = 0.203
 Average Recall     (AR) @[ IoU=0.50:0.95 | area= small | maxDets=100 ] = -1.000
 Average Recall     (AR) @[ IoU=0.50:0.95 | area=medium | maxDets=100 ] = 0.074
 Average Recall     (AR) @[ IoU=0.50:0.95 | area= large | maxDets=100 ] = 0.354
[I 2026-02-23 12:41:11,376] Trial 53 finished with value: 0.30210954318543926 and parameters: {'alpha': 3.2805463297482573, 'std_bias': 3.3509104817519173, 'opening_size': 5, 'closing_size': 13, 'dilate_size': 9, 'remove_small_blobs': 361, 'area_min': 1709, 'area_max': 125093, 'aspect_ratio_min': 0.1102961767887153, 'aspect_ratio_max': 13.912557299483051, 'fill_ratio_min': 0.1504737640458183, 'merge_distance': 38}. Best is trial 53 with value: 0.30210954318543926.
creating index...
index created!
Loading and preparing results...
DONE (t=0.02s)
creating index...
index created!
Running per image evaluation...
Evaluate annotation type *bbox*
DONE (t=2.12s).
Accumulating evaluation results...
DONE (t=0.29s).
 Average Precision  (AP) @[ IoU=0.50:0.95 | area=   all | maxDets=100 ] = 0.142
 Average Precision  (AP) @[ IoU=0.50      | area=   all | maxDets=100 ] = 0.291
 Average Precision  (AP) @[ IoU=0.75      | area=   all | maxDets=100 ] = 0.117
 Average Precision  (AP) @[ IoU=0.50:0.95 | area= small | maxDets=100 ] = -1.000
 Average Precision  (AP) @[ IoU=0.50:0.95 | area=medium | maxDets=100 ] = 0.016
 Average Precision  (AP) @[ IoU=0.50:0.95 | area= large | maxDets=100 ] = 0.296
 Average Recall     (AR) @[ IoU=0.50:0.95 | area=   all | maxDets=  1 ] = 0.121
 Average Recall     (AR) @[ IoU=0.50:0.95 | area=   all | maxDets= 10 ] = 0.203
 Average Recall     (AR) @[ IoU=0.50:0.95 | area=   all | maxDets=100 ] = 0.203
 Average Recall     (AR) @[ IoU=0.50:0.95 | area= small | maxDets=100 ] = -1.000
 Average Recall     (AR) @[ IoU=0.50:0.95 | area=medium | maxDets=100 ] = 0.048
 Average Recall     (AR) @[ IoU=0.50:0.95 | area= large | maxDets=100 ] = 0.382
[I 2026-02-23 12:45:15,281] Trial 60 finished with value: 0.29083047820836533 and parameters: {'alpha': 3.7986327668256, 'std_bias': 3.5613158918370473, 'opening_size': 5, 'closing_size': 17, 'dilate_size': 9, 'remove_small_blobs': 257, 'area_min': 1705, 'area_max': 117343, 'aspect_ratio_min': 0.13516020668803191, 'aspect_ratio_max': 12.858410565133438, 'fill_ratio_min': 0.13549899009293123, 'merge_distance': 38}. Best is trial 58 with value: 0.3054088232400746.
creating index...
index created!
Loading and preparing results...
DONE (t=0.02s)
creating index...
index created!
Running per image evaluation...
Evaluate annotation type *bbox*
DONE (t=2.15s).
Accumulating evaluation results...
DONE (t=0.30s).
 Average Precision  (AP) @[ IoU=0.50:0.95 | area=   all | maxDets=100 ] = 0.092
 Average Precision  (AP) @[ IoU=0.50      | area=   all | maxDets=100 ] = 0.216
 Average Precision  (AP) @[ IoU=0.75      | area=   all | maxDets=100 ] = 0.059
 Average Precision  (AP) @[ IoU=0.50:0.95 | area= small | maxDets=100 ] = -1.000
 Average Precision  (AP) @[ IoU=0.50:0.95 | area=medium | maxDets=100 ] = 0.004
 Average Precision  (AP) @[ IoU=0.50:0.95 | area= large | maxDets=100 ] = 0.210
 Average Recall     (AR) @[ IoU=0.50:0.95 | area=   all | maxDets=  1 ] = 0.095
 Average Recall     (AR) @[ IoU=0.50:0.95 | area=   all | maxDets= 10 ] = 0.148
 Average Recall     (AR) @[ IoU=0.50:0.95 | area=   all | maxDets=100 ] = 0.148
 Average Recall     (AR) @[ IoU=0.50:0.95 | area= small | maxDets=100 ] = -1.000
 Average Recall     (AR) @[ IoU=0.50:0.95 | area=medium | maxDets=100 ] = 0.020
 Average Recall     (AR) @[ IoU=0.50:0.95 | area= large | maxDets=100 ] = 0.297
[I 2026-02-23 12:49:28,601] Trial 67 finished with value: 0.21620534433642097 and parameters: {'alpha': 3.017973548104743, 'std_bias': 3.0789407937224498, 'opening_size': 7, 'closing_size': 13, 'dilate_size': 5, 'remove_small_blobs': 239, 'area_min': 1425, 'area_max': 122678, 'aspect_ratio_min': 0.1368089839789584, 'aspect_ratio_max': 13.10098924748247, 'fill_ratio_min': 0.16511910284146505, 'merge_distance': 47}. Best is trial 59 with value: 0.30834572496878.
creating index...
index created!
Loading and preparing results...
DONE (t=0.16s)
creating index...
index created!
Running per image evaluation...
Evaluate annotation type *bbox*
DONE (t=2.08s).
Accumulating evaluation results...
DONE (t=0.27s).
 Average Precision  (AP) @[ IoU=0.50:0.95 | area=   all | maxDets=100 ] = 0.133
 Average Precision  (AP) @[ IoU=0.50      | area=   all | maxDets=100 ] = 0.336
 Average Precision  (AP) @[ IoU=0.75      | area=   all | maxDets=100 ] = 0.079
 Average Precision  (AP) @[ IoU=0.50:0.95 | area= small | maxDets=100 ] = -1.000
 Average Precision  (AP) @[ IoU=0.50:0.95 | area=medium | maxDets=100 ] = 0.073
 Average Precision  (AP) @[ IoU=0.50:0.95 | area= large | maxDets=100 ] = 0.207
 Average Recall     (AR) @[ IoU=0.50:0.95 | area=   all | maxDets=  1 ] = 0.119
 Average Recall     (AR) @[ IoU=0.50:0.95 | area=   all | maxDets= 10 ] = 0.234
 Average Recall     (AR) @[ IoU=0.50:0.95 | area=   all | maxDets=100 ] = 0.234
 Average Recall     (AR) @[ IoU=0.50:0.95 | area= small | maxDets=100 ] = -1.000
 Average Recall     (AR) @[ IoU=0.50:0.95 | area=medium | maxDets=100 ] = 0.184
 Average Recall     (AR) @[ IoU=0.50:0.95 | area= large | maxDets=100 ] = 0.292
