[I 2026-02-23 12:53:48,435] Trial 76 finished with value: 0.3361603336157239 and parameters: {'alpha': 2.3661359276128464, 'std_bias': 4.246409013444585, 'opening_size': 5, 'closing_size': 15, 'dilate_size': 9, 'remove_small_blobs': 403, 'area_min': 1998, 'area_max': 132756, 'aspect_ratio_min': 0.1064784402255828, 'aspect_ratio_max': 12.267408845231554, 'fill_ratio_min': 0.11261944241008864, 'merge_distance': 29}. Best is trial 76 with value: 0.3361603336157239.Best trial: 59. Best value: 0.308346:  36%|███▌      | 9/25 [41:00<1:05:24, 245.30s/it]Best trial: 76. Best value: 0.33616:  36%|███▌      | 9/25 [41:00<1:05:24, 245.30s/it] Best trial: 76. Best value: 0.33616:  40%|████      | 10/25 [41:00<1:02:26, 249.78s/it]                                                                                       Best trial: 76. Best value: 0.33616:  40%|████      | 10/25 [45:16<1:02:26, 249.78s/it]Best trial: 76. Best value: 0.33616:  40%|████      | 10/25 [45:16<1:02:26, 249.78s/it]Best trial: 76. Best value: 0.33616:  44%|████▍     | 11/25 [45:16<58:43, 251.71s/it]                                                                                       Best trial: 76. Best value: 0.33616:  44%|████▍     | 11/25 [50:35<58:43, 251.71s/it]Best trial: 76. Best value: 0.33616:  44%|████▍     | 11/25 [50:35<58:43, 251.71s/it]Best trial: 76. Best value: 0.33616:  48%|████▊     | 12/25 [50:35<58:59, 272.26s/it]                                                                                     Best trial: 76. Best value: 0.33616:  48%|████▊     | 12/25 [54:26<58:59, 272.26s/it]Best trial: 76. Best value: 0.33616:  48%|████▊     | 12/25 [54:26<58:59, 272.26s/it]Best trial: 76. Best value: 0.33616:  52%|█████▏    | 13/25 [54:26<51:57, 259.81s/it]                                                                                     Best trial: 76. Best value: 0.33616:  52%|█████▏    | 13/25 [58:16<51:57, 259.81s/it]Best trial: 106. Best value: 0.349307:  52%|█████▏    | 13/25 [58:17<51:57, 259.81s/it]Best trial: 106. Best value: 0.349307:  56%|█████▌    | 14/25 [58:17<45:59, 250.89s/it]                                                                                       
creating index...
index created!
Loading and preparing results...
DONE (t=0.02s)
creating index...
index created!
Running per image evaluation...
Evaluate annotation type *bbox*
DONE (t=2.06s).
Accumulating evaluation results...
DONE (t=0.33s).
 Average Precision  (AP) @[ IoU=0.50:0.95 | area=   all | maxDets=100 ] = 0.116
 Average Precision  (AP) @[ IoU=0.50      | area=   all | maxDets=100 ] = 0.300
 Average Precision  (AP) @[ IoU=0.75      | area=   all | maxDets=100 ] = 0.069
 Average Precision  (AP) @[ IoU=0.50:0.95 | area= small | maxDets=100 ] = -1.000
 Average Precision  (AP) @[ IoU=0.50:0.95 | area=medium | maxDets=100 ] = 0.076
 Average Precision  (AP) @[ IoU=0.50:0.95 | area= large | maxDets=100 ] = 0.163
 Average Recall     (AR) @[ IoU=0.50:0.95 | area=   all | maxDets=  1 ] = 0.115
 Average Recall     (AR) @[ IoU=0.50:0.95 | area=   all | maxDets= 10 ] = 0.218
 Average Recall     (AR) @[ IoU=0.50:0.95 | area=   all | maxDets=100 ] = 0.218
 Average Recall     (AR) @[ IoU=0.50:0.95 | area= small | maxDets=100 ] = -1.000
 Average Recall     (AR) @[ IoU=0.50:0.95 | area=medium | maxDets=100 ] = 0.192
 Average Recall     (AR) @[ IoU=0.50:0.95 | area= large | maxDets=100 ] = 0.249
[I 2026-02-23 12:58:04,515] Trial 83 finished with value: 0.2996636712419278 and parameters: {'alpha': 2.1157052869618695, 'std_bias': 4.2158550836249, 'opening_size': 5, 'closing_size': 3, 'dilate_size': 9, 'remove_small_blobs': 592, 'area_min': 1859, 'area_max': 98961, 'aspect_ratio_min': 0.211298904222095, 'aspect_ratio_max': 11.429858690342837, 'fill_ratio_min': 0.13031491905910542, 'merge_distance': 31}. Best is trial 76 with value: 0.3361603336157239.
creating index...
index created!
Loading and preparing results...
DONE (t=0.03s)
creating index...
index created!
Running per image evaluation...
Evaluate annotation type *bbox*
DONE (t=3.07s).
Accumulating evaluation results...
DONE (t=0.41s).
 Average Precision  (AP) @[ IoU=0.50:0.95 | area=   all | maxDets=100 ] = 0.037
 Average Precision  (AP) @[ IoU=0.50      | area=   all | maxDets=100 ] = 0.094
 Average Precision  (AP) @[ IoU=0.75      | area=   all | maxDets=100 ] = 0.027
 Average Precision  (AP) @[ IoU=0.50:0.95 | area= small | maxDets=100 ] = -1.000
 Average Precision  (AP) @[ IoU=0.50:0.95 | area=medium | maxDets=100 ] = 0.037
 Average Precision  (AP) @[ IoU=0.50:0.95 | area= large | maxDets=100 ] = 0.033
 Average Recall     (AR) @[ IoU=0.50:0.95 | area=   all | maxDets=  1 ] = 0.065
 Average Recall     (AR) @[ IoU=0.50:0.95 | area=   all | maxDets= 10 ] = 0.154
 Average Recall     (AR) @[ IoU=0.50:0.95 | area=   all | maxDets=100 ] = 0.154
 Average Recall     (AR) @[ IoU=0.50:0.95 | area= small | maxDets=100 ] = -1.000
 Average Recall     (AR) @[ IoU=0.50:0.95 | area=medium | maxDets=100 ] = 0.197
 Average Recall     (AR) @[ IoU=0.50:0.95 | area= large | maxDets=100 ] = 0.104
[I 2026-02-23 13:03:23,776] Trial 93 finished with value: 0.09373065126275885 and parameters: {'alpha': 1.2444070527761841, 'std_bias': 4.453772131068734, 'opening_size': 5, 'closing_size': 3, 'dilate_size': 9, 'remove_small_blobs': 524, 'area_min': 1862, 'area_max': 94509, 'aspect_ratio_min': 0.20227569703092163, 'aspect_ratio_max': 9.99586360374553, 'fill_ratio_min': 0.14079337762464106, 'merge_distance': 31}. Best is trial 76 with value: 0.3361603336157239.
creating index...
index created!
Loading and preparing results...
DONE (t=0.02s)
creating index...
index created!
Running per image evaluation...
Evaluate annotation type *bbox*
DONE (t=2.51s).
Accumulating evaluation results...
DONE (t=0.38s).
 Average Precision  (AP) @[ IoU=0.50:0.95 | area=   all | maxDets=100 ] = 0.138
 Average Precision  (AP) @[ IoU=0.50      | area=   all | maxDets=100 ] = 0.317
 Average Precision  (AP) @[ IoU=0.75      | area=   all | maxDets=100 ] = 0.095
 Average Precision  (AP) @[ IoU=0.50:0.95 | area= small | maxDets=100 ] = -1.000
 Average Precision  (AP) @[ IoU=0.50:0.95 | area=medium | maxDets=100 ] = 0.041
 Average Precision  (AP) @[ IoU=0.50:0.95 | area= large | maxDets=100 ] = 0.260
 Average Recall     (AR) @[ IoU=0.50:0.95 | area=   all | maxDets=  1 ] = 0.117
 Average Recall     (AR) @[ IoU=0.50:0.95 | area=   all | maxDets= 10 ] = 0.234
 Average Recall     (AR) @[ IoU=0.50:0.95 | area=   all | maxDets=100 ] = 0.234
 Average Recall     (AR) @[ IoU=0.50:0.95 | area= small | maxDets=100 ] = -1.000
 Average Recall     (AR) @[ IoU=0.50:0.95 | area=medium | maxDets=100 ] = 0.136
 Average Recall     (AR) @[ IoU=0.50:0.95 | area= large | maxDets=100 ] = 0.348
[I 2026-02-23 13:07:14,951] Trial 103 finished with value: 0.31651966384896524 and parameters: {'alpha': 2.7519463432325466, 'std_bias': 4.7871065587242345, 'opening_size': 5, 'closing_size': 15, 'dilate_size': 9, 'remove_small_blobs': 623, 'area_min': 1359, 'area_max': 110227, 'aspect_ratio_min': 0.21799462838008166, 'aspect_ratio_max': 14.494951428868008, 'fill_ratio_min': 0.15806849541920548, 'merge_distance': 36}. Best is trial 76 with value: 0.3361603336157239.
creating index...
index created!
Loading and preparing results...
DONE (t=0.01s)
creating index...
index created!
Running per image evaluation...
Evaluate annotation type *bbox*
DONE (t=2.47s).
Accumulating evaluation results...
DONE (t=0.41s).
 Average Precision  (AP) @[ IoU=0.50:0.95 | area=   all | maxDets=100 ] = 0.142
 Average Precision  (AP) @[ IoU=0.50      | area=   all | maxDets=100 ] = 0.327
 Average Precision  (AP) @[ IoU=0.75      | area=   all | maxDets=100 ] = 0.100
 Average Precision  (AP) @[ IoU=0.50:0.95 | area= small | maxDets=100 ] = -1.000
 Average Precision  (AP) @[ IoU=0.50:0.95 | area=medium | maxDets=100 ] = 0.038
 Average Precision  (AP) @[ IoU=0.50:0.95 | area= large | maxDets=100 ] = 0.271
 Average Recall     (AR) @[ IoU=0.50:0.95 | area=   all | maxDets=  1 ] = 0.120
 Average Recall     (AR) @[ IoU=0.50:0.95 | area=   all | maxDets= 10 ] = 0.234
 Average Recall     (AR) @[ IoU=0.50:0.95 | area=   all | maxDets=100 ] = 0.235
 Average Recall     (AR) @[ IoU=0.50:0.95 | area= small | maxDets=100 ] = -1.000
 Average Recall     (AR) @[ IoU=0.50:0.95 | area=medium | maxDets=100 ] = 0.127
 Average Recall     (AR) @[ IoU=0.50:0.95 | area= large | maxDets=100 ] = 0.360
[I 2026-02-23 13:11:05,216] Trial 110 finished with value: 0.32737843589958515 and parameters: {'alpha': 2.846441199030888, 'std_bias': 4.821373808545032, 'opening_size': 5, 'closing_size': 15, 'dilate_size': 9, 'remove_small_blobs': 625, 'area_min': 1377, 'area_max': 110906, 'aspect_ratio_min': 0.22860700241979198, 'aspect_ratio_max': 12.678946833118852, 'fill_ratio_min': 0.20915856556969573, 'merge_distance': 28}. Best is trial 106 with value: 0.34930707775950676.
creating index...
index created!
Loading and preparing results...
DONE (t=0.17s)
creating index...
index created!
Running per image evaluation...
Evaluate annotation type *bbox*
DONE (t=2.44s).
Accumulating evaluation results...
DONE (t=0.42s).
 Average Precision  (AP) @[ IoU=0.50:0.95 | area=   all | maxDets=100 ] = 0.141
 Average Precision  (AP) @[ IoU=0.50      | area=   all | maxDets=100 ] = 0.327
 Average Precision  (AP) @[ IoU=0.75      | area=   all | maxDets=100 ] = 0.100
 Average Precision  (AP) @[ IoU=0.50:0.95 | area= small | maxDets=100 ] = -1.000
 Average Precision  (AP) @[ IoU=0.50:0.95 | area=medium | maxDets=100 ] = 0.038
 Average Precision  (AP) @[ IoU=0.50:0.95 | area= large | maxDets=100 ] = 0.270
 Average Recall     (AR) @[ IoU=0.50:0.95 | area=   all | maxDets=  1 ] = 0.120
 Average Recall     (AR) @[ IoU=0.50:0.95 | area=   all | maxDets= 10 ] = 0.234
 Average Recall     (AR) @[ IoU=0.50:0.95 | area=   all | maxDets=100 ] = 0.234
 Average Recall     (AR) @[ IoU=0.50:0.95 | area= small | maxDets=100 ] = -1.000
 Average Recall     (AR) @[ IoU=0.50:0.95 | area=medium | maxDets=100 ] = 0.127
 Average Recall     (AR) @[ IoU=0.50:0.95 | area= large | maxDets=100 ] = 0.359
[I 2026-02-23 13:14:58,544] Trial 118 finished with value: 0.32712351210017965 and parameters: {'alpha': 2.8467560958655214, 'std_bias': 4.827802958795973, 'opening_size': 5, 'closing_size': 15, 'dilate_size': 9, 'remove_small_blobs': 601, 'area_min': 1376, 'area_max': 109752, 'aspect_ratio_min': 0.23209627119445278, 'aspect_ratio_max': 14.72029300250562, 'fill_ratio_min': 0.21487862707722938, 'merge_distance': 28}. Best is trial 106 with value: 0.34930707775950676.Best trial: 106. Best value: 0.349307:  56%|█████▌    | 14/25 [1:02:10<45:59, 250.89s/it]Best trial: 106. Best value: 0.349307:  56%|█████▌    | 14/25 [1:02:10<45:59, 250.89s/it]Best trial: 106. Best value: 0.349307:  60%|██████    | 15/25 [1:02:10<40:55, 245.59s/it]                                                                                         Best trial: 106. Best value: 0.349307:  60%|██████    | 15/25 [1:06:21<40:55, 245.59s/it]Best trial: 106. Best value: 0.349307:  60%|██████    | 15/25 [1:06:21<40:55, 245.59s/it]Best trial: 106. Best value: 0.349307:  64%|██████▍   | 16/25 [1:06:21<37:05, 247.33s/it]                                                                                         Best trial: 106. Best value: 0.349307:  64%|██████▍   | 16/25 [1:10:06<37:05, 247.33s/it]Best trial: 106. Best value: 0.349307:  64%|██████▍   | 16/25 [1:10:06<37:05, 247.33s/it]Best trial: 106. Best value: 0.349307:  68%|██████▊   | 17/25 [1:10:06<32:04, 240.52s/it]                                                                                         Best trial: 106. Best value: 0.349307:  68%|██████▊   | 17/25 [1:13:34<32:04, 240.52s/it]Best trial: 106. Best value: 0.349307:  68%|██████▊   | 17/25 [1:13:34<32:04, 240.52s/it]Best trial: 106. Best value: 0.349307:  72%|███████▏  | 18/25 [1:13:34<26:56, 230.89s/it]                                                                                         Best trial: 106. Best value: 0.349307:  72%|███████▏  | 18/25 [1:17:40<26:56, 230.89s/it]Best trial: 106. Best value: 0.349307:  72%|███████▏  | 18/25 [1:17:40<26:56, 230.89s/it]Best trial: 106. Best value: 0.349307:  76%|███████▌  | 19/25 [1:17:40<23:32, 235.47s/it]                                                                                         
creating index...
index created!
Loading and preparing results...
DONE (t=0.02s)
creating index...
index created!
Running per image evaluation...
Evaluate annotation type *bbox*
DONE (t=2.33s).
Accumulating evaluation results...
DONE (t=0.36s).
 Average Precision  (AP) @[ IoU=0.50:0.95 | area=   all | maxDets=100 ] = 0.130
 Average Precision  (AP) @[ IoU=0.50      | area=   all | maxDets=100 ] = 0.323
 Average Precision  (AP) @[ IoU=0.75      | area=   all | maxDets=100 ] = 0.080
 Average Precision  (AP) @[ IoU=0.50:0.95 | area= small | maxDets=100 ] = -1.000
 Average Precision  (AP) @[ IoU=0.50:0.95 | area=medium | maxDets=100 ] = 0.051
 Average Precision  (AP) @[ IoU=0.50:0.95 | area= large | maxDets=100 ] = 0.226
 Average Recall     (AR) @[ IoU=0.50:0.95 | area=   all | maxDets=  1 ] = 0.127
 Average Recall     (AR) @[ IoU=0.50:0.95 | area=   all | maxDets= 10 ] = 0.226
 Average Recall     (AR) @[ IoU=0.50:0.95 | area=   all | maxDets=100 ] = 0.226
 Average Recall     (AR) @[ IoU=0.50:0.95 | area= small | maxDets=100 ] = -1.000
 Average Recall     (AR) @[ IoU=0.50:0.95 | area=medium | maxDets=100 ] = 0.151
 Average Recall     (AR) @[ IoU=0.50:0.95 | area= large | maxDets=100 ] = 0.313
[I 2026-02-23 13:19:09,899] Trial 126 finished with value: 0.3227260370755359 and parameters: {'alpha': 2.3920106690948, 'std_bias': 4.945401210158706, 'opening_size': 5, 'closing_size': 7, 'dilate_size': 9, 'remove_small_blobs': 578, 'area_min': 1468, 'area_max': 103463, 'aspect_ratio_min': 0.22601083163444122, 'aspect_ratio_max': 4.019666612381597, 'fill_ratio_min': 0.19901095525486362, 'merge_distance': 26}. Best is trial 106 with value: 0.34930707775950676.
creating index...
index created!
Loading and preparing results...
DONE (t=0.03s)
creating index...
index created!
Running per image evaluation...
Evaluate annotation type *bbox*
DONE (t=2.09s).
Accumulating evaluation results...
DONE (t=0.47s).
 Average Precision  (AP) @[ IoU=0.50:0.95 | area=   all | maxDets=100 ] = 0.154
 Average Precision  (AP) @[ IoU=0.50      | area=   all | maxDets=100 ] = 0.346
 Average Precision  (AP) @[ IoU=0.75      | area=   all | maxDets=100 ] = 0.113
 Average Precision  (AP) @[ IoU=0.50:0.95 | area= small | maxDets=100 ] = -1.000
 Average Precision  (AP) @[ IoU=0.50:0.95 | area=medium | maxDets=100 ] = 0.041
 Average Precision  (AP) @[ IoU=0.50:0.95 | area= large | maxDets=100 ] = 0.289
 Average Recall     (AR) @[ IoU=0.50:0.95 | area=   all | maxDets=  1 ] = 0.124
 Average Recall     (AR) @[ IoU=0.50:0.95 | area=   all | maxDets= 10 ] = 0.227
 Average Recall     (AR) @[ IoU=0.50:0.95 | area=   all | maxDets=100 ] = 0.227
 Average Recall     (AR) @[ IoU=0.50:0.95 | area= small | maxDets=100 ] = -1.000
 Average Recall     (AR) @[ IoU=0.50:0.95 | area=medium | maxDets=100 ] = 0.103
 Average Recall     (AR) @[ IoU=0.50:0.95 | area= large | maxDets=100 ] = 0.372
[I 2026-02-23 13:22:54,587] Trial 134 finished with value: 0.34626505522929124 and parameters: {'alpha': 3.094160718173828, 'std_bias': 4.35949569233596, 'opening_size': 5, 'closing_size': 15, 'dilate_size': 9, 'remove_small_blobs': 605, 'area_min': 1537, 'area_max': 113225, 'aspect_ratio_min': 0.216759750880648, 'aspect_ratio_max': 4.843656384636035, 'fill_ratio_min': 0.1940185513636023, 'merge_distance': 24}. Best is trial 106 with value: 0.34930707775950676.
creating index...
index created!
Loading and preparing results...
DONE (t=0.01s)
creating index...
index created!
Running per image evaluation...
Evaluate annotation type *bbox*
DONE (t=1.62s).
Accumulating evaluation results...
DONE (t=0.43s).
 Average Precision  (AP) @[ IoU=0.50:0.95 | area=   all | maxDets=100 ] = 0.116
 Average Precision  (AP) @[ IoU=0.50      | area=   all | maxDets=100 ] = 0.216
 Average Precision  (AP) @[ IoU=0.75      | area=   all | maxDets=100 ] = 0.108
 Average Precision  (AP) @[ IoU=0.50:0.95 | area= small | maxDets=100 ] = -1.000
 Average Precision  (AP) @[ IoU=0.50:0.95 | area=medium | maxDets=100 ] = 0.003
 Average Precision  (AP) @[ IoU=0.50:0.95 | area= large | maxDets=100 ] = 0.298
 Average Recall     (AR) @[ IoU=0.50:0.95 | area=   all | maxDets=  1 ] = 0.125
 Average Recall     (AR) @[ IoU=0.50:0.95 | area=   all | maxDets= 10 ] = 0.200
 Average Recall     (AR) @[ IoU=0.50:0.95 | area=   all | maxDets=100 ] = 0.201
 Average Recall     (AR) @[ IoU=0.50:0.95 | area= small | maxDets=100 ] = -1.000
 Average Recall     (AR) @[ IoU=0.50:0.95 | area=medium | maxDets=100 ] = 0.013
 Average Recall     (AR) @[ IoU=0.50:0.95 | area= large | maxDets=100 ] = 0.419
[I 2026-02-23 13:26:23,051] Trial 142 finished with value: 0.21628591474338482 and parameters: {'alpha': 4.71195445254443, 'std_bias': 4.330452356398504, 'opening_size': 5, 'closing_size': 7, 'dilate_size': 9, 'remove_small_blobs': 481, 'area_min': 1580, 'area_max': 118893, 'aspect_ratio_min': 0.24355234905138853, 'aspect_ratio_max': 5.6848695253642525, 'fill_ratio_min': 0.2581554488194747, 'merge_distance': 19}. Best is trial 106 with value: 0.34930707775950676.
creating index...
index created!
Loading and preparing results...
DONE (t=0.02s)
creating index...
index created!
Running per image evaluation...
Evaluate annotation type *bbox*
DONE (t=2.78s).
Accumulating evaluation results...
DONE (t=0.44s).
 Average Precision  (AP) @[ IoU=0.50:0.95 | area=   all | maxDets=100 ] = 0.105
 Average Precision  (AP) @[ IoU=0.50      | area=   all | maxDets=100 ] = 0.262
 Average Precision  (AP) @[ IoU=0.75      | area=   all | maxDets=100 ] = 0.065
 Average Precision  (AP) @[ IoU=0.50:0.95 | area= small | maxDets=100 ] = -1.000
 Average Precision  (AP) @[ IoU=0.50:0.95 | area=medium | maxDets=100 ] = 0.022
 Average Precision  (AP) @[ IoU=0.50:0.95 | area= large | maxDets=100 ] = 0.214
 Average Recall     (AR) @[ IoU=0.50:0.95 | area=   all | maxDets=  1 ] = 0.107
 Average Recall     (AR) @[ IoU=0.50:0.95 | area=   all | maxDets= 10 ] = 0.183
 Average Recall     (AR) @[ IoU=0.50:0.95 | area=   all | maxDets=100 ] = 0.183
 Average Recall     (AR) @[ IoU=0.50:0.95 | area= small | maxDets=100 ] = -1.000
 Average Recall     (AR) @[ IoU=0.50:0.95 | area=medium | maxDets=100 ] = 0.083
 Average Recall     (AR) @[ IoU=0.50:0.95 | area= large | maxDets=100 ] = 0.299
[I 2026-02-23 13:30:29,208] Trial 149 finished with value: 0.2624407338536637 and parameters: {'alpha': 3.0461655616674674, 'std_bias': 4.083119554368105, 'opening_size': 5, 'closing_size': 7, 'dilate_size': 9, 'remove_small_blobs': 520, 'area_min': 1412, 'area_max': 64917, 'aspect_ratio_min': 0.2357156566627457, 'aspect_ratio_max': 5.291576983221494, 'fill_ratio_min': 0.24522936256909983, 'merge_distance': 17}. Best is trial 106 with value: 0.34930707775950676.
creating index...
index created!
Loading and preparing results...
DONE (t=0.03s)
creating index...
index created!
Running per image evaluation...
Evaluate annotation type *bbox*
DONE (t=2.82s).
Accumulating evaluation results...
DONE (t=0.41s).
 Average Precision  (AP) @[ IoU=0.50:0.95 | area=   all | maxDets=100 ] = 0.108
 Average Precision  (AP) @[ IoU=0.50      | area=   all | maxDets=100 ] = 0.251
 Average Precision  (AP) @[ IoU=0.75      | area=   all | maxDets=100 ] = 0.072
 Average Precision  (AP) @[ IoU=0.50:0.95 | area= small | maxDets=100 ] = -1.000
 Average Precision  (AP) @[ IoU=0.50:0.95 | area=medium | maxDets=100 ] = 0.080
 Average Precision  (AP) @[ IoU=0.50:0.95 | area= large | maxDets=100 ] = 0.148
 Average Recall     (AR) @[ IoU=0.50:0.95 | area=   all | maxDets=  1 ] = 0.102
 Average Recall     (AR) @[ IoU=0.50:0.95 | area=   all | maxDets= 10 ] = 0.251
 Average Recall     (AR) @[ IoU=0.50:0.95 | area=   all | maxDets=100 ] = 0.251
 Average Recall     (AR) @[ IoU=0.50:0.95 | area= small | maxDets=100 ] = -1.000
 Average Recall     (AR) @[ IoU=0.50:0.95 | area=medium | maxDets=100 ] = 0.242
 Average Recall     (AR) @[ IoU=0.50:0.95 | area= large | maxDets=100 ] = 0.262
