[I 2026-02-23 14:39:53,791] Trial 69 finished with value: 0.17290850594084997 and parameters: {'alpha': 2.9162715016754133, 'std_bias': 2.4218876095515225, 'opening_size': 3, 'closing_size': 20, 'dilate_size': 9, 'remove_small_blobs': 661, 'area_min': 1616, 'area_max': 102027, 'aspect_ratio_min': 0.2479874647274149, 'aspect_ratio_max': 6.2251548505260015, 'fill_ratio_min': 0.2969586343003572, 'n_frames': 2, 'temporal_threshold': 0.5656134371478456, 'merge_distance': 37}. Best is trial 38 with value: 0.32117286645295584.Best trial: 38. Best value: 0.321173:  36%|███▌      | 9/25 [43:17<1:13:11, 274.48s/it]Best trial: 38. Best value: 0.321173:  36%|███▌      | 9/25 [43:17<1:13:11, 274.48s/it]Best trial: 38. Best value: 0.321173:  40%|████      | 10/25 [43:17<1:09:19, 277.30s/it]                                                                                        Best trial: 38. Best value: 0.321173:  40%|████      | 10/25 [47:09<1:09:19, 277.30s/it]Best trial: 38. Best value: 0.321173:  40%|████      | 10/25 [47:09<1:09:19, 277.30s/it]Best trial: 38. Best value: 0.321173:  44%|████▍     | 11/25 [47:09<1:01:30, 263.59s/it]                                                                                        Best trial: 38. Best value: 0.321173:  44%|████▍     | 11/25 [51:10<1:01:30, 263.59s/it]Best trial: 79. Best value: 0.327677:  44%|████▍     | 11/25 [51:10<1:01:30, 263.59s/it]Best trial: 79. Best value: 0.327677:  48%|████▊     | 12/25 [51:10<55:37, 256.72s/it]                                                                                        Best trial: 79. Best value: 0.327677:  48%|████▊     | 12/25 [55:23<55:37, 256.72s/it]Best trial: 79. Best value: 0.327677:  48%|████▊     | 12/25 [55:23<55:37, 256.72s/it]Best trial: 79. Best value: 0.327677:  52%|█████▏    | 13/25 [55:23<51:06, 255.58s/it]                                                                                      Best trial: 79. Best value: 0.327677:  52%|█████▏    | 13/25 [59:34<51:06, 255.58s/it]Best trial: 101. Best value: 0.351274:  52%|█████▏    | 13/25 [59:34<51:06, 255.58s/it]Best trial: 101. Best value: 0.351274:  56%|█████▌    | 14/25 [59:34<46:34, 254.08s/it]                                                                                       
creating index...
index created!
Loading and preparing results...
DONE (t=0.01s)
creating index...
index created!
Running per image evaluation...
Evaluate annotation type *bbox*
DONE (t=1.83s).
Accumulating evaluation results...
DONE (t=0.31s).
 Average Precision  (AP) @[ IoU=0.50:0.95 | area=   all | maxDets=100 ] = 0.162
 Average Precision  (AP) @[ IoU=0.50      | area=   all | maxDets=100 ] = 0.289
 Average Precision  (AP) @[ IoU=0.75      | area=   all | maxDets=100 ] = 0.164
 Average Precision  (AP) @[ IoU=0.50:0.95 | area= small | maxDets=100 ] = -1.000
 Average Precision  (AP) @[ IoU=0.50:0.95 | area=medium | maxDets=100 ] = 0.006
 Average Precision  (AP) @[ IoU=0.50:0.95 | area= large | maxDets=100 ] = 0.403
 Average Recall     (AR) @[ IoU=0.50:0.95 | area=   all | maxDets=  1 ] = 0.121
 Average Recall     (AR) @[ IoU=0.50:0.95 | area=   all | maxDets= 10 ] = 0.240
 Average Recall     (AR) @[ IoU=0.50:0.95 | area=   all | maxDets=100 ] = 0.240
 Average Recall     (AR) @[ IoU=0.50:0.95 | area= small | maxDets=100 ] = -1.000
 Average Recall     (AR) @[ IoU=0.50:0.95 | area=medium | maxDets=100 ] = 0.031
 Average Recall     (AR) @[ IoU=0.50:0.95 | area= large | maxDets=100 ] = 0.482
[I 2026-02-23 14:43:46,295] Trial 78 finished with value: 0.28903468908108826 and parameters: {'alpha': 5.746793920526766, 'std_bias': 3.664790391570407, 'opening_size': 3, 'closing_size': 20, 'dilate_size': 9, 'remove_small_blobs': 635, 'area_min': 1056, 'area_max': 96128, 'aspect_ratio_min': 0.22111637790022423, 'aspect_ratio_max': 4.444214997274102, 'fill_ratio_min': 0.2996328373662675, 'n_frames': 2, 'temporal_threshold': 0.5739581326625542, 'merge_distance': 40}. Best is trial 38 with value: 0.32117286645295584.
creating index...
index created!
Loading and preparing results...
DONE (t=0.19s)
creating index...
index created!
Running per image evaluation...
Evaluate annotation type *bbox*
DONE (t=1.82s).
Accumulating evaluation results...
DONE (t=0.34s).
 Average Precision  (AP) @[ IoU=0.50:0.95 | area=   all | maxDets=100 ] = 0.146
 Average Precision  (AP) @[ IoU=0.50      | area=   all | maxDets=100 ] = 0.258
 Average Precision  (AP) @[ IoU=0.75      | area=   all | maxDets=100 ] = 0.141
 Average Precision  (AP) @[ IoU=0.50:0.95 | area= small | maxDets=100 ] = -1.000
 Average Precision  (AP) @[ IoU=0.50:0.95 | area=medium | maxDets=100 ] = 0.004
 Average Precision  (AP) @[ IoU=0.50:0.95 | area= large | maxDets=100 ] = 0.344
 Average Recall     (AR) @[ IoU=0.50:0.95 | area=   all | maxDets=  1 ] = 0.127
 Average Recall     (AR) @[ IoU=0.50:0.95 | area=   all | maxDets= 10 ] = 0.204
 Average Recall     (AR) @[ IoU=0.50:0.95 | area=   all | maxDets=100 ] = 0.204
 Average Recall     (AR) @[ IoU=0.50:0.95 | area= small | maxDets=100 ] = -1.000
 Average Recall     (AR) @[ IoU=0.50:0.95 | area=medium | maxDets=100 ] = 0.013
 Average Recall     (AR) @[ IoU=0.50:0.95 | area= large | maxDets=100 ] = 0.426
[I 2026-02-23 14:47:47,298] Trial 86 finished with value: 0.25770739096464285 and parameters: {'alpha': 6.947977479316871, 'std_bias': 2.077240531077875, 'opening_size': 3, 'closing_size': 15, 'dilate_size': 9, 'remove_small_blobs': 482, 'area_min': 1310, 'area_max': 86408, 'aspect_ratio_min': 0.23326708602031254, 'aspect_ratio_max': 5.5916855079086165, 'fill_ratio_min': 0.28951564160090076, 'n_frames': 2, 'temporal_threshold': 0.5340584265234346, 'merge_distance': 44}. Best is trial 79 with value: 0.3276770672641034.
creating index...
index created!
Loading and preparing results...
DONE (t=0.02s)
creating index...
index created!
Running per image evaluation...
Evaluate annotation type *bbox*
DONE (t=2.03s).
Accumulating evaluation results...
DONE (t=0.34s).
 Average Precision  (AP) @[ IoU=0.50:0.95 | area=   all | maxDets=100 ] = 0.163
 Average Precision  (AP) @[ IoU=0.50      | area=   all | maxDets=100 ] = 0.288
 Average Precision  (AP) @[ IoU=0.75      | area=   all | maxDets=100 ] = 0.161
 Average Precision  (AP) @[ IoU=0.50:0.95 | area= small | maxDets=100 ] = -1.000
 Average Precision  (AP) @[ IoU=0.50:0.95 | area=medium | maxDets=100 ] = 0.007
 Average Precision  (AP) @[ IoU=0.50:0.95 | area= large | maxDets=100 ] = 0.378
 Average Recall     (AR) @[ IoU=0.50:0.95 | area=   all | maxDets=  1 ] = 0.138
 Average Recall     (AR) @[ IoU=0.50:0.95 | area=   all | maxDets= 10 ] = 0.228
 Average Recall     (AR) @[ IoU=0.50:0.95 | area=   all | maxDets=100 ] = 0.228
 Average Recall     (AR) @[ IoU=0.50:0.95 | area= small | maxDets=100 ] = -1.000
 Average Recall     (AR) @[ IoU=0.50:0.95 | area=medium | maxDets=100 ] = 0.026
 Average Recall     (AR) @[ IoU=0.50:0.95 | area= large | maxDets=100 ] = 0.463
[I 2026-02-23 14:52:00,271] Trial 93 finished with value: 0.2884720752155338 and parameters: {'alpha': 5.2986401490654504, 'std_bias': 3.173605753010576, 'opening_size': 3, 'closing_size': 11, 'dilate_size': 9, 'remove_small_blobs': 520, 'area_min': 1812, 'area_max': 103841, 'aspect_ratio_min': 0.20138759853802293, 'aspect_ratio_max': 9.988956325786036, 'fill_ratio_min': 0.2715392562816903, 'n_frames': 2, 'temporal_threshold': 0.533121869984321, 'merge_distance': 32}. Best is trial 79 with value: 0.3276770672641034.
creating index...
index created!
Loading and preparing results...
DONE (t=0.02s)
creating index...
index created!
Running per image evaluation...
Evaluate annotation type *bbox*
DONE (t=1.82s).
Accumulating evaluation results...
DONE (t=0.27s).
 Average Precision  (AP) @[ IoU=0.50:0.95 | area=   all | maxDets=100 ] = 0.190
 Average Precision  (AP) @[ IoU=0.50      | area=   all | maxDets=100 ] = 0.351
 Average Precision  (AP) @[ IoU=0.75      | area=   all | maxDets=100 ] = 0.179
 Average Precision  (AP) @[ IoU=0.50:0.95 | area= small | maxDets=100 ] = -1.000
 Average Precision  (AP) @[ IoU=0.50:0.95 | area=medium | maxDets=100 ] = 0.048
 Average Precision  (AP) @[ IoU=0.50:0.95 | area= large | maxDets=100 ] = 0.358
 Average Recall     (AR) @[ IoU=0.50:0.95 | area=   all | maxDets=  1 ] = 0.144
 Average Recall     (AR) @[ IoU=0.50:0.95 | area=   all | maxDets= 10 ] = 0.263
 Average Recall     (AR) @[ IoU=0.50:0.95 | area=   all | maxDets=100 ] = 0.263
 Average Recall     (AR) @[ IoU=0.50:0.95 | area= small | maxDets=100 ] = -1.000
 Average Recall     (AR) @[ IoU=0.50:0.95 | area=medium | maxDets=100 ] = 0.099
 Average Recall     (AR) @[ IoU=0.50:0.95 | area= large | maxDets=100 ] = 0.452
[I 2026-02-23 14:56:10,875] Trial 101 finished with value: 0.35127376327781606 and parameters: {'alpha': 4.515335781557343, 'std_bias': 4.277106406561765, 'opening_size': 3, 'closing_size': 20, 'dilate_size': 9, 'remove_small_blobs': 557, 'area_min': 1968, 'area_max': 147166, 'aspect_ratio_min': 0.23954086948264988, 'aspect_ratio_max': 4.025426469820039, 'fill_ratio_min': 0.2944990845622925, 'n_frames': 2, 'temporal_threshold': 0.5947335907855777, 'merge_distance': 30}. Best is trial 101 with value: 0.35127376327781606.
creating index...
index created!
Loading and preparing results...
DONE (t=0.02s)
creating index...
index created!
Running per image evaluation...
Evaluate annotation type *bbox*
DONE (t=2.25s).
Accumulating evaluation results...
DONE (t=0.33s).
 Average Precision  (AP) @[ IoU=0.50:0.95 | area=   all | maxDets=100 ] = 0.175
 Average Precision  (AP) @[ IoU=0.50      | area=   all | maxDets=100 ] = 0.345
 Average Precision  (AP) @[ IoU=0.75      | area=   all | maxDets=100 ] = 0.165
 Average Precision  (AP) @[ IoU=0.50:0.95 | area= small | maxDets=100 ] = -1.000
 Average Precision  (AP) @[ IoU=0.50:0.95 | area=medium | maxDets=100 ] = 0.047
 Average Precision  (AP) @[ IoU=0.50:0.95 | area= large | maxDets=100 ] = 0.327
 Average Recall     (AR) @[ IoU=0.50:0.95 | area=   all | maxDets=  1 ] = 0.137
 Average Recall     (AR) @[ IoU=0.50:0.95 | area=   all | maxDets= 10 ] = 0.261
 Average Recall     (AR) @[ IoU=0.50:0.95 | area=   all | maxDets=100 ] = 0.261
 Average Recall     (AR) @[ IoU=0.50:0.95 | area= small | maxDets=100 ] = -1.000
 Average Recall     (AR) @[ IoU=0.50:0.95 | area=medium | maxDets=100 ] = 0.114
 Average Recall     (AR) @[ IoU=0.50:0.95 | area= large | maxDets=100 ] = 0.432
[I 2026-02-23 15:00:27,361] Trial 109 finished with value: 0.34485802985911157 and parameters: {'alpha': 4.524412757818087, 'std_bias': 3.4227543619664003, 'opening_size': 3, 'closing_size': 20, 'dilate_size': 9, 'remove_small_blobs': 607, 'area_min': 1992, 'area_max': 145843, 'aspect_ratio_min': 0.24561184846277845, 'aspect_ratio_max': 9.817637222545347, 'fill_ratio_min': 0.2676806248854878, 'n_frames': 2, 'temporal_threshold': 0.5566815588826084, 'merge_distance': 11}. Best is trial 101 with value: 0.35127376327781606.Best trial: 101. Best value: 0.351274:  56%|█████▌    | 14/25 [1:03:50<46:34, 254.08s/it]Best trial: 101. Best value: 0.351274:  56%|█████▌    | 14/25 [1:03:50<46:34, 254.08s/it]Best trial: 101. Best value: 0.351274:  60%|██████    | 15/25 [1:03:50<42:28, 254.80s/it]                                                                                         Best trial: 101. Best value: 0.351274:  60%|██████    | 15/25 [1:08:05<42:28, 254.80s/it]Best trial: 101. Best value: 0.351274:  60%|██████    | 15/25 [1:08:05<42:28, 254.80s/it]Best trial: 101. Best value: 0.351274:  64%|██████▍   | 16/25 [1:08:05<38:14, 254.95s/it]                                                                                         Best trial: 101. Best value: 0.351274:  64%|██████▍   | 16/25 [1:12:37<38:14, 254.95s/it]Best trial: 101. Best value: 0.351274:  64%|██████▍   | 16/25 [1:12:37<38:14, 254.95s/it]Best trial: 101. Best value: 0.351274:  68%|██████▊   | 17/25 [1:12:37<34:39, 259.95s/it]                                                                                         Best trial: 101. Best value: 0.351274:  68%|██████▊   | 17/25 [1:17:58<34:39, 259.95s/it]Best trial: 101. Best value: 0.351274:  68%|██████▊   | 17/25 [1:17:58<34:39, 259.95s/it]Best trial: 101. Best value: 0.351274:  72%|███████▏  | 18/25 [1:17:58<32:27, 278.28s/it]                                                                                         Best trial: 101. Best value: 0.351274:  72%|███████▏  | 18/25 [1:22:37<32:27, 278.28s/it]Best trial: 101. Best value: 0.351274:  72%|███████▏  | 18/25 [1:22:37<32:27, 278.28s/it]Best trial: 101. Best value: 0.351274:  76%|███████▌  | 19/25 [1:22:37<27:50, 278.48s/it]                                                                                         
creating index...
index created!
Loading and preparing results...
DONE (t=0.02s)
creating index...
index created!
Running per image evaluation...
Evaluate annotation type *bbox*
DONE (t=2.17s).
Accumulating evaluation results...
DONE (t=0.51s).
 Average Precision  (AP) @[ IoU=0.50:0.95 | area=   all | maxDets=100 ] = 0.171
 Average Precision  (AP) @[ IoU=0.50      | area=   all | maxDets=100 ] = 0.341
 Average Precision  (AP) @[ IoU=0.75      | area=   all | maxDets=100 ] = 0.161
 Average Precision  (AP) @[ IoU=0.50:0.95 | area= small | maxDets=100 ] = -1.000
 Average Precision  (AP) @[ IoU=0.50:0.95 | area=medium | maxDets=100 ] = 0.050
 Average Precision  (AP) @[ IoU=0.50:0.95 | area= large | maxDets=100 ] = 0.313
 Average Recall     (AR) @[ IoU=0.50:0.95 | area=   all | maxDets=  1 ] = 0.135
 Average Recall     (AR) @[ IoU=0.50:0.95 | area=   all | maxDets= 10 ] = 0.259
 Average Recall     (AR) @[ IoU=0.50:0.95 | area=   all | maxDets=100 ] = 0.259
 Average Recall     (AR) @[ IoU=0.50:0.95 | area= small | maxDets=100 ] = -1.000
 Average Recall     (AR) @[ IoU=0.50:0.95 | area=medium | maxDets=100 ] = 0.122
 Average Recall     (AR) @[ IoU=0.50:0.95 | area= large | maxDets=100 ] = 0.417
[I 2026-02-23 15:04:42,639] Trial 119 finished with value: 0.34105728377618894 and parameters: {'alpha': 4.474326120883623, 'std_bias': 3.2682610280036033, 'opening_size': 3, 'closing_size': 20, 'dilate_size': 9, 'remove_small_blobs': 605, 'area_min': 1959, 'area_max': 145969, 'aspect_ratio_min': 0.12169122998484512, 'aspect_ratio_max': 8.305830075712525, 'fill_ratio_min': 0.24604064738065975, 'n_frames': 2, 'temporal_threshold': 0.46520813139325434, 'merge_distance': 12}. Best is trial 101 with value: 0.35127376327781606.
creating index...
index created!
Loading and preparing results...
DONE (t=0.02s)
creating index...
index created!
Running per image evaluation...
Evaluate annotation type *bbox*
DONE (t=1.90s).
Accumulating evaluation results...
DONE (t=0.41s).
 Average Precision  (AP) @[ IoU=0.50:0.95 | area=   all | maxDets=100 ] = 0.166
 Average Precision  (AP) @[ IoU=0.50      | area=   all | maxDets=100 ] = 0.299
 Average Precision  (AP) @[ IoU=0.75      | area=   all | maxDets=100 ] = 0.169
 Average Precision  (AP) @[ IoU=0.50:0.95 | area= small | maxDets=100 ] = -1.000
 Average Precision  (AP) @[ IoU=0.50:0.95 | area=medium | maxDets=100 ] = 0.020
 Average Precision  (AP) @[ IoU=0.50:0.95 | area= large | maxDets=100 ] = 0.344
 Average Recall     (AR) @[ IoU=0.50:0.95 | area=   all | maxDets=  1 ] = 0.138
 Average Recall     (AR) @[ IoU=0.50:0.95 | area=   all | maxDets= 10 ] = 0.233
 Average Recall     (AR) @[ IoU=0.50:0.95 | area=   all | maxDets=100 ] = 0.233
 Average Recall     (AR) @[ IoU=0.50:0.95 | area= small | maxDets=100 ] = -1.000
 Average Recall     (AR) @[ IoU=0.50:0.95 | area=medium | maxDets=100 ] = 0.053
 Average Recall     (AR) @[ IoU=0.50:0.95 | area= large | maxDets=100 ] = 0.442
[I 2026-02-23 15:09:14,218] Trial 126 finished with value: 0.2991862399628749 and parameters: {'alpha': 4.4694796844535745, 'std_bias': 3.0352143186241705, 'opening_size': 3, 'closing_size': 13, 'dilate_size': 5, 'remove_small_blobs': 232, 'area_min': 1928, 'area_max': 149843, 'aspect_ratio_min': 0.12249720323076518, 'aspect_ratio_max': 9.501100207900045, 'fill_ratio_min': 0.23782361210465225, 'n_frames': 2, 'temporal_threshold': 0.4430058740178077, 'merge_distance': 15}. Best is trial 101 with value: 0.35127376327781606.
creating index...
index created!
Loading and preparing results...
DONE (t=0.02s)
creating index...
index created!
Running per image evaluation...
Evaluate annotation type *bbox*
DONE (t=2.30s).
Accumulating evaluation results...
DONE (t=0.30s).
 Average Precision  (AP) @[ IoU=0.50:0.95 | area=   all | maxDets=100 ] = 0.157
 Average Precision  (AP) @[ IoU=0.50      | area=   all | maxDets=100 ] = 0.329
 Average Precision  (AP) @[ IoU=0.75      | area=   all | maxDets=100 ] = 0.135
 Average Precision  (AP) @[ IoU=0.50:0.95 | area= small | maxDets=100 ] = -1.000
 Average Precision  (AP) @[ IoU=0.50:0.95 | area=medium | maxDets=100 ] = 0.062
 Average Precision  (AP) @[ IoU=0.50:0.95 | area= large | maxDets=100 ] = 0.265
 Average Recall     (AR) @[ IoU=0.50:0.95 | area=   all | maxDets=  1 ] = 0.125
 Average Recall     (AR) @[ IoU=0.50:0.95 | area=   all | maxDets= 10 ] = 0.258
 Average Recall     (AR) @[ IoU=0.50:0.95 | area=   all | maxDets=100 ] = 0.258
 Average Recall     (AR) @[ IoU=0.50:0.95 | area= small | maxDets=100 ] = -1.000
 Average Recall     (AR) @[ IoU=0.50:0.95 | area=medium | maxDets=100 ] = 0.156
 Average Recall     (AR) @[ IoU=0.50:0.95 | area= large | maxDets=100 ] = 0.376
[I 2026-02-23 15:14:35,191] Trial 134 finished with value: 0.3288029988309097 and parameters: {'alpha': 4.178921769963186, 'std_bias': 2.927746964005093, 'opening_size': 3, 'closing_size': 20, 'dilate_size': 9, 'remove_small_blobs': 165, 'area_min': 1991, 'area_max': 136223, 'aspect_ratio_min': 0.15270512196698585, 'aspect_ratio_max': 7.9176369574586225, 'fill_ratio_min': 0.21912906399390938, 'n_frames': 2, 'temporal_threshold': 0.42604799757223166, 'merge_distance': 11}. Best is trial 101 with value: 0.35127376327781606.
creating index...
index created!
Loading and preparing results...
DONE (t=0.03s)
creating index...
index created!
Running per image evaluation...
Evaluate annotation type *bbox*
DONE (t=2.40s).
Accumulating evaluation results...
DONE (t=0.35s).
 Average Precision  (AP) @[ IoU=0.50:0.95 | area=   all | maxDets=100 ] = 0.139
 Average Precision  (AP) @[ IoU=0.50      | area=   all | maxDets=100 ] = 0.305
 Average Precision  (AP) @[ IoU=0.75      | area=   all | maxDets=100 ] = 0.108
 Average Precision  (AP) @[ IoU=0.50:0.95 | area= small | maxDets=100 ] = -1.000
 Average Precision  (AP) @[ IoU=0.50:0.95 | area=medium | maxDets=100 ] = 0.066
 Average Precision  (AP) @[ IoU=0.50:0.95 | area= large | maxDets=100 ] = 0.227
 Average Recall     (AR) @[ IoU=0.50:0.95 | area=   all | maxDets=  1 ] = 0.113
 Average Recall     (AR) @[ IoU=0.50:0.95 | area=   all | maxDets= 10 ] = 0.266
 Average Recall     (AR) @[ IoU=0.50:0.95 | area=   all | maxDets=100 ] = 0.266
 Average Recall     (AR) @[ IoU=0.50:0.95 | area= small | maxDets=100 ] = -1.000
 Average Recall     (AR) @[ IoU=0.50:0.95 | area=medium | maxDets=100 ] = 0.195
 Average Recall     (AR) @[ IoU=0.50:0.95 | area= large | maxDets=100 ] = 0.348
[I 2026-02-23 15:19:14,125] Trial 142 finished with value: 0.3048962049533003 and parameters: {'alpha': 3.749862818540579, 'std_bias': 2.7440694986236305, 'opening_size': 3, 'closing_size': 20, 'dilate_size': 5, 'remove_small_blobs': 265, 'area_min': 1404, 'area_max': 130606, 'aspect_ratio_min': 0.15710623890463649, 'aspect_ratio_max': 8.438834290974107, 'fill_ratio_min': 0.23711962311582258, 'n_frames': 2, 'temporal_threshold': 0.41027093694529054, 'merge_distance': 11}. Best is trial 101 with value: 0.35127376327781606.
creating index...
index created!
Loading and preparing results...
DONE (t=0.02s)
creating index...
index created!
Running per image evaluation...
Evaluate annotation type *bbox*
DONE (t=2.45s).
Accumulating evaluation results...
DONE (t=0.42s).
 Average Precision  (AP) @[ IoU=0.50:0.95 | area=   all | maxDets=100 ] = 0.160
 Average Precision  (AP) @[ IoU=0.50      | area=   all | maxDets=100 ] = 0.329
 Average Precision  (AP) @[ IoU=0.75      | area=   all | maxDets=100 ] = 0.144
 Average Precision  (AP) @[ IoU=0.50:0.95 | area= small | maxDets=100 ] = -1.000
 Average Precision  (AP) @[ IoU=0.50:0.95 | area=medium | maxDets=100 ] = 0.042
 Average Precision  (AP) @[ IoU=0.50:0.95 | area= large | maxDets=100 ] = 0.310
 Average Recall     (AR) @[ IoU=0.50:0.95 | area=   all | maxDets=  1 ] = 0.125
 Average Recall     (AR) @[ IoU=0.50:0.95 | area=   all | maxDets= 10 ] = 0.260
 Average Recall     (AR) @[ IoU=0.50:0.95 | area=   all | maxDets=100 ] = 0.260
 Average Recall     (AR) @[ IoU=0.50:0.95 | area= small | maxDets=100 ] = -1.000
 Average Recall     (AR) @[ IoU=0.50:0.95 | area=medium | maxDets=100 ] = 0.127
 Average Recall     (AR) @[ IoU=0.50:0.95 | area= large | maxDets=100 ] = 0.414
