[I 2026-02-23 15:21:33,147] Trial 147 finished with value: 0.30423508359609697 and parameters: {'alpha': 3.9416393576966198, 'std_bias': 4.920247556649528, 'opening_size': 5, 'closing_size': 20, 'dilate_size': 5, 'remove_small_blobs': 265, 'area_min': 1241, 'area_max': 126313, 'aspect_ratio_min': 0.15788462464323005, 'aspect_ratio_max': 7.191831946680462, 'fill_ratio_min': 0.2392615515712625, 'n_frames': 2, 'temporal_threshold': 0.3880103249780483, 'merge_distance': 18}. Best is trial 101 with value: 0.35127376327781606.Best trial: 101. Best value: 0.351274:  76%|███████▌  | 19/25 [1:25:11<26:56, 269.48s/it]Best trial: 101. Best value: 0.351274:  76%|███████▌  | 19/25 [1:25:11<26:56, 269.48s/it]Best trial: 101. Best value: 0.351274:  80%|████████  | 20/25 [1:25:11<21:46, 261.25s/it]                                                                                         Best trial: 101. Best value: 0.351274:  80%|████████  | 20/25 [1:29:40<21:46, 261.25s/it]Best trial: 101. Best value: 0.351274:  80%|████████  | 20/25 [1:29:40<21:46, 261.25s/it]Best trial: 101. Best value: 0.351274:  84%|████████▍ | 21/25 [1:29:40<17:33, 263.44s/it]                                                                                         Best trial: 101. Best value: 0.351274:  84%|████████▍ | 21/25 [1:34:13<17:33, 263.44s/it]Best trial: 101. Best value: 0.351274:  84%|████████▍ | 21/25 [1:34:13<17:33, 263.44s/it]Best trial: 101. Best value: 0.351274:  88%|████████▊ | 22/25 [1:34:13<13:19, 266.42s/it]                                                                                         Best trial: 101. Best value: 0.351274:  88%|████████▊ | 22/25 [1:38:25<13:19, 266.42s/it]Best trial: 169. Best value: 0.35257:  88%|████████▊ | 22/25 [1:38:25<13:19, 266.42s/it] Best trial: 169. Best value: 0.35257:  92%|█████████▏| 23/25 [1:38:25<08:43, 261.90s/it]                                                                                        Best trial: 169. Best value: 0.35257:  92%|█████████▏| 23/25 [1:42:39<08:43, 261.90s/it]Best trial: 172. Best value: 0.353745:  92%|█████████▏| 23/25 [1:42:39<08:43, 261.90s/it]Best trial: 172. Best value: 0.353745:  96%|█████████▌| 24/25 [1:42:39<04:19, 259.71s/it]                                                                                         
creating index...
index created!
Loading and preparing results...
DONE (t=0.02s)
creating index...
index created!
Running per image evaluation...
Evaluate annotation type *bbox*
DONE (t=2.25s).
Accumulating evaluation results...
DONE (t=0.29s).
 Average Precision  (AP) @[ IoU=0.50:0.95 | area=   all | maxDets=100 ] = 0.181
 Average Precision  (AP) @[ IoU=0.50      | area=   all | maxDets=100 ] = 0.337
 Average Precision  (AP) @[ IoU=0.75      | area=   all | maxDets=100 ] = 0.175
 Average Precision  (AP) @[ IoU=0.50:0.95 | area= small | maxDets=100 ] = -1.000
 Average Precision  (AP) @[ IoU=0.50:0.95 | area=medium | maxDets=100 ] = 0.032
 Average Precision  (AP) @[ IoU=0.50:0.95 | area= large | maxDets=100 ] = 0.368
 Average Recall     (AR) @[ IoU=0.50:0.95 | area=   all | maxDets=  1 ] = 0.137
 Average Recall     (AR) @[ IoU=0.50:0.95 | area=   all | maxDets= 10 ] = 0.259
 Average Recall     (AR) @[ IoU=0.50:0.95 | area=   all | maxDets=100 ] = 0.259
 Average Recall     (AR) @[ IoU=0.50:0.95 | area= small | maxDets=100 ] = -1.000
 Average Recall     (AR) @[ IoU=0.50:0.95 | area=medium | maxDets=100 ] = 0.082
 Average Recall     (AR) @[ IoU=0.50:0.95 | area= large | maxDets=100 ] = 0.466
[I 2026-02-23 15:26:01,690] Trial 154 finished with value: 0.3373860607629555 and parameters: {'alpha': 4.764721355403446, 'std_bias': 3.504479635505604, 'opening_size': 3, 'closing_size': 20, 'dilate_size': 5, 'remove_small_blobs': 138, 'area_min': 1498, 'area_max': 146796, 'aspect_ratio_min': 0.14481306921179393, 'aspect_ratio_max': 7.003512423332272, 'fill_ratio_min': 0.22817094035870436, 'n_frames': 2, 'temporal_threshold': 0.3959774150320339, 'merge_distance': 13}. Best is trial 101 with value: 0.35127376327781606.
creating index...
index created!
Loading and preparing results...
DONE (t=0.01s)
creating index...
index created!
Running per image evaluation...
Evaluate annotation type *bbox*
DONE (t=2.00s).
Accumulating evaluation results...
DONE (t=0.31s).
 Average Precision  (AP) @[ IoU=0.50:0.95 | area=   all | maxDets=100 ] = 0.158
 Average Precision  (AP) @[ IoU=0.50      | area=   all | maxDets=100 ] = 0.282
 Average Precision  (AP) @[ IoU=0.75      | area=   all | maxDets=100 ] = 0.154
 Average Precision  (AP) @[ IoU=0.50:0.95 | area= small | maxDets=100 ] = -1.000
 Average Precision  (AP) @[ IoU=0.50:0.95 | area=medium | maxDets=100 ] = 0.007
 Average Precision  (AP) @[ IoU=0.50:0.95 | area= large | maxDets=100 ] = 0.359
 Average Recall     (AR) @[ IoU=0.50:0.95 | area=   all | maxDets=  1 ] = 0.143
 Average Recall     (AR) @[ IoU=0.50:0.95 | area=   all | maxDets= 10 ] = 0.227
 Average Recall     (AR) @[ IoU=0.50:0.95 | area=   all | maxDets=100 ] = 0.227
 Average Recall     (AR) @[ IoU=0.50:0.95 | area= small | maxDets=100 ] = -1.000
 Average Recall     (AR) @[ IoU=0.50:0.95 | area=medium | maxDets=100 ] = 0.032
 Average Recall     (AR) @[ IoU=0.50:0.95 | area= large | maxDets=100 ] = 0.454
[I 2026-02-23 15:30:35,049] Trial 162 finished with value: 0.2819424705033163 and parameters: {'alpha': 4.3232151392029, 'std_bias': 3.6422934658659822, 'opening_size': 3, 'closing_size': 5, 'dilate_size': 5, 'remove_small_blobs': 288, 'area_min': 1484, 'area_max': 147277, 'aspect_ratio_min': 0.1420854663914047, 'aspect_ratio_max': 7.40359174451802, 'fill_ratio_min': 0.2526859627747609, 'n_frames': 2, 'temporal_threshold': 0.3494691542342622, 'merge_distance': 15}. Best is trial 101 with value: 0.35127376327781606.
creating index...
index created!
Loading and preparing results...
DONE (t=0.20s)
creating index...
index created!
Running per image evaluation...
Evaluate annotation type *bbox*
DONE (t=2.21s).
Accumulating evaluation results...
DONE (t=0.32s).
 Average Precision  (AP) @[ IoU=0.50:0.95 | area=   all | maxDets=100 ] = 0.179
 Average Precision  (AP) @[ IoU=0.50      | area=   all | maxDets=100 ] = 0.335
 Average Precision  (AP) @[ IoU=0.75      | area=   all | maxDets=100 ] = 0.170
 Average Precision  (AP) @[ IoU=0.50:0.95 | area= small | maxDets=100 ] = -1.000
 Average Precision  (AP) @[ IoU=0.50:0.95 | area=medium | maxDets=100 ] = 0.033
 Average Precision  (AP) @[ IoU=0.50:0.95 | area= large | maxDets=100 ] = 0.360
 Average Recall     (AR) @[ IoU=0.50:0.95 | area=   all | maxDets=  1 ] = 0.137
 Average Recall     (AR) @[ IoU=0.50:0.95 | area=   all | maxDets= 10 ] = 0.257
 Average Recall     (AR) @[ IoU=0.50:0.95 | area=   all | maxDets=100 ] = 0.257
 Average Recall     (AR) @[ IoU=0.50:0.95 | area= small | maxDets=100 ] = -1.000
 Average Recall     (AR) @[ IoU=0.50:0.95 | area=medium | maxDets=100 ] = 0.085
 Average Recall     (AR) @[ IoU=0.50:0.95 | area= large | maxDets=100 ] = 0.457
[I 2026-02-23 15:34:46,399] Trial 170 finished with value: 0.3351600757286107 and parameters: {'alpha': 4.652116733902665, 'std_bias': 3.6104063034568505, 'opening_size': 3, 'closing_size': 20, 'dilate_size': 5, 'remove_small_blobs': 286, 'area_min': 1556, 'area_max': 116576, 'aspect_ratio_min': 0.13168363777432054, 'aspect_ratio_max': 13.112154627584447, 'fill_ratio_min': 0.22361662177496025, 'n_frames': 2, 'temporal_threshold': 0.4902065138141254, 'merge_distance': 12}. Best is trial 169 with value: 0.3525701249879627.
creating index...
index created!
Loading and preparing results...
DONE (t=0.02s)
creating index...
index created!
Running per image evaluation...
Evaluate annotation type *bbox*
DONE (t=2.04s).
Accumulating evaluation results...
DONE (t=0.39s).
 Average Precision  (AP) @[ IoU=0.50:0.95 | area=   all | maxDets=100 ] = 0.188
 Average Precision  (AP) @[ IoU=0.50      | area=   all | maxDets=100 ] = 0.337
 Average Precision  (AP) @[ IoU=0.75      | area=   all | maxDets=100 ] = 0.188
 Average Precision  (AP) @[ IoU=0.50:0.95 | area= small | maxDets=100 ] = -1.000
 Average Precision  (AP) @[ IoU=0.50:0.95 | area=medium | maxDets=100 ] = 0.033
 Average Precision  (AP) @[ IoU=0.50:0.95 | area= large | maxDets=100 ] = 0.376
 Average Recall     (AR) @[ IoU=0.50:0.95 | area=   all | maxDets=  1 ] = 0.142
 Average Recall     (AR) @[ IoU=0.50:0.95 | area=   all | maxDets= 10 ] = 0.263
 Average Recall     (AR) @[ IoU=0.50:0.95 | area=   all | maxDets=100 ] = 0.263
 Average Recall     (AR) @[ IoU=0.50:0.95 | area= small | maxDets=100 ] = -1.000
 Average Recall     (AR) @[ IoU=0.50:0.95 | area=medium | maxDets=100 ] = 0.081
 Average Recall     (AR) @[ IoU=0.50:0.95 | area= large | maxDets=100 ] = 0.475
[I 2026-02-23 15:39:00,999] Trial 178 finished with value: 0.3373530361868637 and parameters: {'alpha': 4.644374695862576, 'std_bias': 3.8995293453248467, 'opening_size': 3, 'closing_size': 20, 'dilate_size': 5, 'remove_small_blobs': 243, 'area_min': 1591, 'area_max': 114885, 'aspect_ratio_min': 0.13569859130337594, 'aspect_ratio_max': 13.414854961310102, 'fill_ratio_min': 0.20433325586970533, 'n_frames': 2, 'temporal_threshold': 0.35864400867786256, 'merge_distance': 17}. Best is trial 172 with value: 0.3537450675064908.
creating index...
index created!
Loading and preparing results...
DONE (t=0.03s)
creating index...
index created!
Running per image evaluation...
Evaluate annotation type *bbox*
DONE (t=2.04s).
Accumulating evaluation results...
DONE (t=0.38s).
 Average Precision  (AP) @[ IoU=0.50:0.95 | area=   all | maxDets=100 ] = 0.154
 Average Precision  (AP) @[ IoU=0.50      | area=   all | maxDets=100 ] = 0.335
 Average Precision  (AP) @[ IoU=0.75      | area=   all | maxDets=100 ] = 0.132
 Average Precision  (AP) @[ IoU=0.50:0.95 | area= small | maxDets=100 ] = -1.000
 Average Precision  (AP) @[ IoU=0.50:0.95 | area=medium | maxDets=100 ] = 0.048
 Average Precision  (AP) @[ IoU=0.50:0.95 | area= large | maxDets=100 ] = 0.280
 Average Recall     (AR) @[ IoU=0.50:0.95 | area=   all | maxDets=  1 ] = 0.125
 Average Recall     (AR) @[ IoU=0.50:0.95 | area=   all | maxDets= 10 ] = 0.247
 Average Recall     (AR) @[ IoU=0.50:0.95 | area=   all | maxDets=100 ] = 0.247
 Average Recall     (AR) @[ IoU=0.50:0.95 | area= small | maxDets=100 ] = -1.000
 Average Recall     (AR) @[ IoU=0.50:0.95 | area=medium | maxDets=100 ] = 0.129
 Average Recall     (AR) @[ IoU=0.50:0.95 | area= large | maxDets=100 ] = 0.383
[I 2026-02-23 15:43:14,772] Trial 186 finished with value: 0.3346102896581444 and parameters: {'alpha': 4.249662498083471, 'std_bias': 3.714114086066174, 'opening_size': 3, 'closing_size': 20, 'dilate_size': 5, 'remove_small_blobs': 310, 'area_min': 1512, 'area_max': 145528, 'aspect_ratio_min': 0.14059509742207268, 'aspect_ratio_max': 13.799086078622842, 'fill_ratio_min': 0.22853651681857337, 'n_frames': 2, 'temporal_threshold': 0.3329325736880253, 'merge_distance': 18}. Best is trial 172 with value: 0.3537450675064908.Best trial: 172. Best value: 0.353745:  96%|█████████▌| 24/25 [1:46:53<04:19, 259.71s/it]Best trial: 172. Best value: 0.353745:  96%|█████████▌| 24/25 [1:46:53<04:19, 259.71s/it]Best trial: 172. Best value: 0.353745: 100%|██████████| 25/25 [1:46:53<00:00, 257.93s/it]Best trial: 172. Best value: 0.353745: 100%|██████████| 25/25 [1:46:53<00:00, 256.54s/it]


================================================================================
OPTIMIZATION COMPLETE
================================================================================

Best AP50: 0.3537

Best hyperparameters:
  alpha: 4.049088355666574
  std_bias: 3.7680655357242996
  opening_size: 3
  closing_size: 20
  dilate_size: 5
  remove_small_blobs: 288
  area_min: 1540
  area_max: 143124
  aspect_ratio_min: 0.13507964293428992
  aspect_ratio_max: 13.066208281183668
  fill_ratio_min: 0.21296140430694807
  n_frames: 2
  temporal_threshold: 0.4929262041892487
  merge_distance: 16

Total trials completed: 193
Results saved to: optuna_still_with_temporal.db

To visualize results, use optuna-dashboard:
  optuna-dashboard sqlite:///optuna_still_with_temporal.db
