[I 2026-02-23 12:54:12,400] Trial 74 finished with value: 0.21360557255321516 and parameters: {'alpha': 2.168884636666265, 'std_bias': 3.078310122152688, 'opening_size': 5, 'closing_size': 13, 'dilate_size': 9, 'remove_small_blobs': 307, 'area_min': 1612, 'area_max': 123941, 'aspect_ratio_min': 0.17812723902728345, 'aspect_ratio_max': 12.261393621303448, 'fill_ratio_min': 0.16178126993922132, 'merge_distance': 46}. Best is trial 76 with value: 0.3361603336157239.Best trial: 59. Best value: 0.308346:  36%|███▌      | 9/25 [41:39<1:05:55, 247.24s/it]Best trial: 76. Best value: 0.33616:  36%|███▌      | 9/25 [41:39<1:05:55, 247.24s/it] Best trial: 76. Best value: 0.33616:  40%|████      | 10/25 [41:39<1:06:21, 265.42s/it]                                                                                       Best trial: 76. Best value: 0.33616:  40%|████      | 10/25 [45:44<1:06:21, 265.42s/it]Best trial: 76. Best value: 0.33616:  40%|████      | 10/25 [45:44<1:06:21, 265.42s/it]Best trial: 76. Best value: 0.33616:  44%|████▍     | 11/25 [45:44<1:00:28, 259.19s/it]                                                                                       Best trial: 76. Best value: 0.33616:  44%|████▍     | 11/25 [49:24<1:00:28, 259.19s/it]Best trial: 76. Best value: 0.33616:  44%|████▍     | 11/25 [49:24<1:00:28, 259.19s/it]Best trial: 76. Best value: 0.33616:  48%|████▊     | 12/25 [49:24<53:34, 247.26s/it]                                                                                       Best trial: 76. Best value: 0.33616:  48%|████▊     | 12/25 [53:14<53:34, 247.26s/it]Best trial: 76. Best value: 0.33616:  48%|████▊     | 12/25 [53:14<53:34, 247.26s/it]Best trial: 76. Best value: 0.33616:  52%|█████▏    | 13/25 [53:14<48:24, 242.03s/it]                                                                                     Best trial: 76. Best value: 0.33616:  52%|█████▏    | 13/25 [57:09<48:24, 242.03s/it]Best trial: 106. Best value: 0.349307:  52%|█████▏    | 13/25 [57:09<48:24, 242.03s/it]Best trial: 106. Best value: 0.349307:  56%|█████▌    | 14/25 [57:09<43:56, 239.66s/it]                                                                                       
creating index...
index created!
Loading and preparing results...
DONE (t=0.02s)
creating index...
index created!
Running per image evaluation...
Evaluate annotation type *bbox*
DONE (t=2.15s).
Accumulating evaluation results...
DONE (t=0.38s).
 Average Precision  (AP) @[ IoU=0.50:0.95 | area=   all | maxDets=100 ] = 0.130
 Average Precision  (AP) @[ IoU=0.50      | area=   all | maxDets=100 ] = 0.303
 Average Precision  (AP) @[ IoU=0.75      | area=   all | maxDets=100 ] = 0.086
 Average Precision  (AP) @[ IoU=0.50:0.95 | area= small | maxDets=100 ] = -1.000
 Average Precision  (AP) @[ IoU=0.50:0.95 | area=medium | maxDets=100 ] = 0.056
 Average Precision  (AP) @[ IoU=0.50:0.95 | area= large | maxDets=100 ] = 0.222
 Average Recall     (AR) @[ IoU=0.50:0.95 | area=   all | maxDets=  1 ] = 0.116
 Average Recall     (AR) @[ IoU=0.50:0.95 | area=   all | maxDets= 10 ] = 0.230
 Average Recall     (AR) @[ IoU=0.50:0.95 | area=   all | maxDets=100 ] = 0.230
 Average Recall     (AR) @[ IoU=0.50:0.95 | area= small | maxDets=100 ] = -1.000
 Average Recall     (AR) @[ IoU=0.50:0.95 | area=medium | maxDets=100 ] = 0.165
 Average Recall     (AR) @[ IoU=0.50:0.95 | area= large | maxDets=100 ] = 0.307
[I 2026-02-23 12:58:17,479] Trial 86 finished with value: 0.30277122427881037 and parameters: {'alpha': 2.579178044245521, 'std_bias': 4.3888581263307875, 'opening_size': 5, 'closing_size': 15, 'dilate_size': 9, 'remove_small_blobs': 551, 'area_min': 1490, 'area_max': 97490, 'aspect_ratio_min': 0.211105614628071, 'aspect_ratio_max': 11.235882958471946, 'fill_ratio_min': 0.13015728985977637, 'merge_distance': 40}. Best is trial 76 with value: 0.3361603336157239.
creating index...
index created!
Loading and preparing results...
DONE (t=0.13s)
creating index...
index created!
Running per image evaluation...
Evaluate annotation type *bbox*
DONE (t=1.84s).
Accumulating evaluation results...
DONE (t=0.31s).
 Average Precision  (AP) @[ IoU=0.50:0.95 | area=   all | maxDets=100 ] = 0.147
 Average Precision  (AP) @[ IoU=0.50      | area=   all | maxDets=100 ] = 0.291
 Average Precision  (AP) @[ IoU=0.75      | area=   all | maxDets=100 ] = 0.124
 Average Precision  (AP) @[ IoU=0.50:0.95 | area= small | maxDets=100 ] = -1.000
 Average Precision  (AP) @[ IoU=0.50:0.95 | area=medium | maxDets=100 ] = 0.014
 Average Precision  (AP) @[ IoU=0.50:0.95 | area= large | maxDets=100 ] = 0.310
 Average Recall     (AR) @[ IoU=0.50:0.95 | area=   all | maxDets=  1 ] = 0.128
 Average Recall     (AR) @[ IoU=0.50:0.95 | area=   all | maxDets= 10 ] = 0.207
 Average Recall     (AR) @[ IoU=0.50:0.95 | area=   all | maxDets=100 ] = 0.207
 Average Recall     (AR) @[ IoU=0.50:0.95 | area= small | maxDets=100 ] = -1.000
 Average Recall     (AR) @[ IoU=0.50:0.95 | area=medium | maxDets=100 ] = 0.042
 Average Recall     (AR) @[ IoU=0.50:0.95 | area= large | maxDets=100 ] = 0.399
[I 2026-02-23 13:01:57,438] Trial 95 finished with value: 0.29100957985958714 and parameters: {'alpha': 3.6518597618076516, 'std_bias': 4.6010188666272915, 'opening_size': 5, 'closing_size': 15, 'dilate_size': 9, 'remove_small_blobs': 663, 'area_min': 1770, 'area_max': 93463, 'aspect_ratio_min': 0.20157748253285204, 'aspect_ratio_max': 9.848272571158448, 'fill_ratio_min': 0.12908665619126666, 'merge_distance': 43}. Best is trial 76 with value: 0.3361603336157239.
creating index...
index created!
Loading and preparing results...
DONE (t=0.02s)
creating index...
index created!
Running per image evaluation...
Evaluate annotation type *bbox*
DONE (t=2.20s).
Accumulating evaluation results...
DONE (t=0.35s).
 Average Precision  (AP) @[ IoU=0.50:0.95 | area=   all | maxDets=100 ] = 0.138
 Average Precision  (AP) @[ IoU=0.50      | area=   all | maxDets=100 ] = 0.323
 Average Precision  (AP) @[ IoU=0.75      | area=   all | maxDets=100 ] = 0.093
 Average Precision  (AP) @[ IoU=0.50:0.95 | area= small | maxDets=100 ] = -1.000
 Average Precision  (AP) @[ IoU=0.50:0.95 | area=medium | maxDets=100 ] = 0.039
 Average Precision  (AP) @[ IoU=0.50:0.95 | area= large | maxDets=100 ] = 0.264
 Average Recall     (AR) @[ IoU=0.50:0.95 | area=   all | maxDets=  1 ] = 0.119
 Average Recall     (AR) @[ IoU=0.50:0.95 | area=   all | maxDets= 10 ] = 0.234
 Average Recall     (AR) @[ IoU=0.50:0.95 | area=   all | maxDets=100 ] = 0.234
 Average Recall     (AR) @[ IoU=0.50:0.95 | area= small | maxDets=100 ] = -1.000
 Average Recall     (AR) @[ IoU=0.50:0.95 | area=medium | maxDets=100 ] = 0.132
 Average Recall     (AR) @[ IoU=0.50:0.95 | area= large | maxDets=100 ] = 0.352
[I 2026-02-23 13:05:47,431] Trial 100 finished with value: 0.3233629373835756 and parameters: {'alpha': 2.8161309205383604, 'std_bias': 4.639172758018003, 'opening_size': 5, 'closing_size': 15, 'dilate_size': 9, 'remove_small_blobs': 626, 'area_min': 1377, 'area_max': 110207, 'aspect_ratio_min': 0.19465950555937903, 'aspect_ratio_max': 13.406451202914942, 'fill_ratio_min': 0.14121262207420898, 'merge_distance': 28}. Best is trial 76 with value: 0.3361603336157239.
creating index...
index created!
Loading and preparing results...
DONE (t=0.02s)
creating index...
index created!
Running per image evaluation...
Evaluate annotation type *bbox*
DONE (t=2.42s).
Accumulating evaluation results...
DONE (t=0.57s).
 Average Precision  (AP) @[ IoU=0.50:0.95 | area=   all | maxDets=100 ] = 0.130
 Average Precision  (AP) @[ IoU=0.50      | area=   all | maxDets=100 ] = 0.307
 Average Precision  (AP) @[ IoU=0.75      | area=   all | maxDets=100 ] = 0.083
 Average Precision  (AP) @[ IoU=0.50:0.95 | area= small | maxDets=100 ] = -1.000
 Average Precision  (AP) @[ IoU=0.50:0.95 | area=medium | maxDets=100 ] = 0.042
 Average Precision  (AP) @[ IoU=0.50:0.95 | area= large | maxDets=100 ] = 0.244
 Average Recall     (AR) @[ IoU=0.50:0.95 | area=   all | maxDets=  1 ] = 0.115
 Average Recall     (AR) @[ IoU=0.50:0.95 | area=   all | maxDets= 10 ] = 0.232
 Average Recall     (AR) @[ IoU=0.50:0.95 | area=   all | maxDets=100 ] = 0.232
 Average Recall     (AR) @[ IoU=0.50:0.95 | area= small | maxDets=100 ] = -1.000
 Average Recall     (AR) @[ IoU=0.50:0.95 | area=medium | maxDets=100 ] = 0.148
 Average Recall     (AR) @[ IoU=0.50:0.95 | area= large | maxDets=100 ] = 0.329
[I 2026-02-23 13:09:41,625] Trial 107 finished with value: 0.30726370707719614 and parameters: {'alpha': 2.722156933211671, 'std_bias': 4.648687715812905, 'opening_size': 5, 'closing_size': 15, 'dilate_size': 9, 'remove_small_blobs': 637, 'area_min': 1366, 'area_max': 86710, 'aspect_ratio_min': 0.21960478961010998, 'aspect_ratio_max': 12.785135841793561, 'fill_ratio_min': 0.21509227767718905, 'merge_distance': 25}. Best is trial 106 with value: 0.34930707775950676.
creating index...
index created!
Loading and preparing results...
DONE (t=0.02s)
creating index...
index created!
Running per image evaluation...
Evaluate annotation type *bbox*
DONE (t=2.55s).
Accumulating evaluation results...
DONE (t=0.39s).
 Average Precision  (AP) @[ IoU=0.50:0.95 | area=   all | maxDets=100 ] = 0.140
 Average Precision  (AP) @[ IoU=0.50      | area=   all | maxDets=100 ] = 0.327
 Average Precision  (AP) @[ IoU=0.75      | area=   all | maxDets=100 ] = 0.098
 Average Precision  (AP) @[ IoU=0.50:0.95 | area= small | maxDets=100 ] = -1.000
 Average Precision  (AP) @[ IoU=0.50:0.95 | area=medium | maxDets=100 ] = 0.039
 Average Precision  (AP) @[ IoU=0.50:0.95 | area= large | maxDets=100 ] = 0.269
 Average Recall     (AR) @[ IoU=0.50:0.95 | area=   all | maxDets=  1 ] = 0.120
 Average Recall     (AR) @[ IoU=0.50:0.95 | area=   all | maxDets= 10 ] = 0.236
 Average Recall     (AR) @[ IoU=0.50:0.95 | area=   all | maxDets=100 ] = 0.236
 Average Recall     (AR) @[ IoU=0.50:0.95 | area= small | maxDets=100 ] = -1.000
 Average Recall     (AR) @[ IoU=0.50:0.95 | area=medium | maxDets=100 ] = 0.131
 Average Recall     (AR) @[ IoU=0.50:0.95 | area= large | maxDets=100 ] = 0.358
[I 2026-02-23 13:13:38,250] Trial 115 finished with value: 0.3267769235645558 and parameters: {'alpha': 2.8128285925127776, 'std_bias': 4.818291583288399, 'opening_size': 5, 'closing_size': 15, 'dilate_size': 9, 'remove_small_blobs': 746, 'area_min': 1371, 'area_max': 110254, 'aspect_ratio_min': 0.23213471704462096, 'aspect_ratio_max': 14.628037229547752, 'fill_ratio_min': 0.23563769016309277, 'merge_distance': 26}. Best is trial 106 with value: 0.34930707775950676.Best trial: 106. Best value: 0.349307:  56%|█████▌    | 14/25 [1:01:05<43:56, 239.66s/it]Best trial: 106. Best value: 0.349307:  56%|█████▌    | 14/25 [1:01:05<43:56, 239.66s/it]Best trial: 106. Best value: 0.349307:  60%|██████    | 15/25 [1:01:05<39:47, 238.74s/it]                                                                                         Best trial: 106. Best value: 0.349307:  60%|██████    | 15/25 [1:05:00<39:47, 238.74s/it]Best trial: 106. Best value: 0.349307:  60%|██████    | 15/25 [1:05:00<39:47, 238.74s/it]Best trial: 106. Best value: 0.349307:  64%|██████▍   | 16/25 [1:05:00<35:38, 237.66s/it]                                                                                         Best trial: 106. Best value: 0.349307:  64%|██████▍   | 16/25 [1:09:14<35:38, 237.66s/it]Best trial: 106. Best value: 0.349307:  64%|██████▍   | 16/25 [1:09:14<35:38, 237.66s/it]Best trial: 106. Best value: 0.349307:  68%|██████▊   | 17/25 [1:09:14<32:20, 242.56s/it]                                                                                         Best trial: 106. Best value: 0.349307:  68%|██████▊   | 17/25 [1:13:24<32:20, 242.56s/it]Best trial: 106. Best value: 0.349307:  68%|██████▊   | 17/25 [1:13:24<32:20, 242.56s/it]Best trial: 106. Best value: 0.349307:  72%|███████▏  | 18/25 [1:13:24<28:33, 244.81s/it]                                                                                         Best trial: 106. Best value: 0.349307:  72%|███████▏  | 18/25 [1:17:08<28:33, 244.81s/it]Best trial: 106. Best value: 0.349307:  72%|███████▏  | 18/25 [1:17:08<28:33, 244.81s/it]Best trial: 106. Best value: 0.349307:  76%|███████▌  | 19/25 [1:17:08<23:51, 238.57s/it]                                                                                         
creating index...
index created!
Loading and preparing results...
DONE (t=0.03s)
creating index...
index created!
Running per image evaluation...
Evaluate annotation type *bbox*
DONE (t=2.55s).
Accumulating evaluation results...
DONE (t=0.38s).
 Average Precision  (AP) @[ IoU=0.50:0.95 | area=   all | maxDets=100 ] = 0.139
 Average Precision  (AP) @[ IoU=0.50      | area=   all | maxDets=100 ] = 0.331
 Average Precision  (AP) @[ IoU=0.75      | area=   all | maxDets=100 ] = 0.091
 Average Precision  (AP) @[ IoU=0.50:0.95 | area= small | maxDets=100 ] = -1.000
 Average Precision  (AP) @[ IoU=0.50:0.95 | area=medium | maxDets=100 ] = 0.060
 Average Precision  (AP) @[ IoU=0.50:0.95 | area= large | maxDets=100 ] = 0.239
 Average Recall     (AR) @[ IoU=0.50:0.95 | area=   all | maxDets=  1 ] = 0.124
 Average Recall     (AR) @[ IoU=0.50:0.95 | area=   all | maxDets= 10 ] = 0.251
 Average Recall     (AR) @[ IoU=0.50:0.95 | area=   all | maxDets=100 ] = 0.252
 Average Recall     (AR) @[ IoU=0.50:0.95 | area= small | maxDets=100 ] = -1.000
 Average Recall     (AR) @[ IoU=0.50:0.95 | area=medium | maxDets=100 ] = 0.187
 Average Recall     (AR) @[ IoU=0.50:0.95 | area= large | maxDets=100 ] = 0.327
[I 2026-02-23 13:17:33,383] Trial 123 finished with value: 0.33115911440777446 and parameters: {'alpha': 2.4818629729231705, 'std_bias': 4.927324121869608, 'opening_size': 5, 'closing_size': 15, 'dilate_size': 9, 'remove_small_blobs': 748, 'area_min': 1466, 'area_max': 103672, 'aspect_ratio_min': 0.2422503363083202, 'aspect_ratio_max': 14.887672206366151, 'fill_ratio_min': 0.23597624226801997, 'merge_distance': 23}. Best is trial 106 with value: 0.34930707775950676.
creating index...
index created!
Loading and preparing results...
DONE (t=0.02s)
creating index...
index created!
Running per image evaluation...
Evaluate annotation type *bbox*
DONE (t=2.58s).
Accumulating evaluation results...
DONE (t=0.40s).
 Average Precision  (AP) @[ IoU=0.50:0.95 | area=   all | maxDets=100 ] = 0.115
 Average Precision  (AP) @[ IoU=0.50      | area=   all | maxDets=100 ] = 0.300
 Average Precision  (AP) @[ IoU=0.75      | area=   all | maxDets=100 ] = 0.069
 Average Precision  (AP) @[ IoU=0.50:0.95 | area= small | maxDets=100 ] = -1.000
 Average Precision  (AP) @[ IoU=0.50:0.95 | area=medium | maxDets=100 ] = 0.080
 Average Precision  (AP) @[ IoU=0.50:0.95 | area= large | maxDets=100 ] = 0.164
 Average Recall     (AR) @[ IoU=0.50:0.95 | area=   all | maxDets=  1 ] = 0.104
 Average Recall     (AR) @[ IoU=0.50:0.95 | area=   all | maxDets= 10 ] = 0.255
 Average Recall     (AR) @[ IoU=0.50:0.95 | area=   all | maxDets=100 ] = 0.255
 Average Recall     (AR) @[ IoU=0.50:0.95 | area= small | maxDets=100 ] = -1.000
 Average Recall     (AR) @[ IoU=0.50:0.95 | area=medium | maxDets=100 ] = 0.258
 Average Recall     (AR) @[ IoU=0.50:0.95 | area= large | maxDets=100 ] = 0.251
[I 2026-02-23 13:21:47,343] Trial 131 finished with value: 0.29980128912985654 and parameters: {'alpha': 2.0081915581079475, 'std_bias': 4.975221052378488, 'opening_size': 5, 'closing_size': 15, 'dilate_size': 9, 'remove_small_blobs': 567, 'area_min': 1533, 'area_max': 114574, 'aspect_ratio_min': 0.2462398721321557, 'aspect_ratio_max': 4.027583681245067, 'fill_ratio_min': 0.1996772553556307, 'merge_distance': 23}. Best is trial 106 with value: 0.34930707775950676.
creating index...
index created!
Loading and preparing results...
DONE (t=0.15s)
creating index...
index created!
Running per image evaluation...
Evaluate annotation type *bbox*
DONE (t=2.44s).
Accumulating evaluation results...
DONE (t=0.40s).
 Average Precision  (AP) @[ IoU=0.50:0.95 | area=   all | maxDets=100 ] = 0.132
 Average Precision  (AP) @[ IoU=0.50      | area=   all | maxDets=100 ] = 0.328
 Average Precision  (AP) @[ IoU=0.75      | area=   all | maxDets=100 ] = 0.081
 Average Precision  (AP) @[ IoU=0.50:0.95 | area= small | maxDets=100 ] = -1.000
 Average Precision  (AP) @[ IoU=0.50:0.95 | area=medium | maxDets=100 ] = 0.052
 Average Precision  (AP) @[ IoU=0.50:0.95 | area= large | maxDets=100 ] = 0.226
 Average Recall     (AR) @[ IoU=0.50:0.95 | area=   all | maxDets=  1 ] = 0.122
 Average Recall     (AR) @[ IoU=0.50:0.95 | area=   all | maxDets= 10 ] = 0.220
 Average Recall     (AR) @[ IoU=0.50:0.95 | area=   all | maxDets=100 ] = 0.220
 Average Recall     (AR) @[ IoU=0.50:0.95 | area= small | maxDets=100 ] = -1.000
 Average Recall     (AR) @[ IoU=0.50:0.95 | area=medium | maxDets=100 ] = 0.139
 Average Recall     (AR) @[ IoU=0.50:0.95 | area= large | maxDets=100 ] = 0.315
[I 2026-02-23 13:25:57,384] Trial 139 finished with value: 0.3283605044608511 and parameters: {'alpha': 2.493108755194911, 'std_bias': 4.311997045752403, 'opening_size': 5, 'closing_size': 7, 'dilate_size': 9, 'remove_small_blobs': 608, 'area_min': 1578, 'area_max': 112038, 'aspect_ratio_min': 0.2411198969029463, 'aspect_ratio_max': 5.896569714689593, 'fill_ratio_min': 0.2537461533937871, 'merge_distance': 24}. Best is trial 106 with value: 0.34930707775950676.
creating index...
index created!
Loading and preparing results...
DONE (t=0.02s)
creating index...
index created!
Running per image evaluation...
Evaluate annotation type *bbox*
DONE (t=2.14s).
Accumulating evaluation results...
DONE (t=0.43s).
 Average Precision  (AP) @[ IoU=0.50:0.95 | area=   all | maxDets=100 ] = 0.134
 Average Precision  (AP) @[ IoU=0.50      | area=   all | maxDets=100 ] = 0.305
 Average Precision  (AP) @[ IoU=0.75      | area=   all | maxDets=100 ] = 0.104
 Average Precision  (AP) @[ IoU=0.50:0.95 | area= small | maxDets=100 ] = -1.000
 Average Precision  (AP) @[ IoU=0.50:0.95 | area=medium | maxDets=100 ] = 0.018
 Average Precision  (AP) @[ IoU=0.50:0.95 | area= large | maxDets=100 ] = 0.281
 Average Recall     (AR) @[ IoU=0.50:0.95 | area=   all | maxDets=  1 ] = 0.115
 Average Recall     (AR) @[ IoU=0.50:0.95 | area=   all | maxDets= 10 ] = 0.208
 Average Recall     (AR) @[ IoU=0.50:0.95 | area=   all | maxDets=100 ] = 0.209
 Average Recall     (AR) @[ IoU=0.50:0.95 | area= small | maxDets=100 ] = -1.000
 Average Recall     (AR) @[ IoU=0.50:0.95 | area=medium | maxDets=100 ] = 0.068
 Average Recall     (AR) @[ IoU=0.50:0.95 | area= large | maxDets=100 ] = 0.372
[I 2026-02-23 13:29:41,419] Trial 147 finished with value: 0.30508023651281113 and parameters: {'alpha': 3.1365584504176844, 'std_bias': 4.562229157871521, 'opening_size': 5, 'closing_size': 7, 'dilate_size': 9, 'remove_small_blobs': 900, 'area_min': 1505, 'area_max': 119582, 'aspect_ratio_min': 0.24248956672794528, 'aspect_ratio_max': 4.393353598813804, 'fill_ratio_min': 0.19187023505802073, 'merge_distance': 18}. Best is trial 106 with value: 0.34930707775950676.
creating index...
index created!
Loading and preparing results...
DONE (t=0.02s)
creating index...
index created!
Running per image evaluation...
Evaluate annotation type *bbox*
DONE (t=2.04s).
Accumulating evaluation results...
DONE (t=0.41s).
 Average Precision  (AP) @[ IoU=0.50:0.95 | area=   all | maxDets=100 ] = 0.130
 Average Precision  (AP) @[ IoU=0.50      | area=   all | maxDets=100 ] = 0.312
 Average Precision  (AP) @[ IoU=0.75      | area=   all | maxDets=100 ] = 0.084
 Average Precision  (AP) @[ IoU=0.50:0.95 | area= small | maxDets=100 ] = -1.000
 Average Precision  (AP) @[ IoU=0.50:0.95 | area=medium | maxDets=100 ] = 0.035
 Average Precision  (AP) @[ IoU=0.50:0.95 | area= large | maxDets=100 ] = 0.250
 Average Recall     (AR) @[ IoU=0.50:0.95 | area=   all | maxDets=  1 ] = 0.118
 Average Recall     (AR) @[ IoU=0.50:0.95 | area=   all | maxDets= 10 ] = 0.218
 Average Recall     (AR) @[ IoU=0.50:0.95 | area=   all | maxDets=100 ] = 0.218
 Average Recall     (AR) @[ IoU=0.50:0.95 | area= small | maxDets=100 ] = -1.000
 Average Recall     (AR) @[ IoU=0.50:0.95 | area=medium | maxDets=100 ] = 0.115
 Average Recall     (AR) @[ IoU=0.50:0.95 | area= large | maxDets=100 ] = 0.338
