[I 2026-02-23 13:56:31,326] Using an existing study with name 'still_with_temporal' instead of creating a new one.
Loading annotations and video...
Starting optimization for study 'still_with_temporal'
Using temporal detector: True
Database: optuna_still_with_temporal.db
Number of trials: 25

To run in parallel, execute this same command in multiple terminals.
--------------------------------------------------------------------------------
  0%|          | 0/25 [00:00<?, ?it/s]                                        0%|          | 0/25 [06:21<?, ?it/s]Best trial: 5. Best value: 0.249888:   0%|          | 0/25 [06:21<?, ?it/s]Best trial: 5. Best value: 0.249888:   4%|▍         | 1/25 [06:21<2:32:25, 381.05s/it]                                                                                      Best trial: 5. Best value: 0.249888:   4%|▍         | 1/25 [09:54<2:32:25, 381.05s/it]Best trial: 5. Best value: 0.249888:   4%|▍         | 1/25 [09:54<2:32:25, 381.05s/it]Best trial: 5. Best value: 0.249888:   8%|▊         | 2/25 [09:54<1:48:22, 282.71s/it]                                                                                      Best trial: 5. Best value: 0.249888:   8%|▊         | 2/25 [21:59<1:48:22, 282.71s/it]Best trial: 26. Best value: 0.31031:   8%|▊         | 2/25 [21:59<1:48:22, 282.71s/it]Best trial: 26. Best value: 0.31031:  12%|█▏        | 3/25 [21:59<2:57:41, 484.62s/it]                                                                                      Best trial: 26. Best value: 0.31031:  12%|█▏        | 3/25 [26:19<2:57:41, 484.62s/it]Best trial: 38. Best value: 0.321173:  12%|█▏        | 3/25 [26:19<2:57:41, 484.62s/it]Best trial: 38. Best value: 0.321173:  16%|█▌        | 4/25 [26:19<2:18:31, 395.78s/it]                                                                                       creating index...
index created!
Loading and preparing results...
DONE (t=0.03s)
creating index...
index created!
Running per image evaluation...
Evaluate annotation type *bbox*
DONE (t=3.18s).
Accumulating evaluation results...
DONE (t=0.61s).
 Average Precision  (AP) @[ IoU=0.50:0.95 | area=   all | maxDets=100 ] = 0.100
 Average Precision  (AP) @[ IoU=0.50      | area=   all | maxDets=100 ] = 0.244
 Average Precision  (AP) @[ IoU=0.75      | area=   all | maxDets=100 ] = 0.064
 Average Precision  (AP) @[ IoU=0.50:0.95 | area= small | maxDets=100 ] = -1.000
 Average Precision  (AP) @[ IoU=0.50:0.95 | area=medium | maxDets=100 ] = 0.047
 Average Precision  (AP) @[ IoU=0.50:0.95 | area= large | maxDets=100 ] = 0.179
 Average Recall     (AR) @[ IoU=0.50:0.95 | area=   all | maxDets=  1 ] = 0.100
 Average Recall     (AR) @[ IoU=0.50:0.95 | area=   all | maxDets= 10 ] = 0.263
 Average Recall     (AR) @[ IoU=0.50:0.95 | area=   all | maxDets=100 ] = 0.265
 Average Recall     (AR) @[ IoU=0.50:0.95 | area= small | maxDets=100 ] = -1.000
 Average Recall     (AR) @[ IoU=0.50:0.95 | area=medium | maxDets=100 ] = 0.232
 Average Recall     (AR) @[ IoU=0.50:0.95 | area= large | maxDets=100 ] = 0.303
[I 2026-02-23 14:02:52,373] Trial 4 finished with value: 0.24407408061982352 and parameters: {'alpha': 3.2979824914581397, 'std_bias': 2.9795883234296094, 'opening_size': 3, 'closing_size': 13, 'dilate_size': 7, 'remove_small_blobs': 155, 'area_min': 1020, 'area_max': 120046, 'aspect_ratio_min': 0.23230562744912894, 'aspect_ratio_max': 13.377176605318937, 'fill_ratio_min': 0.15453284983247004, 'n_frames': 2, 'temporal_threshold': 0.3458667922040371, 'merge_distance': 13}. Best is trial 5 with value: 0.24988831893878444.
creating index...
index created!
Loading and preparing results...
DONE (t=0.00s)
creating index...
index created!
Running per image evaluation...
Evaluate annotation type *bbox*
DONE (t=1.22s).
Accumulating evaluation results...
DONE (t=0.39s).
 Average Precision  (AP) @[ IoU=0.50:0.95 | area=   all | maxDets=100 ] = 0.015
 Average Precision  (AP) @[ IoU=0.50      | area=   all | maxDets=100 ] = 0.048
 Average Precision  (AP) @[ IoU=0.75      | area=   all | maxDets=100 ] = 0.008
 Average Precision  (AP) @[ IoU=0.50:0.95 | area= small | maxDets=100 ] = -1.000
 Average Precision  (AP) @[ IoU=0.50:0.95 | area=medium | maxDets=100 ] = 0.000
 Average Precision  (AP) @[ IoU=0.50:0.95 | area= large | maxDets=100 ] = 0.041
 Average Recall     (AR) @[ IoU=0.50:0.95 | area=   all | maxDets=  1 ] = 0.039
 Average Recall     (AR) @[ IoU=0.50:0.95 | area=   all | maxDets= 10 ] = 0.058
 Average Recall     (AR) @[ IoU=0.50:0.95 | area=   all | maxDets=100 ] = 0.058
 Average Recall     (AR) @[ IoU=0.50:0.95 | area= small | maxDets=100 ] = -1.000
 Average Recall     (AR) @[ IoU=0.50:0.95 | area=medium | maxDets=100 ] = 0.002
 Average Recall     (AR) @[ IoU=0.50:0.95 | area= large | maxDets=100 ] = 0.122
[I 2026-02-23 14:06:26,254] Trial 14 finished with value: 0.04842724271961887 and parameters: {'alpha': 6.532793635264244, 'std_bias': 4.414719723173603, 'opening_size': 7, 'closing_size': 11, 'dilate_size': 7, 'remove_small_blobs': 915, 'area_min': 1912, 'area_max': 117033, 'aspect_ratio_min': 0.1937501736182608, 'aspect_ratio_max': 13.751818448999122, 'fill_ratio_min': 0.12788775422362295, 'n_frames': 2, 'temporal_threshold': 0.6578451844953783, 'merge_distance': 27}. Best is trial 5 with value: 0.24988831893878444.
creating index...
index created!
Loading and preparing results...
DONE (t=0.21s)
creating index...
index created!
Running per image evaluation...
Evaluate annotation type *bbox*
DONE (t=3.52s).
Accumulating evaluation results...
DONE (t=0.58s).
 Average Precision  (AP) @[ IoU=0.50:0.95 | area=   all | maxDets=100 ] = 0.010
 Average Precision  (AP) @[ IoU=0.50      | area=   all | maxDets=100 ] = 0.021
 Average Precision  (AP) @[ IoU=0.75      | area=   all | maxDets=100 ] = 0.012
 Average Precision  (AP) @[ IoU=0.50:0.95 | area= small | maxDets=100 ] = -1.000
 Average Precision  (AP) @[ IoU=0.50:0.95 | area=medium | maxDets=100 ] = 0.005
 Average Precision  (AP) @[ IoU=0.50:0.95 | area= large | maxDets=100 ] = 0.011
 Average Recall     (AR) @[ IoU=0.50:0.95 | area=   all | maxDets=  1 ] = 0.010
 Average Recall     (AR) @[ IoU=0.50:0.95 | area=   all | maxDets= 10 ] = 0.066
 Average Recall     (AR) @[ IoU=0.50:0.95 | area=   all | maxDets=100 ] = 0.071
 Average Recall     (AR) @[ IoU=0.50:0.95 | area= small | maxDets=100 ] = -1.000
 Average Recall     (AR) @[ IoU=0.50:0.95 | area=medium | maxDets=100 ] = 0.090
 Average Recall     (AR) @[ IoU=0.50:0.95 | area= large | maxDets=100 ] = 0.049
[I 2026-02-23 14:18:31,128] Trial 20 finished with value: 0.021285558484245043 and parameters: {'alpha': 1.4420993451069597, 'std_bias': 3.2919981859053227, 'opening_size': 3, 'closing_size': 13, 'dilate_size': 7, 'remove_small_blobs': 101, 'area_min': 960, 'area_max': 149886, 'aspect_ratio_min': 0.23929514889996023, 'aspect_ratio_max': 4.393736096089799, 'fill_ratio_min': 0.2896586307458048, 'n_frames': 2, 'temporal_threshold': 0.39760492500534933, 'merge_distance': 17}. Best is trial 26 with value: 0.31031001014171766.
creating index...
index created!
Loading and preparing results...
DONE (t=0.02s)
creating index...
index created!
Running per image evaluation...
Evaluate annotation type *bbox*
DONE (t=2.42s).
Accumulating evaluation results...
DONE (t=0.40s).
 Average Precision  (AP) @[ IoU=0.50:0.95 | area=   all | maxDets=100 ] = 0.111
 Average Precision  (AP) @[ IoU=0.50      | area=   all | maxDets=100 ] = 0.235
 Average Precision  (AP) @[ IoU=0.75      | area=   all | maxDets=100 ] = 0.088
 Average Precision  (AP) @[ IoU=0.50:0.95 | area= small | maxDets=100 ] = -1.000
 Average Precision  (AP) @[ IoU=0.50:0.95 | area=medium | maxDets=100 ] = 0.003
 Average Precision  (AP) @[ IoU=0.50:0.95 | area= large | maxDets=100 ] = 0.316
 Average Recall     (AR) @[ IoU=0.50:0.95 | area=   all | maxDets=  1 ] = 0.087
 Average Recall     (AR) @[ IoU=0.50:0.95 | area=   all | maxDets= 10 ] = 0.201
 Average Recall     (AR) @[ IoU=0.50:0.95 | area=   all | maxDets=100 ] = 0.202
 Average Recall     (AR) @[ IoU=0.50:0.95 | area= small | maxDets=100 ] = -1.000
 Average Recall     (AR) @[ IoU=0.50:0.95 | area=medium | maxDets=100 ] = 0.025
 Average Recall     (AR) @[ IoU=0.50:0.95 | area= large | maxDets=100 ] = 0.407
[I 2026-02-23 14:22:50,715] Trial 39 finished with value: 0.23518707600102287 and parameters: {'alpha': 4.389661061473699, 'std_bias': 4.000697970321397, 'opening_size': 5, 'closing_size': 20, 'dilate_size': 9, 'remove_small_blobs': 485, 'area_min': 670, 'area_max': 107511, 'aspect_ratio_min': 0.23116762808719452, 'aspect_ratio_max': 9.362778949372183, 'fill_ratio_min': 0.22997082308450154, 'n_frames': 3, 'temporal_threshold': 0.6140507921245819, 'merge_distance': 31}. Best is trial 38 with value: 0.32117286645295584.
creating index...
index created!
Loading and preparing results...
DONE (t=0.02s)
creating index...
index created!
Running per image evaluation...
Evaluate annotation type *bbox*
DONE (t=1.53s).
Accumulating evaluation results...
DONE (t=0.25s).
 Average Precision  (AP) @[ IoU=0.50:0.95 | area=   all | maxDets=100 ] = 0.081
 Average Precision  (AP) @[ IoU=0.50      | area=   all | maxDets=100 ] = 0.176
 Average Precision  (AP) @[ IoU=0.75      | area=   all | maxDets=100 ] = 0.065
 Average Precision  (AP) @[ IoU=0.50:0.95 | area= small | maxDets=100 ] = -1.000
 Average Precision  (AP) @[ IoU=0.50:0.95 | area=medium | maxDets=100 ] = 0.001
 Average Precision  (AP) @[ IoU=0.50:0.95 | area= large | maxDets=100 ] = 0.209
 Average Recall     (AR) @[ IoU=0.50:0.95 | area=   all | maxDets=  1 ] = 0.094
 Average Recall     (AR) @[ IoU=0.50:0.95 | area=   all | maxDets= 10 ] = 0.152
 Average Recall     (AR) @[ IoU=0.50:0.95 | area=   all | maxDets=100 ] = 0.152
 Average Recall     (AR) @[ IoU=0.50:0.95 | area= small | maxDets=100 ] = -1.000
 Average Recall     (AR) @[ IoU=0.50:0.95 | area=medium | maxDets=100 ] = 0.006
 Average Recall     (AR) @[ IoU=0.50:0.95 | area= large | maxDets=100 ] = 0.320
[I 2026-02-23 14:26:57,556] Trial 47 finished with value: 0.17580123466458444 and parameters: {'alpha': 5.447336871708568, 'std_bias': 3.033498860045081, 'opening_size': 5, 'closing_size': 3, 'dilate_size': 5, 'remove_small_blobs': 454, 'area_min': 1862, 'area_max': 133139, 'aspect_ratio_min': 0.2274959034325979, 'aspect_ratio_max': 10.39177084244978, 'fill_ratio_min': 0.20029708029400348, 'n_frames': 3, 'temporal_threshold': 0.4788646182744501, 'merge_distance': 23}. Best is trial 38 with value: 0.32117286645295584.Best trial: 38. Best value: 0.321173:  16%|█▌        | 4/25 [30:26<2:18:31, 395.78s/it]Best trial: 38. Best value: 0.321173:  16%|█▌        | 4/25 [30:26<2:18:31, 395.78s/it]Best trial: 38. Best value: 0.321173:  20%|██        | 5/25 [30:26<1:54:01, 342.06s/it]                                                                                       Best trial: 38. Best value: 0.321173:  20%|██        | 5/25 [34:41<1:54:01, 342.06s/it]Best trial: 38. Best value: 0.321173:  20%|██        | 5/25 [34:41<1:54:01, 342.06s/it]Best trial: 38. Best value: 0.321173:  24%|██▍       | 6/25 [34:41<1:38:56, 312.46s/it]                                                                                       Best trial: 38. Best value: 0.321173:  24%|██▍       | 6/25 [39:17<1:38:56, 312.46s/it]Best trial: 38. Best value: 0.321173:  24%|██▍       | 6/25 [39:17<1:38:56, 312.46s/it]Best trial: 38. Best value: 0.321173:  28%|██▊       | 7/25 [39:17<1:30:13, 300.74s/it]                                                                                       Best trial: 38. Best value: 0.321173:  28%|██▊       | 7/25 [43:23<1:30:13, 300.74s/it]Best trial: 38. Best value: 0.321173:  28%|██▊       | 7/25 [43:23<1:30:13, 300.74s/it]Best trial: 38. Best value: 0.321173:  32%|███▏      | 8/25 [43:23<1:20:15, 283.25s/it]                                                                                       Best trial: 38. Best value: 0.321173:  32%|███▏      | 8/25 [47:30<1:20:15, 283.25s/it]Best trial: 79. Best value: 0.327677:  32%|███▏      | 8/25 [47:30<1:20:15, 283.25s/it]Best trial: 79. Best value: 0.327677:  36%|███▌      | 9/25 [47:30<1:12:30, 271.90s/it]                                                                                       
creating index...
index created!
Loading and preparing results...
DONE (t=0.02s)
creating index...
index created!
Running per image evaluation...
Evaluate annotation type *bbox*
DONE (t=2.17s).
Accumulating evaluation results...
DONE (t=0.50s).
 Average Precision  (AP) @[ IoU=0.50:0.95 | area=   all | maxDets=100 ] = 0.112
 Average Precision  (AP) @[ IoU=0.50      | area=   all | maxDets=100 ] = 0.221
 Average Precision  (AP) @[ IoU=0.75      | area=   all | maxDets=100 ] = 0.096
 Average Precision  (AP) @[ IoU=0.50:0.95 | area= small | maxDets=100 ] = -1.000
 Average Precision  (AP) @[ IoU=0.50:0.95 | area=medium | maxDets=100 ] = 0.002
 Average Precision  (AP) @[ IoU=0.50:0.95 | area= large | maxDets=100 ] = 0.271
 Average Recall     (AR) @[ IoU=0.50:0.95 | area=   all | maxDets=  1 ] = 0.117
 Average Recall     (AR) @[ IoU=0.50:0.95 | area=   all | maxDets= 10 ] = 0.171
 Average Recall     (AR) @[ IoU=0.50:0.95 | area=   all | maxDets=100 ] = 0.171
 Average Recall     (AR) @[ IoU=0.50:0.95 | area= small | maxDets=100 ] = -1.000
 Average Recall     (AR) @[ IoU=0.50:0.95 | area=medium | maxDets=100 ] = 0.008
 Average Recall     (AR) @[ IoU=0.50:0.95 | area= large | maxDets=100 ] = 0.361
[I 2026-02-23 14:31:12,555] Trial 55 finished with value: 0.2205404712802111 and parameters: {'alpha': 6.187832630740096, 'std_bias': 1.3583597987241893, 'opening_size': 3, 'closing_size': 9, 'dilate_size': 9, 'remove_small_blobs': 750, 'area_min': 1919, 'area_max': 83817, 'aspect_ratio_min': 0.24177032743018514, 'aspect_ratio_max': 8.646551994887458, 'fill_ratio_min': 0.2548176161337288, 'n_frames': 3, 'temporal_threshold': 0.6402012327095797, 'merge_distance': 14}. Best is trial 38 with value: 0.32117286645295584.
creating index...
index created!
Loading and preparing results...
DONE (t=0.03s)
creating index...
index created!
Running per image evaluation...
Evaluate annotation type *bbox*
DONE (t=2.12s).
Accumulating evaluation results...
DONE (t=0.54s).
 Average Precision  (AP) @[ IoU=0.50:0.95 | area=   all | maxDets=100 ] = 0.112
 Average Precision  (AP) @[ IoU=0.50      | area=   all | maxDets=100 ] = 0.253
 Average Precision  (AP) @[ IoU=0.75      | area=   all | maxDets=100 ] = 0.080
 Average Precision  (AP) @[ IoU=0.50:0.95 | area= small | maxDets=100 ] = -1.000
 Average Precision  (AP) @[ IoU=0.50:0.95 | area=medium | maxDets=100 ] = 0.030
 Average Precision  (AP) @[ IoU=0.50:0.95 | area= large | maxDets=100 ] = 0.213
 Average Recall     (AR) @[ IoU=0.50:0.95 | area=   all | maxDets=  1 ] = 0.108
 Average Recall     (AR) @[ IoU=0.50:0.95 | area=   all | maxDets= 10 ] = 0.187
 Average Recall     (AR) @[ IoU=0.50:0.95 | area=   all | maxDets=100 ] = 0.187
 Average Recall     (AR) @[ IoU=0.50:0.95 | area= small | maxDets=100 ] = -1.000
 Average Recall     (AR) @[ IoU=0.50:0.95 | area=medium | maxDets=100 ] = 0.085
 Average Recall     (AR) @[ IoU=0.50:0.95 | area= large | maxDets=100 ] = 0.306
[I 2026-02-23 14:35:49,169] Trial 63 finished with value: 0.25272964575339735 and parameters: {'alpha': 4.012365508198259, 'std_bias': 1.8144281419700383, 'opening_size': 3, 'closing_size': 7, 'dilate_size': 7, 'remove_small_blobs': 584, 'area_min': 1749, 'area_max': 77252, 'aspect_ratio_min': 0.16466202059816468, 'aspect_ratio_max': 4.906025581828428, 'fill_ratio_min': 0.2798947357994517, 'n_frames': 2, 'temporal_threshold': 0.5485224967848131, 'merge_distance': 38}. Best is trial 38 with value: 0.32117286645295584.
creating index...
index created!
Loading and preparing results...
DONE (t=0.01s)
creating index...
index created!
Running per image evaluation...
Evaluate annotation type *bbox*
DONE (t=1.91s).
Accumulating evaluation results...
DONE (t=0.53s).
 Average Precision  (AP) @[ IoU=0.50:0.95 | area=   all | maxDets=100 ] = 0.088
 Average Precision  (AP) @[ IoU=0.50      | area=   all | maxDets=100 ] = 0.188
 Average Precision  (AP) @[ IoU=0.75      | area=   all | maxDets=100 ] = 0.069
 Average Precision  (AP) @[ IoU=0.50:0.95 | area= small | maxDets=100 ] = -1.000
 Average Precision  (AP) @[ IoU=0.50:0.95 | area=medium | maxDets=100 ] = 0.002
 Average Precision  (AP) @[ IoU=0.50:0.95 | area= large | maxDets=100 ] = 0.214
 Average Recall     (AR) @[ IoU=0.50:0.95 | area=   all | maxDets=  1 ] = 0.101
 Average Recall     (AR) @[ IoU=0.50:0.95 | area=   all | maxDets= 10 ] = 0.153
 Average Recall     (AR) @[ IoU=0.50:0.95 | area=   all | maxDets=100 ] = 0.153
 Average Recall     (AR) @[ IoU=0.50:0.95 | area= small | maxDets=100 ] = -1.000
 Average Recall     (AR) @[ IoU=0.50:0.95 | area=medium | maxDets=100 ] = 0.010
 Average Recall     (AR) @[ IoU=0.50:0.95 | area= large | maxDets=100 ] = 0.318
[I 2026-02-23 14:39:54,973] Trial 71 finished with value: 0.1877639245141599 and parameters: {'alpha': 4.661472912816878, 'std_bias': 2.369423311594513, 'opening_size': 7, 'closing_size': 20, 'dilate_size': 9, 'remove_small_blobs': 663, 'area_min': 1647, 'area_max': 101312, 'aspect_ratio_min': 0.24733561024172104, 'aspect_ratio_max': 6.079373355264624, 'fill_ratio_min': 0.2920209844842277, 'n_frames': 2, 'temporal_threshold': 0.5561057204546846, 'merge_distance': 36}. Best is trial 38 with value: 0.32117286645295584.
creating index...
index created!
Loading and preparing results...
DONE (t=0.01s)
creating index...
index created!
Running per image evaluation...
Evaluate annotation type *bbox*
DONE (t=2.14s).
Accumulating evaluation results...
DONE (t=0.37s).
 Average Precision  (AP) @[ IoU=0.50:0.95 | area=   all | maxDets=100 ] = 0.177
 Average Precision  (AP) @[ IoU=0.50      | area=   all | maxDets=100 ] = 0.328
 Average Precision  (AP) @[ IoU=0.75      | area=   all | maxDets=100 ] = 0.170
 Average Precision  (AP) @[ IoU=0.50:0.95 | area= small | maxDets=100 ] = -1.000
 Average Precision  (AP) @[ IoU=0.50:0.95 | area=medium | maxDets=100 ] = 0.033
 Average Precision  (AP) @[ IoU=0.50:0.95 | area= large | maxDets=100 ] = 0.354
 Average Recall     (AR) @[ IoU=0.50:0.95 | area=   all | maxDets=  1 ] = 0.140
 Average Recall     (AR) @[ IoU=0.50:0.95 | area=   all | maxDets= 10 ] = 0.248
 Average Recall     (AR) @[ IoU=0.50:0.95 | area=   all | maxDets=100 ] = 0.248
 Average Recall     (AR) @[ IoU=0.50:0.95 | area= small | maxDets=100 ] = -1.000
 Average Recall     (AR) @[ IoU=0.50:0.95 | area=medium | maxDets=100 ] = 0.076
 Average Recall     (AR) @[ IoU=0.50:0.95 | area= large | maxDets=100 ] = 0.448
[I 2026-02-23 14:44:01,913] Trial 79 finished with value: 0.3276770672641034 and parameters: {'alpha': 5.033364233044794, 'std_bias': 3.6423094574757746, 'opening_size': 3, 'closing_size': 20, 'dilate_size': 9, 'remove_small_blobs': 639, 'area_min': 1680, 'area_max': 95916, 'aspect_ratio_min': 0.23238463596580988, 'aspect_ratio_max': 5.489284777372368, 'fill_ratio_min': 0.29915170464868734, 'n_frames': 2, 'temporal_threshold': 0.5736449336253777, 'merge_distance': 29}. Best is trial 79 with value: 0.3276770672641034.
creating index...
index created!
Loading and preparing results...
DONE (t=0.02s)
creating index...
index created!
Running per image evaluation...
Evaluate annotation type *bbox*
DONE (t=2.51s).
Accumulating evaluation results...
DONE (t=0.38s).
 Average Precision  (AP) @[ IoU=0.50:0.95 | area=   all | maxDets=100 ] = 0.155
 Average Precision  (AP) @[ IoU=0.50      | area=   all | maxDets=100 ] = 0.281
 Average Precision  (AP) @[ IoU=0.75      | area=   all | maxDets=100 ] = 0.150
 Average Precision  (AP) @[ IoU=0.50:0.95 | area= small | maxDets=100 ] = -1.000
 Average Precision  (AP) @[ IoU=0.50:0.95 | area=medium | maxDets=100 ] = 0.010
 Average Precision  (AP) @[ IoU=0.50:0.95 | area= large | maxDets=100 ] = 0.402
 Average Recall     (AR) @[ IoU=0.50:0.95 | area=   all | maxDets=  1 ] = 0.121
 Average Recall     (AR) @[ IoU=0.50:0.95 | area=   all | maxDets= 10 ] = 0.255
 Average Recall     (AR) @[ IoU=0.50:0.95 | area=   all | maxDets=100 ] = 0.255
 Average Recall     (AR) @[ IoU=0.50:0.95 | area= small | maxDets=100 ] = -1.000
 Average Recall     (AR) @[ IoU=0.50:0.95 | area=medium | maxDets=100 ] = 0.056
 Average Recall     (AR) @[ IoU=0.50:0.95 | area= large | maxDets=100 ] = 0.487
