[I 2026-02-23 13:33:59,127] Trial 154 finished with value: 0.3120813722938217 and parameters: {'alpha': 2.6531956426904357, 'std_bias': 4.641609399191856, 'opening_size': 5, 'closing_size': 9, 'dilate_size': 9, 'remove_small_blobs': 508, 'area_min': 1417, 'area_max': 106544, 'aspect_ratio_min': 0.23718041738058057, 'aspect_ratio_max': 5.2772103560023815, 'fill_ratio_min': 0.27083552008819833, 'merge_distance': 30}. Best is trial 106 with value: 0.34930707775950676.Best trial: 106. Best value: 0.349307:  76%|███████▌  | 19/25 [1:21:26<23:51, 238.57s/it]Best trial: 106. Best value: 0.349307:  76%|███████▌  | 19/25 [1:21:26<23:51, 238.57s/it]Best trial: 106. Best value: 0.349307:  80%|████████  | 20/25 [1:21:26<20:21, 244.31s/it]                                                                                         Best trial: 106. Best value: 0.349307:  80%|████████  | 20/25 [1:25:55<20:21, 244.31s/it]Best trial: 106. Best value: 0.349307:  80%|████████  | 20/25 [1:25:55<20:21, 244.31s/it]Best trial: 106. Best value: 0.349307:  84%|████████▍ | 21/25 [1:25:55<16:46, 251.70s/it]                                                                                         Best trial: 106. Best value: 0.349307:  84%|████████▍ | 21/25 [1:30:00<16:46, 251.70s/it]Best trial: 106. Best value: 0.349307:  84%|████████▍ | 21/25 [1:30:00<16:46, 251.70s/it]Best trial: 106. Best value: 0.349307:  88%|████████▊ | 22/25 [1:30:00<12:28, 249.64s/it]                                                                                         Best trial: 106. Best value: 0.349307:  88%|████████▊ | 22/25 [1:34:02<12:28, 249.64s/it]Best trial: 106. Best value: 0.349307:  88%|████████▊ | 22/25 [1:34:02<12:28, 249.64s/it]Best trial: 106. Best value: 0.349307:  92%|█████████▏| 23/25 [1:34:02<08:14, 247.44s/it]                                                                                         Best trial: 106. Best value: 0.349307:  92%|█████████▏| 23/25 [1:37:51<08:14, 247.44s/it]Best trial: 106. Best value: 0.349307:  92%|█████████▏| 23/25 [1:37:51<08:14, 247.44s/it]Best trial: 106. Best value: 0.349307:  96%|█████████▌| 24/25 [1:37:51<04:02, 242.03s/it]                                                                                         
creating index...
index created!
Loading and preparing results...
DONE (t=0.02s)
creating index...
index created!
Running per image evaluation...
Evaluate annotation type *bbox*
DONE (t=2.94s).
Accumulating evaluation results...
DONE (t=0.43s).
 Average Precision  (AP) @[ IoU=0.50:0.95 | area=   all | maxDets=100 ] = 0.108
 Average Precision  (AP) @[ IoU=0.50      | area=   all | maxDets=100 ] = 0.256
 Average Precision  (AP) @[ IoU=0.75      | area=   all | maxDets=100 ] = 0.068
 Average Precision  (AP) @[ IoU=0.50:0.95 | area= small | maxDets=100 ] = -1.000
 Average Precision  (AP) @[ IoU=0.50:0.95 | area=medium | maxDets=100 ] = 0.082
 Average Precision  (AP) @[ IoU=0.50:0.95 | area= large | maxDets=100 ] = 0.144
 Average Recall     (AR) @[ IoU=0.50:0.95 | area=   all | maxDets=  1 ] = 0.099
 Average Recall     (AR) @[ IoU=0.50:0.95 | area=   all | maxDets= 10 ] = 0.256
 Average Recall     (AR) @[ IoU=0.50:0.95 | area=   all | maxDets=100 ] = 0.256
 Average Recall     (AR) @[ IoU=0.50:0.95 | area= small | maxDets=100 ] = -1.000
 Average Recall     (AR) @[ IoU=0.50:0.95 | area=medium | maxDets=100 ] = 0.253
 Average Recall     (AR) @[ IoU=0.50:0.95 | area= large | maxDets=100 ] = 0.260
[I 2026-02-23 13:38:28,049] Trial 163 finished with value: 0.25609409000403227 and parameters: {'alpha': 2.522850130130829, 'std_bias': 4.984992173890585, 'opening_size': 3, 'closing_size': 11, 'dilate_size': 9, 'remove_small_blobs': 648, 'area_min': 1618, 'area_max': 111904, 'aspect_ratio_min': 0.22414786124829533, 'aspect_ratio_max': 4.885913733800064, 'fill_ratio_min': 0.2496540477918864, 'merge_distance': 24}. Best is trial 106 with value: 0.34930707775950676.
creating index...
index created!
Loading and preparing results...
DONE (t=0.02s)
creating index...
index created!
Running per image evaluation...
Evaluate annotation type *bbox*
DONE (t=2.32s).
Accumulating evaluation results...
DONE (t=0.33s).
 Average Precision  (AP) @[ IoU=0.50:0.95 | area=   all | maxDets=100 ] = 0.128
 Average Precision  (AP) @[ IoU=0.50      | area=   all | maxDets=100 ] = 0.326
 Average Precision  (AP) @[ IoU=0.75      | area=   all | maxDets=100 ] = 0.075
 Average Precision  (AP) @[ IoU=0.50:0.95 | area= small | maxDets=100 ] = -1.000
 Average Precision  (AP) @[ IoU=0.50:0.95 | area=medium | maxDets=100 ] = 0.078
 Average Precision  (AP) @[ IoU=0.50:0.95 | area= large | maxDets=100 ] = 0.189
 Average Recall     (AR) @[ IoU=0.50:0.95 | area=   all | maxDets=  1 ] = 0.109
 Average Recall     (AR) @[ IoU=0.50:0.95 | area=   all | maxDets= 10 ] = 0.243
 Average Recall     (AR) @[ IoU=0.50:0.95 | area=   all | maxDets=100 ] = 0.243
 Average Recall     (AR) @[ IoU=0.50:0.95 | area= small | maxDets=100 ] = -1.000
 Average Recall     (AR) @[ IoU=0.50:0.95 | area=medium | maxDets=100 ] = 0.217
 Average Recall     (AR) @[ IoU=0.50:0.95 | area= large | maxDets=100 ] = 0.273
[I 2026-02-23 13:42:32,894] Trial 171 finished with value: 0.32578106189166267 and parameters: {'alpha': 2.2114829170429973, 'std_bias': 4.434799272694724, 'opening_size': 5, 'closing_size': 15, 'dilate_size': 7, 'remove_small_blobs': 608, 'area_min': 1478, 'area_max': 112275, 'aspect_ratio_min': 0.20408036976790112, 'aspect_ratio_max': 4.221657372647803, 'fill_ratio_min': 0.20486665244158944, 'merge_distance': 29}. Best is trial 106 with value: 0.34930707775950676.
creating index...
index created!
Loading and preparing results...
DONE (t=0.02s)
creating index...
index created!
Running per image evaluation...
Evaluate annotation type *bbox*
DONE (t=2.46s).
Accumulating evaluation results...
DONE (t=0.39s).
 Average Precision  (AP) @[ IoU=0.50:0.95 | area=   all | maxDets=100 ] = 0.130
 Average Precision  (AP) @[ IoU=0.50      | area=   all | maxDets=100 ] = 0.328
 Average Precision  (AP) @[ IoU=0.75      | area=   all | maxDets=100 ] = 0.079
 Average Precision  (AP) @[ IoU=0.50:0.95 | area= small | maxDets=100 ] = -1.000
 Average Precision  (AP) @[ IoU=0.50:0.95 | area=medium | maxDets=100 ] = 0.082
 Average Precision  (AP) @[ IoU=0.50:0.95 | area= large | maxDets=100 ] = 0.193
 Average Recall     (AR) @[ IoU=0.50:0.95 | area=   all | maxDets=  1 ] = 0.113
 Average Recall     (AR) @[ IoU=0.50:0.95 | area=   all | maxDets= 10 ] = 0.254
 Average Recall     (AR) @[ IoU=0.50:0.95 | area=   all | maxDets=100 ] = 0.254
 Average Recall     (AR) @[ IoU=0.50:0.95 | area= small | maxDets=100 ] = -1.000
 Average Recall     (AR) @[ IoU=0.50:0.95 | area=medium | maxDets=100 ] = 0.233
 Average Recall     (AR) @[ IoU=0.50:0.95 | area= large | maxDets=100 ] = 0.277
[I 2026-02-23 13:46:35,184] Trial 181 finished with value: 0.3275553460977248 and parameters: {'alpha': 2.1071508532342635, 'std_bias': 4.894644262092816, 'opening_size': 5, 'closing_size': 15, 'dilate_size': 7, 'remove_small_blobs': 576, 'area_min': 1541, 'area_max': 108583, 'aspect_ratio_min': 0.2458221685224758, 'aspect_ratio_max': 4.573639537367047, 'fill_ratio_min': 0.24184600267210404, 'merge_distance': 25}. Best is trial 106 with value: 0.34930707775950676.
creating index...
index created!
Loading and preparing results...
DONE (t=0.01s)
creating index...
index created!
Running per image evaluation...
Evaluate annotation type *bbox*
DONE (t=1.86s).
Accumulating evaluation results...
DONE (t=0.28s).
 Average Precision  (AP) @[ IoU=0.50:0.95 | area=   all | maxDets=100 ] = 0.150
 Average Precision  (AP) @[ IoU=0.50      | area=   all | maxDets=100 ] = 0.325
 Average Precision  (AP) @[ IoU=0.75      | area=   all | maxDets=100 ] = 0.114
 Average Precision  (AP) @[ IoU=0.50:0.95 | area= small | maxDets=100 ] = -1.000
 Average Precision  (AP) @[ IoU=0.50:0.95 | area=medium | maxDets=100 ] = 0.030
 Average Precision  (AP) @[ IoU=0.50:0.95 | area= large | maxDets=100 ] = 0.288
 Average Recall     (AR) @[ IoU=0.50:0.95 | area=   all | maxDets=  1 ] = 0.128
 Average Recall     (AR) @[ IoU=0.50:0.95 | area=   all | maxDets= 10 ] = 0.211
 Average Recall     (AR) @[ IoU=0.50:0.95 | area=   all | maxDets=100 ] = 0.211
 Average Recall     (AR) @[ IoU=0.50:0.95 | area= small | maxDets=100 ] = -1.000
 Average Recall     (AR) @[ IoU=0.50:0.95 | area=medium | maxDets=100 ] = 0.076
 Average Recall     (AR) @[ IoU=0.50:0.95 | area= large | maxDets=100 ] = 0.369
[I 2026-02-23 13:50:24,614] Trial 188 finished with value: 0.3252800484478252 and parameters: {'alpha': 2.91598508047838, 'std_bias': 4.8421567258282225, 'opening_size': 5, 'closing_size': 15, 'dilate_size': 7, 'remove_small_blobs': 643, 'area_min': 1956, 'area_max': 109535, 'aspect_ratio_min': 0.14780722120864687, 'aspect_ratio_max': 4.611021084312503, 'fill_ratio_min': 0.2300333510742962, 'merge_distance': 27}. Best is trial 106 with value: 0.34930707775950676.
creating index...
index created!
Loading and preparing results...
DONE (t=0.01s)
creating index...
index created!
Running per image evaluation...
Evaluate annotation type *bbox*
DONE (t=1.66s).
Accumulating evaluation results...
DONE (t=0.29s).
 Average Precision  (AP) @[ IoU=0.50:0.95 | area=   all | maxDets=100 ] = 0.150
 Average Precision  (AP) @[ IoU=0.50      | area=   all | maxDets=100 ] = 0.318
 Average Precision  (AP) @[ IoU=0.75      | area=   all | maxDets=100 ] = 0.122
 Average Precision  (AP) @[ IoU=0.50:0.95 | area= small | maxDets=100 ] = -1.000
 Average Precision  (AP) @[ IoU=0.50:0.95 | area=medium | maxDets=100 ] = 0.021
 Average Precision  (AP) @[ IoU=0.50:0.95 | area= large | maxDets=100 ] = 0.305
 Average Recall     (AR) @[ IoU=0.50:0.95 | area=   all | maxDets=  1 ] = 0.125
 Average Recall     (AR) @[ IoU=0.50:0.95 | area=   all | maxDets= 10 ] = 0.217
 Average Recall     (AR) @[ IoU=0.50:0.95 | area=   all | maxDets=100 ] = 0.217
 Average Recall     (AR) @[ IoU=0.50:0.95 | area= small | maxDets=100 ] = -1.000
 Average Recall     (AR) @[ IoU=0.50:0.95 | area=medium | maxDets=100 ] = 0.064
 Average Recall     (AR) @[ IoU=0.50:0.95 | area= large | maxDets=100 ] = 0.394
[I 2026-02-23 13:53:58,864] Trial 195 finished with value: 0.3182835055097497 and parameters: {'alpha': 3.2664988427953494, 'std_bias': 4.704474259341113, 'opening_size': 5, 'closing_size': 15, 'dilate_size': 7, 'remove_small_blobs': 550, 'area_min': 1510, 'area_max': 104502, 'aspect_ratio_min': 0.23900334842357843, 'aspect_ratio_max': 5.032261472464475, 'fill_ratio_min': 0.24607111977245677, 'merge_distance': 26}. Best is trial 106 with value: 0.34930707775950676.Best trial: 106. Best value: 0.349307:  96%|█████████▌| 24/25 [1:41:26<04:02, 242.03s/it]Best trial: 106. Best value: 0.349307:  96%|█████████▌| 24/25 [1:41:26<04:02, 242.03s/it]Best trial: 106. Best value: 0.349307: 100%|██████████| 25/25 [1:41:26<00:00, 233.70s/it]Best trial: 106. Best value: 0.349307: 100%|██████████| 25/25 [1:41:26<00:00, 243.45s/it]


================================================================================
OPTIMIZATION COMPLETE
================================================================================

Best AP50: 0.3493

Best hyperparameters:
  alpha: 2.840026271930218
  std_bias: 4.769977313430562
  opening_size: 5
  closing_size: 15
  dilate_size: 9
  remove_small_blobs: 632
  area_min: 1550
  area_max: 109499
  aspect_ratio_min: 0.22118807684047892
  aspect_ratio_max: 4.474026431574192
  fill_ratio_min: 0.20821692159573382
  merge_distance: 28

Total trials completed: 200
Results saved to: optuna_still_no_temporal.db

To visualize results, use optuna-dashboard:
  optuna-dashboard sqlite:///optuna_still_no_temporal.db
